[2023-09-19T14:38:19.014+0000] {processor.py:157} INFO - Started process (PID=663) to work on /opt/airflow/dags/first.py
[2023-09-19T14:38:19.015+0000] {processor.py:829} INFO - Processing file /opt/airflow/dags/first.py for tasks to queue
[2023-09-19T14:38:19.015+0000] {logging_mixin.py:151} INFO - [2023-09-19T14:38:19.015+0000] {dagbag.py:539} INFO - Filling up the DagBag from /opt/airflow/dags/first.py
[2023-09-19T14:38:19.040+0000] {processor.py:839} INFO - DAG(s) dict_keys(['first_dag']) retrieved from /opt/airflow/dags/first.py
[2023-09-19T14:38:19.229+0000] {logging_mixin.py:151} INFO - [2023-09-19T14:38:19.228+0000] {manager.py:499} INFO - Created Permission View: %s
[2023-09-19T14:38:19.239+0000] {logging_mixin.py:151} INFO - [2023-09-19T14:38:19.238+0000] {manager.py:499} INFO - Created Permission View: %s
[2023-09-19T14:38:19.247+0000] {logging_mixin.py:151} INFO - [2023-09-19T14:38:19.247+0000] {manager.py:499} INFO - Created Permission View: %s
[2023-09-19T14:38:19.247+0000] {logging_mixin.py:151} INFO - [2023-09-19T14:38:19.247+0000] {security.py:708} INFO - Not syncing DAG-level permissions for DAG 'DAG:first_dag' as access control is unset.
[2023-09-19T14:38:19.247+0000] {logging_mixin.py:151} INFO - [2023-09-19T14:38:19.247+0000] {dag.py:2915} INFO - Sync 1 DAGs
[2023-09-19T14:38:19.256+0000] {logging_mixin.py:151} INFO - [2023-09-19T14:38:19.256+0000] {dag.py:2937} INFO - Creating ORM DAG for first_dag
[2023-09-19T14:38:19.264+0000] {logging_mixin.py:151} INFO - [2023-09-19T14:38:19.264+0000] {dag.py:3696} INFO - Setting next_dagrun for first_dag to 2023-09-20T00:00:00+00:00, run_after=2023-09-21T00:00:00+00:00
[2023-09-19T14:38:19.281+0000] {processor.py:179} INFO - Processing /opt/airflow/dags/first.py took 0.269 seconds
[2023-09-19T14:38:49.393+0000] {processor.py:157} INFO - Started process (PID=675) to work on /opt/airflow/dags/first.py
[2023-09-19T14:38:49.394+0000] {processor.py:829} INFO - Processing file /opt/airflow/dags/first.py for tasks to queue
[2023-09-19T14:38:49.395+0000] {logging_mixin.py:151} INFO - [2023-09-19T14:38:49.394+0000] {dagbag.py:539} INFO - Filling up the DagBag from /opt/airflow/dags/first.py
[2023-09-19T14:38:49.403+0000] {processor.py:839} INFO - DAG(s) dict_keys(['first_dag']) retrieved from /opt/airflow/dags/first.py
[2023-09-19T14:38:49.424+0000] {logging_mixin.py:151} INFO - [2023-09-19T14:38:49.423+0000] {dag.py:2915} INFO - Sync 1 DAGs
[2023-09-19T14:38:49.440+0000] {logging_mixin.py:151} INFO - [2023-09-19T14:38:49.440+0000] {dag.py:3696} INFO - Setting next_dagrun for first_dag to 2023-09-20T00:00:00+00:00, run_after=2023-09-21T00:00:00+00:00
[2023-09-19T14:38:49.454+0000] {processor.py:179} INFO - Processing /opt/airflow/dags/first.py took 0.064 seconds
[2023-09-19T14:39:19.513+0000] {processor.py:157} INFO - Started process (PID=687) to work on /opt/airflow/dags/first.py
[2023-09-19T14:39:19.516+0000] {processor.py:829} INFO - Processing file /opt/airflow/dags/first.py for tasks to queue
[2023-09-19T14:39:19.516+0000] {logging_mixin.py:151} INFO - [2023-09-19T14:39:19.516+0000] {dagbag.py:539} INFO - Filling up the DagBag from /opt/airflow/dags/first.py
[2023-09-19T14:39:19.524+0000] {processor.py:839} INFO - DAG(s) dict_keys(['first_dag']) retrieved from /opt/airflow/dags/first.py
[2023-09-19T14:39:19.543+0000] {logging_mixin.py:151} INFO - [2023-09-19T14:39:19.543+0000] {dag.py:2915} INFO - Sync 1 DAGs
[2023-09-19T14:39:19.561+0000] {logging_mixin.py:151} INFO - [2023-09-19T14:39:19.561+0000] {dag.py:3696} INFO - Setting next_dagrun for first_dag to 2023-09-20T00:00:00+00:00, run_after=2023-09-21T00:00:00+00:00
[2023-09-19T14:39:19.576+0000] {processor.py:179} INFO - Processing /opt/airflow/dags/first.py took 0.065 seconds
[2023-09-19T14:39:49.675+0000] {processor.py:157} INFO - Started process (PID=699) to work on /opt/airflow/dags/first.py
[2023-09-19T14:39:49.676+0000] {processor.py:829} INFO - Processing file /opt/airflow/dags/first.py for tasks to queue
[2023-09-19T14:39:49.676+0000] {logging_mixin.py:151} INFO - [2023-09-19T14:39:49.676+0000] {dagbag.py:539} INFO - Filling up the DagBag from /opt/airflow/dags/first.py
[2023-09-19T14:39:49.684+0000] {processor.py:839} INFO - DAG(s) dict_keys(['first_dag']) retrieved from /opt/airflow/dags/first.py
[2023-09-19T14:39:49.702+0000] {logging_mixin.py:151} INFO - [2023-09-19T14:39:49.701+0000] {dag.py:2915} INFO - Sync 1 DAGs
[2023-09-19T14:39:49.719+0000] {logging_mixin.py:151} INFO - [2023-09-19T14:39:49.719+0000] {dag.py:3696} INFO - Setting next_dagrun for first_dag to 2023-09-20T00:00:00+00:00, run_after=2023-09-21T00:00:00+00:00
[2023-09-19T14:39:49.735+0000] {processor.py:179} INFO - Processing /opt/airflow/dags/first.py took 0.062 seconds
[2023-09-19T14:40:19.789+0000] {processor.py:157} INFO - Started process (PID=711) to work on /opt/airflow/dags/first.py
[2023-09-19T14:40:19.790+0000] {processor.py:829} INFO - Processing file /opt/airflow/dags/first.py for tasks to queue
[2023-09-19T14:40:19.791+0000] {logging_mixin.py:151} INFO - [2023-09-19T14:40:19.791+0000] {dagbag.py:539} INFO - Filling up the DagBag from /opt/airflow/dags/first.py
[2023-09-19T14:40:19.801+0000] {processor.py:839} INFO - DAG(s) dict_keys(['first_dag']) retrieved from /opt/airflow/dags/first.py
[2023-09-19T14:40:19.824+0000] {logging_mixin.py:151} INFO - [2023-09-19T14:40:19.824+0000] {dag.py:2915} INFO - Sync 1 DAGs
[2023-09-19T14:40:19.841+0000] {logging_mixin.py:151} INFO - [2023-09-19T14:40:19.841+0000] {dag.py:3696} INFO - Setting next_dagrun for first_dag to 2023-09-20T00:00:00+00:00, run_after=2023-09-21T00:00:00+00:00
[2023-09-19T14:40:19.856+0000] {processor.py:179} INFO - Processing /opt/airflow/dags/first.py took 0.071 seconds
[2023-09-19T14:40:49.951+0000] {processor.py:157} INFO - Started process (PID=723) to work on /opt/airflow/dags/first.py
[2023-09-19T14:40:49.952+0000] {processor.py:829} INFO - Processing file /opt/airflow/dags/first.py for tasks to queue
[2023-09-19T14:40:49.952+0000] {logging_mixin.py:151} INFO - [2023-09-19T14:40:49.952+0000] {dagbag.py:539} INFO - Filling up the DagBag from /opt/airflow/dags/first.py
[2023-09-19T14:40:49.961+0000] {processor.py:839} INFO - DAG(s) dict_keys(['first_dag']) retrieved from /opt/airflow/dags/first.py
[2023-09-19T14:40:49.980+0000] {logging_mixin.py:151} INFO - [2023-09-19T14:40:49.980+0000] {dag.py:2915} INFO - Sync 1 DAGs
[2023-09-19T14:40:49.999+0000] {logging_mixin.py:151} INFO - [2023-09-19T14:40:49.999+0000] {dag.py:3696} INFO - Setting next_dagrun for first_dag to 2023-09-20T00:00:00+00:00, run_after=2023-09-21T00:00:00+00:00
[2023-09-19T14:40:50.015+0000] {processor.py:179} INFO - Processing /opt/airflow/dags/first.py took 0.065 seconds
[2023-09-19T14:41:20.080+0000] {processor.py:157} INFO - Started process (PID=735) to work on /opt/airflow/dags/first.py
[2023-09-19T14:41:20.083+0000] {processor.py:829} INFO - Processing file /opt/airflow/dags/first.py for tasks to queue
[2023-09-19T14:41:20.086+0000] {logging_mixin.py:151} INFO - [2023-09-19T14:41:20.085+0000] {dagbag.py:539} INFO - Filling up the DagBag from /opt/airflow/dags/first.py
[2023-09-19T14:41:20.098+0000] {processor.py:839} INFO - DAG(s) dict_keys(['first_dag']) retrieved from /opt/airflow/dags/first.py
[2023-09-19T14:41:20.123+0000] {logging_mixin.py:151} INFO - [2023-09-19T14:41:20.123+0000] {dag.py:2915} INFO - Sync 1 DAGs
[2023-09-19T14:41:20.148+0000] {logging_mixin.py:151} INFO - [2023-09-19T14:41:20.148+0000] {dag.py:3696} INFO - Setting next_dagrun for first_dag to 2023-09-20T00:00:00+00:00, run_after=2023-09-21T00:00:00+00:00
[2023-09-19T14:41:20.172+0000] {processor.py:179} INFO - Processing /opt/airflow/dags/first.py took 0.096 seconds
[2023-09-19T14:41:50.246+0000] {processor.py:157} INFO - Started process (PID=747) to work on /opt/airflow/dags/first.py
[2023-09-19T14:41:50.248+0000] {processor.py:829} INFO - Processing file /opt/airflow/dags/first.py for tasks to queue
[2023-09-19T14:41:50.249+0000] {logging_mixin.py:151} INFO - [2023-09-19T14:41:50.248+0000] {dagbag.py:539} INFO - Filling up the DagBag from /opt/airflow/dags/first.py
[2023-09-19T14:41:50.258+0000] {processor.py:839} INFO - DAG(s) dict_keys(['first_dag']) retrieved from /opt/airflow/dags/first.py
[2023-09-19T14:41:50.282+0000] {logging_mixin.py:151} INFO - [2023-09-19T14:41:50.282+0000] {dag.py:2915} INFO - Sync 1 DAGs
[2023-09-19T14:41:50.305+0000] {logging_mixin.py:151} INFO - [2023-09-19T14:41:50.305+0000] {dag.py:3696} INFO - Setting next_dagrun for first_dag to 2023-09-20T00:00:00+00:00, run_after=2023-09-21T00:00:00+00:00
[2023-09-19T14:41:50.325+0000] {processor.py:179} INFO - Processing /opt/airflow/dags/first.py took 0.083 seconds
[2023-09-19T14:42:20.415+0000] {processor.py:157} INFO - Started process (PID=759) to work on /opt/airflow/dags/first.py
[2023-09-19T14:42:20.416+0000] {processor.py:829} INFO - Processing file /opt/airflow/dags/first.py for tasks to queue
[2023-09-19T14:42:20.417+0000] {logging_mixin.py:151} INFO - [2023-09-19T14:42:20.416+0000] {dagbag.py:539} INFO - Filling up the DagBag from /opt/airflow/dags/first.py
[2023-09-19T14:42:20.425+0000] {processor.py:839} INFO - DAG(s) dict_keys(['first_dag']) retrieved from /opt/airflow/dags/first.py
[2023-09-19T14:42:20.449+0000] {logging_mixin.py:151} INFO - [2023-09-19T14:42:20.449+0000] {dag.py:2915} INFO - Sync 1 DAGs
[2023-09-19T14:42:20.467+0000] {logging_mixin.py:151} INFO - [2023-09-19T14:42:20.467+0000] {dag.py:3696} INFO - Setting next_dagrun for first_dag to 2023-09-20T00:00:00+00:00, run_after=2023-09-21T00:00:00+00:00
[2023-09-19T14:42:20.485+0000] {processor.py:179} INFO - Processing /opt/airflow/dags/first.py took 0.073 seconds
[2023-09-19T14:42:50.573+0000] {processor.py:157} INFO - Started process (PID=771) to work on /opt/airflow/dags/first.py
[2023-09-19T14:42:50.575+0000] {processor.py:829} INFO - Processing file /opt/airflow/dags/first.py for tasks to queue
[2023-09-19T14:42:50.575+0000] {logging_mixin.py:151} INFO - [2023-09-19T14:42:50.575+0000] {dagbag.py:539} INFO - Filling up the DagBag from /opt/airflow/dags/first.py
[2023-09-19T14:42:50.585+0000] {processor.py:839} INFO - DAG(s) dict_keys(['first_dag']) retrieved from /opt/airflow/dags/first.py
[2023-09-19T14:42:50.606+0000] {logging_mixin.py:151} INFO - [2023-09-19T14:42:50.606+0000] {dag.py:2915} INFO - Sync 1 DAGs
[2023-09-19T14:42:50.624+0000] {logging_mixin.py:151} INFO - [2023-09-19T14:42:50.624+0000] {dag.py:3696} INFO - Setting next_dagrun for first_dag to 2023-09-20T00:00:00+00:00, run_after=2023-09-21T00:00:00+00:00
[2023-09-19T14:42:50.647+0000] {processor.py:179} INFO - Processing /opt/airflow/dags/first.py took 0.076 seconds
[2023-09-19T14:43:20.761+0000] {processor.py:157} INFO - Started process (PID=788) to work on /opt/airflow/dags/first.py
[2023-09-19T14:43:20.762+0000] {processor.py:829} INFO - Processing file /opt/airflow/dags/first.py for tasks to queue
[2023-09-19T14:43:20.762+0000] {logging_mixin.py:151} INFO - [2023-09-19T14:43:20.762+0000] {dagbag.py:539} INFO - Filling up the DagBag from /opt/airflow/dags/first.py
[2023-09-19T14:43:20.773+0000] {processor.py:839} INFO - DAG(s) dict_keys(['first_dag']) retrieved from /opt/airflow/dags/first.py
[2023-09-19T14:43:20.795+0000] {logging_mixin.py:151} INFO - [2023-09-19T14:43:20.794+0000] {dag.py:2915} INFO - Sync 1 DAGs
[2023-09-19T14:43:20.818+0000] {logging_mixin.py:151} INFO - [2023-09-19T14:43:20.817+0000] {dag.py:3696} INFO - Setting next_dagrun for first_dag to 2023-09-20T00:00:00+00:00, run_after=2023-09-21T00:00:00+00:00
[2023-09-19T14:43:20.837+0000] {processor.py:179} INFO - Processing /opt/airflow/dags/first.py took 0.078 seconds
[2023-09-19T14:43:50.959+0000] {processor.py:157} INFO - Started process (PID=808) to work on /opt/airflow/dags/first.py
[2023-09-19T14:43:50.961+0000] {processor.py:829} INFO - Processing file /opt/airflow/dags/first.py for tasks to queue
[2023-09-19T14:43:50.962+0000] {logging_mixin.py:151} INFO - [2023-09-19T14:43:50.961+0000] {dagbag.py:539} INFO - Filling up the DagBag from /opt/airflow/dags/first.py
[2023-09-19T14:43:50.972+0000] {processor.py:839} INFO - DAG(s) dict_keys(['first_dag']) retrieved from /opt/airflow/dags/first.py
[2023-09-19T14:43:50.998+0000] {logging_mixin.py:151} INFO - [2023-09-19T14:43:50.997+0000] {dag.py:2915} INFO - Sync 1 DAGs
[2023-09-19T14:43:51.018+0000] {logging_mixin.py:151} INFO - [2023-09-19T14:43:51.018+0000] {dag.py:3696} INFO - Setting next_dagrun for first_dag to 2023-09-20T00:00:00+00:00, run_after=2023-09-21T00:00:00+00:00
[2023-09-19T14:43:51.035+0000] {processor.py:179} INFO - Processing /opt/airflow/dags/first.py took 0.078 seconds
[2023-09-19T14:44:21.144+0000] {processor.py:157} INFO - Started process (PID=825) to work on /opt/airflow/dags/first.py
[2023-09-19T14:44:21.145+0000] {processor.py:829} INFO - Processing file /opt/airflow/dags/first.py for tasks to queue
[2023-09-19T14:44:21.146+0000] {logging_mixin.py:151} INFO - [2023-09-19T14:44:21.145+0000] {dagbag.py:539} INFO - Filling up the DagBag from /opt/airflow/dags/first.py
[2023-09-19T14:44:21.154+0000] {processor.py:839} INFO - DAG(s) dict_keys(['first_dag']) retrieved from /opt/airflow/dags/first.py
[2023-09-19T14:44:21.174+0000] {logging_mixin.py:151} INFO - [2023-09-19T14:44:21.174+0000] {dag.py:2915} INFO - Sync 1 DAGs
[2023-09-19T14:44:21.189+0000] {logging_mixin.py:151} INFO - [2023-09-19T14:44:21.189+0000] {dag.py:3696} INFO - Setting next_dagrun for first_dag to 2023-09-20T00:00:00+00:00, run_after=2023-09-21T00:00:00+00:00
[2023-09-19T14:44:21.205+0000] {processor.py:179} INFO - Processing /opt/airflow/dags/first.py took 0.063 seconds
[2023-09-19T14:44:51.314+0000] {processor.py:157} INFO - Started process (PID=842) to work on /opt/airflow/dags/first.py
[2023-09-19T14:44:51.315+0000] {processor.py:829} INFO - Processing file /opt/airflow/dags/first.py for tasks to queue
[2023-09-19T14:44:51.316+0000] {logging_mixin.py:151} INFO - [2023-09-19T14:44:51.315+0000] {dagbag.py:539} INFO - Filling up the DagBag from /opt/airflow/dags/first.py
[2023-09-19T14:44:51.326+0000] {processor.py:839} INFO - DAG(s) dict_keys(['first_dag']) retrieved from /opt/airflow/dags/first.py
[2023-09-19T14:44:51.347+0000] {logging_mixin.py:151} INFO - [2023-09-19T14:44:51.347+0000] {dag.py:2915} INFO - Sync 1 DAGs
[2023-09-19T14:44:51.368+0000] {logging_mixin.py:151} INFO - [2023-09-19T14:44:51.368+0000] {dag.py:3696} INFO - Setting next_dagrun for first_dag to 2023-09-20T00:00:00+00:00, run_after=2023-09-21T00:00:00+00:00
[2023-09-19T14:44:51.385+0000] {processor.py:179} INFO - Processing /opt/airflow/dags/first.py took 0.074 seconds
[2023-09-19T14:45:21.514+0000] {processor.py:157} INFO - Started process (PID=859) to work on /opt/airflow/dags/first.py
[2023-09-19T14:45:21.515+0000] {processor.py:829} INFO - Processing file /opt/airflow/dags/first.py for tasks to queue
[2023-09-19T14:45:21.516+0000] {logging_mixin.py:151} INFO - [2023-09-19T14:45:21.516+0000] {dagbag.py:539} INFO - Filling up the DagBag from /opt/airflow/dags/first.py
[2023-09-19T14:45:21.527+0000] {processor.py:839} INFO - DAG(s) dict_keys(['first_dag']) retrieved from /opt/airflow/dags/first.py
[2023-09-19T14:45:21.550+0000] {logging_mixin.py:151} INFO - [2023-09-19T14:45:21.550+0000] {dag.py:2915} INFO - Sync 1 DAGs
[2023-09-19T14:45:21.566+0000] {logging_mixin.py:151} INFO - [2023-09-19T14:45:21.566+0000] {dag.py:3696} INFO - Setting next_dagrun for first_dag to 2023-09-20T00:00:00+00:00, run_after=2023-09-21T00:00:00+00:00
[2023-09-19T14:45:21.583+0000] {processor.py:179} INFO - Processing /opt/airflow/dags/first.py took 0.071 seconds
[2023-09-19T14:45:51.743+0000] {processor.py:157} INFO - Started process (PID=876) to work on /opt/airflow/dags/first.py
[2023-09-19T14:45:51.750+0000] {processor.py:829} INFO - Processing file /opt/airflow/dags/first.py for tasks to queue
[2023-09-19T14:45:51.751+0000] {logging_mixin.py:151} INFO - [2023-09-19T14:45:51.751+0000] {dagbag.py:539} INFO - Filling up the DagBag from /opt/airflow/dags/first.py
[2023-09-19T14:45:51.765+0000] {processor.py:839} INFO - DAG(s) dict_keys(['first_dag']) retrieved from /opt/airflow/dags/first.py
[2023-09-19T14:45:51.789+0000] {logging_mixin.py:151} INFO - [2023-09-19T14:45:51.789+0000] {dag.py:2915} INFO - Sync 1 DAGs
[2023-09-19T14:45:51.811+0000] {logging_mixin.py:151} INFO - [2023-09-19T14:45:51.811+0000] {dag.py:3696} INFO - Setting next_dagrun for first_dag to 2023-09-20T00:00:00+00:00, run_after=2023-09-21T00:00:00+00:00
[2023-09-19T14:45:52.130+0000] {processor.py:179} INFO - Processing /opt/airflow/dags/first.py took 0.394 seconds
[2023-09-19T14:46:22.954+0000] {processor.py:157} INFO - Started process (PID=893) to work on /opt/airflow/dags/first.py
[2023-09-19T14:46:22.955+0000] {processor.py:829} INFO - Processing file /opt/airflow/dags/first.py for tasks to queue
[2023-09-19T14:46:22.955+0000] {logging_mixin.py:151} INFO - [2023-09-19T14:46:22.955+0000] {dagbag.py:539} INFO - Filling up the DagBag from /opt/airflow/dags/first.py
[2023-09-19T14:46:22.964+0000] {processor.py:839} INFO - DAG(s) dict_keys(['first_dag']) retrieved from /opt/airflow/dags/first.py
[2023-09-19T14:46:22.982+0000] {logging_mixin.py:151} INFO - [2023-09-19T14:46:22.981+0000] {dag.py:2915} INFO - Sync 1 DAGs
[2023-09-19T14:46:22.996+0000] {logging_mixin.py:151} INFO - [2023-09-19T14:46:22.996+0000] {dag.py:3696} INFO - Setting next_dagrun for first_dag to 2023-09-20T00:00:00+00:00, run_after=2023-09-21T00:00:00+00:00
[2023-09-19T14:46:23.012+0000] {processor.py:179} INFO - Processing /opt/airflow/dags/first.py took 0.061 seconds
