[2023-09-19T14:43:19.738+0000] {processor.py:157} INFO - Started process (PID=783) to work on /opt/airflow/dags/tw.py
[2023-09-19T14:43:19.739+0000] {processor.py:829} INFO - Processing file /opt/airflow/dags/tw.py for tasks to queue
[2023-09-19T14:43:19.740+0000] {logging_mixin.py:151} INFO - [2023-09-19T14:43:19.739+0000] {dagbag.py:539} INFO - Filling up the DagBag from /opt/airflow/dags/tw.py
[2023-09-19T14:43:19.750+0000] {processor.py:839} INFO - DAG(s) dict_keys(['first1_dag']) retrieved from /opt/airflow/dags/tw.py
[2023-09-19T14:43:19.842+0000] {logging_mixin.py:151} INFO - [2023-09-19T14:43:19.842+0000] {manager.py:499} INFO - Created Permission View: %s
[2023-09-19T14:43:19.853+0000] {logging_mixin.py:151} INFO - [2023-09-19T14:43:19.853+0000] {manager.py:499} INFO - Created Permission View: %s
[2023-09-19T14:43:19.863+0000] {logging_mixin.py:151} INFO - [2023-09-19T14:43:19.862+0000] {manager.py:499} INFO - Created Permission View: %s
[2023-09-19T14:43:19.863+0000] {logging_mixin.py:151} INFO - [2023-09-19T14:43:19.863+0000] {security.py:708} INFO - Not syncing DAG-level permissions for DAG 'DAG:first1_dag' as access control is unset.
[2023-09-19T14:43:19.863+0000] {logging_mixin.py:151} INFO - [2023-09-19T14:43:19.863+0000] {dag.py:2915} INFO - Sync 1 DAGs
[2023-09-19T14:43:19.876+0000] {logging_mixin.py:151} INFO - [2023-09-19T14:43:19.875+0000] {dag.py:2937} INFO - Creating ORM DAG for first1_dag
[2023-09-19T14:43:19.885+0000] {logging_mixin.py:151} INFO - [2023-09-19T14:43:19.885+0000] {dag.py:3696} INFO - Setting next_dagrun for first1_dag to 2023-09-20T00:00:00+00:00, run_after=2023-09-21T00:00:00+00:00
[2023-09-19T14:43:19.901+0000] {processor.py:179} INFO - Processing /opt/airflow/dags/tw.py took 0.165 seconds
[2023-09-19T14:43:49.950+0000] {processor.py:157} INFO - Started process (PID=803) to work on /opt/airflow/dags/tw.py
[2023-09-19T14:43:49.951+0000] {processor.py:829} INFO - Processing file /opt/airflow/dags/tw.py for tasks to queue
[2023-09-19T14:43:49.952+0000] {logging_mixin.py:151} INFO - [2023-09-19T14:43:49.951+0000] {dagbag.py:539} INFO - Filling up the DagBag from /opt/airflow/dags/tw.py
[2023-09-19T14:43:49.962+0000] {processor.py:839} INFO - DAG(s) dict_keys(['first1_dag']) retrieved from /opt/airflow/dags/tw.py
[2023-09-19T14:43:49.986+0000] {logging_mixin.py:151} INFO - [2023-09-19T14:43:49.986+0000] {dag.py:2915} INFO - Sync 1 DAGs
[2023-09-19T14:43:50.008+0000] {logging_mixin.py:151} INFO - [2023-09-19T14:43:50.008+0000] {dag.py:3696} INFO - Setting next_dagrun for first1_dag to 2023-09-20T00:00:00+00:00, run_after=2023-09-21T00:00:00+00:00
[2023-09-19T14:43:50.029+0000] {processor.py:179} INFO - Processing /opt/airflow/dags/tw.py took 0.081 seconds
[2023-09-19T14:44:20.071+0000] {processor.py:157} INFO - Started process (PID=820) to work on /opt/airflow/dags/tw.py
[2023-09-19T14:44:20.072+0000] {processor.py:829} INFO - Processing file /opt/airflow/dags/tw.py for tasks to queue
[2023-09-19T14:44:20.073+0000] {logging_mixin.py:151} INFO - [2023-09-19T14:44:20.072+0000] {dagbag.py:539} INFO - Filling up the DagBag from /opt/airflow/dags/tw.py
[2023-09-19T14:44:20.082+0000] {processor.py:839} INFO - DAG(s) dict_keys(['first1_dag']) retrieved from /opt/airflow/dags/tw.py
[2023-09-19T14:44:20.101+0000] {logging_mixin.py:151} INFO - [2023-09-19T14:44:20.101+0000] {dag.py:2915} INFO - Sync 1 DAGs
[2023-09-19T14:44:20.117+0000] {logging_mixin.py:151} INFO - [2023-09-19T14:44:20.117+0000] {dag.py:3696} INFO - Setting next_dagrun for first1_dag to 2023-09-20T00:00:00+00:00, run_after=2023-09-21T00:00:00+00:00
[2023-09-19T14:44:20.135+0000] {processor.py:179} INFO - Processing /opt/airflow/dags/tw.py took 0.067 seconds
[2023-09-19T14:44:50.275+0000] {processor.py:157} INFO - Started process (PID=837) to work on /opt/airflow/dags/tw.py
[2023-09-19T14:44:50.275+0000] {processor.py:829} INFO - Processing file /opt/airflow/dags/tw.py for tasks to queue
[2023-09-19T14:44:50.276+0000] {logging_mixin.py:151} INFO - [2023-09-19T14:44:50.276+0000] {dagbag.py:539} INFO - Filling up the DagBag from /opt/airflow/dags/tw.py
[2023-09-19T14:44:50.286+0000] {processor.py:839} INFO - DAG(s) dict_keys(['first1_dag']) retrieved from /opt/airflow/dags/tw.py
[2023-09-19T14:44:50.309+0000] {logging_mixin.py:151} INFO - [2023-09-19T14:44:50.308+0000] {dag.py:2915} INFO - Sync 1 DAGs
[2023-09-19T14:44:50.326+0000] {logging_mixin.py:151} INFO - [2023-09-19T14:44:50.326+0000] {dag.py:3696} INFO - Setting next_dagrun for first1_dag to 2023-09-20T00:00:00+00:00, run_after=2023-09-21T00:00:00+00:00
[2023-09-19T14:44:50.342+0000] {processor.py:179} INFO - Processing /opt/airflow/dags/tw.py took 0.069 seconds
[2023-09-19T14:45:20.502+0000] {processor.py:157} INFO - Started process (PID=854) to work on /opt/airflow/dags/tw.py
[2023-09-19T14:45:20.505+0000] {processor.py:829} INFO - Processing file /opt/airflow/dags/tw.py for tasks to queue
[2023-09-19T14:45:20.506+0000] {logging_mixin.py:151} INFO - [2023-09-19T14:45:20.506+0000] {dagbag.py:539} INFO - Filling up the DagBag from /opt/airflow/dags/tw.py
[2023-09-19T14:45:20.515+0000] {processor.py:839} INFO - DAG(s) dict_keys(['first1_dag']) retrieved from /opt/airflow/dags/tw.py
[2023-09-19T14:45:20.539+0000] {logging_mixin.py:151} INFO - [2023-09-19T14:45:20.539+0000] {dag.py:2915} INFO - Sync 1 DAGs
[2023-09-19T14:45:20.559+0000] {logging_mixin.py:151} INFO - [2023-09-19T14:45:20.559+0000] {dag.py:3696} INFO - Setting next_dagrun for first1_dag to 2023-09-20T00:00:00+00:00, run_after=2023-09-21T00:00:00+00:00
[2023-09-19T14:45:20.576+0000] {processor.py:179} INFO - Processing /opt/airflow/dags/tw.py took 0.076 seconds
[2023-09-19T14:45:50.722+0000] {processor.py:157} INFO - Started process (PID=871) to work on /opt/airflow/dags/tw.py
[2023-09-19T14:45:50.724+0000] {processor.py:829} INFO - Processing file /opt/airflow/dags/tw.py for tasks to queue
[2023-09-19T14:45:50.725+0000] {logging_mixin.py:151} INFO - [2023-09-19T14:45:50.725+0000] {dagbag.py:539} INFO - Filling up the DagBag from /opt/airflow/dags/tw.py
[2023-09-19T14:45:50.734+0000] {processor.py:839} INFO - DAG(s) dict_keys(['first1_dag']) retrieved from /opt/airflow/dags/tw.py
[2023-09-19T14:45:50.760+0000] {logging_mixin.py:151} INFO - [2023-09-19T14:45:50.760+0000] {dag.py:2915} INFO - Sync 1 DAGs
[2023-09-19T14:45:50.781+0000] {logging_mixin.py:151} INFO - [2023-09-19T14:45:50.780+0000] {dag.py:3696} INFO - Setting next_dagrun for first1_dag to 2023-09-20T00:00:00+00:00, run_after=2023-09-21T00:00:00+00:00
[2023-09-19T14:45:50.810+0000] {processor.py:179} INFO - Processing /opt/airflow/dags/tw.py took 0.092 seconds
[2023-09-19T14:46:20.943+0000] {processor.py:157} INFO - Started process (PID=888) to work on /opt/airflow/dags/tw.py
[2023-09-19T14:46:20.944+0000] {processor.py:829} INFO - Processing file /opt/airflow/dags/tw.py for tasks to queue
[2023-09-19T14:46:20.944+0000] {logging_mixin.py:151} INFO - [2023-09-19T14:46:20.944+0000] {dagbag.py:539} INFO - Filling up the DagBag from /opt/airflow/dags/tw.py
[2023-09-19T14:46:20.953+0000] {processor.py:839} INFO - DAG(s) dict_keys(['first1_dag']) retrieved from /opt/airflow/dags/tw.py
[2023-09-19T14:46:20.977+0000] {logging_mixin.py:151} INFO - [2023-09-19T14:46:20.977+0000] {dag.py:2915} INFO - Sync 1 DAGs
[2023-09-19T14:46:20.995+0000] {logging_mixin.py:151} INFO - [2023-09-19T14:46:20.995+0000] {dag.py:3696} INFO - Setting next_dagrun for first1_dag to 2023-09-20T00:00:00+00:00, run_after=2023-09-21T00:00:00+00:00
[2023-09-19T14:46:21.013+0000] {processor.py:179} INFO - Processing /opt/airflow/dags/tw.py took 0.073 seconds
