[2023-10-09T13:45:46.894+0000] {processor.py:157} INFO - Started process (PID=171) to work on /opt/airflow/dags/first.py
[2023-10-09T13:45:46.894+0000] {processor.py:829} INFO - Processing file /opt/airflow/dags/first.py for tasks to queue
[2023-10-09T13:45:46.895+0000] {logging_mixin.py:151} INFO - [2023-10-09T13:45:46.895+0000] {dagbag.py:539} INFO - Filling up the DagBag from /opt/airflow/dags/first.py
[2023-10-09T13:45:46.905+0000] {processor.py:839} INFO - DAG(s) dict_keys(['first_dag']) retrieved from /opt/airflow/dags/first.py
[2023-10-09T13:45:47.176+0000] {logging_mixin.py:151} INFO - [2023-10-09T13:45:47.176+0000] {security.py:708} INFO - Not syncing DAG-level permissions for DAG 'DAG:first_dag' as access control is unset.
[2023-10-09T13:45:47.176+0000] {logging_mixin.py:151} INFO - [2023-10-09T13:45:47.176+0000] {dag.py:2915} INFO - Sync 1 DAGs
[2023-10-09T13:45:47.190+0000] {logging_mixin.py:151} INFO - [2023-10-09T13:45:47.190+0000] {dag.py:3696} INFO - Setting next_dagrun for first_dag to 2023-09-20T00:00:00+00:00, run_after=2023-09-21T00:00:00+00:00
[2023-10-09T13:45:47.205+0000] {processor.py:179} INFO - Processing /opt/airflow/dags/first.py took 0.313 seconds
[2023-10-09T13:46:17.742+0000] {processor.py:157} INFO - Started process (PID=303) to work on /opt/airflow/dags/first.py
[2023-10-09T13:46:17.743+0000] {processor.py:829} INFO - Processing file /opt/airflow/dags/first.py for tasks to queue
[2023-10-09T13:46:17.743+0000] {logging_mixin.py:151} INFO - [2023-10-09T13:46:17.743+0000] {dagbag.py:539} INFO - Filling up the DagBag from /opt/airflow/dags/first.py
[2023-10-09T13:46:17.749+0000] {processor.py:839} INFO - DAG(s) dict_keys(['first_dag']) retrieved from /opt/airflow/dags/first.py
[2023-10-09T13:46:17.773+0000] {logging_mixin.py:151} INFO - [2023-10-09T13:46:17.772+0000] {dag.py:2915} INFO - Sync 1 DAGs
[2023-10-09T13:46:17.788+0000] {logging_mixin.py:151} INFO - [2023-10-09T13:46:17.788+0000] {dag.py:3696} INFO - Setting next_dagrun for first_dag to 2023-10-09T00:00:00+00:00, run_after=2023-10-10T00:00:00+00:00
[2023-10-09T13:46:17.804+0000] {processor.py:179} INFO - Processing /opt/airflow/dags/first.py took 0.064 seconds
[2023-10-09T13:46:47.870+0000] {processor.py:157} INFO - Started process (PID=320) to work on /opt/airflow/dags/first.py
[2023-10-09T13:46:47.871+0000] {processor.py:829} INFO - Processing file /opt/airflow/dags/first.py for tasks to queue
[2023-10-09T13:46:47.871+0000] {logging_mixin.py:151} INFO - [2023-10-09T13:46:47.871+0000] {dagbag.py:539} INFO - Filling up the DagBag from /opt/airflow/dags/first.py
[2023-10-09T13:46:47.880+0000] {processor.py:839} INFO - DAG(s) dict_keys(['first_dag']) retrieved from /opt/airflow/dags/first.py
[2023-10-09T13:46:47.895+0000] {logging_mixin.py:151} INFO - [2023-10-09T13:46:47.895+0000] {dag.py:2915} INFO - Sync 1 DAGs
[2023-10-09T13:46:47.909+0000] {logging_mixin.py:151} INFO - [2023-10-09T13:46:47.909+0000] {dag.py:3696} INFO - Setting next_dagrun for first_dag to 2023-10-09T00:00:00+00:00, run_after=2023-10-10T00:00:00+00:00
[2023-10-09T13:46:47.923+0000] {processor.py:179} INFO - Processing /opt/airflow/dags/first.py took 0.055 seconds
[2023-10-09T13:47:18.065+0000] {processor.py:157} INFO - Started process (PID=337) to work on /opt/airflow/dags/first.py
[2023-10-09T13:47:18.066+0000] {processor.py:829} INFO - Processing file /opt/airflow/dags/first.py for tasks to queue
[2023-10-09T13:47:18.066+0000] {logging_mixin.py:151} INFO - [2023-10-09T13:47:18.066+0000] {dagbag.py:539} INFO - Filling up the DagBag from /opt/airflow/dags/first.py
[2023-10-09T13:47:18.073+0000] {processor.py:839} INFO - DAG(s) dict_keys(['first_dag']) retrieved from /opt/airflow/dags/first.py
[2023-10-09T13:47:18.088+0000] {logging_mixin.py:151} INFO - [2023-10-09T13:47:18.088+0000] {dag.py:2915} INFO - Sync 1 DAGs
[2023-10-09T13:47:18.220+0000] {logging_mixin.py:151} INFO - [2023-10-09T13:47:18.220+0000] {dag.py:3696} INFO - Setting next_dagrun for first_dag to 2023-10-09T00:00:00+00:00, run_after=2023-10-10T00:00:00+00:00
[2023-10-09T13:47:18.234+0000] {processor.py:179} INFO - Processing /opt/airflow/dags/first.py took 0.171 seconds
[2023-10-09T13:47:48.375+0000] {processor.py:157} INFO - Started process (PID=354) to work on /opt/airflow/dags/first.py
[2023-10-09T13:47:48.376+0000] {processor.py:829} INFO - Processing file /opt/airflow/dags/first.py for tasks to queue
[2023-10-09T13:47:48.376+0000] {logging_mixin.py:151} INFO - [2023-10-09T13:47:48.376+0000] {dagbag.py:539} INFO - Filling up the DagBag from /opt/airflow/dags/first.py
[2023-10-09T13:47:48.383+0000] {processor.py:839} INFO - DAG(s) dict_keys(['first_dag']) retrieved from /opt/airflow/dags/first.py
[2023-10-09T13:47:48.398+0000] {logging_mixin.py:151} INFO - [2023-10-09T13:47:48.397+0000] {dag.py:2915} INFO - Sync 1 DAGs
[2023-10-09T13:47:48.526+0000] {logging_mixin.py:151} INFO - [2023-10-09T13:47:48.526+0000] {dag.py:3696} INFO - Setting next_dagrun for first_dag to 2023-10-09T00:00:00+00:00, run_after=2023-10-10T00:00:00+00:00
[2023-10-09T13:47:48.542+0000] {processor.py:179} INFO - Processing /opt/airflow/dags/first.py took 0.169 seconds
[2023-10-09T13:48:18.672+0000] {processor.py:157} INFO - Started process (PID=371) to work on /opt/airflow/dags/first.py
[2023-10-09T13:48:18.673+0000] {processor.py:829} INFO - Processing file /opt/airflow/dags/first.py for tasks to queue
[2023-10-09T13:48:18.674+0000] {logging_mixin.py:151} INFO - [2023-10-09T13:48:18.674+0000] {dagbag.py:539} INFO - Filling up the DagBag from /opt/airflow/dags/first.py
[2023-10-09T13:48:18.682+0000] {processor.py:839} INFO - DAG(s) dict_keys(['first_dag']) retrieved from /opt/airflow/dags/first.py
[2023-10-09T13:48:18.913+0000] {logging_mixin.py:151} INFO - [2023-10-09T13:48:18.913+0000] {dag.py:2915} INFO - Sync 1 DAGs
[2023-10-09T13:48:18.933+0000] {logging_mixin.py:151} INFO - [2023-10-09T13:48:18.932+0000] {dag.py:3696} INFO - Setting next_dagrun for first_dag to 2023-10-09T00:00:00+00:00, run_after=2023-10-10T00:00:00+00:00
[2023-10-09T13:48:18.969+0000] {processor.py:179} INFO - Processing /opt/airflow/dags/first.py took 0.300 seconds
[2023-10-09T13:48:49.118+0000] {processor.py:157} INFO - Started process (PID=388) to work on /opt/airflow/dags/first.py
[2023-10-09T13:48:49.119+0000] {processor.py:829} INFO - Processing file /opt/airflow/dags/first.py for tasks to queue
[2023-10-09T13:48:49.119+0000] {logging_mixin.py:151} INFO - [2023-10-09T13:48:49.119+0000] {dagbag.py:539} INFO - Filling up the DagBag from /opt/airflow/dags/first.py
[2023-10-09T13:48:49.243+0000] {processor.py:839} INFO - DAG(s) dict_keys(['first_dag']) retrieved from /opt/airflow/dags/first.py
[2023-10-09T13:48:49.261+0000] {logging_mixin.py:151} INFO - [2023-10-09T13:48:49.261+0000] {dag.py:2915} INFO - Sync 1 DAGs
[2023-10-09T13:48:49.278+0000] {logging_mixin.py:151} INFO - [2023-10-09T13:48:49.278+0000] {dag.py:3696} INFO - Setting next_dagrun for first_dag to 2023-10-09T00:00:00+00:00, run_after=2023-10-10T00:00:00+00:00
[2023-10-09T13:48:49.291+0000] {processor.py:179} INFO - Processing /opt/airflow/dags/first.py took 0.175 seconds
[2023-10-09T13:49:19.517+0000] {processor.py:157} INFO - Started process (PID=405) to work on /opt/airflow/dags/first.py
[2023-10-09T13:49:19.518+0000] {processor.py:829} INFO - Processing file /opt/airflow/dags/first.py for tasks to queue
[2023-10-09T13:49:19.519+0000] {logging_mixin.py:151} INFO - [2023-10-09T13:49:19.518+0000] {dagbag.py:539} INFO - Filling up the DagBag from /opt/airflow/dags/first.py
[2023-10-09T13:49:19.527+0000] {processor.py:839} INFO - DAG(s) dict_keys(['first_dag']) retrieved from /opt/airflow/dags/first.py
[2023-10-09T13:49:19.544+0000] {logging_mixin.py:151} INFO - [2023-10-09T13:49:19.543+0000] {dag.py:2915} INFO - Sync 1 DAGs
[2023-10-09T13:49:19.561+0000] {logging_mixin.py:151} INFO - [2023-10-09T13:49:19.561+0000] {dag.py:3696} INFO - Setting next_dagrun for first_dag to 2023-10-09T00:00:00+00:00, run_after=2023-10-10T00:00:00+00:00
[2023-10-09T13:49:19.581+0000] {processor.py:179} INFO - Processing /opt/airflow/dags/first.py took 0.066 seconds
[2023-10-09T13:49:49.711+0000] {processor.py:157} INFO - Started process (PID=424) to work on /opt/airflow/dags/first.py
[2023-10-09T13:49:49.711+0000] {processor.py:829} INFO - Processing file /opt/airflow/dags/first.py for tasks to queue
[2023-10-09T13:49:49.712+0000] {logging_mixin.py:151} INFO - [2023-10-09T13:49:49.711+0000] {dagbag.py:539} INFO - Filling up the DagBag from /opt/airflow/dags/first.py
[2023-10-09T13:49:49.722+0000] {processor.py:839} INFO - DAG(s) dict_keys(['first_dag']) retrieved from /opt/airflow/dags/first.py
[2023-10-09T13:49:49.739+0000] {logging_mixin.py:151} INFO - [2023-10-09T13:49:49.739+0000] {dag.py:2915} INFO - Sync 1 DAGs
[2023-10-09T13:49:49.755+0000] {logging_mixin.py:151} INFO - [2023-10-09T13:49:49.755+0000] {dag.py:3696} INFO - Setting next_dagrun for first_dag to 2023-10-09T00:00:00+00:00, run_after=2023-10-10T00:00:00+00:00
[2023-10-09T13:49:49.769+0000] {processor.py:179} INFO - Processing /opt/airflow/dags/first.py took 0.060 seconds
[2023-10-09T13:50:19.884+0000] {processor.py:157} INFO - Started process (PID=441) to work on /opt/airflow/dags/first.py
[2023-10-09T13:50:19.885+0000] {processor.py:829} INFO - Processing file /opt/airflow/dags/first.py for tasks to queue
[2023-10-09T13:50:19.886+0000] {logging_mixin.py:151} INFO - [2023-10-09T13:50:19.885+0000] {dagbag.py:539} INFO - Filling up the DagBag from /opt/airflow/dags/first.py
[2023-10-09T13:50:19.894+0000] {processor.py:839} INFO - DAG(s) dict_keys(['first_dag']) retrieved from /opt/airflow/dags/first.py
[2023-10-09T13:50:19.915+0000] {logging_mixin.py:151} INFO - [2023-10-09T13:50:19.914+0000] {dag.py:2915} INFO - Sync 1 DAGs
[2023-10-09T13:50:19.932+0000] {logging_mixin.py:151} INFO - [2023-10-09T13:50:19.931+0000] {dag.py:3696} INFO - Setting next_dagrun for first_dag to 2023-10-09T00:00:00+00:00, run_after=2023-10-10T00:00:00+00:00
[2023-10-09T13:50:19.945+0000] {processor.py:179} INFO - Processing /opt/airflow/dags/first.py took 0.063 seconds
[2023-10-09T13:50:50.076+0000] {processor.py:157} INFO - Started process (PID=458) to work on /opt/airflow/dags/first.py
[2023-10-09T13:50:50.077+0000] {processor.py:829} INFO - Processing file /opt/airflow/dags/first.py for tasks to queue
[2023-10-09T13:50:50.078+0000] {logging_mixin.py:151} INFO - [2023-10-09T13:50:50.077+0000] {dagbag.py:539} INFO - Filling up the DagBag from /opt/airflow/dags/first.py
[2023-10-09T13:50:50.087+0000] {processor.py:839} INFO - DAG(s) dict_keys(['first_dag']) retrieved from /opt/airflow/dags/first.py
[2023-10-09T13:50:50.224+0000] {logging_mixin.py:151} INFO - [2023-10-09T13:50:50.224+0000] {dag.py:2915} INFO - Sync 1 DAGs
[2023-10-09T13:50:50.245+0000] {logging_mixin.py:151} INFO - [2023-10-09T13:50:50.245+0000] {dag.py:3696} INFO - Setting next_dagrun for first_dag to 2023-10-09T00:00:00+00:00, run_after=2023-10-10T00:00:00+00:00
[2023-10-09T13:50:50.261+0000] {processor.py:179} INFO - Processing /opt/airflow/dags/first.py took 0.188 seconds
[2023-10-09T13:51:21.202+0000] {processor.py:157} INFO - Started process (PID=475) to work on /opt/airflow/dags/first.py
[2023-10-09T13:51:21.203+0000] {processor.py:829} INFO - Processing file /opt/airflow/dags/first.py for tasks to queue
[2023-10-09T13:51:21.204+0000] {logging_mixin.py:151} INFO - [2023-10-09T13:51:21.204+0000] {dagbag.py:539} INFO - Filling up the DagBag from /opt/airflow/dags/first.py
[2023-10-09T13:51:21.214+0000] {processor.py:839} INFO - DAG(s) dict_keys(['first_dag']) retrieved from /opt/airflow/dags/first.py
[2023-10-09T13:51:21.234+0000] {logging_mixin.py:151} INFO - [2023-10-09T13:51:21.234+0000] {dag.py:2915} INFO - Sync 1 DAGs
[2023-10-09T13:51:21.251+0000] {logging_mixin.py:151} INFO - [2023-10-09T13:51:21.250+0000] {dag.py:3696} INFO - Setting next_dagrun for first_dag to 2023-10-09T00:00:00+00:00, run_after=2023-10-10T00:00:00+00:00
[2023-10-09T13:51:21.266+0000] {processor.py:179} INFO - Processing /opt/airflow/dags/first.py took 0.066 seconds
[2023-10-09T13:51:51.388+0000] {processor.py:157} INFO - Started process (PID=492) to work on /opt/airflow/dags/first.py
[2023-10-09T13:51:51.389+0000] {processor.py:829} INFO - Processing file /opt/airflow/dags/first.py for tasks to queue
[2023-10-09T13:51:51.389+0000] {logging_mixin.py:151} INFO - [2023-10-09T13:51:51.389+0000] {dagbag.py:539} INFO - Filling up the DagBag from /opt/airflow/dags/first.py
[2023-10-09T13:51:51.397+0000] {processor.py:839} INFO - DAG(s) dict_keys(['first_dag']) retrieved from /opt/airflow/dags/first.py
[2023-10-09T13:51:51.417+0000] {logging_mixin.py:151} INFO - [2023-10-09T13:51:51.417+0000] {dag.py:2915} INFO - Sync 1 DAGs
[2023-10-09T13:51:51.432+0000] {logging_mixin.py:151} INFO - [2023-10-09T13:51:51.432+0000] {dag.py:3696} INFO - Setting next_dagrun for first_dag to 2023-10-09T00:00:00+00:00, run_after=2023-10-10T00:00:00+00:00
[2023-10-09T13:51:51.446+0000] {processor.py:179} INFO - Processing /opt/airflow/dags/first.py took 0.060 seconds
[2023-10-09T13:52:21.564+0000] {processor.py:157} INFO - Started process (PID=509) to work on /opt/airflow/dags/first.py
[2023-10-09T13:52:21.565+0000] {processor.py:829} INFO - Processing file /opt/airflow/dags/first.py for tasks to queue
[2023-10-09T13:52:21.565+0000] {logging_mixin.py:151} INFO - [2023-10-09T13:52:21.565+0000] {dagbag.py:539} INFO - Filling up the DagBag from /opt/airflow/dags/first.py
[2023-10-09T13:52:21.573+0000] {processor.py:839} INFO - DAG(s) dict_keys(['first_dag']) retrieved from /opt/airflow/dags/first.py
[2023-10-09T13:52:21.592+0000] {logging_mixin.py:151} INFO - [2023-10-09T13:52:21.591+0000] {dag.py:2915} INFO - Sync 1 DAGs
[2023-10-09T13:52:21.605+0000] {logging_mixin.py:151} INFO - [2023-10-09T13:52:21.605+0000] {dag.py:3696} INFO - Setting next_dagrun for first_dag to 2023-10-09T00:00:00+00:00, run_after=2023-10-10T00:00:00+00:00
[2023-10-09T13:52:21.619+0000] {processor.py:179} INFO - Processing /opt/airflow/dags/first.py took 0.057 seconds
[2023-10-09T13:52:51.743+0000] {processor.py:157} INFO - Started process (PID=526) to work on /opt/airflow/dags/first.py
[2023-10-09T13:52:51.744+0000] {processor.py:829} INFO - Processing file /opt/airflow/dags/first.py for tasks to queue
[2023-10-09T13:52:51.744+0000] {logging_mixin.py:151} INFO - [2023-10-09T13:52:51.744+0000] {dagbag.py:539} INFO - Filling up the DagBag from /opt/airflow/dags/first.py
[2023-10-09T13:52:51.752+0000] {processor.py:839} INFO - DAG(s) dict_keys(['first_dag']) retrieved from /opt/airflow/dags/first.py
[2023-10-09T13:52:51.770+0000] {logging_mixin.py:151} INFO - [2023-10-09T13:52:51.770+0000] {dag.py:2915} INFO - Sync 1 DAGs
[2023-10-09T13:52:51.785+0000] {logging_mixin.py:151} INFO - [2023-10-09T13:52:51.785+0000] {dag.py:3696} INFO - Setting next_dagrun for first_dag to 2023-10-09T00:00:00+00:00, run_after=2023-10-10T00:00:00+00:00
[2023-10-09T13:52:51.799+0000] {processor.py:179} INFO - Processing /opt/airflow/dags/first.py took 0.058 seconds
[2023-10-09T13:53:21.922+0000] {processor.py:157} INFO - Started process (PID=543) to work on /opt/airflow/dags/first.py
[2023-10-09T13:53:21.923+0000] {processor.py:829} INFO - Processing file /opt/airflow/dags/first.py for tasks to queue
[2023-10-09T13:53:21.924+0000] {logging_mixin.py:151} INFO - [2023-10-09T13:53:21.923+0000] {dagbag.py:539} INFO - Filling up the DagBag from /opt/airflow/dags/first.py
[2023-10-09T13:53:21.931+0000] {processor.py:839} INFO - DAG(s) dict_keys(['first_dag']) retrieved from /opt/airflow/dags/first.py
[2023-10-09T13:53:21.947+0000] {logging_mixin.py:151} INFO - [2023-10-09T13:53:21.947+0000] {dag.py:2915} INFO - Sync 1 DAGs
[2023-10-09T13:53:21.965+0000] {logging_mixin.py:151} INFO - [2023-10-09T13:53:21.965+0000] {dag.py:3696} INFO - Setting next_dagrun for first_dag to 2023-10-09T00:00:00+00:00, run_after=2023-10-10T00:00:00+00:00
[2023-10-09T13:53:21.988+0000] {processor.py:179} INFO - Processing /opt/airflow/dags/first.py took 0.068 seconds
[2023-10-09T13:53:52.114+0000] {processor.py:157} INFO - Started process (PID=560) to work on /opt/airflow/dags/first.py
[2023-10-09T13:53:52.115+0000] {processor.py:829} INFO - Processing file /opt/airflow/dags/first.py for tasks to queue
[2023-10-09T13:53:52.115+0000] {logging_mixin.py:151} INFO - [2023-10-09T13:53:52.115+0000] {dagbag.py:539} INFO - Filling up the DagBag from /opt/airflow/dags/first.py
[2023-10-09T13:53:52.123+0000] {processor.py:839} INFO - DAG(s) dict_keys(['first_dag']) retrieved from /opt/airflow/dags/first.py
[2023-10-09T13:53:52.138+0000] {logging_mixin.py:151} INFO - [2023-10-09T13:53:52.138+0000] {dag.py:2915} INFO - Sync 1 DAGs
[2023-10-09T13:53:52.152+0000] {logging_mixin.py:151} INFO - [2023-10-09T13:53:52.152+0000] {dag.py:3696} INFO - Setting next_dagrun for first_dag to 2023-10-09T00:00:00+00:00, run_after=2023-10-10T00:00:00+00:00
[2023-10-09T13:53:52.166+0000] {processor.py:179} INFO - Processing /opt/airflow/dags/first.py took 0.055 seconds
