[2023-10-09T13:45:46.889+0000] {processor.py:157} INFO - Started process (PID=168) to work on /opt/airflow/dags/tw.py
[2023-10-09T13:45:46.889+0000] {processor.py:829} INFO - Processing file /opt/airflow/dags/tw.py for tasks to queue
[2023-10-09T13:45:46.890+0000] {logging_mixin.py:151} INFO - [2023-10-09T13:45:46.890+0000] {dagbag.py:539} INFO - Filling up the DagBag from /opt/airflow/dags/tw.py
[2023-10-09T13:45:46.905+0000] {processor.py:839} INFO - DAG(s) dict_keys(['first1_dag']) retrieved from /opt/airflow/dags/tw.py
[2023-10-09T13:45:47.184+0000] {logging_mixin.py:151} INFO - [2023-10-09T13:45:47.184+0000] {security.py:708} INFO - Not syncing DAG-level permissions for DAG 'DAG:first1_dag' as access control is unset.
[2023-10-09T13:45:47.185+0000] {logging_mixin.py:151} INFO - [2023-10-09T13:45:47.185+0000] {dag.py:2915} INFO - Sync 1 DAGs
[2023-10-09T13:45:47.197+0000] {logging_mixin.py:151} INFO - [2023-10-09T13:45:47.197+0000] {dag.py:3696} INFO - Setting next_dagrun for first1_dag to 2023-09-20T00:00:00+00:00, run_after=2023-09-21T00:00:00+00:00
[2023-10-09T13:45:47.212+0000] {processor.py:179} INFO - Processing /opt/airflow/dags/tw.py took 0.325 seconds
[2023-10-09T13:46:17.740+0000] {processor.py:157} INFO - Started process (PID=300) to work on /opt/airflow/dags/tw.py
[2023-10-09T13:46:17.740+0000] {processor.py:829} INFO - Processing file /opt/airflow/dags/tw.py for tasks to queue
[2023-10-09T13:46:17.741+0000] {logging_mixin.py:151} INFO - [2023-10-09T13:46:17.741+0000] {dagbag.py:539} INFO - Filling up the DagBag from /opt/airflow/dags/tw.py
[2023-10-09T13:46:17.748+0000] {processor.py:839} INFO - DAG(s) dict_keys(['first1_dag']) retrieved from /opt/airflow/dags/tw.py
[2023-10-09T13:46:17.773+0000] {logging_mixin.py:151} INFO - [2023-10-09T13:46:17.772+0000] {dag.py:2915} INFO - Sync 1 DAGs
[2023-10-09T13:46:17.788+0000] {logging_mixin.py:151} INFO - [2023-10-09T13:46:17.788+0000] {dag.py:3696} INFO - Setting next_dagrun for first1_dag to 2023-10-09T00:00:00+00:00, run_after=2023-10-10T00:00:00+00:00
[2023-10-09T13:46:17.805+0000] {processor.py:179} INFO - Processing /opt/airflow/dags/tw.py took 0.068 seconds
[2023-10-09T13:46:47.867+0000] {processor.py:157} INFO - Started process (PID=317) to work on /opt/airflow/dags/tw.py
[2023-10-09T13:46:47.868+0000] {processor.py:829} INFO - Processing file /opt/airflow/dags/tw.py for tasks to queue
[2023-10-09T13:46:47.869+0000] {logging_mixin.py:151} INFO - [2023-10-09T13:46:47.868+0000] {dagbag.py:539} INFO - Filling up the DagBag from /opt/airflow/dags/tw.py
[2023-10-09T13:46:47.878+0000] {processor.py:839} INFO - DAG(s) dict_keys(['first1_dag']) retrieved from /opt/airflow/dags/tw.py
[2023-10-09T13:46:47.895+0000] {logging_mixin.py:151} INFO - [2023-10-09T13:46:47.895+0000] {dag.py:2915} INFO - Sync 1 DAGs
[2023-10-09T13:46:47.909+0000] {logging_mixin.py:151} INFO - [2023-10-09T13:46:47.909+0000] {dag.py:3696} INFO - Setting next_dagrun for first1_dag to 2023-10-09T00:00:00+00:00, run_after=2023-10-10T00:00:00+00:00
[2023-10-09T13:46:47.928+0000] {processor.py:179} INFO - Processing /opt/airflow/dags/tw.py took 0.063 seconds
[2023-10-09T13:47:18.060+0000] {processor.py:157} INFO - Started process (PID=334) to work on /opt/airflow/dags/tw.py
[2023-10-09T13:47:18.060+0000] {processor.py:829} INFO - Processing file /opt/airflow/dags/tw.py for tasks to queue
[2023-10-09T13:47:18.061+0000] {logging_mixin.py:151} INFO - [2023-10-09T13:47:18.061+0000] {dagbag.py:539} INFO - Filling up the DagBag from /opt/airflow/dags/tw.py
[2023-10-09T13:47:18.069+0000] {processor.py:839} INFO - DAG(s) dict_keys(['first1_dag']) retrieved from /opt/airflow/dags/tw.py
[2023-10-09T13:47:18.085+0000] {logging_mixin.py:151} INFO - [2023-10-09T13:47:18.085+0000] {dag.py:2915} INFO - Sync 1 DAGs
[2023-10-09T13:47:18.221+0000] {logging_mixin.py:151} INFO - [2023-10-09T13:47:18.220+0000] {dag.py:3696} INFO - Setting next_dagrun for first1_dag to 2023-10-09T00:00:00+00:00, run_after=2023-10-10T00:00:00+00:00
[2023-10-09T13:47:18.238+0000] {processor.py:179} INFO - Processing /opt/airflow/dags/tw.py took 0.180 seconds
[2023-10-09T13:47:48.372+0000] {processor.py:157} INFO - Started process (PID=351) to work on /opt/airflow/dags/tw.py
[2023-10-09T13:47:48.373+0000] {processor.py:829} INFO - Processing file /opt/airflow/dags/tw.py for tasks to queue
[2023-10-09T13:47:48.374+0000] {logging_mixin.py:151} INFO - [2023-10-09T13:47:48.374+0000] {dagbag.py:539} INFO - Filling up the DagBag from /opt/airflow/dags/tw.py
[2023-10-09T13:47:48.381+0000] {processor.py:839} INFO - DAG(s) dict_keys(['first1_dag']) retrieved from /opt/airflow/dags/tw.py
[2023-10-09T13:47:48.398+0000] {logging_mixin.py:151} INFO - [2023-10-09T13:47:48.397+0000] {dag.py:2915} INFO - Sync 1 DAGs
[2023-10-09T13:47:48.526+0000] {logging_mixin.py:151} INFO - [2023-10-09T13:47:48.526+0000] {dag.py:3696} INFO - Setting next_dagrun for first1_dag to 2023-10-09T00:00:00+00:00, run_after=2023-10-10T00:00:00+00:00
[2023-10-09T13:47:48.539+0000] {processor.py:179} INFO - Processing /opt/airflow/dags/tw.py took 0.169 seconds
[2023-10-09T13:48:18.666+0000] {processor.py:157} INFO - Started process (PID=368) to work on /opt/airflow/dags/tw.py
[2023-10-09T13:48:18.667+0000] {processor.py:829} INFO - Processing file /opt/airflow/dags/tw.py for tasks to queue
[2023-10-09T13:48:18.668+0000] {logging_mixin.py:151} INFO - [2023-10-09T13:48:18.667+0000] {dagbag.py:539} INFO - Filling up the DagBag from /opt/airflow/dags/tw.py
[2023-10-09T13:48:18.682+0000] {processor.py:839} INFO - DAG(s) dict_keys(['first1_dag']) retrieved from /opt/airflow/dags/tw.py
[2023-10-09T13:48:18.939+0000] {logging_mixin.py:151} INFO - [2023-10-09T13:48:18.938+0000] {dag.py:2915} INFO - Sync 1 DAGs
[2023-10-09T13:48:18.965+0000] {logging_mixin.py:151} INFO - [2023-10-09T13:48:18.965+0000] {dag.py:3696} INFO - Setting next_dagrun for first1_dag to 2023-10-09T00:00:00+00:00, run_after=2023-10-10T00:00:00+00:00
[2023-10-09T13:48:18.989+0000] {processor.py:179} INFO - Processing /opt/airflow/dags/tw.py took 0.326 seconds
[2023-10-09T13:48:49.114+0000] {processor.py:157} INFO - Started process (PID=385) to work on /opt/airflow/dags/tw.py
[2023-10-09T13:48:49.115+0000] {processor.py:829} INFO - Processing file /opt/airflow/dags/tw.py for tasks to queue
[2023-10-09T13:48:49.116+0000] {logging_mixin.py:151} INFO - [2023-10-09T13:48:49.116+0000] {dagbag.py:539} INFO - Filling up the DagBag from /opt/airflow/dags/tw.py
[2023-10-09T13:48:49.125+0000] {processor.py:839} INFO - DAG(s) dict_keys(['first1_dag']) retrieved from /opt/airflow/dags/tw.py
[2023-10-09T13:48:49.261+0000] {logging_mixin.py:151} INFO - [2023-10-09T13:48:49.261+0000] {dag.py:2915} INFO - Sync 1 DAGs
[2023-10-09T13:48:49.278+0000] {logging_mixin.py:151} INFO - [2023-10-09T13:48:49.278+0000] {dag.py:3696} INFO - Setting next_dagrun for first1_dag to 2023-10-09T00:00:00+00:00, run_after=2023-10-10T00:00:00+00:00
[2023-10-09T13:48:49.295+0000] {processor.py:179} INFO - Processing /opt/airflow/dags/tw.py took 0.185 seconds
[2023-10-09T13:49:19.513+0000] {processor.py:157} INFO - Started process (PID=402) to work on /opt/airflow/dags/tw.py
[2023-10-09T13:49:19.514+0000] {processor.py:829} INFO - Processing file /opt/airflow/dags/tw.py for tasks to queue
[2023-10-09T13:49:19.514+0000] {logging_mixin.py:151} INFO - [2023-10-09T13:49:19.514+0000] {dagbag.py:539} INFO - Filling up the DagBag from /opt/airflow/dags/tw.py
[2023-10-09T13:49:19.523+0000] {processor.py:839} INFO - DAG(s) dict_keys(['first1_dag']) retrieved from /opt/airflow/dags/tw.py
[2023-10-09T13:49:19.541+0000] {logging_mixin.py:151} INFO - [2023-10-09T13:49:19.541+0000] {dag.py:2915} INFO - Sync 1 DAGs
[2023-10-09T13:49:19.560+0000] {logging_mixin.py:151} INFO - [2023-10-09T13:49:19.559+0000] {dag.py:3696} INFO - Setting next_dagrun for first1_dag to 2023-10-09T00:00:00+00:00, run_after=2023-10-10T00:00:00+00:00
[2023-10-09T13:49:19.576+0000] {processor.py:179} INFO - Processing /opt/airflow/dags/tw.py took 0.065 seconds
[2023-10-09T13:49:27.623+0000] {processor.py:157} INFO - Started process (PID=412) to work on /opt/airflow/dags/tw.py
[2023-10-09T13:49:27.624+0000] {processor.py:829} INFO - Processing file /opt/airflow/dags/tw.py for tasks to queue
[2023-10-09T13:49:27.624+0000] {logging_mixin.py:151} INFO - [2023-10-09T13:49:27.624+0000] {dagbag.py:539} INFO - Filling up the DagBag from /opt/airflow/dags/tw.py
[2023-10-09T13:49:27.631+0000] {processor.py:839} INFO - DAG(s) dict_keys(['first1_dag']) retrieved from /opt/airflow/dags/tw.py
[2023-10-09T13:49:27.648+0000] {logging_mixin.py:151} INFO - [2023-10-09T13:49:27.647+0000] {dag.py:2915} INFO - Sync 1 DAGs
[2023-10-09T13:49:27.663+0000] {logging_mixin.py:151} INFO - [2023-10-09T13:49:27.663+0000] {dag.py:3696} INFO - Setting next_dagrun for first1_dag to 2023-10-09T00:00:00+00:00, run_after=2023-10-10T00:00:00+00:00
[2023-10-09T13:49:27.680+0000] {processor.py:179} INFO - Processing /opt/airflow/dags/tw.py took 0.060 seconds
[2023-10-09T13:49:57.784+0000] {processor.py:157} INFO - Started process (PID=429) to work on /opt/airflow/dags/tw.py
[2023-10-09T13:49:57.784+0000] {processor.py:829} INFO - Processing file /opt/airflow/dags/tw.py for tasks to queue
[2023-10-09T13:49:57.785+0000] {logging_mixin.py:151} INFO - [2023-10-09T13:49:57.785+0000] {dagbag.py:539} INFO - Filling up the DagBag from /opt/airflow/dags/tw.py
[2023-10-09T13:49:57.792+0000] {processor.py:839} INFO - DAG(s) dict_keys(['first1_dag']) retrieved from /opt/airflow/dags/tw.py
[2023-10-09T13:49:57.810+0000] {logging_mixin.py:151} INFO - [2023-10-09T13:49:57.809+0000] {dag.py:2915} INFO - Sync 1 DAGs
[2023-10-09T13:49:57.824+0000] {logging_mixin.py:151} INFO - [2023-10-09T13:49:57.824+0000] {dag.py:3696} INFO - Setting next_dagrun for first1_dag to 2023-10-09T00:00:00+00:00, run_after=2023-10-10T00:00:00+00:00
[2023-10-09T13:49:57.836+0000] {processor.py:179} INFO - Processing /opt/airflow/dags/tw.py took 0.054 seconds
[2023-10-09T13:50:27.941+0000] {processor.py:157} INFO - Started process (PID=446) to work on /opt/airflow/dags/tw.py
[2023-10-09T13:50:27.942+0000] {processor.py:829} INFO - Processing file /opt/airflow/dags/tw.py for tasks to queue
[2023-10-09T13:50:27.942+0000] {logging_mixin.py:151} INFO - [2023-10-09T13:50:27.942+0000] {dagbag.py:539} INFO - Filling up the DagBag from /opt/airflow/dags/tw.py
[2023-10-09T13:50:27.949+0000] {processor.py:839} INFO - DAG(s) dict_keys(['first1_dag']) retrieved from /opt/airflow/dags/tw.py
[2023-10-09T13:50:27.968+0000] {logging_mixin.py:151} INFO - [2023-10-09T13:50:27.968+0000] {dag.py:2915} INFO - Sync 1 DAGs
[2023-10-09T13:50:27.983+0000] {logging_mixin.py:151} INFO - [2023-10-09T13:50:27.983+0000] {dag.py:3696} INFO - Setting next_dagrun for first1_dag to 2023-10-09T00:00:00+00:00, run_after=2023-10-10T00:00:00+00:00
[2023-10-09T13:50:27.996+0000] {processor.py:179} INFO - Processing /opt/airflow/dags/tw.py took 0.056 seconds
[2023-10-09T13:50:58.120+0000] {processor.py:157} INFO - Started process (PID=463) to work on /opt/airflow/dags/tw.py
[2023-10-09T13:50:58.121+0000] {processor.py:829} INFO - Processing file /opt/airflow/dags/tw.py for tasks to queue
[2023-10-09T13:50:58.121+0000] {logging_mixin.py:151} INFO - [2023-10-09T13:50:58.121+0000] {dagbag.py:539} INFO - Filling up the DagBag from /opt/airflow/dags/tw.py
[2023-10-09T13:50:58.131+0000] {processor.py:839} INFO - DAG(s) dict_keys(['first1_dag']) retrieved from /opt/airflow/dags/tw.py
[2023-10-09T13:50:58.150+0000] {logging_mixin.py:151} INFO - [2023-10-09T13:50:58.150+0000] {dag.py:2915} INFO - Sync 1 DAGs
[2023-10-09T13:50:58.168+0000] {logging_mixin.py:151} INFO - [2023-10-09T13:50:58.168+0000] {dag.py:3696} INFO - Setting next_dagrun for first1_dag to 2023-10-09T00:00:00+00:00, run_after=2023-10-10T00:00:00+00:00
[2023-10-09T13:50:58.183+0000] {processor.py:179} INFO - Processing /opt/airflow/dags/tw.py took 0.067 seconds
[2023-10-09T13:51:28.292+0000] {processor.py:157} INFO - Started process (PID=480) to work on /opt/airflow/dags/tw.py
[2023-10-09T13:51:28.294+0000] {processor.py:829} INFO - Processing file /opt/airflow/dags/tw.py for tasks to queue
[2023-10-09T13:51:28.295+0000] {logging_mixin.py:151} INFO - [2023-10-09T13:51:28.294+0000] {dagbag.py:539} INFO - Filling up the DagBag from /opt/airflow/dags/tw.py
[2023-10-09T13:51:28.302+0000] {processor.py:839} INFO - DAG(s) dict_keys(['first1_dag']) retrieved from /opt/airflow/dags/tw.py
[2023-10-09T13:51:28.319+0000] {logging_mixin.py:151} INFO - [2023-10-09T13:51:28.319+0000] {dag.py:2915} INFO - Sync 1 DAGs
[2023-10-09T13:51:28.337+0000] {logging_mixin.py:151} INFO - [2023-10-09T13:51:28.337+0000] {dag.py:3696} INFO - Setting next_dagrun for first1_dag to 2023-10-09T00:00:00+00:00, run_after=2023-10-10T00:00:00+00:00
[2023-10-09T13:51:28.355+0000] {processor.py:179} INFO - Processing /opt/airflow/dags/tw.py took 0.066 seconds
[2023-10-09T13:51:58.460+0000] {processor.py:157} INFO - Started process (PID=497) to work on /opt/airflow/dags/tw.py
[2023-10-09T13:51:58.461+0000] {processor.py:829} INFO - Processing file /opt/airflow/dags/tw.py for tasks to queue
[2023-10-09T13:51:58.461+0000] {logging_mixin.py:151} INFO - [2023-10-09T13:51:58.461+0000] {dagbag.py:539} INFO - Filling up the DagBag from /opt/airflow/dags/tw.py
[2023-10-09T13:51:58.471+0000] {processor.py:839} INFO - DAG(s) dict_keys(['first1_dag']) retrieved from /opt/airflow/dags/tw.py
[2023-10-09T13:51:58.491+0000] {logging_mixin.py:151} INFO - [2023-10-09T13:51:58.491+0000] {dag.py:2915} INFO - Sync 1 DAGs
[2023-10-09T13:51:58.508+0000] {logging_mixin.py:151} INFO - [2023-10-09T13:51:58.507+0000] {dag.py:3696} INFO - Setting next_dagrun for first1_dag to 2023-10-09T00:00:00+00:00, run_after=2023-10-10T00:00:00+00:00
[2023-10-09T13:51:58.526+0000] {processor.py:179} INFO - Processing /opt/airflow/dags/tw.py took 0.069 seconds
[2023-10-09T13:52:28.634+0000] {processor.py:157} INFO - Started process (PID=514) to work on /opt/airflow/dags/tw.py
[2023-10-09T13:52:28.635+0000] {processor.py:829} INFO - Processing file /opt/airflow/dags/tw.py for tasks to queue
[2023-10-09T13:52:28.635+0000] {logging_mixin.py:151} INFO - [2023-10-09T13:52:28.635+0000] {dagbag.py:539} INFO - Filling up the DagBag from /opt/airflow/dags/tw.py
[2023-10-09T13:52:28.643+0000] {processor.py:839} INFO - DAG(s) dict_keys(['first1_dag']) retrieved from /opt/airflow/dags/tw.py
[2023-10-09T13:52:28.660+0000] {logging_mixin.py:151} INFO - [2023-10-09T13:52:28.660+0000] {dag.py:2915} INFO - Sync 1 DAGs
[2023-10-09T13:52:28.676+0000] {logging_mixin.py:151} INFO - [2023-10-09T13:52:28.676+0000] {dag.py:3696} INFO - Setting next_dagrun for first1_dag to 2023-10-09T00:00:00+00:00, run_after=2023-10-10T00:00:00+00:00
[2023-10-09T13:52:28.696+0000] {processor.py:179} INFO - Processing /opt/airflow/dags/tw.py took 0.064 seconds
[2023-10-09T13:52:58.803+0000] {processor.py:157} INFO - Started process (PID=531) to work on /opt/airflow/dags/tw.py
[2023-10-09T13:52:58.803+0000] {processor.py:829} INFO - Processing file /opt/airflow/dags/tw.py for tasks to queue
[2023-10-09T13:52:58.804+0000] {logging_mixin.py:151} INFO - [2023-10-09T13:52:58.804+0000] {dagbag.py:539} INFO - Filling up the DagBag from /opt/airflow/dags/tw.py
[2023-10-09T13:52:58.811+0000] {processor.py:839} INFO - DAG(s) dict_keys(['first1_dag']) retrieved from /opt/airflow/dags/tw.py
[2023-10-09T13:52:58.827+0000] {logging_mixin.py:151} INFO - [2023-10-09T13:52:58.827+0000] {dag.py:2915} INFO - Sync 1 DAGs
[2023-10-09T13:52:58.845+0000] {logging_mixin.py:151} INFO - [2023-10-09T13:52:58.845+0000] {dag.py:3696} INFO - Setting next_dagrun for first1_dag to 2023-10-09T00:00:00+00:00, run_after=2023-10-10T00:00:00+00:00
[2023-10-09T13:52:58.858+0000] {processor.py:179} INFO - Processing /opt/airflow/dags/tw.py took 0.058 seconds
[2023-10-09T13:53:28.955+0000] {processor.py:157} INFO - Started process (PID=548) to work on /opt/airflow/dags/tw.py
[2023-10-09T13:53:28.956+0000] {processor.py:829} INFO - Processing file /opt/airflow/dags/tw.py for tasks to queue
[2023-10-09T13:53:28.957+0000] {logging_mixin.py:151} INFO - [2023-10-09T13:53:28.956+0000] {dagbag.py:539} INFO - Filling up the DagBag from /opt/airflow/dags/tw.py
[2023-10-09T13:53:28.964+0000] {processor.py:839} INFO - DAG(s) dict_keys(['first1_dag']) retrieved from /opt/airflow/dags/tw.py
[2023-10-09T13:53:28.981+0000] {logging_mixin.py:151} INFO - [2023-10-09T13:53:28.981+0000] {dag.py:2915} INFO - Sync 1 DAGs
[2023-10-09T13:53:29.000+0000] {logging_mixin.py:151} INFO - [2023-10-09T13:53:28.999+0000] {dag.py:3696} INFO - Setting next_dagrun for first1_dag to 2023-10-09T00:00:00+00:00, run_after=2023-10-10T00:00:00+00:00
[2023-10-09T13:53:29.013+0000] {processor.py:179} INFO - Processing /opt/airflow/dags/tw.py took 0.060 seconds
[2023-10-09T13:53:59.144+0000] {processor.py:157} INFO - Started process (PID=565) to work on /opt/airflow/dags/tw.py
[2023-10-09T13:53:59.145+0000] {processor.py:829} INFO - Processing file /opt/airflow/dags/tw.py for tasks to queue
[2023-10-09T13:53:59.145+0000] {logging_mixin.py:151} INFO - [2023-10-09T13:53:59.145+0000] {dagbag.py:539} INFO - Filling up the DagBag from /opt/airflow/dags/tw.py
[2023-10-09T13:53:59.153+0000] {processor.py:839} INFO - DAG(s) dict_keys(['first1_dag']) retrieved from /opt/airflow/dags/tw.py
[2023-10-09T13:53:59.171+0000] {logging_mixin.py:151} INFO - [2023-10-09T13:53:59.170+0000] {dag.py:2915} INFO - Sync 1 DAGs
[2023-10-09T13:53:59.185+0000] {logging_mixin.py:151} INFO - [2023-10-09T13:53:59.185+0000] {dag.py:3696} INFO - Setting next_dagrun for first1_dag to 2023-10-09T00:00:00+00:00, run_after=2023-10-10T00:00:00+00:00
[2023-10-09T13:53:59.199+0000] {processor.py:179} INFO - Processing /opt/airflow/dags/tw.py took 0.056 seconds
