[2023-09-19T13:42:08.711+0000] {processor.py:157} INFO - Started process (PID=260) to work on /home/airflow/.local/lib/python3.8/site-packages/airflow/example_dags/example_python_operator.py
[2023-09-19T13:42:08.712+0000] {processor.py:829} INFO - Processing file /home/airflow/.local/lib/python3.8/site-packages/airflow/example_dags/example_python_operator.py for tasks to queue
[2023-09-19T13:42:08.712+0000] {logging_mixin.py:151} INFO - [2023-09-19T13:42:08.712+0000] {dagbag.py:539} INFO - Filling up the DagBag from /home/airflow/.local/lib/python3.8/site-packages/airflow/example_dags/example_python_operator.py
[2023-09-19T13:42:08.723+0000] {processor.py:839} INFO - DAG(s) dict_keys(['example_python_operator']) retrieved from /home/airflow/.local/lib/python3.8/site-packages/airflow/example_dags/example_python_operator.py
[2023-09-19T13:42:08.867+0000] {logging_mixin.py:151} INFO - [2023-09-19T13:42:08.867+0000] {security.py:708} INFO - Not syncing DAG-level permissions for DAG 'DAG:example_python_operator' as access control is unset.
[2023-09-19T13:42:08.867+0000] {logging_mixin.py:151} INFO - [2023-09-19T13:42:08.867+0000] {dag.py:2915} INFO - Sync 1 DAGs
[2023-09-19T13:42:09.039+0000] {logging_mixin.py:151} INFO - [2023-09-19T13:42:09.039+0000] {dag.py:3696} INFO - Setting next_dagrun for example_python_operator to None, run_after=None
[2023-09-19T13:42:09.059+0000] {processor.py:179} INFO - Processing /home/airflow/.local/lib/python3.8/site-packages/airflow/example_dags/example_python_operator.py took 0.350 seconds
[2023-09-19T13:42:46.350+0000] {processor.py:157} INFO - Started process (PID=498) to work on /home/airflow/.local/lib/python3.8/site-packages/airflow/example_dags/example_python_operator.py
[2023-09-19T13:42:46.351+0000] {processor.py:829} INFO - Processing file /home/airflow/.local/lib/python3.8/site-packages/airflow/example_dags/example_python_operator.py for tasks to queue
[2023-09-19T13:42:46.352+0000] {logging_mixin.py:151} INFO - [2023-09-19T13:42:46.352+0000] {dagbag.py:539} INFO - Filling up the DagBag from /home/airflow/.local/lib/python3.8/site-packages/airflow/example_dags/example_python_operator.py
[2023-09-19T13:42:46.361+0000] {processor.py:839} INFO - DAG(s) dict_keys(['example_python_operator']) retrieved from /home/airflow/.local/lib/python3.8/site-packages/airflow/example_dags/example_python_operator.py
[2023-09-19T13:42:46.384+0000] {logging_mixin.py:151} INFO - [2023-09-19T13:42:46.383+0000] {dag.py:2915} INFO - Sync 1 DAGs
[2023-09-19T13:42:46.397+0000] {logging_mixin.py:151} INFO - [2023-09-19T13:42:46.396+0000] {dag.py:3696} INFO - Setting next_dagrun for example_python_operator to None, run_after=None
[2023-09-19T13:42:46.418+0000] {processor.py:179} INFO - Processing /home/airflow/.local/lib/python3.8/site-packages/airflow/example_dags/example_python_operator.py took 0.071 seconds
[2023-09-19T13:43:17.418+0000] {processor.py:157} INFO - Started process (PID=738) to work on /home/airflow/.local/lib/python3.8/site-packages/airflow/example_dags/example_python_operator.py
[2023-09-19T13:43:17.418+0000] {processor.py:829} INFO - Processing file /home/airflow/.local/lib/python3.8/site-packages/airflow/example_dags/example_python_operator.py for tasks to queue
[2023-09-19T13:43:17.419+0000] {logging_mixin.py:151} INFO - [2023-09-19T13:43:17.419+0000] {dagbag.py:539} INFO - Filling up the DagBag from /home/airflow/.local/lib/python3.8/site-packages/airflow/example_dags/example_python_operator.py
[2023-09-19T13:43:17.425+0000] {processor.py:839} INFO - DAG(s) dict_keys(['example_python_operator']) retrieved from /home/airflow/.local/lib/python3.8/site-packages/airflow/example_dags/example_python_operator.py
[2023-09-19T13:43:17.440+0000] {logging_mixin.py:151} INFO - [2023-09-19T13:43:17.440+0000] {dag.py:2915} INFO - Sync 1 DAGs
[2023-09-19T13:43:17.449+0000] {logging_mixin.py:151} INFO - [2023-09-19T13:43:17.449+0000] {dag.py:3696} INFO - Setting next_dagrun for example_python_operator to None, run_after=None
[2023-09-19T13:43:17.463+0000] {processor.py:179} INFO - Processing /home/airflow/.local/lib/python3.8/site-packages/airflow/example_dags/example_python_operator.py took 0.048 seconds
[2023-09-19T13:43:47.556+0000] {processor.py:157} INFO - Started process (PID=974) to work on /home/airflow/.local/lib/python3.8/site-packages/airflow/example_dags/example_python_operator.py
[2023-09-19T13:43:47.557+0000] {processor.py:829} INFO - Processing file /home/airflow/.local/lib/python3.8/site-packages/airflow/example_dags/example_python_operator.py for tasks to queue
[2023-09-19T13:43:47.557+0000] {logging_mixin.py:151} INFO - [2023-09-19T13:43:47.557+0000] {dagbag.py:539} INFO - Filling up the DagBag from /home/airflow/.local/lib/python3.8/site-packages/airflow/example_dags/example_python_operator.py
[2023-09-19T13:43:47.565+0000] {processor.py:839} INFO - DAG(s) dict_keys(['example_python_operator']) retrieved from /home/airflow/.local/lib/python3.8/site-packages/airflow/example_dags/example_python_operator.py
[2023-09-19T13:43:47.591+0000] {logging_mixin.py:151} INFO - [2023-09-19T13:43:47.591+0000] {dag.py:2915} INFO - Sync 1 DAGs
[2023-09-19T13:43:47.599+0000] {logging_mixin.py:151} INFO - [2023-09-19T13:43:47.599+0000] {dag.py:3696} INFO - Setting next_dagrun for example_python_operator to None, run_after=None
[2023-09-19T13:43:47.616+0000] {processor.py:179} INFO - Processing /home/airflow/.local/lib/python3.8/site-packages/airflow/example_dags/example_python_operator.py took 0.064 seconds
[2023-09-19T13:44:17.982+0000] {processor.py:157} INFO - Started process (PID=1214) to work on /home/airflow/.local/lib/python3.8/site-packages/airflow/example_dags/example_python_operator.py
[2023-09-19T13:44:17.983+0000] {processor.py:829} INFO - Processing file /home/airflow/.local/lib/python3.8/site-packages/airflow/example_dags/example_python_operator.py for tasks to queue
[2023-09-19T13:44:17.984+0000] {logging_mixin.py:151} INFO - [2023-09-19T13:44:17.983+0000] {dagbag.py:539} INFO - Filling up the DagBag from /home/airflow/.local/lib/python3.8/site-packages/airflow/example_dags/example_python_operator.py
[2023-09-19T13:44:17.990+0000] {processor.py:839} INFO - DAG(s) dict_keys(['example_python_operator']) retrieved from /home/airflow/.local/lib/python3.8/site-packages/airflow/example_dags/example_python_operator.py
[2023-09-19T13:44:18.008+0000] {logging_mixin.py:151} INFO - [2023-09-19T13:44:18.008+0000] {dag.py:2915} INFO - Sync 1 DAGs
[2023-09-19T13:44:18.016+0000] {logging_mixin.py:151} INFO - [2023-09-19T13:44:18.016+0000] {dag.py:3696} INFO - Setting next_dagrun for example_python_operator to None, run_after=None
[2023-09-19T13:44:18.031+0000] {processor.py:179} INFO - Processing /home/airflow/.local/lib/python3.8/site-packages/airflow/example_dags/example_python_operator.py took 0.051 seconds
[2023-09-19T13:44:48.434+0000] {processor.py:157} INFO - Started process (PID=1450) to work on /home/airflow/.local/lib/python3.8/site-packages/airflow/example_dags/example_python_operator.py
[2023-09-19T13:44:48.435+0000] {processor.py:829} INFO - Processing file /home/airflow/.local/lib/python3.8/site-packages/airflow/example_dags/example_python_operator.py for tasks to queue
[2023-09-19T13:44:48.436+0000] {logging_mixin.py:151} INFO - [2023-09-19T13:44:48.435+0000] {dagbag.py:539} INFO - Filling up the DagBag from /home/airflow/.local/lib/python3.8/site-packages/airflow/example_dags/example_python_operator.py
[2023-09-19T13:44:48.443+0000] {processor.py:839} INFO - DAG(s) dict_keys(['example_python_operator']) retrieved from /home/airflow/.local/lib/python3.8/site-packages/airflow/example_dags/example_python_operator.py
[2023-09-19T13:44:48.459+0000] {logging_mixin.py:151} INFO - [2023-09-19T13:44:48.459+0000] {dag.py:2915} INFO - Sync 1 DAGs
[2023-09-19T13:44:48.469+0000] {logging_mixin.py:151} INFO - [2023-09-19T13:44:48.468+0000] {dag.py:3696} INFO - Setting next_dagrun for example_python_operator to None, run_after=None
[2023-09-19T13:44:48.488+0000] {processor.py:179} INFO - Processing /home/airflow/.local/lib/python3.8/site-packages/airflow/example_dags/example_python_operator.py took 0.057 seconds
[2023-09-19T13:45:18.955+0000] {processor.py:157} INFO - Started process (PID=1691) to work on /home/airflow/.local/lib/python3.8/site-packages/airflow/example_dags/example_python_operator.py
[2023-09-19T13:45:18.956+0000] {processor.py:829} INFO - Processing file /home/airflow/.local/lib/python3.8/site-packages/airflow/example_dags/example_python_operator.py for tasks to queue
[2023-09-19T13:45:18.957+0000] {logging_mixin.py:151} INFO - [2023-09-19T13:45:18.957+0000] {dagbag.py:539} INFO - Filling up the DagBag from /home/airflow/.local/lib/python3.8/site-packages/airflow/example_dags/example_python_operator.py
[2023-09-19T13:45:18.967+0000] {processor.py:839} INFO - DAG(s) dict_keys(['example_python_operator']) retrieved from /home/airflow/.local/lib/python3.8/site-packages/airflow/example_dags/example_python_operator.py
[2023-09-19T13:45:18.976+0000] {logging_mixin.py:151} INFO - [2023-09-19T13:45:18.976+0000] {dag.py:2915} INFO - Sync 1 DAGs
[2023-09-19T13:45:18.987+0000] {logging_mixin.py:151} INFO - [2023-09-19T13:45:18.987+0000] {dag.py:3696} INFO - Setting next_dagrun for example_python_operator to None, run_after=None
[2023-09-19T13:45:19.007+0000] {processor.py:179} INFO - Processing /home/airflow/.local/lib/python3.8/site-packages/airflow/example_dags/example_python_operator.py took 0.054 seconds
[2023-09-19T13:45:49.154+0000] {processor.py:157} INFO - Started process (PID=1927) to work on /home/airflow/.local/lib/python3.8/site-packages/airflow/example_dags/example_python_operator.py
[2023-09-19T13:45:49.155+0000] {processor.py:829} INFO - Processing file /home/airflow/.local/lib/python3.8/site-packages/airflow/example_dags/example_python_operator.py for tasks to queue
[2023-09-19T13:45:49.156+0000] {logging_mixin.py:151} INFO - [2023-09-19T13:45:49.155+0000] {dagbag.py:539} INFO - Filling up the DagBag from /home/airflow/.local/lib/python3.8/site-packages/airflow/example_dags/example_python_operator.py
[2023-09-19T13:45:49.164+0000] {processor.py:839} INFO - DAG(s) dict_keys(['example_python_operator']) retrieved from /home/airflow/.local/lib/python3.8/site-packages/airflow/example_dags/example_python_operator.py
[2023-09-19T13:45:49.243+0000] {logging_mixin.py:151} INFO - [2023-09-19T13:45:49.243+0000] {security.py:708} INFO - Not syncing DAG-level permissions for DAG 'DAG:example_python_operator' as access control is unset.
[2023-09-19T13:45:49.243+0000] {logging_mixin.py:151} INFO - [2023-09-19T13:45:49.243+0000] {dag.py:2915} INFO - Sync 1 DAGs
[2023-09-19T13:45:49.251+0000] {logging_mixin.py:151} INFO - [2023-09-19T13:45:49.251+0000] {dag.py:3696} INFO - Setting next_dagrun for example_python_operator to None, run_after=None
[2023-09-19T13:45:49.269+0000] {processor.py:179} INFO - Processing /home/airflow/.local/lib/python3.8/site-packages/airflow/example_dags/example_python_operator.py took 0.118 seconds
[2023-09-19T13:46:19.672+0000] {processor.py:157} INFO - Started process (PID=2165) to work on /home/airflow/.local/lib/python3.8/site-packages/airflow/example_dags/example_python_operator.py
[2023-09-19T13:46:19.673+0000] {processor.py:829} INFO - Processing file /home/airflow/.local/lib/python3.8/site-packages/airflow/example_dags/example_python_operator.py for tasks to queue
[2023-09-19T13:46:19.674+0000] {logging_mixin.py:151} INFO - [2023-09-19T13:46:19.674+0000] {dagbag.py:539} INFO - Filling up the DagBag from /home/airflow/.local/lib/python3.8/site-packages/airflow/example_dags/example_python_operator.py
[2023-09-19T13:46:19.685+0000] {processor.py:839} INFO - DAG(s) dict_keys(['example_python_operator']) retrieved from /home/airflow/.local/lib/python3.8/site-packages/airflow/example_dags/example_python_operator.py
[2023-09-19T13:46:19.705+0000] {logging_mixin.py:151} INFO - [2023-09-19T13:46:19.705+0000] {dag.py:2915} INFO - Sync 1 DAGs
[2023-09-19T13:46:19.717+0000] {logging_mixin.py:151} INFO - [2023-09-19T13:46:19.717+0000] {dag.py:3696} INFO - Setting next_dagrun for example_python_operator to None, run_after=None
[2023-09-19T13:46:19.739+0000] {processor.py:179} INFO - Processing /home/airflow/.local/lib/python3.8/site-packages/airflow/example_dags/example_python_operator.py took 0.070 seconds
[2023-09-19T13:46:50.608+0000] {processor.py:157} INFO - Started process (PID=2403) to work on /home/airflow/.local/lib/python3.8/site-packages/airflow/example_dags/example_python_operator.py
[2023-09-19T13:46:50.609+0000] {processor.py:829} INFO - Processing file /home/airflow/.local/lib/python3.8/site-packages/airflow/example_dags/example_python_operator.py for tasks to queue
[2023-09-19T13:46:50.610+0000] {logging_mixin.py:151} INFO - [2023-09-19T13:46:50.610+0000] {dagbag.py:539} INFO - Filling up the DagBag from /home/airflow/.local/lib/python3.8/site-packages/airflow/example_dags/example_python_operator.py
[2023-09-19T13:46:50.620+0000] {processor.py:839} INFO - DAG(s) dict_keys(['example_python_operator']) retrieved from /home/airflow/.local/lib/python3.8/site-packages/airflow/example_dags/example_python_operator.py
[2023-09-19T13:46:50.650+0000] {logging_mixin.py:151} INFO - [2023-09-19T13:46:50.649+0000] {dag.py:2915} INFO - Sync 1 DAGs
[2023-09-19T13:46:50.661+0000] {logging_mixin.py:151} INFO - [2023-09-19T13:46:50.661+0000] {dag.py:3696} INFO - Setting next_dagrun for example_python_operator to None, run_after=None
[2023-09-19T13:46:50.686+0000] {processor.py:179} INFO - Processing /home/airflow/.local/lib/python3.8/site-packages/airflow/example_dags/example_python_operator.py took 0.081 seconds
[2023-09-19T13:47:21.926+0000] {processor.py:157} INFO - Started process (PID=2641) to work on /home/airflow/.local/lib/python3.8/site-packages/airflow/example_dags/example_python_operator.py
[2023-09-19T13:47:21.927+0000] {processor.py:829} INFO - Processing file /home/airflow/.local/lib/python3.8/site-packages/airflow/example_dags/example_python_operator.py for tasks to queue
[2023-09-19T13:47:21.928+0000] {logging_mixin.py:151} INFO - [2023-09-19T13:47:21.928+0000] {dagbag.py:539} INFO - Filling up the DagBag from /home/airflow/.local/lib/python3.8/site-packages/airflow/example_dags/example_python_operator.py
[2023-09-19T13:47:21.945+0000] {processor.py:839} INFO - DAG(s) dict_keys(['example_python_operator']) retrieved from /home/airflow/.local/lib/python3.8/site-packages/airflow/example_dags/example_python_operator.py
[2023-09-19T13:47:21.976+0000] {logging_mixin.py:151} INFO - [2023-09-19T13:47:21.976+0000] {dag.py:2915} INFO - Sync 1 DAGs
[2023-09-19T13:47:21.999+0000] {logging_mixin.py:151} INFO - [2023-09-19T13:47:21.999+0000] {dag.py:3696} INFO - Setting next_dagrun for example_python_operator to None, run_after=None
[2023-09-19T13:47:22.029+0000] {processor.py:179} INFO - Processing /home/airflow/.local/lib/python3.8/site-packages/airflow/example_dags/example_python_operator.py took 0.107 seconds
[2023-09-19T13:47:52.832+0000] {processor.py:157} INFO - Started process (PID=2879) to work on /home/airflow/.local/lib/python3.8/site-packages/airflow/example_dags/example_python_operator.py
[2023-09-19T13:47:52.834+0000] {processor.py:829} INFO - Processing file /home/airflow/.local/lib/python3.8/site-packages/airflow/example_dags/example_python_operator.py for tasks to queue
[2023-09-19T13:47:52.835+0000] {logging_mixin.py:151} INFO - [2023-09-19T13:47:52.835+0000] {dagbag.py:539} INFO - Filling up the DagBag from /home/airflow/.local/lib/python3.8/site-packages/airflow/example_dags/example_python_operator.py
[2023-09-19T13:47:52.843+0000] {processor.py:839} INFO - DAG(s) dict_keys(['example_python_operator']) retrieved from /home/airflow/.local/lib/python3.8/site-packages/airflow/example_dags/example_python_operator.py
[2023-09-19T13:47:52.867+0000] {logging_mixin.py:151} INFO - [2023-09-19T13:47:52.866+0000] {dag.py:2915} INFO - Sync 1 DAGs
[2023-09-19T13:47:52.881+0000] {logging_mixin.py:151} INFO - [2023-09-19T13:47:52.881+0000] {dag.py:3696} INFO - Setting next_dagrun for example_python_operator to None, run_after=None
[2023-09-19T13:47:52.905+0000] {processor.py:179} INFO - Processing /home/airflow/.local/lib/python3.8/site-packages/airflow/example_dags/example_python_operator.py took 0.075 seconds
[2023-09-19T13:48:23.263+0000] {processor.py:157} INFO - Started process (PID=3117) to work on /home/airflow/.local/lib/python3.8/site-packages/airflow/example_dags/example_python_operator.py
[2023-09-19T13:48:23.264+0000] {processor.py:829} INFO - Processing file /home/airflow/.local/lib/python3.8/site-packages/airflow/example_dags/example_python_operator.py for tasks to queue
[2023-09-19T13:48:23.265+0000] {logging_mixin.py:151} INFO - [2023-09-19T13:48:23.264+0000] {dagbag.py:539} INFO - Filling up the DagBag from /home/airflow/.local/lib/python3.8/site-packages/airflow/example_dags/example_python_operator.py
[2023-09-19T13:48:23.274+0000] {processor.py:839} INFO - DAG(s) dict_keys(['example_python_operator']) retrieved from /home/airflow/.local/lib/python3.8/site-packages/airflow/example_dags/example_python_operator.py
[2023-09-19T13:48:23.294+0000] {logging_mixin.py:151} INFO - [2023-09-19T13:48:23.293+0000] {dag.py:2915} INFO - Sync 1 DAGs
[2023-09-19T13:48:23.305+0000] {logging_mixin.py:151} INFO - [2023-09-19T13:48:23.305+0000] {dag.py:3696} INFO - Setting next_dagrun for example_python_operator to None, run_after=None
[2023-09-19T13:48:23.326+0000] {processor.py:179} INFO - Processing /home/airflow/.local/lib/python3.8/site-packages/airflow/example_dags/example_python_operator.py took 0.066 seconds
[2023-09-19T13:48:53.688+0000] {processor.py:157} INFO - Started process (PID=3355) to work on /home/airflow/.local/lib/python3.8/site-packages/airflow/example_dags/example_python_operator.py
[2023-09-19T13:48:53.689+0000] {processor.py:829} INFO - Processing file /home/airflow/.local/lib/python3.8/site-packages/airflow/example_dags/example_python_operator.py for tasks to queue
[2023-09-19T13:48:53.690+0000] {logging_mixin.py:151} INFO - [2023-09-19T13:48:53.689+0000] {dagbag.py:539} INFO - Filling up the DagBag from /home/airflow/.local/lib/python3.8/site-packages/airflow/example_dags/example_python_operator.py
[2023-09-19T13:48:53.698+0000] {processor.py:839} INFO - DAG(s) dict_keys(['example_python_operator']) retrieved from /home/airflow/.local/lib/python3.8/site-packages/airflow/example_dags/example_python_operator.py
[2023-09-19T13:48:53.722+0000] {logging_mixin.py:151} INFO - [2023-09-19T13:48:53.721+0000] {dag.py:2915} INFO - Sync 1 DAGs
[2023-09-19T13:48:53.732+0000] {logging_mixin.py:151} INFO - [2023-09-19T13:48:53.732+0000] {dag.py:3696} INFO - Setting next_dagrun for example_python_operator to None, run_after=None
[2023-09-19T13:48:53.753+0000] {processor.py:179} INFO - Processing /home/airflow/.local/lib/python3.8/site-packages/airflow/example_dags/example_python_operator.py took 0.067 seconds
[2023-09-19T13:49:24.326+0000] {processor.py:157} INFO - Started process (PID=3593) to work on /home/airflow/.local/lib/python3.8/site-packages/airflow/example_dags/example_python_operator.py
[2023-09-19T13:49:24.328+0000] {processor.py:829} INFO - Processing file /home/airflow/.local/lib/python3.8/site-packages/airflow/example_dags/example_python_operator.py for tasks to queue
[2023-09-19T13:49:24.328+0000] {logging_mixin.py:151} INFO - [2023-09-19T13:49:24.328+0000] {dagbag.py:539} INFO - Filling up the DagBag from /home/airflow/.local/lib/python3.8/site-packages/airflow/example_dags/example_python_operator.py
[2023-09-19T13:49:24.340+0000] {processor.py:839} INFO - DAG(s) dict_keys(['example_python_operator']) retrieved from /home/airflow/.local/lib/python3.8/site-packages/airflow/example_dags/example_python_operator.py
[2023-09-19T13:49:24.362+0000] {logging_mixin.py:151} INFO - [2023-09-19T13:49:24.362+0000] {dag.py:2915} INFO - Sync 1 DAGs
[2023-09-19T13:49:24.375+0000] {logging_mixin.py:151} INFO - [2023-09-19T13:49:24.375+0000] {dag.py:3696} INFO - Setting next_dagrun for example_python_operator to None, run_after=None
[2023-09-19T13:49:24.398+0000] {processor.py:179} INFO - Processing /home/airflow/.local/lib/python3.8/site-packages/airflow/example_dags/example_python_operator.py took 0.074 seconds
[2023-09-19T13:49:54.895+0000] {processor.py:157} INFO - Started process (PID=3831) to work on /home/airflow/.local/lib/python3.8/site-packages/airflow/example_dags/example_python_operator.py
[2023-09-19T13:49:54.896+0000] {processor.py:829} INFO - Processing file /home/airflow/.local/lib/python3.8/site-packages/airflow/example_dags/example_python_operator.py for tasks to queue
[2023-09-19T13:49:54.897+0000] {logging_mixin.py:151} INFO - [2023-09-19T13:49:54.897+0000] {dagbag.py:539} INFO - Filling up the DagBag from /home/airflow/.local/lib/python3.8/site-packages/airflow/example_dags/example_python_operator.py
[2023-09-19T13:49:54.905+0000] {processor.py:839} INFO - DAG(s) dict_keys(['example_python_operator']) retrieved from /home/airflow/.local/lib/python3.8/site-packages/airflow/example_dags/example_python_operator.py
[2023-09-19T13:49:54.925+0000] {logging_mixin.py:151} INFO - [2023-09-19T13:49:54.924+0000] {dag.py:2915} INFO - Sync 1 DAGs
[2023-09-19T13:49:54.936+0000] {logging_mixin.py:151} INFO - [2023-09-19T13:49:54.936+0000] {dag.py:3696} INFO - Setting next_dagrun for example_python_operator to None, run_after=None
[2023-09-19T13:49:54.959+0000] {processor.py:179} INFO - Processing /home/airflow/.local/lib/python3.8/site-packages/airflow/example_dags/example_python_operator.py took 0.067 seconds
[2023-09-19T13:50:25.496+0000] {processor.py:157} INFO - Started process (PID=4069) to work on /home/airflow/.local/lib/python3.8/site-packages/airflow/example_dags/example_python_operator.py
[2023-09-19T13:50:25.497+0000] {processor.py:829} INFO - Processing file /home/airflow/.local/lib/python3.8/site-packages/airflow/example_dags/example_python_operator.py for tasks to queue
[2023-09-19T13:50:25.498+0000] {logging_mixin.py:151} INFO - [2023-09-19T13:50:25.498+0000] {dagbag.py:539} INFO - Filling up the DagBag from /home/airflow/.local/lib/python3.8/site-packages/airflow/example_dags/example_python_operator.py
[2023-09-19T13:50:25.506+0000] {processor.py:839} INFO - DAG(s) dict_keys(['example_python_operator']) retrieved from /home/airflow/.local/lib/python3.8/site-packages/airflow/example_dags/example_python_operator.py
[2023-09-19T13:50:25.527+0000] {logging_mixin.py:151} INFO - [2023-09-19T13:50:25.527+0000] {dag.py:2915} INFO - Sync 1 DAGs
[2023-09-19T13:50:25.538+0000] {logging_mixin.py:151} INFO - [2023-09-19T13:50:25.538+0000] {dag.py:3696} INFO - Setting next_dagrun for example_python_operator to None, run_after=None
[2023-09-19T13:50:25.558+0000] {processor.py:179} INFO - Processing /home/airflow/.local/lib/python3.8/site-packages/airflow/example_dags/example_python_operator.py took 0.064 seconds
[2023-09-19T13:50:55.936+0000] {processor.py:157} INFO - Started process (PID=4306) to work on /home/airflow/.local/lib/python3.8/site-packages/airflow/example_dags/example_python_operator.py
[2023-09-19T13:50:55.937+0000] {processor.py:829} INFO - Processing file /home/airflow/.local/lib/python3.8/site-packages/airflow/example_dags/example_python_operator.py for tasks to queue
[2023-09-19T13:50:55.938+0000] {logging_mixin.py:151} INFO - [2023-09-19T13:50:55.938+0000] {dagbag.py:539} INFO - Filling up the DagBag from /home/airflow/.local/lib/python3.8/site-packages/airflow/example_dags/example_python_operator.py
[2023-09-19T13:50:55.947+0000] {processor.py:839} INFO - DAG(s) dict_keys(['example_python_operator']) retrieved from /home/airflow/.local/lib/python3.8/site-packages/airflow/example_dags/example_python_operator.py
[2023-09-19T13:50:55.967+0000] {logging_mixin.py:151} INFO - [2023-09-19T13:50:55.966+0000] {dag.py:2915} INFO - Sync 1 DAGs
[2023-09-19T13:50:55.977+0000] {logging_mixin.py:151} INFO - [2023-09-19T13:50:55.977+0000] {dag.py:3696} INFO - Setting next_dagrun for example_python_operator to None, run_after=None
[2023-09-19T13:50:56.005+0000] {processor.py:179} INFO - Processing /home/airflow/.local/lib/python3.8/site-packages/airflow/example_dags/example_python_operator.py took 0.075 seconds
[2023-09-19T13:51:26.386+0000] {processor.py:157} INFO - Started process (PID=4544) to work on /home/airflow/.local/lib/python3.8/site-packages/airflow/example_dags/example_python_operator.py
[2023-09-19T13:51:26.389+0000] {processor.py:829} INFO - Processing file /home/airflow/.local/lib/python3.8/site-packages/airflow/example_dags/example_python_operator.py for tasks to queue
[2023-09-19T13:51:26.390+0000] {logging_mixin.py:151} INFO - [2023-09-19T13:51:26.390+0000] {dagbag.py:539} INFO - Filling up the DagBag from /home/airflow/.local/lib/python3.8/site-packages/airflow/example_dags/example_python_operator.py
[2023-09-19T13:51:26.400+0000] {processor.py:839} INFO - DAG(s) dict_keys(['example_python_operator']) retrieved from /home/airflow/.local/lib/python3.8/site-packages/airflow/example_dags/example_python_operator.py
[2023-09-19T13:51:26.420+0000] {logging_mixin.py:151} INFO - [2023-09-19T13:51:26.419+0000] {dag.py:2915} INFO - Sync 1 DAGs
[2023-09-19T13:51:26.432+0000] {logging_mixin.py:151} INFO - [2023-09-19T13:51:26.432+0000] {dag.py:3696} INFO - Setting next_dagrun for example_python_operator to None, run_after=None
[2023-09-19T13:51:26.461+0000] {processor.py:179} INFO - Processing /home/airflow/.local/lib/python3.8/site-packages/airflow/example_dags/example_python_operator.py took 0.078 seconds
[2023-09-19T13:51:56.752+0000] {processor.py:157} INFO - Started process (PID=4782) to work on /home/airflow/.local/lib/python3.8/site-packages/airflow/example_dags/example_python_operator.py
[2023-09-19T13:51:56.753+0000] {processor.py:829} INFO - Processing file /home/airflow/.local/lib/python3.8/site-packages/airflow/example_dags/example_python_operator.py for tasks to queue
[2023-09-19T13:51:56.754+0000] {logging_mixin.py:151} INFO - [2023-09-19T13:51:56.753+0000] {dagbag.py:539} INFO - Filling up the DagBag from /home/airflow/.local/lib/python3.8/site-packages/airflow/example_dags/example_python_operator.py
[2023-09-19T13:51:56.761+0000] {processor.py:839} INFO - DAG(s) dict_keys(['example_python_operator']) retrieved from /home/airflow/.local/lib/python3.8/site-packages/airflow/example_dags/example_python_operator.py
[2023-09-19T13:51:56.778+0000] {logging_mixin.py:151} INFO - [2023-09-19T13:51:56.778+0000] {dag.py:2915} INFO - Sync 1 DAGs
[2023-09-19T13:51:56.788+0000] {logging_mixin.py:151} INFO - [2023-09-19T13:51:56.788+0000] {dag.py:3696} INFO - Setting next_dagrun for example_python_operator to None, run_after=None
[2023-09-19T13:51:56.810+0000] {processor.py:179} INFO - Processing /home/airflow/.local/lib/python3.8/site-packages/airflow/example_dags/example_python_operator.py took 0.060 seconds
[2023-09-19T13:52:26.950+0000] {processor.py:157} INFO - Started process (PID=5020) to work on /home/airflow/.local/lib/python3.8/site-packages/airflow/example_dags/example_python_operator.py
[2023-09-19T13:52:26.951+0000] {processor.py:829} INFO - Processing file /home/airflow/.local/lib/python3.8/site-packages/airflow/example_dags/example_python_operator.py for tasks to queue
[2023-09-19T13:52:26.952+0000] {logging_mixin.py:151} INFO - [2023-09-19T13:52:26.951+0000] {dagbag.py:539} INFO - Filling up the DagBag from /home/airflow/.local/lib/python3.8/site-packages/airflow/example_dags/example_python_operator.py
[2023-09-19T13:52:26.959+0000] {processor.py:839} INFO - DAG(s) dict_keys(['example_python_operator']) retrieved from /home/airflow/.local/lib/python3.8/site-packages/airflow/example_dags/example_python_operator.py
[2023-09-19T13:52:26.976+0000] {logging_mixin.py:151} INFO - [2023-09-19T13:52:26.976+0000] {dag.py:2915} INFO - Sync 1 DAGs
[2023-09-19T13:52:26.985+0000] {logging_mixin.py:151} INFO - [2023-09-19T13:52:26.985+0000] {dag.py:3696} INFO - Setting next_dagrun for example_python_operator to None, run_after=None
[2023-09-19T13:52:27.005+0000] {processor.py:179} INFO - Processing /home/airflow/.local/lib/python3.8/site-packages/airflow/example_dags/example_python_operator.py took 0.059 seconds
[2023-09-19T13:52:57.088+0000] {processor.py:157} INFO - Started process (PID=5259) to work on /home/airflow/.local/lib/python3.8/site-packages/airflow/example_dags/example_python_operator.py
[2023-09-19T13:52:57.088+0000] {processor.py:829} INFO - Processing file /home/airflow/.local/lib/python3.8/site-packages/airflow/example_dags/example_python_operator.py for tasks to queue
[2023-09-19T13:52:57.089+0000] {logging_mixin.py:151} INFO - [2023-09-19T13:52:57.089+0000] {dagbag.py:539} INFO - Filling up the DagBag from /home/airflow/.local/lib/python3.8/site-packages/airflow/example_dags/example_python_operator.py
[2023-09-19T13:52:57.097+0000] {processor.py:839} INFO - DAG(s) dict_keys(['example_python_operator']) retrieved from /home/airflow/.local/lib/python3.8/site-packages/airflow/example_dags/example_python_operator.py
[2023-09-19T13:52:57.115+0000] {logging_mixin.py:151} INFO - [2023-09-19T13:52:57.115+0000] {dag.py:2915} INFO - Sync 1 DAGs
[2023-09-19T13:52:57.125+0000] {logging_mixin.py:151} INFO - [2023-09-19T13:52:57.125+0000] {dag.py:3696} INFO - Setting next_dagrun for example_python_operator to None, run_after=None
[2023-09-19T13:52:57.141+0000] {processor.py:179} INFO - Processing /home/airflow/.local/lib/python3.8/site-packages/airflow/example_dags/example_python_operator.py took 0.055 seconds
[2023-09-19T13:53:27.352+0000] {processor.py:157} INFO - Started process (PID=5494) to work on /home/airflow/.local/lib/python3.8/site-packages/airflow/example_dags/example_python_operator.py
[2023-09-19T13:53:27.354+0000] {processor.py:829} INFO - Processing file /home/airflow/.local/lib/python3.8/site-packages/airflow/example_dags/example_python_operator.py for tasks to queue
[2023-09-19T13:53:27.355+0000] {logging_mixin.py:151} INFO - [2023-09-19T13:53:27.354+0000] {dagbag.py:539} INFO - Filling up the DagBag from /home/airflow/.local/lib/python3.8/site-packages/airflow/example_dags/example_python_operator.py
[2023-09-19T13:53:27.365+0000] {processor.py:839} INFO - DAG(s) dict_keys(['example_python_operator']) retrieved from /home/airflow/.local/lib/python3.8/site-packages/airflow/example_dags/example_python_operator.py
[2023-09-19T13:53:27.383+0000] {logging_mixin.py:151} INFO - [2023-09-19T13:53:27.383+0000] {dag.py:2915} INFO - Sync 1 DAGs
[2023-09-19T13:53:27.394+0000] {logging_mixin.py:151} INFO - [2023-09-19T13:53:27.393+0000] {dag.py:3696} INFO - Setting next_dagrun for example_python_operator to None, run_after=None
[2023-09-19T13:53:27.415+0000] {processor.py:179} INFO - Processing /home/airflow/.local/lib/python3.8/site-packages/airflow/example_dags/example_python_operator.py took 0.065 seconds
[2023-09-19T13:53:57.652+0000] {processor.py:157} INFO - Started process (PID=5730) to work on /home/airflow/.local/lib/python3.8/site-packages/airflow/example_dags/example_python_operator.py
[2023-09-19T13:53:57.653+0000] {processor.py:829} INFO - Processing file /home/airflow/.local/lib/python3.8/site-packages/airflow/example_dags/example_python_operator.py for tasks to queue
[2023-09-19T13:53:57.653+0000] {logging_mixin.py:151} INFO - [2023-09-19T13:53:57.653+0000] {dagbag.py:539} INFO - Filling up the DagBag from /home/airflow/.local/lib/python3.8/site-packages/airflow/example_dags/example_python_operator.py
[2023-09-19T13:53:57.662+0000] {processor.py:839} INFO - DAG(s) dict_keys(['example_python_operator']) retrieved from /home/airflow/.local/lib/python3.8/site-packages/airflow/example_dags/example_python_operator.py
[2023-09-19T13:53:57.684+0000] {logging_mixin.py:151} INFO - [2023-09-19T13:53:57.683+0000] {dag.py:2915} INFO - Sync 1 DAGs
[2023-09-19T13:53:57.694+0000] {logging_mixin.py:151} INFO - [2023-09-19T13:53:57.694+0000] {dag.py:3696} INFO - Setting next_dagrun for example_python_operator to None, run_after=None
[2023-09-19T13:53:57.712+0000] {processor.py:179} INFO - Processing /home/airflow/.local/lib/python3.8/site-packages/airflow/example_dags/example_python_operator.py took 0.062 seconds
[2023-09-19T13:54:28.020+0000] {processor.py:157} INFO - Started process (PID=5968) to work on /home/airflow/.local/lib/python3.8/site-packages/airflow/example_dags/example_python_operator.py
[2023-09-19T13:54:28.022+0000] {processor.py:829} INFO - Processing file /home/airflow/.local/lib/python3.8/site-packages/airflow/example_dags/example_python_operator.py for tasks to queue
[2023-09-19T13:54:28.023+0000] {logging_mixin.py:151} INFO - [2023-09-19T13:54:28.022+0000] {dagbag.py:539} INFO - Filling up the DagBag from /home/airflow/.local/lib/python3.8/site-packages/airflow/example_dags/example_python_operator.py
[2023-09-19T13:54:28.033+0000] {processor.py:839} INFO - DAG(s) dict_keys(['example_python_operator']) retrieved from /home/airflow/.local/lib/python3.8/site-packages/airflow/example_dags/example_python_operator.py
[2023-09-19T13:54:28.055+0000] {logging_mixin.py:151} INFO - [2023-09-19T13:54:28.054+0000] {dag.py:2915} INFO - Sync 1 DAGs
[2023-09-19T13:54:28.064+0000] {logging_mixin.py:151} INFO - [2023-09-19T13:54:28.064+0000] {dag.py:3696} INFO - Setting next_dagrun for example_python_operator to None, run_after=None
[2023-09-19T13:54:28.080+0000] {processor.py:179} INFO - Processing /home/airflow/.local/lib/python3.8/site-packages/airflow/example_dags/example_python_operator.py took 0.063 seconds
[2023-09-19T13:54:58.443+0000] {processor.py:157} INFO - Started process (PID=6206) to work on /home/airflow/.local/lib/python3.8/site-packages/airflow/example_dags/example_python_operator.py
[2023-09-19T13:54:58.444+0000] {processor.py:829} INFO - Processing file /home/airflow/.local/lib/python3.8/site-packages/airflow/example_dags/example_python_operator.py for tasks to queue
[2023-09-19T13:54:58.444+0000] {logging_mixin.py:151} INFO - [2023-09-19T13:54:58.444+0000] {dagbag.py:539} INFO - Filling up the DagBag from /home/airflow/.local/lib/python3.8/site-packages/airflow/example_dags/example_python_operator.py
[2023-09-19T13:54:58.455+0000] {processor.py:839} INFO - DAG(s) dict_keys(['example_python_operator']) retrieved from /home/airflow/.local/lib/python3.8/site-packages/airflow/example_dags/example_python_operator.py
[2023-09-19T13:54:58.473+0000] {logging_mixin.py:151} INFO - [2023-09-19T13:54:58.473+0000] {dag.py:2915} INFO - Sync 1 DAGs
[2023-09-19T13:54:58.482+0000] {logging_mixin.py:151} INFO - [2023-09-19T13:54:58.482+0000] {dag.py:3696} INFO - Setting next_dagrun for example_python_operator to None, run_after=None
[2023-09-19T13:54:58.502+0000] {processor.py:179} INFO - Processing /home/airflow/.local/lib/python3.8/site-packages/airflow/example_dags/example_python_operator.py took 0.062 seconds
[2023-09-19T13:55:28.697+0000] {processor.py:157} INFO - Started process (PID=6444) to work on /home/airflow/.local/lib/python3.8/site-packages/airflow/example_dags/example_python_operator.py
[2023-09-19T13:55:28.699+0000] {processor.py:829} INFO - Processing file /home/airflow/.local/lib/python3.8/site-packages/airflow/example_dags/example_python_operator.py for tasks to queue
[2023-09-19T13:55:28.700+0000] {logging_mixin.py:151} INFO - [2023-09-19T13:55:28.700+0000] {dagbag.py:539} INFO - Filling up the DagBag from /home/airflow/.local/lib/python3.8/site-packages/airflow/example_dags/example_python_operator.py
[2023-09-19T13:55:28.707+0000] {processor.py:839} INFO - DAG(s) dict_keys(['example_python_operator']) retrieved from /home/airflow/.local/lib/python3.8/site-packages/airflow/example_dags/example_python_operator.py
[2023-09-19T13:55:28.724+0000] {logging_mixin.py:151} INFO - [2023-09-19T13:55:28.724+0000] {dag.py:2915} INFO - Sync 1 DAGs
[2023-09-19T13:55:28.737+0000] {logging_mixin.py:151} INFO - [2023-09-19T13:55:28.736+0000] {dag.py:3696} INFO - Setting next_dagrun for example_python_operator to None, run_after=None
[2023-09-19T13:55:28.753+0000] {processor.py:179} INFO - Processing /home/airflow/.local/lib/python3.8/site-packages/airflow/example_dags/example_python_operator.py took 0.058 seconds
[2023-09-19T13:55:58.876+0000] {processor.py:157} INFO - Started process (PID=6682) to work on /home/airflow/.local/lib/python3.8/site-packages/airflow/example_dags/example_python_operator.py
[2023-09-19T13:55:58.877+0000] {processor.py:829} INFO - Processing file /home/airflow/.local/lib/python3.8/site-packages/airflow/example_dags/example_python_operator.py for tasks to queue
[2023-09-19T13:55:58.878+0000] {logging_mixin.py:151} INFO - [2023-09-19T13:55:58.878+0000] {dagbag.py:539} INFO - Filling up the DagBag from /home/airflow/.local/lib/python3.8/site-packages/airflow/example_dags/example_python_operator.py
[2023-09-19T13:55:58.886+0000] {processor.py:839} INFO - DAG(s) dict_keys(['example_python_operator']) retrieved from /home/airflow/.local/lib/python3.8/site-packages/airflow/example_dags/example_python_operator.py
[2023-09-19T13:55:58.904+0000] {logging_mixin.py:151} INFO - [2023-09-19T13:55:58.904+0000] {dag.py:2915} INFO - Sync 1 DAGs
[2023-09-19T13:55:58.916+0000] {logging_mixin.py:151} INFO - [2023-09-19T13:55:58.916+0000] {dag.py:3696} INFO - Setting next_dagrun for example_python_operator to None, run_after=None
[2023-09-19T13:55:58.933+0000] {processor.py:179} INFO - Processing /home/airflow/.local/lib/python3.8/site-packages/airflow/example_dags/example_python_operator.py took 0.058 seconds
[2023-09-19T13:56:29.050+0000] {processor.py:157} INFO - Started process (PID=6920) to work on /home/airflow/.local/lib/python3.8/site-packages/airflow/example_dags/example_python_operator.py
[2023-09-19T13:56:29.051+0000] {processor.py:829} INFO - Processing file /home/airflow/.local/lib/python3.8/site-packages/airflow/example_dags/example_python_operator.py for tasks to queue
[2023-09-19T13:56:29.052+0000] {logging_mixin.py:151} INFO - [2023-09-19T13:56:29.052+0000] {dagbag.py:539} INFO - Filling up the DagBag from /home/airflow/.local/lib/python3.8/site-packages/airflow/example_dags/example_python_operator.py
[2023-09-19T13:56:29.059+0000] {processor.py:839} INFO - DAG(s) dict_keys(['example_python_operator']) retrieved from /home/airflow/.local/lib/python3.8/site-packages/airflow/example_dags/example_python_operator.py
[2023-09-19T13:56:29.079+0000] {logging_mixin.py:151} INFO - [2023-09-19T13:56:29.079+0000] {dag.py:2915} INFO - Sync 1 DAGs
[2023-09-19T13:56:29.089+0000] {logging_mixin.py:151} INFO - [2023-09-19T13:56:29.088+0000] {dag.py:3696} INFO - Setting next_dagrun for example_python_operator to None, run_after=None
[2023-09-19T13:56:29.105+0000] {processor.py:179} INFO - Processing /home/airflow/.local/lib/python3.8/site-packages/airflow/example_dags/example_python_operator.py took 0.058 seconds
[2023-09-19T13:56:59.323+0000] {processor.py:157} INFO - Started process (PID=7158) to work on /home/airflow/.local/lib/python3.8/site-packages/airflow/example_dags/example_python_operator.py
[2023-09-19T13:56:59.324+0000] {processor.py:829} INFO - Processing file /home/airflow/.local/lib/python3.8/site-packages/airflow/example_dags/example_python_operator.py for tasks to queue
[2023-09-19T13:56:59.325+0000] {logging_mixin.py:151} INFO - [2023-09-19T13:56:59.325+0000] {dagbag.py:539} INFO - Filling up the DagBag from /home/airflow/.local/lib/python3.8/site-packages/airflow/example_dags/example_python_operator.py
[2023-09-19T13:56:59.333+0000] {processor.py:839} INFO - DAG(s) dict_keys(['example_python_operator']) retrieved from /home/airflow/.local/lib/python3.8/site-packages/airflow/example_dags/example_python_operator.py
[2023-09-19T13:56:59.356+0000] {logging_mixin.py:151} INFO - [2023-09-19T13:56:59.356+0000] {dag.py:2915} INFO - Sync 1 DAGs
[2023-09-19T13:56:59.365+0000] {logging_mixin.py:151} INFO - [2023-09-19T13:56:59.365+0000] {dag.py:3696} INFO - Setting next_dagrun for example_python_operator to None, run_after=None
[2023-09-19T13:56:59.381+0000] {processor.py:179} INFO - Processing /home/airflow/.local/lib/python3.8/site-packages/airflow/example_dags/example_python_operator.py took 0.060 seconds
[2023-09-19T13:57:29.887+0000] {processor.py:157} INFO - Started process (PID=7396) to work on /home/airflow/.local/lib/python3.8/site-packages/airflow/example_dags/example_python_operator.py
[2023-09-19T13:57:29.888+0000] {processor.py:829} INFO - Processing file /home/airflow/.local/lib/python3.8/site-packages/airflow/example_dags/example_python_operator.py for tasks to queue
[2023-09-19T13:57:29.889+0000] {logging_mixin.py:151} INFO - [2023-09-19T13:57:29.888+0000] {dagbag.py:539} INFO - Filling up the DagBag from /home/airflow/.local/lib/python3.8/site-packages/airflow/example_dags/example_python_operator.py
[2023-09-19T13:57:29.897+0000] {processor.py:839} INFO - DAG(s) dict_keys(['example_python_operator']) retrieved from /home/airflow/.local/lib/python3.8/site-packages/airflow/example_dags/example_python_operator.py
[2023-09-19T13:57:29.918+0000] {logging_mixin.py:151} INFO - [2023-09-19T13:57:29.917+0000] {dag.py:2915} INFO - Sync 1 DAGs
[2023-09-19T13:57:29.927+0000] {logging_mixin.py:151} INFO - [2023-09-19T13:57:29.927+0000] {dag.py:3696} INFO - Setting next_dagrun for example_python_operator to None, run_after=None
[2023-09-19T13:57:29.943+0000] {processor.py:179} INFO - Processing /home/airflow/.local/lib/python3.8/site-packages/airflow/example_dags/example_python_operator.py took 0.059 seconds
[2023-09-19T13:58:00.105+0000] {processor.py:157} INFO - Started process (PID=7637) to work on /home/airflow/.local/lib/python3.8/site-packages/airflow/example_dags/example_python_operator.py
[2023-09-19T13:58:00.106+0000] {processor.py:829} INFO - Processing file /home/airflow/.local/lib/python3.8/site-packages/airflow/example_dags/example_python_operator.py for tasks to queue
[2023-09-19T13:58:00.106+0000] {logging_mixin.py:151} INFO - [2023-09-19T13:58:00.106+0000] {dagbag.py:539} INFO - Filling up the DagBag from /home/airflow/.local/lib/python3.8/site-packages/airflow/example_dags/example_python_operator.py
[2023-09-19T13:58:00.115+0000] {processor.py:839} INFO - DAG(s) dict_keys(['example_python_operator']) retrieved from /home/airflow/.local/lib/python3.8/site-packages/airflow/example_dags/example_python_operator.py
[2023-09-19T13:58:00.133+0000] {logging_mixin.py:151} INFO - [2023-09-19T13:58:00.133+0000] {dag.py:2915} INFO - Sync 1 DAGs
[2023-09-19T13:58:00.144+0000] {logging_mixin.py:151} INFO - [2023-09-19T13:58:00.143+0000] {dag.py:3696} INFO - Setting next_dagrun for example_python_operator to None, run_after=None
[2023-09-19T13:58:00.160+0000] {processor.py:179} INFO - Processing /home/airflow/.local/lib/python3.8/site-packages/airflow/example_dags/example_python_operator.py took 0.058 seconds
[2023-09-19T13:58:30.457+0000] {processor.py:157} INFO - Started process (PID=7873) to work on /home/airflow/.local/lib/python3.8/site-packages/airflow/example_dags/example_python_operator.py
[2023-09-19T13:58:30.457+0000] {processor.py:829} INFO - Processing file /home/airflow/.local/lib/python3.8/site-packages/airflow/example_dags/example_python_operator.py for tasks to queue
[2023-09-19T13:58:30.458+0000] {logging_mixin.py:151} INFO - [2023-09-19T13:58:30.458+0000] {dagbag.py:539} INFO - Filling up the DagBag from /home/airflow/.local/lib/python3.8/site-packages/airflow/example_dags/example_python_operator.py
[2023-09-19T13:58:30.466+0000] {processor.py:839} INFO - DAG(s) dict_keys(['example_python_operator']) retrieved from /home/airflow/.local/lib/python3.8/site-packages/airflow/example_dags/example_python_operator.py
[2023-09-19T13:58:30.488+0000] {logging_mixin.py:151} INFO - [2023-09-19T13:58:30.488+0000] {dag.py:2915} INFO - Sync 1 DAGs
[2023-09-19T13:58:30.498+0000] {logging_mixin.py:151} INFO - [2023-09-19T13:58:30.497+0000] {dag.py:3696} INFO - Setting next_dagrun for example_python_operator to None, run_after=None
[2023-09-19T13:58:30.518+0000] {processor.py:179} INFO - Processing /home/airflow/.local/lib/python3.8/site-packages/airflow/example_dags/example_python_operator.py took 0.063 seconds
[2023-09-19T13:59:00.660+0000] {processor.py:157} INFO - Started process (PID=8111) to work on /home/airflow/.local/lib/python3.8/site-packages/airflow/example_dags/example_python_operator.py
[2023-09-19T13:59:00.661+0000] {processor.py:829} INFO - Processing file /home/airflow/.local/lib/python3.8/site-packages/airflow/example_dags/example_python_operator.py for tasks to queue
[2023-09-19T13:59:00.662+0000] {logging_mixin.py:151} INFO - [2023-09-19T13:59:00.661+0000] {dagbag.py:539} INFO - Filling up the DagBag from /home/airflow/.local/lib/python3.8/site-packages/airflow/example_dags/example_python_operator.py
[2023-09-19T13:59:00.675+0000] {processor.py:839} INFO - DAG(s) dict_keys(['example_python_operator']) retrieved from /home/airflow/.local/lib/python3.8/site-packages/airflow/example_dags/example_python_operator.py
[2023-09-19T13:59:00.693+0000] {logging_mixin.py:151} INFO - [2023-09-19T13:59:00.693+0000] {dag.py:2915} INFO - Sync 1 DAGs
[2023-09-19T13:59:00.703+0000] {logging_mixin.py:151} INFO - [2023-09-19T13:59:00.703+0000] {dag.py:3696} INFO - Setting next_dagrun for example_python_operator to None, run_after=None
[2023-09-19T13:59:00.722+0000] {processor.py:179} INFO - Processing /home/airflow/.local/lib/python3.8/site-packages/airflow/example_dags/example_python_operator.py took 0.065 seconds
[2023-09-19T13:59:30.814+0000] {processor.py:157} INFO - Started process (PID=8349) to work on /home/airflow/.local/lib/python3.8/site-packages/airflow/example_dags/example_python_operator.py
[2023-09-19T13:59:30.815+0000] {processor.py:829} INFO - Processing file /home/airflow/.local/lib/python3.8/site-packages/airflow/example_dags/example_python_operator.py for tasks to queue
[2023-09-19T13:59:30.815+0000] {logging_mixin.py:151} INFO - [2023-09-19T13:59:30.815+0000] {dagbag.py:539} INFO - Filling up the DagBag from /home/airflow/.local/lib/python3.8/site-packages/airflow/example_dags/example_python_operator.py
[2023-09-19T13:59:30.823+0000] {processor.py:839} INFO - DAG(s) dict_keys(['example_python_operator']) retrieved from /home/airflow/.local/lib/python3.8/site-packages/airflow/example_dags/example_python_operator.py
[2023-09-19T13:59:30.841+0000] {logging_mixin.py:151} INFO - [2023-09-19T13:59:30.841+0000] {dag.py:2915} INFO - Sync 1 DAGs
[2023-09-19T13:59:30.855+0000] {logging_mixin.py:151} INFO - [2023-09-19T13:59:30.855+0000] {dag.py:3696} INFO - Setting next_dagrun for example_python_operator to None, run_after=None
[2023-09-19T13:59:30.870+0000] {processor.py:179} INFO - Processing /home/airflow/.local/lib/python3.8/site-packages/airflow/example_dags/example_python_operator.py took 0.058 seconds
