[2023-09-19T13:42:08.472+0000] {processor.py:157} INFO - Started process (PID=237) to work on /home/airflow/.local/lib/python3.8/site-packages/airflow/example_dags/example_external_task_marker_dag.py
[2023-09-19T13:42:08.472+0000] {processor.py:829} INFO - Processing file /home/airflow/.local/lib/python3.8/site-packages/airflow/example_dags/example_external_task_marker_dag.py for tasks to queue
[2023-09-19T13:42:08.473+0000] {logging_mixin.py:151} INFO - [2023-09-19T13:42:08.473+0000] {dagbag.py:539} INFO - Filling up the DagBag from /home/airflow/.local/lib/python3.8/site-packages/airflow/example_dags/example_external_task_marker_dag.py
[2023-09-19T13:42:08.480+0000] {processor.py:839} INFO - DAG(s) dict_keys(['example_external_task_marker_child', 'example_external_task_marker_parent']) retrieved from /home/airflow/.local/lib/python3.8/site-packages/airflow/example_dags/example_external_task_marker_dag.py
[2023-09-19T13:42:08.504+0000] {logging_mixin.py:151} INFO - [2023-09-19T13:42:08.503+0000] {dag.py:2915} INFO - Sync 2 DAGs
[2023-09-19T13:42:08.515+0000] {logging_mixin.py:151} INFO - [2023-09-19T13:42:08.515+0000] {dag.py:3696} INFO - Setting next_dagrun for example_external_task_marker_child to None, run_after=None
[2023-09-19T13:42:08.518+0000] {logging_mixin.py:151} INFO - [2023-09-19T13:42:08.518+0000] {dag.py:3696} INFO - Setting next_dagrun for example_external_task_marker_parent to None, run_after=None
[2023-09-19T13:42:08.537+0000] {processor.py:179} INFO - Processing /home/airflow/.local/lib/python3.8/site-packages/airflow/example_dags/example_external_task_marker_dag.py took 0.067 seconds
[2023-09-19T13:42:45.973+0000] {processor.py:157} INFO - Started process (PID=473) to work on /home/airflow/.local/lib/python3.8/site-packages/airflow/example_dags/example_external_task_marker_dag.py
[2023-09-19T13:42:45.974+0000] {processor.py:829} INFO - Processing file /home/airflow/.local/lib/python3.8/site-packages/airflow/example_dags/example_external_task_marker_dag.py for tasks to queue
[2023-09-19T13:42:45.974+0000] {logging_mixin.py:151} INFO - [2023-09-19T13:42:45.974+0000] {dagbag.py:539} INFO - Filling up the DagBag from /home/airflow/.local/lib/python3.8/site-packages/airflow/example_dags/example_external_task_marker_dag.py
[2023-09-19T13:42:45.979+0000] {processor.py:839} INFO - DAG(s) dict_keys(['example_external_task_marker_parent', 'example_external_task_marker_child']) retrieved from /home/airflow/.local/lib/python3.8/site-packages/airflow/example_dags/example_external_task_marker_dag.py
[2023-09-19T13:42:46.000+0000] {logging_mixin.py:151} INFO - [2023-09-19T13:42:46.000+0000] {dag.py:2915} INFO - Sync 2 DAGs
[2023-09-19T13:42:46.013+0000] {logging_mixin.py:151} INFO - [2023-09-19T13:42:46.013+0000] {dag.py:3696} INFO - Setting next_dagrun for example_external_task_marker_child to None, run_after=None
[2023-09-19T13:42:46.016+0000] {logging_mixin.py:151} INFO - [2023-09-19T13:42:46.015+0000] {dag.py:3696} INFO - Setting next_dagrun for example_external_task_marker_parent to None, run_after=None
[2023-09-19T13:42:46.032+0000] {processor.py:179} INFO - Processing /home/airflow/.local/lib/python3.8/site-packages/airflow/example_dags/example_external_task_marker_dag.py took 0.062 seconds
[2023-09-19T13:43:16.810+0000] {processor.py:157} INFO - Started process (PID=711) to work on /home/airflow/.local/lib/python3.8/site-packages/airflow/example_dags/example_external_task_marker_dag.py
[2023-09-19T13:43:16.811+0000] {processor.py:829} INFO - Processing file /home/airflow/.local/lib/python3.8/site-packages/airflow/example_dags/example_external_task_marker_dag.py for tasks to queue
[2023-09-19T13:43:16.811+0000] {logging_mixin.py:151} INFO - [2023-09-19T13:43:16.811+0000] {dagbag.py:539} INFO - Filling up the DagBag from /home/airflow/.local/lib/python3.8/site-packages/airflow/example_dags/example_external_task_marker_dag.py
[2023-09-19T13:43:16.932+0000] {processor.py:839} INFO - DAG(s) dict_keys(['example_external_task_marker_child', 'example_external_task_marker_parent']) retrieved from /home/airflow/.local/lib/python3.8/site-packages/airflow/example_dags/example_external_task_marker_dag.py
[2023-09-19T13:43:16.946+0000] {logging_mixin.py:151} INFO - [2023-09-19T13:43:16.946+0000] {dag.py:2915} INFO - Sync 2 DAGs
[2023-09-19T13:43:16.954+0000] {logging_mixin.py:151} INFO - [2023-09-19T13:43:16.954+0000] {dag.py:3696} INFO - Setting next_dagrun for example_external_task_marker_child to None, run_after=None
[2023-09-19T13:43:16.957+0000] {logging_mixin.py:151} INFO - [2023-09-19T13:43:16.957+0000] {dag.py:3696} INFO - Setting next_dagrun for example_external_task_marker_parent to None, run_after=None
[2023-09-19T13:43:16.969+0000] {processor.py:179} INFO - Processing /home/airflow/.local/lib/python3.8/site-packages/airflow/example_dags/example_external_task_marker_dag.py took 0.162 seconds
[2023-09-19T13:43:47.383+0000] {processor.py:157} INFO - Started process (PID=949) to work on /home/airflow/.local/lib/python3.8/site-packages/airflow/example_dags/example_external_task_marker_dag.py
[2023-09-19T13:43:47.384+0000] {processor.py:829} INFO - Processing file /home/airflow/.local/lib/python3.8/site-packages/airflow/example_dags/example_external_task_marker_dag.py for tasks to queue
[2023-09-19T13:43:47.384+0000] {logging_mixin.py:151} INFO - [2023-09-19T13:43:47.384+0000] {dagbag.py:539} INFO - Filling up the DagBag from /home/airflow/.local/lib/python3.8/site-packages/airflow/example_dags/example_external_task_marker_dag.py
[2023-09-19T13:43:47.389+0000] {processor.py:839} INFO - DAG(s) dict_keys(['example_external_task_marker_child', 'example_external_task_marker_parent']) retrieved from /home/airflow/.local/lib/python3.8/site-packages/airflow/example_dags/example_external_task_marker_dag.py
[2023-09-19T13:43:47.407+0000] {logging_mixin.py:151} INFO - [2023-09-19T13:43:47.407+0000] {dag.py:2915} INFO - Sync 2 DAGs
[2023-09-19T13:43:47.419+0000] {logging_mixin.py:151} INFO - [2023-09-19T13:43:47.419+0000] {dag.py:3696} INFO - Setting next_dagrun for example_external_task_marker_child to None, run_after=None
[2023-09-19T13:43:47.422+0000] {logging_mixin.py:151} INFO - [2023-09-19T13:43:47.422+0000] {dag.py:3696} INFO - Setting next_dagrun for example_external_task_marker_parent to None, run_after=None
[2023-09-19T13:43:47.437+0000] {processor.py:179} INFO - Processing /home/airflow/.local/lib/python3.8/site-packages/airflow/example_dags/example_external_task_marker_dag.py took 0.056 seconds
[2023-09-19T13:44:17.729+0000] {processor.py:157} INFO - Started process (PID=1187) to work on /home/airflow/.local/lib/python3.8/site-packages/airflow/example_dags/example_external_task_marker_dag.py
[2023-09-19T13:44:17.729+0000] {processor.py:829} INFO - Processing file /home/airflow/.local/lib/python3.8/site-packages/airflow/example_dags/example_external_task_marker_dag.py for tasks to queue
[2023-09-19T13:44:17.730+0000] {logging_mixin.py:151} INFO - [2023-09-19T13:44:17.730+0000] {dagbag.py:539} INFO - Filling up the DagBag from /home/airflow/.local/lib/python3.8/site-packages/airflow/example_dags/example_external_task_marker_dag.py
[2023-09-19T13:44:17.733+0000] {processor.py:839} INFO - DAG(s) dict_keys(['example_external_task_marker_child', 'example_external_task_marker_parent']) retrieved from /home/airflow/.local/lib/python3.8/site-packages/airflow/example_dags/example_external_task_marker_dag.py
[2023-09-19T13:44:17.752+0000] {logging_mixin.py:151} INFO - [2023-09-19T13:44:17.752+0000] {dag.py:2915} INFO - Sync 2 DAGs
[2023-09-19T13:44:17.760+0000] {logging_mixin.py:151} INFO - [2023-09-19T13:44:17.760+0000] {dag.py:3696} INFO - Setting next_dagrun for example_external_task_marker_child to None, run_after=None
[2023-09-19T13:44:17.762+0000] {logging_mixin.py:151} INFO - [2023-09-19T13:44:17.762+0000] {dag.py:3696} INFO - Setting next_dagrun for example_external_task_marker_parent to None, run_after=None
[2023-09-19T13:44:17.775+0000] {processor.py:179} INFO - Processing /home/airflow/.local/lib/python3.8/site-packages/airflow/example_dags/example_external_task_marker_dag.py took 0.049 seconds
[2023-09-19T13:44:48.128+0000] {processor.py:157} INFO - Started process (PID=1425) to work on /home/airflow/.local/lib/python3.8/site-packages/airflow/example_dags/example_external_task_marker_dag.py
[2023-09-19T13:44:48.129+0000] {processor.py:829} INFO - Processing file /home/airflow/.local/lib/python3.8/site-packages/airflow/example_dags/example_external_task_marker_dag.py for tasks to queue
[2023-09-19T13:44:48.129+0000] {logging_mixin.py:151} INFO - [2023-09-19T13:44:48.129+0000] {dagbag.py:539} INFO - Filling up the DagBag from /home/airflow/.local/lib/python3.8/site-packages/airflow/example_dags/example_external_task_marker_dag.py
[2023-09-19T13:44:48.133+0000] {processor.py:839} INFO - DAG(s) dict_keys(['example_external_task_marker_parent', 'example_external_task_marker_child']) retrieved from /home/airflow/.local/lib/python3.8/site-packages/airflow/example_dags/example_external_task_marker_dag.py
[2023-09-19T13:44:48.152+0000] {logging_mixin.py:151} INFO - [2023-09-19T13:44:48.152+0000] {dag.py:2915} INFO - Sync 2 DAGs
[2023-09-19T13:44:48.161+0000] {logging_mixin.py:151} INFO - [2023-09-19T13:44:48.161+0000] {dag.py:3696} INFO - Setting next_dagrun for example_external_task_marker_child to None, run_after=None
[2023-09-19T13:44:48.166+0000] {logging_mixin.py:151} INFO - [2023-09-19T13:44:48.165+0000] {dag.py:3696} INFO - Setting next_dagrun for example_external_task_marker_parent to None, run_after=None
[2023-09-19T13:44:48.184+0000] {processor.py:179} INFO - Processing /home/airflow/.local/lib/python3.8/site-packages/airflow/example_dags/example_external_task_marker_dag.py took 0.058 seconds
[2023-09-19T13:45:18.507+0000] {processor.py:157} INFO - Started process (PID=1659) to work on /home/airflow/.local/lib/python3.8/site-packages/airflow/example_dags/example_external_task_marker_dag.py
[2023-09-19T13:45:18.518+0000] {processor.py:829} INFO - Processing file /home/airflow/.local/lib/python3.8/site-packages/airflow/example_dags/example_external_task_marker_dag.py for tasks to queue
[2023-09-19T13:45:18.519+0000] {logging_mixin.py:151} INFO - [2023-09-19T13:45:18.518+0000] {dagbag.py:539} INFO - Filling up the DagBag from /home/airflow/.local/lib/python3.8/site-packages/airflow/example_dags/example_external_task_marker_dag.py
[2023-09-19T13:45:18.523+0000] {processor.py:839} INFO - DAG(s) dict_keys(['example_external_task_marker_child', 'example_external_task_marker_parent']) retrieved from /home/airflow/.local/lib/python3.8/site-packages/airflow/example_dags/example_external_task_marker_dag.py
[2023-09-19T13:45:18.537+0000] {logging_mixin.py:151} INFO - [2023-09-19T13:45:18.536+0000] {dag.py:2915} INFO - Sync 2 DAGs
[2023-09-19T13:45:18.555+0000] {logging_mixin.py:151} INFO - [2023-09-19T13:45:18.555+0000] {dag.py:3696} INFO - Setting next_dagrun for example_external_task_marker_child to None, run_after=None
[2023-09-19T13:45:18.559+0000] {logging_mixin.py:151} INFO - [2023-09-19T13:45:18.559+0000] {dag.py:3696} INFO - Setting next_dagrun for example_external_task_marker_parent to None, run_after=None
[2023-09-19T13:45:18.576+0000] {processor.py:179} INFO - Processing /home/airflow/.local/lib/python3.8/site-packages/airflow/example_dags/example_external_task_marker_dag.py took 0.071 seconds
[2023-09-19T13:45:48.828+0000] {processor.py:157} INFO - Started process (PID=1897) to work on /home/airflow/.local/lib/python3.8/site-packages/airflow/example_dags/example_external_task_marker_dag.py
[2023-09-19T13:45:48.831+0000] {processor.py:829} INFO - Processing file /home/airflow/.local/lib/python3.8/site-packages/airflow/example_dags/example_external_task_marker_dag.py for tasks to queue
[2023-09-19T13:45:48.831+0000] {logging_mixin.py:151} INFO - [2023-09-19T13:45:48.831+0000] {dagbag.py:539} INFO - Filling up the DagBag from /home/airflow/.local/lib/python3.8/site-packages/airflow/example_dags/example_external_task_marker_dag.py
[2023-09-19T13:45:48.836+0000] {processor.py:839} INFO - DAG(s) dict_keys(['example_external_task_marker_parent', 'example_external_task_marker_child']) retrieved from /home/airflow/.local/lib/python3.8/site-packages/airflow/example_dags/example_external_task_marker_dag.py
[2023-09-19T13:45:48.858+0000] {logging_mixin.py:151} INFO - [2023-09-19T13:45:48.858+0000] {dag.py:2915} INFO - Sync 2 DAGs
[2023-09-19T13:45:48.869+0000] {logging_mixin.py:151} INFO - [2023-09-19T13:45:48.869+0000] {dag.py:3696} INFO - Setting next_dagrun for example_external_task_marker_child to None, run_after=None
[2023-09-19T13:45:48.871+0000] {logging_mixin.py:151} INFO - [2023-09-19T13:45:48.871+0000] {dag.py:3696} INFO - Setting next_dagrun for example_external_task_marker_parent to None, run_after=None
[2023-09-19T13:45:48.888+0000] {processor.py:179} INFO - Processing /home/airflow/.local/lib/python3.8/site-packages/airflow/example_dags/example_external_task_marker_dag.py took 0.065 seconds
[2023-09-19T13:46:19.479+0000] {processor.py:157} INFO - Started process (PID=2140) to work on /home/airflow/.local/lib/python3.8/site-packages/airflow/example_dags/example_external_task_marker_dag.py
[2023-09-19T13:46:19.481+0000] {processor.py:829} INFO - Processing file /home/airflow/.local/lib/python3.8/site-packages/airflow/example_dags/example_external_task_marker_dag.py for tasks to queue
[2023-09-19T13:46:19.482+0000] {logging_mixin.py:151} INFO - [2023-09-19T13:46:19.482+0000] {dagbag.py:539} INFO - Filling up the DagBag from /home/airflow/.local/lib/python3.8/site-packages/airflow/example_dags/example_external_task_marker_dag.py
[2023-09-19T13:46:19.486+0000] {processor.py:839} INFO - DAG(s) dict_keys(['example_external_task_marker_parent', 'example_external_task_marker_child']) retrieved from /home/airflow/.local/lib/python3.8/site-packages/airflow/example_dags/example_external_task_marker_dag.py
[2023-09-19T13:46:19.513+0000] {logging_mixin.py:151} INFO - [2023-09-19T13:46:19.513+0000] {dag.py:2915} INFO - Sync 2 DAGs
[2023-09-19T13:46:19.529+0000] {logging_mixin.py:151} INFO - [2023-09-19T13:46:19.528+0000] {dag.py:3696} INFO - Setting next_dagrun for example_external_task_marker_child to None, run_after=None
[2023-09-19T13:46:19.533+0000] {logging_mixin.py:151} INFO - [2023-09-19T13:46:19.533+0000] {dag.py:3696} INFO - Setting next_dagrun for example_external_task_marker_parent to None, run_after=None
[2023-09-19T13:46:19.550+0000] {processor.py:179} INFO - Processing /home/airflow/.local/lib/python3.8/site-packages/airflow/example_dags/example_external_task_marker_dag.py took 0.074 seconds
[2023-09-19T13:46:50.268+0000] {processor.py:157} INFO - Started process (PID=2378) to work on /home/airflow/.local/lib/python3.8/site-packages/airflow/example_dags/example_external_task_marker_dag.py
[2023-09-19T13:46:50.270+0000] {processor.py:829} INFO - Processing file /home/airflow/.local/lib/python3.8/site-packages/airflow/example_dags/example_external_task_marker_dag.py for tasks to queue
[2023-09-19T13:46:50.271+0000] {logging_mixin.py:151} INFO - [2023-09-19T13:46:50.271+0000] {dagbag.py:539} INFO - Filling up the DagBag from /home/airflow/.local/lib/python3.8/site-packages/airflow/example_dags/example_external_task_marker_dag.py
[2023-09-19T13:46:50.280+0000] {processor.py:839} INFO - DAG(s) dict_keys(['example_external_task_marker_parent', 'example_external_task_marker_child']) retrieved from /home/airflow/.local/lib/python3.8/site-packages/airflow/example_dags/example_external_task_marker_dag.py
[2023-09-19T13:46:50.316+0000] {logging_mixin.py:151} INFO - [2023-09-19T13:46:50.315+0000] {dag.py:2915} INFO - Sync 2 DAGs
[2023-09-19T13:46:50.333+0000] {logging_mixin.py:151} INFO - [2023-09-19T13:46:50.333+0000] {dag.py:3696} INFO - Setting next_dagrun for example_external_task_marker_child to None, run_after=None
[2023-09-19T13:46:50.338+0000] {logging_mixin.py:151} INFO - [2023-09-19T13:46:50.338+0000] {dag.py:3696} INFO - Setting next_dagrun for example_external_task_marker_parent to None, run_after=None
[2023-09-19T13:46:50.362+0000] {processor.py:179} INFO - Processing /home/airflow/.local/lib/python3.8/site-packages/airflow/example_dags/example_external_task_marker_dag.py took 0.099 seconds
[2023-09-19T13:47:21.260+0000] {processor.py:157} INFO - Started process (PID=2616) to work on /home/airflow/.local/lib/python3.8/site-packages/airflow/example_dags/example_external_task_marker_dag.py
[2023-09-19T13:47:21.262+0000] {processor.py:829} INFO - Processing file /home/airflow/.local/lib/python3.8/site-packages/airflow/example_dags/example_external_task_marker_dag.py for tasks to queue
[2023-09-19T13:47:21.263+0000] {logging_mixin.py:151} INFO - [2023-09-19T13:47:21.263+0000] {dagbag.py:539} INFO - Filling up the DagBag from /home/airflow/.local/lib/python3.8/site-packages/airflow/example_dags/example_external_task_marker_dag.py
[2023-09-19T13:47:21.272+0000] {processor.py:839} INFO - DAG(s) dict_keys(['example_external_task_marker_child', 'example_external_task_marker_parent']) retrieved from /home/airflow/.local/lib/python3.8/site-packages/airflow/example_dags/example_external_task_marker_dag.py
[2023-09-19T13:47:21.317+0000] {logging_mixin.py:151} INFO - [2023-09-19T13:47:21.316+0000] {dag.py:2915} INFO - Sync 2 DAGs
[2023-09-19T13:47:21.341+0000] {logging_mixin.py:151} INFO - [2023-09-19T13:47:21.340+0000] {dag.py:3696} INFO - Setting next_dagrun for example_external_task_marker_child to None, run_after=None
[2023-09-19T13:47:21.345+0000] {logging_mixin.py:151} INFO - [2023-09-19T13:47:21.345+0000] {dag.py:3696} INFO - Setting next_dagrun for example_external_task_marker_parent to None, run_after=None
[2023-09-19T13:47:21.403+0000] {processor.py:179} INFO - Processing /home/airflow/.local/lib/python3.8/site-packages/airflow/example_dags/example_external_task_marker_dag.py took 0.154 seconds
[2023-09-19T13:47:51.476+0000] {processor.py:157} INFO - Started process (PID=2849) to work on /home/airflow/.local/lib/python3.8/site-packages/airflow/example_dags/example_external_task_marker_dag.py
[2023-09-19T13:47:51.477+0000] {processor.py:829} INFO - Processing file /home/airflow/.local/lib/python3.8/site-packages/airflow/example_dags/example_external_task_marker_dag.py for tasks to queue
[2023-09-19T13:47:51.478+0000] {logging_mixin.py:151} INFO - [2023-09-19T13:47:51.478+0000] {dagbag.py:539} INFO - Filling up the DagBag from /home/airflow/.local/lib/python3.8/site-packages/airflow/example_dags/example_external_task_marker_dag.py
[2023-09-19T13:47:51.483+0000] {processor.py:839} INFO - DAG(s) dict_keys(['example_external_task_marker_parent', 'example_external_task_marker_child']) retrieved from /home/airflow/.local/lib/python3.8/site-packages/airflow/example_dags/example_external_task_marker_dag.py
[2023-09-19T13:47:51.504+0000] {logging_mixin.py:151} INFO - [2023-09-19T13:47:51.504+0000] {dag.py:2915} INFO - Sync 2 DAGs
[2023-09-19T13:47:51.516+0000] {logging_mixin.py:151} INFO - [2023-09-19T13:47:51.515+0000] {dag.py:3696} INFO - Setting next_dagrun for example_external_task_marker_child to None, run_after=None
[2023-09-19T13:47:51.520+0000] {logging_mixin.py:151} INFO - [2023-09-19T13:47:51.519+0000] {dag.py:3696} INFO - Setting next_dagrun for example_external_task_marker_parent to None, run_after=None
[2023-09-19T13:47:51.536+0000] {processor.py:179} INFO - Processing /home/airflow/.local/lib/python3.8/site-packages/airflow/example_dags/example_external_task_marker_dag.py took 0.062 seconds
[2023-09-19T13:48:21.909+0000] {processor.py:157} INFO - Started process (PID=3087) to work on /home/airflow/.local/lib/python3.8/site-packages/airflow/example_dags/example_external_task_marker_dag.py
[2023-09-19T13:48:21.909+0000] {processor.py:829} INFO - Processing file /home/airflow/.local/lib/python3.8/site-packages/airflow/example_dags/example_external_task_marker_dag.py for tasks to queue
[2023-09-19T13:48:21.910+0000] {logging_mixin.py:151} INFO - [2023-09-19T13:48:21.910+0000] {dagbag.py:539} INFO - Filling up the DagBag from /home/airflow/.local/lib/python3.8/site-packages/airflow/example_dags/example_external_task_marker_dag.py
[2023-09-19T13:48:21.914+0000] {processor.py:839} INFO - DAG(s) dict_keys(['example_external_task_marker_parent', 'example_external_task_marker_child']) retrieved from /home/airflow/.local/lib/python3.8/site-packages/airflow/example_dags/example_external_task_marker_dag.py
[2023-09-19T13:48:21.937+0000] {logging_mixin.py:151} INFO - [2023-09-19T13:48:21.936+0000] {dag.py:2915} INFO - Sync 2 DAGs
[2023-09-19T13:48:21.949+0000] {logging_mixin.py:151} INFO - [2023-09-19T13:48:21.949+0000] {dag.py:3696} INFO - Setting next_dagrun for example_external_task_marker_child to None, run_after=None
[2023-09-19T13:48:21.954+0000] {logging_mixin.py:151} INFO - [2023-09-19T13:48:21.953+0000] {dag.py:3696} INFO - Setting next_dagrun for example_external_task_marker_parent to None, run_after=None
[2023-09-19T13:48:21.970+0000] {processor.py:179} INFO - Processing /home/airflow/.local/lib/python3.8/site-packages/airflow/example_dags/example_external_task_marker_dag.py took 0.063 seconds
[2023-09-19T13:48:52.328+0000] {processor.py:157} INFO - Started process (PID=3325) to work on /home/airflow/.local/lib/python3.8/site-packages/airflow/example_dags/example_external_task_marker_dag.py
[2023-09-19T13:48:52.329+0000] {processor.py:829} INFO - Processing file /home/airflow/.local/lib/python3.8/site-packages/airflow/example_dags/example_external_task_marker_dag.py for tasks to queue
[2023-09-19T13:48:52.329+0000] {logging_mixin.py:151} INFO - [2023-09-19T13:48:52.329+0000] {dagbag.py:539} INFO - Filling up the DagBag from /home/airflow/.local/lib/python3.8/site-packages/airflow/example_dags/example_external_task_marker_dag.py
[2023-09-19T13:48:52.334+0000] {processor.py:839} INFO - DAG(s) dict_keys(['example_external_task_marker_parent', 'example_external_task_marker_child']) retrieved from /home/airflow/.local/lib/python3.8/site-packages/airflow/example_dags/example_external_task_marker_dag.py
[2023-09-19T13:48:52.356+0000] {logging_mixin.py:151} INFO - [2023-09-19T13:48:52.356+0000] {dag.py:2915} INFO - Sync 2 DAGs
[2023-09-19T13:48:52.369+0000] {logging_mixin.py:151} INFO - [2023-09-19T13:48:52.368+0000] {dag.py:3696} INFO - Setting next_dagrun for example_external_task_marker_child to None, run_after=None
[2023-09-19T13:48:52.372+0000] {logging_mixin.py:151} INFO - [2023-09-19T13:48:52.372+0000] {dag.py:3696} INFO - Setting next_dagrun for example_external_task_marker_parent to None, run_after=None
[2023-09-19T13:48:52.389+0000] {processor.py:179} INFO - Processing /home/airflow/.local/lib/python3.8/site-packages/airflow/example_dags/example_external_task_marker_dag.py took 0.064 seconds
[2023-09-19T13:49:22.956+0000] {processor.py:157} INFO - Started process (PID=3565) to work on /home/airflow/.local/lib/python3.8/site-packages/airflow/example_dags/example_external_task_marker_dag.py
[2023-09-19T13:49:22.957+0000] {processor.py:829} INFO - Processing file /home/airflow/.local/lib/python3.8/site-packages/airflow/example_dags/example_external_task_marker_dag.py for tasks to queue
[2023-09-19T13:49:22.957+0000] {logging_mixin.py:151} INFO - [2023-09-19T13:49:22.957+0000] {dagbag.py:539} INFO - Filling up the DagBag from /home/airflow/.local/lib/python3.8/site-packages/airflow/example_dags/example_external_task_marker_dag.py
[2023-09-19T13:49:22.962+0000] {processor.py:839} INFO - DAG(s) dict_keys(['example_external_task_marker_parent', 'example_external_task_marker_child']) retrieved from /home/airflow/.local/lib/python3.8/site-packages/airflow/example_dags/example_external_task_marker_dag.py
[2023-09-19T13:49:22.990+0000] {logging_mixin.py:151} INFO - [2023-09-19T13:49:22.989+0000] {dag.py:2915} INFO - Sync 2 DAGs
[2023-09-19T13:49:23.000+0000] {logging_mixin.py:151} INFO - [2023-09-19T13:49:23.000+0000] {dag.py:3696} INFO - Setting next_dagrun for example_external_task_marker_child to None, run_after=None
[2023-09-19T13:49:23.004+0000] {logging_mixin.py:151} INFO - [2023-09-19T13:49:23.004+0000] {dag.py:3696} INFO - Setting next_dagrun for example_external_task_marker_parent to None, run_after=None
[2023-09-19T13:49:23.023+0000] {processor.py:179} INFO - Processing /home/airflow/.local/lib/python3.8/site-packages/airflow/example_dags/example_external_task_marker_dag.py took 0.070 seconds
[2023-09-19T13:49:53.533+0000] {processor.py:157} INFO - Started process (PID=3801) to work on /home/airflow/.local/lib/python3.8/site-packages/airflow/example_dags/example_external_task_marker_dag.py
[2023-09-19T13:49:53.534+0000] {processor.py:829} INFO - Processing file /home/airflow/.local/lib/python3.8/site-packages/airflow/example_dags/example_external_task_marker_dag.py for tasks to queue
[2023-09-19T13:49:53.535+0000] {logging_mixin.py:151} INFO - [2023-09-19T13:49:53.535+0000] {dagbag.py:539} INFO - Filling up the DagBag from /home/airflow/.local/lib/python3.8/site-packages/airflow/example_dags/example_external_task_marker_dag.py
[2023-09-19T13:49:53.540+0000] {processor.py:839} INFO - DAG(s) dict_keys(['example_external_task_marker_parent', 'example_external_task_marker_child']) retrieved from /home/airflow/.local/lib/python3.8/site-packages/airflow/example_dags/example_external_task_marker_dag.py
[2023-09-19T13:49:53.562+0000] {logging_mixin.py:151} INFO - [2023-09-19T13:49:53.561+0000] {dag.py:2915} INFO - Sync 2 DAGs
[2023-09-19T13:49:53.575+0000] {logging_mixin.py:151} INFO - [2023-09-19T13:49:53.574+0000] {dag.py:3696} INFO - Setting next_dagrun for example_external_task_marker_child to None, run_after=None
[2023-09-19T13:49:53.578+0000] {logging_mixin.py:151} INFO - [2023-09-19T13:49:53.578+0000] {dag.py:3696} INFO - Setting next_dagrun for example_external_task_marker_parent to None, run_after=None
[2023-09-19T13:49:53.595+0000] {processor.py:179} INFO - Processing /home/airflow/.local/lib/python3.8/site-packages/airflow/example_dags/example_external_task_marker_dag.py took 0.065 seconds
[2023-09-19T13:50:24.185+0000] {processor.py:157} INFO - Started process (PID=4041) to work on /home/airflow/.local/lib/python3.8/site-packages/airflow/example_dags/example_external_task_marker_dag.py
[2023-09-19T13:50:24.187+0000] {processor.py:829} INFO - Processing file /home/airflow/.local/lib/python3.8/site-packages/airflow/example_dags/example_external_task_marker_dag.py for tasks to queue
[2023-09-19T13:50:24.187+0000] {logging_mixin.py:151} INFO - [2023-09-19T13:50:24.187+0000] {dagbag.py:539} INFO - Filling up the DagBag from /home/airflow/.local/lib/python3.8/site-packages/airflow/example_dags/example_external_task_marker_dag.py
[2023-09-19T13:50:24.192+0000] {processor.py:839} INFO - DAG(s) dict_keys(['example_external_task_marker_child', 'example_external_task_marker_parent']) retrieved from /home/airflow/.local/lib/python3.8/site-packages/airflow/example_dags/example_external_task_marker_dag.py
[2023-09-19T13:50:24.215+0000] {logging_mixin.py:151} INFO - [2023-09-19T13:50:24.215+0000] {dag.py:2915} INFO - Sync 2 DAGs
[2023-09-19T13:50:24.226+0000] {logging_mixin.py:151} INFO - [2023-09-19T13:50:24.225+0000] {dag.py:3696} INFO - Setting next_dagrun for example_external_task_marker_child to None, run_after=None
[2023-09-19T13:50:24.228+0000] {logging_mixin.py:151} INFO - [2023-09-19T13:50:24.228+0000] {dag.py:3696} INFO - Setting next_dagrun for example_external_task_marker_parent to None, run_after=None
[2023-09-19T13:50:24.244+0000] {processor.py:179} INFO - Processing /home/airflow/.local/lib/python3.8/site-packages/airflow/example_dags/example_external_task_marker_dag.py took 0.061 seconds
[2023-09-19T13:50:54.567+0000] {processor.py:157} INFO - Started process (PID=4276) to work on /home/airflow/.local/lib/python3.8/site-packages/airflow/example_dags/example_external_task_marker_dag.py
[2023-09-19T13:50:54.569+0000] {processor.py:829} INFO - Processing file /home/airflow/.local/lib/python3.8/site-packages/airflow/example_dags/example_external_task_marker_dag.py for tasks to queue
[2023-09-19T13:50:54.570+0000] {logging_mixin.py:151} INFO - [2023-09-19T13:50:54.570+0000] {dagbag.py:539} INFO - Filling up the DagBag from /home/airflow/.local/lib/python3.8/site-packages/airflow/example_dags/example_external_task_marker_dag.py
[2023-09-19T13:50:54.580+0000] {processor.py:839} INFO - DAG(s) dict_keys(['example_external_task_marker_parent', 'example_external_task_marker_child']) retrieved from /home/airflow/.local/lib/python3.8/site-packages/airflow/example_dags/example_external_task_marker_dag.py
[2023-09-19T13:50:54.606+0000] {logging_mixin.py:151} INFO - [2023-09-19T13:50:54.605+0000] {dag.py:2915} INFO - Sync 2 DAGs
[2023-09-19T13:50:54.618+0000] {logging_mixin.py:151} INFO - [2023-09-19T13:50:54.618+0000] {dag.py:3696} INFO - Setting next_dagrun for example_external_task_marker_child to None, run_after=None
[2023-09-19T13:50:54.624+0000] {logging_mixin.py:151} INFO - [2023-09-19T13:50:54.624+0000] {dag.py:3696} INFO - Setting next_dagrun for example_external_task_marker_parent to None, run_after=None
[2023-09-19T13:50:54.643+0000] {processor.py:179} INFO - Processing /home/airflow/.local/lib/python3.8/site-packages/airflow/example_dags/example_external_task_marker_dag.py took 0.079 seconds
[2023-09-19T13:51:25.013+0000] {processor.py:157} INFO - Started process (PID=4514) to work on /home/airflow/.local/lib/python3.8/site-packages/airflow/example_dags/example_external_task_marker_dag.py
[2023-09-19T13:51:25.015+0000] {processor.py:829} INFO - Processing file /home/airflow/.local/lib/python3.8/site-packages/airflow/example_dags/example_external_task_marker_dag.py for tasks to queue
[2023-09-19T13:51:25.015+0000] {logging_mixin.py:151} INFO - [2023-09-19T13:51:25.015+0000] {dagbag.py:539} INFO - Filling up the DagBag from /home/airflow/.local/lib/python3.8/site-packages/airflow/example_dags/example_external_task_marker_dag.py
[2023-09-19T13:51:25.022+0000] {processor.py:839} INFO - DAG(s) dict_keys(['example_external_task_marker_child', 'example_external_task_marker_parent']) retrieved from /home/airflow/.local/lib/python3.8/site-packages/airflow/example_dags/example_external_task_marker_dag.py
[2023-09-19T13:51:25.046+0000] {logging_mixin.py:151} INFO - [2023-09-19T13:51:25.046+0000] {dag.py:2915} INFO - Sync 2 DAGs
[2023-09-19T13:51:25.057+0000] {logging_mixin.py:151} INFO - [2023-09-19T13:51:25.057+0000] {dag.py:3696} INFO - Setting next_dagrun for example_external_task_marker_child to None, run_after=None
[2023-09-19T13:51:25.060+0000] {logging_mixin.py:151} INFO - [2023-09-19T13:51:25.060+0000] {dag.py:3696} INFO - Setting next_dagrun for example_external_task_marker_parent to None, run_after=None
[2023-09-19T13:51:25.076+0000] {processor.py:179} INFO - Processing /home/airflow/.local/lib/python3.8/site-packages/airflow/example_dags/example_external_task_marker_dag.py took 0.064 seconds
[2023-09-19T13:51:55.479+0000] {processor.py:157} INFO - Started process (PID=4754) to work on /home/airflow/.local/lib/python3.8/site-packages/airflow/example_dags/example_external_task_marker_dag.py
[2023-09-19T13:51:55.480+0000] {processor.py:829} INFO - Processing file /home/airflow/.local/lib/python3.8/site-packages/airflow/example_dags/example_external_task_marker_dag.py for tasks to queue
[2023-09-19T13:51:55.480+0000] {logging_mixin.py:151} INFO - [2023-09-19T13:51:55.480+0000] {dagbag.py:539} INFO - Filling up the DagBag from /home/airflow/.local/lib/python3.8/site-packages/airflow/example_dags/example_external_task_marker_dag.py
[2023-09-19T13:51:55.484+0000] {processor.py:839} INFO - DAG(s) dict_keys(['example_external_task_marker_child', 'example_external_task_marker_parent']) retrieved from /home/airflow/.local/lib/python3.8/site-packages/airflow/example_dags/example_external_task_marker_dag.py
[2023-09-19T13:51:55.504+0000] {logging_mixin.py:151} INFO - [2023-09-19T13:51:55.504+0000] {dag.py:2915} INFO - Sync 2 DAGs
[2023-09-19T13:51:55.514+0000] {logging_mixin.py:151} INFO - [2023-09-19T13:51:55.513+0000] {dag.py:3696} INFO - Setting next_dagrun for example_external_task_marker_child to None, run_after=None
[2023-09-19T13:51:55.516+0000] {logging_mixin.py:151} INFO - [2023-09-19T13:51:55.516+0000] {dag.py:3696} INFO - Setting next_dagrun for example_external_task_marker_parent to None, run_after=None
[2023-09-19T13:51:55.529+0000] {processor.py:179} INFO - Processing /home/airflow/.local/lib/python3.8/site-packages/airflow/example_dags/example_external_task_marker_dag.py took 0.052 seconds
[2023-09-19T13:52:25.696+0000] {processor.py:157} INFO - Started process (PID=4992) to work on /home/airflow/.local/lib/python3.8/site-packages/airflow/example_dags/example_external_task_marker_dag.py
[2023-09-19T13:52:25.697+0000] {processor.py:829} INFO - Processing file /home/airflow/.local/lib/python3.8/site-packages/airflow/example_dags/example_external_task_marker_dag.py for tasks to queue
[2023-09-19T13:52:25.698+0000] {logging_mixin.py:151} INFO - [2023-09-19T13:52:25.698+0000] {dagbag.py:539} INFO - Filling up the DagBag from /home/airflow/.local/lib/python3.8/site-packages/airflow/example_dags/example_external_task_marker_dag.py
[2023-09-19T13:52:25.702+0000] {processor.py:839} INFO - DAG(s) dict_keys(['example_external_task_marker_child', 'example_external_task_marker_parent']) retrieved from /home/airflow/.local/lib/python3.8/site-packages/airflow/example_dags/example_external_task_marker_dag.py
[2023-09-19T13:52:25.722+0000] {logging_mixin.py:151} INFO - [2023-09-19T13:52:25.722+0000] {dag.py:2915} INFO - Sync 2 DAGs
[2023-09-19T13:52:25.735+0000] {logging_mixin.py:151} INFO - [2023-09-19T13:52:25.735+0000] {dag.py:3696} INFO - Setting next_dagrun for example_external_task_marker_child to None, run_after=None
[2023-09-19T13:52:25.738+0000] {logging_mixin.py:151} INFO - [2023-09-19T13:52:25.738+0000] {dag.py:3696} INFO - Setting next_dagrun for example_external_task_marker_parent to None, run_after=None
[2023-09-19T13:52:25.754+0000] {processor.py:179} INFO - Processing /home/airflow/.local/lib/python3.8/site-packages/airflow/example_dags/example_external_task_marker_dag.py took 0.060 seconds
[2023-09-19T13:52:55.864+0000] {processor.py:157} INFO - Started process (PID=5229) to work on /home/airflow/.local/lib/python3.8/site-packages/airflow/example_dags/example_external_task_marker_dag.py
[2023-09-19T13:52:55.865+0000] {processor.py:829} INFO - Processing file /home/airflow/.local/lib/python3.8/site-packages/airflow/example_dags/example_external_task_marker_dag.py for tasks to queue
[2023-09-19T13:52:55.866+0000] {logging_mixin.py:151} INFO - [2023-09-19T13:52:55.866+0000] {dagbag.py:539} INFO - Filling up the DagBag from /home/airflow/.local/lib/python3.8/site-packages/airflow/example_dags/example_external_task_marker_dag.py
[2023-09-19T13:52:55.870+0000] {processor.py:839} INFO - DAG(s) dict_keys(['example_external_task_marker_parent', 'example_external_task_marker_child']) retrieved from /home/airflow/.local/lib/python3.8/site-packages/airflow/example_dags/example_external_task_marker_dag.py
[2023-09-19T13:52:55.892+0000] {logging_mixin.py:151} INFO - [2023-09-19T13:52:55.891+0000] {dag.py:2915} INFO - Sync 2 DAGs
[2023-09-19T13:52:55.902+0000] {logging_mixin.py:151} INFO - [2023-09-19T13:52:55.902+0000] {dag.py:3696} INFO - Setting next_dagrun for example_external_task_marker_child to None, run_after=None
[2023-09-19T13:52:55.905+0000] {logging_mixin.py:151} INFO - [2023-09-19T13:52:55.904+0000] {dag.py:3696} INFO - Setting next_dagrun for example_external_task_marker_parent to None, run_after=None
[2023-09-19T13:52:55.920+0000] {processor.py:179} INFO - Processing /home/airflow/.local/lib/python3.8/site-packages/airflow/example_dags/example_external_task_marker_dag.py took 0.059 seconds
[2023-09-19T13:53:26.136+0000] {processor.py:157} INFO - Started process (PID=5467) to work on /home/airflow/.local/lib/python3.8/site-packages/airflow/example_dags/example_external_task_marker_dag.py
[2023-09-19T13:53:26.137+0000] {processor.py:829} INFO - Processing file /home/airflow/.local/lib/python3.8/site-packages/airflow/example_dags/example_external_task_marker_dag.py for tasks to queue
[2023-09-19T13:53:26.137+0000] {logging_mixin.py:151} INFO - [2023-09-19T13:53:26.137+0000] {dagbag.py:539} INFO - Filling up the DagBag from /home/airflow/.local/lib/python3.8/site-packages/airflow/example_dags/example_external_task_marker_dag.py
[2023-09-19T13:53:26.142+0000] {processor.py:839} INFO - DAG(s) dict_keys(['example_external_task_marker_parent', 'example_external_task_marker_child']) retrieved from /home/airflow/.local/lib/python3.8/site-packages/airflow/example_dags/example_external_task_marker_dag.py
[2023-09-19T13:53:26.163+0000] {logging_mixin.py:151} INFO - [2023-09-19T13:53:26.163+0000] {dag.py:2915} INFO - Sync 2 DAGs
[2023-09-19T13:53:26.173+0000] {logging_mixin.py:151} INFO - [2023-09-19T13:53:26.173+0000] {dag.py:3696} INFO - Setting next_dagrun for example_external_task_marker_child to None, run_after=None
[2023-09-19T13:53:26.176+0000] {logging_mixin.py:151} INFO - [2023-09-19T13:53:26.175+0000] {dag.py:3696} INFO - Setting next_dagrun for example_external_task_marker_parent to None, run_after=None
[2023-09-19T13:53:26.190+0000] {processor.py:179} INFO - Processing /home/airflow/.local/lib/python3.8/site-packages/airflow/example_dags/example_external_task_marker_dag.py took 0.058 seconds
[2023-09-19T13:53:56.485+0000] {processor.py:157} INFO - Started process (PID=5707) to work on /home/airflow/.local/lib/python3.8/site-packages/airflow/example_dags/example_external_task_marker_dag.py
[2023-09-19T13:53:56.486+0000] {processor.py:829} INFO - Processing file /home/airflow/.local/lib/python3.8/site-packages/airflow/example_dags/example_external_task_marker_dag.py for tasks to queue
[2023-09-19T13:53:56.487+0000] {logging_mixin.py:151} INFO - [2023-09-19T13:53:56.486+0000] {dagbag.py:539} INFO - Filling up the DagBag from /home/airflow/.local/lib/python3.8/site-packages/airflow/example_dags/example_external_task_marker_dag.py
[2023-09-19T13:53:56.493+0000] {processor.py:839} INFO - DAG(s) dict_keys(['example_external_task_marker_child', 'example_external_task_marker_parent']) retrieved from /home/airflow/.local/lib/python3.8/site-packages/airflow/example_dags/example_external_task_marker_dag.py
[2023-09-19T13:53:56.515+0000] {logging_mixin.py:151} INFO - [2023-09-19T13:53:56.514+0000] {dag.py:2915} INFO - Sync 2 DAGs
[2023-09-19T13:53:56.526+0000] {logging_mixin.py:151} INFO - [2023-09-19T13:53:56.526+0000] {dag.py:3696} INFO - Setting next_dagrun for example_external_task_marker_child to None, run_after=None
[2023-09-19T13:53:56.529+0000] {logging_mixin.py:151} INFO - [2023-09-19T13:53:56.529+0000] {dag.py:3696} INFO - Setting next_dagrun for example_external_task_marker_parent to None, run_after=None
[2023-09-19T13:53:56.544+0000] {processor.py:179} INFO - Processing /home/airflow/.local/lib/python3.8/site-packages/airflow/example_dags/example_external_task_marker_dag.py took 0.061 seconds
[2023-09-19T13:54:26.803+0000] {processor.py:157} INFO - Started process (PID=5943) to work on /home/airflow/.local/lib/python3.8/site-packages/airflow/example_dags/example_external_task_marker_dag.py
[2023-09-19T13:54:26.804+0000] {processor.py:829} INFO - Processing file /home/airflow/.local/lib/python3.8/site-packages/airflow/example_dags/example_external_task_marker_dag.py for tasks to queue
[2023-09-19T13:54:26.804+0000] {logging_mixin.py:151} INFO - [2023-09-19T13:54:26.804+0000] {dagbag.py:539} INFO - Filling up the DagBag from /home/airflow/.local/lib/python3.8/site-packages/airflow/example_dags/example_external_task_marker_dag.py
[2023-09-19T13:54:26.809+0000] {processor.py:839} INFO - DAG(s) dict_keys(['example_external_task_marker_parent', 'example_external_task_marker_child']) retrieved from /home/airflow/.local/lib/python3.8/site-packages/airflow/example_dags/example_external_task_marker_dag.py
[2023-09-19T13:54:26.828+0000] {logging_mixin.py:151} INFO - [2023-09-19T13:54:26.828+0000] {dag.py:2915} INFO - Sync 2 DAGs
[2023-09-19T13:54:26.838+0000] {logging_mixin.py:151} INFO - [2023-09-19T13:54:26.838+0000] {dag.py:3696} INFO - Setting next_dagrun for example_external_task_marker_child to None, run_after=None
[2023-09-19T13:54:26.842+0000] {logging_mixin.py:151} INFO - [2023-09-19T13:54:26.841+0000] {dag.py:3696} INFO - Setting next_dagrun for example_external_task_marker_parent to None, run_after=None
[2023-09-19T13:54:26.859+0000] {processor.py:179} INFO - Processing /home/airflow/.local/lib/python3.8/site-packages/airflow/example_dags/example_external_task_marker_dag.py took 0.059 seconds
[2023-09-19T13:54:57.230+0000] {processor.py:157} INFO - Started process (PID=6181) to work on /home/airflow/.local/lib/python3.8/site-packages/airflow/example_dags/example_external_task_marker_dag.py
[2023-09-19T13:54:57.231+0000] {processor.py:829} INFO - Processing file /home/airflow/.local/lib/python3.8/site-packages/airflow/example_dags/example_external_task_marker_dag.py for tasks to queue
[2023-09-19T13:54:57.232+0000] {logging_mixin.py:151} INFO - [2023-09-19T13:54:57.231+0000] {dagbag.py:539} INFO - Filling up the DagBag from /home/airflow/.local/lib/python3.8/site-packages/airflow/example_dags/example_external_task_marker_dag.py
[2023-09-19T13:54:57.237+0000] {processor.py:839} INFO - DAG(s) dict_keys(['example_external_task_marker_child', 'example_external_task_marker_parent']) retrieved from /home/airflow/.local/lib/python3.8/site-packages/airflow/example_dags/example_external_task_marker_dag.py
[2023-09-19T13:54:57.259+0000] {logging_mixin.py:151} INFO - [2023-09-19T13:54:57.259+0000] {dag.py:2915} INFO - Sync 2 DAGs
[2023-09-19T13:54:57.270+0000] {logging_mixin.py:151} INFO - [2023-09-19T13:54:57.269+0000] {dag.py:3696} INFO - Setting next_dagrun for example_external_task_marker_child to None, run_after=None
[2023-09-19T13:54:57.272+0000] {logging_mixin.py:151} INFO - [2023-09-19T13:54:57.272+0000] {dag.py:3696} INFO - Setting next_dagrun for example_external_task_marker_parent to None, run_after=None
[2023-09-19T13:54:57.287+0000] {processor.py:179} INFO - Processing /home/airflow/.local/lib/python3.8/site-packages/airflow/example_dags/example_external_task_marker_dag.py took 0.059 seconds
[2023-09-19T13:55:27.493+0000] {processor.py:157} INFO - Started process (PID=6419) to work on /home/airflow/.local/lib/python3.8/site-packages/airflow/example_dags/example_external_task_marker_dag.py
[2023-09-19T13:55:27.494+0000] {processor.py:829} INFO - Processing file /home/airflow/.local/lib/python3.8/site-packages/airflow/example_dags/example_external_task_marker_dag.py for tasks to queue
[2023-09-19T13:55:27.495+0000] {logging_mixin.py:151} INFO - [2023-09-19T13:55:27.495+0000] {dagbag.py:539} INFO - Filling up the DagBag from /home/airflow/.local/lib/python3.8/site-packages/airflow/example_dags/example_external_task_marker_dag.py
[2023-09-19T13:55:27.500+0000] {processor.py:839} INFO - DAG(s) dict_keys(['example_external_task_marker_child', 'example_external_task_marker_parent']) retrieved from /home/airflow/.local/lib/python3.8/site-packages/airflow/example_dags/example_external_task_marker_dag.py
[2023-09-19T13:55:27.518+0000] {logging_mixin.py:151} INFO - [2023-09-19T13:55:27.518+0000] {dag.py:2915} INFO - Sync 2 DAGs
[2023-09-19T13:55:27.528+0000] {logging_mixin.py:151} INFO - [2023-09-19T13:55:27.528+0000] {dag.py:3696} INFO - Setting next_dagrun for example_external_task_marker_child to None, run_after=None
[2023-09-19T13:55:27.532+0000] {logging_mixin.py:151} INFO - [2023-09-19T13:55:27.532+0000] {dag.py:3696} INFO - Setting next_dagrun for example_external_task_marker_parent to None, run_after=None
[2023-09-19T13:55:27.547+0000] {processor.py:179} INFO - Processing /home/airflow/.local/lib/python3.8/site-packages/airflow/example_dags/example_external_task_marker_dag.py took 0.056 seconds
[2023-09-19T13:55:57.665+0000] {processor.py:157} INFO - Started process (PID=6657) to work on /home/airflow/.local/lib/python3.8/site-packages/airflow/example_dags/example_external_task_marker_dag.py
[2023-09-19T13:55:57.665+0000] {processor.py:829} INFO - Processing file /home/airflow/.local/lib/python3.8/site-packages/airflow/example_dags/example_external_task_marker_dag.py for tasks to queue
[2023-09-19T13:55:57.666+0000] {logging_mixin.py:151} INFO - [2023-09-19T13:55:57.666+0000] {dagbag.py:539} INFO - Filling up the DagBag from /home/airflow/.local/lib/python3.8/site-packages/airflow/example_dags/example_external_task_marker_dag.py
[2023-09-19T13:55:57.671+0000] {processor.py:839} INFO - DAG(s) dict_keys(['example_external_task_marker_child', 'example_external_task_marker_parent']) retrieved from /home/airflow/.local/lib/python3.8/site-packages/airflow/example_dags/example_external_task_marker_dag.py
[2023-09-19T13:55:57.690+0000] {logging_mixin.py:151} INFO - [2023-09-19T13:55:57.690+0000] {dag.py:2915} INFO - Sync 2 DAGs
[2023-09-19T13:55:57.703+0000] {logging_mixin.py:151} INFO - [2023-09-19T13:55:57.703+0000] {dag.py:3696} INFO - Setting next_dagrun for example_external_task_marker_child to None, run_after=None
[2023-09-19T13:55:57.706+0000] {logging_mixin.py:151} INFO - [2023-09-19T13:55:57.706+0000] {dag.py:3696} INFO - Setting next_dagrun for example_external_task_marker_parent to None, run_after=None
[2023-09-19T13:55:57.722+0000] {processor.py:179} INFO - Processing /home/airflow/.local/lib/python3.8/site-packages/airflow/example_dags/example_external_task_marker_dag.py took 0.060 seconds
[2023-09-19T13:56:27.834+0000] {processor.py:157} INFO - Started process (PID=6895) to work on /home/airflow/.local/lib/python3.8/site-packages/airflow/example_dags/example_external_task_marker_dag.py
[2023-09-19T13:56:27.835+0000] {processor.py:829} INFO - Processing file /home/airflow/.local/lib/python3.8/site-packages/airflow/example_dags/example_external_task_marker_dag.py for tasks to queue
[2023-09-19T13:56:27.836+0000] {logging_mixin.py:151} INFO - [2023-09-19T13:56:27.835+0000] {dagbag.py:539} INFO - Filling up the DagBag from /home/airflow/.local/lib/python3.8/site-packages/airflow/example_dags/example_external_task_marker_dag.py
[2023-09-19T13:56:27.841+0000] {processor.py:839} INFO - DAG(s) dict_keys(['example_external_task_marker_parent', 'example_external_task_marker_child']) retrieved from /home/airflow/.local/lib/python3.8/site-packages/airflow/example_dags/example_external_task_marker_dag.py
[2023-09-19T13:56:27.868+0000] {logging_mixin.py:151} INFO - [2023-09-19T13:56:27.868+0000] {dag.py:2915} INFO - Sync 2 DAGs
[2023-09-19T13:56:27.877+0000] {logging_mixin.py:151} INFO - [2023-09-19T13:56:27.877+0000] {dag.py:3696} INFO - Setting next_dagrun for example_external_task_marker_child to None, run_after=None
[2023-09-19T13:56:27.881+0000] {logging_mixin.py:151} INFO - [2023-09-19T13:56:27.881+0000] {dag.py:3696} INFO - Setting next_dagrun for example_external_task_marker_parent to None, run_after=None
[2023-09-19T13:56:27.896+0000] {processor.py:179} INFO - Processing /home/airflow/.local/lib/python3.8/site-packages/airflow/example_dags/example_external_task_marker_dag.py took 0.065 seconds
[2023-09-19T13:56:58.113+0000] {processor.py:157} INFO - Started process (PID=7133) to work on /home/airflow/.local/lib/python3.8/site-packages/airflow/example_dags/example_external_task_marker_dag.py
[2023-09-19T13:56:58.113+0000] {processor.py:829} INFO - Processing file /home/airflow/.local/lib/python3.8/site-packages/airflow/example_dags/example_external_task_marker_dag.py for tasks to queue
[2023-09-19T13:56:58.114+0000] {logging_mixin.py:151} INFO - [2023-09-19T13:56:58.114+0000] {dagbag.py:539} INFO - Filling up the DagBag from /home/airflow/.local/lib/python3.8/site-packages/airflow/example_dags/example_external_task_marker_dag.py
[2023-09-19T13:56:58.119+0000] {processor.py:839} INFO - DAG(s) dict_keys(['example_external_task_marker_child', 'example_external_task_marker_parent']) retrieved from /home/airflow/.local/lib/python3.8/site-packages/airflow/example_dags/example_external_task_marker_dag.py
[2023-09-19T13:56:58.138+0000] {logging_mixin.py:151} INFO - [2023-09-19T13:56:58.138+0000] {dag.py:2915} INFO - Sync 2 DAGs
[2023-09-19T13:56:58.147+0000] {logging_mixin.py:151} INFO - [2023-09-19T13:56:58.147+0000] {dag.py:3696} INFO - Setting next_dagrun for example_external_task_marker_child to None, run_after=None
[2023-09-19T13:56:58.152+0000] {logging_mixin.py:151} INFO - [2023-09-19T13:56:58.151+0000] {dag.py:3696} INFO - Setting next_dagrun for example_external_task_marker_parent to None, run_after=None
[2023-09-19T13:56:58.168+0000] {processor.py:179} INFO - Processing /home/airflow/.local/lib/python3.8/site-packages/airflow/example_dags/example_external_task_marker_dag.py took 0.058 seconds
[2023-09-19T13:57:28.727+0000] {processor.py:157} INFO - Started process (PID=7373) to work on /home/airflow/.local/lib/python3.8/site-packages/airflow/example_dags/example_external_task_marker_dag.py
[2023-09-19T13:57:28.728+0000] {processor.py:829} INFO - Processing file /home/airflow/.local/lib/python3.8/site-packages/airflow/example_dags/example_external_task_marker_dag.py for tasks to queue
[2023-09-19T13:57:28.729+0000] {logging_mixin.py:151} INFO - [2023-09-19T13:57:28.728+0000] {dagbag.py:539} INFO - Filling up the DagBag from /home/airflow/.local/lib/python3.8/site-packages/airflow/example_dags/example_external_task_marker_dag.py
[2023-09-19T13:57:28.734+0000] {processor.py:839} INFO - DAG(s) dict_keys(['example_external_task_marker_parent', 'example_external_task_marker_child']) retrieved from /home/airflow/.local/lib/python3.8/site-packages/airflow/example_dags/example_external_task_marker_dag.py
[2023-09-19T13:57:28.765+0000] {logging_mixin.py:151} INFO - [2023-09-19T13:57:28.764+0000] {dag.py:2915} INFO - Sync 2 DAGs
[2023-09-19T13:57:28.782+0000] {logging_mixin.py:151} INFO - [2023-09-19T13:57:28.782+0000] {dag.py:3696} INFO - Setting next_dagrun for example_external_task_marker_child to None, run_after=None
[2023-09-19T13:57:28.786+0000] {logging_mixin.py:151} INFO - [2023-09-19T13:57:28.785+0000] {dag.py:3696} INFO - Setting next_dagrun for example_external_task_marker_parent to None, run_after=None
[2023-09-19T13:57:28.802+0000] {processor.py:179} INFO - Processing /home/airflow/.local/lib/python3.8/site-packages/airflow/example_dags/example_external_task_marker_dag.py took 0.079 seconds
[2023-09-19T13:57:58.934+0000] {processor.py:157} INFO - Started process (PID=7612) to work on /home/airflow/.local/lib/python3.8/site-packages/airflow/example_dags/example_external_task_marker_dag.py
[2023-09-19T13:57:58.935+0000] {processor.py:829} INFO - Processing file /home/airflow/.local/lib/python3.8/site-packages/airflow/example_dags/example_external_task_marker_dag.py for tasks to queue
[2023-09-19T13:57:58.935+0000] {logging_mixin.py:151} INFO - [2023-09-19T13:57:58.935+0000] {dagbag.py:539} INFO - Filling up the DagBag from /home/airflow/.local/lib/python3.8/site-packages/airflow/example_dags/example_external_task_marker_dag.py
[2023-09-19T13:57:58.940+0000] {processor.py:839} INFO - DAG(s) dict_keys(['example_external_task_marker_parent', 'example_external_task_marker_child']) retrieved from /home/airflow/.local/lib/python3.8/site-packages/airflow/example_dags/example_external_task_marker_dag.py
[2023-09-19T13:57:58.960+0000] {logging_mixin.py:151} INFO - [2023-09-19T13:57:58.959+0000] {dag.py:2915} INFO - Sync 2 DAGs
[2023-09-19T13:57:58.971+0000] {logging_mixin.py:151} INFO - [2023-09-19T13:57:58.971+0000] {dag.py:3696} INFO - Setting next_dagrun for example_external_task_marker_child to None, run_after=None
[2023-09-19T13:57:58.975+0000] {logging_mixin.py:151} INFO - [2023-09-19T13:57:58.975+0000] {dag.py:3696} INFO - Setting next_dagrun for example_external_task_marker_parent to None, run_after=None
[2023-09-19T13:57:58.990+0000] {processor.py:179} INFO - Processing /home/airflow/.local/lib/python3.8/site-packages/airflow/example_dags/example_external_task_marker_dag.py took 0.059 seconds
[2023-09-19T13:58:29.301+0000] {processor.py:157} INFO - Started process (PID=7850) to work on /home/airflow/.local/lib/python3.8/site-packages/airflow/example_dags/example_external_task_marker_dag.py
[2023-09-19T13:58:29.302+0000] {processor.py:829} INFO - Processing file /home/airflow/.local/lib/python3.8/site-packages/airflow/example_dags/example_external_task_marker_dag.py for tasks to queue
[2023-09-19T13:58:29.302+0000] {logging_mixin.py:151} INFO - [2023-09-19T13:58:29.302+0000] {dagbag.py:539} INFO - Filling up the DagBag from /home/airflow/.local/lib/python3.8/site-packages/airflow/example_dags/example_external_task_marker_dag.py
[2023-09-19T13:58:29.306+0000] {processor.py:839} INFO - DAG(s) dict_keys(['example_external_task_marker_child', 'example_external_task_marker_parent']) retrieved from /home/airflow/.local/lib/python3.8/site-packages/airflow/example_dags/example_external_task_marker_dag.py
[2023-09-19T13:58:29.326+0000] {logging_mixin.py:151} INFO - [2023-09-19T13:58:29.325+0000] {dag.py:2915} INFO - Sync 2 DAGs
[2023-09-19T13:58:29.337+0000] {logging_mixin.py:151} INFO - [2023-09-19T13:58:29.337+0000] {dag.py:3696} INFO - Setting next_dagrun for example_external_task_marker_child to None, run_after=None
[2023-09-19T13:58:29.340+0000] {logging_mixin.py:151} INFO - [2023-09-19T13:58:29.339+0000] {dag.py:3696} INFO - Setting next_dagrun for example_external_task_marker_parent to None, run_after=None
[2023-09-19T13:58:29.354+0000] {processor.py:179} INFO - Processing /home/airflow/.local/lib/python3.8/site-packages/airflow/example_dags/example_external_task_marker_dag.py took 0.055 seconds
[2023-09-19T13:58:59.437+0000] {processor.py:157} INFO - Started process (PID=8086) to work on /home/airflow/.local/lib/python3.8/site-packages/airflow/example_dags/example_external_task_marker_dag.py
[2023-09-19T13:58:59.439+0000] {processor.py:829} INFO - Processing file /home/airflow/.local/lib/python3.8/site-packages/airflow/example_dags/example_external_task_marker_dag.py for tasks to queue
[2023-09-19T13:58:59.439+0000] {logging_mixin.py:151} INFO - [2023-09-19T13:58:59.439+0000] {dagbag.py:539} INFO - Filling up the DagBag from /home/airflow/.local/lib/python3.8/site-packages/airflow/example_dags/example_external_task_marker_dag.py
[2023-09-19T13:58:59.446+0000] {processor.py:839} INFO - DAG(s) dict_keys(['example_external_task_marker_child', 'example_external_task_marker_parent']) retrieved from /home/airflow/.local/lib/python3.8/site-packages/airflow/example_dags/example_external_task_marker_dag.py
[2023-09-19T13:58:59.467+0000] {logging_mixin.py:151} INFO - [2023-09-19T13:58:59.467+0000] {dag.py:2915} INFO - Sync 2 DAGs
[2023-09-19T13:58:59.476+0000] {logging_mixin.py:151} INFO - [2023-09-19T13:58:59.476+0000] {dag.py:3696} INFO - Setting next_dagrun for example_external_task_marker_child to None, run_after=None
[2023-09-19T13:58:59.480+0000] {logging_mixin.py:151} INFO - [2023-09-19T13:58:59.480+0000] {dag.py:3696} INFO - Setting next_dagrun for example_external_task_marker_parent to None, run_after=None
[2023-09-19T13:58:59.499+0000] {processor.py:179} INFO - Processing /home/airflow/.local/lib/python3.8/site-packages/airflow/example_dags/example_external_task_marker_dag.py took 0.065 seconds
[2023-09-19T13:59:29.604+0000] {processor.py:157} INFO - Started process (PID=8324) to work on /home/airflow/.local/lib/python3.8/site-packages/airflow/example_dags/example_external_task_marker_dag.py
[2023-09-19T13:59:29.605+0000] {processor.py:829} INFO - Processing file /home/airflow/.local/lib/python3.8/site-packages/airflow/example_dags/example_external_task_marker_dag.py for tasks to queue
[2023-09-19T13:59:29.606+0000] {logging_mixin.py:151} INFO - [2023-09-19T13:59:29.606+0000] {dagbag.py:539} INFO - Filling up the DagBag from /home/airflow/.local/lib/python3.8/site-packages/airflow/example_dags/example_external_task_marker_dag.py
[2023-09-19T13:59:29.611+0000] {processor.py:839} INFO - DAG(s) dict_keys(['example_external_task_marker_parent', 'example_external_task_marker_child']) retrieved from /home/airflow/.local/lib/python3.8/site-packages/airflow/example_dags/example_external_task_marker_dag.py
[2023-09-19T13:59:29.630+0000] {logging_mixin.py:151} INFO - [2023-09-19T13:59:29.630+0000] {dag.py:2915} INFO - Sync 2 DAGs
[2023-09-19T13:59:29.639+0000] {logging_mixin.py:151} INFO - [2023-09-19T13:59:29.639+0000] {dag.py:3696} INFO - Setting next_dagrun for example_external_task_marker_child to None, run_after=None
[2023-09-19T13:59:29.642+0000] {logging_mixin.py:151} INFO - [2023-09-19T13:59:29.642+0000] {dag.py:3696} INFO - Setting next_dagrun for example_external_task_marker_parent to None, run_after=None
[2023-09-19T13:59:29.660+0000] {processor.py:179} INFO - Processing /home/airflow/.local/lib/python3.8/site-packages/airflow/example_dags/example_external_task_marker_dag.py took 0.058 seconds
