[2023-09-19T13:42:08.877+0000] {processor.py:157} INFO - Started process (PID=270) to work on /home/airflow/.local/lib/python3.8/site-packages/airflow/example_dags/example_short_circuit_operator.py
[2023-09-19T13:42:08.878+0000] {processor.py:829} INFO - Processing file /home/airflow/.local/lib/python3.8/site-packages/airflow/example_dags/example_short_circuit_operator.py for tasks to queue
[2023-09-19T13:42:08.879+0000] {logging_mixin.py:151} INFO - [2023-09-19T13:42:08.878+0000] {dagbag.py:539} INFO - Filling up the DagBag from /home/airflow/.local/lib/python3.8/site-packages/airflow/example_dags/example_short_circuit_operator.py
[2023-09-19T13:42:08.886+0000] {processor.py:839} INFO - DAG(s) dict_keys(['example_short_circuit_operator']) retrieved from /home/airflow/.local/lib/python3.8/site-packages/airflow/example_dags/example_short_circuit_operator.py
[2023-09-19T13:42:08.912+0000] {logging_mixin.py:151} INFO - [2023-09-19T13:42:08.911+0000] {dag.py:2915} INFO - Sync 1 DAGs
[2023-09-19T13:42:08.931+0000] {logging_mixin.py:151} INFO - [2023-09-19T13:42:08.931+0000] {dag.py:3696} INFO - Setting next_dagrun for example_short_circuit_operator to 2023-09-18T13:42:08.930981+00:00, run_after=2023-09-19T13:42:08.930981+00:00
[2023-09-19T13:42:08.949+0000] {processor.py:179} INFO - Processing /home/airflow/.local/lib/python3.8/site-packages/airflow/example_dags/example_short_circuit_operator.py took 0.075 seconds
[2023-09-19T13:42:46.442+0000] {processor.py:157} INFO - Started process (PID=508) to work on /home/airflow/.local/lib/python3.8/site-packages/airflow/example_dags/example_short_circuit_operator.py
[2023-09-19T13:42:46.443+0000] {processor.py:829} INFO - Processing file /home/airflow/.local/lib/python3.8/site-packages/airflow/example_dags/example_short_circuit_operator.py for tasks to queue
[2023-09-19T13:42:46.444+0000] {logging_mixin.py:151} INFO - [2023-09-19T13:42:46.444+0000] {dagbag.py:539} INFO - Filling up the DagBag from /home/airflow/.local/lib/python3.8/site-packages/airflow/example_dags/example_short_circuit_operator.py
[2023-09-19T13:42:46.454+0000] {processor.py:839} INFO - DAG(s) dict_keys(['example_short_circuit_operator']) retrieved from /home/airflow/.local/lib/python3.8/site-packages/airflow/example_dags/example_short_circuit_operator.py
[2023-09-19T13:42:46.476+0000] {logging_mixin.py:151} INFO - [2023-09-19T13:42:46.476+0000] {dag.py:2915} INFO - Sync 1 DAGs
[2023-09-19T13:42:46.502+0000] {logging_mixin.py:151} INFO - [2023-09-19T13:42:46.501+0000] {dag.py:3696} INFO - Setting next_dagrun for example_short_circuit_operator to 2023-09-18T13:42:46.501374+00:00, run_after=2023-09-19T13:42:46.501374+00:00
[2023-09-19T13:42:46.667+0000] {processor.py:179} INFO - Processing /home/airflow/.local/lib/python3.8/site-packages/airflow/example_dags/example_short_circuit_operator.py took 0.227 seconds
[2023-09-19T13:43:17.483+0000] {processor.py:157} INFO - Started process (PID=746) to work on /home/airflow/.local/lib/python3.8/site-packages/airflow/example_dags/example_short_circuit_operator.py
[2023-09-19T13:43:17.484+0000] {processor.py:829} INFO - Processing file /home/airflow/.local/lib/python3.8/site-packages/airflow/example_dags/example_short_circuit_operator.py for tasks to queue
[2023-09-19T13:43:17.484+0000] {logging_mixin.py:151} INFO - [2023-09-19T13:43:17.484+0000] {dagbag.py:539} INFO - Filling up the DagBag from /home/airflow/.local/lib/python3.8/site-packages/airflow/example_dags/example_short_circuit_operator.py
[2023-09-19T13:43:17.490+0000] {processor.py:839} INFO - DAG(s) dict_keys(['example_short_circuit_operator']) retrieved from /home/airflow/.local/lib/python3.8/site-packages/airflow/example_dags/example_short_circuit_operator.py
[2023-09-19T13:43:17.507+0000] {logging_mixin.py:151} INFO - [2023-09-19T13:43:17.507+0000] {dag.py:2915} INFO - Sync 1 DAGs
[2023-09-19T13:43:17.520+0000] {logging_mixin.py:151} INFO - [2023-09-19T13:43:17.520+0000] {dag.py:3696} INFO - Setting next_dagrun for example_short_circuit_operator to 2023-09-18T13:43:17.520502+00:00, run_after=2023-09-19T13:43:17.520502+00:00
[2023-09-19T13:43:17.534+0000] {processor.py:179} INFO - Processing /home/airflow/.local/lib/python3.8/site-packages/airflow/example_dags/example_short_circuit_operator.py took 0.053 seconds
[2023-09-19T13:43:47.645+0000] {processor.py:157} INFO - Started process (PID=984) to work on /home/airflow/.local/lib/python3.8/site-packages/airflow/example_dags/example_short_circuit_operator.py
[2023-09-19T13:43:47.646+0000] {processor.py:829} INFO - Processing file /home/airflow/.local/lib/python3.8/site-packages/airflow/example_dags/example_short_circuit_operator.py for tasks to queue
[2023-09-19T13:43:47.647+0000] {logging_mixin.py:151} INFO - [2023-09-19T13:43:47.646+0000] {dagbag.py:539} INFO - Filling up the DagBag from /home/airflow/.local/lib/python3.8/site-packages/airflow/example_dags/example_short_circuit_operator.py
[2023-09-19T13:43:47.652+0000] {processor.py:839} INFO - DAG(s) dict_keys(['example_short_circuit_operator']) retrieved from /home/airflow/.local/lib/python3.8/site-packages/airflow/example_dags/example_short_circuit_operator.py
[2023-09-19T13:43:47.671+0000] {logging_mixin.py:151} INFO - [2023-09-19T13:43:47.670+0000] {dag.py:2915} INFO - Sync 1 DAGs
[2023-09-19T13:43:47.692+0000] {logging_mixin.py:151} INFO - [2023-09-19T13:43:47.692+0000] {dag.py:3696} INFO - Setting next_dagrun for example_short_circuit_operator to 2023-09-18T13:43:47.691793+00:00, run_after=2023-09-19T13:43:47.691793+00:00
[2023-09-19T13:43:47.712+0000] {processor.py:179} INFO - Processing /home/airflow/.local/lib/python3.8/site-packages/airflow/example_dags/example_short_circuit_operator.py took 0.069 seconds
[2023-09-19T13:44:18.046+0000] {processor.py:157} INFO - Started process (PID=1224) to work on /home/airflow/.local/lib/python3.8/site-packages/airflow/example_dags/example_short_circuit_operator.py
[2023-09-19T13:44:18.047+0000] {processor.py:829} INFO - Processing file /home/airflow/.local/lib/python3.8/site-packages/airflow/example_dags/example_short_circuit_operator.py for tasks to queue
[2023-09-19T13:44:18.047+0000] {logging_mixin.py:151} INFO - [2023-09-19T13:44:18.047+0000] {dagbag.py:539} INFO - Filling up the DagBag from /home/airflow/.local/lib/python3.8/site-packages/airflow/example_dags/example_short_circuit_operator.py
[2023-09-19T13:44:18.054+0000] {processor.py:839} INFO - DAG(s) dict_keys(['example_short_circuit_operator']) retrieved from /home/airflow/.local/lib/python3.8/site-packages/airflow/example_dags/example_short_circuit_operator.py
[2023-09-19T13:44:18.070+0000] {logging_mixin.py:151} INFO - [2023-09-19T13:44:18.069+0000] {dag.py:2915} INFO - Sync 1 DAGs
[2023-09-19T13:44:18.084+0000] {logging_mixin.py:151} INFO - [2023-09-19T13:44:18.084+0000] {dag.py:3696} INFO - Setting next_dagrun for example_short_circuit_operator to 2023-09-18T13:44:18.084085+00:00, run_after=2023-09-19T13:44:18.084085+00:00
[2023-09-19T13:44:18.097+0000] {processor.py:179} INFO - Processing /home/airflow/.local/lib/python3.8/site-packages/airflow/example_dags/example_short_circuit_operator.py took 0.053 seconds
[2023-09-19T13:44:48.507+0000] {processor.py:157} INFO - Started process (PID=1460) to work on /home/airflow/.local/lib/python3.8/site-packages/airflow/example_dags/example_short_circuit_operator.py
[2023-09-19T13:44:48.508+0000] {processor.py:829} INFO - Processing file /home/airflow/.local/lib/python3.8/site-packages/airflow/example_dags/example_short_circuit_operator.py for tasks to queue
[2023-09-19T13:44:48.508+0000] {logging_mixin.py:151} INFO - [2023-09-19T13:44:48.508+0000] {dagbag.py:539} INFO - Filling up the DagBag from /home/airflow/.local/lib/python3.8/site-packages/airflow/example_dags/example_short_circuit_operator.py
[2023-09-19T13:44:48.514+0000] {processor.py:839} INFO - DAG(s) dict_keys(['example_short_circuit_operator']) retrieved from /home/airflow/.local/lib/python3.8/site-packages/airflow/example_dags/example_short_circuit_operator.py
[2023-09-19T13:44:48.533+0000] {logging_mixin.py:151} INFO - [2023-09-19T13:44:48.533+0000] {dag.py:2915} INFO - Sync 1 DAGs
[2023-09-19T13:44:48.552+0000] {logging_mixin.py:151} INFO - [2023-09-19T13:44:48.552+0000] {dag.py:3696} INFO - Setting next_dagrun for example_short_circuit_operator to 2023-09-18T13:44:48.552187+00:00, run_after=2023-09-19T13:44:48.552187+00:00
[2023-09-19T13:44:48.572+0000] {processor.py:179} INFO - Processing /home/airflow/.local/lib/python3.8/site-packages/airflow/example_dags/example_short_circuit_operator.py took 0.067 seconds
[2023-09-19T13:45:19.028+0000] {processor.py:157} INFO - Started process (PID=1699) to work on /home/airflow/.local/lib/python3.8/site-packages/airflow/example_dags/example_short_circuit_operator.py
[2023-09-19T13:45:19.031+0000] {processor.py:829} INFO - Processing file /home/airflow/.local/lib/python3.8/site-packages/airflow/example_dags/example_short_circuit_operator.py for tasks to queue
[2023-09-19T13:45:19.031+0000] {logging_mixin.py:151} INFO - [2023-09-19T13:45:19.031+0000] {dagbag.py:539} INFO - Filling up the DagBag from /home/airflow/.local/lib/python3.8/site-packages/airflow/example_dags/example_short_circuit_operator.py
[2023-09-19T13:45:19.037+0000] {processor.py:839} INFO - DAG(s) dict_keys(['example_short_circuit_operator']) retrieved from /home/airflow/.local/lib/python3.8/site-packages/airflow/example_dags/example_short_circuit_operator.py
[2023-09-19T13:45:19.045+0000] {logging_mixin.py:151} INFO - [2023-09-19T13:45:19.045+0000] {dag.py:2915} INFO - Sync 1 DAGs
[2023-09-19T13:45:19.063+0000] {logging_mixin.py:151} INFO - [2023-09-19T13:45:19.063+0000] {dag.py:3696} INFO - Setting next_dagrun for example_short_circuit_operator to 2023-09-18T13:45:19.063502+00:00, run_after=2023-09-19T13:45:19.063502+00:00
[2023-09-19T13:45:19.083+0000] {processor.py:179} INFO - Processing /home/airflow/.local/lib/python3.8/site-packages/airflow/example_dags/example_short_circuit_operator.py took 0.058 seconds
[2023-09-19T13:45:49.282+0000] {processor.py:157} INFO - Started process (PID=1939) to work on /home/airflow/.local/lib/python3.8/site-packages/airflow/example_dags/example_short_circuit_operator.py
[2023-09-19T13:45:49.283+0000] {processor.py:829} INFO - Processing file /home/airflow/.local/lib/python3.8/site-packages/airflow/example_dags/example_short_circuit_operator.py for tasks to queue
[2023-09-19T13:45:49.283+0000] {logging_mixin.py:151} INFO - [2023-09-19T13:45:49.283+0000] {dagbag.py:539} INFO - Filling up the DagBag from /home/airflow/.local/lib/python3.8/site-packages/airflow/example_dags/example_short_circuit_operator.py
[2023-09-19T13:45:49.289+0000] {processor.py:839} INFO - DAG(s) dict_keys(['example_short_circuit_operator']) retrieved from /home/airflow/.local/lib/python3.8/site-packages/airflow/example_dags/example_short_circuit_operator.py
[2023-09-19T13:45:49.309+0000] {logging_mixin.py:151} INFO - [2023-09-19T13:45:49.309+0000] {dag.py:2915} INFO - Sync 1 DAGs
[2023-09-19T13:45:49.324+0000] {logging_mixin.py:151} INFO - [2023-09-19T13:45:49.323+0000] {dag.py:3696} INFO - Setting next_dagrun for example_short_circuit_operator to 2023-09-18T13:45:49.323829+00:00, run_after=2023-09-19T13:45:49.323829+00:00
[2023-09-19T13:45:49.340+0000] {processor.py:179} INFO - Processing /home/airflow/.local/lib/python3.8/site-packages/airflow/example_dags/example_short_circuit_operator.py took 0.060 seconds
[2023-09-19T13:46:19.768+0000] {processor.py:157} INFO - Started process (PID=2175) to work on /home/airflow/.local/lib/python3.8/site-packages/airflow/example_dags/example_short_circuit_operator.py
[2023-09-19T13:46:19.769+0000] {processor.py:829} INFO - Processing file /home/airflow/.local/lib/python3.8/site-packages/airflow/example_dags/example_short_circuit_operator.py for tasks to queue
[2023-09-19T13:46:19.769+0000] {logging_mixin.py:151} INFO - [2023-09-19T13:46:19.769+0000] {dagbag.py:539} INFO - Filling up the DagBag from /home/airflow/.local/lib/python3.8/site-packages/airflow/example_dags/example_short_circuit_operator.py
[2023-09-19T13:46:19.775+0000] {processor.py:839} INFO - DAG(s) dict_keys(['example_short_circuit_operator']) retrieved from /home/airflow/.local/lib/python3.8/site-packages/airflow/example_dags/example_short_circuit_operator.py
[2023-09-19T13:46:19.800+0000] {logging_mixin.py:151} INFO - [2023-09-19T13:46:19.800+0000] {dag.py:2915} INFO - Sync 1 DAGs
[2023-09-19T13:46:19.821+0000] {logging_mixin.py:151} INFO - [2023-09-19T13:46:19.821+0000] {dag.py:3696} INFO - Setting next_dagrun for example_short_circuit_operator to 2023-09-18T13:46:19.820880+00:00, run_after=2023-09-19T13:46:19.820880+00:00
[2023-09-19T13:46:19.845+0000] {processor.py:179} INFO - Processing /home/airflow/.local/lib/python3.8/site-packages/airflow/example_dags/example_short_circuit_operator.py took 0.081 seconds
[2023-09-19T13:46:50.709+0000] {processor.py:157} INFO - Started process (PID=2413) to work on /home/airflow/.local/lib/python3.8/site-packages/airflow/example_dags/example_short_circuit_operator.py
[2023-09-19T13:46:50.710+0000] {processor.py:829} INFO - Processing file /home/airflow/.local/lib/python3.8/site-packages/airflow/example_dags/example_short_circuit_operator.py for tasks to queue
[2023-09-19T13:46:50.711+0000] {logging_mixin.py:151} INFO - [2023-09-19T13:46:50.711+0000] {dagbag.py:539} INFO - Filling up the DagBag from /home/airflow/.local/lib/python3.8/site-packages/airflow/example_dags/example_short_circuit_operator.py
[2023-09-19T13:46:50.719+0000] {processor.py:839} INFO - DAG(s) dict_keys(['example_short_circuit_operator']) retrieved from /home/airflow/.local/lib/python3.8/site-packages/airflow/example_dags/example_short_circuit_operator.py
[2023-09-19T13:46:50.742+0000] {logging_mixin.py:151} INFO - [2023-09-19T13:46:50.741+0000] {dag.py:2915} INFO - Sync 1 DAGs
[2023-09-19T13:46:50.765+0000] {logging_mixin.py:151} INFO - [2023-09-19T13:46:50.765+0000] {dag.py:3696} INFO - Setting next_dagrun for example_short_circuit_operator to 2023-09-18T13:46:50.765032+00:00, run_after=2023-09-19T13:46:50.765032+00:00
[2023-09-19T13:46:50.792+0000] {processor.py:179} INFO - Processing /home/airflow/.local/lib/python3.8/site-packages/airflow/example_dags/example_short_circuit_operator.py took 0.086 seconds
[2023-09-19T13:47:22.076+0000] {processor.py:157} INFO - Started process (PID=2651) to work on /home/airflow/.local/lib/python3.8/site-packages/airflow/example_dags/example_short_circuit_operator.py
[2023-09-19T13:47:22.077+0000] {processor.py:829} INFO - Processing file /home/airflow/.local/lib/python3.8/site-packages/airflow/example_dags/example_short_circuit_operator.py for tasks to queue
[2023-09-19T13:47:22.078+0000] {logging_mixin.py:151} INFO - [2023-09-19T13:47:22.077+0000] {dagbag.py:539} INFO - Filling up the DagBag from /home/airflow/.local/lib/python3.8/site-packages/airflow/example_dags/example_short_circuit_operator.py
[2023-09-19T13:47:22.093+0000] {processor.py:839} INFO - DAG(s) dict_keys(['example_short_circuit_operator']) retrieved from /home/airflow/.local/lib/python3.8/site-packages/airflow/example_dags/example_short_circuit_operator.py
[2023-09-19T13:47:22.156+0000] {logging_mixin.py:151} INFO - [2023-09-19T13:47:22.155+0000] {dag.py:2915} INFO - Sync 1 DAGs
[2023-09-19T13:47:22.186+0000] {logging_mixin.py:151} INFO - [2023-09-19T13:47:22.185+0000] {dag.py:3696} INFO - Setting next_dagrun for example_short_circuit_operator to 2023-09-18T13:47:22.184982+00:00, run_after=2023-09-19T13:47:22.184982+00:00
[2023-09-19T13:47:22.222+0000] {processor.py:179} INFO - Processing /home/airflow/.local/lib/python3.8/site-packages/airflow/example_dags/example_short_circuit_operator.py took 0.152 seconds
[2023-09-19T13:47:52.929+0000] {processor.py:157} INFO - Started process (PID=2889) to work on /home/airflow/.local/lib/python3.8/site-packages/airflow/example_dags/example_short_circuit_operator.py
[2023-09-19T13:47:52.931+0000] {processor.py:829} INFO - Processing file /home/airflow/.local/lib/python3.8/site-packages/airflow/example_dags/example_short_circuit_operator.py for tasks to queue
[2023-09-19T13:47:52.931+0000] {logging_mixin.py:151} INFO - [2023-09-19T13:47:52.931+0000] {dagbag.py:539} INFO - Filling up the DagBag from /home/airflow/.local/lib/python3.8/site-packages/airflow/example_dags/example_short_circuit_operator.py
[2023-09-19T13:47:52.938+0000] {processor.py:839} INFO - DAG(s) dict_keys(['example_short_circuit_operator']) retrieved from /home/airflow/.local/lib/python3.8/site-packages/airflow/example_dags/example_short_circuit_operator.py
[2023-09-19T13:47:52.957+0000] {logging_mixin.py:151} INFO - [2023-09-19T13:47:52.957+0000] {dag.py:2915} INFO - Sync 1 DAGs
[2023-09-19T13:47:52.979+0000] {logging_mixin.py:151} INFO - [2023-09-19T13:47:52.979+0000] {dag.py:3696} INFO - Setting next_dagrun for example_short_circuit_operator to 2023-09-18T13:47:52.979422+00:00, run_after=2023-09-19T13:47:52.979422+00:00
[2023-09-19T13:47:53.000+0000] {processor.py:179} INFO - Processing /home/airflow/.local/lib/python3.8/site-packages/airflow/example_dags/example_short_circuit_operator.py took 0.073 seconds
[2023-09-19T13:48:23.353+0000] {processor.py:157} INFO - Started process (PID=3127) to work on /home/airflow/.local/lib/python3.8/site-packages/airflow/example_dags/example_short_circuit_operator.py
[2023-09-19T13:48:23.355+0000] {processor.py:829} INFO - Processing file /home/airflow/.local/lib/python3.8/site-packages/airflow/example_dags/example_short_circuit_operator.py for tasks to queue
[2023-09-19T13:48:23.356+0000] {logging_mixin.py:151} INFO - [2023-09-19T13:48:23.356+0000] {dagbag.py:539} INFO - Filling up the DagBag from /home/airflow/.local/lib/python3.8/site-packages/airflow/example_dags/example_short_circuit_operator.py
[2023-09-19T13:48:23.363+0000] {processor.py:839} INFO - DAG(s) dict_keys(['example_short_circuit_operator']) retrieved from /home/airflow/.local/lib/python3.8/site-packages/airflow/example_dags/example_short_circuit_operator.py
[2023-09-19T13:48:23.387+0000] {logging_mixin.py:151} INFO - [2023-09-19T13:48:23.387+0000] {dag.py:2915} INFO - Sync 1 DAGs
[2023-09-19T13:48:23.407+0000] {logging_mixin.py:151} INFO - [2023-09-19T13:48:23.407+0000] {dag.py:3696} INFO - Setting next_dagrun for example_short_circuit_operator to 2023-09-18T13:48:23.407502+00:00, run_after=2023-09-19T13:48:23.407502+00:00
[2023-09-19T13:48:23.430+0000] {processor.py:179} INFO - Processing /home/airflow/.local/lib/python3.8/site-packages/airflow/example_dags/example_short_circuit_operator.py took 0.081 seconds
[2023-09-19T13:48:53.778+0000] {processor.py:157} INFO - Started process (PID=3365) to work on /home/airflow/.local/lib/python3.8/site-packages/airflow/example_dags/example_short_circuit_operator.py
[2023-09-19T13:48:53.779+0000] {processor.py:829} INFO - Processing file /home/airflow/.local/lib/python3.8/site-packages/airflow/example_dags/example_short_circuit_operator.py for tasks to queue
[2023-09-19T13:48:53.780+0000] {logging_mixin.py:151} INFO - [2023-09-19T13:48:53.780+0000] {dagbag.py:539} INFO - Filling up the DagBag from /home/airflow/.local/lib/python3.8/site-packages/airflow/example_dags/example_short_circuit_operator.py
[2023-09-19T13:48:53.787+0000] {processor.py:839} INFO - DAG(s) dict_keys(['example_short_circuit_operator']) retrieved from /home/airflow/.local/lib/python3.8/site-packages/airflow/example_dags/example_short_circuit_operator.py
[2023-09-19T13:48:53.805+0000] {logging_mixin.py:151} INFO - [2023-09-19T13:48:53.805+0000] {dag.py:2915} INFO - Sync 1 DAGs
[2023-09-19T13:48:53.826+0000] {logging_mixin.py:151} INFO - [2023-09-19T13:48:53.826+0000] {dag.py:3696} INFO - Setting next_dagrun for example_short_circuit_operator to 2023-09-18T13:48:53.825747+00:00, run_after=2023-09-19T13:48:53.825747+00:00
[2023-09-19T13:48:53.846+0000] {processor.py:179} INFO - Processing /home/airflow/.local/lib/python3.8/site-packages/airflow/example_dags/example_short_circuit_operator.py took 0.071 seconds
[2023-09-19T13:49:24.484+0000] {processor.py:157} INFO - Started process (PID=3603) to work on /home/airflow/.local/lib/python3.8/site-packages/airflow/example_dags/example_short_circuit_operator.py
[2023-09-19T13:49:24.485+0000] {processor.py:829} INFO - Processing file /home/airflow/.local/lib/python3.8/site-packages/airflow/example_dags/example_short_circuit_operator.py for tasks to queue
[2023-09-19T13:49:24.487+0000] {logging_mixin.py:151} INFO - [2023-09-19T13:49:24.486+0000] {dagbag.py:539} INFO - Filling up the DagBag from /home/airflow/.local/lib/python3.8/site-packages/airflow/example_dags/example_short_circuit_operator.py
[2023-09-19T13:49:24.493+0000] {processor.py:839} INFO - DAG(s) dict_keys(['example_short_circuit_operator']) retrieved from /home/airflow/.local/lib/python3.8/site-packages/airflow/example_dags/example_short_circuit_operator.py
[2023-09-19T13:49:24.520+0000] {logging_mixin.py:151} INFO - [2023-09-19T13:49:24.520+0000] {dag.py:2915} INFO - Sync 1 DAGs
[2023-09-19T13:49:24.541+0000] {logging_mixin.py:151} INFO - [2023-09-19T13:49:24.541+0000] {dag.py:3696} INFO - Setting next_dagrun for example_short_circuit_operator to 2023-09-18T13:49:24.541017+00:00, run_after=2023-09-19T13:49:24.541017+00:00
[2023-09-19T13:49:24.563+0000] {processor.py:179} INFO - Processing /home/airflow/.local/lib/python3.8/site-packages/airflow/example_dags/example_short_circuit_operator.py took 0.083 seconds
[2023-09-19T13:49:54.981+0000] {processor.py:157} INFO - Started process (PID=3841) to work on /home/airflow/.local/lib/python3.8/site-packages/airflow/example_dags/example_short_circuit_operator.py
[2023-09-19T13:49:54.983+0000] {processor.py:829} INFO - Processing file /home/airflow/.local/lib/python3.8/site-packages/airflow/example_dags/example_short_circuit_operator.py for tasks to queue
[2023-09-19T13:49:54.984+0000] {logging_mixin.py:151} INFO - [2023-09-19T13:49:54.983+0000] {dagbag.py:539} INFO - Filling up the DagBag from /home/airflow/.local/lib/python3.8/site-packages/airflow/example_dags/example_short_circuit_operator.py
[2023-09-19T13:49:54.992+0000] {processor.py:839} INFO - DAG(s) dict_keys(['example_short_circuit_operator']) retrieved from /home/airflow/.local/lib/python3.8/site-packages/airflow/example_dags/example_short_circuit_operator.py
[2023-09-19T13:49:55.011+0000] {logging_mixin.py:151} INFO - [2023-09-19T13:49:55.011+0000] {dag.py:2915} INFO - Sync 1 DAGs
[2023-09-19T13:49:55.028+0000] {logging_mixin.py:151} INFO - [2023-09-19T13:49:55.028+0000] {dag.py:3696} INFO - Setting next_dagrun for example_short_circuit_operator to 2023-09-18T13:49:55.028495+00:00, run_after=2023-09-19T13:49:55.028495+00:00
[2023-09-19T13:49:55.050+0000] {processor.py:179} INFO - Processing /home/airflow/.local/lib/python3.8/site-packages/airflow/example_dags/example_short_circuit_operator.py took 0.072 seconds
[2023-09-19T13:50:25.583+0000] {processor.py:157} INFO - Started process (PID=4079) to work on /home/airflow/.local/lib/python3.8/site-packages/airflow/example_dags/example_short_circuit_operator.py
[2023-09-19T13:50:25.584+0000] {processor.py:829} INFO - Processing file /home/airflow/.local/lib/python3.8/site-packages/airflow/example_dags/example_short_circuit_operator.py for tasks to queue
[2023-09-19T13:50:25.585+0000] {logging_mixin.py:151} INFO - [2023-09-19T13:50:25.585+0000] {dagbag.py:539} INFO - Filling up the DagBag from /home/airflow/.local/lib/python3.8/site-packages/airflow/example_dags/example_short_circuit_operator.py
[2023-09-19T13:50:25.591+0000] {processor.py:839} INFO - DAG(s) dict_keys(['example_short_circuit_operator']) retrieved from /home/airflow/.local/lib/python3.8/site-packages/airflow/example_dags/example_short_circuit_operator.py
[2023-09-19T13:50:25.610+0000] {logging_mixin.py:151} INFO - [2023-09-19T13:50:25.610+0000] {dag.py:2915} INFO - Sync 1 DAGs
[2023-09-19T13:50:25.631+0000] {logging_mixin.py:151} INFO - [2023-09-19T13:50:25.631+0000] {dag.py:3696} INFO - Setting next_dagrun for example_short_circuit_operator to 2023-09-18T13:50:25.631330+00:00, run_after=2023-09-19T13:50:25.631330+00:00
[2023-09-19T13:50:25.651+0000] {processor.py:179} INFO - Processing /home/airflow/.local/lib/python3.8/site-packages/airflow/example_dags/example_short_circuit_operator.py took 0.070 seconds
[2023-09-19T13:50:56.027+0000] {processor.py:157} INFO - Started process (PID=4316) to work on /home/airflow/.local/lib/python3.8/site-packages/airflow/example_dags/example_short_circuit_operator.py
[2023-09-19T13:50:56.028+0000] {processor.py:829} INFO - Processing file /home/airflow/.local/lib/python3.8/site-packages/airflow/example_dags/example_short_circuit_operator.py for tasks to queue
[2023-09-19T13:50:56.029+0000] {logging_mixin.py:151} INFO - [2023-09-19T13:50:56.029+0000] {dagbag.py:539} INFO - Filling up the DagBag from /home/airflow/.local/lib/python3.8/site-packages/airflow/example_dags/example_short_circuit_operator.py
[2023-09-19T13:50:56.040+0000] {processor.py:839} INFO - DAG(s) dict_keys(['example_short_circuit_operator']) retrieved from /home/airflow/.local/lib/python3.8/site-packages/airflow/example_dags/example_short_circuit_operator.py
[2023-09-19T13:50:56.063+0000] {logging_mixin.py:151} INFO - [2023-09-19T13:50:56.063+0000] {dag.py:2915} INFO - Sync 1 DAGs
[2023-09-19T13:50:56.081+0000] {logging_mixin.py:151} INFO - [2023-09-19T13:50:56.081+0000] {dag.py:3696} INFO - Setting next_dagrun for example_short_circuit_operator to 2023-09-18T13:50:56.081441+00:00, run_after=2023-09-19T13:50:56.081441+00:00
[2023-09-19T13:50:56.108+0000] {processor.py:179} INFO - Processing /home/airflow/.local/lib/python3.8/site-packages/airflow/example_dags/example_short_circuit_operator.py took 0.083 seconds
[2023-09-19T13:51:26.483+0000] {processor.py:157} INFO - Started process (PID=4554) to work on /home/airflow/.local/lib/python3.8/site-packages/airflow/example_dags/example_short_circuit_operator.py
[2023-09-19T13:51:26.484+0000] {processor.py:829} INFO - Processing file /home/airflow/.local/lib/python3.8/site-packages/airflow/example_dags/example_short_circuit_operator.py for tasks to queue
[2023-09-19T13:51:26.484+0000] {logging_mixin.py:151} INFO - [2023-09-19T13:51:26.484+0000] {dagbag.py:539} INFO - Filling up the DagBag from /home/airflow/.local/lib/python3.8/site-packages/airflow/example_dags/example_short_circuit_operator.py
[2023-09-19T13:51:26.492+0000] {processor.py:839} INFO - DAG(s) dict_keys(['example_short_circuit_operator']) retrieved from /home/airflow/.local/lib/python3.8/site-packages/airflow/example_dags/example_short_circuit_operator.py
[2023-09-19T13:51:26.513+0000] {logging_mixin.py:151} INFO - [2023-09-19T13:51:26.513+0000] {dag.py:2915} INFO - Sync 1 DAGs
[2023-09-19T13:51:26.533+0000] {logging_mixin.py:151} INFO - [2023-09-19T13:51:26.533+0000] {dag.py:3696} INFO - Setting next_dagrun for example_short_circuit_operator to 2023-09-18T13:51:26.533209+00:00, run_after=2023-09-19T13:51:26.533209+00:00
[2023-09-19T13:51:26.553+0000] {processor.py:179} INFO - Processing /home/airflow/.local/lib/python3.8/site-packages/airflow/example_dags/example_short_circuit_operator.py took 0.073 seconds
[2023-09-19T13:51:56.829+0000] {processor.py:157} INFO - Started process (PID=4792) to work on /home/airflow/.local/lib/python3.8/site-packages/airflow/example_dags/example_short_circuit_operator.py
[2023-09-19T13:51:56.830+0000] {processor.py:829} INFO - Processing file /home/airflow/.local/lib/python3.8/site-packages/airflow/example_dags/example_short_circuit_operator.py for tasks to queue
[2023-09-19T13:51:56.831+0000] {logging_mixin.py:151} INFO - [2023-09-19T13:51:56.831+0000] {dagbag.py:539} INFO - Filling up the DagBag from /home/airflow/.local/lib/python3.8/site-packages/airflow/example_dags/example_short_circuit_operator.py
[2023-09-19T13:51:56.837+0000] {processor.py:839} INFO - DAG(s) dict_keys(['example_short_circuit_operator']) retrieved from /home/airflow/.local/lib/python3.8/site-packages/airflow/example_dags/example_short_circuit_operator.py
[2023-09-19T13:51:56.857+0000] {logging_mixin.py:151} INFO - [2023-09-19T13:51:56.856+0000] {dag.py:2915} INFO - Sync 1 DAGs
[2023-09-19T13:51:56.876+0000] {logging_mixin.py:151} INFO - [2023-09-19T13:51:56.875+0000] {dag.py:3696} INFO - Setting next_dagrun for example_short_circuit_operator to 2023-09-18T13:51:56.875809+00:00, run_after=2023-09-19T13:51:56.875809+00:00
[2023-09-19T13:51:56.892+0000] {processor.py:179} INFO - Processing /home/airflow/.local/lib/python3.8/site-packages/airflow/example_dags/example_short_circuit_operator.py took 0.066 seconds
[2023-09-19T13:52:27.034+0000] {processor.py:157} INFO - Started process (PID=5030) to work on /home/airflow/.local/lib/python3.8/site-packages/airflow/example_dags/example_short_circuit_operator.py
[2023-09-19T13:52:27.036+0000] {processor.py:829} INFO - Processing file /home/airflow/.local/lib/python3.8/site-packages/airflow/example_dags/example_short_circuit_operator.py for tasks to queue
[2023-09-19T13:52:27.036+0000] {logging_mixin.py:151} INFO - [2023-09-19T13:52:27.036+0000] {dagbag.py:539} INFO - Filling up the DagBag from /home/airflow/.local/lib/python3.8/site-packages/airflow/example_dags/example_short_circuit_operator.py
[2023-09-19T13:52:27.044+0000] {processor.py:839} INFO - DAG(s) dict_keys(['example_short_circuit_operator']) retrieved from /home/airflow/.local/lib/python3.8/site-packages/airflow/example_dags/example_short_circuit_operator.py
[2023-09-19T13:52:27.062+0000] {logging_mixin.py:151} INFO - [2023-09-19T13:52:27.062+0000] {dag.py:2915} INFO - Sync 1 DAGs
[2023-09-19T13:52:27.077+0000] {logging_mixin.py:151} INFO - [2023-09-19T13:52:27.077+0000] {dag.py:3696} INFO - Setting next_dagrun for example_short_circuit_operator to 2023-09-18T13:52:27.077561+00:00, run_after=2023-09-19T13:52:27.077561+00:00
[2023-09-19T13:52:27.097+0000] {processor.py:179} INFO - Processing /home/airflow/.local/lib/python3.8/site-packages/airflow/example_dags/example_short_circuit_operator.py took 0.066 seconds
[2023-09-19T13:52:57.243+0000] {processor.py:157} INFO - Started process (PID=5269) to work on /home/airflow/.local/lib/python3.8/site-packages/airflow/example_dags/example_short_circuit_operator.py
[2023-09-19T13:52:57.244+0000] {processor.py:829} INFO - Processing file /home/airflow/.local/lib/python3.8/site-packages/airflow/example_dags/example_short_circuit_operator.py for tasks to queue
[2023-09-19T13:52:57.245+0000] {logging_mixin.py:151} INFO - [2023-09-19T13:52:57.245+0000] {dagbag.py:539} INFO - Filling up the DagBag from /home/airflow/.local/lib/python3.8/site-packages/airflow/example_dags/example_short_circuit_operator.py
[2023-09-19T13:52:57.253+0000] {processor.py:839} INFO - DAG(s) dict_keys(['example_short_circuit_operator']) retrieved from /home/airflow/.local/lib/python3.8/site-packages/airflow/example_dags/example_short_circuit_operator.py
[2023-09-19T13:52:57.271+0000] {logging_mixin.py:151} INFO - [2023-09-19T13:52:57.270+0000] {dag.py:2915} INFO - Sync 1 DAGs
[2023-09-19T13:52:57.287+0000] {logging_mixin.py:151} INFO - [2023-09-19T13:52:57.287+0000] {dag.py:3696} INFO - Setting next_dagrun for example_short_circuit_operator to 2023-09-18T13:52:57.286676+00:00, run_after=2023-09-19T13:52:57.286676+00:00
[2023-09-19T13:52:57.306+0000] {processor.py:179} INFO - Processing /home/airflow/.local/lib/python3.8/site-packages/airflow/example_dags/example_short_circuit_operator.py took 0.065 seconds
[2023-09-19T13:53:27.523+0000] {processor.py:157} INFO - Started process (PID=5507) to work on /home/airflow/.local/lib/python3.8/site-packages/airflow/example_dags/example_short_circuit_operator.py
[2023-09-19T13:53:27.524+0000] {processor.py:829} INFO - Processing file /home/airflow/.local/lib/python3.8/site-packages/airflow/example_dags/example_short_circuit_operator.py for tasks to queue
[2023-09-19T13:53:27.526+0000] {logging_mixin.py:151} INFO - [2023-09-19T13:53:27.525+0000] {dagbag.py:539} INFO - Filling up the DagBag from /home/airflow/.local/lib/python3.8/site-packages/airflow/example_dags/example_short_circuit_operator.py
[2023-09-19T13:53:27.534+0000] {processor.py:839} INFO - DAG(s) dict_keys(['example_short_circuit_operator']) retrieved from /home/airflow/.local/lib/python3.8/site-packages/airflow/example_dags/example_short_circuit_operator.py
[2023-09-19T13:53:27.553+0000] {logging_mixin.py:151} INFO - [2023-09-19T13:53:27.553+0000] {dag.py:2915} INFO - Sync 1 DAGs
[2023-09-19T13:53:27.577+0000] {logging_mixin.py:151} INFO - [2023-09-19T13:53:27.577+0000] {dag.py:3696} INFO - Setting next_dagrun for example_short_circuit_operator to 2023-09-18T13:53:27.577238+00:00, run_after=2023-09-19T13:53:27.577238+00:00
[2023-09-19T13:53:27.596+0000] {processor.py:179} INFO - Processing /home/airflow/.local/lib/python3.8/site-packages/airflow/example_dags/example_short_circuit_operator.py took 0.076 seconds
[2023-09-19T13:53:57.817+0000] {processor.py:157} INFO - Started process (PID=5745) to work on /home/airflow/.local/lib/python3.8/site-packages/airflow/example_dags/example_short_circuit_operator.py
[2023-09-19T13:53:57.818+0000] {processor.py:829} INFO - Processing file /home/airflow/.local/lib/python3.8/site-packages/airflow/example_dags/example_short_circuit_operator.py for tasks to queue
[2023-09-19T13:53:57.819+0000] {logging_mixin.py:151} INFO - [2023-09-19T13:53:57.819+0000] {dagbag.py:539} INFO - Filling up the DagBag from /home/airflow/.local/lib/python3.8/site-packages/airflow/example_dags/example_short_circuit_operator.py
[2023-09-19T13:53:57.826+0000] {processor.py:839} INFO - DAG(s) dict_keys(['example_short_circuit_operator']) retrieved from /home/airflow/.local/lib/python3.8/site-packages/airflow/example_dags/example_short_circuit_operator.py
[2023-09-19T13:53:57.847+0000] {logging_mixin.py:151} INFO - [2023-09-19T13:53:57.846+0000] {dag.py:2915} INFO - Sync 1 DAGs
[2023-09-19T13:53:57.864+0000] {logging_mixin.py:151} INFO - [2023-09-19T13:53:57.863+0000] {dag.py:3696} INFO - Setting next_dagrun for example_short_circuit_operator to 2023-09-18T13:53:57.863699+00:00, run_after=2023-09-19T13:53:57.863699+00:00
[2023-09-19T13:53:57.882+0000] {processor.py:179} INFO - Processing /home/airflow/.local/lib/python3.8/site-packages/airflow/example_dags/example_short_circuit_operator.py took 0.067 seconds
[2023-09-19T13:54:28.132+0000] {processor.py:157} INFO - Started process (PID=5983) to work on /home/airflow/.local/lib/python3.8/site-packages/airflow/example_dags/example_short_circuit_operator.py
[2023-09-19T13:54:28.134+0000] {processor.py:829} INFO - Processing file /home/airflow/.local/lib/python3.8/site-packages/airflow/example_dags/example_short_circuit_operator.py for tasks to queue
[2023-09-19T13:54:28.134+0000] {logging_mixin.py:151} INFO - [2023-09-19T13:54:28.134+0000] {dagbag.py:539} INFO - Filling up the DagBag from /home/airflow/.local/lib/python3.8/site-packages/airflow/example_dags/example_short_circuit_operator.py
[2023-09-19T13:54:28.140+0000] {processor.py:839} INFO - DAG(s) dict_keys(['example_short_circuit_operator']) retrieved from /home/airflow/.local/lib/python3.8/site-packages/airflow/example_dags/example_short_circuit_operator.py
[2023-09-19T13:54:28.161+0000] {logging_mixin.py:151} INFO - [2023-09-19T13:54:28.161+0000] {dag.py:2915} INFO - Sync 1 DAGs
[2023-09-19T13:54:28.178+0000] {logging_mixin.py:151} INFO - [2023-09-19T13:54:28.177+0000] {dag.py:3696} INFO - Setting next_dagrun for example_short_circuit_operator to 2023-09-18T13:54:28.177817+00:00, run_after=2023-09-19T13:54:28.177817+00:00
[2023-09-19T13:54:28.195+0000] {processor.py:179} INFO - Processing /home/airflow/.local/lib/python3.8/site-packages/airflow/example_dags/example_short_circuit_operator.py took 0.065 seconds
[2023-09-19T13:54:58.522+0000] {processor.py:157} INFO - Started process (PID=6216) to work on /home/airflow/.local/lib/python3.8/site-packages/airflow/example_dags/example_short_circuit_operator.py
[2023-09-19T13:54:58.526+0000] {processor.py:829} INFO - Processing file /home/airflow/.local/lib/python3.8/site-packages/airflow/example_dags/example_short_circuit_operator.py for tasks to queue
[2023-09-19T13:54:58.527+0000] {logging_mixin.py:151} INFO - [2023-09-19T13:54:58.527+0000] {dagbag.py:539} INFO - Filling up the DagBag from /home/airflow/.local/lib/python3.8/site-packages/airflow/example_dags/example_short_circuit_operator.py
[2023-09-19T13:54:58.534+0000] {processor.py:839} INFO - DAG(s) dict_keys(['example_short_circuit_operator']) retrieved from /home/airflow/.local/lib/python3.8/site-packages/airflow/example_dags/example_short_circuit_operator.py
[2023-09-19T13:54:58.556+0000] {logging_mixin.py:151} INFO - [2023-09-19T13:54:58.556+0000] {dag.py:2915} INFO - Sync 1 DAGs
[2023-09-19T13:54:58.575+0000] {logging_mixin.py:151} INFO - [2023-09-19T13:54:58.575+0000] {dag.py:3696} INFO - Setting next_dagrun for example_short_circuit_operator to 2023-09-18T13:54:58.574784+00:00, run_after=2023-09-19T13:54:58.574784+00:00
[2023-09-19T13:54:58.590+0000] {processor.py:179} INFO - Processing /home/airflow/.local/lib/python3.8/site-packages/airflow/example_dags/example_short_circuit_operator.py took 0.071 seconds
[2023-09-19T13:55:28.772+0000] {processor.py:157} INFO - Started process (PID=6454) to work on /home/airflow/.local/lib/python3.8/site-packages/airflow/example_dags/example_short_circuit_operator.py
[2023-09-19T13:55:28.773+0000] {processor.py:829} INFO - Processing file /home/airflow/.local/lib/python3.8/site-packages/airflow/example_dags/example_short_circuit_operator.py for tasks to queue
[2023-09-19T13:55:28.773+0000] {logging_mixin.py:151} INFO - [2023-09-19T13:55:28.773+0000] {dagbag.py:539} INFO - Filling up the DagBag from /home/airflow/.local/lib/python3.8/site-packages/airflow/example_dags/example_short_circuit_operator.py
[2023-09-19T13:55:28.779+0000] {processor.py:839} INFO - DAG(s) dict_keys(['example_short_circuit_operator']) retrieved from /home/airflow/.local/lib/python3.8/site-packages/airflow/example_dags/example_short_circuit_operator.py
[2023-09-19T13:55:28.799+0000] {logging_mixin.py:151} INFO - [2023-09-19T13:55:28.798+0000] {dag.py:2915} INFO - Sync 1 DAGs
[2023-09-19T13:55:28.815+0000] {logging_mixin.py:151} INFO - [2023-09-19T13:55:28.815+0000] {dag.py:3696} INFO - Setting next_dagrun for example_short_circuit_operator to 2023-09-18T13:55:28.814872+00:00, run_after=2023-09-19T13:55:28.814872+00:00
[2023-09-19T13:55:28.830+0000] {processor.py:179} INFO - Processing /home/airflow/.local/lib/python3.8/site-packages/airflow/example_dags/example_short_circuit_operator.py took 0.060 seconds
[2023-09-19T13:55:58.951+0000] {processor.py:157} INFO - Started process (PID=6692) to work on /home/airflow/.local/lib/python3.8/site-packages/airflow/example_dags/example_short_circuit_operator.py
[2023-09-19T13:55:58.952+0000] {processor.py:829} INFO - Processing file /home/airflow/.local/lib/python3.8/site-packages/airflow/example_dags/example_short_circuit_operator.py for tasks to queue
[2023-09-19T13:55:58.952+0000] {logging_mixin.py:151} INFO - [2023-09-19T13:55:58.952+0000] {dagbag.py:539} INFO - Filling up the DagBag from /home/airflow/.local/lib/python3.8/site-packages/airflow/example_dags/example_short_circuit_operator.py
[2023-09-19T13:55:58.958+0000] {processor.py:839} INFO - DAG(s) dict_keys(['example_short_circuit_operator']) retrieved from /home/airflow/.local/lib/python3.8/site-packages/airflow/example_dags/example_short_circuit_operator.py
[2023-09-19T13:55:58.978+0000] {logging_mixin.py:151} INFO - [2023-09-19T13:55:58.978+0000] {dag.py:2915} INFO - Sync 1 DAGs
[2023-09-19T13:55:58.995+0000] {logging_mixin.py:151} INFO - [2023-09-19T13:55:58.995+0000] {dag.py:3696} INFO - Setting next_dagrun for example_short_circuit_operator to 2023-09-18T13:55:58.995064+00:00, run_after=2023-09-19T13:55:58.995064+00:00
[2023-09-19T13:55:59.011+0000] {processor.py:179} INFO - Processing /home/airflow/.local/lib/python3.8/site-packages/airflow/example_dags/example_short_circuit_operator.py took 0.062 seconds
[2023-09-19T13:56:29.126+0000] {processor.py:157} INFO - Started process (PID=6930) to work on /home/airflow/.local/lib/python3.8/site-packages/airflow/example_dags/example_short_circuit_operator.py
[2023-09-19T13:56:29.127+0000] {processor.py:829} INFO - Processing file /home/airflow/.local/lib/python3.8/site-packages/airflow/example_dags/example_short_circuit_operator.py for tasks to queue
[2023-09-19T13:56:29.128+0000] {logging_mixin.py:151} INFO - [2023-09-19T13:56:29.128+0000] {dagbag.py:539} INFO - Filling up the DagBag from /home/airflow/.local/lib/python3.8/site-packages/airflow/example_dags/example_short_circuit_operator.py
[2023-09-19T13:56:29.134+0000] {processor.py:839} INFO - DAG(s) dict_keys(['example_short_circuit_operator']) retrieved from /home/airflow/.local/lib/python3.8/site-packages/airflow/example_dags/example_short_circuit_operator.py
[2023-09-19T13:56:29.152+0000] {logging_mixin.py:151} INFO - [2023-09-19T13:56:29.152+0000] {dag.py:2915} INFO - Sync 1 DAGs
[2023-09-19T13:56:29.173+0000] {logging_mixin.py:151} INFO - [2023-09-19T13:56:29.173+0000] {dag.py:3696} INFO - Setting next_dagrun for example_short_circuit_operator to 2023-09-18T13:56:29.172958+00:00, run_after=2023-09-19T13:56:29.172958+00:00
[2023-09-19T13:56:29.191+0000] {processor.py:179} INFO - Processing /home/airflow/.local/lib/python3.8/site-packages/airflow/example_dags/example_short_circuit_operator.py took 0.067 seconds
[2023-09-19T13:56:59.400+0000] {processor.py:157} INFO - Started process (PID=7168) to work on /home/airflow/.local/lib/python3.8/site-packages/airflow/example_dags/example_short_circuit_operator.py
[2023-09-19T13:56:59.401+0000] {processor.py:829} INFO - Processing file /home/airflow/.local/lib/python3.8/site-packages/airflow/example_dags/example_short_circuit_operator.py for tasks to queue
[2023-09-19T13:56:59.403+0000] {logging_mixin.py:151} INFO - [2023-09-19T13:56:59.402+0000] {dagbag.py:539} INFO - Filling up the DagBag from /home/airflow/.local/lib/python3.8/site-packages/airflow/example_dags/example_short_circuit_operator.py
[2023-09-19T13:56:59.411+0000] {processor.py:839} INFO - DAG(s) dict_keys(['example_short_circuit_operator']) retrieved from /home/airflow/.local/lib/python3.8/site-packages/airflow/example_dags/example_short_circuit_operator.py
[2023-09-19T13:56:59.428+0000] {logging_mixin.py:151} INFO - [2023-09-19T13:56:59.428+0000] {dag.py:2915} INFO - Sync 1 DAGs
[2023-09-19T13:56:59.445+0000] {logging_mixin.py:151} INFO - [2023-09-19T13:56:59.444+0000] {dag.py:3696} INFO - Setting next_dagrun for example_short_circuit_operator to 2023-09-18T13:56:59.444677+00:00, run_after=2023-09-19T13:56:59.444677+00:00
[2023-09-19T13:56:59.463+0000] {processor.py:179} INFO - Processing /home/airflow/.local/lib/python3.8/site-packages/airflow/example_dags/example_short_circuit_operator.py took 0.066 seconds
[2023-09-19T13:57:29.966+0000] {processor.py:157} INFO - Started process (PID=7406) to work on /home/airflow/.local/lib/python3.8/site-packages/airflow/example_dags/example_short_circuit_operator.py
[2023-09-19T13:57:29.968+0000] {processor.py:829} INFO - Processing file /home/airflow/.local/lib/python3.8/site-packages/airflow/example_dags/example_short_circuit_operator.py for tasks to queue
[2023-09-19T13:57:29.968+0000] {logging_mixin.py:151} INFO - [2023-09-19T13:57:29.968+0000] {dagbag.py:539} INFO - Filling up the DagBag from /home/airflow/.local/lib/python3.8/site-packages/airflow/example_dags/example_short_circuit_operator.py
[2023-09-19T13:57:29.975+0000] {processor.py:839} INFO - DAG(s) dict_keys(['example_short_circuit_operator']) retrieved from /home/airflow/.local/lib/python3.8/site-packages/airflow/example_dags/example_short_circuit_operator.py
[2023-09-19T13:57:29.992+0000] {logging_mixin.py:151} INFO - [2023-09-19T13:57:29.992+0000] {dag.py:2915} INFO - Sync 1 DAGs
[2023-09-19T13:57:30.009+0000] {logging_mixin.py:151} INFO - [2023-09-19T13:57:30.009+0000] {dag.py:3696} INFO - Setting next_dagrun for example_short_circuit_operator to 2023-09-18T13:57:30.009366+00:00, run_after=2023-09-19T13:57:30.009366+00:00
[2023-09-19T13:57:30.029+0000] {processor.py:179} INFO - Processing /home/airflow/.local/lib/python3.8/site-packages/airflow/example_dags/example_short_circuit_operator.py took 0.067 seconds
[2023-09-19T13:58:00.186+0000] {processor.py:157} INFO - Started process (PID=7645) to work on /home/airflow/.local/lib/python3.8/site-packages/airflow/example_dags/example_short_circuit_operator.py
[2023-09-19T13:58:00.187+0000] {processor.py:829} INFO - Processing file /home/airflow/.local/lib/python3.8/site-packages/airflow/example_dags/example_short_circuit_operator.py for tasks to queue
[2023-09-19T13:58:00.187+0000] {logging_mixin.py:151} INFO - [2023-09-19T13:58:00.187+0000] {dagbag.py:539} INFO - Filling up the DagBag from /home/airflow/.local/lib/python3.8/site-packages/airflow/example_dags/example_short_circuit_operator.py
[2023-09-19T13:58:00.193+0000] {processor.py:839} INFO - DAG(s) dict_keys(['example_short_circuit_operator']) retrieved from /home/airflow/.local/lib/python3.8/site-packages/airflow/example_dags/example_short_circuit_operator.py
[2023-09-19T13:58:00.211+0000] {logging_mixin.py:151} INFO - [2023-09-19T13:58:00.210+0000] {dag.py:2915} INFO - Sync 1 DAGs
[2023-09-19T13:58:00.229+0000] {logging_mixin.py:151} INFO - [2023-09-19T13:58:00.229+0000] {dag.py:3696} INFO - Setting next_dagrun for example_short_circuit_operator to 2023-09-18T13:58:00.229527+00:00, run_after=2023-09-19T13:58:00.229527+00:00
[2023-09-19T13:58:00.246+0000] {processor.py:179} INFO - Processing /home/airflow/.local/lib/python3.8/site-packages/airflow/example_dags/example_short_circuit_operator.py took 0.063 seconds
[2023-09-19T13:58:30.537+0000] {processor.py:157} INFO - Started process (PID=7883) to work on /home/airflow/.local/lib/python3.8/site-packages/airflow/example_dags/example_short_circuit_operator.py
[2023-09-19T13:58:30.539+0000] {processor.py:829} INFO - Processing file /home/airflow/.local/lib/python3.8/site-packages/airflow/example_dags/example_short_circuit_operator.py for tasks to queue
[2023-09-19T13:58:30.539+0000] {logging_mixin.py:151} INFO - [2023-09-19T13:58:30.539+0000] {dagbag.py:539} INFO - Filling up the DagBag from /home/airflow/.local/lib/python3.8/site-packages/airflow/example_dags/example_short_circuit_operator.py
[2023-09-19T13:58:30.546+0000] {processor.py:839} INFO - DAG(s) dict_keys(['example_short_circuit_operator']) retrieved from /home/airflow/.local/lib/python3.8/site-packages/airflow/example_dags/example_short_circuit_operator.py
[2023-09-19T13:58:30.565+0000] {logging_mixin.py:151} INFO - [2023-09-19T13:58:30.564+0000] {dag.py:2915} INFO - Sync 1 DAGs
[2023-09-19T13:58:30.583+0000] {logging_mixin.py:151} INFO - [2023-09-19T13:58:30.582+0000] {dag.py:3696} INFO - Setting next_dagrun for example_short_circuit_operator to 2023-09-18T13:58:30.582421+00:00, run_after=2023-09-19T13:58:30.582421+00:00
[2023-09-19T13:58:30.603+0000] {processor.py:179} INFO - Processing /home/airflow/.local/lib/python3.8/site-packages/airflow/example_dags/example_short_circuit_operator.py took 0.069 seconds
[2023-09-19T13:59:00.743+0000] {processor.py:157} INFO - Started process (PID=8121) to work on /home/airflow/.local/lib/python3.8/site-packages/airflow/example_dags/example_short_circuit_operator.py
[2023-09-19T13:59:00.744+0000] {processor.py:829} INFO - Processing file /home/airflow/.local/lib/python3.8/site-packages/airflow/example_dags/example_short_circuit_operator.py for tasks to queue
[2023-09-19T13:59:00.744+0000] {logging_mixin.py:151} INFO - [2023-09-19T13:59:00.744+0000] {dagbag.py:539} INFO - Filling up the DagBag from /home/airflow/.local/lib/python3.8/site-packages/airflow/example_dags/example_short_circuit_operator.py
[2023-09-19T13:59:00.755+0000] {processor.py:839} INFO - DAG(s) dict_keys(['example_short_circuit_operator']) retrieved from /home/airflow/.local/lib/python3.8/site-packages/airflow/example_dags/example_short_circuit_operator.py
[2023-09-19T13:59:00.775+0000] {logging_mixin.py:151} INFO - [2023-09-19T13:59:00.775+0000] {dag.py:2915} INFO - Sync 1 DAGs
[2023-09-19T13:59:00.791+0000] {logging_mixin.py:151} INFO - [2023-09-19T13:59:00.790+0000] {dag.py:3696} INFO - Setting next_dagrun for example_short_circuit_operator to 2023-09-18T13:59:00.790796+00:00, run_after=2023-09-19T13:59:00.790796+00:00
[2023-09-19T13:59:00.808+0000] {processor.py:179} INFO - Processing /home/airflow/.local/lib/python3.8/site-packages/airflow/example_dags/example_short_circuit_operator.py took 0.067 seconds
[2023-09-19T13:59:30.890+0000] {processor.py:157} INFO - Started process (PID=8359) to work on /home/airflow/.local/lib/python3.8/site-packages/airflow/example_dags/example_short_circuit_operator.py
[2023-09-19T13:59:30.891+0000] {processor.py:829} INFO - Processing file /home/airflow/.local/lib/python3.8/site-packages/airflow/example_dags/example_short_circuit_operator.py for tasks to queue
[2023-09-19T13:59:30.891+0000] {logging_mixin.py:151} INFO - [2023-09-19T13:59:30.891+0000] {dagbag.py:539} INFO - Filling up the DagBag from /home/airflow/.local/lib/python3.8/site-packages/airflow/example_dags/example_short_circuit_operator.py
[2023-09-19T13:59:30.898+0000] {processor.py:839} INFO - DAG(s) dict_keys(['example_short_circuit_operator']) retrieved from /home/airflow/.local/lib/python3.8/site-packages/airflow/example_dags/example_short_circuit_operator.py
[2023-09-19T13:59:30.919+0000] {logging_mixin.py:151} INFO - [2023-09-19T13:59:30.919+0000] {dag.py:2915} INFO - Sync 1 DAGs
[2023-09-19T13:59:30.936+0000] {logging_mixin.py:151} INFO - [2023-09-19T13:59:30.935+0000] {dag.py:3696} INFO - Setting next_dagrun for example_short_circuit_operator to 2023-09-18T13:59:30.935624+00:00, run_after=2023-09-19T13:59:30.935624+00:00
[2023-09-19T13:59:30.949+0000] {processor.py:179} INFO - Processing /home/airflow/.local/lib/python3.8/site-packages/airflow/example_dags/example_short_circuit_operator.py took 0.063 seconds
