[2023-09-19T13:42:06.893+0000] {processor.py:157} INFO - Started process (PID=167) to work on /home/airflow/.local/lib/python3.8/site-packages/airflow/example_dags/example_datasets.py
[2023-09-19T13:42:06.893+0000] {processor.py:829} INFO - Processing file /home/airflow/.local/lib/python3.8/site-packages/airflow/example_dags/example_datasets.py for tasks to queue
[2023-09-19T13:42:06.895+0000] {logging_mixin.py:151} INFO - [2023-09-19T13:42:06.894+0000] {dagbag.py:539} INFO - Filling up the DagBag from /home/airflow/.local/lib/python3.8/site-packages/airflow/example_dags/example_datasets.py
[2023-09-19T13:42:06.930+0000] {processor.py:839} INFO - DAG(s) dict_keys(['dataset_consumes_1', 'dataset_consumes_1_and_2', 'dataset_consumes_unknown_never_scheduled', 'dataset_produces_2', 'dataset_produces_1', 'dataset_consumes_1_never_scheduled']) retrieved from /home/airflow/.local/lib/python3.8/site-packages/airflow/example_dags/example_datasets.py
[2023-09-19T13:42:07.023+0000] {logging_mixin.py:151} INFO - [2023-09-19T13:42:07.023+0000] {dag.py:2915} INFO - Sync 6 DAGs
[2023-09-19T13:42:07.049+0000] {logging_mixin.py:151} INFO - [2023-09-19T13:42:07.048+0000] {dag.py:3696} INFO - Setting next_dagrun for dataset_consumes_1 to None, run_after=None
[2023-09-19T13:42:07.052+0000] {logging_mixin.py:151} INFO - [2023-09-19T13:42:07.052+0000] {dag.py:3696} INFO - Setting next_dagrun for dataset_consumes_1_and_2 to None, run_after=None
[2023-09-19T13:42:07.055+0000] {logging_mixin.py:151} INFO - [2023-09-19T13:42:07.055+0000] {dag.py:3696} INFO - Setting next_dagrun for dataset_consumes_1_never_scheduled to None, run_after=None
[2023-09-19T13:42:07.057+0000] {logging_mixin.py:151} INFO - [2023-09-19T13:42:07.057+0000] {dag.py:3696} INFO - Setting next_dagrun for dataset_consumes_unknown_never_scheduled to None, run_after=None
[2023-09-19T13:42:07.060+0000] {logging_mixin.py:151} INFO - [2023-09-19T13:42:07.059+0000] {dag.py:3696} INFO - Setting next_dagrun for dataset_produces_1 to 2023-09-18T00:00:00+00:00, run_after=2023-09-19T00:00:00+00:00
[2023-09-19T13:42:07.062+0000] {logging_mixin.py:151} INFO - [2023-09-19T13:42:07.062+0000] {dag.py:3696} INFO - Setting next_dagrun for dataset_produces_2 to None, run_after=None
[2023-09-19T13:42:07.145+0000] {processor.py:179} INFO - Processing /home/airflow/.local/lib/python3.8/site-packages/airflow/example_dags/example_datasets.py took 0.256 seconds
[2023-09-19T13:42:42.223+0000] {processor.py:157} INFO - Started process (PID=405) to work on /home/airflow/.local/lib/python3.8/site-packages/airflow/example_dags/example_datasets.py
[2023-09-19T13:42:42.234+0000] {processor.py:829} INFO - Processing file /home/airflow/.local/lib/python3.8/site-packages/airflow/example_dags/example_datasets.py for tasks to queue
[2023-09-19T13:42:42.241+0000] {logging_mixin.py:151} INFO - [2023-09-19T13:42:42.235+0000] {dagbag.py:539} INFO - Filling up the DagBag from /home/airflow/.local/lib/python3.8/site-packages/airflow/example_dags/example_datasets.py
[2023-09-19T13:42:42.280+0000] {processor.py:839} INFO - DAG(s) dict_keys(['dataset_consumes_1_never_scheduled', 'dataset_consumes_unknown_never_scheduled', 'dataset_consumes_1_and_2', 'dataset_produces_1', 'dataset_produces_2', 'dataset_consumes_1']) retrieved from /home/airflow/.local/lib/python3.8/site-packages/airflow/example_dags/example_datasets.py
[2023-09-19T13:42:42.541+0000] {logging_mixin.py:151} INFO - [2023-09-19T13:42:42.540+0000] {dag.py:2915} INFO - Sync 6 DAGs
[2023-09-19T13:42:42.587+0000] {logging_mixin.py:151} INFO - [2023-09-19T13:42:42.586+0000] {dag.py:3696} INFO - Setting next_dagrun for dataset_consumes_1 to None, run_after=None
[2023-09-19T13:42:42.596+0000] {logging_mixin.py:151} INFO - [2023-09-19T13:42:42.596+0000] {dag.py:3696} INFO - Setting next_dagrun for dataset_consumes_1_and_2 to None, run_after=None
[2023-09-19T13:42:42.598+0000] {logging_mixin.py:151} INFO - [2023-09-19T13:42:42.598+0000] {dag.py:3696} INFO - Setting next_dagrun for dataset_consumes_1_never_scheduled to None, run_after=None
[2023-09-19T13:42:42.600+0000] {logging_mixin.py:151} INFO - [2023-09-19T13:42:42.600+0000] {dag.py:3696} INFO - Setting next_dagrun for dataset_consumes_unknown_never_scheduled to None, run_after=None
[2023-09-19T13:42:42.607+0000] {logging_mixin.py:151} INFO - [2023-09-19T13:42:42.607+0000] {dag.py:3696} INFO - Setting next_dagrun for dataset_produces_1 to 2023-09-18T00:00:00+00:00, run_after=2023-09-19T00:00:00+00:00
[2023-09-19T13:42:42.611+0000] {logging_mixin.py:151} INFO - [2023-09-19T13:42:42.611+0000] {dag.py:3696} INFO - Setting next_dagrun for dataset_produces_2 to None, run_after=None
[2023-09-19T13:42:45.139+0000] {processor.py:179} INFO - Processing /home/airflow/.local/lib/python3.8/site-packages/airflow/example_dags/example_datasets.py took 2.936 seconds
[2023-09-19T13:43:15.376+0000] {processor.py:157} INFO - Started process (PID=643) to work on /home/airflow/.local/lib/python3.8/site-packages/airflow/example_dags/example_datasets.py
[2023-09-19T13:43:15.377+0000] {processor.py:829} INFO - Processing file /home/airflow/.local/lib/python3.8/site-packages/airflow/example_dags/example_datasets.py for tasks to queue
[2023-09-19T13:43:15.378+0000] {logging_mixin.py:151} INFO - [2023-09-19T13:43:15.378+0000] {dagbag.py:539} INFO - Filling up the DagBag from /home/airflow/.local/lib/python3.8/site-packages/airflow/example_dags/example_datasets.py
[2023-09-19T13:43:15.384+0000] {processor.py:839} INFO - DAG(s) dict_keys(['dataset_consumes_1', 'dataset_consumes_1_never_scheduled', 'dataset_produces_1', 'dataset_produces_2', 'dataset_consumes_unknown_never_scheduled', 'dataset_consumes_1_and_2']) retrieved from /home/airflow/.local/lib/python3.8/site-packages/airflow/example_dags/example_datasets.py
[2023-09-19T13:43:15.531+0000] {logging_mixin.py:151} INFO - [2023-09-19T13:43:15.530+0000] {dag.py:2915} INFO - Sync 6 DAGs
[2023-09-19T13:43:15.545+0000] {logging_mixin.py:151} INFO - [2023-09-19T13:43:15.545+0000] {dag.py:3696} INFO - Setting next_dagrun for dataset_consumes_1 to None, run_after=None
[2023-09-19T13:43:15.547+0000] {logging_mixin.py:151} INFO - [2023-09-19T13:43:15.547+0000] {dag.py:3696} INFO - Setting next_dagrun for dataset_consumes_1_and_2 to None, run_after=None
[2023-09-19T13:43:15.548+0000] {logging_mixin.py:151} INFO - [2023-09-19T13:43:15.548+0000] {dag.py:3696} INFO - Setting next_dagrun for dataset_consumes_1_never_scheduled to None, run_after=None
[2023-09-19T13:43:15.549+0000] {logging_mixin.py:151} INFO - [2023-09-19T13:43:15.549+0000] {dag.py:3696} INFO - Setting next_dagrun for dataset_consumes_unknown_never_scheduled to None, run_after=None
[2023-09-19T13:43:15.550+0000] {logging_mixin.py:151} INFO - [2023-09-19T13:43:15.550+0000] {dag.py:3696} INFO - Setting next_dagrun for dataset_produces_1 to 2023-09-18T00:00:00+00:00, run_after=2023-09-19T00:00:00+00:00
[2023-09-19T13:43:15.551+0000] {logging_mixin.py:151} INFO - [2023-09-19T13:43:15.551+0000] {dag.py:3696} INFO - Setting next_dagrun for dataset_produces_2 to None, run_after=None
[2023-09-19T13:43:15.578+0000] {processor.py:179} INFO - Processing /home/airflow/.local/lib/python3.8/site-packages/airflow/example_dags/example_datasets.py took 0.203 seconds
[2023-09-19T13:43:45.675+0000] {processor.py:157} INFO - Started process (PID=881) to work on /home/airflow/.local/lib/python3.8/site-packages/airflow/example_dags/example_datasets.py
[2023-09-19T13:43:45.676+0000] {processor.py:829} INFO - Processing file /home/airflow/.local/lib/python3.8/site-packages/airflow/example_dags/example_datasets.py for tasks to queue
[2023-09-19T13:43:45.676+0000] {logging_mixin.py:151} INFO - [2023-09-19T13:43:45.676+0000] {dagbag.py:539} INFO - Filling up the DagBag from /home/airflow/.local/lib/python3.8/site-packages/airflow/example_dags/example_datasets.py
[2023-09-19T13:43:45.682+0000] {processor.py:839} INFO - DAG(s) dict_keys(['dataset_consumes_unknown_never_scheduled', 'dataset_produces_2', 'dataset_produces_1', 'dataset_consumes_1_never_scheduled', 'dataset_consumes_1_and_2', 'dataset_consumes_1']) retrieved from /home/airflow/.local/lib/python3.8/site-packages/airflow/example_dags/example_datasets.py
[2023-09-19T13:43:45.712+0000] {logging_mixin.py:151} INFO - [2023-09-19T13:43:45.711+0000] {dag.py:2915} INFO - Sync 6 DAGs
[2023-09-19T13:43:45.726+0000] {logging_mixin.py:151} INFO - [2023-09-19T13:43:45.726+0000] {dag.py:3696} INFO - Setting next_dagrun for dataset_consumes_1 to None, run_after=None
[2023-09-19T13:43:45.728+0000] {logging_mixin.py:151} INFO - [2023-09-19T13:43:45.728+0000] {dag.py:3696} INFO - Setting next_dagrun for dataset_consumes_1_and_2 to None, run_after=None
[2023-09-19T13:43:45.729+0000] {logging_mixin.py:151} INFO - [2023-09-19T13:43:45.729+0000] {dag.py:3696} INFO - Setting next_dagrun for dataset_consumes_1_never_scheduled to None, run_after=None
[2023-09-19T13:43:45.730+0000] {logging_mixin.py:151} INFO - [2023-09-19T13:43:45.730+0000] {dag.py:3696} INFO - Setting next_dagrun for dataset_consumes_unknown_never_scheduled to None, run_after=None
[2023-09-19T13:43:45.732+0000] {logging_mixin.py:151} INFO - [2023-09-19T13:43:45.731+0000] {dag.py:3696} INFO - Setting next_dagrun for dataset_produces_1 to 2023-09-18T00:00:00+00:00, run_after=2023-09-19T00:00:00+00:00
[2023-09-19T13:43:45.732+0000] {logging_mixin.py:151} INFO - [2023-09-19T13:43:45.732+0000] {dag.py:3696} INFO - Setting next_dagrun for dataset_produces_2 to None, run_after=None
[2023-09-19T13:43:45.760+0000] {processor.py:179} INFO - Processing /home/airflow/.local/lib/python3.8/site-packages/airflow/example_dags/example_datasets.py took 0.088 seconds
[2023-09-19T13:44:15.959+0000] {processor.py:157} INFO - Started process (PID=1119) to work on /home/airflow/.local/lib/python3.8/site-packages/airflow/example_dags/example_datasets.py
[2023-09-19T13:44:15.961+0000] {processor.py:829} INFO - Processing file /home/airflow/.local/lib/python3.8/site-packages/airflow/example_dags/example_datasets.py for tasks to queue
[2023-09-19T13:44:15.962+0000] {logging_mixin.py:151} INFO - [2023-09-19T13:44:15.961+0000] {dagbag.py:539} INFO - Filling up the DagBag from /home/airflow/.local/lib/python3.8/site-packages/airflow/example_dags/example_datasets.py
[2023-09-19T13:44:15.970+0000] {processor.py:839} INFO - DAG(s) dict_keys(['dataset_consumes_1', 'dataset_produces_2', 'dataset_produces_1', 'dataset_consumes_1_and_2', 'dataset_consumes_unknown_never_scheduled', 'dataset_consumes_1_never_scheduled']) retrieved from /home/airflow/.local/lib/python3.8/site-packages/airflow/example_dags/example_datasets.py
[2023-09-19T13:44:16.004+0000] {logging_mixin.py:151} INFO - [2023-09-19T13:44:16.004+0000] {dag.py:2915} INFO - Sync 6 DAGs
[2023-09-19T13:44:16.026+0000] {logging_mixin.py:151} INFO - [2023-09-19T13:44:16.025+0000] {dag.py:3696} INFO - Setting next_dagrun for dataset_consumes_1 to None, run_after=None
[2023-09-19T13:44:16.028+0000] {logging_mixin.py:151} INFO - [2023-09-19T13:44:16.028+0000] {dag.py:3696} INFO - Setting next_dagrun for dataset_consumes_1_and_2 to None, run_after=None
[2023-09-19T13:44:16.028+0000] {logging_mixin.py:151} INFO - [2023-09-19T13:44:16.028+0000] {dag.py:3696} INFO - Setting next_dagrun for dataset_consumes_1_never_scheduled to None, run_after=None
[2023-09-19T13:44:16.029+0000] {logging_mixin.py:151} INFO - [2023-09-19T13:44:16.029+0000] {dag.py:3696} INFO - Setting next_dagrun for dataset_consumes_unknown_never_scheduled to None, run_after=None
[2023-09-19T13:44:16.031+0000] {logging_mixin.py:151} INFO - [2023-09-19T13:44:16.031+0000] {dag.py:3696} INFO - Setting next_dagrun for dataset_produces_1 to 2023-09-18T00:00:00+00:00, run_after=2023-09-19T00:00:00+00:00
[2023-09-19T13:44:16.032+0000] {logging_mixin.py:151} INFO - [2023-09-19T13:44:16.032+0000] {dag.py:3696} INFO - Setting next_dagrun for dataset_produces_2 to None, run_after=None
[2023-09-19T13:44:16.059+0000] {processor.py:179} INFO - Processing /home/airflow/.local/lib/python3.8/site-packages/airflow/example_dags/example_datasets.py took 0.104 seconds
[2023-09-19T13:44:46.256+0000] {processor.py:157} INFO - Started process (PID=1357) to work on /home/airflow/.local/lib/python3.8/site-packages/airflow/example_dags/example_datasets.py
[2023-09-19T13:44:46.257+0000] {processor.py:829} INFO - Processing file /home/airflow/.local/lib/python3.8/site-packages/airflow/example_dags/example_datasets.py for tasks to queue
[2023-09-19T13:44:46.257+0000] {logging_mixin.py:151} INFO - [2023-09-19T13:44:46.257+0000] {dagbag.py:539} INFO - Filling up the DagBag from /home/airflow/.local/lib/python3.8/site-packages/airflow/example_dags/example_datasets.py
[2023-09-19T13:44:46.263+0000] {processor.py:839} INFO - DAG(s) dict_keys(['dataset_consumes_1_and_2', 'dataset_produces_2', 'dataset_consumes_1_never_scheduled', 'dataset_consumes_1', 'dataset_consumes_unknown_never_scheduled', 'dataset_produces_1']) retrieved from /home/airflow/.local/lib/python3.8/site-packages/airflow/example_dags/example_datasets.py
[2023-09-19T13:44:46.291+0000] {logging_mixin.py:151} INFO - [2023-09-19T13:44:46.290+0000] {dag.py:2915} INFO - Sync 6 DAGs
[2023-09-19T13:44:46.309+0000] {logging_mixin.py:151} INFO - [2023-09-19T13:44:46.309+0000] {dag.py:3696} INFO - Setting next_dagrun for dataset_consumes_1 to None, run_after=None
[2023-09-19T13:44:46.312+0000] {logging_mixin.py:151} INFO - [2023-09-19T13:44:46.312+0000] {dag.py:3696} INFO - Setting next_dagrun for dataset_consumes_1_and_2 to None, run_after=None
[2023-09-19T13:44:46.314+0000] {logging_mixin.py:151} INFO - [2023-09-19T13:44:46.314+0000] {dag.py:3696} INFO - Setting next_dagrun for dataset_consumes_1_never_scheduled to None, run_after=None
[2023-09-19T13:44:46.315+0000] {logging_mixin.py:151} INFO - [2023-09-19T13:44:46.315+0000] {dag.py:3696} INFO - Setting next_dagrun for dataset_consumes_unknown_never_scheduled to None, run_after=None
[2023-09-19T13:44:46.318+0000] {logging_mixin.py:151} INFO - [2023-09-19T13:44:46.318+0000] {dag.py:3696} INFO - Setting next_dagrun for dataset_produces_1 to 2023-09-18T00:00:00+00:00, run_after=2023-09-19T00:00:00+00:00
[2023-09-19T13:44:46.319+0000] {logging_mixin.py:151} INFO - [2023-09-19T13:44:46.319+0000] {dag.py:3696} INFO - Setting next_dagrun for dataset_produces_2 to None, run_after=None
[2023-09-19T13:44:46.351+0000] {processor.py:179} INFO - Processing /home/airflow/.local/lib/python3.8/site-packages/airflow/example_dags/example_datasets.py took 0.098 seconds
[2023-09-19T13:45:16.770+0000] {processor.py:157} INFO - Started process (PID=1596) to work on /home/airflow/.local/lib/python3.8/site-packages/airflow/example_dags/example_datasets.py
[2023-09-19T13:45:16.771+0000] {processor.py:829} INFO - Processing file /home/airflow/.local/lib/python3.8/site-packages/airflow/example_dags/example_datasets.py for tasks to queue
[2023-09-19T13:45:16.772+0000] {logging_mixin.py:151} INFO - [2023-09-19T13:45:16.772+0000] {dagbag.py:539} INFO - Filling up the DagBag from /home/airflow/.local/lib/python3.8/site-packages/airflow/example_dags/example_datasets.py
[2023-09-19T13:45:16.779+0000] {processor.py:839} INFO - DAG(s) dict_keys(['dataset_produces_2', 'dataset_consumes_1', 'dataset_consumes_unknown_never_scheduled', 'dataset_consumes_1_and_2', 'dataset_consumes_1_never_scheduled', 'dataset_produces_1']) retrieved from /home/airflow/.local/lib/python3.8/site-packages/airflow/example_dags/example_datasets.py
[2023-09-19T13:45:16.790+0000] {logging_mixin.py:151} INFO - [2023-09-19T13:45:16.790+0000] {dag.py:2915} INFO - Sync 6 DAGs
[2023-09-19T13:45:16.808+0000] {logging_mixin.py:151} INFO - [2023-09-19T13:45:16.808+0000] {dag.py:3696} INFO - Setting next_dagrun for dataset_consumes_1 to None, run_after=None
[2023-09-19T13:45:16.813+0000] {logging_mixin.py:151} INFO - [2023-09-19T13:45:16.813+0000] {dag.py:3696} INFO - Setting next_dagrun for dataset_consumes_1_and_2 to None, run_after=None
[2023-09-19T13:45:16.814+0000] {logging_mixin.py:151} INFO - [2023-09-19T13:45:16.814+0000] {dag.py:3696} INFO - Setting next_dagrun for dataset_consumes_1_never_scheduled to None, run_after=None
[2023-09-19T13:45:16.815+0000] {logging_mixin.py:151} INFO - [2023-09-19T13:45:16.815+0000] {dag.py:3696} INFO - Setting next_dagrun for dataset_consumes_unknown_never_scheduled to None, run_after=None
[2023-09-19T13:45:16.817+0000] {logging_mixin.py:151} INFO - [2023-09-19T13:45:16.817+0000] {dag.py:3696} INFO - Setting next_dagrun for dataset_produces_1 to 2023-09-18T00:00:00+00:00, run_after=2023-09-19T00:00:00+00:00
[2023-09-19T13:45:16.817+0000] {logging_mixin.py:151} INFO - [2023-09-19T13:45:16.817+0000] {dag.py:3696} INFO - Setting next_dagrun for dataset_produces_2 to None, run_after=None
[2023-09-19T13:45:16.843+0000] {processor.py:179} INFO - Processing /home/airflow/.local/lib/python3.8/site-packages/airflow/example_dags/example_datasets.py took 0.075 seconds
[2023-09-19T13:45:47.257+0000] {processor.py:157} INFO - Started process (PID=1834) to work on /home/airflow/.local/lib/python3.8/site-packages/airflow/example_dags/example_datasets.py
[2023-09-19T13:45:47.258+0000] {processor.py:829} INFO - Processing file /home/airflow/.local/lib/python3.8/site-packages/airflow/example_dags/example_datasets.py for tasks to queue
[2023-09-19T13:45:47.258+0000] {logging_mixin.py:151} INFO - [2023-09-19T13:45:47.258+0000] {dagbag.py:539} INFO - Filling up the DagBag from /home/airflow/.local/lib/python3.8/site-packages/airflow/example_dags/example_datasets.py
[2023-09-19T13:45:47.265+0000] {processor.py:839} INFO - DAG(s) dict_keys(['dataset_consumes_1', 'dataset_produces_1', 'dataset_produces_2', 'dataset_consumes_1_never_scheduled', 'dataset_consumes_unknown_never_scheduled', 'dataset_consumes_1_and_2']) retrieved from /home/airflow/.local/lib/python3.8/site-packages/airflow/example_dags/example_datasets.py
[2023-09-19T13:45:47.319+0000] {logging_mixin.py:151} INFO - [2023-09-19T13:45:47.318+0000] {dag.py:2915} INFO - Sync 6 DAGs
[2023-09-19T13:45:47.341+0000] {logging_mixin.py:151} INFO - [2023-09-19T13:45:47.341+0000] {dag.py:3696} INFO - Setting next_dagrun for dataset_consumes_1 to None, run_after=None
[2023-09-19T13:45:47.344+0000] {logging_mixin.py:151} INFO - [2023-09-19T13:45:47.344+0000] {dag.py:3696} INFO - Setting next_dagrun for dataset_consumes_1_and_2 to None, run_after=None
[2023-09-19T13:45:47.345+0000] {logging_mixin.py:151} INFO - [2023-09-19T13:45:47.345+0000] {dag.py:3696} INFO - Setting next_dagrun for dataset_consumes_1_never_scheduled to None, run_after=None
[2023-09-19T13:45:47.346+0000] {logging_mixin.py:151} INFO - [2023-09-19T13:45:47.346+0000] {dag.py:3696} INFO - Setting next_dagrun for dataset_consumes_unknown_never_scheduled to None, run_after=None
[2023-09-19T13:45:47.348+0000] {logging_mixin.py:151} INFO - [2023-09-19T13:45:47.348+0000] {dag.py:3696} INFO - Setting next_dagrun for dataset_produces_1 to 2023-09-18T00:00:00+00:00, run_after=2023-09-19T00:00:00+00:00
[2023-09-19T13:45:47.349+0000] {logging_mixin.py:151} INFO - [2023-09-19T13:45:47.349+0000] {dag.py:3696} INFO - Setting next_dagrun for dataset_produces_2 to None, run_after=None
[2023-09-19T13:45:47.383+0000] {processor.py:179} INFO - Processing /home/airflow/.local/lib/python3.8/site-packages/airflow/example_dags/example_datasets.py took 0.129 seconds
[2023-09-19T13:46:17.681+0000] {processor.py:157} INFO - Started process (PID=2072) to work on /home/airflow/.local/lib/python3.8/site-packages/airflow/example_dags/example_datasets.py
[2023-09-19T13:46:17.683+0000] {processor.py:829} INFO - Processing file /home/airflow/.local/lib/python3.8/site-packages/airflow/example_dags/example_datasets.py for tasks to queue
[2023-09-19T13:46:17.683+0000] {logging_mixin.py:151} INFO - [2023-09-19T13:46:17.683+0000] {dagbag.py:539} INFO - Filling up the DagBag from /home/airflow/.local/lib/python3.8/site-packages/airflow/example_dags/example_datasets.py
[2023-09-19T13:46:17.690+0000] {processor.py:839} INFO - DAG(s) dict_keys(['dataset_produces_1', 'dataset_consumes_unknown_never_scheduled', 'dataset_consumes_1', 'dataset_consumes_1_and_2', 'dataset_consumes_1_never_scheduled', 'dataset_produces_2']) retrieved from /home/airflow/.local/lib/python3.8/site-packages/airflow/example_dags/example_datasets.py
[2023-09-19T13:46:17.721+0000] {logging_mixin.py:151} INFO - [2023-09-19T13:46:17.721+0000] {dag.py:2915} INFO - Sync 6 DAGs
[2023-09-19T13:46:17.741+0000] {logging_mixin.py:151} INFO - [2023-09-19T13:46:17.741+0000] {dag.py:3696} INFO - Setting next_dagrun for dataset_consumes_1 to None, run_after=None
[2023-09-19T13:46:17.745+0000] {logging_mixin.py:151} INFO - [2023-09-19T13:46:17.744+0000] {dag.py:3696} INFO - Setting next_dagrun for dataset_consumes_1_and_2 to None, run_after=None
[2023-09-19T13:46:17.746+0000] {logging_mixin.py:151} INFO - [2023-09-19T13:46:17.746+0000] {dag.py:3696} INFO - Setting next_dagrun for dataset_consumes_1_never_scheduled to None, run_after=None
[2023-09-19T13:46:17.746+0000] {logging_mixin.py:151} INFO - [2023-09-19T13:46:17.746+0000] {dag.py:3696} INFO - Setting next_dagrun for dataset_consumes_unknown_never_scheduled to None, run_after=None
[2023-09-19T13:46:17.749+0000] {logging_mixin.py:151} INFO - [2023-09-19T13:46:17.749+0000] {dag.py:3696} INFO - Setting next_dagrun for dataset_produces_1 to 2023-09-18T00:00:00+00:00, run_after=2023-09-19T00:00:00+00:00
[2023-09-19T13:46:17.750+0000] {logging_mixin.py:151} INFO - [2023-09-19T13:46:17.749+0000] {dag.py:3696} INFO - Setting next_dagrun for dataset_produces_2 to None, run_after=None
[2023-09-19T13:46:17.776+0000] {processor.py:179} INFO - Processing /home/airflow/.local/lib/python3.8/site-packages/airflow/example_dags/example_datasets.py took 0.098 seconds
[2023-09-19T13:46:48.181+0000] {processor.py:157} INFO - Started process (PID=2310) to work on /home/airflow/.local/lib/python3.8/site-packages/airflow/example_dags/example_datasets.py
[2023-09-19T13:46:48.182+0000] {processor.py:829} INFO - Processing file /home/airflow/.local/lib/python3.8/site-packages/airflow/example_dags/example_datasets.py for tasks to queue
[2023-09-19T13:46:48.183+0000] {logging_mixin.py:151} INFO - [2023-09-19T13:46:48.182+0000] {dagbag.py:539} INFO - Filling up the DagBag from /home/airflow/.local/lib/python3.8/site-packages/airflow/example_dags/example_datasets.py
[2023-09-19T13:46:48.192+0000] {processor.py:839} INFO - DAG(s) dict_keys(['dataset_consumes_1_and_2', 'dataset_consumes_1_never_scheduled', 'dataset_consumes_unknown_never_scheduled', 'dataset_consumes_1', 'dataset_produces_1', 'dataset_produces_2']) retrieved from /home/airflow/.local/lib/python3.8/site-packages/airflow/example_dags/example_datasets.py
[2023-09-19T13:46:48.247+0000] {logging_mixin.py:151} INFO - [2023-09-19T13:46:48.246+0000] {dag.py:2915} INFO - Sync 6 DAGs
[2023-09-19T13:46:48.281+0000] {logging_mixin.py:151} INFO - [2023-09-19T13:46:48.281+0000] {dag.py:3696} INFO - Setting next_dagrun for dataset_consumes_1 to None, run_after=None
[2023-09-19T13:46:48.286+0000] {logging_mixin.py:151} INFO - [2023-09-19T13:46:48.286+0000] {dag.py:3696} INFO - Setting next_dagrun for dataset_consumes_1_and_2 to None, run_after=None
[2023-09-19T13:46:48.289+0000] {logging_mixin.py:151} INFO - [2023-09-19T13:46:48.289+0000] {dag.py:3696} INFO - Setting next_dagrun for dataset_consumes_1_never_scheduled to None, run_after=None
[2023-09-19T13:46:48.291+0000] {logging_mixin.py:151} INFO - [2023-09-19T13:46:48.291+0000] {dag.py:3696} INFO - Setting next_dagrun for dataset_consumes_unknown_never_scheduled to None, run_after=None
[2023-09-19T13:46:48.294+0000] {logging_mixin.py:151} INFO - [2023-09-19T13:46:48.293+0000] {dag.py:3696} INFO - Setting next_dagrun for dataset_produces_1 to 2023-09-18T00:00:00+00:00, run_after=2023-09-19T00:00:00+00:00
[2023-09-19T13:46:48.296+0000] {logging_mixin.py:151} INFO - [2023-09-19T13:46:48.295+0000] {dag.py:3696} INFO - Setting next_dagrun for dataset_produces_2 to None, run_after=None
[2023-09-19T13:46:48.342+0000] {processor.py:179} INFO - Processing /home/airflow/.local/lib/python3.8/site-packages/airflow/example_dags/example_datasets.py took 0.165 seconds
[2023-09-19T13:47:18.463+0000] {processor.py:157} INFO - Started process (PID=2548) to work on /home/airflow/.local/lib/python3.8/site-packages/airflow/example_dags/example_datasets.py
[2023-09-19T13:47:18.465+0000] {processor.py:829} INFO - Processing file /home/airflow/.local/lib/python3.8/site-packages/airflow/example_dags/example_datasets.py for tasks to queue
[2023-09-19T13:47:18.466+0000] {logging_mixin.py:151} INFO - [2023-09-19T13:47:18.465+0000] {dagbag.py:539} INFO - Filling up the DagBag from /home/airflow/.local/lib/python3.8/site-packages/airflow/example_dags/example_datasets.py
[2023-09-19T13:47:18.478+0000] {processor.py:839} INFO - DAG(s) dict_keys(['dataset_consumes_1_and_2', 'dataset_produces_1', 'dataset_consumes_unknown_never_scheduled', 'dataset_consumes_1', 'dataset_consumes_1_never_scheduled', 'dataset_produces_2']) retrieved from /home/airflow/.local/lib/python3.8/site-packages/airflow/example_dags/example_datasets.py
[2023-09-19T13:47:18.532+0000] {logging_mixin.py:151} INFO - [2023-09-19T13:47:18.532+0000] {dag.py:2915} INFO - Sync 6 DAGs
[2023-09-19T13:47:18.572+0000] {logging_mixin.py:151} INFO - [2023-09-19T13:47:18.571+0000] {dag.py:3696} INFO - Setting next_dagrun for dataset_consumes_1 to None, run_after=None
[2023-09-19T13:47:18.578+0000] {logging_mixin.py:151} INFO - [2023-09-19T13:47:18.577+0000] {dag.py:3696} INFO - Setting next_dagrun for dataset_consumes_1_and_2 to None, run_after=None
[2023-09-19T13:47:18.580+0000] {logging_mixin.py:151} INFO - [2023-09-19T13:47:18.580+0000] {dag.py:3696} INFO - Setting next_dagrun for dataset_consumes_1_never_scheduled to None, run_after=None
[2023-09-19T13:47:18.582+0000] {logging_mixin.py:151} INFO - [2023-09-19T13:47:18.582+0000] {dag.py:3696} INFO - Setting next_dagrun for dataset_consumes_unknown_never_scheduled to None, run_after=None
[2023-09-19T13:47:18.585+0000] {logging_mixin.py:151} INFO - [2023-09-19T13:47:18.585+0000] {dag.py:3696} INFO - Setting next_dagrun for dataset_produces_1 to 2023-09-18T00:00:00+00:00, run_after=2023-09-19T00:00:00+00:00
[2023-09-19T13:47:18.587+0000] {logging_mixin.py:151} INFO - [2023-09-19T13:47:18.587+0000] {dag.py:3696} INFO - Setting next_dagrun for dataset_produces_2 to None, run_after=None
[2023-09-19T13:47:18.640+0000] {processor.py:179} INFO - Processing /home/airflow/.local/lib/python3.8/site-packages/airflow/example_dags/example_datasets.py took 0.185 seconds
[2023-09-19T13:47:48.872+0000] {processor.py:157} INFO - Started process (PID=2786) to work on /home/airflow/.local/lib/python3.8/site-packages/airflow/example_dags/example_datasets.py
[2023-09-19T13:47:48.873+0000] {processor.py:829} INFO - Processing file /home/airflow/.local/lib/python3.8/site-packages/airflow/example_dags/example_datasets.py for tasks to queue
[2023-09-19T13:47:48.874+0000] {logging_mixin.py:151} INFO - [2023-09-19T13:47:48.873+0000] {dagbag.py:539} INFO - Filling up the DagBag from /home/airflow/.local/lib/python3.8/site-packages/airflow/example_dags/example_datasets.py
[2023-09-19T13:47:48.880+0000] {processor.py:839} INFO - DAG(s) dict_keys(['dataset_consumes_1_and_2', 'dataset_consumes_1', 'dataset_consumes_unknown_never_scheduled', 'dataset_consumes_1_never_scheduled', 'dataset_produces_2', 'dataset_produces_1']) retrieved from /home/airflow/.local/lib/python3.8/site-packages/airflow/example_dags/example_datasets.py
[2023-09-19T13:47:48.916+0000] {logging_mixin.py:151} INFO - [2023-09-19T13:47:48.915+0000] {dag.py:2915} INFO - Sync 6 DAGs
[2023-09-19T13:47:48.936+0000] {logging_mixin.py:151} INFO - [2023-09-19T13:47:48.935+0000] {dag.py:3696} INFO - Setting next_dagrun for dataset_consumes_1 to None, run_after=None
[2023-09-19T13:47:48.945+0000] {logging_mixin.py:151} INFO - [2023-09-19T13:47:48.944+0000] {dag.py:3696} INFO - Setting next_dagrun for dataset_consumes_1_and_2 to None, run_after=None
[2023-09-19T13:47:48.950+0000] {logging_mixin.py:151} INFO - [2023-09-19T13:47:48.949+0000] {dag.py:3696} INFO - Setting next_dagrun for dataset_consumes_1_never_scheduled to None, run_after=None
[2023-09-19T13:47:48.955+0000] {logging_mixin.py:151} INFO - [2023-09-19T13:47:48.954+0000] {dag.py:3696} INFO - Setting next_dagrun for dataset_consumes_unknown_never_scheduled to None, run_after=None
[2023-09-19T13:47:48.963+0000] {logging_mixin.py:151} INFO - [2023-09-19T13:47:48.962+0000] {dag.py:3696} INFO - Setting next_dagrun for dataset_produces_1 to 2023-09-18T00:00:00+00:00, run_after=2023-09-19T00:00:00+00:00
[2023-09-19T13:47:48.967+0000] {logging_mixin.py:151} INFO - [2023-09-19T13:47:48.966+0000] {dag.py:3696} INFO - Setting next_dagrun for dataset_produces_2 to None, run_after=None
[2023-09-19T13:47:49.002+0000] {processor.py:179} INFO - Processing /home/airflow/.local/lib/python3.8/site-packages/airflow/example_dags/example_datasets.py took 0.132 seconds
[2023-09-19T13:48:19.341+0000] {processor.py:157} INFO - Started process (PID=3024) to work on /home/airflow/.local/lib/python3.8/site-packages/airflow/example_dags/example_datasets.py
[2023-09-19T13:48:19.342+0000] {processor.py:829} INFO - Processing file /home/airflow/.local/lib/python3.8/site-packages/airflow/example_dags/example_datasets.py for tasks to queue
[2023-09-19T13:48:19.342+0000] {logging_mixin.py:151} INFO - [2023-09-19T13:48:19.342+0000] {dagbag.py:539} INFO - Filling up the DagBag from /home/airflow/.local/lib/python3.8/site-packages/airflow/example_dags/example_datasets.py
[2023-09-19T13:48:19.350+0000] {processor.py:839} INFO - DAG(s) dict_keys(['dataset_consumes_unknown_never_scheduled', 'dataset_produces_2', 'dataset_produces_1', 'dataset_consumes_1', 'dataset_consumes_1_and_2', 'dataset_consumes_1_never_scheduled']) retrieved from /home/airflow/.local/lib/python3.8/site-packages/airflow/example_dags/example_datasets.py
[2023-09-19T13:48:19.384+0000] {logging_mixin.py:151} INFO - [2023-09-19T13:48:19.383+0000] {dag.py:2915} INFO - Sync 6 DAGs
[2023-09-19T13:48:19.405+0000] {logging_mixin.py:151} INFO - [2023-09-19T13:48:19.405+0000] {dag.py:3696} INFO - Setting next_dagrun for dataset_consumes_1 to None, run_after=None
[2023-09-19T13:48:19.409+0000] {logging_mixin.py:151} INFO - [2023-09-19T13:48:19.409+0000] {dag.py:3696} INFO - Setting next_dagrun for dataset_consumes_1_and_2 to None, run_after=None
[2023-09-19T13:48:19.410+0000] {logging_mixin.py:151} INFO - [2023-09-19T13:48:19.410+0000] {dag.py:3696} INFO - Setting next_dagrun for dataset_consumes_1_never_scheduled to None, run_after=None
[2023-09-19T13:48:19.411+0000] {logging_mixin.py:151} INFO - [2023-09-19T13:48:19.410+0000] {dag.py:3696} INFO - Setting next_dagrun for dataset_consumes_unknown_never_scheduled to None, run_after=None
[2023-09-19T13:48:19.412+0000] {logging_mixin.py:151} INFO - [2023-09-19T13:48:19.412+0000] {dag.py:3696} INFO - Setting next_dagrun for dataset_produces_1 to 2023-09-18T00:00:00+00:00, run_after=2023-09-19T00:00:00+00:00
[2023-09-19T13:48:19.413+0000] {logging_mixin.py:151} INFO - [2023-09-19T13:48:19.413+0000] {dag.py:3696} INFO - Setting next_dagrun for dataset_produces_2 to None, run_after=None
[2023-09-19T13:48:19.443+0000] {processor.py:179} INFO - Processing /home/airflow/.local/lib/python3.8/site-packages/airflow/example_dags/example_datasets.py took 0.104 seconds
[2023-09-19T13:48:49.698+0000] {processor.py:157} INFO - Started process (PID=3262) to work on /home/airflow/.local/lib/python3.8/site-packages/airflow/example_dags/example_datasets.py
[2023-09-19T13:48:49.698+0000] {processor.py:829} INFO - Processing file /home/airflow/.local/lib/python3.8/site-packages/airflow/example_dags/example_datasets.py for tasks to queue
[2023-09-19T13:48:49.699+0000] {logging_mixin.py:151} INFO - [2023-09-19T13:48:49.699+0000] {dagbag.py:539} INFO - Filling up the DagBag from /home/airflow/.local/lib/python3.8/site-packages/airflow/example_dags/example_datasets.py
[2023-09-19T13:48:49.709+0000] {processor.py:839} INFO - DAG(s) dict_keys(['dataset_consumes_1_and_2', 'dataset_produces_1', 'dataset_consumes_1_never_scheduled', 'dataset_consumes_1', 'dataset_consumes_unknown_never_scheduled', 'dataset_produces_2']) retrieved from /home/airflow/.local/lib/python3.8/site-packages/airflow/example_dags/example_datasets.py
[2023-09-19T13:48:49.748+0000] {logging_mixin.py:151} INFO - [2023-09-19T13:48:49.748+0000] {dag.py:2915} INFO - Sync 6 DAGs
[2023-09-19T13:48:49.768+0000] {logging_mixin.py:151} INFO - [2023-09-19T13:48:49.767+0000] {dag.py:3696} INFO - Setting next_dagrun for dataset_consumes_1 to None, run_after=None
[2023-09-19T13:48:49.770+0000] {logging_mixin.py:151} INFO - [2023-09-19T13:48:49.770+0000] {dag.py:3696} INFO - Setting next_dagrun for dataset_consumes_1_and_2 to None, run_after=None
[2023-09-19T13:48:49.771+0000] {logging_mixin.py:151} INFO - [2023-09-19T13:48:49.771+0000] {dag.py:3696} INFO - Setting next_dagrun for dataset_consumes_1_never_scheduled to None, run_after=None
[2023-09-19T13:48:49.772+0000] {logging_mixin.py:151} INFO - [2023-09-19T13:48:49.772+0000] {dag.py:3696} INFO - Setting next_dagrun for dataset_consumes_unknown_never_scheduled to None, run_after=None
[2023-09-19T13:48:49.774+0000] {logging_mixin.py:151} INFO - [2023-09-19T13:48:49.774+0000] {dag.py:3696} INFO - Setting next_dagrun for dataset_produces_1 to 2023-09-18T00:00:00+00:00, run_after=2023-09-19T00:00:00+00:00
[2023-09-19T13:48:49.774+0000] {logging_mixin.py:151} INFO - [2023-09-19T13:48:49.774+0000] {dag.py:3696} INFO - Setting next_dagrun for dataset_produces_2 to None, run_after=None
[2023-09-19T13:48:49.846+0000] {processor.py:179} INFO - Processing /home/airflow/.local/lib/python3.8/site-packages/airflow/example_dags/example_datasets.py took 0.152 seconds
[2023-09-19T13:49:20.170+0000] {processor.py:157} INFO - Started process (PID=3500) to work on /home/airflow/.local/lib/python3.8/site-packages/airflow/example_dags/example_datasets.py
[2023-09-19T13:49:20.174+0000] {processor.py:829} INFO - Processing file /home/airflow/.local/lib/python3.8/site-packages/airflow/example_dags/example_datasets.py for tasks to queue
[2023-09-19T13:49:20.175+0000] {logging_mixin.py:151} INFO - [2023-09-19T13:49:20.175+0000] {dagbag.py:539} INFO - Filling up the DagBag from /home/airflow/.local/lib/python3.8/site-packages/airflow/example_dags/example_datasets.py
[2023-09-19T13:49:20.198+0000] {processor.py:839} INFO - DAG(s) dict_keys(['dataset_consumes_1_and_2', 'dataset_consumes_1_never_scheduled', 'dataset_consumes_1', 'dataset_produces_1', 'dataset_produces_2', 'dataset_consumes_unknown_never_scheduled']) retrieved from /home/airflow/.local/lib/python3.8/site-packages/airflow/example_dags/example_datasets.py
[2023-09-19T13:49:20.264+0000] {logging_mixin.py:151} INFO - [2023-09-19T13:49:20.263+0000] {dag.py:2915} INFO - Sync 6 DAGs
[2023-09-19T13:49:20.297+0000] {logging_mixin.py:151} INFO - [2023-09-19T13:49:20.297+0000] {dag.py:3696} INFO - Setting next_dagrun for dataset_consumes_1 to None, run_after=None
[2023-09-19T13:49:20.302+0000] {logging_mixin.py:151} INFO - [2023-09-19T13:49:20.301+0000] {dag.py:3696} INFO - Setting next_dagrun for dataset_consumes_1_and_2 to None, run_after=None
[2023-09-19T13:49:20.306+0000] {logging_mixin.py:151} INFO - [2023-09-19T13:49:20.306+0000] {dag.py:3696} INFO - Setting next_dagrun for dataset_consumes_1_never_scheduled to None, run_after=None
[2023-09-19T13:49:20.308+0000] {logging_mixin.py:151} INFO - [2023-09-19T13:49:20.308+0000] {dag.py:3696} INFO - Setting next_dagrun for dataset_consumes_unknown_never_scheduled to None, run_after=None
[2023-09-19T13:49:20.313+0000] {logging_mixin.py:151} INFO - [2023-09-19T13:49:20.313+0000] {dag.py:3696} INFO - Setting next_dagrun for dataset_produces_1 to 2023-09-18T00:00:00+00:00, run_after=2023-09-19T00:00:00+00:00
[2023-09-19T13:49:20.315+0000] {logging_mixin.py:151} INFO - [2023-09-19T13:49:20.315+0000] {dag.py:3696} INFO - Setting next_dagrun for dataset_produces_2 to None, run_after=None
[2023-09-19T13:49:20.358+0000] {processor.py:179} INFO - Processing /home/airflow/.local/lib/python3.8/site-packages/airflow/example_dags/example_datasets.py took 0.191 seconds
[2023-09-19T13:49:50.942+0000] {processor.py:157} INFO - Started process (PID=3738) to work on /home/airflow/.local/lib/python3.8/site-packages/airflow/example_dags/example_datasets.py
[2023-09-19T13:49:50.943+0000] {processor.py:829} INFO - Processing file /home/airflow/.local/lib/python3.8/site-packages/airflow/example_dags/example_datasets.py for tasks to queue
[2023-09-19T13:49:50.943+0000] {logging_mixin.py:151} INFO - [2023-09-19T13:49:50.943+0000] {dagbag.py:539} INFO - Filling up the DagBag from /home/airflow/.local/lib/python3.8/site-packages/airflow/example_dags/example_datasets.py
[2023-09-19T13:49:50.951+0000] {processor.py:839} INFO - DAG(s) dict_keys(['dataset_consumes_1', 'dataset_consumes_unknown_never_scheduled', 'dataset_produces_2', 'dataset_consumes_1_never_scheduled', 'dataset_produces_1', 'dataset_consumes_1_and_2']) retrieved from /home/airflow/.local/lib/python3.8/site-packages/airflow/example_dags/example_datasets.py
[2023-09-19T13:49:50.983+0000] {logging_mixin.py:151} INFO - [2023-09-19T13:49:50.982+0000] {dag.py:2915} INFO - Sync 6 DAGs
[2023-09-19T13:49:51.002+0000] {logging_mixin.py:151} INFO - [2023-09-19T13:49:51.002+0000] {dag.py:3696} INFO - Setting next_dagrun for dataset_consumes_1 to None, run_after=None
[2023-09-19T13:49:51.005+0000] {logging_mixin.py:151} INFO - [2023-09-19T13:49:51.005+0000] {dag.py:3696} INFO - Setting next_dagrun for dataset_consumes_1_and_2 to None, run_after=None
[2023-09-19T13:49:51.006+0000] {logging_mixin.py:151} INFO - [2023-09-19T13:49:51.006+0000] {dag.py:3696} INFO - Setting next_dagrun for dataset_consumes_1_never_scheduled to None, run_after=None
[2023-09-19T13:49:51.007+0000] {logging_mixin.py:151} INFO - [2023-09-19T13:49:51.007+0000] {dag.py:3696} INFO - Setting next_dagrun for dataset_consumes_unknown_never_scheduled to None, run_after=None
[2023-09-19T13:49:51.009+0000] {logging_mixin.py:151} INFO - [2023-09-19T13:49:51.009+0000] {dag.py:3696} INFO - Setting next_dagrun for dataset_produces_1 to 2023-09-18T00:00:00+00:00, run_after=2023-09-19T00:00:00+00:00
[2023-09-19T13:49:51.011+0000] {logging_mixin.py:151} INFO - [2023-09-19T13:49:51.011+0000] {dag.py:3696} INFO - Setting next_dagrun for dataset_produces_2 to None, run_after=None
[2023-09-19T13:49:51.044+0000] {processor.py:179} INFO - Processing /home/airflow/.local/lib/python3.8/site-packages/airflow/example_dags/example_datasets.py took 0.104 seconds
[2023-09-19T13:50:21.507+0000] {processor.py:157} INFO - Started process (PID=3976) to work on /home/airflow/.local/lib/python3.8/site-packages/airflow/example_dags/example_datasets.py
[2023-09-19T13:50:21.509+0000] {processor.py:829} INFO - Processing file /home/airflow/.local/lib/python3.8/site-packages/airflow/example_dags/example_datasets.py for tasks to queue
[2023-09-19T13:50:21.509+0000] {logging_mixin.py:151} INFO - [2023-09-19T13:50:21.509+0000] {dagbag.py:539} INFO - Filling up the DagBag from /home/airflow/.local/lib/python3.8/site-packages/airflow/example_dags/example_datasets.py
[2023-09-19T13:50:21.516+0000] {processor.py:839} INFO - DAG(s) dict_keys(['dataset_consumes_1_and_2', 'dataset_consumes_1_never_scheduled', 'dataset_consumes_1', 'dataset_consumes_unknown_never_scheduled', 'dataset_produces_2', 'dataset_produces_1']) retrieved from /home/airflow/.local/lib/python3.8/site-packages/airflow/example_dags/example_datasets.py
[2023-09-19T13:50:21.551+0000] {logging_mixin.py:151} INFO - [2023-09-19T13:50:21.550+0000] {dag.py:2915} INFO - Sync 6 DAGs
[2023-09-19T13:50:21.569+0000] {logging_mixin.py:151} INFO - [2023-09-19T13:50:21.569+0000] {dag.py:3696} INFO - Setting next_dagrun for dataset_consumes_1 to None, run_after=None
[2023-09-19T13:50:21.572+0000] {logging_mixin.py:151} INFO - [2023-09-19T13:50:21.572+0000] {dag.py:3696} INFO - Setting next_dagrun for dataset_consumes_1_and_2 to None, run_after=None
[2023-09-19T13:50:21.573+0000] {logging_mixin.py:151} INFO - [2023-09-19T13:50:21.573+0000] {dag.py:3696} INFO - Setting next_dagrun for dataset_consumes_1_never_scheduled to None, run_after=None
[2023-09-19T13:50:21.574+0000] {logging_mixin.py:151} INFO - [2023-09-19T13:50:21.573+0000] {dag.py:3696} INFO - Setting next_dagrun for dataset_consumes_unknown_never_scheduled to None, run_after=None
[2023-09-19T13:50:21.576+0000] {logging_mixin.py:151} INFO - [2023-09-19T13:50:21.576+0000] {dag.py:3696} INFO - Setting next_dagrun for dataset_produces_1 to 2023-09-18T00:00:00+00:00, run_after=2023-09-19T00:00:00+00:00
[2023-09-19T13:50:21.577+0000] {logging_mixin.py:151} INFO - [2023-09-19T13:50:21.577+0000] {dag.py:3696} INFO - Setting next_dagrun for dataset_produces_2 to None, run_after=None
[2023-09-19T13:50:21.607+0000] {processor.py:179} INFO - Processing /home/airflow/.local/lib/python3.8/site-packages/airflow/example_dags/example_datasets.py took 0.103 seconds
[2023-09-19T13:50:51.977+0000] {processor.py:157} INFO - Started process (PID=4213) to work on /home/airflow/.local/lib/python3.8/site-packages/airflow/example_dags/example_datasets.py
[2023-09-19T13:50:51.977+0000] {processor.py:829} INFO - Processing file /home/airflow/.local/lib/python3.8/site-packages/airflow/example_dags/example_datasets.py for tasks to queue
[2023-09-19T13:50:51.978+0000] {logging_mixin.py:151} INFO - [2023-09-19T13:50:51.978+0000] {dagbag.py:539} INFO - Filling up the DagBag from /home/airflow/.local/lib/python3.8/site-packages/airflow/example_dags/example_datasets.py
[2023-09-19T13:50:51.988+0000] {processor.py:839} INFO - DAG(s) dict_keys(['dataset_consumes_1', 'dataset_consumes_1_and_2', 'dataset_consumes_unknown_never_scheduled', 'dataset_produces_1', 'dataset_produces_2', 'dataset_consumes_1_never_scheduled']) retrieved from /home/airflow/.local/lib/python3.8/site-packages/airflow/example_dags/example_datasets.py
[2023-09-19T13:50:52.021+0000] {logging_mixin.py:151} INFO - [2023-09-19T13:50:52.020+0000] {dag.py:2915} INFO - Sync 6 DAGs
[2023-09-19T13:50:52.043+0000] {logging_mixin.py:151} INFO - [2023-09-19T13:50:52.042+0000] {dag.py:3696} INFO - Setting next_dagrun for dataset_consumes_1 to None, run_after=None
[2023-09-19T13:50:52.045+0000] {logging_mixin.py:151} INFO - [2023-09-19T13:50:52.045+0000] {dag.py:3696} INFO - Setting next_dagrun for dataset_consumes_1_and_2 to None, run_after=None
[2023-09-19T13:50:52.046+0000] {logging_mixin.py:151} INFO - [2023-09-19T13:50:52.046+0000] {dag.py:3696} INFO - Setting next_dagrun for dataset_consumes_1_never_scheduled to None, run_after=None
[2023-09-19T13:50:52.047+0000] {logging_mixin.py:151} INFO - [2023-09-19T13:50:52.046+0000] {dag.py:3696} INFO - Setting next_dagrun for dataset_consumes_unknown_never_scheduled to None, run_after=None
[2023-09-19T13:50:52.048+0000] {logging_mixin.py:151} INFO - [2023-09-19T13:50:52.048+0000] {dag.py:3696} INFO - Setting next_dagrun for dataset_produces_1 to 2023-09-18T00:00:00+00:00, run_after=2023-09-19T00:00:00+00:00
[2023-09-19T13:50:52.050+0000] {logging_mixin.py:151} INFO - [2023-09-19T13:50:52.050+0000] {dag.py:3696} INFO - Setting next_dagrun for dataset_produces_2 to None, run_after=None
[2023-09-19T13:50:52.077+0000] {processor.py:179} INFO - Processing /home/airflow/.local/lib/python3.8/site-packages/airflow/example_dags/example_datasets.py took 0.103 seconds
[2023-09-19T13:51:22.401+0000] {processor.py:157} INFO - Started process (PID=4451) to work on /home/airflow/.local/lib/python3.8/site-packages/airflow/example_dags/example_datasets.py
[2023-09-19T13:51:22.404+0000] {processor.py:829} INFO - Processing file /home/airflow/.local/lib/python3.8/site-packages/airflow/example_dags/example_datasets.py for tasks to queue
[2023-09-19T13:51:22.405+0000] {logging_mixin.py:151} INFO - [2023-09-19T13:51:22.405+0000] {dagbag.py:539} INFO - Filling up the DagBag from /home/airflow/.local/lib/python3.8/site-packages/airflow/example_dags/example_datasets.py
[2023-09-19T13:51:22.417+0000] {processor.py:839} INFO - DAG(s) dict_keys(['dataset_consumes_unknown_never_scheduled', 'dataset_consumes_1', 'dataset_consumes_1_and_2', 'dataset_produces_1', 'dataset_consumes_1_never_scheduled', 'dataset_produces_2']) retrieved from /home/airflow/.local/lib/python3.8/site-packages/airflow/example_dags/example_datasets.py
[2023-09-19T13:51:22.462+0000] {logging_mixin.py:151} INFO - [2023-09-19T13:51:22.462+0000] {dag.py:2915} INFO - Sync 6 DAGs
[2023-09-19T13:51:22.483+0000] {logging_mixin.py:151} INFO - [2023-09-19T13:51:22.483+0000] {dag.py:3696} INFO - Setting next_dagrun for dataset_consumes_1 to None, run_after=None
[2023-09-19T13:51:22.487+0000] {logging_mixin.py:151} INFO - [2023-09-19T13:51:22.487+0000] {dag.py:3696} INFO - Setting next_dagrun for dataset_consumes_1_and_2 to None, run_after=None
[2023-09-19T13:51:22.488+0000] {logging_mixin.py:151} INFO - [2023-09-19T13:51:22.488+0000] {dag.py:3696} INFO - Setting next_dagrun for dataset_consumes_1_never_scheduled to None, run_after=None
[2023-09-19T13:51:22.489+0000] {logging_mixin.py:151} INFO - [2023-09-19T13:51:22.489+0000] {dag.py:3696} INFO - Setting next_dagrun for dataset_consumes_unknown_never_scheduled to None, run_after=None
[2023-09-19T13:51:22.492+0000] {logging_mixin.py:151} INFO - [2023-09-19T13:51:22.492+0000] {dag.py:3696} INFO - Setting next_dagrun for dataset_produces_1 to 2023-09-18T00:00:00+00:00, run_after=2023-09-19T00:00:00+00:00
[2023-09-19T13:51:22.493+0000] {logging_mixin.py:151} INFO - [2023-09-19T13:51:22.493+0000] {dag.py:3696} INFO - Setting next_dagrun for dataset_produces_2 to None, run_after=None
[2023-09-19T13:51:22.529+0000] {processor.py:179} INFO - Processing /home/airflow/.local/lib/python3.8/site-packages/airflow/example_dags/example_datasets.py took 0.132 seconds
[2023-09-19T13:51:52.911+0000] {processor.py:157} INFO - Started process (PID=4689) to work on /home/airflow/.local/lib/python3.8/site-packages/airflow/example_dags/example_datasets.py
[2023-09-19T13:51:52.914+0000] {processor.py:829} INFO - Processing file /home/airflow/.local/lib/python3.8/site-packages/airflow/example_dags/example_datasets.py for tasks to queue
[2023-09-19T13:51:52.915+0000] {logging_mixin.py:151} INFO - [2023-09-19T13:51:52.915+0000] {dagbag.py:539} INFO - Filling up the DagBag from /home/airflow/.local/lib/python3.8/site-packages/airflow/example_dags/example_datasets.py
[2023-09-19T13:51:52.922+0000] {processor.py:839} INFO - DAG(s) dict_keys(['dataset_produces_1', 'dataset_consumes_1', 'dataset_produces_2', 'dataset_consumes_1_never_scheduled', 'dataset_consumes_unknown_never_scheduled', 'dataset_consumes_1_and_2']) retrieved from /home/airflow/.local/lib/python3.8/site-packages/airflow/example_dags/example_datasets.py
[2023-09-19T13:51:52.955+0000] {logging_mixin.py:151} INFO - [2023-09-19T13:51:52.954+0000] {dag.py:2915} INFO - Sync 6 DAGs
[2023-09-19T13:51:52.972+0000] {logging_mixin.py:151} INFO - [2023-09-19T13:51:52.972+0000] {dag.py:3696} INFO - Setting next_dagrun for dataset_consumes_1 to None, run_after=None
[2023-09-19T13:51:52.974+0000] {logging_mixin.py:151} INFO - [2023-09-19T13:51:52.974+0000] {dag.py:3696} INFO - Setting next_dagrun for dataset_consumes_1_and_2 to None, run_after=None
[2023-09-19T13:51:52.975+0000] {logging_mixin.py:151} INFO - [2023-09-19T13:51:52.975+0000] {dag.py:3696} INFO - Setting next_dagrun for dataset_consumes_1_never_scheduled to None, run_after=None
[2023-09-19T13:51:52.976+0000] {logging_mixin.py:151} INFO - [2023-09-19T13:51:52.976+0000] {dag.py:3696} INFO - Setting next_dagrun for dataset_consumes_unknown_never_scheduled to None, run_after=None
[2023-09-19T13:51:52.977+0000] {logging_mixin.py:151} INFO - [2023-09-19T13:51:52.977+0000] {dag.py:3696} INFO - Setting next_dagrun for dataset_produces_1 to 2023-09-18T00:00:00+00:00, run_after=2023-09-19T00:00:00+00:00
[2023-09-19T13:51:52.978+0000] {logging_mixin.py:151} INFO - [2023-09-19T13:51:52.978+0000] {dag.py:3696} INFO - Setting next_dagrun for dataset_produces_2 to None, run_after=None
[2023-09-19T13:51:53.007+0000] {processor.py:179} INFO - Processing /home/airflow/.local/lib/python3.8/site-packages/airflow/example_dags/example_datasets.py took 0.098 seconds
[2023-09-19T13:52:23.072+0000] {processor.py:157} INFO - Started process (PID=4927) to work on /home/airflow/.local/lib/python3.8/site-packages/airflow/example_dags/example_datasets.py
[2023-09-19T13:52:23.073+0000] {processor.py:829} INFO - Processing file /home/airflow/.local/lib/python3.8/site-packages/airflow/example_dags/example_datasets.py for tasks to queue
[2023-09-19T13:52:23.074+0000] {logging_mixin.py:151} INFO - [2023-09-19T13:52:23.073+0000] {dagbag.py:539} INFO - Filling up the DagBag from /home/airflow/.local/lib/python3.8/site-packages/airflow/example_dags/example_datasets.py
[2023-09-19T13:52:23.080+0000] {processor.py:839} INFO - DAG(s) dict_keys(['dataset_produces_1', 'dataset_consumes_1', 'dataset_produces_2', 'dataset_consumes_1_never_scheduled', 'dataset_consumes_1_and_2', 'dataset_consumes_unknown_never_scheduled']) retrieved from /home/airflow/.local/lib/python3.8/site-packages/airflow/example_dags/example_datasets.py
[2023-09-19T13:52:23.115+0000] {logging_mixin.py:151} INFO - [2023-09-19T13:52:23.115+0000] {dag.py:2915} INFO - Sync 6 DAGs
[2023-09-19T13:52:23.131+0000] {logging_mixin.py:151} INFO - [2023-09-19T13:52:23.131+0000] {dag.py:3696} INFO - Setting next_dagrun for dataset_consumes_1 to None, run_after=None
[2023-09-19T13:52:23.134+0000] {logging_mixin.py:151} INFO - [2023-09-19T13:52:23.134+0000] {dag.py:3696} INFO - Setting next_dagrun for dataset_consumes_1_and_2 to None, run_after=None
[2023-09-19T13:52:23.135+0000] {logging_mixin.py:151} INFO - [2023-09-19T13:52:23.135+0000] {dag.py:3696} INFO - Setting next_dagrun for dataset_consumes_1_never_scheduled to None, run_after=None
[2023-09-19T13:52:23.136+0000] {logging_mixin.py:151} INFO - [2023-09-19T13:52:23.136+0000] {dag.py:3696} INFO - Setting next_dagrun for dataset_consumes_unknown_never_scheduled to None, run_after=None
[2023-09-19T13:52:23.138+0000] {logging_mixin.py:151} INFO - [2023-09-19T13:52:23.137+0000] {dag.py:3696} INFO - Setting next_dagrun for dataset_produces_1 to 2023-09-18T00:00:00+00:00, run_after=2023-09-19T00:00:00+00:00
[2023-09-19T13:52:23.138+0000] {logging_mixin.py:151} INFO - [2023-09-19T13:52:23.138+0000] {dag.py:3696} INFO - Setting next_dagrun for dataset_produces_2 to None, run_after=None
[2023-09-19T13:52:23.173+0000] {processor.py:179} INFO - Processing /home/airflow/.local/lib/python3.8/site-packages/airflow/example_dags/example_datasets.py took 0.103 seconds
[2023-09-19T13:52:53.357+0000] {processor.py:157} INFO - Started process (PID=5166) to work on /home/airflow/.local/lib/python3.8/site-packages/airflow/example_dags/example_datasets.py
[2023-09-19T13:52:53.358+0000] {processor.py:829} INFO - Processing file /home/airflow/.local/lib/python3.8/site-packages/airflow/example_dags/example_datasets.py for tasks to queue
[2023-09-19T13:52:53.359+0000] {logging_mixin.py:151} INFO - [2023-09-19T13:52:53.359+0000] {dagbag.py:539} INFO - Filling up the DagBag from /home/airflow/.local/lib/python3.8/site-packages/airflow/example_dags/example_datasets.py
[2023-09-19T13:52:53.365+0000] {processor.py:839} INFO - DAG(s) dict_keys(['dataset_consumes_1', 'dataset_consumes_1_and_2', 'dataset_consumes_unknown_never_scheduled', 'dataset_produces_1', 'dataset_produces_2', 'dataset_consumes_1_never_scheduled']) retrieved from /home/airflow/.local/lib/python3.8/site-packages/airflow/example_dags/example_datasets.py
[2023-09-19T13:52:53.397+0000] {logging_mixin.py:151} INFO - [2023-09-19T13:52:53.397+0000] {dag.py:2915} INFO - Sync 6 DAGs
[2023-09-19T13:52:53.415+0000] {logging_mixin.py:151} INFO - [2023-09-19T13:52:53.414+0000] {dag.py:3696} INFO - Setting next_dagrun for dataset_consumes_1 to None, run_after=None
[2023-09-19T13:52:53.417+0000] {logging_mixin.py:151} INFO - [2023-09-19T13:52:53.417+0000] {dag.py:3696} INFO - Setting next_dagrun for dataset_consumes_1_and_2 to None, run_after=None
[2023-09-19T13:52:53.418+0000] {logging_mixin.py:151} INFO - [2023-09-19T13:52:53.418+0000] {dag.py:3696} INFO - Setting next_dagrun for dataset_consumes_1_never_scheduled to None, run_after=None
[2023-09-19T13:52:53.418+0000] {logging_mixin.py:151} INFO - [2023-09-19T13:52:53.418+0000] {dag.py:3696} INFO - Setting next_dagrun for dataset_consumes_unknown_never_scheduled to None, run_after=None
[2023-09-19T13:52:53.420+0000] {logging_mixin.py:151} INFO - [2023-09-19T13:52:53.420+0000] {dag.py:3696} INFO - Setting next_dagrun for dataset_produces_1 to 2023-09-18T00:00:00+00:00, run_after=2023-09-19T00:00:00+00:00
[2023-09-19T13:52:53.422+0000] {logging_mixin.py:151} INFO - [2023-09-19T13:52:53.422+0000] {dag.py:3696} INFO - Setting next_dagrun for dataset_produces_2 to None, run_after=None
[2023-09-19T13:52:53.454+0000] {processor.py:179} INFO - Processing /home/airflow/.local/lib/python3.8/site-packages/airflow/example_dags/example_datasets.py took 0.099 seconds
[2023-09-19T13:53:23.625+0000] {processor.py:157} INFO - Started process (PID=5404) to work on /home/airflow/.local/lib/python3.8/site-packages/airflow/example_dags/example_datasets.py
[2023-09-19T13:53:23.626+0000] {processor.py:829} INFO - Processing file /home/airflow/.local/lib/python3.8/site-packages/airflow/example_dags/example_datasets.py for tasks to queue
[2023-09-19T13:53:23.627+0000] {logging_mixin.py:151} INFO - [2023-09-19T13:53:23.627+0000] {dagbag.py:539} INFO - Filling up the DagBag from /home/airflow/.local/lib/python3.8/site-packages/airflow/example_dags/example_datasets.py
[2023-09-19T13:53:23.633+0000] {processor.py:839} INFO - DAG(s) dict_keys(['dataset_produces_1', 'dataset_produces_2', 'dataset_consumes_unknown_never_scheduled', 'dataset_consumes_1_never_scheduled', 'dataset_consumes_1_and_2', 'dataset_consumes_1']) retrieved from /home/airflow/.local/lib/python3.8/site-packages/airflow/example_dags/example_datasets.py
[2023-09-19T13:53:23.663+0000] {logging_mixin.py:151} INFO - [2023-09-19T13:53:23.663+0000] {dag.py:2915} INFO - Sync 6 DAGs
[2023-09-19T13:53:23.679+0000] {logging_mixin.py:151} INFO - [2023-09-19T13:53:23.679+0000] {dag.py:3696} INFO - Setting next_dagrun for dataset_consumes_1 to None, run_after=None
[2023-09-19T13:53:23.682+0000] {logging_mixin.py:151} INFO - [2023-09-19T13:53:23.682+0000] {dag.py:3696} INFO - Setting next_dagrun for dataset_consumes_1_and_2 to None, run_after=None
[2023-09-19T13:53:23.682+0000] {logging_mixin.py:151} INFO - [2023-09-19T13:53:23.682+0000] {dag.py:3696} INFO - Setting next_dagrun for dataset_consumes_1_never_scheduled to None, run_after=None
[2023-09-19T13:53:23.683+0000] {logging_mixin.py:151} INFO - [2023-09-19T13:53:23.683+0000] {dag.py:3696} INFO - Setting next_dagrun for dataset_consumes_unknown_never_scheduled to None, run_after=None
[2023-09-19T13:53:23.685+0000] {logging_mixin.py:151} INFO - [2023-09-19T13:53:23.685+0000] {dag.py:3696} INFO - Setting next_dagrun for dataset_produces_1 to 2023-09-18T00:00:00+00:00, run_after=2023-09-19T00:00:00+00:00
[2023-09-19T13:53:23.686+0000] {logging_mixin.py:151} INFO - [2023-09-19T13:53:23.685+0000] {dag.py:3696} INFO - Setting next_dagrun for dataset_produces_2 to None, run_after=None
[2023-09-19T13:53:23.714+0000] {processor.py:179} INFO - Processing /home/airflow/.local/lib/python3.8/site-packages/airflow/example_dags/example_datasets.py took 0.092 seconds
[2023-09-19T13:53:53.903+0000] {processor.py:157} INFO - Started process (PID=5642) to work on /home/airflow/.local/lib/python3.8/site-packages/airflow/example_dags/example_datasets.py
[2023-09-19T13:53:53.905+0000] {processor.py:829} INFO - Processing file /home/airflow/.local/lib/python3.8/site-packages/airflow/example_dags/example_datasets.py for tasks to queue
[2023-09-19T13:53:53.906+0000] {logging_mixin.py:151} INFO - [2023-09-19T13:53:53.906+0000] {dagbag.py:539} INFO - Filling up the DagBag from /home/airflow/.local/lib/python3.8/site-packages/airflow/example_dags/example_datasets.py
[2023-09-19T13:53:53.912+0000] {processor.py:839} INFO - DAG(s) dict_keys(['dataset_consumes_1_never_scheduled', 'dataset_consumes_1_and_2', 'dataset_produces_1', 'dataset_consumes_1', 'dataset_consumes_unknown_never_scheduled', 'dataset_produces_2']) retrieved from /home/airflow/.local/lib/python3.8/site-packages/airflow/example_dags/example_datasets.py
[2023-09-19T13:53:53.942+0000] {logging_mixin.py:151} INFO - [2023-09-19T13:53:53.942+0000] {dag.py:2915} INFO - Sync 6 DAGs
[2023-09-19T13:53:53.960+0000] {logging_mixin.py:151} INFO - [2023-09-19T13:53:53.960+0000] {dag.py:3696} INFO - Setting next_dagrun for dataset_consumes_1 to None, run_after=None
[2023-09-19T13:53:53.963+0000] {logging_mixin.py:151} INFO - [2023-09-19T13:53:53.963+0000] {dag.py:3696} INFO - Setting next_dagrun for dataset_consumes_1_and_2 to None, run_after=None
[2023-09-19T13:53:53.965+0000] {logging_mixin.py:151} INFO - [2023-09-19T13:53:53.964+0000] {dag.py:3696} INFO - Setting next_dagrun for dataset_consumes_1_never_scheduled to None, run_after=None
[2023-09-19T13:53:53.966+0000] {logging_mixin.py:151} INFO - [2023-09-19T13:53:53.965+0000] {dag.py:3696} INFO - Setting next_dagrun for dataset_consumes_unknown_never_scheduled to None, run_after=None
[2023-09-19T13:53:53.968+0000] {logging_mixin.py:151} INFO - [2023-09-19T13:53:53.967+0000] {dag.py:3696} INFO - Setting next_dagrun for dataset_produces_1 to 2023-09-18T00:00:00+00:00, run_after=2023-09-19T00:00:00+00:00
[2023-09-19T13:53:53.969+0000] {logging_mixin.py:151} INFO - [2023-09-19T13:53:53.968+0000] {dag.py:3696} INFO - Setting next_dagrun for dataset_produces_2 to None, run_after=None
[2023-09-19T13:53:53.993+0000] {processor.py:179} INFO - Processing /home/airflow/.local/lib/python3.8/site-packages/airflow/example_dags/example_datasets.py took 0.094 seconds
[2023-09-19T13:54:24.294+0000] {processor.py:157} INFO - Started process (PID=5880) to work on /home/airflow/.local/lib/python3.8/site-packages/airflow/example_dags/example_datasets.py
[2023-09-19T13:54:24.295+0000] {processor.py:829} INFO - Processing file /home/airflow/.local/lib/python3.8/site-packages/airflow/example_dags/example_datasets.py for tasks to queue
[2023-09-19T13:54:24.295+0000] {logging_mixin.py:151} INFO - [2023-09-19T13:54:24.295+0000] {dagbag.py:539} INFO - Filling up the DagBag from /home/airflow/.local/lib/python3.8/site-packages/airflow/example_dags/example_datasets.py
[2023-09-19T13:54:24.302+0000] {processor.py:839} INFO - DAG(s) dict_keys(['dataset_produces_1', 'dataset_consumes_1_and_2', 'dataset_consumes_1', 'dataset_consumes_1_never_scheduled', 'dataset_produces_2', 'dataset_consumes_unknown_never_scheduled']) retrieved from /home/airflow/.local/lib/python3.8/site-packages/airflow/example_dags/example_datasets.py
[2023-09-19T13:54:24.330+0000] {logging_mixin.py:151} INFO - [2023-09-19T13:54:24.330+0000] {dag.py:2915} INFO - Sync 6 DAGs
[2023-09-19T13:54:24.346+0000] {logging_mixin.py:151} INFO - [2023-09-19T13:54:24.346+0000] {dag.py:3696} INFO - Setting next_dagrun for dataset_consumes_1 to None, run_after=None
[2023-09-19T13:54:24.348+0000] {logging_mixin.py:151} INFO - [2023-09-19T13:54:24.348+0000] {dag.py:3696} INFO - Setting next_dagrun for dataset_consumes_1_and_2 to None, run_after=None
[2023-09-19T13:54:24.349+0000] {logging_mixin.py:151} INFO - [2023-09-19T13:54:24.349+0000] {dag.py:3696} INFO - Setting next_dagrun for dataset_consumes_1_never_scheduled to None, run_after=None
[2023-09-19T13:54:24.350+0000] {logging_mixin.py:151} INFO - [2023-09-19T13:54:24.350+0000] {dag.py:3696} INFO - Setting next_dagrun for dataset_consumes_unknown_never_scheduled to None, run_after=None
[2023-09-19T13:54:24.352+0000] {logging_mixin.py:151} INFO - [2023-09-19T13:54:24.352+0000] {dag.py:3696} INFO - Setting next_dagrun for dataset_produces_1 to 2023-09-18T00:00:00+00:00, run_after=2023-09-19T00:00:00+00:00
[2023-09-19T13:54:24.352+0000] {logging_mixin.py:151} INFO - [2023-09-19T13:54:24.352+0000] {dag.py:3696} INFO - Setting next_dagrun for dataset_produces_2 to None, run_after=None
[2023-09-19T13:54:24.379+0000] {processor.py:179} INFO - Processing /home/airflow/.local/lib/python3.8/site-packages/airflow/example_dags/example_datasets.py took 0.087 seconds
[2023-09-19T13:54:54.715+0000] {processor.py:157} INFO - Started process (PID=6118) to work on /home/airflow/.local/lib/python3.8/site-packages/airflow/example_dags/example_datasets.py
[2023-09-19T13:54:54.716+0000] {processor.py:829} INFO - Processing file /home/airflow/.local/lib/python3.8/site-packages/airflow/example_dags/example_datasets.py for tasks to queue
[2023-09-19T13:54:54.716+0000] {logging_mixin.py:151} INFO - [2023-09-19T13:54:54.716+0000] {dagbag.py:539} INFO - Filling up the DagBag from /home/airflow/.local/lib/python3.8/site-packages/airflow/example_dags/example_datasets.py
[2023-09-19T13:54:54.722+0000] {processor.py:839} INFO - DAG(s) dict_keys(['dataset_produces_2', 'dataset_consumes_1', 'dataset_consumes_unknown_never_scheduled', 'dataset_consumes_1_and_2', 'dataset_produces_1', 'dataset_consumes_1_never_scheduled']) retrieved from /home/airflow/.local/lib/python3.8/site-packages/airflow/example_dags/example_datasets.py
[2023-09-19T13:54:54.752+0000] {logging_mixin.py:151} INFO - [2023-09-19T13:54:54.752+0000] {dag.py:2915} INFO - Sync 6 DAGs
[2023-09-19T13:54:54.768+0000] {logging_mixin.py:151} INFO - [2023-09-19T13:54:54.767+0000] {dag.py:3696} INFO - Setting next_dagrun for dataset_consumes_1 to None, run_after=None
[2023-09-19T13:54:54.770+0000] {logging_mixin.py:151} INFO - [2023-09-19T13:54:54.770+0000] {dag.py:3696} INFO - Setting next_dagrun for dataset_consumes_1_and_2 to None, run_after=None
[2023-09-19T13:54:54.771+0000] {logging_mixin.py:151} INFO - [2023-09-19T13:54:54.771+0000] {dag.py:3696} INFO - Setting next_dagrun for dataset_consumes_1_never_scheduled to None, run_after=None
[2023-09-19T13:54:54.771+0000] {logging_mixin.py:151} INFO - [2023-09-19T13:54:54.771+0000] {dag.py:3696} INFO - Setting next_dagrun for dataset_consumes_unknown_never_scheduled to None, run_after=None
[2023-09-19T13:54:54.773+0000] {logging_mixin.py:151} INFO - [2023-09-19T13:54:54.773+0000] {dag.py:3696} INFO - Setting next_dagrun for dataset_produces_1 to 2023-09-18T00:00:00+00:00, run_after=2023-09-19T00:00:00+00:00
[2023-09-19T13:54:54.774+0000] {logging_mixin.py:151} INFO - [2023-09-19T13:54:54.774+0000] {dag.py:3696} INFO - Setting next_dagrun for dataset_produces_2 to None, run_after=None
[2023-09-19T13:54:54.803+0000] {processor.py:179} INFO - Processing /home/airflow/.local/lib/python3.8/site-packages/airflow/example_dags/example_datasets.py took 0.091 seconds
[2023-09-19T13:55:24.998+0000] {processor.py:157} INFO - Started process (PID=6356) to work on /home/airflow/.local/lib/python3.8/site-packages/airflow/example_dags/example_datasets.py
[2023-09-19T13:55:25.000+0000] {processor.py:829} INFO - Processing file /home/airflow/.local/lib/python3.8/site-packages/airflow/example_dags/example_datasets.py for tasks to queue
[2023-09-19T13:55:25.001+0000] {logging_mixin.py:151} INFO - [2023-09-19T13:55:25.000+0000] {dagbag.py:539} INFO - Filling up the DagBag from /home/airflow/.local/lib/python3.8/site-packages/airflow/example_dags/example_datasets.py
[2023-09-19T13:55:25.007+0000] {processor.py:839} INFO - DAG(s) dict_keys(['dataset_consumes_1_and_2', 'dataset_consumes_1', 'dataset_consumes_unknown_never_scheduled', 'dataset_consumes_1_never_scheduled', 'dataset_produces_1', 'dataset_produces_2']) retrieved from /home/airflow/.local/lib/python3.8/site-packages/airflow/example_dags/example_datasets.py
[2023-09-19T13:55:25.037+0000] {logging_mixin.py:151} INFO - [2023-09-19T13:55:25.037+0000] {dag.py:2915} INFO - Sync 6 DAGs
[2023-09-19T13:55:25.054+0000] {logging_mixin.py:151} INFO - [2023-09-19T13:55:25.053+0000] {dag.py:3696} INFO - Setting next_dagrun for dataset_consumes_1 to None, run_after=None
[2023-09-19T13:55:25.056+0000] {logging_mixin.py:151} INFO - [2023-09-19T13:55:25.056+0000] {dag.py:3696} INFO - Setting next_dagrun for dataset_consumes_1_and_2 to None, run_after=None
[2023-09-19T13:55:25.057+0000] {logging_mixin.py:151} INFO - [2023-09-19T13:55:25.056+0000] {dag.py:3696} INFO - Setting next_dagrun for dataset_consumes_1_never_scheduled to None, run_after=None
[2023-09-19T13:55:25.057+0000] {logging_mixin.py:151} INFO - [2023-09-19T13:55:25.057+0000] {dag.py:3696} INFO - Setting next_dagrun for dataset_consumes_unknown_never_scheduled to None, run_after=None
[2023-09-19T13:55:25.059+0000] {logging_mixin.py:151} INFO - [2023-09-19T13:55:25.059+0000] {dag.py:3696} INFO - Setting next_dagrun for dataset_produces_1 to 2023-09-18T00:00:00+00:00, run_after=2023-09-19T00:00:00+00:00
[2023-09-19T13:55:25.060+0000] {logging_mixin.py:151} INFO - [2023-09-19T13:55:25.060+0000] {dag.py:3696} INFO - Setting next_dagrun for dataset_produces_2 to None, run_after=None
[2023-09-19T13:55:25.088+0000] {processor.py:179} INFO - Processing /home/airflow/.local/lib/python3.8/site-packages/airflow/example_dags/example_datasets.py took 0.093 seconds
[2023-09-19T13:55:55.114+0000] {processor.py:157} INFO - Started process (PID=6594) to work on /home/airflow/.local/lib/python3.8/site-packages/airflow/example_dags/example_datasets.py
[2023-09-19T13:55:55.115+0000] {processor.py:829} INFO - Processing file /home/airflow/.local/lib/python3.8/site-packages/airflow/example_dags/example_datasets.py for tasks to queue
[2023-09-19T13:55:55.116+0000] {logging_mixin.py:151} INFO - [2023-09-19T13:55:55.115+0000] {dagbag.py:539} INFO - Filling up the DagBag from /home/airflow/.local/lib/python3.8/site-packages/airflow/example_dags/example_datasets.py
[2023-09-19T13:55:55.123+0000] {processor.py:839} INFO - DAG(s) dict_keys(['dataset_consumes_1_and_2', 'dataset_produces_2', 'dataset_produces_1', 'dataset_consumes_1', 'dataset_consumes_unknown_never_scheduled', 'dataset_consumes_1_never_scheduled']) retrieved from /home/airflow/.local/lib/python3.8/site-packages/airflow/example_dags/example_datasets.py
[2023-09-19T13:55:55.151+0000] {logging_mixin.py:151} INFO - [2023-09-19T13:55:55.151+0000] {dag.py:2915} INFO - Sync 6 DAGs
[2023-09-19T13:55:55.167+0000] {logging_mixin.py:151} INFO - [2023-09-19T13:55:55.166+0000] {dag.py:3696} INFO - Setting next_dagrun for dataset_consumes_1 to None, run_after=None
[2023-09-19T13:55:55.169+0000] {logging_mixin.py:151} INFO - [2023-09-19T13:55:55.169+0000] {dag.py:3696} INFO - Setting next_dagrun for dataset_consumes_1_and_2 to None, run_after=None
[2023-09-19T13:55:55.170+0000] {logging_mixin.py:151} INFO - [2023-09-19T13:55:55.170+0000] {dag.py:3696} INFO - Setting next_dagrun for dataset_consumes_1_never_scheduled to None, run_after=None
[2023-09-19T13:55:55.171+0000] {logging_mixin.py:151} INFO - [2023-09-19T13:55:55.171+0000] {dag.py:3696} INFO - Setting next_dagrun for dataset_consumes_unknown_never_scheduled to None, run_after=None
[2023-09-19T13:55:55.173+0000] {logging_mixin.py:151} INFO - [2023-09-19T13:55:55.173+0000] {dag.py:3696} INFO - Setting next_dagrun for dataset_produces_1 to 2023-09-18T00:00:00+00:00, run_after=2023-09-19T00:00:00+00:00
[2023-09-19T13:55:55.173+0000] {logging_mixin.py:151} INFO - [2023-09-19T13:55:55.173+0000] {dag.py:3696} INFO - Setting next_dagrun for dataset_produces_2 to None, run_after=None
[2023-09-19T13:55:55.198+0000] {processor.py:179} INFO - Processing /home/airflow/.local/lib/python3.8/site-packages/airflow/example_dags/example_datasets.py took 0.086 seconds
[2023-09-19T13:56:25.320+0000] {processor.py:157} INFO - Started process (PID=6832) to work on /home/airflow/.local/lib/python3.8/site-packages/airflow/example_dags/example_datasets.py
[2023-09-19T13:56:25.321+0000] {processor.py:829} INFO - Processing file /home/airflow/.local/lib/python3.8/site-packages/airflow/example_dags/example_datasets.py for tasks to queue
[2023-09-19T13:56:25.322+0000] {logging_mixin.py:151} INFO - [2023-09-19T13:56:25.322+0000] {dagbag.py:539} INFO - Filling up the DagBag from /home/airflow/.local/lib/python3.8/site-packages/airflow/example_dags/example_datasets.py
[2023-09-19T13:56:25.328+0000] {processor.py:839} INFO - DAG(s) dict_keys(['dataset_produces_1', 'dataset_consumes_1_never_scheduled', 'dataset_consumes_1', 'dataset_produces_2', 'dataset_consumes_1_and_2', 'dataset_consumes_unknown_never_scheduled']) retrieved from /home/airflow/.local/lib/python3.8/site-packages/airflow/example_dags/example_datasets.py
[2023-09-19T13:56:25.354+0000] {logging_mixin.py:151} INFO - [2023-09-19T13:56:25.353+0000] {dag.py:2915} INFO - Sync 6 DAGs
[2023-09-19T13:56:25.371+0000] {logging_mixin.py:151} INFO - [2023-09-19T13:56:25.371+0000] {dag.py:3696} INFO - Setting next_dagrun for dataset_consumes_1 to None, run_after=None
[2023-09-19T13:56:25.374+0000] {logging_mixin.py:151} INFO - [2023-09-19T13:56:25.374+0000] {dag.py:3696} INFO - Setting next_dagrun for dataset_consumes_1_and_2 to None, run_after=None
[2023-09-19T13:56:25.375+0000] {logging_mixin.py:151} INFO - [2023-09-19T13:56:25.375+0000] {dag.py:3696} INFO - Setting next_dagrun for dataset_consumes_1_never_scheduled to None, run_after=None
[2023-09-19T13:56:25.376+0000] {logging_mixin.py:151} INFO - [2023-09-19T13:56:25.376+0000] {dag.py:3696} INFO - Setting next_dagrun for dataset_consumes_unknown_never_scheduled to None, run_after=None
[2023-09-19T13:56:25.378+0000] {logging_mixin.py:151} INFO - [2023-09-19T13:56:25.377+0000] {dag.py:3696} INFO - Setting next_dagrun for dataset_produces_1 to 2023-09-18T00:00:00+00:00, run_after=2023-09-19T00:00:00+00:00
[2023-09-19T13:56:25.378+0000] {logging_mixin.py:151} INFO - [2023-09-19T13:56:25.378+0000] {dag.py:3696} INFO - Setting next_dagrun for dataset_produces_2 to None, run_after=None
[2023-09-19T13:56:25.402+0000] {processor.py:179} INFO - Processing /home/airflow/.local/lib/python3.8/site-packages/airflow/example_dags/example_datasets.py took 0.086 seconds
[2023-09-19T13:56:55.611+0000] {processor.py:157} INFO - Started process (PID=7070) to work on /home/airflow/.local/lib/python3.8/site-packages/airflow/example_dags/example_datasets.py
[2023-09-19T13:56:55.612+0000] {processor.py:829} INFO - Processing file /home/airflow/.local/lib/python3.8/site-packages/airflow/example_dags/example_datasets.py for tasks to queue
[2023-09-19T13:56:55.613+0000] {logging_mixin.py:151} INFO - [2023-09-19T13:56:55.612+0000] {dagbag.py:539} INFO - Filling up the DagBag from /home/airflow/.local/lib/python3.8/site-packages/airflow/example_dags/example_datasets.py
[2023-09-19T13:56:55.619+0000] {processor.py:839} INFO - DAG(s) dict_keys(['dataset_consumes_1_never_scheduled', 'dataset_consumes_unknown_never_scheduled', 'dataset_consumes_1', 'dataset_consumes_1_and_2', 'dataset_produces_1', 'dataset_produces_2']) retrieved from /home/airflow/.local/lib/python3.8/site-packages/airflow/example_dags/example_datasets.py
[2023-09-19T13:56:55.645+0000] {logging_mixin.py:151} INFO - [2023-09-19T13:56:55.645+0000] {dag.py:2915} INFO - Sync 6 DAGs
[2023-09-19T13:56:55.663+0000] {logging_mixin.py:151} INFO - [2023-09-19T13:56:55.663+0000] {dag.py:3696} INFO - Setting next_dagrun for dataset_consumes_1 to None, run_after=None
[2023-09-19T13:56:55.665+0000] {logging_mixin.py:151} INFO - [2023-09-19T13:56:55.665+0000] {dag.py:3696} INFO - Setting next_dagrun for dataset_consumes_1_and_2 to None, run_after=None
[2023-09-19T13:56:55.666+0000] {logging_mixin.py:151} INFO - [2023-09-19T13:56:55.666+0000] {dag.py:3696} INFO - Setting next_dagrun for dataset_consumes_1_never_scheduled to None, run_after=None
[2023-09-19T13:56:55.667+0000] {logging_mixin.py:151} INFO - [2023-09-19T13:56:55.667+0000] {dag.py:3696} INFO - Setting next_dagrun for dataset_consumes_unknown_never_scheduled to None, run_after=None
[2023-09-19T13:56:55.669+0000] {logging_mixin.py:151} INFO - [2023-09-19T13:56:55.668+0000] {dag.py:3696} INFO - Setting next_dagrun for dataset_produces_1 to 2023-09-18T00:00:00+00:00, run_after=2023-09-19T00:00:00+00:00
[2023-09-19T13:56:55.669+0000] {logging_mixin.py:151} INFO - [2023-09-19T13:56:55.669+0000] {dag.py:3696} INFO - Setting next_dagrun for dataset_produces_2 to None, run_after=None
[2023-09-19T13:56:55.694+0000] {processor.py:179} INFO - Processing /home/airflow/.local/lib/python3.8/site-packages/airflow/example_dags/example_datasets.py took 0.085 seconds
[2023-09-19T13:57:25.946+0000] {processor.py:157} INFO - Started process (PID=7308) to work on /home/airflow/.local/lib/python3.8/site-packages/airflow/example_dags/example_datasets.py
[2023-09-19T13:57:25.948+0000] {processor.py:829} INFO - Processing file /home/airflow/.local/lib/python3.8/site-packages/airflow/example_dags/example_datasets.py for tasks to queue
[2023-09-19T13:57:25.949+0000] {logging_mixin.py:151} INFO - [2023-09-19T13:57:25.949+0000] {dagbag.py:539} INFO - Filling up the DagBag from /home/airflow/.local/lib/python3.8/site-packages/airflow/example_dags/example_datasets.py
[2023-09-19T13:57:25.958+0000] {processor.py:839} INFO - DAG(s) dict_keys(['dataset_consumes_1_and_2', 'dataset_produces_1', 'dataset_consumes_1_never_scheduled', 'dataset_consumes_unknown_never_scheduled', 'dataset_produces_2', 'dataset_consumes_1']) retrieved from /home/airflow/.local/lib/python3.8/site-packages/airflow/example_dags/example_datasets.py
[2023-09-19T13:57:26.003+0000] {logging_mixin.py:151} INFO - [2023-09-19T13:57:26.003+0000] {dag.py:2915} INFO - Sync 6 DAGs
[2023-09-19T13:57:26.023+0000] {logging_mixin.py:151} INFO - [2023-09-19T13:57:26.023+0000] {dag.py:3696} INFO - Setting next_dagrun for dataset_consumes_1 to None, run_after=None
[2023-09-19T13:57:26.026+0000] {logging_mixin.py:151} INFO - [2023-09-19T13:57:26.026+0000] {dag.py:3696} INFO - Setting next_dagrun for dataset_consumes_1_and_2 to None, run_after=None
[2023-09-19T13:57:26.027+0000] {logging_mixin.py:151} INFO - [2023-09-19T13:57:26.027+0000] {dag.py:3696} INFO - Setting next_dagrun for dataset_consumes_1_never_scheduled to None, run_after=None
[2023-09-19T13:57:26.028+0000] {logging_mixin.py:151} INFO - [2023-09-19T13:57:26.027+0000] {dag.py:3696} INFO - Setting next_dagrun for dataset_consumes_unknown_never_scheduled to None, run_after=None
[2023-09-19T13:57:26.029+0000] {logging_mixin.py:151} INFO - [2023-09-19T13:57:26.029+0000] {dag.py:3696} INFO - Setting next_dagrun for dataset_produces_1 to 2023-09-18T00:00:00+00:00, run_after=2023-09-19T00:00:00+00:00
[2023-09-19T13:57:26.030+0000] {logging_mixin.py:151} INFO - [2023-09-19T13:57:26.030+0000] {dag.py:3696} INFO - Setting next_dagrun for dataset_produces_2 to None, run_after=None
[2023-09-19T13:57:26.060+0000] {processor.py:179} INFO - Processing /home/airflow/.local/lib/python3.8/site-packages/airflow/example_dags/example_datasets.py took 0.120 seconds
[2023-09-19T13:57:56.335+0000] {processor.py:157} INFO - Started process (PID=7547) to work on /home/airflow/.local/lib/python3.8/site-packages/airflow/example_dags/example_datasets.py
[2023-09-19T13:57:56.336+0000] {processor.py:829} INFO - Processing file /home/airflow/.local/lib/python3.8/site-packages/airflow/example_dags/example_datasets.py for tasks to queue
[2023-09-19T13:57:56.337+0000] {logging_mixin.py:151} INFO - [2023-09-19T13:57:56.337+0000] {dagbag.py:539} INFO - Filling up the DagBag from /home/airflow/.local/lib/python3.8/site-packages/airflow/example_dags/example_datasets.py
[2023-09-19T13:57:56.343+0000] {processor.py:839} INFO - DAG(s) dict_keys(['dataset_produces_2', 'dataset_produces_1', 'dataset_consumes_1_and_2', 'dataset_consumes_1_never_scheduled', 'dataset_consumes_unknown_never_scheduled', 'dataset_consumes_1']) retrieved from /home/airflow/.local/lib/python3.8/site-packages/airflow/example_dags/example_datasets.py
[2023-09-19T13:57:56.373+0000] {logging_mixin.py:151} INFO - [2023-09-19T13:57:56.373+0000] {dag.py:2915} INFO - Sync 6 DAGs
[2023-09-19T13:57:56.390+0000] {logging_mixin.py:151} INFO - [2023-09-19T13:57:56.390+0000] {dag.py:3696} INFO - Setting next_dagrun for dataset_consumes_1 to None, run_after=None
[2023-09-19T13:57:56.392+0000] {logging_mixin.py:151} INFO - [2023-09-19T13:57:56.392+0000] {dag.py:3696} INFO - Setting next_dagrun for dataset_consumes_1_and_2 to None, run_after=None
[2023-09-19T13:57:56.393+0000] {logging_mixin.py:151} INFO - [2023-09-19T13:57:56.393+0000] {dag.py:3696} INFO - Setting next_dagrun for dataset_consumes_1_never_scheduled to None, run_after=None
[2023-09-19T13:57:56.393+0000] {logging_mixin.py:151} INFO - [2023-09-19T13:57:56.393+0000] {dag.py:3696} INFO - Setting next_dagrun for dataset_consumes_unknown_never_scheduled to None, run_after=None
[2023-09-19T13:57:56.395+0000] {logging_mixin.py:151} INFO - [2023-09-19T13:57:56.395+0000] {dag.py:3696} INFO - Setting next_dagrun for dataset_produces_1 to 2023-09-18T00:00:00+00:00, run_after=2023-09-19T00:00:00+00:00
[2023-09-19T13:57:56.396+0000] {logging_mixin.py:151} INFO - [2023-09-19T13:57:56.396+0000] {dag.py:3696} INFO - Setting next_dagrun for dataset_produces_2 to None, run_after=None
[2023-09-19T13:57:56.423+0000] {processor.py:179} INFO - Processing /home/airflow/.local/lib/python3.8/site-packages/airflow/example_dags/example_datasets.py took 0.090 seconds
[2023-09-19T13:58:26.735+0000] {processor.py:157} INFO - Started process (PID=7785) to work on /home/airflow/.local/lib/python3.8/site-packages/airflow/example_dags/example_datasets.py
[2023-09-19T13:58:26.737+0000] {processor.py:829} INFO - Processing file /home/airflow/.local/lib/python3.8/site-packages/airflow/example_dags/example_datasets.py for tasks to queue
[2023-09-19T13:58:26.738+0000] {logging_mixin.py:151} INFO - [2023-09-19T13:58:26.737+0000] {dagbag.py:539} INFO - Filling up the DagBag from /home/airflow/.local/lib/python3.8/site-packages/airflow/example_dags/example_datasets.py
[2023-09-19T13:58:26.744+0000] {processor.py:839} INFO - DAG(s) dict_keys(['dataset_consumes_1', 'dataset_consumes_1_and_2', 'dataset_consumes_1_never_scheduled', 'dataset_consumes_unknown_never_scheduled', 'dataset_produces_2', 'dataset_produces_1']) retrieved from /home/airflow/.local/lib/python3.8/site-packages/airflow/example_dags/example_datasets.py
[2023-09-19T13:58:26.773+0000] {logging_mixin.py:151} INFO - [2023-09-19T13:58:26.773+0000] {dag.py:2915} INFO - Sync 6 DAGs
[2023-09-19T13:58:26.789+0000] {logging_mixin.py:151} INFO - [2023-09-19T13:58:26.789+0000] {dag.py:3696} INFO - Setting next_dagrun for dataset_consumes_1 to None, run_after=None
[2023-09-19T13:58:26.791+0000] {logging_mixin.py:151} INFO - [2023-09-19T13:58:26.791+0000] {dag.py:3696} INFO - Setting next_dagrun for dataset_consumes_1_and_2 to None, run_after=None
[2023-09-19T13:58:26.792+0000] {logging_mixin.py:151} INFO - [2023-09-19T13:58:26.792+0000] {dag.py:3696} INFO - Setting next_dagrun for dataset_consumes_1_never_scheduled to None, run_after=None
[2023-09-19T13:58:26.793+0000] {logging_mixin.py:151} INFO - [2023-09-19T13:58:26.793+0000] {dag.py:3696} INFO - Setting next_dagrun for dataset_consumes_unknown_never_scheduled to None, run_after=None
[2023-09-19T13:58:26.795+0000] {logging_mixin.py:151} INFO - [2023-09-19T13:58:26.795+0000] {dag.py:3696} INFO - Setting next_dagrun for dataset_produces_1 to 2023-09-18T00:00:00+00:00, run_after=2023-09-19T00:00:00+00:00
[2023-09-19T13:58:26.796+0000] {logging_mixin.py:151} INFO - [2023-09-19T13:58:26.795+0000] {dag.py:3696} INFO - Setting next_dagrun for dataset_produces_2 to None, run_after=None
[2023-09-19T13:58:26.822+0000] {processor.py:179} INFO - Processing /home/airflow/.local/lib/python3.8/site-packages/airflow/example_dags/example_datasets.py took 0.090 seconds
[2023-09-19T13:58:56.849+0000] {processor.py:157} INFO - Started process (PID=8023) to work on /home/airflow/.local/lib/python3.8/site-packages/airflow/example_dags/example_datasets.py
[2023-09-19T13:58:56.850+0000] {processor.py:829} INFO - Processing file /home/airflow/.local/lib/python3.8/site-packages/airflow/example_dags/example_datasets.py for tasks to queue
[2023-09-19T13:58:56.850+0000] {logging_mixin.py:151} INFO - [2023-09-19T13:58:56.850+0000] {dagbag.py:539} INFO - Filling up the DagBag from /home/airflow/.local/lib/python3.8/site-packages/airflow/example_dags/example_datasets.py
[2023-09-19T13:58:56.858+0000] {processor.py:839} INFO - DAG(s) dict_keys(['dataset_consumes_1_never_scheduled', 'dataset_consumes_1_and_2', 'dataset_produces_2', 'dataset_produces_1', 'dataset_consumes_unknown_never_scheduled', 'dataset_consumes_1']) retrieved from /home/airflow/.local/lib/python3.8/site-packages/airflow/example_dags/example_datasets.py
[2023-09-19T13:58:56.889+0000] {logging_mixin.py:151} INFO - [2023-09-19T13:58:56.889+0000] {dag.py:2915} INFO - Sync 6 DAGs
[2023-09-19T13:58:56.904+0000] {logging_mixin.py:151} INFO - [2023-09-19T13:58:56.904+0000] {dag.py:3696} INFO - Setting next_dagrun for dataset_consumes_1 to None, run_after=None
[2023-09-19T13:58:56.907+0000] {logging_mixin.py:151} INFO - [2023-09-19T13:58:56.907+0000] {dag.py:3696} INFO - Setting next_dagrun for dataset_consumes_1_and_2 to None, run_after=None
[2023-09-19T13:58:56.908+0000] {logging_mixin.py:151} INFO - [2023-09-19T13:58:56.908+0000] {dag.py:3696} INFO - Setting next_dagrun for dataset_consumes_1_never_scheduled to None, run_after=None
[2023-09-19T13:58:56.909+0000] {logging_mixin.py:151} INFO - [2023-09-19T13:58:56.909+0000] {dag.py:3696} INFO - Setting next_dagrun for dataset_consumes_unknown_never_scheduled to None, run_after=None
[2023-09-19T13:58:56.911+0000] {logging_mixin.py:151} INFO - [2023-09-19T13:58:56.911+0000] {dag.py:3696} INFO - Setting next_dagrun for dataset_produces_1 to 2023-09-18T00:00:00+00:00, run_after=2023-09-19T00:00:00+00:00
[2023-09-19T13:58:56.912+0000] {logging_mixin.py:151} INFO - [2023-09-19T13:58:56.912+0000] {dag.py:3696} INFO - Setting next_dagrun for dataset_produces_2 to None, run_after=None
[2023-09-19T13:58:56.938+0000] {processor.py:179} INFO - Processing /home/airflow/.local/lib/python3.8/site-packages/airflow/example_dags/example_datasets.py took 0.092 seconds
[2023-09-19T13:59:27.070+0000] {processor.py:157} INFO - Started process (PID=8261) to work on /home/airflow/.local/lib/python3.8/site-packages/airflow/example_dags/example_datasets.py
[2023-09-19T13:59:27.073+0000] {processor.py:829} INFO - Processing file /home/airflow/.local/lib/python3.8/site-packages/airflow/example_dags/example_datasets.py for tasks to queue
[2023-09-19T13:59:27.074+0000] {logging_mixin.py:151} INFO - [2023-09-19T13:59:27.074+0000] {dagbag.py:539} INFO - Filling up the DagBag from /home/airflow/.local/lib/python3.8/site-packages/airflow/example_dags/example_datasets.py
[2023-09-19T13:59:27.081+0000] {processor.py:839} INFO - DAG(s) dict_keys(['dataset_consumes_1_and_2', 'dataset_produces_1', 'dataset_produces_2', 'dataset_consumes_1_never_scheduled', 'dataset_consumes_unknown_never_scheduled', 'dataset_consumes_1']) retrieved from /home/airflow/.local/lib/python3.8/site-packages/airflow/example_dags/example_datasets.py
[2023-09-19T13:59:27.112+0000] {logging_mixin.py:151} INFO - [2023-09-19T13:59:27.112+0000] {dag.py:2915} INFO - Sync 6 DAGs
[2023-09-19T13:59:27.130+0000] {logging_mixin.py:151} INFO - [2023-09-19T13:59:27.130+0000] {dag.py:3696} INFO - Setting next_dagrun for dataset_consumes_1 to None, run_after=None
[2023-09-19T13:59:27.134+0000] {logging_mixin.py:151} INFO - [2023-09-19T13:59:27.133+0000] {dag.py:3696} INFO - Setting next_dagrun for dataset_consumes_1_and_2 to None, run_after=None
[2023-09-19T13:59:27.135+0000] {logging_mixin.py:151} INFO - [2023-09-19T13:59:27.135+0000] {dag.py:3696} INFO - Setting next_dagrun for dataset_consumes_1_never_scheduled to None, run_after=None
[2023-09-19T13:59:27.136+0000] {logging_mixin.py:151} INFO - [2023-09-19T13:59:27.136+0000] {dag.py:3696} INFO - Setting next_dagrun for dataset_consumes_unknown_never_scheduled to None, run_after=None
[2023-09-19T13:59:27.138+0000] {logging_mixin.py:151} INFO - [2023-09-19T13:59:27.137+0000] {dag.py:3696} INFO - Setting next_dagrun for dataset_produces_1 to 2023-09-18T00:00:00+00:00, run_after=2023-09-19T00:00:00+00:00
[2023-09-19T13:59:27.140+0000] {logging_mixin.py:151} INFO - [2023-09-19T13:59:27.140+0000] {dag.py:3696} INFO - Setting next_dagrun for dataset_produces_2 to None, run_after=None
[2023-09-19T13:59:27.168+0000] {processor.py:179} INFO - Processing /home/airflow/.local/lib/python3.8/site-packages/airflow/example_dags/example_datasets.py took 0.100 seconds
