[2023-09-19T13:42:10.217+0000] {processor.py:157} INFO - Started process (PID=350) to work on /home/airflow/.local/lib/python3.8/site-packages/airflow/example_dags/example_bash_operator.py
[2023-09-19T13:42:10.218+0000] {processor.py:829} INFO - Processing file /home/airflow/.local/lib/python3.8/site-packages/airflow/example_dags/example_bash_operator.py for tasks to queue
[2023-09-19T13:42:10.218+0000] {logging_mixin.py:151} INFO - [2023-09-19T13:42:10.218+0000] {dagbag.py:539} INFO - Filling up the DagBag from /home/airflow/.local/lib/python3.8/site-packages/airflow/example_dags/example_bash_operator.py
[2023-09-19T13:42:10.229+0000] {processor.py:839} INFO - DAG(s) dict_keys(['example_bash_operator']) retrieved from /home/airflow/.local/lib/python3.8/site-packages/airflow/example_dags/example_bash_operator.py
[2023-09-19T13:42:10.256+0000] {logging_mixin.py:151} INFO - [2023-09-19T13:42:10.256+0000] {dag.py:2915} INFO - Sync 1 DAGs
[2023-09-19T13:42:10.278+0000] {logging_mixin.py:151} INFO - [2023-09-19T13:42:10.278+0000] {dag.py:3696} INFO - Setting next_dagrun for example_bash_operator to 2023-09-18T00:00:00+00:00, run_after=2023-09-19T00:00:00+00:00
[2023-09-19T13:42:10.298+0000] {processor.py:179} INFO - Processing /home/airflow/.local/lib/python3.8/site-packages/airflow/example_dags/example_bash_operator.py took 0.084 seconds
[2023-09-19T13:42:48.523+0000] {processor.py:157} INFO - Started process (PID=590) to work on /home/airflow/.local/lib/python3.8/site-packages/airflow/example_dags/example_bash_operator.py
[2023-09-19T13:42:48.524+0000] {processor.py:829} INFO - Processing file /home/airflow/.local/lib/python3.8/site-packages/airflow/example_dags/example_bash_operator.py for tasks to queue
[2023-09-19T13:42:48.524+0000] {logging_mixin.py:151} INFO - [2023-09-19T13:42:48.524+0000] {dagbag.py:539} INFO - Filling up the DagBag from /home/airflow/.local/lib/python3.8/site-packages/airflow/example_dags/example_bash_operator.py
[2023-09-19T13:42:48.533+0000] {processor.py:839} INFO - DAG(s) dict_keys(['example_bash_operator']) retrieved from /home/airflow/.local/lib/python3.8/site-packages/airflow/example_dags/example_bash_operator.py
[2023-09-19T13:42:48.557+0000] {logging_mixin.py:151} INFO - [2023-09-19T13:42:48.557+0000] {dag.py:2915} INFO - Sync 1 DAGs
[2023-09-19T13:42:48.697+0000] {logging_mixin.py:151} INFO - [2023-09-19T13:42:48.697+0000] {dag.py:3696} INFO - Setting next_dagrun for example_bash_operator to 2023-09-18T00:00:00+00:00, run_after=2023-09-19T00:00:00+00:00
[2023-09-19T13:42:48.718+0000] {processor.py:179} INFO - Processing /home/airflow/.local/lib/python3.8/site-packages/airflow/example_dags/example_bash_operator.py took 0.197 seconds
[2023-09-19T13:43:19.238+0000] {processor.py:157} INFO - Started process (PID=826) to work on /home/airflow/.local/lib/python3.8/site-packages/airflow/example_dags/example_bash_operator.py
[2023-09-19T13:43:19.238+0000] {processor.py:829} INFO - Processing file /home/airflow/.local/lib/python3.8/site-packages/airflow/example_dags/example_bash_operator.py for tasks to queue
[2023-09-19T13:43:19.239+0000] {logging_mixin.py:151} INFO - [2023-09-19T13:43:19.239+0000] {dagbag.py:539} INFO - Filling up the DagBag from /home/airflow/.local/lib/python3.8/site-packages/airflow/example_dags/example_bash_operator.py
[2023-09-19T13:43:19.246+0000] {processor.py:839} INFO - DAG(s) dict_keys(['example_bash_operator']) retrieved from /home/airflow/.local/lib/python3.8/site-packages/airflow/example_dags/example_bash_operator.py
[2023-09-19T13:43:19.267+0000] {logging_mixin.py:151} INFO - [2023-09-19T13:43:19.267+0000] {dag.py:2915} INFO - Sync 1 DAGs
[2023-09-19T13:43:19.287+0000] {logging_mixin.py:151} INFO - [2023-09-19T13:43:19.287+0000] {dag.py:3696} INFO - Setting next_dagrun for example_bash_operator to 2023-09-18T00:00:00+00:00, run_after=2023-09-19T00:00:00+00:00
[2023-09-19T13:43:19.301+0000] {processor.py:179} INFO - Processing /home/airflow/.local/lib/python3.8/site-packages/airflow/example_dags/example_bash_operator.py took 0.066 seconds
[2023-09-19T13:43:49.583+0000] {processor.py:157} INFO - Started process (PID=1064) to work on /home/airflow/.local/lib/python3.8/site-packages/airflow/example_dags/example_bash_operator.py
[2023-09-19T13:43:49.584+0000] {processor.py:829} INFO - Processing file /home/airflow/.local/lib/python3.8/site-packages/airflow/example_dags/example_bash_operator.py for tasks to queue
[2023-09-19T13:43:49.584+0000] {logging_mixin.py:151} INFO - [2023-09-19T13:43:49.584+0000] {dagbag.py:539} INFO - Filling up the DagBag from /home/airflow/.local/lib/python3.8/site-packages/airflow/example_dags/example_bash_operator.py
[2023-09-19T13:43:49.592+0000] {processor.py:839} INFO - DAG(s) dict_keys(['example_bash_operator']) retrieved from /home/airflow/.local/lib/python3.8/site-packages/airflow/example_dags/example_bash_operator.py
[2023-09-19T13:43:49.614+0000] {logging_mixin.py:151} INFO - [2023-09-19T13:43:49.613+0000] {dag.py:2915} INFO - Sync 1 DAGs
[2023-09-19T13:43:49.630+0000] {logging_mixin.py:151} INFO - [2023-09-19T13:43:49.630+0000] {dag.py:3696} INFO - Setting next_dagrun for example_bash_operator to 2023-09-18T00:00:00+00:00, run_after=2023-09-19T00:00:00+00:00
[2023-09-19T13:43:49.644+0000] {processor.py:179} INFO - Processing /home/airflow/.local/lib/python3.8/site-packages/airflow/example_dags/example_bash_operator.py took 0.064 seconds
[2023-09-19T13:44:19.754+0000] {processor.py:157} INFO - Started process (PID=1302) to work on /home/airflow/.local/lib/python3.8/site-packages/airflow/example_dags/example_bash_operator.py
[2023-09-19T13:44:19.756+0000] {processor.py:829} INFO - Processing file /home/airflow/.local/lib/python3.8/site-packages/airflow/example_dags/example_bash_operator.py for tasks to queue
[2023-09-19T13:44:19.756+0000] {logging_mixin.py:151} INFO - [2023-09-19T13:44:19.756+0000] {dagbag.py:539} INFO - Filling up the DagBag from /home/airflow/.local/lib/python3.8/site-packages/airflow/example_dags/example_bash_operator.py
[2023-09-19T13:44:19.764+0000] {processor.py:839} INFO - DAG(s) dict_keys(['example_bash_operator']) retrieved from /home/airflow/.local/lib/python3.8/site-packages/airflow/example_dags/example_bash_operator.py
[2023-09-19T13:44:19.785+0000] {logging_mixin.py:151} INFO - [2023-09-19T13:44:19.784+0000] {dag.py:2915} INFO - Sync 1 DAGs
[2023-09-19T13:44:19.803+0000] {logging_mixin.py:151} INFO - [2023-09-19T13:44:19.803+0000] {dag.py:3696} INFO - Setting next_dagrun for example_bash_operator to 2023-09-18T00:00:00+00:00, run_after=2023-09-19T00:00:00+00:00
[2023-09-19T13:44:19.820+0000] {processor.py:179} INFO - Processing /home/airflow/.local/lib/python3.8/site-packages/airflow/example_dags/example_bash_operator.py took 0.068 seconds
[2023-09-19T13:44:50.258+0000] {processor.py:157} INFO - Started process (PID=1540) to work on /home/airflow/.local/lib/python3.8/site-packages/airflow/example_dags/example_bash_operator.py
[2023-09-19T13:44:50.259+0000] {processor.py:829} INFO - Processing file /home/airflow/.local/lib/python3.8/site-packages/airflow/example_dags/example_bash_operator.py for tasks to queue
[2023-09-19T13:44:50.259+0000] {logging_mixin.py:151} INFO - [2023-09-19T13:44:50.259+0000] {dagbag.py:539} INFO - Filling up the DagBag from /home/airflow/.local/lib/python3.8/site-packages/airflow/example_dags/example_bash_operator.py
[2023-09-19T13:44:50.271+0000] {processor.py:839} INFO - DAG(s) dict_keys(['example_bash_operator']) retrieved from /home/airflow/.local/lib/python3.8/site-packages/airflow/example_dags/example_bash_operator.py
[2023-09-19T13:44:50.295+0000] {logging_mixin.py:151} INFO - [2023-09-19T13:44:50.295+0000] {dag.py:2915} INFO - Sync 1 DAGs
[2023-09-19T13:44:50.314+0000] {logging_mixin.py:151} INFO - [2023-09-19T13:44:50.314+0000] {dag.py:3696} INFO - Setting next_dagrun for example_bash_operator to 2023-09-18T00:00:00+00:00, run_after=2023-09-19T00:00:00+00:00
[2023-09-19T13:44:50.333+0000] {processor.py:179} INFO - Processing /home/airflow/.local/lib/python3.8/site-packages/airflow/example_dags/example_bash_operator.py took 0.077 seconds
[2023-09-19T13:45:20.648+0000] {processor.py:157} INFO - Started process (PID=1776) to work on /home/airflow/.local/lib/python3.8/site-packages/airflow/example_dags/example_bash_operator.py
[2023-09-19T13:45:20.649+0000] {processor.py:829} INFO - Processing file /home/airflow/.local/lib/python3.8/site-packages/airflow/example_dags/example_bash_operator.py for tasks to queue
[2023-09-19T13:45:20.650+0000] {logging_mixin.py:151} INFO - [2023-09-19T13:45:20.650+0000] {dagbag.py:539} INFO - Filling up the DagBag from /home/airflow/.local/lib/python3.8/site-packages/airflow/example_dags/example_bash_operator.py
[2023-09-19T13:45:20.659+0000] {processor.py:839} INFO - DAG(s) dict_keys(['example_bash_operator']) retrieved from /home/airflow/.local/lib/python3.8/site-packages/airflow/example_dags/example_bash_operator.py
[2023-09-19T13:45:20.669+0000] {logging_mixin.py:151} INFO - [2023-09-19T13:45:20.669+0000] {dag.py:2915} INFO - Sync 1 DAGs
[2023-09-19T13:45:20.689+0000] {logging_mixin.py:151} INFO - [2023-09-19T13:45:20.689+0000] {dag.py:3696} INFO - Setting next_dagrun for example_bash_operator to 2023-09-18T00:00:00+00:00, run_after=2023-09-19T00:00:00+00:00
[2023-09-19T13:45:20.716+0000] {processor.py:179} INFO - Processing /home/airflow/.local/lib/python3.8/site-packages/airflow/example_dags/example_bash_operator.py took 0.070 seconds
[2023-09-19T13:45:51.084+0000] {processor.py:157} INFO - Started process (PID=2014) to work on /home/airflow/.local/lib/python3.8/site-packages/airflow/example_dags/example_bash_operator.py
[2023-09-19T13:45:51.084+0000] {processor.py:829} INFO - Processing file /home/airflow/.local/lib/python3.8/site-packages/airflow/example_dags/example_bash_operator.py for tasks to queue
[2023-09-19T13:45:51.085+0000] {logging_mixin.py:151} INFO - [2023-09-19T13:45:51.085+0000] {dagbag.py:539} INFO - Filling up the DagBag from /home/airflow/.local/lib/python3.8/site-packages/airflow/example_dags/example_bash_operator.py
[2023-09-19T13:45:51.094+0000] {processor.py:839} INFO - DAG(s) dict_keys(['example_bash_operator']) retrieved from /home/airflow/.local/lib/python3.8/site-packages/airflow/example_dags/example_bash_operator.py
[2023-09-19T13:45:51.116+0000] {logging_mixin.py:151} INFO - [2023-09-19T13:45:51.116+0000] {dag.py:2915} INFO - Sync 1 DAGs
[2023-09-19T13:45:51.135+0000] {logging_mixin.py:151} INFO - [2023-09-19T13:45:51.135+0000] {dag.py:3696} INFO - Setting next_dagrun for example_bash_operator to 2023-09-18T00:00:00+00:00, run_after=2023-09-19T00:00:00+00:00
[2023-09-19T13:45:51.154+0000] {processor.py:179} INFO - Processing /home/airflow/.local/lib/python3.8/site-packages/airflow/example_dags/example_bash_operator.py took 0.073 seconds
[2023-09-19T13:46:21.589+0000] {processor.py:157} INFO - Started process (PID=2250) to work on /home/airflow/.local/lib/python3.8/site-packages/airflow/example_dags/example_bash_operator.py
[2023-09-19T13:46:21.589+0000] {processor.py:829} INFO - Processing file /home/airflow/.local/lib/python3.8/site-packages/airflow/example_dags/example_bash_operator.py for tasks to queue
[2023-09-19T13:46:21.590+0000] {logging_mixin.py:151} INFO - [2023-09-19T13:46:21.590+0000] {dagbag.py:539} INFO - Filling up the DagBag from /home/airflow/.local/lib/python3.8/site-packages/airflow/example_dags/example_bash_operator.py
[2023-09-19T13:46:21.600+0000] {processor.py:839} INFO - DAG(s) dict_keys(['example_bash_operator']) retrieved from /home/airflow/.local/lib/python3.8/site-packages/airflow/example_dags/example_bash_operator.py
[2023-09-19T13:46:21.629+0000] {logging_mixin.py:151} INFO - [2023-09-19T13:46:21.628+0000] {dag.py:2915} INFO - Sync 1 DAGs
[2023-09-19T13:46:21.649+0000] {logging_mixin.py:151} INFO - [2023-09-19T13:46:21.649+0000] {dag.py:3696} INFO - Setting next_dagrun for example_bash_operator to 2023-09-18T00:00:00+00:00, run_after=2023-09-19T00:00:00+00:00
[2023-09-19T13:46:21.668+0000] {processor.py:179} INFO - Processing /home/airflow/.local/lib/python3.8/site-packages/airflow/example_dags/example_bash_operator.py took 0.082 seconds
[2023-09-19T13:46:52.727+0000] {processor.py:157} INFO - Started process (PID=2493) to work on /home/airflow/.local/lib/python3.8/site-packages/airflow/example_dags/example_bash_operator.py
[2023-09-19T13:46:52.728+0000] {processor.py:829} INFO - Processing file /home/airflow/.local/lib/python3.8/site-packages/airflow/example_dags/example_bash_operator.py for tasks to queue
[2023-09-19T13:46:52.729+0000] {logging_mixin.py:151} INFO - [2023-09-19T13:46:52.729+0000] {dagbag.py:539} INFO - Filling up the DagBag from /home/airflow/.local/lib/python3.8/site-packages/airflow/example_dags/example_bash_operator.py
[2023-09-19T13:46:52.739+0000] {processor.py:839} INFO - DAG(s) dict_keys(['example_bash_operator']) retrieved from /home/airflow/.local/lib/python3.8/site-packages/airflow/example_dags/example_bash_operator.py
[2023-09-19T13:46:52.792+0000] {logging_mixin.py:151} INFO - [2023-09-19T13:46:52.791+0000] {dag.py:2915} INFO - Sync 1 DAGs
[2023-09-19T13:46:52.827+0000] {logging_mixin.py:151} INFO - [2023-09-19T13:46:52.827+0000] {dag.py:3696} INFO - Setting next_dagrun for example_bash_operator to 2023-09-18T00:00:00+00:00, run_after=2023-09-19T00:00:00+00:00
[2023-09-19T13:46:52.856+0000] {processor.py:179} INFO - Processing /home/airflow/.local/lib/python3.8/site-packages/airflow/example_dags/example_bash_operator.py took 0.132 seconds
[2023-09-19T13:47:23.953+0000] {processor.py:157} INFO - Started process (PID=2731) to work on /home/airflow/.local/lib/python3.8/site-packages/airflow/example_dags/example_bash_operator.py
[2023-09-19T13:47:23.955+0000] {processor.py:829} INFO - Processing file /home/airflow/.local/lib/python3.8/site-packages/airflow/example_dags/example_bash_operator.py for tasks to queue
[2023-09-19T13:47:23.956+0000] {logging_mixin.py:151} INFO - [2023-09-19T13:47:23.956+0000] {dagbag.py:539} INFO - Filling up the DagBag from /home/airflow/.local/lib/python3.8/site-packages/airflow/example_dags/example_bash_operator.py
[2023-09-19T13:47:23.968+0000] {processor.py:839} INFO - DAG(s) dict_keys(['example_bash_operator']) retrieved from /home/airflow/.local/lib/python3.8/site-packages/airflow/example_dags/example_bash_operator.py
[2023-09-19T13:47:23.994+0000] {logging_mixin.py:151} INFO - [2023-09-19T13:47:23.994+0000] {dag.py:2915} INFO - Sync 1 DAGs
[2023-09-19T13:47:24.016+0000] {logging_mixin.py:151} INFO - [2023-09-19T13:47:24.016+0000] {dag.py:3696} INFO - Setting next_dagrun for example_bash_operator to 2023-09-18T00:00:00+00:00, run_after=2023-09-19T00:00:00+00:00
[2023-09-19T13:47:24.039+0000] {processor.py:179} INFO - Processing /home/airflow/.local/lib/python3.8/site-packages/airflow/example_dags/example_bash_operator.py took 0.091 seconds
[2023-09-19T13:47:54.790+0000] {processor.py:157} INFO - Started process (PID=2969) to work on /home/airflow/.local/lib/python3.8/site-packages/airflow/example_dags/example_bash_operator.py
[2023-09-19T13:47:54.791+0000] {processor.py:829} INFO - Processing file /home/airflow/.local/lib/python3.8/site-packages/airflow/example_dags/example_bash_operator.py for tasks to queue
[2023-09-19T13:47:54.791+0000] {logging_mixin.py:151} INFO - [2023-09-19T13:47:54.791+0000] {dagbag.py:539} INFO - Filling up the DagBag from /home/airflow/.local/lib/python3.8/site-packages/airflow/example_dags/example_bash_operator.py
[2023-09-19T13:47:54.799+0000] {processor.py:839} INFO - DAG(s) dict_keys(['example_bash_operator']) retrieved from /home/airflow/.local/lib/python3.8/site-packages/airflow/example_dags/example_bash_operator.py
[2023-09-19T13:47:54.826+0000] {logging_mixin.py:151} INFO - [2023-09-19T13:47:54.825+0000] {dag.py:2915} INFO - Sync 1 DAGs
[2023-09-19T13:47:54.844+0000] {logging_mixin.py:151} INFO - [2023-09-19T13:47:54.844+0000] {dag.py:3696} INFO - Setting next_dagrun for example_bash_operator to 2023-09-18T00:00:00+00:00, run_after=2023-09-19T00:00:00+00:00
[2023-09-19T13:47:54.867+0000] {processor.py:179} INFO - Processing /home/airflow/.local/lib/python3.8/site-packages/airflow/example_dags/example_bash_operator.py took 0.079 seconds
[2023-09-19T13:48:25.144+0000] {processor.py:157} INFO - Started process (PID=3207) to work on /home/airflow/.local/lib/python3.8/site-packages/airflow/example_dags/example_bash_operator.py
[2023-09-19T13:48:25.145+0000] {processor.py:829} INFO - Processing file /home/airflow/.local/lib/python3.8/site-packages/airflow/example_dags/example_bash_operator.py for tasks to queue
[2023-09-19T13:48:25.146+0000] {logging_mixin.py:151} INFO - [2023-09-19T13:48:25.145+0000] {dagbag.py:539} INFO - Filling up the DagBag from /home/airflow/.local/lib/python3.8/site-packages/airflow/example_dags/example_bash_operator.py
[2023-09-19T13:48:25.154+0000] {processor.py:839} INFO - DAG(s) dict_keys(['example_bash_operator']) retrieved from /home/airflow/.local/lib/python3.8/site-packages/airflow/example_dags/example_bash_operator.py
[2023-09-19T13:48:25.179+0000] {logging_mixin.py:151} INFO - [2023-09-19T13:48:25.179+0000] {dag.py:2915} INFO - Sync 1 DAGs
[2023-09-19T13:48:25.196+0000] {logging_mixin.py:151} INFO - [2023-09-19T13:48:25.196+0000] {dag.py:3696} INFO - Setting next_dagrun for example_bash_operator to 2023-09-18T00:00:00+00:00, run_after=2023-09-19T00:00:00+00:00
[2023-09-19T13:48:25.219+0000] {processor.py:179} INFO - Processing /home/airflow/.local/lib/python3.8/site-packages/airflow/example_dags/example_bash_operator.py took 0.076 seconds
[2023-09-19T13:48:55.581+0000] {processor.py:157} INFO - Started process (PID=3445) to work on /home/airflow/.local/lib/python3.8/site-packages/airflow/example_dags/example_bash_operator.py
[2023-09-19T13:48:55.585+0000] {processor.py:829} INFO - Processing file /home/airflow/.local/lib/python3.8/site-packages/airflow/example_dags/example_bash_operator.py for tasks to queue
[2023-09-19T13:48:55.586+0000] {logging_mixin.py:151} INFO - [2023-09-19T13:48:55.585+0000] {dagbag.py:539} INFO - Filling up the DagBag from /home/airflow/.local/lib/python3.8/site-packages/airflow/example_dags/example_bash_operator.py
[2023-09-19T13:48:55.595+0000] {processor.py:839} INFO - DAG(s) dict_keys(['example_bash_operator']) retrieved from /home/airflow/.local/lib/python3.8/site-packages/airflow/example_dags/example_bash_operator.py
[2023-09-19T13:48:55.623+0000] {logging_mixin.py:151} INFO - [2023-09-19T13:48:55.623+0000] {dag.py:2915} INFO - Sync 1 DAGs
[2023-09-19T13:48:55.646+0000] {logging_mixin.py:151} INFO - [2023-09-19T13:48:55.646+0000] {dag.py:3696} INFO - Setting next_dagrun for example_bash_operator to 2023-09-18T00:00:00+00:00, run_after=2023-09-19T00:00:00+00:00
[2023-09-19T13:48:55.671+0000] {processor.py:179} INFO - Processing /home/airflow/.local/lib/python3.8/site-packages/airflow/example_dags/example_bash_operator.py took 0.093 seconds
[2023-09-19T13:49:26.372+0000] {processor.py:157} INFO - Started process (PID=3683) to work on /home/airflow/.local/lib/python3.8/site-packages/airflow/example_dags/example_bash_operator.py
[2023-09-19T13:49:26.373+0000] {processor.py:829} INFO - Processing file /home/airflow/.local/lib/python3.8/site-packages/airflow/example_dags/example_bash_operator.py for tasks to queue
[2023-09-19T13:49:26.374+0000] {logging_mixin.py:151} INFO - [2023-09-19T13:49:26.374+0000] {dagbag.py:539} INFO - Filling up the DagBag from /home/airflow/.local/lib/python3.8/site-packages/airflow/example_dags/example_bash_operator.py
[2023-09-19T13:49:26.381+0000] {processor.py:839} INFO - DAG(s) dict_keys(['example_bash_operator']) retrieved from /home/airflow/.local/lib/python3.8/site-packages/airflow/example_dags/example_bash_operator.py
[2023-09-19T13:49:26.410+0000] {logging_mixin.py:151} INFO - [2023-09-19T13:49:26.409+0000] {dag.py:2915} INFO - Sync 1 DAGs
[2023-09-19T13:49:26.429+0000] {logging_mixin.py:151} INFO - [2023-09-19T13:49:26.429+0000] {dag.py:3696} INFO - Setting next_dagrun for example_bash_operator to 2023-09-18T00:00:00+00:00, run_after=2023-09-19T00:00:00+00:00
[2023-09-19T13:49:26.451+0000] {processor.py:179} INFO - Processing /home/airflow/.local/lib/python3.8/site-packages/airflow/example_dags/example_bash_operator.py took 0.082 seconds
[2023-09-19T13:49:56.945+0000] {processor.py:157} INFO - Started process (PID=3921) to work on /home/airflow/.local/lib/python3.8/site-packages/airflow/example_dags/example_bash_operator.py
[2023-09-19T13:49:56.946+0000] {processor.py:829} INFO - Processing file /home/airflow/.local/lib/python3.8/site-packages/airflow/example_dags/example_bash_operator.py for tasks to queue
[2023-09-19T13:49:56.947+0000] {logging_mixin.py:151} INFO - [2023-09-19T13:49:56.947+0000] {dagbag.py:539} INFO - Filling up the DagBag from /home/airflow/.local/lib/python3.8/site-packages/airflow/example_dags/example_bash_operator.py
[2023-09-19T13:49:56.956+0000] {processor.py:839} INFO - DAG(s) dict_keys(['example_bash_operator']) retrieved from /home/airflow/.local/lib/python3.8/site-packages/airflow/example_dags/example_bash_operator.py
[2023-09-19T13:49:56.981+0000] {logging_mixin.py:151} INFO - [2023-09-19T13:49:56.981+0000] {dag.py:2915} INFO - Sync 1 DAGs
[2023-09-19T13:49:57.006+0000] {logging_mixin.py:151} INFO - [2023-09-19T13:49:57.006+0000] {dag.py:3696} INFO - Setting next_dagrun for example_bash_operator to 2023-09-18T00:00:00+00:00, run_after=2023-09-19T00:00:00+00:00
[2023-09-19T13:49:57.025+0000] {processor.py:179} INFO - Processing /home/airflow/.local/lib/python3.8/site-packages/airflow/example_dags/example_bash_operator.py took 0.082 seconds
[2023-09-19T13:50:27.426+0000] {processor.py:157} INFO - Started process (PID=4159) to work on /home/airflow/.local/lib/python3.8/site-packages/airflow/example_dags/example_bash_operator.py
[2023-09-19T13:50:27.427+0000] {processor.py:829} INFO - Processing file /home/airflow/.local/lib/python3.8/site-packages/airflow/example_dags/example_bash_operator.py for tasks to queue
[2023-09-19T13:50:27.428+0000] {logging_mixin.py:151} INFO - [2023-09-19T13:50:27.427+0000] {dagbag.py:539} INFO - Filling up the DagBag from /home/airflow/.local/lib/python3.8/site-packages/airflow/example_dags/example_bash_operator.py
[2023-09-19T13:50:27.437+0000] {processor.py:839} INFO - DAG(s) dict_keys(['example_bash_operator']) retrieved from /home/airflow/.local/lib/python3.8/site-packages/airflow/example_dags/example_bash_operator.py
[2023-09-19T13:50:27.463+0000] {logging_mixin.py:151} INFO - [2023-09-19T13:50:27.462+0000] {dag.py:2915} INFO - Sync 1 DAGs
[2023-09-19T13:50:27.485+0000] {logging_mixin.py:151} INFO - [2023-09-19T13:50:27.485+0000] {dag.py:3696} INFO - Setting next_dagrun for example_bash_operator to 2023-09-18T00:00:00+00:00, run_after=2023-09-19T00:00:00+00:00
[2023-09-19T13:50:27.508+0000] {processor.py:179} INFO - Processing /home/airflow/.local/lib/python3.8/site-packages/airflow/example_dags/example_bash_operator.py took 0.084 seconds
[2023-09-19T13:50:57.879+0000] {processor.py:157} INFO - Started process (PID=4396) to work on /home/airflow/.local/lib/python3.8/site-packages/airflow/example_dags/example_bash_operator.py
[2023-09-19T13:50:57.880+0000] {processor.py:829} INFO - Processing file /home/airflow/.local/lib/python3.8/site-packages/airflow/example_dags/example_bash_operator.py for tasks to queue
[2023-09-19T13:50:57.880+0000] {logging_mixin.py:151} INFO - [2023-09-19T13:50:57.880+0000] {dagbag.py:539} INFO - Filling up the DagBag from /home/airflow/.local/lib/python3.8/site-packages/airflow/example_dags/example_bash_operator.py
[2023-09-19T13:50:57.889+0000] {processor.py:839} INFO - DAG(s) dict_keys(['example_bash_operator']) retrieved from /home/airflow/.local/lib/python3.8/site-packages/airflow/example_dags/example_bash_operator.py
[2023-09-19T13:50:57.918+0000] {logging_mixin.py:151} INFO - [2023-09-19T13:50:57.918+0000] {dag.py:2915} INFO - Sync 1 DAGs
[2023-09-19T13:50:57.938+0000] {logging_mixin.py:151} INFO - [2023-09-19T13:50:57.937+0000] {dag.py:3696} INFO - Setting next_dagrun for example_bash_operator to 2023-09-18T00:00:00+00:00, run_after=2023-09-19T00:00:00+00:00
[2023-09-19T13:50:57.960+0000] {processor.py:179} INFO - Processing /home/airflow/.local/lib/python3.8/site-packages/airflow/example_dags/example_bash_operator.py took 0.085 seconds
[2023-09-19T13:51:28.349+0000] {processor.py:157} INFO - Started process (PID=4634) to work on /home/airflow/.local/lib/python3.8/site-packages/airflow/example_dags/example_bash_operator.py
[2023-09-19T13:51:28.350+0000] {processor.py:829} INFO - Processing file /home/airflow/.local/lib/python3.8/site-packages/airflow/example_dags/example_bash_operator.py for tasks to queue
[2023-09-19T13:51:28.351+0000] {logging_mixin.py:151} INFO - [2023-09-19T13:51:28.350+0000] {dagbag.py:539} INFO - Filling up the DagBag from /home/airflow/.local/lib/python3.8/site-packages/airflow/example_dags/example_bash_operator.py
[2023-09-19T13:51:28.362+0000] {processor.py:839} INFO - DAG(s) dict_keys(['example_bash_operator']) retrieved from /home/airflow/.local/lib/python3.8/site-packages/airflow/example_dags/example_bash_operator.py
[2023-09-19T13:51:28.387+0000] {logging_mixin.py:151} INFO - [2023-09-19T13:51:28.386+0000] {dag.py:2915} INFO - Sync 1 DAGs
[2023-09-19T13:51:28.411+0000] {logging_mixin.py:151} INFO - [2023-09-19T13:51:28.410+0000] {dag.py:3696} INFO - Setting next_dagrun for example_bash_operator to 2023-09-18T00:00:00+00:00, run_after=2023-09-19T00:00:00+00:00
[2023-09-19T13:51:28.429+0000] {processor.py:179} INFO - Processing /home/airflow/.local/lib/python3.8/site-packages/airflow/example_dags/example_bash_operator.py took 0.084 seconds
[2023-09-19T13:51:58.500+0000] {processor.py:157} INFO - Started process (PID=4867) to work on /home/airflow/.local/lib/python3.8/site-packages/airflow/example_dags/example_bash_operator.py
[2023-09-19T13:51:58.501+0000] {processor.py:829} INFO - Processing file /home/airflow/.local/lib/python3.8/site-packages/airflow/example_dags/example_bash_operator.py for tasks to queue
[2023-09-19T13:51:58.502+0000] {logging_mixin.py:151} INFO - [2023-09-19T13:51:58.502+0000] {dagbag.py:539} INFO - Filling up the DagBag from /home/airflow/.local/lib/python3.8/site-packages/airflow/example_dags/example_bash_operator.py
[2023-09-19T13:51:58.511+0000] {processor.py:839} INFO - DAG(s) dict_keys(['example_bash_operator']) retrieved from /home/airflow/.local/lib/python3.8/site-packages/airflow/example_dags/example_bash_operator.py
[2023-09-19T13:51:58.531+0000] {logging_mixin.py:151} INFO - [2023-09-19T13:51:58.531+0000] {dag.py:2915} INFO - Sync 1 DAGs
[2023-09-19T13:51:58.562+0000] {logging_mixin.py:151} INFO - [2023-09-19T13:51:58.562+0000] {dag.py:3696} INFO - Setting next_dagrun for example_bash_operator to 2023-09-18T00:00:00+00:00, run_after=2023-09-19T00:00:00+00:00
[2023-09-19T13:51:58.592+0000] {processor.py:179} INFO - Processing /home/airflow/.local/lib/python3.8/site-packages/airflow/example_dags/example_bash_operator.py took 0.094 seconds
[2023-09-19T13:52:28.814+0000] {processor.py:157} INFO - Started process (PID=5105) to work on /home/airflow/.local/lib/python3.8/site-packages/airflow/example_dags/example_bash_operator.py
[2023-09-19T13:52:28.815+0000] {processor.py:829} INFO - Processing file /home/airflow/.local/lib/python3.8/site-packages/airflow/example_dags/example_bash_operator.py for tasks to queue
[2023-09-19T13:52:28.816+0000] {logging_mixin.py:151} INFO - [2023-09-19T13:52:28.815+0000] {dagbag.py:539} INFO - Filling up the DagBag from /home/airflow/.local/lib/python3.8/site-packages/airflow/example_dags/example_bash_operator.py
[2023-09-19T13:52:28.823+0000] {processor.py:839} INFO - DAG(s) dict_keys(['example_bash_operator']) retrieved from /home/airflow/.local/lib/python3.8/site-packages/airflow/example_dags/example_bash_operator.py
[2023-09-19T13:52:28.848+0000] {logging_mixin.py:151} INFO - [2023-09-19T13:52:28.847+0000] {dag.py:2915} INFO - Sync 1 DAGs
[2023-09-19T13:52:28.865+0000] {logging_mixin.py:151} INFO - [2023-09-19T13:52:28.865+0000] {dag.py:3696} INFO - Setting next_dagrun for example_bash_operator to 2023-09-18T00:00:00+00:00, run_after=2023-09-19T00:00:00+00:00
[2023-09-19T13:52:28.887+0000] {processor.py:179} INFO - Processing /home/airflow/.local/lib/python3.8/site-packages/airflow/example_dags/example_bash_operator.py took 0.075 seconds
[2023-09-19T13:52:59.019+0000] {processor.py:157} INFO - Started process (PID=5344) to work on /home/airflow/.local/lib/python3.8/site-packages/airflow/example_dags/example_bash_operator.py
[2023-09-19T13:52:59.020+0000] {processor.py:829} INFO - Processing file /home/airflow/.local/lib/python3.8/site-packages/airflow/example_dags/example_bash_operator.py for tasks to queue
[2023-09-19T13:52:59.020+0000] {logging_mixin.py:151} INFO - [2023-09-19T13:52:59.020+0000] {dagbag.py:539} INFO - Filling up the DagBag from /home/airflow/.local/lib/python3.8/site-packages/airflow/example_dags/example_bash_operator.py
[2023-09-19T13:52:59.029+0000] {processor.py:839} INFO - DAG(s) dict_keys(['example_bash_operator']) retrieved from /home/airflow/.local/lib/python3.8/site-packages/airflow/example_dags/example_bash_operator.py
[2023-09-19T13:52:59.051+0000] {logging_mixin.py:151} INFO - [2023-09-19T13:52:59.051+0000] {dag.py:2915} INFO - Sync 1 DAGs
[2023-09-19T13:52:59.067+0000] {logging_mixin.py:151} INFO - [2023-09-19T13:52:59.067+0000] {dag.py:3696} INFO - Setting next_dagrun for example_bash_operator to 2023-09-18T00:00:00+00:00, run_after=2023-09-19T00:00:00+00:00
[2023-09-19T13:52:59.087+0000] {processor.py:179} INFO - Processing /home/airflow/.local/lib/python3.8/site-packages/airflow/example_dags/example_bash_operator.py took 0.071 seconds
[2023-09-19T13:53:29.440+0000] {processor.py:157} INFO - Started process (PID=5582) to work on /home/airflow/.local/lib/python3.8/site-packages/airflow/example_dags/example_bash_operator.py
[2023-09-19T13:53:29.441+0000] {processor.py:829} INFO - Processing file /home/airflow/.local/lib/python3.8/site-packages/airflow/example_dags/example_bash_operator.py for tasks to queue
[2023-09-19T13:53:29.441+0000] {logging_mixin.py:151} INFO - [2023-09-19T13:53:29.441+0000] {dagbag.py:539} INFO - Filling up the DagBag from /home/airflow/.local/lib/python3.8/site-packages/airflow/example_dags/example_bash_operator.py
[2023-09-19T13:53:29.453+0000] {processor.py:839} INFO - DAG(s) dict_keys(['example_bash_operator']) retrieved from /home/airflow/.local/lib/python3.8/site-packages/airflow/example_dags/example_bash_operator.py
[2023-09-19T13:53:29.476+0000] {logging_mixin.py:151} INFO - [2023-09-19T13:53:29.475+0000] {dag.py:2915} INFO - Sync 1 DAGs
[2023-09-19T13:53:29.494+0000] {logging_mixin.py:151} INFO - [2023-09-19T13:53:29.493+0000] {dag.py:3696} INFO - Setting next_dagrun for example_bash_operator to 2023-09-18T00:00:00+00:00, run_after=2023-09-19T00:00:00+00:00
[2023-09-19T13:53:29.515+0000] {processor.py:179} INFO - Processing /home/airflow/.local/lib/python3.8/site-packages/airflow/example_dags/example_bash_operator.py took 0.078 seconds
[2023-09-19T13:53:59.635+0000] {processor.py:157} INFO - Started process (PID=5820) to work on /home/airflow/.local/lib/python3.8/site-packages/airflow/example_dags/example_bash_operator.py
[2023-09-19T13:53:59.636+0000] {processor.py:829} INFO - Processing file /home/airflow/.local/lib/python3.8/site-packages/airflow/example_dags/example_bash_operator.py for tasks to queue
[2023-09-19T13:53:59.637+0000] {logging_mixin.py:151} INFO - [2023-09-19T13:53:59.637+0000] {dagbag.py:539} INFO - Filling up the DagBag from /home/airflow/.local/lib/python3.8/site-packages/airflow/example_dags/example_bash_operator.py
[2023-09-19T13:53:59.647+0000] {processor.py:839} INFO - DAG(s) dict_keys(['example_bash_operator']) retrieved from /home/airflow/.local/lib/python3.8/site-packages/airflow/example_dags/example_bash_operator.py
[2023-09-19T13:53:59.670+0000] {logging_mixin.py:151} INFO - [2023-09-19T13:53:59.670+0000] {dag.py:2915} INFO - Sync 1 DAGs
[2023-09-19T13:53:59.688+0000] {logging_mixin.py:151} INFO - [2023-09-19T13:53:59.688+0000] {dag.py:3696} INFO - Setting next_dagrun for example_bash_operator to 2023-09-18T00:00:00+00:00, run_after=2023-09-19T00:00:00+00:00
[2023-09-19T13:53:59.706+0000] {processor.py:179} INFO - Processing /home/airflow/.local/lib/python3.8/site-packages/airflow/example_dags/example_bash_operator.py took 0.073 seconds
[2023-09-19T13:54:30.019+0000] {processor.py:157} INFO - Started process (PID=6058) to work on /home/airflow/.local/lib/python3.8/site-packages/airflow/example_dags/example_bash_operator.py
[2023-09-19T13:54:30.020+0000] {processor.py:829} INFO - Processing file /home/airflow/.local/lib/python3.8/site-packages/airflow/example_dags/example_bash_operator.py for tasks to queue
[2023-09-19T13:54:30.020+0000] {logging_mixin.py:151} INFO - [2023-09-19T13:54:30.020+0000] {dagbag.py:539} INFO - Filling up the DagBag from /home/airflow/.local/lib/python3.8/site-packages/airflow/example_dags/example_bash_operator.py
[2023-09-19T13:54:30.029+0000] {processor.py:839} INFO - DAG(s) dict_keys(['example_bash_operator']) retrieved from /home/airflow/.local/lib/python3.8/site-packages/airflow/example_dags/example_bash_operator.py
[2023-09-19T13:54:30.055+0000] {logging_mixin.py:151} INFO - [2023-09-19T13:54:30.055+0000] {dag.py:2915} INFO - Sync 1 DAGs
[2023-09-19T13:54:30.074+0000] {logging_mixin.py:151} INFO - [2023-09-19T13:54:30.073+0000] {dag.py:3696} INFO - Setting next_dagrun for example_bash_operator to 2023-09-18T00:00:00+00:00, run_after=2023-09-19T00:00:00+00:00
[2023-09-19T13:54:30.094+0000] {processor.py:179} INFO - Processing /home/airflow/.local/lib/python3.8/site-packages/airflow/example_dags/example_bash_operator.py took 0.078 seconds
[2023-09-19T13:55:00.320+0000] {processor.py:157} INFO - Started process (PID=6296) to work on /home/airflow/.local/lib/python3.8/site-packages/airflow/example_dags/example_bash_operator.py
[2023-09-19T13:55:00.321+0000] {processor.py:829} INFO - Processing file /home/airflow/.local/lib/python3.8/site-packages/airflow/example_dags/example_bash_operator.py for tasks to queue
[2023-09-19T13:55:00.322+0000] {logging_mixin.py:151} INFO - [2023-09-19T13:55:00.322+0000] {dagbag.py:539} INFO - Filling up the DagBag from /home/airflow/.local/lib/python3.8/site-packages/airflow/example_dags/example_bash_operator.py
[2023-09-19T13:55:00.332+0000] {processor.py:839} INFO - DAG(s) dict_keys(['example_bash_operator']) retrieved from /home/airflow/.local/lib/python3.8/site-packages/airflow/example_dags/example_bash_operator.py
[2023-09-19T13:55:00.356+0000] {logging_mixin.py:151} INFO - [2023-09-19T13:55:00.355+0000] {dag.py:2915} INFO - Sync 1 DAGs
[2023-09-19T13:55:00.372+0000] {logging_mixin.py:151} INFO - [2023-09-19T13:55:00.372+0000] {dag.py:3696} INFO - Setting next_dagrun for example_bash_operator to 2023-09-18T00:00:00+00:00, run_after=2023-09-19T00:00:00+00:00
[2023-09-19T13:55:00.395+0000] {processor.py:179} INFO - Processing /home/airflow/.local/lib/python3.8/site-packages/airflow/example_dags/example_bash_operator.py took 0.078 seconds
[2023-09-19T13:55:30.486+0000] {processor.py:157} INFO - Started process (PID=6534) to work on /home/airflow/.local/lib/python3.8/site-packages/airflow/example_dags/example_bash_operator.py
[2023-09-19T13:55:30.487+0000] {processor.py:829} INFO - Processing file /home/airflow/.local/lib/python3.8/site-packages/airflow/example_dags/example_bash_operator.py for tasks to queue
[2023-09-19T13:55:30.488+0000] {logging_mixin.py:151} INFO - [2023-09-19T13:55:30.487+0000] {dagbag.py:539} INFO - Filling up the DagBag from /home/airflow/.local/lib/python3.8/site-packages/airflow/example_dags/example_bash_operator.py
[2023-09-19T13:55:30.496+0000] {processor.py:839} INFO - DAG(s) dict_keys(['example_bash_operator']) retrieved from /home/airflow/.local/lib/python3.8/site-packages/airflow/example_dags/example_bash_operator.py
[2023-09-19T13:55:30.518+0000] {logging_mixin.py:151} INFO - [2023-09-19T13:55:30.518+0000] {dag.py:2915} INFO - Sync 1 DAGs
[2023-09-19T13:55:30.534+0000] {logging_mixin.py:151} INFO - [2023-09-19T13:55:30.534+0000] {dag.py:3696} INFO - Setting next_dagrun for example_bash_operator to 2023-09-18T00:00:00+00:00, run_after=2023-09-19T00:00:00+00:00
[2023-09-19T13:55:30.551+0000] {processor.py:179} INFO - Processing /home/airflow/.local/lib/python3.8/site-packages/airflow/example_dags/example_bash_operator.py took 0.067 seconds
[2023-09-19T13:56:00.711+0000] {processor.py:157} INFO - Started process (PID=6772) to work on /home/airflow/.local/lib/python3.8/site-packages/airflow/example_dags/example_bash_operator.py
[2023-09-19T13:56:00.712+0000] {processor.py:829} INFO - Processing file /home/airflow/.local/lib/python3.8/site-packages/airflow/example_dags/example_bash_operator.py for tasks to queue
[2023-09-19T13:56:00.713+0000] {logging_mixin.py:151} INFO - [2023-09-19T13:56:00.713+0000] {dagbag.py:539} INFO - Filling up the DagBag from /home/airflow/.local/lib/python3.8/site-packages/airflow/example_dags/example_bash_operator.py
[2023-09-19T13:56:00.721+0000] {processor.py:839} INFO - DAG(s) dict_keys(['example_bash_operator']) retrieved from /home/airflow/.local/lib/python3.8/site-packages/airflow/example_dags/example_bash_operator.py
[2023-09-19T13:56:00.742+0000] {logging_mixin.py:151} INFO - [2023-09-19T13:56:00.742+0000] {dag.py:2915} INFO - Sync 1 DAGs
[2023-09-19T13:56:00.762+0000] {logging_mixin.py:151} INFO - [2023-09-19T13:56:00.762+0000] {dag.py:3696} INFO - Setting next_dagrun for example_bash_operator to 2023-09-18T00:00:00+00:00, run_after=2023-09-19T00:00:00+00:00
[2023-09-19T13:56:00.779+0000] {processor.py:179} INFO - Processing /home/airflow/.local/lib/python3.8/site-packages/airflow/example_dags/example_bash_operator.py took 0.071 seconds
[2023-09-19T13:56:30.978+0000] {processor.py:157} INFO - Started process (PID=7010) to work on /home/airflow/.local/lib/python3.8/site-packages/airflow/example_dags/example_bash_operator.py
[2023-09-19T13:56:30.979+0000] {processor.py:829} INFO - Processing file /home/airflow/.local/lib/python3.8/site-packages/airflow/example_dags/example_bash_operator.py for tasks to queue
[2023-09-19T13:56:30.980+0000] {logging_mixin.py:151} INFO - [2023-09-19T13:56:30.980+0000] {dagbag.py:539} INFO - Filling up the DagBag from /home/airflow/.local/lib/python3.8/site-packages/airflow/example_dags/example_bash_operator.py
[2023-09-19T13:56:30.989+0000] {processor.py:839} INFO - DAG(s) dict_keys(['example_bash_operator']) retrieved from /home/airflow/.local/lib/python3.8/site-packages/airflow/example_dags/example_bash_operator.py
[2023-09-19T13:56:31.015+0000] {logging_mixin.py:151} INFO - [2023-09-19T13:56:31.015+0000] {dag.py:2915} INFO - Sync 1 DAGs
[2023-09-19T13:56:31.032+0000] {logging_mixin.py:151} INFO - [2023-09-19T13:56:31.032+0000] {dag.py:3696} INFO - Setting next_dagrun for example_bash_operator to 2023-09-18T00:00:00+00:00, run_after=2023-09-19T00:00:00+00:00
[2023-09-19T13:56:31.050+0000] {processor.py:179} INFO - Processing /home/airflow/.local/lib/python3.8/site-packages/airflow/example_dags/example_bash_operator.py took 0.074 seconds
[2023-09-19T13:57:01.280+0000] {processor.py:157} INFO - Started process (PID=7248) to work on /home/airflow/.local/lib/python3.8/site-packages/airflow/example_dags/example_bash_operator.py
[2023-09-19T13:57:01.282+0000] {processor.py:829} INFO - Processing file /home/airflow/.local/lib/python3.8/site-packages/airflow/example_dags/example_bash_operator.py for tasks to queue
[2023-09-19T13:57:01.282+0000] {logging_mixin.py:151} INFO - [2023-09-19T13:57:01.282+0000] {dagbag.py:539} INFO - Filling up the DagBag from /home/airflow/.local/lib/python3.8/site-packages/airflow/example_dags/example_bash_operator.py
[2023-09-19T13:57:01.292+0000] {processor.py:839} INFO - DAG(s) dict_keys(['example_bash_operator']) retrieved from /home/airflow/.local/lib/python3.8/site-packages/airflow/example_dags/example_bash_operator.py
[2023-09-19T13:57:01.312+0000] {logging_mixin.py:151} INFO - [2023-09-19T13:57:01.312+0000] {dag.py:2915} INFO - Sync 1 DAGs
[2023-09-19T13:57:01.330+0000] {logging_mixin.py:151} INFO - [2023-09-19T13:57:01.329+0000] {dag.py:3696} INFO - Setting next_dagrun for example_bash_operator to 2023-09-18T00:00:00+00:00, run_after=2023-09-19T00:00:00+00:00
[2023-09-19T13:57:01.348+0000] {processor.py:179} INFO - Processing /home/airflow/.local/lib/python3.8/site-packages/airflow/example_dags/example_bash_operator.py took 0.071 seconds
[2023-09-19T13:57:31.833+0000] {processor.py:157} INFO - Started process (PID=7486) to work on /home/airflow/.local/lib/python3.8/site-packages/airflow/example_dags/example_bash_operator.py
[2023-09-19T13:57:31.834+0000] {processor.py:829} INFO - Processing file /home/airflow/.local/lib/python3.8/site-packages/airflow/example_dags/example_bash_operator.py for tasks to queue
[2023-09-19T13:57:31.835+0000] {logging_mixin.py:151} INFO - [2023-09-19T13:57:31.835+0000] {dagbag.py:539} INFO - Filling up the DagBag from /home/airflow/.local/lib/python3.8/site-packages/airflow/example_dags/example_bash_operator.py
[2023-09-19T13:57:31.844+0000] {processor.py:839} INFO - DAG(s) dict_keys(['example_bash_operator']) retrieved from /home/airflow/.local/lib/python3.8/site-packages/airflow/example_dags/example_bash_operator.py
[2023-09-19T13:57:31.869+0000] {logging_mixin.py:151} INFO - [2023-09-19T13:57:31.869+0000] {dag.py:2915} INFO - Sync 1 DAGs
[2023-09-19T13:57:31.890+0000] {logging_mixin.py:151} INFO - [2023-09-19T13:57:31.889+0000] {dag.py:3696} INFO - Setting next_dagrun for example_bash_operator to 2023-09-18T00:00:00+00:00, run_after=2023-09-19T00:00:00+00:00
[2023-09-19T13:57:31.922+0000] {processor.py:179} INFO - Processing /home/airflow/.local/lib/python3.8/site-packages/airflow/example_dags/example_bash_operator.py took 0.090 seconds
[2023-09-19T13:58:02.035+0000] {processor.py:157} INFO - Started process (PID=7725) to work on /home/airflow/.local/lib/python3.8/site-packages/airflow/example_dags/example_bash_operator.py
[2023-09-19T13:58:02.036+0000] {processor.py:829} INFO - Processing file /home/airflow/.local/lib/python3.8/site-packages/airflow/example_dags/example_bash_operator.py for tasks to queue
[2023-09-19T13:58:02.036+0000] {logging_mixin.py:151} INFO - [2023-09-19T13:58:02.036+0000] {dagbag.py:539} INFO - Filling up the DagBag from /home/airflow/.local/lib/python3.8/site-packages/airflow/example_dags/example_bash_operator.py
[2023-09-19T13:58:02.045+0000] {processor.py:839} INFO - DAG(s) dict_keys(['example_bash_operator']) retrieved from /home/airflow/.local/lib/python3.8/site-packages/airflow/example_dags/example_bash_operator.py
[2023-09-19T13:58:02.067+0000] {logging_mixin.py:151} INFO - [2023-09-19T13:58:02.067+0000] {dag.py:2915} INFO - Sync 1 DAGs
[2023-09-19T13:58:02.090+0000] {logging_mixin.py:151} INFO - [2023-09-19T13:58:02.090+0000] {dag.py:3696} INFO - Setting next_dagrun for example_bash_operator to 2023-09-18T00:00:00+00:00, run_after=2023-09-19T00:00:00+00:00
[2023-09-19T13:58:02.111+0000] {processor.py:179} INFO - Processing /home/airflow/.local/lib/python3.8/site-packages/airflow/example_dags/example_bash_operator.py took 0.079 seconds
[2023-09-19T13:58:32.424+0000] {processor.py:157} INFO - Started process (PID=7970) to work on /home/airflow/.local/lib/python3.8/site-packages/airflow/example_dags/example_bash_operator.py
[2023-09-19T13:58:32.425+0000] {processor.py:829} INFO - Processing file /home/airflow/.local/lib/python3.8/site-packages/airflow/example_dags/example_bash_operator.py for tasks to queue
[2023-09-19T13:58:32.425+0000] {logging_mixin.py:151} INFO - [2023-09-19T13:58:32.425+0000] {dagbag.py:539} INFO - Filling up the DagBag from /home/airflow/.local/lib/python3.8/site-packages/airflow/example_dags/example_bash_operator.py
[2023-09-19T13:58:32.438+0000] {processor.py:839} INFO - DAG(s) dict_keys(['example_bash_operator']) retrieved from /home/airflow/.local/lib/python3.8/site-packages/airflow/example_dags/example_bash_operator.py
[2023-09-19T13:58:32.459+0000] {logging_mixin.py:151} INFO - [2023-09-19T13:58:32.458+0000] {dag.py:2915} INFO - Sync 1 DAGs
[2023-09-19T13:58:32.475+0000] {logging_mixin.py:151} INFO - [2023-09-19T13:58:32.475+0000] {dag.py:3696} INFO - Setting next_dagrun for example_bash_operator to 2023-09-18T00:00:00+00:00, run_after=2023-09-19T00:00:00+00:00
[2023-09-19T13:58:32.496+0000] {processor.py:179} INFO - Processing /home/airflow/.local/lib/python3.8/site-packages/airflow/example_dags/example_bash_operator.py took 0.074 seconds
[2023-09-19T13:59:02.633+0000] {processor.py:157} INFO - Started process (PID=8208) to work on /home/airflow/.local/lib/python3.8/site-packages/airflow/example_dags/example_bash_operator.py
[2023-09-19T13:59:02.634+0000] {processor.py:829} INFO - Processing file /home/airflow/.local/lib/python3.8/site-packages/airflow/example_dags/example_bash_operator.py for tasks to queue
[2023-09-19T13:59:02.635+0000] {logging_mixin.py:151} INFO - [2023-09-19T13:59:02.635+0000] {dagbag.py:539} INFO - Filling up the DagBag from /home/airflow/.local/lib/python3.8/site-packages/airflow/example_dags/example_bash_operator.py
[2023-09-19T13:59:02.642+0000] {processor.py:839} INFO - DAG(s) dict_keys(['example_bash_operator']) retrieved from /home/airflow/.local/lib/python3.8/site-packages/airflow/example_dags/example_bash_operator.py
[2023-09-19T13:59:02.664+0000] {logging_mixin.py:151} INFO - [2023-09-19T13:59:02.663+0000] {dag.py:2915} INFO - Sync 1 DAGs
[2023-09-19T13:59:02.681+0000] {logging_mixin.py:151} INFO - [2023-09-19T13:59:02.681+0000] {dag.py:3696} INFO - Setting next_dagrun for example_bash_operator to 2023-09-18T00:00:00+00:00, run_after=2023-09-19T00:00:00+00:00
[2023-09-19T13:59:02.698+0000] {processor.py:179} INFO - Processing /home/airflow/.local/lib/python3.8/site-packages/airflow/example_dags/example_bash_operator.py took 0.068 seconds
[2023-09-19T13:59:32.755+0000] {processor.py:157} INFO - Started process (PID=8446) to work on /home/airflow/.local/lib/python3.8/site-packages/airflow/example_dags/example_bash_operator.py
[2023-09-19T13:59:32.756+0000] {processor.py:829} INFO - Processing file /home/airflow/.local/lib/python3.8/site-packages/airflow/example_dags/example_bash_operator.py for tasks to queue
[2023-09-19T13:59:32.757+0000] {logging_mixin.py:151} INFO - [2023-09-19T13:59:32.756+0000] {dagbag.py:539} INFO - Filling up the DagBag from /home/airflow/.local/lib/python3.8/site-packages/airflow/example_dags/example_bash_operator.py
[2023-09-19T13:59:32.765+0000] {processor.py:839} INFO - DAG(s) dict_keys(['example_bash_operator']) retrieved from /home/airflow/.local/lib/python3.8/site-packages/airflow/example_dags/example_bash_operator.py
[2023-09-19T13:59:32.789+0000] {logging_mixin.py:151} INFO - [2023-09-19T13:59:32.788+0000] {dag.py:2915} INFO - Sync 1 DAGs
[2023-09-19T13:59:32.809+0000] {logging_mixin.py:151} INFO - [2023-09-19T13:59:32.809+0000] {dag.py:3696} INFO - Setting next_dagrun for example_bash_operator to 2023-09-18T00:00:00+00:00, run_after=2023-09-19T00:00:00+00:00
[2023-09-19T13:59:32.827+0000] {processor.py:179} INFO - Processing /home/airflow/.local/lib/python3.8/site-packages/airflow/example_dags/example_bash_operator.py took 0.075 seconds
