[2023-09-19T13:42:10.013+0000] {processor.py:157} INFO - Started process (PID=340) to work on /home/airflow/.local/lib/python3.8/site-packages/airflow/example_dags/example_kubernetes_executor.py
[2023-09-19T13:42:10.014+0000] {processor.py:829} INFO - Processing file /home/airflow/.local/lib/python3.8/site-packages/airflow/example_dags/example_kubernetes_executor.py for tasks to queue
[2023-09-19T13:42:10.014+0000] {logging_mixin.py:151} INFO - [2023-09-19T13:42:10.014+0000] {dagbag.py:539} INFO - Filling up the DagBag from /home/airflow/.local/lib/python3.8/site-packages/airflow/example_dags/example_kubernetes_executor.py
[2023-09-19T13:42:10.787+0000] {processor.py:839} INFO - DAG(s) dict_keys(['example_kubernetes_executor']) retrieved from /home/airflow/.local/lib/python3.8/site-packages/airflow/example_dags/example_kubernetes_executor.py
[2023-09-19T13:42:10.825+0000] {logging_mixin.py:151} INFO - [2023-09-19T13:42:10.824+0000] {dag.py:2915} INFO - Sync 1 DAGs
[2023-09-19T13:42:10.833+0000] {logging_mixin.py:151} INFO - [2023-09-19T13:42:10.833+0000] {dag.py:3696} INFO - Setting next_dagrun for example_kubernetes_executor to None, run_after=None
[2023-09-19T13:42:10.847+0000] {processor.py:179} INFO - Processing /home/airflow/.local/lib/python3.8/site-packages/airflow/example_dags/example_kubernetes_executor.py took 0.836 seconds
[2023-09-19T13:42:48.096+0000] {processor.py:157} INFO - Started process (PID=578) to work on /home/airflow/.local/lib/python3.8/site-packages/airflow/example_dags/example_kubernetes_executor.py
[2023-09-19T13:42:48.097+0000] {processor.py:829} INFO - Processing file /home/airflow/.local/lib/python3.8/site-packages/airflow/example_dags/example_kubernetes_executor.py for tasks to queue
[2023-09-19T13:42:48.098+0000] {logging_mixin.py:151} INFO - [2023-09-19T13:42:48.097+0000] {dagbag.py:539} INFO - Filling up the DagBag from /home/airflow/.local/lib/python3.8/site-packages/airflow/example_dags/example_kubernetes_executor.py
[2023-09-19T13:42:48.454+0000] {processor.py:839} INFO - DAG(s) dict_keys(['example_kubernetes_executor']) retrieved from /home/airflow/.local/lib/python3.8/site-packages/airflow/example_dags/example_kubernetes_executor.py
[2023-09-19T13:42:48.479+0000] {logging_mixin.py:151} INFO - [2023-09-19T13:42:48.478+0000] {dag.py:2915} INFO - Sync 1 DAGs
[2023-09-19T13:42:48.488+0000] {logging_mixin.py:151} INFO - [2023-09-19T13:42:48.488+0000] {dag.py:3696} INFO - Setting next_dagrun for example_kubernetes_executor to None, run_after=None
[2023-09-19T13:42:48.506+0000] {processor.py:179} INFO - Processing /home/airflow/.local/lib/python3.8/site-packages/airflow/example_dags/example_kubernetes_executor.py took 0.414 seconds
[2023-09-19T13:43:19.086+0000] {processor.py:157} INFO - Started process (PID=816) to work on /home/airflow/.local/lib/python3.8/site-packages/airflow/example_dags/example_kubernetes_executor.py
[2023-09-19T13:43:19.087+0000] {processor.py:829} INFO - Processing file /home/airflow/.local/lib/python3.8/site-packages/airflow/example_dags/example_kubernetes_executor.py for tasks to queue
[2023-09-19T13:43:19.087+0000] {logging_mixin.py:151} INFO - [2023-09-19T13:43:19.087+0000] {dagbag.py:539} INFO - Filling up the DagBag from /home/airflow/.local/lib/python3.8/site-packages/airflow/example_dags/example_kubernetes_executor.py
[2023-09-19T13:43:19.259+0000] {processor.py:839} INFO - DAG(s) dict_keys(['example_kubernetes_executor']) retrieved from /home/airflow/.local/lib/python3.8/site-packages/airflow/example_dags/example_kubernetes_executor.py
[2023-09-19T13:43:19.284+0000] {logging_mixin.py:151} INFO - [2023-09-19T13:43:19.284+0000] {dag.py:2915} INFO - Sync 1 DAGs
[2023-09-19T13:43:19.293+0000] {logging_mixin.py:151} INFO - [2023-09-19T13:43:19.292+0000] {dag.py:3696} INFO - Setting next_dagrun for example_kubernetes_executor to None, run_after=None
[2023-09-19T13:43:19.307+0000] {processor.py:179} INFO - Processing /home/airflow/.local/lib/python3.8/site-packages/airflow/example_dags/example_kubernetes_executor.py took 0.223 seconds
[2023-09-19T13:43:49.355+0000] {processor.py:157} INFO - Started process (PID=1056) to work on /home/airflow/.local/lib/python3.8/site-packages/airflow/example_dags/example_kubernetes_executor.py
[2023-09-19T13:43:49.357+0000] {processor.py:829} INFO - Processing file /home/airflow/.local/lib/python3.8/site-packages/airflow/example_dags/example_kubernetes_executor.py for tasks to queue
[2023-09-19T13:43:49.357+0000] {logging_mixin.py:151} INFO - [2023-09-19T13:43:49.357+0000] {dagbag.py:539} INFO - Filling up the DagBag from /home/airflow/.local/lib/python3.8/site-packages/airflow/example_dags/example_kubernetes_executor.py
[2023-09-19T13:43:49.515+0000] {processor.py:839} INFO - DAG(s) dict_keys(['example_kubernetes_executor']) retrieved from /home/airflow/.local/lib/python3.8/site-packages/airflow/example_dags/example_kubernetes_executor.py
[2023-09-19T13:43:49.538+0000] {logging_mixin.py:151} INFO - [2023-09-19T13:43:49.538+0000] {dag.py:2915} INFO - Sync 1 DAGs
[2023-09-19T13:43:49.546+0000] {logging_mixin.py:151} INFO - [2023-09-19T13:43:49.546+0000] {dag.py:3696} INFO - Setting next_dagrun for example_kubernetes_executor to None, run_after=None
[2023-09-19T13:43:49.560+0000] {processor.py:179} INFO - Processing /home/airflow/.local/lib/python3.8/site-packages/airflow/example_dags/example_kubernetes_executor.py took 0.208 seconds
[2023-09-19T13:44:19.670+0000] {processor.py:157} INFO - Started process (PID=1292) to work on /home/airflow/.local/lib/python3.8/site-packages/airflow/example_dags/example_kubernetes_executor.py
[2023-09-19T13:44:19.671+0000] {processor.py:829} INFO - Processing file /home/airflow/.local/lib/python3.8/site-packages/airflow/example_dags/example_kubernetes_executor.py for tasks to queue
[2023-09-19T13:44:19.671+0000] {logging_mixin.py:151} INFO - [2023-09-19T13:44:19.671+0000] {dagbag.py:539} INFO - Filling up the DagBag from /home/airflow/.local/lib/python3.8/site-packages/airflow/example_dags/example_kubernetes_executor.py
[2023-09-19T13:44:19.850+0000] {processor.py:839} INFO - DAG(s) dict_keys(['example_kubernetes_executor']) retrieved from /home/airflow/.local/lib/python3.8/site-packages/airflow/example_dags/example_kubernetes_executor.py
[2023-09-19T13:44:19.877+0000] {logging_mixin.py:151} INFO - [2023-09-19T13:44:19.877+0000] {dag.py:2915} INFO - Sync 1 DAGs
[2023-09-19T13:44:19.886+0000] {logging_mixin.py:151} INFO - [2023-09-19T13:44:19.886+0000] {dag.py:3696} INFO - Setting next_dagrun for example_kubernetes_executor to None, run_after=None
[2023-09-19T13:44:19.910+0000] {processor.py:179} INFO - Processing /home/airflow/.local/lib/python3.8/site-packages/airflow/example_dags/example_kubernetes_executor.py took 0.242 seconds
[2023-09-19T13:44:50.180+0000] {processor.py:157} INFO - Started process (PID=1532) to work on /home/airflow/.local/lib/python3.8/site-packages/airflow/example_dags/example_kubernetes_executor.py
[2023-09-19T13:44:50.181+0000] {processor.py:829} INFO - Processing file /home/airflow/.local/lib/python3.8/site-packages/airflow/example_dags/example_kubernetes_executor.py for tasks to queue
[2023-09-19T13:44:50.182+0000] {logging_mixin.py:151} INFO - [2023-09-19T13:44:50.182+0000] {dagbag.py:539} INFO - Filling up the DagBag from /home/airflow/.local/lib/python3.8/site-packages/airflow/example_dags/example_kubernetes_executor.py
[2023-09-19T13:44:50.383+0000] {processor.py:839} INFO - DAG(s) dict_keys(['example_kubernetes_executor']) retrieved from /home/airflow/.local/lib/python3.8/site-packages/airflow/example_dags/example_kubernetes_executor.py
[2023-09-19T13:44:50.412+0000] {logging_mixin.py:151} INFO - [2023-09-19T13:44:50.411+0000] {dag.py:2915} INFO - Sync 1 DAGs
[2023-09-19T13:44:50.425+0000] {logging_mixin.py:151} INFO - [2023-09-19T13:44:50.424+0000] {dag.py:3696} INFO - Setting next_dagrun for example_kubernetes_executor to None, run_after=None
[2023-09-19T13:44:50.446+0000] {processor.py:179} INFO - Processing /home/airflow/.local/lib/python3.8/site-packages/airflow/example_dags/example_kubernetes_executor.py took 0.268 seconds
[2023-09-19T13:45:20.735+0000] {processor.py:157} INFO - Started process (PID=1786) to work on /home/airflow/.local/lib/python3.8/site-packages/airflow/example_dags/example_kubernetes_executor.py
[2023-09-19T13:45:20.736+0000] {processor.py:829} INFO - Processing file /home/airflow/.local/lib/python3.8/site-packages/airflow/example_dags/example_kubernetes_executor.py for tasks to queue
[2023-09-19T13:45:20.736+0000] {logging_mixin.py:151} INFO - [2023-09-19T13:45:20.736+0000] {dagbag.py:539} INFO - Filling up the DagBag from /home/airflow/.local/lib/python3.8/site-packages/airflow/example_dags/example_kubernetes_executor.py
[2023-09-19T13:45:20.909+0000] {processor.py:839} INFO - DAG(s) dict_keys(['example_kubernetes_executor']) retrieved from /home/airflow/.local/lib/python3.8/site-packages/airflow/example_dags/example_kubernetes_executor.py
[2023-09-19T13:45:20.918+0000] {logging_mixin.py:151} INFO - [2023-09-19T13:45:20.918+0000] {dag.py:2915} INFO - Sync 1 DAGs
[2023-09-19T13:45:20.928+0000] {logging_mixin.py:151} INFO - [2023-09-19T13:45:20.928+0000] {dag.py:3696} INFO - Setting next_dagrun for example_kubernetes_executor to None, run_after=None
[2023-09-19T13:45:20.946+0000] {processor.py:179} INFO - Processing /home/airflow/.local/lib/python3.8/site-packages/airflow/example_dags/example_kubernetes_executor.py took 0.214 seconds
[2023-09-19T13:45:51.165+0000] {processor.py:157} INFO - Started process (PID=2024) to work on /home/airflow/.local/lib/python3.8/site-packages/airflow/example_dags/example_kubernetes_executor.py
[2023-09-19T13:45:51.166+0000] {processor.py:829} INFO - Processing file /home/airflow/.local/lib/python3.8/site-packages/airflow/example_dags/example_kubernetes_executor.py for tasks to queue
[2023-09-19T13:45:51.167+0000] {logging_mixin.py:151} INFO - [2023-09-19T13:45:51.167+0000] {dagbag.py:539} INFO - Filling up the DagBag from /home/airflow/.local/lib/python3.8/site-packages/airflow/example_dags/example_kubernetes_executor.py
[2023-09-19T13:45:51.414+0000] {processor.py:839} INFO - DAG(s) dict_keys(['example_kubernetes_executor']) retrieved from /home/airflow/.local/lib/python3.8/site-packages/airflow/example_dags/example_kubernetes_executor.py
[2023-09-19T13:45:51.443+0000] {logging_mixin.py:151} INFO - [2023-09-19T13:45:51.442+0000] {dag.py:2915} INFO - Sync 1 DAGs
[2023-09-19T13:45:51.453+0000] {logging_mixin.py:151} INFO - [2023-09-19T13:45:51.452+0000] {dag.py:3696} INFO - Setting next_dagrun for example_kubernetes_executor to None, run_after=None
[2023-09-19T13:45:51.469+0000] {processor.py:179} INFO - Processing /home/airflow/.local/lib/python3.8/site-packages/airflow/example_dags/example_kubernetes_executor.py took 0.306 seconds
[2023-09-19T13:46:21.734+0000] {processor.py:157} INFO - Started process (PID=2265) to work on /home/airflow/.local/lib/python3.8/site-packages/airflow/example_dags/example_kubernetes_executor.py
[2023-09-19T13:46:21.735+0000] {processor.py:829} INFO - Processing file /home/airflow/.local/lib/python3.8/site-packages/airflow/example_dags/example_kubernetes_executor.py for tasks to queue
[2023-09-19T13:46:21.735+0000] {logging_mixin.py:151} INFO - [2023-09-19T13:46:21.735+0000] {dagbag.py:539} INFO - Filling up the DagBag from /home/airflow/.local/lib/python3.8/site-packages/airflow/example_dags/example_kubernetes_executor.py
[2023-09-19T13:46:21.926+0000] {processor.py:839} INFO - DAG(s) dict_keys(['example_kubernetes_executor']) retrieved from /home/airflow/.local/lib/python3.8/site-packages/airflow/example_dags/example_kubernetes_executor.py
[2023-09-19T13:46:21.959+0000] {logging_mixin.py:151} INFO - [2023-09-19T13:46:21.959+0000] {dag.py:2915} INFO - Sync 1 DAGs
[2023-09-19T13:46:21.973+0000] {logging_mixin.py:151} INFO - [2023-09-19T13:46:21.973+0000] {dag.py:3696} INFO - Setting next_dagrun for example_kubernetes_executor to None, run_after=None
[2023-09-19T13:46:21.993+0000] {processor.py:179} INFO - Processing /home/airflow/.local/lib/python3.8/site-packages/airflow/example_dags/example_kubernetes_executor.py took 0.262 seconds
[2023-09-19T13:46:52.618+0000] {processor.py:157} INFO - Started process (PID=2483) to work on /home/airflow/.local/lib/python3.8/site-packages/airflow/example_dags/example_kubernetes_executor.py
[2023-09-19T13:46:52.619+0000] {processor.py:829} INFO - Processing file /home/airflow/.local/lib/python3.8/site-packages/airflow/example_dags/example_kubernetes_executor.py for tasks to queue
[2023-09-19T13:46:52.620+0000] {logging_mixin.py:151} INFO - [2023-09-19T13:46:52.620+0000] {dagbag.py:539} INFO - Filling up the DagBag from /home/airflow/.local/lib/python3.8/site-packages/airflow/example_dags/example_kubernetes_executor.py
[2023-09-19T13:46:52.877+0000] {processor.py:839} INFO - DAG(s) dict_keys(['example_kubernetes_executor']) retrieved from /home/airflow/.local/lib/python3.8/site-packages/airflow/example_dags/example_kubernetes_executor.py
[2023-09-19T13:46:52.912+0000] {logging_mixin.py:151} INFO - [2023-09-19T13:46:52.911+0000] {dag.py:2915} INFO - Sync 1 DAGs
[2023-09-19T13:46:52.926+0000] {logging_mixin.py:151} INFO - [2023-09-19T13:46:52.926+0000] {dag.py:3696} INFO - Setting next_dagrun for example_kubernetes_executor to None, run_after=None
[2023-09-19T13:46:52.956+0000] {processor.py:179} INFO - Processing /home/airflow/.local/lib/python3.8/site-packages/airflow/example_dags/example_kubernetes_executor.py took 0.342 seconds
[2023-09-19T13:47:23.580+0000] {processor.py:157} INFO - Started process (PID=2723) to work on /home/airflow/.local/lib/python3.8/site-packages/airflow/example_dags/example_kubernetes_executor.py
[2023-09-19T13:47:23.582+0000] {processor.py:829} INFO - Processing file /home/airflow/.local/lib/python3.8/site-packages/airflow/example_dags/example_kubernetes_executor.py for tasks to queue
[2023-09-19T13:47:23.583+0000] {logging_mixin.py:151} INFO - [2023-09-19T13:47:23.582+0000] {dagbag.py:539} INFO - Filling up the DagBag from /home/airflow/.local/lib/python3.8/site-packages/airflow/example_dags/example_kubernetes_executor.py
[2023-09-19T13:47:23.839+0000] {processor.py:839} INFO - DAG(s) dict_keys(['example_kubernetes_executor']) retrieved from /home/airflow/.local/lib/python3.8/site-packages/airflow/example_dags/example_kubernetes_executor.py
[2023-09-19T13:47:23.874+0000] {logging_mixin.py:151} INFO - [2023-09-19T13:47:23.873+0000] {dag.py:2915} INFO - Sync 1 DAGs
[2023-09-19T13:47:23.905+0000] {logging_mixin.py:151} INFO - [2023-09-19T13:47:23.904+0000] {dag.py:3696} INFO - Setting next_dagrun for example_kubernetes_executor to None, run_after=None
[2023-09-19T13:47:23.924+0000] {processor.py:179} INFO - Processing /home/airflow/.local/lib/python3.8/site-packages/airflow/example_dags/example_kubernetes_executor.py took 0.347 seconds
[2023-09-19T13:47:54.708+0000] {processor.py:157} INFO - Started process (PID=2961) to work on /home/airflow/.local/lib/python3.8/site-packages/airflow/example_dags/example_kubernetes_executor.py
[2023-09-19T13:47:54.710+0000] {processor.py:829} INFO - Processing file /home/airflow/.local/lib/python3.8/site-packages/airflow/example_dags/example_kubernetes_executor.py for tasks to queue
[2023-09-19T13:47:54.711+0000] {logging_mixin.py:151} INFO - [2023-09-19T13:47:54.711+0000] {dagbag.py:539} INFO - Filling up the DagBag from /home/airflow/.local/lib/python3.8/site-packages/airflow/example_dags/example_kubernetes_executor.py
[2023-09-19T13:47:54.907+0000] {processor.py:839} INFO - DAG(s) dict_keys(['example_kubernetes_executor']) retrieved from /home/airflow/.local/lib/python3.8/site-packages/airflow/example_dags/example_kubernetes_executor.py
[2023-09-19T13:47:54.939+0000] {logging_mixin.py:151} INFO - [2023-09-19T13:47:54.938+0000] {dag.py:2915} INFO - Sync 1 DAGs
[2023-09-19T13:47:54.949+0000] {logging_mixin.py:151} INFO - [2023-09-19T13:47:54.948+0000] {dag.py:3696} INFO - Setting next_dagrun for example_kubernetes_executor to None, run_after=None
[2023-09-19T13:47:54.974+0000] {processor.py:179} INFO - Processing /home/airflow/.local/lib/python3.8/site-packages/airflow/example_dags/example_kubernetes_executor.py took 0.270 seconds
[2023-09-19T13:48:25.063+0000] {processor.py:157} INFO - Started process (PID=3199) to work on /home/airflow/.local/lib/python3.8/site-packages/airflow/example_dags/example_kubernetes_executor.py
[2023-09-19T13:48:25.064+0000] {processor.py:829} INFO - Processing file /home/airflow/.local/lib/python3.8/site-packages/airflow/example_dags/example_kubernetes_executor.py for tasks to queue
[2023-09-19T13:48:25.064+0000] {logging_mixin.py:151} INFO - [2023-09-19T13:48:25.064+0000] {dagbag.py:539} INFO - Filling up the DagBag from /home/airflow/.local/lib/python3.8/site-packages/airflow/example_dags/example_kubernetes_executor.py
[2023-09-19T13:48:25.258+0000] {processor.py:839} INFO - DAG(s) dict_keys(['example_kubernetes_executor']) retrieved from /home/airflow/.local/lib/python3.8/site-packages/airflow/example_dags/example_kubernetes_executor.py
[2023-09-19T13:48:25.290+0000] {logging_mixin.py:151} INFO - [2023-09-19T13:48:25.290+0000] {dag.py:2915} INFO - Sync 1 DAGs
[2023-09-19T13:48:25.298+0000] {logging_mixin.py:151} INFO - [2023-09-19T13:48:25.298+0000] {dag.py:3696} INFO - Setting next_dagrun for example_kubernetes_executor to None, run_after=None
[2023-09-19T13:48:25.318+0000] {processor.py:179} INFO - Processing /home/airflow/.local/lib/python3.8/site-packages/airflow/example_dags/example_kubernetes_executor.py took 0.258 seconds
[2023-09-19T13:48:55.494+0000] {processor.py:157} INFO - Started process (PID=3437) to work on /home/airflow/.local/lib/python3.8/site-packages/airflow/example_dags/example_kubernetes_executor.py
[2023-09-19T13:48:55.497+0000] {processor.py:829} INFO - Processing file /home/airflow/.local/lib/python3.8/site-packages/airflow/example_dags/example_kubernetes_executor.py for tasks to queue
[2023-09-19T13:48:55.497+0000] {logging_mixin.py:151} INFO - [2023-09-19T13:48:55.497+0000] {dagbag.py:539} INFO - Filling up the DagBag from /home/airflow/.local/lib/python3.8/site-packages/airflow/example_dags/example_kubernetes_executor.py
[2023-09-19T13:48:55.702+0000] {processor.py:839} INFO - DAG(s) dict_keys(['example_kubernetes_executor']) retrieved from /home/airflow/.local/lib/python3.8/site-packages/airflow/example_dags/example_kubernetes_executor.py
[2023-09-19T13:48:55.735+0000] {logging_mixin.py:151} INFO - [2023-09-19T13:48:55.734+0000] {dag.py:2915} INFO - Sync 1 DAGs
[2023-09-19T13:48:55.743+0000] {logging_mixin.py:151} INFO - [2023-09-19T13:48:55.743+0000] {dag.py:3696} INFO - Setting next_dagrun for example_kubernetes_executor to None, run_after=None
[2023-09-19T13:48:55.767+0000] {processor.py:179} INFO - Processing /home/airflow/.local/lib/python3.8/site-packages/airflow/example_dags/example_kubernetes_executor.py took 0.275 seconds
[2023-09-19T13:49:26.286+0000] {processor.py:157} INFO - Started process (PID=3675) to work on /home/airflow/.local/lib/python3.8/site-packages/airflow/example_dags/example_kubernetes_executor.py
[2023-09-19T13:49:26.291+0000] {processor.py:829} INFO - Processing file /home/airflow/.local/lib/python3.8/site-packages/airflow/example_dags/example_kubernetes_executor.py for tasks to queue
[2023-09-19T13:49:26.292+0000] {logging_mixin.py:151} INFO - [2023-09-19T13:49:26.291+0000] {dagbag.py:539} INFO - Filling up the DagBag from /home/airflow/.local/lib/python3.8/site-packages/airflow/example_dags/example_kubernetes_executor.py
[2023-09-19T13:49:26.504+0000] {processor.py:839} INFO - DAG(s) dict_keys(['example_kubernetes_executor']) retrieved from /home/airflow/.local/lib/python3.8/site-packages/airflow/example_dags/example_kubernetes_executor.py
[2023-09-19T13:49:26.532+0000] {logging_mixin.py:151} INFO - [2023-09-19T13:49:26.531+0000] {dag.py:2915} INFO - Sync 1 DAGs
[2023-09-19T13:49:26.542+0000] {logging_mixin.py:151} INFO - [2023-09-19T13:49:26.542+0000] {dag.py:3696} INFO - Setting next_dagrun for example_kubernetes_executor to None, run_after=None
[2023-09-19T13:49:26.564+0000] {processor.py:179} INFO - Processing /home/airflow/.local/lib/python3.8/site-packages/airflow/example_dags/example_kubernetes_executor.py took 0.283 seconds
[2023-09-19T13:49:56.858+0000] {processor.py:157} INFO - Started process (PID=3913) to work on /home/airflow/.local/lib/python3.8/site-packages/airflow/example_dags/example_kubernetes_executor.py
[2023-09-19T13:49:56.861+0000] {processor.py:829} INFO - Processing file /home/airflow/.local/lib/python3.8/site-packages/airflow/example_dags/example_kubernetes_executor.py for tasks to queue
[2023-09-19T13:49:56.862+0000] {logging_mixin.py:151} INFO - [2023-09-19T13:49:56.862+0000] {dagbag.py:539} INFO - Filling up the DagBag from /home/airflow/.local/lib/python3.8/site-packages/airflow/example_dags/example_kubernetes_executor.py
[2023-09-19T13:49:57.065+0000] {processor.py:839} INFO - DAG(s) dict_keys(['example_kubernetes_executor']) retrieved from /home/airflow/.local/lib/python3.8/site-packages/airflow/example_dags/example_kubernetes_executor.py
[2023-09-19T13:49:57.097+0000] {logging_mixin.py:151} INFO - [2023-09-19T13:49:57.096+0000] {dag.py:2915} INFO - Sync 1 DAGs
[2023-09-19T13:49:57.108+0000] {logging_mixin.py:151} INFO - [2023-09-19T13:49:57.108+0000] {dag.py:3696} INFO - Setting next_dagrun for example_kubernetes_executor to None, run_after=None
[2023-09-19T13:49:57.127+0000] {processor.py:179} INFO - Processing /home/airflow/.local/lib/python3.8/site-packages/airflow/example_dags/example_kubernetes_executor.py took 0.271 seconds
[2023-09-19T13:50:27.342+0000] {processor.py:157} INFO - Started process (PID=4151) to work on /home/airflow/.local/lib/python3.8/site-packages/airflow/example_dags/example_kubernetes_executor.py
[2023-09-19T13:50:27.343+0000] {processor.py:829} INFO - Processing file /home/airflow/.local/lib/python3.8/site-packages/airflow/example_dags/example_kubernetes_executor.py for tasks to queue
[2023-09-19T13:50:27.344+0000] {logging_mixin.py:151} INFO - [2023-09-19T13:50:27.343+0000] {dagbag.py:539} INFO - Filling up the DagBag from /home/airflow/.local/lib/python3.8/site-packages/airflow/example_dags/example_kubernetes_executor.py
[2023-09-19T13:50:27.545+0000] {processor.py:839} INFO - DAG(s) dict_keys(['example_kubernetes_executor']) retrieved from /home/airflow/.local/lib/python3.8/site-packages/airflow/example_dags/example_kubernetes_executor.py
[2023-09-19T13:50:27.579+0000] {logging_mixin.py:151} INFO - [2023-09-19T13:50:27.579+0000] {dag.py:2915} INFO - Sync 1 DAGs
[2023-09-19T13:50:27.589+0000] {logging_mixin.py:151} INFO - [2023-09-19T13:50:27.588+0000] {dag.py:3696} INFO - Setting next_dagrun for example_kubernetes_executor to None, run_after=None
[2023-09-19T13:50:27.607+0000] {processor.py:179} INFO - Processing /home/airflow/.local/lib/python3.8/site-packages/airflow/example_dags/example_kubernetes_executor.py took 0.268 seconds
[2023-09-19T13:50:57.797+0000] {processor.py:157} INFO - Started process (PID=4388) to work on /home/airflow/.local/lib/python3.8/site-packages/airflow/example_dags/example_kubernetes_executor.py
[2023-09-19T13:50:57.798+0000] {processor.py:829} INFO - Processing file /home/airflow/.local/lib/python3.8/site-packages/airflow/example_dags/example_kubernetes_executor.py for tasks to queue
[2023-09-19T13:50:57.799+0000] {logging_mixin.py:151} INFO - [2023-09-19T13:50:57.798+0000] {dagbag.py:539} INFO - Filling up the DagBag from /home/airflow/.local/lib/python3.8/site-packages/airflow/example_dags/example_kubernetes_executor.py
[2023-09-19T13:50:58.003+0000] {processor.py:839} INFO - DAG(s) dict_keys(['example_kubernetes_executor']) retrieved from /home/airflow/.local/lib/python3.8/site-packages/airflow/example_dags/example_kubernetes_executor.py
[2023-09-19T13:50:58.033+0000] {logging_mixin.py:151} INFO - [2023-09-19T13:50:58.033+0000] {dag.py:2915} INFO - Sync 1 DAGs
[2023-09-19T13:50:58.042+0000] {logging_mixin.py:151} INFO - [2023-09-19T13:50:58.042+0000] {dag.py:3696} INFO - Setting next_dagrun for example_kubernetes_executor to None, run_after=None
[2023-09-19T13:50:58.071+0000] {processor.py:179} INFO - Processing /home/airflow/.local/lib/python3.8/site-packages/airflow/example_dags/example_kubernetes_executor.py took 0.277 seconds
[2023-09-19T13:51:28.262+0000] {processor.py:157} INFO - Started process (PID=4626) to work on /home/airflow/.local/lib/python3.8/site-packages/airflow/example_dags/example_kubernetes_executor.py
[2023-09-19T13:51:28.263+0000] {processor.py:829} INFO - Processing file /home/airflow/.local/lib/python3.8/site-packages/airflow/example_dags/example_kubernetes_executor.py for tasks to queue
[2023-09-19T13:51:28.264+0000] {logging_mixin.py:151} INFO - [2023-09-19T13:51:28.263+0000] {dagbag.py:539} INFO - Filling up the DagBag from /home/airflow/.local/lib/python3.8/site-packages/airflow/example_dags/example_kubernetes_executor.py
[2023-09-19T13:51:28.472+0000] {processor.py:839} INFO - DAG(s) dict_keys(['example_kubernetes_executor']) retrieved from /home/airflow/.local/lib/python3.8/site-packages/airflow/example_dags/example_kubernetes_executor.py
[2023-09-19T13:51:28.501+0000] {logging_mixin.py:151} INFO - [2023-09-19T13:51:28.500+0000] {dag.py:2915} INFO - Sync 1 DAGs
[2023-09-19T13:51:28.515+0000] {logging_mixin.py:151} INFO - [2023-09-19T13:51:28.514+0000] {dag.py:3696} INFO - Setting next_dagrun for example_kubernetes_executor to None, run_after=None
[2023-09-19T13:51:28.532+0000] {processor.py:179} INFO - Processing /home/airflow/.local/lib/python3.8/site-packages/airflow/example_dags/example_kubernetes_executor.py took 0.272 seconds
[2023-09-19T13:51:58.588+0000] {processor.py:157} INFO - Started process (PID=4872) to work on /home/airflow/.local/lib/python3.8/site-packages/airflow/example_dags/example_kubernetes_executor.py
[2023-09-19T13:51:58.589+0000] {processor.py:829} INFO - Processing file /home/airflow/.local/lib/python3.8/site-packages/airflow/example_dags/example_kubernetes_executor.py for tasks to queue
[2023-09-19T13:51:58.589+0000] {logging_mixin.py:151} INFO - [2023-09-19T13:51:58.589+0000] {dagbag.py:539} INFO - Filling up the DagBag from /home/airflow/.local/lib/python3.8/site-packages/airflow/example_dags/example_kubernetes_executor.py
[2023-09-19T13:51:58.771+0000] {processor.py:839} INFO - DAG(s) dict_keys(['example_kubernetes_executor']) retrieved from /home/airflow/.local/lib/python3.8/site-packages/airflow/example_dags/example_kubernetes_executor.py
[2023-09-19T13:51:58.801+0000] {logging_mixin.py:151} INFO - [2023-09-19T13:51:58.800+0000] {dag.py:2915} INFO - Sync 1 DAGs
[2023-09-19T13:51:58.809+0000] {logging_mixin.py:151} INFO - [2023-09-19T13:51:58.809+0000] {dag.py:3696} INFO - Setting next_dagrun for example_kubernetes_executor to None, run_after=None
[2023-09-19T13:51:58.825+0000] {processor.py:179} INFO - Processing /home/airflow/.local/lib/python3.8/site-packages/airflow/example_dags/example_kubernetes_executor.py took 0.240 seconds
[2023-09-19T13:52:28.959+0000] {processor.py:157} INFO - Started process (PID=5120) to work on /home/airflow/.local/lib/python3.8/site-packages/airflow/example_dags/example_kubernetes_executor.py
[2023-09-19T13:52:28.960+0000] {processor.py:829} INFO - Processing file /home/airflow/.local/lib/python3.8/site-packages/airflow/example_dags/example_kubernetes_executor.py for tasks to queue
[2023-09-19T13:52:28.960+0000] {logging_mixin.py:151} INFO - [2023-09-19T13:52:28.960+0000] {dagbag.py:539} INFO - Filling up the DagBag from /home/airflow/.local/lib/python3.8/site-packages/airflow/example_dags/example_kubernetes_executor.py
[2023-09-19T13:52:29.147+0000] {processor.py:839} INFO - DAG(s) dict_keys(['example_kubernetes_executor']) retrieved from /home/airflow/.local/lib/python3.8/site-packages/airflow/example_dags/example_kubernetes_executor.py
[2023-09-19T13:52:29.177+0000] {logging_mixin.py:151} INFO - [2023-09-19T13:52:29.177+0000] {dag.py:2915} INFO - Sync 1 DAGs
[2023-09-19T13:52:29.187+0000] {logging_mixin.py:151} INFO - [2023-09-19T13:52:29.187+0000] {dag.py:3696} INFO - Setting next_dagrun for example_kubernetes_executor to None, run_after=None
[2023-09-19T13:52:29.210+0000] {processor.py:179} INFO - Processing /home/airflow/.local/lib/python3.8/site-packages/airflow/example_dags/example_kubernetes_executor.py took 0.253 seconds
[2023-09-19T13:52:59.249+0000] {processor.py:157} INFO - Started process (PID=5369) to work on /home/airflow/.local/lib/python3.8/site-packages/airflow/example_dags/example_kubernetes_executor.py
[2023-09-19T13:52:59.250+0000] {processor.py:829} INFO - Processing file /home/airflow/.local/lib/python3.8/site-packages/airflow/example_dags/example_kubernetes_executor.py for tasks to queue
[2023-09-19T13:52:59.251+0000] {logging_mixin.py:151} INFO - [2023-09-19T13:52:59.251+0000] {dagbag.py:539} INFO - Filling up the DagBag from /home/airflow/.local/lib/python3.8/site-packages/airflow/example_dags/example_kubernetes_executor.py
[2023-09-19T13:52:59.434+0000] {processor.py:839} INFO - DAG(s) dict_keys(['example_kubernetes_executor']) retrieved from /home/airflow/.local/lib/python3.8/site-packages/airflow/example_dags/example_kubernetes_executor.py
[2023-09-19T13:52:59.464+0000] {logging_mixin.py:151} INFO - [2023-09-19T13:52:59.463+0000] {dag.py:2915} INFO - Sync 1 DAGs
[2023-09-19T13:52:59.473+0000] {logging_mixin.py:151} INFO - [2023-09-19T13:52:59.473+0000] {dag.py:3696} INFO - Setting next_dagrun for example_kubernetes_executor to None, run_after=None
[2023-09-19T13:52:59.488+0000] {processor.py:179} INFO - Processing /home/airflow/.local/lib/python3.8/site-packages/airflow/example_dags/example_kubernetes_executor.py took 0.242 seconds
[2023-09-19T13:53:29.795+0000] {processor.py:157} INFO - Started process (PID=5624) to work on /home/airflow/.local/lib/python3.8/site-packages/airflow/example_dags/example_kubernetes_executor.py
[2023-09-19T13:53:29.796+0000] {processor.py:829} INFO - Processing file /home/airflow/.local/lib/python3.8/site-packages/airflow/example_dags/example_kubernetes_executor.py for tasks to queue
[2023-09-19T13:53:29.797+0000] {logging_mixin.py:151} INFO - [2023-09-19T13:53:29.796+0000] {dagbag.py:539} INFO - Filling up the DagBag from /home/airflow/.local/lib/python3.8/site-packages/airflow/example_dags/example_kubernetes_executor.py
[2023-09-19T13:53:29.990+0000] {processor.py:839} INFO - DAG(s) dict_keys(['example_kubernetes_executor']) retrieved from /home/airflow/.local/lib/python3.8/site-packages/airflow/example_dags/example_kubernetes_executor.py
[2023-09-19T13:53:30.020+0000] {logging_mixin.py:151} INFO - [2023-09-19T13:53:30.020+0000] {dag.py:2915} INFO - Sync 1 DAGs
[2023-09-19T13:53:30.034+0000] {logging_mixin.py:151} INFO - [2023-09-19T13:53:30.034+0000] {dag.py:3696} INFO - Setting next_dagrun for example_kubernetes_executor to None, run_after=None
[2023-09-19T13:53:30.050+0000] {processor.py:179} INFO - Processing /home/airflow/.local/lib/python3.8/site-packages/airflow/example_dags/example_kubernetes_executor.py took 0.259 seconds
[2023-09-19T13:54:00.951+0000] {processor.py:157} INFO - Started process (PID=5862) to work on /home/airflow/.local/lib/python3.8/site-packages/airflow/example_dags/example_kubernetes_executor.py
[2023-09-19T13:54:00.951+0000] {processor.py:829} INFO - Processing file /home/airflow/.local/lib/python3.8/site-packages/airflow/example_dags/example_kubernetes_executor.py for tasks to queue
[2023-09-19T13:54:00.952+0000] {logging_mixin.py:151} INFO - [2023-09-19T13:54:00.952+0000] {dagbag.py:539} INFO - Filling up the DagBag from /home/airflow/.local/lib/python3.8/site-packages/airflow/example_dags/example_kubernetes_executor.py
[2023-09-19T13:54:01.126+0000] {processor.py:839} INFO - DAG(s) dict_keys(['example_kubernetes_executor']) retrieved from /home/airflow/.local/lib/python3.8/site-packages/airflow/example_dags/example_kubernetes_executor.py
[2023-09-19T13:54:01.153+0000] {logging_mixin.py:151} INFO - [2023-09-19T13:54:01.152+0000] {dag.py:2915} INFO - Sync 1 DAGs
[2023-09-19T13:54:01.160+0000] {logging_mixin.py:151} INFO - [2023-09-19T13:54:01.160+0000] {dag.py:3696} INFO - Setting next_dagrun for example_kubernetes_executor to None, run_after=None
[2023-09-19T13:54:01.175+0000] {processor.py:179} INFO - Processing /home/airflow/.local/lib/python3.8/site-packages/airflow/example_dags/example_kubernetes_executor.py took 0.227 seconds
[2023-09-19T13:54:31.351+0000] {processor.py:157} INFO - Started process (PID=6100) to work on /home/airflow/.local/lib/python3.8/site-packages/airflow/example_dags/example_kubernetes_executor.py
[2023-09-19T13:54:31.351+0000] {processor.py:829} INFO - Processing file /home/airflow/.local/lib/python3.8/site-packages/airflow/example_dags/example_kubernetes_executor.py for tasks to queue
[2023-09-19T13:54:31.352+0000] {logging_mixin.py:151} INFO - [2023-09-19T13:54:31.352+0000] {dagbag.py:539} INFO - Filling up the DagBag from /home/airflow/.local/lib/python3.8/site-packages/airflow/example_dags/example_kubernetes_executor.py
[2023-09-19T13:54:31.542+0000] {processor.py:839} INFO - DAG(s) dict_keys(['example_kubernetes_executor']) retrieved from /home/airflow/.local/lib/python3.8/site-packages/airflow/example_dags/example_kubernetes_executor.py
[2023-09-19T13:54:31.572+0000] {logging_mixin.py:151} INFO - [2023-09-19T13:54:31.571+0000] {dag.py:2915} INFO - Sync 1 DAGs
[2023-09-19T13:54:31.583+0000] {logging_mixin.py:151} INFO - [2023-09-19T13:54:31.582+0000] {dag.py:3696} INFO - Setting next_dagrun for example_kubernetes_executor to None, run_after=None
[2023-09-19T13:54:31.600+0000] {processor.py:179} INFO - Processing /home/airflow/.local/lib/python3.8/site-packages/airflow/example_dags/example_kubernetes_executor.py took 0.252 seconds
[2023-09-19T13:55:01.648+0000] {processor.py:157} INFO - Started process (PID=6345) to work on /home/airflow/.local/lib/python3.8/site-packages/airflow/example_dags/example_kubernetes_executor.py
[2023-09-19T13:55:01.649+0000] {processor.py:829} INFO - Processing file /home/airflow/.local/lib/python3.8/site-packages/airflow/example_dags/example_kubernetes_executor.py for tasks to queue
[2023-09-19T13:55:01.650+0000] {logging_mixin.py:151} INFO - [2023-09-19T13:55:01.650+0000] {dagbag.py:539} INFO - Filling up the DagBag from /home/airflow/.local/lib/python3.8/site-packages/airflow/example_dags/example_kubernetes_executor.py
[2023-09-19T13:55:01.828+0000] {processor.py:839} INFO - DAG(s) dict_keys(['example_kubernetes_executor']) retrieved from /home/airflow/.local/lib/python3.8/site-packages/airflow/example_dags/example_kubernetes_executor.py
[2023-09-19T13:55:01.855+0000] {logging_mixin.py:151} INFO - [2023-09-19T13:55:01.855+0000] {dag.py:2915} INFO - Sync 1 DAGs
[2023-09-19T13:55:01.864+0000] {logging_mixin.py:151} INFO - [2023-09-19T13:55:01.863+0000] {dag.py:3696} INFO - Setting next_dagrun for example_kubernetes_executor to None, run_after=None
[2023-09-19T13:55:01.879+0000] {processor.py:179} INFO - Processing /home/airflow/.local/lib/python3.8/site-packages/airflow/example_dags/example_kubernetes_executor.py took 0.234 seconds
[2023-09-19T13:55:32.776+0000] {processor.py:157} INFO - Started process (PID=6583) to work on /home/airflow/.local/lib/python3.8/site-packages/airflow/example_dags/example_kubernetes_executor.py
[2023-09-19T13:55:32.777+0000] {processor.py:829} INFO - Processing file /home/airflow/.local/lib/python3.8/site-packages/airflow/example_dags/example_kubernetes_executor.py for tasks to queue
[2023-09-19T13:55:32.778+0000] {logging_mixin.py:151} INFO - [2023-09-19T13:55:32.778+0000] {dagbag.py:539} INFO - Filling up the DagBag from /home/airflow/.local/lib/python3.8/site-packages/airflow/example_dags/example_kubernetes_executor.py
[2023-09-19T13:55:32.951+0000] {processor.py:839} INFO - DAG(s) dict_keys(['example_kubernetes_executor']) retrieved from /home/airflow/.local/lib/python3.8/site-packages/airflow/example_dags/example_kubernetes_executor.py
[2023-09-19T13:55:32.977+0000] {logging_mixin.py:151} INFO - [2023-09-19T13:55:32.976+0000] {dag.py:2915} INFO - Sync 1 DAGs
[2023-09-19T13:55:32.987+0000] {logging_mixin.py:151} INFO - [2023-09-19T13:55:32.987+0000] {dag.py:3696} INFO - Setting next_dagrun for example_kubernetes_executor to None, run_after=None
[2023-09-19T13:55:33.002+0000] {processor.py:179} INFO - Processing /home/airflow/.local/lib/python3.8/site-packages/airflow/example_dags/example_kubernetes_executor.py took 0.228 seconds
[2023-09-19T13:56:03.985+0000] {processor.py:157} INFO - Started process (PID=6821) to work on /home/airflow/.local/lib/python3.8/site-packages/airflow/example_dags/example_kubernetes_executor.py
[2023-09-19T13:56:03.986+0000] {processor.py:829} INFO - Processing file /home/airflow/.local/lib/python3.8/site-packages/airflow/example_dags/example_kubernetes_executor.py for tasks to queue
[2023-09-19T13:56:03.986+0000] {logging_mixin.py:151} INFO - [2023-09-19T13:56:03.986+0000] {dagbag.py:539} INFO - Filling up the DagBag from /home/airflow/.local/lib/python3.8/site-packages/airflow/example_dags/example_kubernetes_executor.py
[2023-09-19T13:56:04.156+0000] {processor.py:839} INFO - DAG(s) dict_keys(['example_kubernetes_executor']) retrieved from /home/airflow/.local/lib/python3.8/site-packages/airflow/example_dags/example_kubernetes_executor.py
[2023-09-19T13:56:04.180+0000] {logging_mixin.py:151} INFO - [2023-09-19T13:56:04.180+0000] {dag.py:2915} INFO - Sync 1 DAGs
[2023-09-19T13:56:04.189+0000] {logging_mixin.py:151} INFO - [2023-09-19T13:56:04.188+0000] {dag.py:3696} INFO - Setting next_dagrun for example_kubernetes_executor to None, run_after=None
[2023-09-19T13:56:04.204+0000] {processor.py:179} INFO - Processing /home/airflow/.local/lib/python3.8/site-packages/airflow/example_dags/example_kubernetes_executor.py took 0.221 seconds
[2023-09-19T13:56:34.282+0000] {processor.py:157} INFO - Started process (PID=7059) to work on /home/airflow/.local/lib/python3.8/site-packages/airflow/example_dags/example_kubernetes_executor.py
[2023-09-19T13:56:34.283+0000] {processor.py:829} INFO - Processing file /home/airflow/.local/lib/python3.8/site-packages/airflow/example_dags/example_kubernetes_executor.py for tasks to queue
[2023-09-19T13:56:34.283+0000] {logging_mixin.py:151} INFO - [2023-09-19T13:56:34.283+0000] {dagbag.py:539} INFO - Filling up the DagBag from /home/airflow/.local/lib/python3.8/site-packages/airflow/example_dags/example_kubernetes_executor.py
[2023-09-19T13:56:34.453+0000] {processor.py:839} INFO - DAG(s) dict_keys(['example_kubernetes_executor']) retrieved from /home/airflow/.local/lib/python3.8/site-packages/airflow/example_dags/example_kubernetes_executor.py
[2023-09-19T13:56:34.479+0000] {logging_mixin.py:151} INFO - [2023-09-19T13:56:34.478+0000] {dag.py:2915} INFO - Sync 1 DAGs
[2023-09-19T13:56:34.487+0000] {logging_mixin.py:151} INFO - [2023-09-19T13:56:34.487+0000] {dag.py:3696} INFO - Setting next_dagrun for example_kubernetes_executor to None, run_after=None
[2023-09-19T13:56:34.501+0000] {processor.py:179} INFO - Processing /home/airflow/.local/lib/python3.8/site-packages/airflow/example_dags/example_kubernetes_executor.py took 0.222 seconds
[2023-09-19T13:57:04.591+0000] {processor.py:157} INFO - Started process (PID=7297) to work on /home/airflow/.local/lib/python3.8/site-packages/airflow/example_dags/example_kubernetes_executor.py
[2023-09-19T13:57:04.593+0000] {processor.py:829} INFO - Processing file /home/airflow/.local/lib/python3.8/site-packages/airflow/example_dags/example_kubernetes_executor.py for tasks to queue
[2023-09-19T13:57:04.594+0000] {logging_mixin.py:151} INFO - [2023-09-19T13:57:04.594+0000] {dagbag.py:539} INFO - Filling up the DagBag from /home/airflow/.local/lib/python3.8/site-packages/airflow/example_dags/example_kubernetes_executor.py
[2023-09-19T13:57:04.767+0000] {processor.py:839} INFO - DAG(s) dict_keys(['example_kubernetes_executor']) retrieved from /home/airflow/.local/lib/python3.8/site-packages/airflow/example_dags/example_kubernetes_executor.py
[2023-09-19T13:57:04.795+0000] {logging_mixin.py:151} INFO - [2023-09-19T13:57:04.794+0000] {dag.py:2915} INFO - Sync 1 DAGs
[2023-09-19T13:57:04.804+0000] {logging_mixin.py:151} INFO - [2023-09-19T13:57:04.803+0000] {dag.py:3696} INFO - Setting next_dagrun for example_kubernetes_executor to None, run_after=None
[2023-09-19T13:57:04.817+0000] {processor.py:179} INFO - Processing /home/airflow/.local/lib/python3.8/site-packages/airflow/example_dags/example_kubernetes_executor.py took 0.229 seconds
[2023-09-19T13:57:35.231+0000] {processor.py:157} INFO - Started process (PID=7536) to work on /home/airflow/.local/lib/python3.8/site-packages/airflow/example_dags/example_kubernetes_executor.py
[2023-09-19T13:57:35.232+0000] {processor.py:829} INFO - Processing file /home/airflow/.local/lib/python3.8/site-packages/airflow/example_dags/example_kubernetes_executor.py for tasks to queue
[2023-09-19T13:57:35.232+0000] {logging_mixin.py:151} INFO - [2023-09-19T13:57:35.232+0000] {dagbag.py:539} INFO - Filling up the DagBag from /home/airflow/.local/lib/python3.8/site-packages/airflow/example_dags/example_kubernetes_executor.py
[2023-09-19T13:57:35.411+0000] {processor.py:839} INFO - DAG(s) dict_keys(['example_kubernetes_executor']) retrieved from /home/airflow/.local/lib/python3.8/site-packages/airflow/example_dags/example_kubernetes_executor.py
[2023-09-19T13:57:35.441+0000] {logging_mixin.py:151} INFO - [2023-09-19T13:57:35.440+0000] {dag.py:2915} INFO - Sync 1 DAGs
[2023-09-19T13:57:35.451+0000] {logging_mixin.py:151} INFO - [2023-09-19T13:57:35.451+0000] {dag.py:3696} INFO - Setting next_dagrun for example_kubernetes_executor to None, run_after=None
[2023-09-19T13:57:35.470+0000] {processor.py:179} INFO - Processing /home/airflow/.local/lib/python3.8/site-packages/airflow/example_dags/example_kubernetes_executor.py took 0.241 seconds
[2023-09-19T13:58:06.388+0000] {processor.py:157} INFO - Started process (PID=7774) to work on /home/airflow/.local/lib/python3.8/site-packages/airflow/example_dags/example_kubernetes_executor.py
[2023-09-19T13:58:06.389+0000] {processor.py:829} INFO - Processing file /home/airflow/.local/lib/python3.8/site-packages/airflow/example_dags/example_kubernetes_executor.py for tasks to queue
[2023-09-19T13:58:06.390+0000] {logging_mixin.py:151} INFO - [2023-09-19T13:58:06.389+0000] {dagbag.py:539} INFO - Filling up the DagBag from /home/airflow/.local/lib/python3.8/site-packages/airflow/example_dags/example_kubernetes_executor.py
[2023-09-19T13:58:06.575+0000] {processor.py:839} INFO - DAG(s) dict_keys(['example_kubernetes_executor']) retrieved from /home/airflow/.local/lib/python3.8/site-packages/airflow/example_dags/example_kubernetes_executor.py
[2023-09-19T13:58:06.604+0000] {logging_mixin.py:151} INFO - [2023-09-19T13:58:06.603+0000] {dag.py:2915} INFO - Sync 1 DAGs
[2023-09-19T13:58:06.613+0000] {logging_mixin.py:151} INFO - [2023-09-19T13:58:06.612+0000] {dag.py:3696} INFO - Setting next_dagrun for example_kubernetes_executor to None, run_after=None
[2023-09-19T13:58:06.633+0000] {processor.py:179} INFO - Processing /home/airflow/.local/lib/python3.8/site-packages/airflow/example_dags/example_kubernetes_executor.py took 0.247 seconds
[2023-09-19T13:58:36.742+0000] {processor.py:157} INFO - Started process (PID=8012) to work on /home/airflow/.local/lib/python3.8/site-packages/airflow/example_dags/example_kubernetes_executor.py
[2023-09-19T13:58:36.743+0000] {processor.py:829} INFO - Processing file /home/airflow/.local/lib/python3.8/site-packages/airflow/example_dags/example_kubernetes_executor.py for tasks to queue
[2023-09-19T13:58:36.743+0000] {logging_mixin.py:151} INFO - [2023-09-19T13:58:36.743+0000] {dagbag.py:539} INFO - Filling up the DagBag from /home/airflow/.local/lib/python3.8/site-packages/airflow/example_dags/example_kubernetes_executor.py
[2023-09-19T13:58:36.925+0000] {processor.py:839} INFO - DAG(s) dict_keys(['example_kubernetes_executor']) retrieved from /home/airflow/.local/lib/python3.8/site-packages/airflow/example_dags/example_kubernetes_executor.py
[2023-09-19T13:58:36.950+0000] {logging_mixin.py:151} INFO - [2023-09-19T13:58:36.950+0000] {dag.py:2915} INFO - Sync 1 DAGs
[2023-09-19T13:58:36.959+0000] {logging_mixin.py:151} INFO - [2023-09-19T13:58:36.959+0000] {dag.py:3696} INFO - Setting next_dagrun for example_kubernetes_executor to None, run_after=None
[2023-09-19T13:58:36.977+0000] {processor.py:179} INFO - Processing /home/airflow/.local/lib/python3.8/site-packages/airflow/example_dags/example_kubernetes_executor.py took 0.238 seconds
[2023-09-19T13:59:07.955+0000] {processor.py:157} INFO - Started process (PID=8250) to work on /home/airflow/.local/lib/python3.8/site-packages/airflow/example_dags/example_kubernetes_executor.py
[2023-09-19T13:59:07.958+0000] {processor.py:829} INFO - Processing file /home/airflow/.local/lib/python3.8/site-packages/airflow/example_dags/example_kubernetes_executor.py for tasks to queue
[2023-09-19T13:59:07.959+0000] {logging_mixin.py:151} INFO - [2023-09-19T13:59:07.959+0000] {dagbag.py:539} INFO - Filling up the DagBag from /home/airflow/.local/lib/python3.8/site-packages/airflow/example_dags/example_kubernetes_executor.py
[2023-09-19T13:59:08.132+0000] {processor.py:839} INFO - DAG(s) dict_keys(['example_kubernetes_executor']) retrieved from /home/airflow/.local/lib/python3.8/site-packages/airflow/example_dags/example_kubernetes_executor.py
[2023-09-19T13:59:08.161+0000] {logging_mixin.py:151} INFO - [2023-09-19T13:59:08.161+0000] {dag.py:2915} INFO - Sync 1 DAGs
[2023-09-19T13:59:08.170+0000] {logging_mixin.py:151} INFO - [2023-09-19T13:59:08.169+0000] {dag.py:3696} INFO - Setting next_dagrun for example_kubernetes_executor to None, run_after=None
[2023-09-19T13:59:08.187+0000] {processor.py:179} INFO - Processing /home/airflow/.local/lib/python3.8/site-packages/airflow/example_dags/example_kubernetes_executor.py took 0.235 seconds
[2023-09-19T13:59:39.083+0000] {processor.py:157} INFO - Started process (PID=8488) to work on /home/airflow/.local/lib/python3.8/site-packages/airflow/example_dags/example_kubernetes_executor.py
[2023-09-19T13:59:39.084+0000] {processor.py:829} INFO - Processing file /home/airflow/.local/lib/python3.8/site-packages/airflow/example_dags/example_kubernetes_executor.py for tasks to queue
[2023-09-19T13:59:39.085+0000] {logging_mixin.py:151} INFO - [2023-09-19T13:59:39.085+0000] {dagbag.py:539} INFO - Filling up the DagBag from /home/airflow/.local/lib/python3.8/site-packages/airflow/example_dags/example_kubernetes_executor.py
[2023-09-19T13:59:39.274+0000] {processor.py:839} INFO - DAG(s) dict_keys(['example_kubernetes_executor']) retrieved from /home/airflow/.local/lib/python3.8/site-packages/airflow/example_dags/example_kubernetes_executor.py
[2023-09-19T13:59:39.312+0000] {logging_mixin.py:151} INFO - [2023-09-19T13:59:39.311+0000] {dag.py:2915} INFO - Sync 1 DAGs
[2023-09-19T13:59:39.330+0000] {logging_mixin.py:151} INFO - [2023-09-19T13:59:39.330+0000] {dag.py:3696} INFO - Setting next_dagrun for example_kubernetes_executor to None, run_after=None
[2023-09-19T13:59:39.353+0000] {processor.py:179} INFO - Processing /home/airflow/.local/lib/python3.8/site-packages/airflow/example_dags/example_kubernetes_executor.py took 0.272 seconds
