[2023-09-19T13:42:07.413+0000] {processor.py:157} INFO - Started process (PID=200) to work on /home/airflow/.local/lib/python3.8/site-packages/airflow/example_dags/example_branch_operator.py
[2023-09-19T13:42:07.413+0000] {processor.py:829} INFO - Processing file /home/airflow/.local/lib/python3.8/site-packages/airflow/example_dags/example_branch_operator.py for tasks to queue
[2023-09-19T13:42:07.414+0000] {logging_mixin.py:151} INFO - [2023-09-19T13:42:07.414+0000] {dagbag.py:539} INFO - Filling up the DagBag from /home/airflow/.local/lib/python3.8/site-packages/airflow/example_dags/example_branch_operator.py
[2023-09-19T13:42:07.421+0000] {processor.py:839} INFO - DAG(s) dict_keys(['example_branch_operator']) retrieved from /home/airflow/.local/lib/python3.8/site-packages/airflow/example_dags/example_branch_operator.py
[2023-09-19T13:42:07.445+0000] {logging_mixin.py:151} INFO - [2023-09-19T13:42:07.445+0000] {dag.py:2915} INFO - Sync 1 DAGs
[2023-09-19T13:42:07.461+0000] {logging_mixin.py:151} INFO - [2023-09-19T13:42:07.461+0000] {dag.py:3696} INFO - Setting next_dagrun for example_branch_operator to 2023-09-18T00:00:00+00:00, run_after=2023-09-19T00:00:00+00:00
[2023-09-19T13:42:07.491+0000] {processor.py:179} INFO - Processing /home/airflow/.local/lib/python3.8/site-packages/airflow/example_dags/example_branch_operator.py took 0.081 seconds
[2023-09-19T13:42:45.411+0000] {processor.py:157} INFO - Started process (PID=438) to work on /home/airflow/.local/lib/python3.8/site-packages/airflow/example_dags/example_branch_operator.py
[2023-09-19T13:42:45.412+0000] {processor.py:829} INFO - Processing file /home/airflow/.local/lib/python3.8/site-packages/airflow/example_dags/example_branch_operator.py for tasks to queue
[2023-09-19T13:42:45.413+0000] {logging_mixin.py:151} INFO - [2023-09-19T13:42:45.412+0000] {dagbag.py:539} INFO - Filling up the DagBag from /home/airflow/.local/lib/python3.8/site-packages/airflow/example_dags/example_branch_operator.py
[2023-09-19T13:42:45.423+0000] {processor.py:839} INFO - DAG(s) dict_keys(['example_branch_operator']) retrieved from /home/airflow/.local/lib/python3.8/site-packages/airflow/example_dags/example_branch_operator.py
[2023-09-19T13:42:45.442+0000] {logging_mixin.py:151} INFO - [2023-09-19T13:42:45.442+0000] {dag.py:2915} INFO - Sync 1 DAGs
[2023-09-19T13:42:45.460+0000] {logging_mixin.py:151} INFO - [2023-09-19T13:42:45.460+0000] {dag.py:3696} INFO - Setting next_dagrun for example_branch_operator to 2023-09-18T00:00:00+00:00, run_after=2023-09-19T00:00:00+00:00
[2023-09-19T13:42:45.480+0000] {processor.py:179} INFO - Processing /home/airflow/.local/lib/python3.8/site-packages/airflow/example_dags/example_branch_operator.py took 0.072 seconds
[2023-09-19T13:43:16.062+0000] {processor.py:157} INFO - Started process (PID=676) to work on /home/airflow/.local/lib/python3.8/site-packages/airflow/example_dags/example_branch_operator.py
[2023-09-19T13:43:16.069+0000] {processor.py:829} INFO - Processing file /home/airflow/.local/lib/python3.8/site-packages/airflow/example_dags/example_branch_operator.py for tasks to queue
[2023-09-19T13:43:16.070+0000] {logging_mixin.py:151} INFO - [2023-09-19T13:43:16.070+0000] {dagbag.py:539} INFO - Filling up the DagBag from /home/airflow/.local/lib/python3.8/site-packages/airflow/example_dags/example_branch_operator.py
[2023-09-19T13:43:16.077+0000] {processor.py:839} INFO - DAG(s) dict_keys(['example_branch_operator']) retrieved from /home/airflow/.local/lib/python3.8/site-packages/airflow/example_dags/example_branch_operator.py
[2023-09-19T13:43:16.210+0000] {logging_mixin.py:151} INFO - [2023-09-19T13:43:16.209+0000] {dag.py:2915} INFO - Sync 1 DAGs
[2023-09-19T13:43:16.223+0000] {logging_mixin.py:151} INFO - [2023-09-19T13:43:16.223+0000] {dag.py:3696} INFO - Setting next_dagrun for example_branch_operator to 2023-09-18T00:00:00+00:00, run_after=2023-09-19T00:00:00+00:00
[2023-09-19T13:43:16.239+0000] {processor.py:179} INFO - Processing /home/airflow/.local/lib/python3.8/site-packages/airflow/example_dags/example_branch_operator.py took 0.180 seconds
[2023-09-19T13:43:46.974+0000] {processor.py:157} INFO - Started process (PID=916) to work on /home/airflow/.local/lib/python3.8/site-packages/airflow/example_dags/example_branch_operator.py
[2023-09-19T13:43:46.975+0000] {processor.py:829} INFO - Processing file /home/airflow/.local/lib/python3.8/site-packages/airflow/example_dags/example_branch_operator.py for tasks to queue
[2023-09-19T13:43:46.976+0000] {logging_mixin.py:151} INFO - [2023-09-19T13:43:46.975+0000] {dagbag.py:539} INFO - Filling up the DagBag from /home/airflow/.local/lib/python3.8/site-packages/airflow/example_dags/example_branch_operator.py
[2023-09-19T13:43:46.982+0000] {processor.py:839} INFO - DAG(s) dict_keys(['example_branch_operator']) retrieved from /home/airflow/.local/lib/python3.8/site-packages/airflow/example_dags/example_branch_operator.py
[2023-09-19T13:43:47.001+0000] {logging_mixin.py:151} INFO - [2023-09-19T13:43:47.001+0000] {dag.py:2915} INFO - Sync 1 DAGs
[2023-09-19T13:43:47.017+0000] {logging_mixin.py:151} INFO - [2023-09-19T13:43:47.017+0000] {dag.py:3696} INFO - Setting next_dagrun for example_branch_operator to 2023-09-18T00:00:00+00:00, run_after=2023-09-19T00:00:00+00:00
[2023-09-19T13:43:47.032+0000] {processor.py:179} INFO - Processing /home/airflow/.local/lib/python3.8/site-packages/airflow/example_dags/example_branch_operator.py took 0.060 seconds
[2023-09-19T13:44:17.279+0000] {processor.py:157} INFO - Started process (PID=1154) to work on /home/airflow/.local/lib/python3.8/site-packages/airflow/example_dags/example_branch_operator.py
[2023-09-19T13:44:17.280+0000] {processor.py:829} INFO - Processing file /home/airflow/.local/lib/python3.8/site-packages/airflow/example_dags/example_branch_operator.py for tasks to queue
[2023-09-19T13:44:17.281+0000] {logging_mixin.py:151} INFO - [2023-09-19T13:44:17.281+0000] {dagbag.py:539} INFO - Filling up the DagBag from /home/airflow/.local/lib/python3.8/site-packages/airflow/example_dags/example_branch_operator.py
[2023-09-19T13:44:17.287+0000] {processor.py:839} INFO - DAG(s) dict_keys(['example_branch_operator']) retrieved from /home/airflow/.local/lib/python3.8/site-packages/airflow/example_dags/example_branch_operator.py
[2023-09-19T13:44:17.304+0000] {logging_mixin.py:151} INFO - [2023-09-19T13:44:17.304+0000] {dag.py:2915} INFO - Sync 1 DAGs
[2023-09-19T13:44:17.323+0000] {logging_mixin.py:151} INFO - [2023-09-19T13:44:17.323+0000] {dag.py:3696} INFO - Setting next_dagrun for example_branch_operator to 2023-09-18T00:00:00+00:00, run_after=2023-09-19T00:00:00+00:00
[2023-09-19T13:44:17.339+0000] {processor.py:179} INFO - Processing /home/airflow/.local/lib/python3.8/site-packages/airflow/example_dags/example_branch_operator.py took 0.062 seconds
[2023-09-19T13:44:47.509+0000] {processor.py:157} INFO - Started process (PID=1392) to work on /home/airflow/.local/lib/python3.8/site-packages/airflow/example_dags/example_branch_operator.py
[2023-09-19T13:44:47.511+0000] {processor.py:829} INFO - Processing file /home/airflow/.local/lib/python3.8/site-packages/airflow/example_dags/example_branch_operator.py for tasks to queue
[2023-09-19T13:44:47.512+0000] {logging_mixin.py:151} INFO - [2023-09-19T13:44:47.512+0000] {dagbag.py:539} INFO - Filling up the DagBag from /home/airflow/.local/lib/python3.8/site-packages/airflow/example_dags/example_branch_operator.py
[2023-09-19T13:44:47.522+0000] {processor.py:839} INFO - DAG(s) dict_keys(['example_branch_operator']) retrieved from /home/airflow/.local/lib/python3.8/site-packages/airflow/example_dags/example_branch_operator.py
[2023-09-19T13:44:47.540+0000] {logging_mixin.py:151} INFO - [2023-09-19T13:44:47.540+0000] {dag.py:2915} INFO - Sync 1 DAGs
[2023-09-19T13:44:47.557+0000] {logging_mixin.py:151} INFO - [2023-09-19T13:44:47.557+0000] {dag.py:3696} INFO - Setting next_dagrun for example_branch_operator to 2023-09-18T00:00:00+00:00, run_after=2023-09-19T00:00:00+00:00
[2023-09-19T13:44:47.575+0000] {processor.py:179} INFO - Processing /home/airflow/.local/lib/python3.8/site-packages/airflow/example_dags/example_branch_operator.py took 0.068 seconds
[2023-09-19T13:45:18.092+0000] {processor.py:157} INFO - Started process (PID=1631) to work on /home/airflow/.local/lib/python3.8/site-packages/airflow/example_dags/example_branch_operator.py
[2023-09-19T13:45:18.094+0000] {processor.py:829} INFO - Processing file /home/airflow/.local/lib/python3.8/site-packages/airflow/example_dags/example_branch_operator.py for tasks to queue
[2023-09-19T13:45:18.095+0000] {logging_mixin.py:151} INFO - [2023-09-19T13:45:18.094+0000] {dagbag.py:539} INFO - Filling up the DagBag from /home/airflow/.local/lib/python3.8/site-packages/airflow/example_dags/example_branch_operator.py
[2023-09-19T13:45:18.105+0000] {processor.py:839} INFO - DAG(s) dict_keys(['example_branch_operator']) retrieved from /home/airflow/.local/lib/python3.8/site-packages/airflow/example_dags/example_branch_operator.py
[2023-09-19T13:45:18.122+0000] {logging_mixin.py:151} INFO - [2023-09-19T13:45:18.121+0000] {dag.py:2915} INFO - Sync 1 DAGs
[2023-09-19T13:45:18.150+0000] {logging_mixin.py:151} INFO - [2023-09-19T13:45:18.150+0000] {dag.py:3696} INFO - Setting next_dagrun for example_branch_operator to 2023-09-18T00:00:00+00:00, run_after=2023-09-19T00:00:00+00:00
[2023-09-19T13:45:18.172+0000] {processor.py:179} INFO - Processing /home/airflow/.local/lib/python3.8/site-packages/airflow/example_dags/example_branch_operator.py took 0.082 seconds
[2023-09-19T13:45:48.589+0000] {processor.py:157} INFO - Started process (PID=1869) to work on /home/airflow/.local/lib/python3.8/site-packages/airflow/example_dags/example_branch_operator.py
[2023-09-19T13:45:48.590+0000] {processor.py:829} INFO - Processing file /home/airflow/.local/lib/python3.8/site-packages/airflow/example_dags/example_branch_operator.py for tasks to queue
[2023-09-19T13:45:48.590+0000] {logging_mixin.py:151} INFO - [2023-09-19T13:45:48.590+0000] {dagbag.py:539} INFO - Filling up the DagBag from /home/airflow/.local/lib/python3.8/site-packages/airflow/example_dags/example_branch_operator.py
[2023-09-19T13:45:48.596+0000] {processor.py:839} INFO - DAG(s) dict_keys(['example_branch_operator']) retrieved from /home/airflow/.local/lib/python3.8/site-packages/airflow/example_dags/example_branch_operator.py
[2023-09-19T13:45:48.614+0000] {logging_mixin.py:151} INFO - [2023-09-19T13:45:48.614+0000] {dag.py:2915} INFO - Sync 1 DAGs
[2023-09-19T13:45:48.629+0000] {logging_mixin.py:151} INFO - [2023-09-19T13:45:48.629+0000] {dag.py:3696} INFO - Setting next_dagrun for example_branch_operator to 2023-09-18T00:00:00+00:00, run_after=2023-09-19T00:00:00+00:00
[2023-09-19T13:45:48.643+0000] {processor.py:179} INFO - Processing /home/airflow/.local/lib/python3.8/site-packages/airflow/example_dags/example_branch_operator.py took 0.057 seconds
[2023-09-19T13:46:19.029+0000] {processor.py:157} INFO - Started process (PID=2107) to work on /home/airflow/.local/lib/python3.8/site-packages/airflow/example_dags/example_branch_operator.py
[2023-09-19T13:46:19.031+0000] {processor.py:829} INFO - Processing file /home/airflow/.local/lib/python3.8/site-packages/airflow/example_dags/example_branch_operator.py for tasks to queue
[2023-09-19T13:46:19.032+0000] {logging_mixin.py:151} INFO - [2023-09-19T13:46:19.031+0000] {dagbag.py:539} INFO - Filling up the DagBag from /home/airflow/.local/lib/python3.8/site-packages/airflow/example_dags/example_branch_operator.py
[2023-09-19T13:46:19.040+0000] {processor.py:839} INFO - DAG(s) dict_keys(['example_branch_operator']) retrieved from /home/airflow/.local/lib/python3.8/site-packages/airflow/example_dags/example_branch_operator.py
[2023-09-19T13:46:19.059+0000] {logging_mixin.py:151} INFO - [2023-09-19T13:46:19.059+0000] {dag.py:2915} INFO - Sync 1 DAGs
[2023-09-19T13:46:19.076+0000] {logging_mixin.py:151} INFO - [2023-09-19T13:46:19.076+0000] {dag.py:3696} INFO - Setting next_dagrun for example_branch_operator to 2023-09-18T00:00:00+00:00, run_after=2023-09-19T00:00:00+00:00
[2023-09-19T13:46:19.095+0000] {processor.py:179} INFO - Processing /home/airflow/.local/lib/python3.8/site-packages/airflow/example_dags/example_branch_operator.py took 0.068 seconds
[2023-09-19T13:46:49.669+0000] {processor.py:157} INFO - Started process (PID=2345) to work on /home/airflow/.local/lib/python3.8/site-packages/airflow/example_dags/example_branch_operator.py
[2023-09-19T13:46:49.670+0000] {processor.py:829} INFO - Processing file /home/airflow/.local/lib/python3.8/site-packages/airflow/example_dags/example_branch_operator.py for tasks to queue
[2023-09-19T13:46:49.671+0000] {logging_mixin.py:151} INFO - [2023-09-19T13:46:49.671+0000] {dagbag.py:539} INFO - Filling up the DagBag from /home/airflow/.local/lib/python3.8/site-packages/airflow/example_dags/example_branch_operator.py
[2023-09-19T13:46:49.681+0000] {processor.py:839} INFO - DAG(s) dict_keys(['example_branch_operator']) retrieved from /home/airflow/.local/lib/python3.8/site-packages/airflow/example_dags/example_branch_operator.py
[2023-09-19T13:46:49.703+0000] {logging_mixin.py:151} INFO - [2023-09-19T13:46:49.703+0000] {dag.py:2915} INFO - Sync 1 DAGs
[2023-09-19T13:46:49.725+0000] {logging_mixin.py:151} INFO - [2023-09-19T13:46:49.725+0000] {dag.py:3696} INFO - Setting next_dagrun for example_branch_operator to 2023-09-18T00:00:00+00:00, run_after=2023-09-19T00:00:00+00:00
[2023-09-19T13:46:49.756+0000] {processor.py:179} INFO - Processing /home/airflow/.local/lib/python3.8/site-packages/airflow/example_dags/example_branch_operator.py took 0.089 seconds
[2023-09-19T13:47:20.227+0000] {processor.py:157} INFO - Started process (PID=2581) to work on /home/airflow/.local/lib/python3.8/site-packages/airflow/example_dags/example_branch_operator.py
[2023-09-19T13:47:20.229+0000] {processor.py:829} INFO - Processing file /home/airflow/.local/lib/python3.8/site-packages/airflow/example_dags/example_branch_operator.py for tasks to queue
[2023-09-19T13:47:20.230+0000] {logging_mixin.py:151} INFO - [2023-09-19T13:47:20.230+0000] {dagbag.py:539} INFO - Filling up the DagBag from /home/airflow/.local/lib/python3.8/site-packages/airflow/example_dags/example_branch_operator.py
[2023-09-19T13:47:20.246+0000] {processor.py:839} INFO - DAG(s) dict_keys(['example_branch_operator']) retrieved from /home/airflow/.local/lib/python3.8/site-packages/airflow/example_dags/example_branch_operator.py
[2023-09-19T13:47:20.292+0000] {logging_mixin.py:151} INFO - [2023-09-19T13:47:20.292+0000] {dag.py:2915} INFO - Sync 1 DAGs
[2023-09-19T13:47:20.333+0000] {logging_mixin.py:151} INFO - [2023-09-19T13:47:20.332+0000] {dag.py:3696} INFO - Setting next_dagrun for example_branch_operator to 2023-09-18T00:00:00+00:00, run_after=2023-09-19T00:00:00+00:00
[2023-09-19T13:47:20.371+0000] {processor.py:179} INFO - Processing /home/airflow/.local/lib/python3.8/site-packages/airflow/example_dags/example_branch_operator.py took 0.153 seconds
[2023-09-19T13:47:51.191+0000] {processor.py:157} INFO - Started process (PID=2821) to work on /home/airflow/.local/lib/python3.8/site-packages/airflow/example_dags/example_branch_operator.py
[2023-09-19T13:47:51.192+0000] {processor.py:829} INFO - Processing file /home/airflow/.local/lib/python3.8/site-packages/airflow/example_dags/example_branch_operator.py for tasks to queue
[2023-09-19T13:47:51.192+0000] {logging_mixin.py:151} INFO - [2023-09-19T13:47:51.192+0000] {dagbag.py:539} INFO - Filling up the DagBag from /home/airflow/.local/lib/python3.8/site-packages/airflow/example_dags/example_branch_operator.py
[2023-09-19T13:47:51.199+0000] {processor.py:839} INFO - DAG(s) dict_keys(['example_branch_operator']) retrieved from /home/airflow/.local/lib/python3.8/site-packages/airflow/example_dags/example_branch_operator.py
[2023-09-19T13:47:51.219+0000] {logging_mixin.py:151} INFO - [2023-09-19T13:47:51.218+0000] {dag.py:2915} INFO - Sync 1 DAGs
[2023-09-19T13:47:51.236+0000] {logging_mixin.py:151} INFO - [2023-09-19T13:47:51.235+0000] {dag.py:3696} INFO - Setting next_dagrun for example_branch_operator to 2023-09-18T00:00:00+00:00, run_after=2023-09-19T00:00:00+00:00
[2023-09-19T13:47:51.255+0000] {processor.py:179} INFO - Processing /home/airflow/.local/lib/python3.8/site-packages/airflow/example_dags/example_branch_operator.py took 0.068 seconds
[2023-09-19T13:48:21.619+0000] {processor.py:157} INFO - Started process (PID=3059) to work on /home/airflow/.local/lib/python3.8/site-packages/airflow/example_dags/example_branch_operator.py
[2023-09-19T13:48:21.620+0000] {processor.py:829} INFO - Processing file /home/airflow/.local/lib/python3.8/site-packages/airflow/example_dags/example_branch_operator.py for tasks to queue
[2023-09-19T13:48:21.622+0000] {logging_mixin.py:151} INFO - [2023-09-19T13:48:21.621+0000] {dagbag.py:539} INFO - Filling up the DagBag from /home/airflow/.local/lib/python3.8/site-packages/airflow/example_dags/example_branch_operator.py
[2023-09-19T13:48:21.631+0000] {processor.py:839} INFO - DAG(s) dict_keys(['example_branch_operator']) retrieved from /home/airflow/.local/lib/python3.8/site-packages/airflow/example_dags/example_branch_operator.py
[2023-09-19T13:48:21.652+0000] {logging_mixin.py:151} INFO - [2023-09-19T13:48:21.652+0000] {dag.py:2915} INFO - Sync 1 DAGs
[2023-09-19T13:48:21.669+0000] {logging_mixin.py:151} INFO - [2023-09-19T13:48:21.669+0000] {dag.py:3696} INFO - Setting next_dagrun for example_branch_operator to 2023-09-18T00:00:00+00:00, run_after=2023-09-19T00:00:00+00:00
[2023-09-19T13:48:21.688+0000] {processor.py:179} INFO - Processing /home/airflow/.local/lib/python3.8/site-packages/airflow/example_dags/example_branch_operator.py took 0.073 seconds
[2023-09-19T13:48:52.048+0000] {processor.py:157} INFO - Started process (PID=3297) to work on /home/airflow/.local/lib/python3.8/site-packages/airflow/example_dags/example_branch_operator.py
[2023-09-19T13:48:52.049+0000] {processor.py:829} INFO - Processing file /home/airflow/.local/lib/python3.8/site-packages/airflow/example_dags/example_branch_operator.py for tasks to queue
[2023-09-19T13:48:52.050+0000] {logging_mixin.py:151} INFO - [2023-09-19T13:48:52.050+0000] {dagbag.py:539} INFO - Filling up the DagBag from /home/airflow/.local/lib/python3.8/site-packages/airflow/example_dags/example_branch_operator.py
[2023-09-19T13:48:52.058+0000] {processor.py:839} INFO - DAG(s) dict_keys(['example_branch_operator']) retrieved from /home/airflow/.local/lib/python3.8/site-packages/airflow/example_dags/example_branch_operator.py
[2023-09-19T13:48:52.075+0000] {logging_mixin.py:151} INFO - [2023-09-19T13:48:52.075+0000] {dag.py:2915} INFO - Sync 1 DAGs
[2023-09-19T13:48:52.093+0000] {logging_mixin.py:151} INFO - [2023-09-19T13:48:52.093+0000] {dag.py:3696} INFO - Setting next_dagrun for example_branch_operator to 2023-09-18T00:00:00+00:00, run_after=2023-09-19T00:00:00+00:00
[2023-09-19T13:48:52.110+0000] {processor.py:179} INFO - Processing /home/airflow/.local/lib/python3.8/site-packages/airflow/example_dags/example_branch_operator.py took 0.065 seconds
[2023-09-19T13:49:22.584+0000] {processor.py:157} INFO - Started process (PID=3535) to work on /home/airflow/.local/lib/python3.8/site-packages/airflow/example_dags/example_branch_operator.py
[2023-09-19T13:49:22.585+0000] {processor.py:829} INFO - Processing file /home/airflow/.local/lib/python3.8/site-packages/airflow/example_dags/example_branch_operator.py for tasks to queue
[2023-09-19T13:49:22.586+0000] {logging_mixin.py:151} INFO - [2023-09-19T13:49:22.586+0000] {dagbag.py:539} INFO - Filling up the DagBag from /home/airflow/.local/lib/python3.8/site-packages/airflow/example_dags/example_branch_operator.py
[2023-09-19T13:49:22.595+0000] {processor.py:839} INFO - DAG(s) dict_keys(['example_branch_operator']) retrieved from /home/airflow/.local/lib/python3.8/site-packages/airflow/example_dags/example_branch_operator.py
[2023-09-19T13:49:22.641+0000] {logging_mixin.py:151} INFO - [2023-09-19T13:49:22.641+0000] {dag.py:2915} INFO - Sync 1 DAGs
[2023-09-19T13:49:22.682+0000] {logging_mixin.py:151} INFO - [2023-09-19T13:49:22.681+0000] {dag.py:3696} INFO - Setting next_dagrun for example_branch_operator to 2023-09-18T00:00:00+00:00, run_after=2023-09-19T00:00:00+00:00
[2023-09-19T13:49:22.709+0000] {processor.py:179} INFO - Processing /home/airflow/.local/lib/python3.8/site-packages/airflow/example_dags/example_branch_operator.py took 0.129 seconds
[2023-09-19T13:49:53.241+0000] {processor.py:157} INFO - Started process (PID=3773) to work on /home/airflow/.local/lib/python3.8/site-packages/airflow/example_dags/example_branch_operator.py
[2023-09-19T13:49:53.241+0000] {processor.py:829} INFO - Processing file /home/airflow/.local/lib/python3.8/site-packages/airflow/example_dags/example_branch_operator.py for tasks to queue
[2023-09-19T13:49:53.242+0000] {logging_mixin.py:151} INFO - [2023-09-19T13:49:53.242+0000] {dagbag.py:539} INFO - Filling up the DagBag from /home/airflow/.local/lib/python3.8/site-packages/airflow/example_dags/example_branch_operator.py
[2023-09-19T13:49:53.250+0000] {processor.py:839} INFO - DAG(s) dict_keys(['example_branch_operator']) retrieved from /home/airflow/.local/lib/python3.8/site-packages/airflow/example_dags/example_branch_operator.py
[2023-09-19T13:49:53.272+0000] {logging_mixin.py:151} INFO - [2023-09-19T13:49:53.272+0000] {dag.py:2915} INFO - Sync 1 DAGs
[2023-09-19T13:49:53.290+0000] {logging_mixin.py:151} INFO - [2023-09-19T13:49:53.290+0000] {dag.py:3696} INFO - Setting next_dagrun for example_branch_operator to 2023-09-18T00:00:00+00:00, run_after=2023-09-19T00:00:00+00:00
[2023-09-19T13:49:53.311+0000] {processor.py:179} INFO - Processing /home/airflow/.local/lib/python3.8/site-packages/airflow/example_dags/example_branch_operator.py took 0.072 seconds
[2023-09-19T13:50:23.818+0000] {processor.py:157} INFO - Started process (PID=4011) to work on /home/airflow/.local/lib/python3.8/site-packages/airflow/example_dags/example_branch_operator.py
[2023-09-19T13:50:23.819+0000] {processor.py:829} INFO - Processing file /home/airflow/.local/lib/python3.8/site-packages/airflow/example_dags/example_branch_operator.py for tasks to queue
[2023-09-19T13:50:23.820+0000] {logging_mixin.py:151} INFO - [2023-09-19T13:50:23.819+0000] {dagbag.py:539} INFO - Filling up the DagBag from /home/airflow/.local/lib/python3.8/site-packages/airflow/example_dags/example_branch_operator.py
[2023-09-19T13:50:23.826+0000] {processor.py:839} INFO - DAG(s) dict_keys(['example_branch_operator']) retrieved from /home/airflow/.local/lib/python3.8/site-packages/airflow/example_dags/example_branch_operator.py
[2023-09-19T13:50:23.850+0000] {logging_mixin.py:151} INFO - [2023-09-19T13:50:23.850+0000] {dag.py:2915} INFO - Sync 1 DAGs
[2023-09-19T13:50:23.872+0000] {logging_mixin.py:151} INFO - [2023-09-19T13:50:23.872+0000] {dag.py:3696} INFO - Setting next_dagrun for example_branch_operator to 2023-09-18T00:00:00+00:00, run_after=2023-09-19T00:00:00+00:00
[2023-09-19T13:50:23.895+0000] {processor.py:179} INFO - Processing /home/airflow/.local/lib/python3.8/site-packages/airflow/example_dags/example_branch_operator.py took 0.080 seconds
[2023-09-19T13:50:54.265+0000] {processor.py:157} INFO - Started process (PID=4248) to work on /home/airflow/.local/lib/python3.8/site-packages/airflow/example_dags/example_branch_operator.py
[2023-09-19T13:50:54.266+0000] {processor.py:829} INFO - Processing file /home/airflow/.local/lib/python3.8/site-packages/airflow/example_dags/example_branch_operator.py for tasks to queue
[2023-09-19T13:50:54.266+0000] {logging_mixin.py:151} INFO - [2023-09-19T13:50:54.266+0000] {dagbag.py:539} INFO - Filling up the DagBag from /home/airflow/.local/lib/python3.8/site-packages/airflow/example_dags/example_branch_operator.py
[2023-09-19T13:50:54.275+0000] {processor.py:839} INFO - DAG(s) dict_keys(['example_branch_operator']) retrieved from /home/airflow/.local/lib/python3.8/site-packages/airflow/example_dags/example_branch_operator.py
[2023-09-19T13:50:54.293+0000] {logging_mixin.py:151} INFO - [2023-09-19T13:50:54.293+0000] {dag.py:2915} INFO - Sync 1 DAGs
[2023-09-19T13:50:54.312+0000] {logging_mixin.py:151} INFO - [2023-09-19T13:50:54.312+0000] {dag.py:3696} INFO - Setting next_dagrun for example_branch_operator to 2023-09-18T00:00:00+00:00, run_after=2023-09-19T00:00:00+00:00
[2023-09-19T13:50:54.329+0000] {processor.py:179} INFO - Processing /home/airflow/.local/lib/python3.8/site-packages/airflow/example_dags/example_branch_operator.py took 0.066 seconds
[2023-09-19T13:51:24.700+0000] {processor.py:157} INFO - Started process (PID=4486) to work on /home/airflow/.local/lib/python3.8/site-packages/airflow/example_dags/example_branch_operator.py
[2023-09-19T13:51:24.701+0000] {processor.py:829} INFO - Processing file /home/airflow/.local/lib/python3.8/site-packages/airflow/example_dags/example_branch_operator.py for tasks to queue
[2023-09-19T13:51:24.702+0000] {logging_mixin.py:151} INFO - [2023-09-19T13:51:24.702+0000] {dagbag.py:539} INFO - Filling up the DagBag from /home/airflow/.local/lib/python3.8/site-packages/airflow/example_dags/example_branch_operator.py
[2023-09-19T13:51:24.710+0000] {processor.py:839} INFO - DAG(s) dict_keys(['example_branch_operator']) retrieved from /home/airflow/.local/lib/python3.8/site-packages/airflow/example_dags/example_branch_operator.py
[2023-09-19T13:51:24.732+0000] {logging_mixin.py:151} INFO - [2023-09-19T13:51:24.732+0000] {dag.py:2915} INFO - Sync 1 DAGs
[2023-09-19T13:51:24.751+0000] {logging_mixin.py:151} INFO - [2023-09-19T13:51:24.751+0000] {dag.py:3696} INFO - Setting next_dagrun for example_branch_operator to 2023-09-18T00:00:00+00:00, run_after=2023-09-19T00:00:00+00:00
[2023-09-19T13:51:24.775+0000] {processor.py:179} INFO - Processing /home/airflow/.local/lib/python3.8/site-packages/airflow/example_dags/example_branch_operator.py took 0.077 seconds
[2023-09-19T13:51:55.162+0000] {processor.py:157} INFO - Started process (PID=4724) to work on /home/airflow/.local/lib/python3.8/site-packages/airflow/example_dags/example_branch_operator.py
[2023-09-19T13:51:55.162+0000] {processor.py:829} INFO - Processing file /home/airflow/.local/lib/python3.8/site-packages/airflow/example_dags/example_branch_operator.py for tasks to queue
[2023-09-19T13:51:55.163+0000] {logging_mixin.py:151} INFO - [2023-09-19T13:51:55.163+0000] {dagbag.py:539} INFO - Filling up the DagBag from /home/airflow/.local/lib/python3.8/site-packages/airflow/example_dags/example_branch_operator.py
[2023-09-19T13:51:55.171+0000] {processor.py:839} INFO - DAG(s) dict_keys(['example_branch_operator']) retrieved from /home/airflow/.local/lib/python3.8/site-packages/airflow/example_dags/example_branch_operator.py
[2023-09-19T13:51:55.190+0000] {logging_mixin.py:151} INFO - [2023-09-19T13:51:55.190+0000] {dag.py:2915} INFO - Sync 1 DAGs
[2023-09-19T13:51:55.206+0000] {logging_mixin.py:151} INFO - [2023-09-19T13:51:55.206+0000] {dag.py:3696} INFO - Setting next_dagrun for example_branch_operator to 2023-09-18T00:00:00+00:00, run_after=2023-09-19T00:00:00+00:00
[2023-09-19T13:51:55.224+0000] {processor.py:179} INFO - Processing /home/airflow/.local/lib/python3.8/site-packages/airflow/example_dags/example_branch_operator.py took 0.065 seconds
[2023-09-19T13:52:25.344+0000] {processor.py:157} INFO - Started process (PID=4962) to work on /home/airflow/.local/lib/python3.8/site-packages/airflow/example_dags/example_branch_operator.py
[2023-09-19T13:52:25.345+0000] {processor.py:829} INFO - Processing file /home/airflow/.local/lib/python3.8/site-packages/airflow/example_dags/example_branch_operator.py for tasks to queue
[2023-09-19T13:52:25.345+0000] {logging_mixin.py:151} INFO - [2023-09-19T13:52:25.345+0000] {dagbag.py:539} INFO - Filling up the DagBag from /home/airflow/.local/lib/python3.8/site-packages/airflow/example_dags/example_branch_operator.py
[2023-09-19T13:52:25.353+0000] {processor.py:839} INFO - DAG(s) dict_keys(['example_branch_operator']) retrieved from /home/airflow/.local/lib/python3.8/site-packages/airflow/example_dags/example_branch_operator.py
[2023-09-19T13:52:25.375+0000] {logging_mixin.py:151} INFO - [2023-09-19T13:52:25.375+0000] {dag.py:2915} INFO - Sync 1 DAGs
[2023-09-19T13:52:25.394+0000] {logging_mixin.py:151} INFO - [2023-09-19T13:52:25.394+0000] {dag.py:3696} INFO - Setting next_dagrun for example_branch_operator to 2023-09-18T00:00:00+00:00, run_after=2023-09-19T00:00:00+00:00
[2023-09-19T13:52:25.411+0000] {processor.py:179} INFO - Processing /home/airflow/.local/lib/python3.8/site-packages/airflow/example_dags/example_branch_operator.py took 0.070 seconds
[2023-09-19T13:52:55.613+0000] {processor.py:157} INFO - Started process (PID=5201) to work on /home/airflow/.local/lib/python3.8/site-packages/airflow/example_dags/example_branch_operator.py
[2023-09-19T13:52:55.613+0000] {processor.py:829} INFO - Processing file /home/airflow/.local/lib/python3.8/site-packages/airflow/example_dags/example_branch_operator.py for tasks to queue
[2023-09-19T13:52:55.614+0000] {logging_mixin.py:151} INFO - [2023-09-19T13:52:55.614+0000] {dagbag.py:539} INFO - Filling up the DagBag from /home/airflow/.local/lib/python3.8/site-packages/airflow/example_dags/example_branch_operator.py
[2023-09-19T13:52:55.620+0000] {processor.py:839} INFO - DAG(s) dict_keys(['example_branch_operator']) retrieved from /home/airflow/.local/lib/python3.8/site-packages/airflow/example_dags/example_branch_operator.py
[2023-09-19T13:52:55.639+0000] {logging_mixin.py:151} INFO - [2023-09-19T13:52:55.639+0000] {dag.py:2915} INFO - Sync 1 DAGs
[2023-09-19T13:52:55.656+0000] {logging_mixin.py:151} INFO - [2023-09-19T13:52:55.656+0000] {dag.py:3696} INFO - Setting next_dagrun for example_branch_operator to 2023-09-18T00:00:00+00:00, run_after=2023-09-19T00:00:00+00:00
[2023-09-19T13:52:55.674+0000] {processor.py:179} INFO - Processing /home/airflow/.local/lib/python3.8/site-packages/airflow/example_dags/example_branch_operator.py took 0.064 seconds
[2023-09-19T13:53:25.871+0000] {processor.py:157} INFO - Started process (PID=5439) to work on /home/airflow/.local/lib/python3.8/site-packages/airflow/example_dags/example_branch_operator.py
[2023-09-19T13:53:25.872+0000] {processor.py:829} INFO - Processing file /home/airflow/.local/lib/python3.8/site-packages/airflow/example_dags/example_branch_operator.py for tasks to queue
[2023-09-19T13:53:25.872+0000] {logging_mixin.py:151} INFO - [2023-09-19T13:53:25.872+0000] {dagbag.py:539} INFO - Filling up the DagBag from /home/airflow/.local/lib/python3.8/site-packages/airflow/example_dags/example_branch_operator.py
[2023-09-19T13:53:25.880+0000] {processor.py:839} INFO - DAG(s) dict_keys(['example_branch_operator']) retrieved from /home/airflow/.local/lib/python3.8/site-packages/airflow/example_dags/example_branch_operator.py
[2023-09-19T13:53:25.899+0000] {logging_mixin.py:151} INFO - [2023-09-19T13:53:25.899+0000] {dag.py:2915} INFO - Sync 1 DAGs
[2023-09-19T13:53:25.916+0000] {logging_mixin.py:151} INFO - [2023-09-19T13:53:25.916+0000] {dag.py:3696} INFO - Setting next_dagrun for example_branch_operator to 2023-09-18T00:00:00+00:00, run_after=2023-09-19T00:00:00+00:00
[2023-09-19T13:53:25.931+0000] {processor.py:179} INFO - Processing /home/airflow/.local/lib/python3.8/site-packages/airflow/example_dags/example_branch_operator.py took 0.062 seconds
[2023-09-19T13:53:56.159+0000] {processor.py:157} INFO - Started process (PID=5677) to work on /home/airflow/.local/lib/python3.8/site-packages/airflow/example_dags/example_branch_operator.py
[2023-09-19T13:53:56.160+0000] {processor.py:829} INFO - Processing file /home/airflow/.local/lib/python3.8/site-packages/airflow/example_dags/example_branch_operator.py for tasks to queue
[2023-09-19T13:53:56.161+0000] {logging_mixin.py:151} INFO - [2023-09-19T13:53:56.160+0000] {dagbag.py:539} INFO - Filling up the DagBag from /home/airflow/.local/lib/python3.8/site-packages/airflow/example_dags/example_branch_operator.py
[2023-09-19T13:53:56.168+0000] {processor.py:839} INFO - DAG(s) dict_keys(['example_branch_operator']) retrieved from /home/airflow/.local/lib/python3.8/site-packages/airflow/example_dags/example_branch_operator.py
[2023-09-19T13:53:56.186+0000] {logging_mixin.py:151} INFO - [2023-09-19T13:53:56.186+0000] {dag.py:2915} INFO - Sync 1 DAGs
[2023-09-19T13:53:56.207+0000] {logging_mixin.py:151} INFO - [2023-09-19T13:53:56.207+0000] {dag.py:3696} INFO - Setting next_dagrun for example_branch_operator to 2023-09-18T00:00:00+00:00, run_after=2023-09-19T00:00:00+00:00
[2023-09-19T13:53:56.224+0000] {processor.py:179} INFO - Processing /home/airflow/.local/lib/python3.8/site-packages/airflow/example_dags/example_branch_operator.py took 0.067 seconds
[2023-09-19T13:54:26.538+0000] {processor.py:157} INFO - Started process (PID=5915) to work on /home/airflow/.local/lib/python3.8/site-packages/airflow/example_dags/example_branch_operator.py
[2023-09-19T13:54:26.539+0000] {processor.py:829} INFO - Processing file /home/airflow/.local/lib/python3.8/site-packages/airflow/example_dags/example_branch_operator.py for tasks to queue
[2023-09-19T13:54:26.539+0000] {logging_mixin.py:151} INFO - [2023-09-19T13:54:26.539+0000] {dagbag.py:539} INFO - Filling up the DagBag from /home/airflow/.local/lib/python3.8/site-packages/airflow/example_dags/example_branch_operator.py
[2023-09-19T13:54:26.546+0000] {processor.py:839} INFO - DAG(s) dict_keys(['example_branch_operator']) retrieved from /home/airflow/.local/lib/python3.8/site-packages/airflow/example_dags/example_branch_operator.py
[2023-09-19T13:54:26.564+0000] {logging_mixin.py:151} INFO - [2023-09-19T13:54:26.563+0000] {dag.py:2915} INFO - Sync 1 DAGs
[2023-09-19T13:54:26.583+0000] {logging_mixin.py:151} INFO - [2023-09-19T13:54:26.583+0000] {dag.py:3696} INFO - Setting next_dagrun for example_branch_operator to 2023-09-18T00:00:00+00:00, run_after=2023-09-19T00:00:00+00:00
[2023-09-19T13:54:26.598+0000] {processor.py:179} INFO - Processing /home/airflow/.local/lib/python3.8/site-packages/airflow/example_dags/example_branch_operator.py took 0.063 seconds
[2023-09-19T13:54:56.966+0000] {processor.py:157} INFO - Started process (PID=6153) to work on /home/airflow/.local/lib/python3.8/site-packages/airflow/example_dags/example_branch_operator.py
[2023-09-19T13:54:56.967+0000] {processor.py:829} INFO - Processing file /home/airflow/.local/lib/python3.8/site-packages/airflow/example_dags/example_branch_operator.py for tasks to queue
[2023-09-19T13:54:56.968+0000] {logging_mixin.py:151} INFO - [2023-09-19T13:54:56.968+0000] {dagbag.py:539} INFO - Filling up the DagBag from /home/airflow/.local/lib/python3.8/site-packages/airflow/example_dags/example_branch_operator.py
[2023-09-19T13:54:56.975+0000] {processor.py:839} INFO - DAG(s) dict_keys(['example_branch_operator']) retrieved from /home/airflow/.local/lib/python3.8/site-packages/airflow/example_dags/example_branch_operator.py
[2023-09-19T13:54:56.995+0000] {logging_mixin.py:151} INFO - [2023-09-19T13:54:56.994+0000] {dag.py:2915} INFO - Sync 1 DAGs
[2023-09-19T13:54:57.012+0000] {logging_mixin.py:151} INFO - [2023-09-19T13:54:57.012+0000] {dag.py:3696} INFO - Setting next_dagrun for example_branch_operator to 2023-09-18T00:00:00+00:00, run_after=2023-09-19T00:00:00+00:00
[2023-09-19T13:54:57.028+0000] {processor.py:179} INFO - Processing /home/airflow/.local/lib/python3.8/site-packages/airflow/example_dags/example_branch_operator.py took 0.066 seconds
[2023-09-19T13:55:27.246+0000] {processor.py:157} INFO - Started process (PID=6391) to work on /home/airflow/.local/lib/python3.8/site-packages/airflow/example_dags/example_branch_operator.py
[2023-09-19T13:55:27.247+0000] {processor.py:829} INFO - Processing file /home/airflow/.local/lib/python3.8/site-packages/airflow/example_dags/example_branch_operator.py for tasks to queue
[2023-09-19T13:55:27.247+0000] {logging_mixin.py:151} INFO - [2023-09-19T13:55:27.247+0000] {dagbag.py:539} INFO - Filling up the DagBag from /home/airflow/.local/lib/python3.8/site-packages/airflow/example_dags/example_branch_operator.py
[2023-09-19T13:55:27.255+0000] {processor.py:839} INFO - DAG(s) dict_keys(['example_branch_operator']) retrieved from /home/airflow/.local/lib/python3.8/site-packages/airflow/example_dags/example_branch_operator.py
[2023-09-19T13:55:27.273+0000] {logging_mixin.py:151} INFO - [2023-09-19T13:55:27.273+0000] {dag.py:2915} INFO - Sync 1 DAGs
[2023-09-19T13:55:27.289+0000] {logging_mixin.py:151} INFO - [2023-09-19T13:55:27.289+0000] {dag.py:3696} INFO - Setting next_dagrun for example_branch_operator to 2023-09-18T00:00:00+00:00, run_after=2023-09-19T00:00:00+00:00
[2023-09-19T13:55:27.304+0000] {processor.py:179} INFO - Processing /home/airflow/.local/lib/python3.8/site-packages/airflow/example_dags/example_branch_operator.py took 0.060 seconds
[2023-09-19T13:55:57.384+0000] {processor.py:157} INFO - Started process (PID=6629) to work on /home/airflow/.local/lib/python3.8/site-packages/airflow/example_dags/example_branch_operator.py
[2023-09-19T13:55:57.386+0000] {processor.py:829} INFO - Processing file /home/airflow/.local/lib/python3.8/site-packages/airflow/example_dags/example_branch_operator.py for tasks to queue
[2023-09-19T13:55:57.387+0000] {logging_mixin.py:151} INFO - [2023-09-19T13:55:57.387+0000] {dagbag.py:539} INFO - Filling up the DagBag from /home/airflow/.local/lib/python3.8/site-packages/airflow/example_dags/example_branch_operator.py
[2023-09-19T13:55:57.396+0000] {processor.py:839} INFO - DAG(s) dict_keys(['example_branch_operator']) retrieved from /home/airflow/.local/lib/python3.8/site-packages/airflow/example_dags/example_branch_operator.py
[2023-09-19T13:55:57.415+0000] {logging_mixin.py:151} INFO - [2023-09-19T13:55:57.415+0000] {dag.py:2915} INFO - Sync 1 DAGs
[2023-09-19T13:55:57.433+0000] {logging_mixin.py:151} INFO - [2023-09-19T13:55:57.433+0000] {dag.py:3696} INFO - Setting next_dagrun for example_branch_operator to 2023-09-18T00:00:00+00:00, run_after=2023-09-19T00:00:00+00:00
[2023-09-19T13:55:57.455+0000] {processor.py:179} INFO - Processing /home/airflow/.local/lib/python3.8/site-packages/airflow/example_dags/example_branch_operator.py took 0.074 seconds
[2023-09-19T13:56:27.561+0000] {processor.py:157} INFO - Started process (PID=6867) to work on /home/airflow/.local/lib/python3.8/site-packages/airflow/example_dags/example_branch_operator.py
[2023-09-19T13:56:27.562+0000] {processor.py:829} INFO - Processing file /home/airflow/.local/lib/python3.8/site-packages/airflow/example_dags/example_branch_operator.py for tasks to queue
[2023-09-19T13:56:27.562+0000] {logging_mixin.py:151} INFO - [2023-09-19T13:56:27.562+0000] {dagbag.py:539} INFO - Filling up the DagBag from /home/airflow/.local/lib/python3.8/site-packages/airflow/example_dags/example_branch_operator.py
[2023-09-19T13:56:27.569+0000] {processor.py:839} INFO - DAG(s) dict_keys(['example_branch_operator']) retrieved from /home/airflow/.local/lib/python3.8/site-packages/airflow/example_dags/example_branch_operator.py
[2023-09-19T13:56:27.586+0000] {logging_mixin.py:151} INFO - [2023-09-19T13:56:27.586+0000] {dag.py:2915} INFO - Sync 1 DAGs
[2023-09-19T13:56:27.604+0000] {logging_mixin.py:151} INFO - [2023-09-19T13:56:27.604+0000] {dag.py:3696} INFO - Setting next_dagrun for example_branch_operator to 2023-09-18T00:00:00+00:00, run_after=2023-09-19T00:00:00+00:00
[2023-09-19T13:56:27.620+0000] {processor.py:179} INFO - Processing /home/airflow/.local/lib/python3.8/site-packages/airflow/example_dags/example_branch_operator.py took 0.061 seconds
[2023-09-19T13:56:57.860+0000] {processor.py:157} INFO - Started process (PID=7105) to work on /home/airflow/.local/lib/python3.8/site-packages/airflow/example_dags/example_branch_operator.py
[2023-09-19T13:56:57.862+0000] {processor.py:829} INFO - Processing file /home/airflow/.local/lib/python3.8/site-packages/airflow/example_dags/example_branch_operator.py for tasks to queue
[2023-09-19T13:56:57.863+0000] {logging_mixin.py:151} INFO - [2023-09-19T13:56:57.862+0000] {dagbag.py:539} INFO - Filling up the DagBag from /home/airflow/.local/lib/python3.8/site-packages/airflow/example_dags/example_branch_operator.py
[2023-09-19T13:56:57.869+0000] {processor.py:839} INFO - DAG(s) dict_keys(['example_branch_operator']) retrieved from /home/airflow/.local/lib/python3.8/site-packages/airflow/example_dags/example_branch_operator.py
[2023-09-19T13:56:57.887+0000] {logging_mixin.py:151} INFO - [2023-09-19T13:56:57.887+0000] {dag.py:2915} INFO - Sync 1 DAGs
[2023-09-19T13:56:57.905+0000] {logging_mixin.py:151} INFO - [2023-09-19T13:56:57.905+0000] {dag.py:3696} INFO - Setting next_dagrun for example_branch_operator to 2023-09-18T00:00:00+00:00, run_after=2023-09-19T00:00:00+00:00
[2023-09-19T13:56:57.920+0000] {processor.py:179} INFO - Processing /home/airflow/.local/lib/python3.8/site-packages/airflow/example_dags/example_branch_operator.py took 0.061 seconds
[2023-09-19T13:57:28.262+0000] {processor.py:157} INFO - Started process (PID=7343) to work on /home/airflow/.local/lib/python3.8/site-packages/airflow/example_dags/example_branch_operator.py
[2023-09-19T13:57:28.263+0000] {processor.py:829} INFO - Processing file /home/airflow/.local/lib/python3.8/site-packages/airflow/example_dags/example_branch_operator.py for tasks to queue
[2023-09-19T13:57:28.264+0000] {logging_mixin.py:151} INFO - [2023-09-19T13:57:28.264+0000] {dagbag.py:539} INFO - Filling up the DagBag from /home/airflow/.local/lib/python3.8/site-packages/airflow/example_dags/example_branch_operator.py
[2023-09-19T13:57:28.271+0000] {processor.py:839} INFO - DAG(s) dict_keys(['example_branch_operator']) retrieved from /home/airflow/.local/lib/python3.8/site-packages/airflow/example_dags/example_branch_operator.py
[2023-09-19T13:57:28.295+0000] {logging_mixin.py:151} INFO - [2023-09-19T13:57:28.295+0000] {dag.py:2915} INFO - Sync 1 DAGs
[2023-09-19T13:57:28.315+0000] {logging_mixin.py:151} INFO - [2023-09-19T13:57:28.314+0000] {dag.py:3696} INFO - Setting next_dagrun for example_branch_operator to 2023-09-18T00:00:00+00:00, run_after=2023-09-19T00:00:00+00:00
[2023-09-19T13:57:28.332+0000] {processor.py:179} INFO - Processing /home/airflow/.local/lib/python3.8/site-packages/airflow/example_dags/example_branch_operator.py took 0.073 seconds
[2023-09-19T13:57:58.613+0000] {processor.py:157} INFO - Started process (PID=7582) to work on /home/airflow/.local/lib/python3.8/site-packages/airflow/example_dags/example_branch_operator.py
[2023-09-19T13:57:58.614+0000] {processor.py:829} INFO - Processing file /home/airflow/.local/lib/python3.8/site-packages/airflow/example_dags/example_branch_operator.py for tasks to queue
[2023-09-19T13:57:58.615+0000] {logging_mixin.py:151} INFO - [2023-09-19T13:57:58.614+0000] {dagbag.py:539} INFO - Filling up the DagBag from /home/airflow/.local/lib/python3.8/site-packages/airflow/example_dags/example_branch_operator.py
[2023-09-19T13:57:58.623+0000] {processor.py:839} INFO - DAG(s) dict_keys(['example_branch_operator']) retrieved from /home/airflow/.local/lib/python3.8/site-packages/airflow/example_dags/example_branch_operator.py
[2023-09-19T13:57:58.642+0000] {logging_mixin.py:151} INFO - [2023-09-19T13:57:58.641+0000] {dag.py:2915} INFO - Sync 1 DAGs
[2023-09-19T13:57:58.663+0000] {logging_mixin.py:151} INFO - [2023-09-19T13:57:58.663+0000] {dag.py:3696} INFO - Setting next_dagrun for example_branch_operator to 2023-09-18T00:00:00+00:00, run_after=2023-09-19T00:00:00+00:00
[2023-09-19T13:57:58.680+0000] {processor.py:179} INFO - Processing /home/airflow/.local/lib/python3.8/site-packages/airflow/example_dags/example_branch_operator.py took 0.069 seconds
[2023-09-19T13:58:28.977+0000] {processor.py:157} INFO - Started process (PID=7820) to work on /home/airflow/.local/lib/python3.8/site-packages/airflow/example_dags/example_branch_operator.py
[2023-09-19T13:58:28.978+0000] {processor.py:829} INFO - Processing file /home/airflow/.local/lib/python3.8/site-packages/airflow/example_dags/example_branch_operator.py for tasks to queue
[2023-09-19T13:58:28.979+0000] {logging_mixin.py:151} INFO - [2023-09-19T13:58:28.978+0000] {dagbag.py:539} INFO - Filling up the DagBag from /home/airflow/.local/lib/python3.8/site-packages/airflow/example_dags/example_branch_operator.py
[2023-09-19T13:58:28.986+0000] {processor.py:839} INFO - DAG(s) dict_keys(['example_branch_operator']) retrieved from /home/airflow/.local/lib/python3.8/site-packages/airflow/example_dags/example_branch_operator.py
[2023-09-19T13:58:29.006+0000] {logging_mixin.py:151} INFO - [2023-09-19T13:58:29.006+0000] {dag.py:2915} INFO - Sync 1 DAGs
[2023-09-19T13:58:29.024+0000] {logging_mixin.py:151} INFO - [2023-09-19T13:58:29.024+0000] {dag.py:3696} INFO - Setting next_dagrun for example_branch_operator to 2023-09-18T00:00:00+00:00, run_after=2023-09-19T00:00:00+00:00
[2023-09-19T13:58:29.044+0000] {processor.py:179} INFO - Processing /home/airflow/.local/lib/python3.8/site-packages/airflow/example_dags/example_branch_operator.py took 0.069 seconds
[2023-09-19T13:58:59.100+0000] {processor.py:157} INFO - Started process (PID=8058) to work on /home/airflow/.local/lib/python3.8/site-packages/airflow/example_dags/example_branch_operator.py
[2023-09-19T13:58:59.101+0000] {processor.py:829} INFO - Processing file /home/airflow/.local/lib/python3.8/site-packages/airflow/example_dags/example_branch_operator.py for tasks to queue
[2023-09-19T13:58:59.102+0000] {logging_mixin.py:151} INFO - [2023-09-19T13:58:59.102+0000] {dagbag.py:539} INFO - Filling up the DagBag from /home/airflow/.local/lib/python3.8/site-packages/airflow/example_dags/example_branch_operator.py
[2023-09-19T13:58:59.109+0000] {processor.py:839} INFO - DAG(s) dict_keys(['example_branch_operator']) retrieved from /home/airflow/.local/lib/python3.8/site-packages/airflow/example_dags/example_branch_operator.py
[2023-09-19T13:58:59.132+0000] {logging_mixin.py:151} INFO - [2023-09-19T13:58:59.131+0000] {dag.py:2915} INFO - Sync 1 DAGs
[2023-09-19T13:58:59.149+0000] {logging_mixin.py:151} INFO - [2023-09-19T13:58:59.149+0000] {dag.py:3696} INFO - Setting next_dagrun for example_branch_operator to 2023-09-18T00:00:00+00:00, run_after=2023-09-19T00:00:00+00:00
[2023-09-19T13:58:59.165+0000] {processor.py:179} INFO - Processing /home/airflow/.local/lib/python3.8/site-packages/airflow/example_dags/example_branch_operator.py took 0.067 seconds
[2023-09-19T13:59:29.328+0000] {processor.py:157} INFO - Started process (PID=8296) to work on /home/airflow/.local/lib/python3.8/site-packages/airflow/example_dags/example_branch_operator.py
[2023-09-19T13:59:29.330+0000] {processor.py:829} INFO - Processing file /home/airflow/.local/lib/python3.8/site-packages/airflow/example_dags/example_branch_operator.py for tasks to queue
[2023-09-19T13:59:29.331+0000] {logging_mixin.py:151} INFO - [2023-09-19T13:59:29.330+0000] {dagbag.py:539} INFO - Filling up the DagBag from /home/airflow/.local/lib/python3.8/site-packages/airflow/example_dags/example_branch_operator.py
[2023-09-19T13:59:29.337+0000] {processor.py:839} INFO - DAG(s) dict_keys(['example_branch_operator']) retrieved from /home/airflow/.local/lib/python3.8/site-packages/airflow/example_dags/example_branch_operator.py
[2023-09-19T13:59:29.355+0000] {logging_mixin.py:151} INFO - [2023-09-19T13:59:29.355+0000] {dag.py:2915} INFO - Sync 1 DAGs
[2023-09-19T13:59:29.372+0000] {logging_mixin.py:151} INFO - [2023-09-19T13:59:29.372+0000] {dag.py:3696} INFO - Setting next_dagrun for example_branch_operator to 2023-09-18T00:00:00+00:00, run_after=2023-09-19T00:00:00+00:00
[2023-09-19T13:59:29.389+0000] {processor.py:179} INFO - Processing /home/airflow/.local/lib/python3.8/site-packages/airflow/example_dags/example_branch_operator.py took 0.065 seconds
