[2023-09-19T13:42:07.295+0000] {processor.py:157} INFO - Started process (PID=185) to work on /home/airflow/.local/lib/python3.8/site-packages/airflow/example_dags/example_branch_python_dop_operator_3.py
[2023-09-19T13:42:07.296+0000] {processor.py:829} INFO - Processing file /home/airflow/.local/lib/python3.8/site-packages/airflow/example_dags/example_branch_python_dop_operator_3.py for tasks to queue
[2023-09-19T13:42:07.297+0000] {logging_mixin.py:151} INFO - [2023-09-19T13:42:07.296+0000] {dagbag.py:539} INFO - Filling up the DagBag from /home/airflow/.local/lib/python3.8/site-packages/airflow/example_dags/example_branch_python_dop_operator_3.py
[2023-09-19T13:42:07.304+0000] {processor.py:839} INFO - DAG(s) dict_keys(['example_branch_dop_operator_v3']) retrieved from /home/airflow/.local/lib/python3.8/site-packages/airflow/example_dags/example_branch_python_dop_operator_3.py
[2023-09-19T13:42:07.330+0000] {logging_mixin.py:151} INFO - [2023-09-19T13:42:07.330+0000] {dag.py:2915} INFO - Sync 1 DAGs
[2023-09-19T13:42:07.353+0000] {logging_mixin.py:151} INFO - [2023-09-19T13:42:07.353+0000] {dag.py:3696} INFO - Setting next_dagrun for example_branch_dop_operator_v3 to 2023-09-19T13:41:00+00:00, run_after=2023-09-19T13:42:00+00:00
[2023-09-19T13:42:07.383+0000] {processor.py:179} INFO - Processing /home/airflow/.local/lib/python3.8/site-packages/airflow/example_dags/example_branch_python_dop_operator_3.py took 0.092 seconds
[2023-09-19T13:42:45.293+0000] {processor.py:157} INFO - Started process (PID=425) to work on /home/airflow/.local/lib/python3.8/site-packages/airflow/example_dags/example_branch_python_dop_operator_3.py
[2023-09-19T13:42:45.295+0000] {processor.py:829} INFO - Processing file /home/airflow/.local/lib/python3.8/site-packages/airflow/example_dags/example_branch_python_dop_operator_3.py for tasks to queue
[2023-09-19T13:42:45.296+0000] {logging_mixin.py:151} INFO - [2023-09-19T13:42:45.295+0000] {dagbag.py:539} INFO - Filling up the DagBag from /home/airflow/.local/lib/python3.8/site-packages/airflow/example_dags/example_branch_python_dop_operator_3.py
[2023-09-19T13:42:45.306+0000] {processor.py:839} INFO - DAG(s) dict_keys(['example_branch_dop_operator_v3']) retrieved from /home/airflow/.local/lib/python3.8/site-packages/airflow/example_dags/example_branch_python_dop_operator_3.py
[2023-09-19T13:42:45.327+0000] {logging_mixin.py:151} INFO - [2023-09-19T13:42:45.326+0000] {dag.py:2915} INFO - Sync 1 DAGs
[2023-09-19T13:42:45.347+0000] {logging_mixin.py:151} INFO - [2023-09-19T13:42:45.347+0000] {dag.py:3696} INFO - Setting next_dagrun for example_branch_dop_operator_v3 to 2023-09-19T13:41:00+00:00, run_after=2023-09-19T13:42:00+00:00
[2023-09-19T13:42:45.368+0000] {processor.py:179} INFO - Processing /home/airflow/.local/lib/python3.8/site-packages/airflow/example_dags/example_branch_python_dop_operator_3.py took 0.078 seconds
[2023-09-19T13:43:15.800+0000] {processor.py:157} INFO - Started process (PID=661) to work on /home/airflow/.local/lib/python3.8/site-packages/airflow/example_dags/example_branch_python_dop_operator_3.py
[2023-09-19T13:43:15.810+0000] {processor.py:829} INFO - Processing file /home/airflow/.local/lib/python3.8/site-packages/airflow/example_dags/example_branch_python_dop_operator_3.py for tasks to queue
[2023-09-19T13:43:15.811+0000] {logging_mixin.py:151} INFO - [2023-09-19T13:43:15.810+0000] {dagbag.py:539} INFO - Filling up the DagBag from /home/airflow/.local/lib/python3.8/site-packages/airflow/example_dags/example_branch_python_dop_operator_3.py
[2023-09-19T13:43:15.817+0000] {processor.py:839} INFO - DAG(s) dict_keys(['example_branch_dop_operator_v3']) retrieved from /home/airflow/.local/lib/python3.8/site-packages/airflow/example_dags/example_branch_python_dop_operator_3.py
[2023-09-19T13:43:15.965+0000] {logging_mixin.py:151} INFO - [2023-09-19T13:43:15.964+0000] {dag.py:2915} INFO - Sync 1 DAGs
[2023-09-19T13:43:15.981+0000] {logging_mixin.py:151} INFO - [2023-09-19T13:43:15.981+0000] {dag.py:3696} INFO - Setting next_dagrun for example_branch_dop_operator_v3 to 2023-09-19T13:42:00+00:00, run_after=2023-09-19T13:43:00+00:00
[2023-09-19T13:43:16.021+0000] {processor.py:179} INFO - Processing /home/airflow/.local/lib/python3.8/site-packages/airflow/example_dags/example_branch_python_dop_operator_3.py took 0.223 seconds
[2023-09-19T13:43:46.820+0000] {processor.py:157} INFO - Started process (PID=901) to work on /home/airflow/.local/lib/python3.8/site-packages/airflow/example_dags/example_branch_python_dop_operator_3.py
[2023-09-19T13:43:46.821+0000] {processor.py:829} INFO - Processing file /home/airflow/.local/lib/python3.8/site-packages/airflow/example_dags/example_branch_python_dop_operator_3.py for tasks to queue
[2023-09-19T13:43:46.821+0000] {logging_mixin.py:151} INFO - [2023-09-19T13:43:46.821+0000] {dagbag.py:539} INFO - Filling up the DagBag from /home/airflow/.local/lib/python3.8/site-packages/airflow/example_dags/example_branch_python_dop_operator_3.py
[2023-09-19T13:43:46.826+0000] {processor.py:839} INFO - DAG(s) dict_keys(['example_branch_dop_operator_v3']) retrieved from /home/airflow/.local/lib/python3.8/site-packages/airflow/example_dags/example_branch_python_dop_operator_3.py
[2023-09-19T13:43:46.843+0000] {logging_mixin.py:151} INFO - [2023-09-19T13:43:46.843+0000] {dag.py:2915} INFO - Sync 1 DAGs
[2023-09-19T13:43:46.864+0000] {logging_mixin.py:151} INFO - [2023-09-19T13:43:46.864+0000] {dag.py:3696} INFO - Setting next_dagrun for example_branch_dop_operator_v3 to 2023-09-19T13:42:00+00:00, run_after=2023-09-19T13:43:00+00:00
[2023-09-19T13:43:46.883+0000] {processor.py:179} INFO - Processing /home/airflow/.local/lib/python3.8/site-packages/airflow/example_dags/example_branch_python_dop_operator_3.py took 0.065 seconds
[2023-09-19T13:44:17.125+0000] {processor.py:157} INFO - Started process (PID=1139) to work on /home/airflow/.local/lib/python3.8/site-packages/airflow/example_dags/example_branch_python_dop_operator_3.py
[2023-09-19T13:44:17.125+0000] {processor.py:829} INFO - Processing file /home/airflow/.local/lib/python3.8/site-packages/airflow/example_dags/example_branch_python_dop_operator_3.py for tasks to queue
[2023-09-19T13:44:17.126+0000] {logging_mixin.py:151} INFO - [2023-09-19T13:44:17.126+0000] {dagbag.py:539} INFO - Filling up the DagBag from /home/airflow/.local/lib/python3.8/site-packages/airflow/example_dags/example_branch_python_dop_operator_3.py
[2023-09-19T13:44:17.131+0000] {processor.py:839} INFO - DAG(s) dict_keys(['example_branch_dop_operator_v3']) retrieved from /home/airflow/.local/lib/python3.8/site-packages/airflow/example_dags/example_branch_python_dop_operator_3.py
[2023-09-19T13:44:17.144+0000] {logging_mixin.py:151} INFO - [2023-09-19T13:44:17.144+0000] {dag.py:2915} INFO - Sync 1 DAGs
[2023-09-19T13:44:17.162+0000] {logging_mixin.py:151} INFO - [2023-09-19T13:44:17.162+0000] {dag.py:3696} INFO - Setting next_dagrun for example_branch_dop_operator_v3 to 2023-09-19T13:43:00+00:00, run_after=2023-09-19T13:44:00+00:00
[2023-09-19T13:44:17.176+0000] {processor.py:179} INFO - Processing /home/airflow/.local/lib/python3.8/site-packages/airflow/example_dags/example_branch_python_dop_operator_3.py took 0.053 seconds
[2023-09-19T13:44:47.344+0000] {processor.py:157} INFO - Started process (PID=1377) to work on /home/airflow/.local/lib/python3.8/site-packages/airflow/example_dags/example_branch_python_dop_operator_3.py
[2023-09-19T13:44:47.344+0000] {processor.py:829} INFO - Processing file /home/airflow/.local/lib/python3.8/site-packages/airflow/example_dags/example_branch_python_dop_operator_3.py for tasks to queue
[2023-09-19T13:44:47.345+0000] {logging_mixin.py:151} INFO - [2023-09-19T13:44:47.345+0000] {dagbag.py:539} INFO - Filling up the DagBag from /home/airflow/.local/lib/python3.8/site-packages/airflow/example_dags/example_branch_python_dop_operator_3.py
[2023-09-19T13:44:47.351+0000] {processor.py:839} INFO - DAG(s) dict_keys(['example_branch_dop_operator_v3']) retrieved from /home/airflow/.local/lib/python3.8/site-packages/airflow/example_dags/example_branch_python_dop_operator_3.py
[2023-09-19T13:44:47.365+0000] {logging_mixin.py:151} INFO - [2023-09-19T13:44:47.365+0000] {dag.py:2915} INFO - Sync 1 DAGs
[2023-09-19T13:44:47.386+0000] {logging_mixin.py:151} INFO - [2023-09-19T13:44:47.386+0000] {dag.py:3696} INFO - Setting next_dagrun for example_branch_dop_operator_v3 to 2023-09-19T13:43:00+00:00, run_after=2023-09-19T13:44:00+00:00
[2023-09-19T13:44:47.403+0000] {processor.py:179} INFO - Processing /home/airflow/.local/lib/python3.8/site-packages/airflow/example_dags/example_branch_python_dop_operator_3.py took 0.061 seconds
[2023-09-19T13:45:17.924+0000] {processor.py:157} INFO - Started process (PID=1616) to work on /home/airflow/.local/lib/python3.8/site-packages/airflow/example_dags/example_branch_python_dop_operator_3.py
[2023-09-19T13:45:17.925+0000] {processor.py:829} INFO - Processing file /home/airflow/.local/lib/python3.8/site-packages/airflow/example_dags/example_branch_python_dop_operator_3.py for tasks to queue
[2023-09-19T13:45:17.925+0000] {logging_mixin.py:151} INFO - [2023-09-19T13:45:17.925+0000] {dagbag.py:539} INFO - Filling up the DagBag from /home/airflow/.local/lib/python3.8/site-packages/airflow/example_dags/example_branch_python_dop_operator_3.py
[2023-09-19T13:45:17.932+0000] {processor.py:839} INFO - DAG(s) dict_keys(['example_branch_dop_operator_v3']) retrieved from /home/airflow/.local/lib/python3.8/site-packages/airflow/example_dags/example_branch_python_dop_operator_3.py
[2023-09-19T13:45:17.942+0000] {logging_mixin.py:151} INFO - [2023-09-19T13:45:17.942+0000] {dag.py:2915} INFO - Sync 1 DAGs
[2023-09-19T13:45:17.967+0000] {logging_mixin.py:151} INFO - [2023-09-19T13:45:17.967+0000] {dag.py:3696} INFO - Setting next_dagrun for example_branch_dop_operator_v3 to 2023-09-19T13:44:00+00:00, run_after=2023-09-19T13:45:00+00:00
[2023-09-19T13:45:17.986+0000] {processor.py:179} INFO - Processing /home/airflow/.local/lib/python3.8/site-packages/airflow/example_dags/example_branch_python_dop_operator_3.py took 0.064 seconds
[2023-09-19T13:45:48.444+0000] {processor.py:157} INFO - Started process (PID=1854) to work on /home/airflow/.local/lib/python3.8/site-packages/airflow/example_dags/example_branch_python_dop_operator_3.py
[2023-09-19T13:45:48.445+0000] {processor.py:829} INFO - Processing file /home/airflow/.local/lib/python3.8/site-packages/airflow/example_dags/example_branch_python_dop_operator_3.py for tasks to queue
[2023-09-19T13:45:48.446+0000] {logging_mixin.py:151} INFO - [2023-09-19T13:45:48.446+0000] {dagbag.py:539} INFO - Filling up the DagBag from /home/airflow/.local/lib/python3.8/site-packages/airflow/example_dags/example_branch_python_dop_operator_3.py
[2023-09-19T13:45:48.453+0000] {processor.py:839} INFO - DAG(s) dict_keys(['example_branch_dop_operator_v3']) retrieved from /home/airflow/.local/lib/python3.8/site-packages/airflow/example_dags/example_branch_python_dop_operator_3.py
[2023-09-19T13:45:48.468+0000] {logging_mixin.py:151} INFO - [2023-09-19T13:45:48.468+0000] {dag.py:2915} INFO - Sync 1 DAGs
[2023-09-19T13:45:48.485+0000] {logging_mixin.py:151} INFO - [2023-09-19T13:45:48.485+0000] {dag.py:3696} INFO - Setting next_dagrun for example_branch_dop_operator_v3 to 2023-09-19T13:44:00+00:00, run_after=2023-09-19T13:45:00+00:00
[2023-09-19T13:45:48.501+0000] {processor.py:179} INFO - Processing /home/airflow/.local/lib/python3.8/site-packages/airflow/example_dags/example_branch_python_dop_operator_3.py took 0.059 seconds
[2023-09-19T13:46:18.856+0000] {processor.py:157} INFO - Started process (PID=2092) to work on /home/airflow/.local/lib/python3.8/site-packages/airflow/example_dags/example_branch_python_dop_operator_3.py
[2023-09-19T13:46:18.856+0000] {processor.py:829} INFO - Processing file /home/airflow/.local/lib/python3.8/site-packages/airflow/example_dags/example_branch_python_dop_operator_3.py for tasks to queue
[2023-09-19T13:46:18.857+0000] {logging_mixin.py:151} INFO - [2023-09-19T13:46:18.857+0000] {dagbag.py:539} INFO - Filling up the DagBag from /home/airflow/.local/lib/python3.8/site-packages/airflow/example_dags/example_branch_python_dop_operator_3.py
[2023-09-19T13:46:18.863+0000] {processor.py:839} INFO - DAG(s) dict_keys(['example_branch_dop_operator_v3']) retrieved from /home/airflow/.local/lib/python3.8/site-packages/airflow/example_dags/example_branch_python_dop_operator_3.py
[2023-09-19T13:46:18.881+0000] {logging_mixin.py:151} INFO - [2023-09-19T13:46:18.880+0000] {dag.py:2915} INFO - Sync 1 DAGs
[2023-09-19T13:46:18.905+0000] {logging_mixin.py:151} INFO - [2023-09-19T13:46:18.904+0000] {dag.py:3696} INFO - Setting next_dagrun for example_branch_dop_operator_v3 to 2023-09-19T13:45:00+00:00, run_after=2023-09-19T13:46:00+00:00
[2023-09-19T13:46:18.922+0000] {processor.py:179} INFO - Processing /home/airflow/.local/lib/python3.8/site-packages/airflow/example_dags/example_branch_python_dop_operator_3.py took 0.069 seconds
[2023-09-19T13:46:49.474+0000] {processor.py:157} INFO - Started process (PID=2330) to work on /home/airflow/.local/lib/python3.8/site-packages/airflow/example_dags/example_branch_python_dop_operator_3.py
[2023-09-19T13:46:49.475+0000] {processor.py:829} INFO - Processing file /home/airflow/.local/lib/python3.8/site-packages/airflow/example_dags/example_branch_python_dop_operator_3.py for tasks to queue
[2023-09-19T13:46:49.476+0000] {logging_mixin.py:151} INFO - [2023-09-19T13:46:49.475+0000] {dagbag.py:539} INFO - Filling up the DagBag from /home/airflow/.local/lib/python3.8/site-packages/airflow/example_dags/example_branch_python_dop_operator_3.py
[2023-09-19T13:46:49.484+0000] {processor.py:839} INFO - DAG(s) dict_keys(['example_branch_dop_operator_v3']) retrieved from /home/airflow/.local/lib/python3.8/site-packages/airflow/example_dags/example_branch_python_dop_operator_3.py
[2023-09-19T13:46:49.503+0000] {logging_mixin.py:151} INFO - [2023-09-19T13:46:49.503+0000] {dag.py:2915} INFO - Sync 1 DAGs
[2023-09-19T13:46:49.532+0000] {logging_mixin.py:151} INFO - [2023-09-19T13:46:49.532+0000] {dag.py:3696} INFO - Setting next_dagrun for example_branch_dop_operator_v3 to 2023-09-19T13:45:00+00:00, run_after=2023-09-19T13:46:00+00:00
[2023-09-19T13:46:49.553+0000] {processor.py:179} INFO - Processing /home/airflow/.local/lib/python3.8/site-packages/airflow/example_dags/example_branch_python_dop_operator_3.py took 0.084 seconds
[2023-09-19T13:47:19.843+0000] {processor.py:157} INFO - Started process (PID=2568) to work on /home/airflow/.local/lib/python3.8/site-packages/airflow/example_dags/example_branch_python_dop_operator_3.py
[2023-09-19T13:47:19.846+0000] {processor.py:829} INFO - Processing file /home/airflow/.local/lib/python3.8/site-packages/airflow/example_dags/example_branch_python_dop_operator_3.py for tasks to queue
[2023-09-19T13:47:19.849+0000] {logging_mixin.py:151} INFO - [2023-09-19T13:47:19.848+0000] {dagbag.py:539} INFO - Filling up the DagBag from /home/airflow/.local/lib/python3.8/site-packages/airflow/example_dags/example_branch_python_dop_operator_3.py
[2023-09-19T13:47:19.866+0000] {processor.py:839} INFO - DAG(s) dict_keys(['example_branch_dop_operator_v3']) retrieved from /home/airflow/.local/lib/python3.8/site-packages/airflow/example_dags/example_branch_python_dop_operator_3.py
[2023-09-19T13:47:19.905+0000] {logging_mixin.py:151} INFO - [2023-09-19T13:47:19.904+0000] {dag.py:2915} INFO - Sync 1 DAGs
[2023-09-19T13:47:19.949+0000] {logging_mixin.py:151} INFO - [2023-09-19T13:47:19.949+0000] {dag.py:3696} INFO - Setting next_dagrun for example_branch_dop_operator_v3 to 2023-09-19T13:46:00+00:00, run_after=2023-09-19T13:47:00+00:00
[2023-09-19T13:47:19.993+0000] {processor.py:179} INFO - Processing /home/airflow/.local/lib/python3.8/site-packages/airflow/example_dags/example_branch_python_dop_operator_3.py took 0.155 seconds
[2023-09-19T13:47:50.076+0000] {processor.py:157} INFO - Started process (PID=2806) to work on /home/airflow/.local/lib/python3.8/site-packages/airflow/example_dags/example_branch_python_dop_operator_3.py
[2023-09-19T13:47:50.079+0000] {processor.py:829} INFO - Processing file /home/airflow/.local/lib/python3.8/site-packages/airflow/example_dags/example_branch_python_dop_operator_3.py for tasks to queue
[2023-09-19T13:47:50.079+0000] {logging_mixin.py:151} INFO - [2023-09-19T13:47:50.079+0000] {dagbag.py:539} INFO - Filling up the DagBag from /home/airflow/.local/lib/python3.8/site-packages/airflow/example_dags/example_branch_python_dop_operator_3.py
[2023-09-19T13:47:50.088+0000] {processor.py:839} INFO - DAG(s) dict_keys(['example_branch_dop_operator_v3']) retrieved from /home/airflow/.local/lib/python3.8/site-packages/airflow/example_dags/example_branch_python_dop_operator_3.py
[2023-09-19T13:47:50.108+0000] {logging_mixin.py:151} INFO - [2023-09-19T13:47:50.108+0000] {dag.py:2915} INFO - Sync 1 DAGs
[2023-09-19T13:47:50.129+0000] {logging_mixin.py:151} INFO - [2023-09-19T13:47:50.129+0000] {dag.py:3696} INFO - Setting next_dagrun for example_branch_dop_operator_v3 to 2023-09-19T13:46:00+00:00, run_after=2023-09-19T13:47:00+00:00
[2023-09-19T13:47:50.149+0000] {processor.py:179} INFO - Processing /home/airflow/.local/lib/python3.8/site-packages/airflow/example_dags/example_branch_python_dop_operator_3.py took 0.075 seconds
[2023-09-19T13:48:20.525+0000] {processor.py:157} INFO - Started process (PID=3044) to work on /home/airflow/.local/lib/python3.8/site-packages/airflow/example_dags/example_branch_python_dop_operator_3.py
[2023-09-19T13:48:20.526+0000] {processor.py:829} INFO - Processing file /home/airflow/.local/lib/python3.8/site-packages/airflow/example_dags/example_branch_python_dop_operator_3.py for tasks to queue
[2023-09-19T13:48:20.526+0000] {logging_mixin.py:151} INFO - [2023-09-19T13:48:20.526+0000] {dagbag.py:539} INFO - Filling up the DagBag from /home/airflow/.local/lib/python3.8/site-packages/airflow/example_dags/example_branch_python_dop_operator_3.py
[2023-09-19T13:48:20.532+0000] {processor.py:839} INFO - DAG(s) dict_keys(['example_branch_dop_operator_v3']) retrieved from /home/airflow/.local/lib/python3.8/site-packages/airflow/example_dags/example_branch_python_dop_operator_3.py
[2023-09-19T13:48:20.548+0000] {logging_mixin.py:151} INFO - [2023-09-19T13:48:20.548+0000] {dag.py:2915} INFO - Sync 1 DAGs
[2023-09-19T13:48:20.572+0000] {logging_mixin.py:151} INFO - [2023-09-19T13:48:20.572+0000] {dag.py:3696} INFO - Setting next_dagrun for example_branch_dop_operator_v3 to 2023-09-19T13:47:00+00:00, run_after=2023-09-19T13:48:00+00:00
[2023-09-19T13:48:20.593+0000] {processor.py:179} INFO - Processing /home/airflow/.local/lib/python3.8/site-packages/airflow/example_dags/example_branch_python_dop_operator_3.py took 0.071 seconds
[2023-09-19T13:48:50.935+0000] {processor.py:157} INFO - Started process (PID=3282) to work on /home/airflow/.local/lib/python3.8/site-packages/airflow/example_dags/example_branch_python_dop_operator_3.py
[2023-09-19T13:48:50.937+0000] {processor.py:829} INFO - Processing file /home/airflow/.local/lib/python3.8/site-packages/airflow/example_dags/example_branch_python_dop_operator_3.py for tasks to queue
[2023-09-19T13:48:50.938+0000] {logging_mixin.py:151} INFO - [2023-09-19T13:48:50.938+0000] {dagbag.py:539} INFO - Filling up the DagBag from /home/airflow/.local/lib/python3.8/site-packages/airflow/example_dags/example_branch_python_dop_operator_3.py
[2023-09-19T13:48:50.945+0000] {processor.py:839} INFO - DAG(s) dict_keys(['example_branch_dop_operator_v3']) retrieved from /home/airflow/.local/lib/python3.8/site-packages/airflow/example_dags/example_branch_python_dop_operator_3.py
[2023-09-19T13:48:50.962+0000] {logging_mixin.py:151} INFO - [2023-09-19T13:48:50.962+0000] {dag.py:2915} INFO - Sync 1 DAGs
[2023-09-19T13:48:50.981+0000] {logging_mixin.py:151} INFO - [2023-09-19T13:48:50.981+0000] {dag.py:3696} INFO - Setting next_dagrun for example_branch_dop_operator_v3 to 2023-09-19T13:47:00+00:00, run_after=2023-09-19T13:48:00+00:00
[2023-09-19T13:48:51.004+0000] {processor.py:179} INFO - Processing /home/airflow/.local/lib/python3.8/site-packages/airflow/example_dags/example_branch_python_dop_operator_3.py took 0.072 seconds
[2023-09-19T13:49:21.450+0000] {processor.py:157} INFO - Started process (PID=3520) to work on /home/airflow/.local/lib/python3.8/site-packages/airflow/example_dags/example_branch_python_dop_operator_3.py
[2023-09-19T13:49:21.452+0000] {processor.py:829} INFO - Processing file /home/airflow/.local/lib/python3.8/site-packages/airflow/example_dags/example_branch_python_dop_operator_3.py for tasks to queue
[2023-09-19T13:49:21.452+0000] {logging_mixin.py:151} INFO - [2023-09-19T13:49:21.452+0000] {dagbag.py:539} INFO - Filling up the DagBag from /home/airflow/.local/lib/python3.8/site-packages/airflow/example_dags/example_branch_python_dop_operator_3.py
[2023-09-19T13:49:21.462+0000] {processor.py:839} INFO - DAG(s) dict_keys(['example_branch_dop_operator_v3']) retrieved from /home/airflow/.local/lib/python3.8/site-packages/airflow/example_dags/example_branch_python_dop_operator_3.py
[2023-09-19T13:49:21.480+0000] {logging_mixin.py:151} INFO - [2023-09-19T13:49:21.479+0000] {dag.py:2915} INFO - Sync 1 DAGs
[2023-09-19T13:49:21.500+0000] {logging_mixin.py:151} INFO - [2023-09-19T13:49:21.500+0000] {dag.py:3696} INFO - Setting next_dagrun for example_branch_dop_operator_v3 to 2023-09-19T13:48:00+00:00, run_after=2023-09-19T13:49:00+00:00
[2023-09-19T13:49:21.522+0000] {processor.py:179} INFO - Processing /home/airflow/.local/lib/python3.8/site-packages/airflow/example_dags/example_branch_python_dop_operator_3.py took 0.075 seconds
[2023-09-19T13:49:52.136+0000] {processor.py:157} INFO - Started process (PID=3758) to work on /home/airflow/.local/lib/python3.8/site-packages/airflow/example_dags/example_branch_python_dop_operator_3.py
[2023-09-19T13:49:52.137+0000] {processor.py:829} INFO - Processing file /home/airflow/.local/lib/python3.8/site-packages/airflow/example_dags/example_branch_python_dop_operator_3.py for tasks to queue
[2023-09-19T13:49:52.138+0000] {logging_mixin.py:151} INFO - [2023-09-19T13:49:52.138+0000] {dagbag.py:539} INFO - Filling up the DagBag from /home/airflow/.local/lib/python3.8/site-packages/airflow/example_dags/example_branch_python_dop_operator_3.py
[2023-09-19T13:49:52.146+0000] {processor.py:839} INFO - DAG(s) dict_keys(['example_branch_dop_operator_v3']) retrieved from /home/airflow/.local/lib/python3.8/site-packages/airflow/example_dags/example_branch_python_dop_operator_3.py
[2023-09-19T13:49:52.166+0000] {logging_mixin.py:151} INFO - [2023-09-19T13:49:52.166+0000] {dag.py:2915} INFO - Sync 1 DAGs
[2023-09-19T13:49:52.186+0000] {logging_mixin.py:151} INFO - [2023-09-19T13:49:52.185+0000] {dag.py:3696} INFO - Setting next_dagrun for example_branch_dop_operator_v3 to 2023-09-19T13:48:00+00:00, run_after=2023-09-19T13:49:00+00:00
[2023-09-19T13:49:52.204+0000] {processor.py:179} INFO - Processing /home/airflow/.local/lib/python3.8/site-packages/airflow/example_dags/example_branch_python_dop_operator_3.py took 0.071 seconds
[2023-09-19T13:50:22.688+0000] {processor.py:157} INFO - Started process (PID=3996) to work on /home/airflow/.local/lib/python3.8/site-packages/airflow/example_dags/example_branch_python_dop_operator_3.py
[2023-09-19T13:50:22.690+0000] {processor.py:829} INFO - Processing file /home/airflow/.local/lib/python3.8/site-packages/airflow/example_dags/example_branch_python_dop_operator_3.py for tasks to queue
[2023-09-19T13:50:22.690+0000] {logging_mixin.py:151} INFO - [2023-09-19T13:50:22.690+0000] {dagbag.py:539} INFO - Filling up the DagBag from /home/airflow/.local/lib/python3.8/site-packages/airflow/example_dags/example_branch_python_dop_operator_3.py
[2023-09-19T13:50:22.699+0000] {processor.py:839} INFO - DAG(s) dict_keys(['example_branch_dop_operator_v3']) retrieved from /home/airflow/.local/lib/python3.8/site-packages/airflow/example_dags/example_branch_python_dop_operator_3.py
[2023-09-19T13:50:22.720+0000] {logging_mixin.py:151} INFO - [2023-09-19T13:50:22.720+0000] {dag.py:2915} INFO - Sync 1 DAGs
[2023-09-19T13:50:22.749+0000] {logging_mixin.py:151} INFO - [2023-09-19T13:50:22.749+0000] {dag.py:3696} INFO - Setting next_dagrun for example_branch_dop_operator_v3 to 2023-09-19T13:49:00+00:00, run_after=2023-09-19T13:50:00+00:00
[2023-09-19T13:50:22.768+0000] {processor.py:179} INFO - Processing /home/airflow/.local/lib/python3.8/site-packages/airflow/example_dags/example_branch_python_dop_operator_3.py took 0.084 seconds
[2023-09-19T13:50:53.164+0000] {processor.py:157} INFO - Started process (PID=4233) to work on /home/airflow/.local/lib/python3.8/site-packages/airflow/example_dags/example_branch_python_dop_operator_3.py
[2023-09-19T13:50:53.164+0000] {processor.py:829} INFO - Processing file /home/airflow/.local/lib/python3.8/site-packages/airflow/example_dags/example_branch_python_dop_operator_3.py for tasks to queue
[2023-09-19T13:50:53.165+0000] {logging_mixin.py:151} INFO - [2023-09-19T13:50:53.165+0000] {dagbag.py:539} INFO - Filling up the DagBag from /home/airflow/.local/lib/python3.8/site-packages/airflow/example_dags/example_branch_python_dop_operator_3.py
[2023-09-19T13:50:53.173+0000] {processor.py:839} INFO - DAG(s) dict_keys(['example_branch_dop_operator_v3']) retrieved from /home/airflow/.local/lib/python3.8/site-packages/airflow/example_dags/example_branch_python_dop_operator_3.py
[2023-09-19T13:50:53.192+0000] {logging_mixin.py:151} INFO - [2023-09-19T13:50:53.191+0000] {dag.py:2915} INFO - Sync 1 DAGs
[2023-09-19T13:50:53.215+0000] {logging_mixin.py:151} INFO - [2023-09-19T13:50:53.215+0000] {dag.py:3696} INFO - Setting next_dagrun for example_branch_dop_operator_v3 to 2023-09-19T13:49:00+00:00, run_after=2023-09-19T13:50:00+00:00
[2023-09-19T13:50:53.233+0000] {processor.py:179} INFO - Processing /home/airflow/.local/lib/python3.8/site-packages/airflow/example_dags/example_branch_python_dop_operator_3.py took 0.071 seconds
[2023-09-19T13:51:23.599+0000] {processor.py:157} INFO - Started process (PID=4471) to work on /home/airflow/.local/lib/python3.8/site-packages/airflow/example_dags/example_branch_python_dop_operator_3.py
[2023-09-19T13:51:23.600+0000] {processor.py:829} INFO - Processing file /home/airflow/.local/lib/python3.8/site-packages/airflow/example_dags/example_branch_python_dop_operator_3.py for tasks to queue
[2023-09-19T13:51:23.601+0000] {logging_mixin.py:151} INFO - [2023-09-19T13:51:23.600+0000] {dagbag.py:539} INFO - Filling up the DagBag from /home/airflow/.local/lib/python3.8/site-packages/airflow/example_dags/example_branch_python_dop_operator_3.py
[2023-09-19T13:51:23.611+0000] {processor.py:839} INFO - DAG(s) dict_keys(['example_branch_dop_operator_v3']) retrieved from /home/airflow/.local/lib/python3.8/site-packages/airflow/example_dags/example_branch_python_dop_operator_3.py
[2023-09-19T13:51:23.630+0000] {logging_mixin.py:151} INFO - [2023-09-19T13:51:23.630+0000] {dag.py:2915} INFO - Sync 1 DAGs
[2023-09-19T13:51:23.651+0000] {logging_mixin.py:151} INFO - [2023-09-19T13:51:23.651+0000] {dag.py:3696} INFO - Setting next_dagrun for example_branch_dop_operator_v3 to 2023-09-19T13:50:00+00:00, run_after=2023-09-19T13:51:00+00:00
[2023-09-19T13:51:23.671+0000] {processor.py:179} INFO - Processing /home/airflow/.local/lib/python3.8/site-packages/airflow/example_dags/example_branch_python_dop_operator_3.py took 0.074 seconds
[2023-09-19T13:51:54.076+0000] {processor.py:157} INFO - Started process (PID=4709) to work on /home/airflow/.local/lib/python3.8/site-packages/airflow/example_dags/example_branch_python_dop_operator_3.py
[2023-09-19T13:51:54.077+0000] {processor.py:829} INFO - Processing file /home/airflow/.local/lib/python3.8/site-packages/airflow/example_dags/example_branch_python_dop_operator_3.py for tasks to queue
[2023-09-19T13:51:54.077+0000] {logging_mixin.py:151} INFO - [2023-09-19T13:51:54.077+0000] {dagbag.py:539} INFO - Filling up the DagBag from /home/airflow/.local/lib/python3.8/site-packages/airflow/example_dags/example_branch_python_dop_operator_3.py
[2023-09-19T13:51:54.087+0000] {processor.py:839} INFO - DAG(s) dict_keys(['example_branch_dop_operator_v3']) retrieved from /home/airflow/.local/lib/python3.8/site-packages/airflow/example_dags/example_branch_python_dop_operator_3.py
[2023-09-19T13:51:54.102+0000] {logging_mixin.py:151} INFO - [2023-09-19T13:51:54.102+0000] {dag.py:2915} INFO - Sync 1 DAGs
[2023-09-19T13:51:54.119+0000] {logging_mixin.py:151} INFO - [2023-09-19T13:51:54.119+0000] {dag.py:3696} INFO - Setting next_dagrun for example_branch_dop_operator_v3 to 2023-09-19T13:50:00+00:00, run_after=2023-09-19T13:51:00+00:00
[2023-09-19T13:51:54.136+0000] {processor.py:179} INFO - Processing /home/airflow/.local/lib/python3.8/site-packages/airflow/example_dags/example_branch_python_dop_operator_3.py took 0.062 seconds
[2023-09-19T13:52:24.248+0000] {processor.py:157} INFO - Started process (PID=4947) to work on /home/airflow/.local/lib/python3.8/site-packages/airflow/example_dags/example_branch_python_dop_operator_3.py
[2023-09-19T13:52:24.249+0000] {processor.py:829} INFO - Processing file /home/airflow/.local/lib/python3.8/site-packages/airflow/example_dags/example_branch_python_dop_operator_3.py for tasks to queue
[2023-09-19T13:52:24.250+0000] {logging_mixin.py:151} INFO - [2023-09-19T13:52:24.250+0000] {dagbag.py:539} INFO - Filling up the DagBag from /home/airflow/.local/lib/python3.8/site-packages/airflow/example_dags/example_branch_python_dop_operator_3.py
[2023-09-19T13:52:24.258+0000] {processor.py:839} INFO - DAG(s) dict_keys(['example_branch_dop_operator_v3']) retrieved from /home/airflow/.local/lib/python3.8/site-packages/airflow/example_dags/example_branch_python_dop_operator_3.py
[2023-09-19T13:52:24.279+0000] {logging_mixin.py:151} INFO - [2023-09-19T13:52:24.279+0000] {dag.py:2915} INFO - Sync 1 DAGs
[2023-09-19T13:52:24.299+0000] {logging_mixin.py:151} INFO - [2023-09-19T13:52:24.298+0000] {dag.py:3696} INFO - Setting next_dagrun for example_branch_dop_operator_v3 to 2023-09-19T13:51:00+00:00, run_after=2023-09-19T13:52:00+00:00
[2023-09-19T13:52:24.317+0000] {processor.py:179} INFO - Processing /home/airflow/.local/lib/python3.8/site-packages/airflow/example_dags/example_branch_python_dop_operator_3.py took 0.070 seconds
[2023-09-19T13:52:54.530+0000] {processor.py:157} INFO - Started process (PID=5186) to work on /home/airflow/.local/lib/python3.8/site-packages/airflow/example_dags/example_branch_python_dop_operator_3.py
[2023-09-19T13:52:54.531+0000] {processor.py:829} INFO - Processing file /home/airflow/.local/lib/python3.8/site-packages/airflow/example_dags/example_branch_python_dop_operator_3.py for tasks to queue
[2023-09-19T13:52:54.532+0000] {logging_mixin.py:151} INFO - [2023-09-19T13:52:54.531+0000] {dagbag.py:539} INFO - Filling up the DagBag from /home/airflow/.local/lib/python3.8/site-packages/airflow/example_dags/example_branch_python_dop_operator_3.py
[2023-09-19T13:52:54.538+0000] {processor.py:839} INFO - DAG(s) dict_keys(['example_branch_dop_operator_v3']) retrieved from /home/airflow/.local/lib/python3.8/site-packages/airflow/example_dags/example_branch_python_dop_operator_3.py
[2023-09-19T13:52:54.553+0000] {logging_mixin.py:151} INFO - [2023-09-19T13:52:54.553+0000] {dag.py:2915} INFO - Sync 1 DAGs
[2023-09-19T13:52:54.572+0000] {logging_mixin.py:151} INFO - [2023-09-19T13:52:54.572+0000] {dag.py:3696} INFO - Setting next_dagrun for example_branch_dop_operator_v3 to 2023-09-19T13:51:00+00:00, run_after=2023-09-19T13:52:00+00:00
[2023-09-19T13:52:54.593+0000] {processor.py:179} INFO - Processing /home/airflow/.local/lib/python3.8/site-packages/airflow/example_dags/example_branch_python_dop_operator_3.py took 0.066 seconds
[2023-09-19T13:53:24.786+0000] {processor.py:157} INFO - Started process (PID=5424) to work on /home/airflow/.local/lib/python3.8/site-packages/airflow/example_dags/example_branch_python_dop_operator_3.py
[2023-09-19T13:53:24.787+0000] {processor.py:829} INFO - Processing file /home/airflow/.local/lib/python3.8/site-packages/airflow/example_dags/example_branch_python_dop_operator_3.py for tasks to queue
[2023-09-19T13:53:24.787+0000] {logging_mixin.py:151} INFO - [2023-09-19T13:53:24.787+0000] {dagbag.py:539} INFO - Filling up the DagBag from /home/airflow/.local/lib/python3.8/site-packages/airflow/example_dags/example_branch_python_dop_operator_3.py
[2023-09-19T13:53:24.797+0000] {processor.py:839} INFO - DAG(s) dict_keys(['example_branch_dop_operator_v3']) retrieved from /home/airflow/.local/lib/python3.8/site-packages/airflow/example_dags/example_branch_python_dop_operator_3.py
[2023-09-19T13:53:24.812+0000] {logging_mixin.py:151} INFO - [2023-09-19T13:53:24.812+0000] {dag.py:2915} INFO - Sync 1 DAGs
[2023-09-19T13:53:24.829+0000] {logging_mixin.py:151} INFO - [2023-09-19T13:53:24.829+0000] {dag.py:3696} INFO - Setting next_dagrun for example_branch_dop_operator_v3 to 2023-09-19T13:52:00+00:00, run_after=2023-09-19T13:53:00+00:00
[2023-09-19T13:53:24.847+0000] {processor.py:179} INFO - Processing /home/airflow/.local/lib/python3.8/site-packages/airflow/example_dags/example_branch_python_dop_operator_3.py took 0.063 seconds
[2023-09-19T13:53:55.068+0000] {processor.py:157} INFO - Started process (PID=5662) to work on /home/airflow/.local/lib/python3.8/site-packages/airflow/example_dags/example_branch_python_dop_operator_3.py
[2023-09-19T13:53:55.069+0000] {processor.py:829} INFO - Processing file /home/airflow/.local/lib/python3.8/site-packages/airflow/example_dags/example_branch_python_dop_operator_3.py for tasks to queue
[2023-09-19T13:53:55.070+0000] {logging_mixin.py:151} INFO - [2023-09-19T13:53:55.070+0000] {dagbag.py:539} INFO - Filling up the DagBag from /home/airflow/.local/lib/python3.8/site-packages/airflow/example_dags/example_branch_python_dop_operator_3.py
[2023-09-19T13:53:55.076+0000] {processor.py:839} INFO - DAG(s) dict_keys(['example_branch_dop_operator_v3']) retrieved from /home/airflow/.local/lib/python3.8/site-packages/airflow/example_dags/example_branch_python_dop_operator_3.py
[2023-09-19T13:53:55.092+0000] {logging_mixin.py:151} INFO - [2023-09-19T13:53:55.092+0000] {dag.py:2915} INFO - Sync 1 DAGs
[2023-09-19T13:53:55.114+0000] {logging_mixin.py:151} INFO - [2023-09-19T13:53:55.114+0000] {dag.py:3696} INFO - Setting next_dagrun for example_branch_dop_operator_v3 to 2023-09-19T13:52:00+00:00, run_after=2023-09-19T13:53:00+00:00
[2023-09-19T13:53:55.130+0000] {processor.py:179} INFO - Processing /home/airflow/.local/lib/python3.8/site-packages/airflow/example_dags/example_branch_python_dop_operator_3.py took 0.065 seconds
[2023-09-19T13:54:25.448+0000] {processor.py:157} INFO - Started process (PID=5900) to work on /home/airflow/.local/lib/python3.8/site-packages/airflow/example_dags/example_branch_python_dop_operator_3.py
[2023-09-19T13:54:25.449+0000] {processor.py:829} INFO - Processing file /home/airflow/.local/lib/python3.8/site-packages/airflow/example_dags/example_branch_python_dop_operator_3.py for tasks to queue
[2023-09-19T13:54:25.450+0000] {logging_mixin.py:151} INFO - [2023-09-19T13:54:25.450+0000] {dagbag.py:539} INFO - Filling up the DagBag from /home/airflow/.local/lib/python3.8/site-packages/airflow/example_dags/example_branch_python_dop_operator_3.py
[2023-09-19T13:54:25.457+0000] {processor.py:839} INFO - DAG(s) dict_keys(['example_branch_dop_operator_v3']) retrieved from /home/airflow/.local/lib/python3.8/site-packages/airflow/example_dags/example_branch_python_dop_operator_3.py
[2023-09-19T13:54:25.475+0000] {logging_mixin.py:151} INFO - [2023-09-19T13:54:25.474+0000] {dag.py:2915} INFO - Sync 1 DAGs
[2023-09-19T13:54:25.495+0000] {logging_mixin.py:151} INFO - [2023-09-19T13:54:25.494+0000] {dag.py:3696} INFO - Setting next_dagrun for example_branch_dop_operator_v3 to 2023-09-19T13:53:00+00:00, run_after=2023-09-19T13:54:00+00:00
[2023-09-19T13:54:25.510+0000] {processor.py:179} INFO - Processing /home/airflow/.local/lib/python3.8/site-packages/airflow/example_dags/example_branch_python_dop_operator_3.py took 0.064 seconds
[2023-09-19T13:54:55.876+0000] {processor.py:157} INFO - Started process (PID=6138) to work on /home/airflow/.local/lib/python3.8/site-packages/airflow/example_dags/example_branch_python_dop_operator_3.py
[2023-09-19T13:54:55.877+0000] {processor.py:829} INFO - Processing file /home/airflow/.local/lib/python3.8/site-packages/airflow/example_dags/example_branch_python_dop_operator_3.py for tasks to queue
[2023-09-19T13:54:55.877+0000] {logging_mixin.py:151} INFO - [2023-09-19T13:54:55.877+0000] {dagbag.py:539} INFO - Filling up the DagBag from /home/airflow/.local/lib/python3.8/site-packages/airflow/example_dags/example_branch_python_dop_operator_3.py
[2023-09-19T13:54:55.886+0000] {processor.py:839} INFO - DAG(s) dict_keys(['example_branch_dop_operator_v3']) retrieved from /home/airflow/.local/lib/python3.8/site-packages/airflow/example_dags/example_branch_python_dop_operator_3.py
[2023-09-19T13:54:55.904+0000] {logging_mixin.py:151} INFO - [2023-09-19T13:54:55.904+0000] {dag.py:2915} INFO - Sync 1 DAGs
[2023-09-19T13:54:55.923+0000] {logging_mixin.py:151} INFO - [2023-09-19T13:54:55.923+0000] {dag.py:3696} INFO - Setting next_dagrun for example_branch_dop_operator_v3 to 2023-09-19T13:53:00+00:00, run_after=2023-09-19T13:54:00+00:00
[2023-09-19T13:54:55.938+0000] {processor.py:179} INFO - Processing /home/airflow/.local/lib/python3.8/site-packages/airflow/example_dags/example_branch_python_dop_operator_3.py took 0.064 seconds
[2023-09-19T13:55:26.165+0000] {processor.py:157} INFO - Started process (PID=6376) to work on /home/airflow/.local/lib/python3.8/site-packages/airflow/example_dags/example_branch_python_dop_operator_3.py
[2023-09-19T13:55:26.168+0000] {processor.py:829} INFO - Processing file /home/airflow/.local/lib/python3.8/site-packages/airflow/example_dags/example_branch_python_dop_operator_3.py for tasks to queue
[2023-09-19T13:55:26.168+0000] {logging_mixin.py:151} INFO - [2023-09-19T13:55:26.168+0000] {dagbag.py:539} INFO - Filling up the DagBag from /home/airflow/.local/lib/python3.8/site-packages/airflow/example_dags/example_branch_python_dop_operator_3.py
[2023-09-19T13:55:26.174+0000] {processor.py:839} INFO - DAG(s) dict_keys(['example_branch_dop_operator_v3']) retrieved from /home/airflow/.local/lib/python3.8/site-packages/airflow/example_dags/example_branch_python_dop_operator_3.py
[2023-09-19T13:55:26.190+0000] {logging_mixin.py:151} INFO - [2023-09-19T13:55:26.190+0000] {dag.py:2915} INFO - Sync 1 DAGs
[2023-09-19T13:55:26.208+0000] {logging_mixin.py:151} INFO - [2023-09-19T13:55:26.208+0000] {dag.py:3696} INFO - Setting next_dagrun for example_branch_dop_operator_v3 to 2023-09-19T13:54:00+00:00, run_after=2023-09-19T13:55:00+00:00
[2023-09-19T13:55:26.227+0000] {processor.py:179} INFO - Processing /home/airflow/.local/lib/python3.8/site-packages/airflow/example_dags/example_branch_python_dop_operator_3.py took 0.064 seconds
[2023-09-19T13:55:56.299+0000] {processor.py:157} INFO - Started process (PID=6614) to work on /home/airflow/.local/lib/python3.8/site-packages/airflow/example_dags/example_branch_python_dop_operator_3.py
[2023-09-19T13:55:56.300+0000] {processor.py:829} INFO - Processing file /home/airflow/.local/lib/python3.8/site-packages/airflow/example_dags/example_branch_python_dop_operator_3.py for tasks to queue
[2023-09-19T13:55:56.300+0000] {logging_mixin.py:151} INFO - [2023-09-19T13:55:56.300+0000] {dagbag.py:539} INFO - Filling up the DagBag from /home/airflow/.local/lib/python3.8/site-packages/airflow/example_dags/example_branch_python_dop_operator_3.py
[2023-09-19T13:55:56.308+0000] {processor.py:839} INFO - DAG(s) dict_keys(['example_branch_dop_operator_v3']) retrieved from /home/airflow/.local/lib/python3.8/site-packages/airflow/example_dags/example_branch_python_dop_operator_3.py
[2023-09-19T13:55:56.327+0000] {logging_mixin.py:151} INFO - [2023-09-19T13:55:56.327+0000] {dag.py:2915} INFO - Sync 1 DAGs
[2023-09-19T13:55:56.354+0000] {logging_mixin.py:151} INFO - [2023-09-19T13:55:56.354+0000] {dag.py:3696} INFO - Setting next_dagrun for example_branch_dop_operator_v3 to 2023-09-19T13:54:00+00:00, run_after=2023-09-19T13:55:00+00:00
[2023-09-19T13:55:56.375+0000] {processor.py:179} INFO - Processing /home/airflow/.local/lib/python3.8/site-packages/airflow/example_dags/example_branch_python_dop_operator_3.py took 0.080 seconds
[2023-09-19T13:56:26.471+0000] {processor.py:157} INFO - Started process (PID=6852) to work on /home/airflow/.local/lib/python3.8/site-packages/airflow/example_dags/example_branch_python_dop_operator_3.py
[2023-09-19T13:56:26.473+0000] {processor.py:829} INFO - Processing file /home/airflow/.local/lib/python3.8/site-packages/airflow/example_dags/example_branch_python_dop_operator_3.py for tasks to queue
[2023-09-19T13:56:26.474+0000] {logging_mixin.py:151} INFO - [2023-09-19T13:56:26.473+0000] {dagbag.py:539} INFO - Filling up the DagBag from /home/airflow/.local/lib/python3.8/site-packages/airflow/example_dags/example_branch_python_dop_operator_3.py
[2023-09-19T13:56:26.480+0000] {processor.py:839} INFO - DAG(s) dict_keys(['example_branch_dop_operator_v3']) retrieved from /home/airflow/.local/lib/python3.8/site-packages/airflow/example_dags/example_branch_python_dop_operator_3.py
[2023-09-19T13:56:26.495+0000] {logging_mixin.py:151} INFO - [2023-09-19T13:56:26.495+0000] {dag.py:2915} INFO - Sync 1 DAGs
[2023-09-19T13:56:26.517+0000] {logging_mixin.py:151} INFO - [2023-09-19T13:56:26.517+0000] {dag.py:3696} INFO - Setting next_dagrun for example_branch_dop_operator_v3 to 2023-09-19T13:55:00+00:00, run_after=2023-09-19T13:56:00+00:00
[2023-09-19T13:56:26.534+0000] {processor.py:179} INFO - Processing /home/airflow/.local/lib/python3.8/site-packages/airflow/example_dags/example_branch_python_dop_operator_3.py took 0.065 seconds
[2023-09-19T13:56:56.769+0000] {processor.py:157} INFO - Started process (PID=7090) to work on /home/airflow/.local/lib/python3.8/site-packages/airflow/example_dags/example_branch_python_dop_operator_3.py
[2023-09-19T13:56:56.769+0000] {processor.py:829} INFO - Processing file /home/airflow/.local/lib/python3.8/site-packages/airflow/example_dags/example_branch_python_dop_operator_3.py for tasks to queue
[2023-09-19T13:56:56.770+0000] {logging_mixin.py:151} INFO - [2023-09-19T13:56:56.770+0000] {dagbag.py:539} INFO - Filling up the DagBag from /home/airflow/.local/lib/python3.8/site-packages/airflow/example_dags/example_branch_python_dop_operator_3.py
[2023-09-19T13:56:56.776+0000] {processor.py:839} INFO - DAG(s) dict_keys(['example_branch_dop_operator_v3']) retrieved from /home/airflow/.local/lib/python3.8/site-packages/airflow/example_dags/example_branch_python_dop_operator_3.py
[2023-09-19T13:56:56.797+0000] {logging_mixin.py:151} INFO - [2023-09-19T13:56:56.797+0000] {dag.py:2915} INFO - Sync 1 DAGs
[2023-09-19T13:56:56.816+0000] {logging_mixin.py:151} INFO - [2023-09-19T13:56:56.816+0000] {dag.py:3696} INFO - Setting next_dagrun for example_branch_dop_operator_v3 to 2023-09-19T13:55:00+00:00, run_after=2023-09-19T13:56:00+00:00
[2023-09-19T13:56:56.831+0000] {processor.py:179} INFO - Processing /home/airflow/.local/lib/python3.8/site-packages/airflow/example_dags/example_branch_python_dop_operator_3.py took 0.065 seconds
[2023-09-19T13:57:27.163+0000] {processor.py:157} INFO - Started process (PID=7328) to work on /home/airflow/.local/lib/python3.8/site-packages/airflow/example_dags/example_branch_python_dop_operator_3.py
[2023-09-19T13:57:27.164+0000] {processor.py:829} INFO - Processing file /home/airflow/.local/lib/python3.8/site-packages/airflow/example_dags/example_branch_python_dop_operator_3.py for tasks to queue
[2023-09-19T13:57:27.165+0000] {logging_mixin.py:151} INFO - [2023-09-19T13:57:27.164+0000] {dagbag.py:539} INFO - Filling up the DagBag from /home/airflow/.local/lib/python3.8/site-packages/airflow/example_dags/example_branch_python_dop_operator_3.py
[2023-09-19T13:57:27.175+0000] {processor.py:839} INFO - DAG(s) dict_keys(['example_branch_dop_operator_v3']) retrieved from /home/airflow/.local/lib/python3.8/site-packages/airflow/example_dags/example_branch_python_dop_operator_3.py
[2023-09-19T13:57:27.197+0000] {logging_mixin.py:151} INFO - [2023-09-19T13:57:27.197+0000] {dag.py:2915} INFO - Sync 1 DAGs
[2023-09-19T13:57:27.226+0000] {logging_mixin.py:151} INFO - [2023-09-19T13:57:27.226+0000] {dag.py:3696} INFO - Setting next_dagrun for example_branch_dop_operator_v3 to 2023-09-19T13:56:00+00:00, run_after=2023-09-19T13:57:00+00:00
[2023-09-19T13:57:27.246+0000] {processor.py:179} INFO - Processing /home/airflow/.local/lib/python3.8/site-packages/airflow/example_dags/example_branch_python_dop_operator_3.py took 0.086 seconds
[2023-09-19T13:57:57.495+0000] {processor.py:157} INFO - Started process (PID=7567) to work on /home/airflow/.local/lib/python3.8/site-packages/airflow/example_dags/example_branch_python_dop_operator_3.py
[2023-09-19T13:57:57.496+0000] {processor.py:829} INFO - Processing file /home/airflow/.local/lib/python3.8/site-packages/airflow/example_dags/example_branch_python_dop_operator_3.py for tasks to queue
[2023-09-19T13:57:57.496+0000] {logging_mixin.py:151} INFO - [2023-09-19T13:57:57.496+0000] {dagbag.py:539} INFO - Filling up the DagBag from /home/airflow/.local/lib/python3.8/site-packages/airflow/example_dags/example_branch_python_dop_operator_3.py
[2023-09-19T13:57:57.506+0000] {processor.py:839} INFO - DAG(s) dict_keys(['example_branch_dop_operator_v3']) retrieved from /home/airflow/.local/lib/python3.8/site-packages/airflow/example_dags/example_branch_python_dop_operator_3.py
[2023-09-19T13:57:57.523+0000] {logging_mixin.py:151} INFO - [2023-09-19T13:57:57.523+0000] {dag.py:2915} INFO - Sync 1 DAGs
[2023-09-19T13:57:57.543+0000] {logging_mixin.py:151} INFO - [2023-09-19T13:57:57.543+0000] {dag.py:3696} INFO - Setting next_dagrun for example_branch_dop_operator_v3 to 2023-09-19T13:56:00+00:00, run_after=2023-09-19T13:57:00+00:00
[2023-09-19T13:57:57.561+0000] {processor.py:179} INFO - Processing /home/airflow/.local/lib/python3.8/site-packages/airflow/example_dags/example_branch_python_dop_operator_3.py took 0.068 seconds
[2023-09-19T13:58:27.887+0000] {processor.py:157} INFO - Started process (PID=7805) to work on /home/airflow/.local/lib/python3.8/site-packages/airflow/example_dags/example_branch_python_dop_operator_3.py
[2023-09-19T13:58:27.888+0000] {processor.py:829} INFO - Processing file /home/airflow/.local/lib/python3.8/site-packages/airflow/example_dags/example_branch_python_dop_operator_3.py for tasks to queue
[2023-09-19T13:58:27.888+0000] {logging_mixin.py:151} INFO - [2023-09-19T13:58:27.888+0000] {dagbag.py:539} INFO - Filling up the DagBag from /home/airflow/.local/lib/python3.8/site-packages/airflow/example_dags/example_branch_python_dop_operator_3.py
[2023-09-19T13:58:27.895+0000] {processor.py:839} INFO - DAG(s) dict_keys(['example_branch_dop_operator_v3']) retrieved from /home/airflow/.local/lib/python3.8/site-packages/airflow/example_dags/example_branch_python_dop_operator_3.py
[2023-09-19T13:58:27.910+0000] {logging_mixin.py:151} INFO - [2023-09-19T13:58:27.910+0000] {dag.py:2915} INFO - Sync 1 DAGs
[2023-09-19T13:58:27.931+0000] {logging_mixin.py:151} INFO - [2023-09-19T13:58:27.931+0000] {dag.py:3696} INFO - Setting next_dagrun for example_branch_dop_operator_v3 to 2023-09-19T13:57:00+00:00, run_after=2023-09-19T13:58:00+00:00
[2023-09-19T13:58:27.947+0000] {processor.py:179} INFO - Processing /home/airflow/.local/lib/python3.8/site-packages/airflow/example_dags/example_branch_python_dop_operator_3.py took 0.062 seconds
[2023-09-19T13:58:58.005+0000] {processor.py:157} INFO - Started process (PID=8043) to work on /home/airflow/.local/lib/python3.8/site-packages/airflow/example_dags/example_branch_python_dop_operator_3.py
[2023-09-19T13:58:58.006+0000] {processor.py:829} INFO - Processing file /home/airflow/.local/lib/python3.8/site-packages/airflow/example_dags/example_branch_python_dop_operator_3.py for tasks to queue
[2023-09-19T13:58:58.007+0000] {logging_mixin.py:151} INFO - [2023-09-19T13:58:58.006+0000] {dagbag.py:539} INFO - Filling up the DagBag from /home/airflow/.local/lib/python3.8/site-packages/airflow/example_dags/example_branch_python_dop_operator_3.py
[2023-09-19T13:58:58.014+0000] {processor.py:839} INFO - DAG(s) dict_keys(['example_branch_dop_operator_v3']) retrieved from /home/airflow/.local/lib/python3.8/site-packages/airflow/example_dags/example_branch_python_dop_operator_3.py
[2023-09-19T13:58:58.030+0000] {logging_mixin.py:151} INFO - [2023-09-19T13:58:58.030+0000] {dag.py:2915} INFO - Sync 1 DAGs
[2023-09-19T13:58:58.052+0000] {logging_mixin.py:151} INFO - [2023-09-19T13:58:58.052+0000] {dag.py:3696} INFO - Setting next_dagrun for example_branch_dop_operator_v3 to 2023-09-19T13:57:00+00:00, run_after=2023-09-19T13:58:00+00:00
[2023-09-19T13:58:58.069+0000] {processor.py:179} INFO - Processing /home/airflow/.local/lib/python3.8/site-packages/airflow/example_dags/example_branch_python_dop_operator_3.py took 0.066 seconds
[2023-09-19T13:59:28.238+0000] {processor.py:157} INFO - Started process (PID=8281) to work on /home/airflow/.local/lib/python3.8/site-packages/airflow/example_dags/example_branch_python_dop_operator_3.py
[2023-09-19T13:59:28.239+0000] {processor.py:829} INFO - Processing file /home/airflow/.local/lib/python3.8/site-packages/airflow/example_dags/example_branch_python_dop_operator_3.py for tasks to queue
[2023-09-19T13:59:28.240+0000] {logging_mixin.py:151} INFO - [2023-09-19T13:59:28.240+0000] {dagbag.py:539} INFO - Filling up the DagBag from /home/airflow/.local/lib/python3.8/site-packages/airflow/example_dags/example_branch_python_dop_operator_3.py
[2023-09-19T13:59:28.246+0000] {processor.py:839} INFO - DAG(s) dict_keys(['example_branch_dop_operator_v3']) retrieved from /home/airflow/.local/lib/python3.8/site-packages/airflow/example_dags/example_branch_python_dop_operator_3.py
[2023-09-19T13:59:28.260+0000] {logging_mixin.py:151} INFO - [2023-09-19T13:59:28.260+0000] {dag.py:2915} INFO - Sync 1 DAGs
[2023-09-19T13:59:28.279+0000] {logging_mixin.py:151} INFO - [2023-09-19T13:59:28.278+0000] {dag.py:3696} INFO - Setting next_dagrun for example_branch_dop_operator_v3 to 2023-09-19T13:58:00+00:00, run_after=2023-09-19T13:59:00+00:00
[2023-09-19T13:59:28.296+0000] {processor.py:179} INFO - Processing /home/airflow/.local/lib/python3.8/site-packages/airflow/example_dags/example_branch_python_dop_operator_3.py took 0.060 seconds
