[2023-09-19T13:42:09.588+0000] {processor.py:157} INFO - Started process (PID=320) to work on /home/airflow/.local/lib/python3.8/site-packages/airflow/example_dags/example_setup_teardown.py
[2023-09-19T13:42:09.589+0000] {processor.py:829} INFO - Processing file /home/airflow/.local/lib/python3.8/site-packages/airflow/example_dags/example_setup_teardown.py for tasks to queue
[2023-09-19T13:42:09.589+0000] {logging_mixin.py:151} INFO - [2023-09-19T13:42:09.589+0000] {dagbag.py:539} INFO - Filling up the DagBag from /home/airflow/.local/lib/python3.8/site-packages/airflow/example_dags/example_setup_teardown.py
[2023-09-19T13:42:09.595+0000] {processor.py:839} INFO - DAG(s) dict_keys(['example_setup_teardown']) retrieved from /home/airflow/.local/lib/python3.8/site-packages/airflow/example_dags/example_setup_teardown.py
[2023-09-19T13:42:09.618+0000] {logging_mixin.py:151} INFO - [2023-09-19T13:42:09.617+0000] {dag.py:2915} INFO - Sync 1 DAGs
[2023-09-19T13:42:09.642+0000] {logging_mixin.py:151} INFO - [2023-09-19T13:42:09.642+0000] {dag.py:3696} INFO - Setting next_dagrun for example_setup_teardown to 2023-09-18T13:42:09.639394+00:00, run_after=2023-09-19T13:42:09.639394+00:00
[2023-09-19T13:42:09.665+0000] {processor.py:179} INFO - Processing /home/airflow/.local/lib/python3.8/site-packages/airflow/example_dags/example_setup_teardown.py took 0.080 seconds
[2023-09-19T13:42:47.668+0000] {processor.py:157} INFO - Started process (PID=558) to work on /home/airflow/.local/lib/python3.8/site-packages/airflow/example_dags/example_setup_teardown.py
[2023-09-19T13:42:47.669+0000] {processor.py:829} INFO - Processing file /home/airflow/.local/lib/python3.8/site-packages/airflow/example_dags/example_setup_teardown.py for tasks to queue
[2023-09-19T13:42:47.670+0000] {logging_mixin.py:151} INFO - [2023-09-19T13:42:47.670+0000] {dagbag.py:539} INFO - Filling up the DagBag from /home/airflow/.local/lib/python3.8/site-packages/airflow/example_dags/example_setup_teardown.py
[2023-09-19T13:42:47.676+0000] {processor.py:839} INFO - DAG(s) dict_keys(['example_setup_teardown']) retrieved from /home/airflow/.local/lib/python3.8/site-packages/airflow/example_dags/example_setup_teardown.py
[2023-09-19T13:42:47.693+0000] {logging_mixin.py:151} INFO - [2023-09-19T13:42:47.693+0000] {dag.py:2915} INFO - Sync 1 DAGs
[2023-09-19T13:42:47.845+0000] {logging_mixin.py:151} INFO - [2023-09-19T13:42:47.844+0000] {dag.py:3696} INFO - Setting next_dagrun for example_setup_teardown to 2023-09-18T13:42:47.844758+00:00, run_after=2023-09-19T13:42:47.844758+00:00
[2023-09-19T13:42:47.860+0000] {processor.py:179} INFO - Processing /home/airflow/.local/lib/python3.8/site-packages/airflow/example_dags/example_setup_teardown.py took 0.194 seconds
[2023-09-19T13:43:17.913+0000] {processor.py:157} INFO - Started process (PID=798) to work on /home/airflow/.local/lib/python3.8/site-packages/airflow/example_dags/example_setup_teardown.py
[2023-09-19T13:43:17.914+0000] {processor.py:829} INFO - Processing file /home/airflow/.local/lib/python3.8/site-packages/airflow/example_dags/example_setup_teardown.py for tasks to queue
[2023-09-19T13:43:17.914+0000] {logging_mixin.py:151} INFO - [2023-09-19T13:43:17.914+0000] {dagbag.py:539} INFO - Filling up the DagBag from /home/airflow/.local/lib/python3.8/site-packages/airflow/example_dags/example_setup_teardown.py
[2023-09-19T13:43:17.919+0000] {processor.py:839} INFO - DAG(s) dict_keys(['example_setup_teardown']) retrieved from /home/airflow/.local/lib/python3.8/site-packages/airflow/example_dags/example_setup_teardown.py
[2023-09-19T13:43:17.943+0000] {logging_mixin.py:151} INFO - [2023-09-19T13:43:17.943+0000] {dag.py:2915} INFO - Sync 1 DAGs
[2023-09-19T13:43:17.961+0000] {logging_mixin.py:151} INFO - [2023-09-19T13:43:17.960+0000] {dag.py:3696} INFO - Setting next_dagrun for example_setup_teardown to 2023-09-18T13:43:17.960630+00:00, run_after=2023-09-19T13:43:17.960630+00:00
[2023-09-19T13:43:17.980+0000] {processor.py:179} INFO - Processing /home/airflow/.local/lib/python3.8/site-packages/airflow/example_dags/example_setup_teardown.py took 0.069 seconds
[2023-09-19T13:43:48.145+0000] {processor.py:157} INFO - Started process (PID=1034) to work on /home/airflow/.local/lib/python3.8/site-packages/airflow/example_dags/example_setup_teardown.py
[2023-09-19T13:43:48.146+0000] {processor.py:829} INFO - Processing file /home/airflow/.local/lib/python3.8/site-packages/airflow/example_dags/example_setup_teardown.py for tasks to queue
[2023-09-19T13:43:48.147+0000] {logging_mixin.py:151} INFO - [2023-09-19T13:43:48.147+0000] {dagbag.py:539} INFO - Filling up the DagBag from /home/airflow/.local/lib/python3.8/site-packages/airflow/example_dags/example_setup_teardown.py
[2023-09-19T13:43:48.153+0000] {processor.py:839} INFO - DAG(s) dict_keys(['example_setup_teardown']) retrieved from /home/airflow/.local/lib/python3.8/site-packages/airflow/example_dags/example_setup_teardown.py
[2023-09-19T13:43:48.174+0000] {logging_mixin.py:151} INFO - [2023-09-19T13:43:48.174+0000] {dag.py:2915} INFO - Sync 1 DAGs
[2023-09-19T13:43:48.192+0000] {logging_mixin.py:151} INFO - [2023-09-19T13:43:48.192+0000] {dag.py:3696} INFO - Setting next_dagrun for example_setup_teardown to 2023-09-18T13:43:48.192370+00:00, run_after=2023-09-19T13:43:48.192370+00:00
[2023-09-19T13:43:48.211+0000] {processor.py:179} INFO - Processing /home/airflow/.local/lib/python3.8/site-packages/airflow/example_dags/example_setup_teardown.py took 0.068 seconds
[2023-09-19T13:44:18.483+0000] {processor.py:157} INFO - Started process (PID=1274) to work on /home/airflow/.local/lib/python3.8/site-packages/airflow/example_dags/example_setup_teardown.py
[2023-09-19T13:44:18.484+0000] {processor.py:829} INFO - Processing file /home/airflow/.local/lib/python3.8/site-packages/airflow/example_dags/example_setup_teardown.py for tasks to queue
[2023-09-19T13:44:18.484+0000] {logging_mixin.py:151} INFO - [2023-09-19T13:44:18.484+0000] {dagbag.py:539} INFO - Filling up the DagBag from /home/airflow/.local/lib/python3.8/site-packages/airflow/example_dags/example_setup_teardown.py
[2023-09-19T13:44:18.489+0000] {processor.py:839} INFO - DAG(s) dict_keys(['example_setup_teardown']) retrieved from /home/airflow/.local/lib/python3.8/site-packages/airflow/example_dags/example_setup_teardown.py
[2023-09-19T13:44:18.503+0000] {logging_mixin.py:151} INFO - [2023-09-19T13:44:18.502+0000] {dag.py:2915} INFO - Sync 1 DAGs
[2023-09-19T13:44:18.516+0000] {logging_mixin.py:151} INFO - [2023-09-19T13:44:18.516+0000] {dag.py:3696} INFO - Setting next_dagrun for example_setup_teardown to 2023-09-18T13:44:18.516229+00:00, run_after=2023-09-19T13:44:18.516229+00:00
[2023-09-19T13:44:18.532+0000] {processor.py:179} INFO - Processing /home/airflow/.local/lib/python3.8/site-packages/airflow/example_dags/example_setup_teardown.py took 0.051 seconds
[2023-09-19T13:44:48.964+0000] {processor.py:157} INFO - Started process (PID=1510) to work on /home/airflow/.local/lib/python3.8/site-packages/airflow/example_dags/example_setup_teardown.py
[2023-09-19T13:44:48.965+0000] {processor.py:829} INFO - Processing file /home/airflow/.local/lib/python3.8/site-packages/airflow/example_dags/example_setup_teardown.py for tasks to queue
[2023-09-19T13:44:48.966+0000] {logging_mixin.py:151} INFO - [2023-09-19T13:44:48.966+0000] {dagbag.py:539} INFO - Filling up the DagBag from /home/airflow/.local/lib/python3.8/site-packages/airflow/example_dags/example_setup_teardown.py
[2023-09-19T13:44:48.972+0000] {processor.py:839} INFO - DAG(s) dict_keys(['example_setup_teardown']) retrieved from /home/airflow/.local/lib/python3.8/site-packages/airflow/example_dags/example_setup_teardown.py
[2023-09-19T13:44:48.989+0000] {logging_mixin.py:151} INFO - [2023-09-19T13:44:48.989+0000] {dag.py:2915} INFO - Sync 1 DAGs
[2023-09-19T13:44:49.008+0000] {logging_mixin.py:151} INFO - [2023-09-19T13:44:49.008+0000] {dag.py:3696} INFO - Setting next_dagrun for example_setup_teardown to 2023-09-18T13:44:49.007943+00:00, run_after=2023-09-19T13:44:49.007943+00:00
[2023-09-19T13:44:49.029+0000] {processor.py:179} INFO - Processing /home/airflow/.local/lib/python3.8/site-packages/airflow/example_dags/example_setup_teardown.py took 0.068 seconds
[2023-09-19T13:45:19.431+0000] {processor.py:157} INFO - Started process (PID=1749) to work on /home/airflow/.local/lib/python3.8/site-packages/airflow/example_dags/example_setup_teardown.py
[2023-09-19T13:45:19.432+0000] {processor.py:829} INFO - Processing file /home/airflow/.local/lib/python3.8/site-packages/airflow/example_dags/example_setup_teardown.py for tasks to queue
[2023-09-19T13:45:19.433+0000] {logging_mixin.py:151} INFO - [2023-09-19T13:45:19.433+0000] {dagbag.py:539} INFO - Filling up the DagBag from /home/airflow/.local/lib/python3.8/site-packages/airflow/example_dags/example_setup_teardown.py
[2023-09-19T13:45:19.442+0000] {processor.py:839} INFO - DAG(s) dict_keys(['example_setup_teardown']) retrieved from /home/airflow/.local/lib/python3.8/site-packages/airflow/example_dags/example_setup_teardown.py
[2023-09-19T13:45:19.454+0000] {logging_mixin.py:151} INFO - [2023-09-19T13:45:19.454+0000] {dag.py:2915} INFO - Sync 1 DAGs
[2023-09-19T13:45:19.473+0000] {logging_mixin.py:151} INFO - [2023-09-19T13:45:19.473+0000] {dag.py:3696} INFO - Setting next_dagrun for example_setup_teardown to 2023-09-18T13:45:19.472851+00:00, run_after=2023-09-19T13:45:19.472851+00:00
[2023-09-19T13:45:19.499+0000] {processor.py:179} INFO - Processing /home/airflow/.local/lib/python3.8/site-packages/airflow/example_dags/example_setup_teardown.py took 0.070 seconds
[2023-09-19T13:45:49.836+0000] {processor.py:157} INFO - Started process (PID=1989) to work on /home/airflow/.local/lib/python3.8/site-packages/airflow/example_dags/example_setup_teardown.py
[2023-09-19T13:45:49.837+0000] {processor.py:829} INFO - Processing file /home/airflow/.local/lib/python3.8/site-packages/airflow/example_dags/example_setup_teardown.py for tasks to queue
[2023-09-19T13:45:49.837+0000] {logging_mixin.py:151} INFO - [2023-09-19T13:45:49.837+0000] {dagbag.py:539} INFO - Filling up the DagBag from /home/airflow/.local/lib/python3.8/site-packages/airflow/example_dags/example_setup_teardown.py
[2023-09-19T13:45:49.842+0000] {processor.py:839} INFO - DAG(s) dict_keys(['example_setup_teardown']) retrieved from /home/airflow/.local/lib/python3.8/site-packages/airflow/example_dags/example_setup_teardown.py
[2023-09-19T13:45:49.857+0000] {logging_mixin.py:151} INFO - [2023-09-19T13:45:49.857+0000] {dag.py:2915} INFO - Sync 1 DAGs
[2023-09-19T13:45:49.874+0000] {logging_mixin.py:151} INFO - [2023-09-19T13:45:49.874+0000] {dag.py:3696} INFO - Setting next_dagrun for example_setup_teardown to 2023-09-18T13:45:49.874514+00:00, run_after=2023-09-19T13:45:49.874514+00:00
[2023-09-19T13:45:49.891+0000] {processor.py:179} INFO - Processing /home/airflow/.local/lib/python3.8/site-packages/airflow/example_dags/example_setup_teardown.py took 0.057 seconds
[2023-09-19T13:46:20.372+0000] {processor.py:157} INFO - Started process (PID=2227) to work on /home/airflow/.local/lib/python3.8/site-packages/airflow/example_dags/example_setup_teardown.py
[2023-09-19T13:46:20.374+0000] {processor.py:829} INFO - Processing file /home/airflow/.local/lib/python3.8/site-packages/airflow/example_dags/example_setup_teardown.py for tasks to queue
[2023-09-19T13:46:20.375+0000] {logging_mixin.py:151} INFO - [2023-09-19T13:46:20.374+0000] {dagbag.py:539} INFO - Filling up the DagBag from /home/airflow/.local/lib/python3.8/site-packages/airflow/example_dags/example_setup_teardown.py
[2023-09-19T13:46:20.383+0000] {processor.py:839} INFO - DAG(s) dict_keys(['example_setup_teardown']) retrieved from /home/airflow/.local/lib/python3.8/site-packages/airflow/example_dags/example_setup_teardown.py
[2023-09-19T13:46:20.402+0000] {logging_mixin.py:151} INFO - [2023-09-19T13:46:20.402+0000] {dag.py:2915} INFO - Sync 1 DAGs
[2023-09-19T13:46:20.424+0000] {logging_mixin.py:151} INFO - [2023-09-19T13:46:20.424+0000] {dag.py:3696} INFO - Setting next_dagrun for example_setup_teardown to 2023-09-18T13:46:20.424332+00:00, run_after=2023-09-19T13:46:20.424332+00:00
[2023-09-19T13:46:20.453+0000] {processor.py:179} INFO - Processing /home/airflow/.local/lib/python3.8/site-packages/airflow/example_dags/example_setup_teardown.py took 0.086 seconds
[2023-09-19T13:46:51.361+0000] {processor.py:157} INFO - Started process (PID=2463) to work on /home/airflow/.local/lib/python3.8/site-packages/airflow/example_dags/example_setup_teardown.py
[2023-09-19T13:46:51.364+0000] {processor.py:829} INFO - Processing file /home/airflow/.local/lib/python3.8/site-packages/airflow/example_dags/example_setup_teardown.py for tasks to queue
[2023-09-19T13:46:51.365+0000] {logging_mixin.py:151} INFO - [2023-09-19T13:46:51.365+0000] {dagbag.py:539} INFO - Filling up the DagBag from /home/airflow/.local/lib/python3.8/site-packages/airflow/example_dags/example_setup_teardown.py
[2023-09-19T13:46:51.373+0000] {processor.py:839} INFO - DAG(s) dict_keys(['example_setup_teardown']) retrieved from /home/airflow/.local/lib/python3.8/site-packages/airflow/example_dags/example_setup_teardown.py
[2023-09-19T13:46:51.392+0000] {logging_mixin.py:151} INFO - [2023-09-19T13:46:51.392+0000] {dag.py:2915} INFO - Sync 1 DAGs
[2023-09-19T13:46:51.414+0000] {logging_mixin.py:151} INFO - [2023-09-19T13:46:51.413+0000] {dag.py:3696} INFO - Setting next_dagrun for example_setup_teardown to 2023-09-18T13:46:51.413359+00:00, run_after=2023-09-19T13:46:51.413359+00:00
[2023-09-19T13:46:51.435+0000] {processor.py:179} INFO - Processing /home/airflow/.local/lib/python3.8/site-packages/airflow/example_dags/example_setup_teardown.py took 0.078 seconds
[2023-09-19T13:47:23.099+0000] {processor.py:157} INFO - Started process (PID=2701) to work on /home/airflow/.local/lib/python3.8/site-packages/airflow/example_dags/example_setup_teardown.py
[2023-09-19T13:47:23.103+0000] {processor.py:829} INFO - Processing file /home/airflow/.local/lib/python3.8/site-packages/airflow/example_dags/example_setup_teardown.py for tasks to queue
[2023-09-19T13:47:23.105+0000] {logging_mixin.py:151} INFO - [2023-09-19T13:47:23.104+0000] {dagbag.py:539} INFO - Filling up the DagBag from /home/airflow/.local/lib/python3.8/site-packages/airflow/example_dags/example_setup_teardown.py
[2023-09-19T13:47:23.119+0000] {processor.py:839} INFO - DAG(s) dict_keys(['example_setup_teardown']) retrieved from /home/airflow/.local/lib/python3.8/site-packages/airflow/example_dags/example_setup_teardown.py
[2023-09-19T13:47:23.176+0000] {logging_mixin.py:151} INFO - [2023-09-19T13:47:23.176+0000] {dag.py:2915} INFO - Sync 1 DAGs
[2023-09-19T13:47:23.213+0000] {logging_mixin.py:151} INFO - [2023-09-19T13:47:23.212+0000] {dag.py:3696} INFO - Setting next_dagrun for example_setup_teardown to 2023-09-18T13:47:23.212026+00:00, run_after=2023-09-19T13:47:23.212026+00:00
[2023-09-19T13:47:23.245+0000] {processor.py:179} INFO - Processing /home/airflow/.local/lib/python3.8/site-packages/airflow/example_dags/example_setup_teardown.py took 0.151 seconds
[2023-09-19T13:47:53.431+0000] {processor.py:157} INFO - Started process (PID=2939) to work on /home/airflow/.local/lib/python3.8/site-packages/airflow/example_dags/example_setup_teardown.py
[2023-09-19T13:47:53.432+0000] {processor.py:829} INFO - Processing file /home/airflow/.local/lib/python3.8/site-packages/airflow/example_dags/example_setup_teardown.py for tasks to queue
[2023-09-19T13:47:53.433+0000] {logging_mixin.py:151} INFO - [2023-09-19T13:47:53.432+0000] {dagbag.py:539} INFO - Filling up the DagBag from /home/airflow/.local/lib/python3.8/site-packages/airflow/example_dags/example_setup_teardown.py
[2023-09-19T13:47:53.439+0000] {processor.py:839} INFO - DAG(s) dict_keys(['example_setup_teardown']) retrieved from /home/airflow/.local/lib/python3.8/site-packages/airflow/example_dags/example_setup_teardown.py
[2023-09-19T13:47:53.460+0000] {logging_mixin.py:151} INFO - [2023-09-19T13:47:53.460+0000] {dag.py:2915} INFO - Sync 1 DAGs
[2023-09-19T13:47:53.478+0000] {logging_mixin.py:151} INFO - [2023-09-19T13:47:53.478+0000] {dag.py:3696} INFO - Setting next_dagrun for example_setup_teardown to 2023-09-18T13:47:53.478418+00:00, run_after=2023-09-19T13:47:53.478418+00:00
[2023-09-19T13:47:53.503+0000] {processor.py:179} INFO - Processing /home/airflow/.local/lib/python3.8/site-packages/airflow/example_dags/example_setup_teardown.py took 0.075 seconds
[2023-09-19T13:48:23.849+0000] {processor.py:157} INFO - Started process (PID=3177) to work on /home/airflow/.local/lib/python3.8/site-packages/airflow/example_dags/example_setup_teardown.py
[2023-09-19T13:48:23.851+0000] {processor.py:829} INFO - Processing file /home/airflow/.local/lib/python3.8/site-packages/airflow/example_dags/example_setup_teardown.py for tasks to queue
[2023-09-19T13:48:23.851+0000] {logging_mixin.py:151} INFO - [2023-09-19T13:48:23.851+0000] {dagbag.py:539} INFO - Filling up the DagBag from /home/airflow/.local/lib/python3.8/site-packages/airflow/example_dags/example_setup_teardown.py
[2023-09-19T13:48:23.860+0000] {processor.py:839} INFO - DAG(s) dict_keys(['example_setup_teardown']) retrieved from /home/airflow/.local/lib/python3.8/site-packages/airflow/example_dags/example_setup_teardown.py
[2023-09-19T13:48:23.878+0000] {logging_mixin.py:151} INFO - [2023-09-19T13:48:23.878+0000] {dag.py:2915} INFO - Sync 1 DAGs
[2023-09-19T13:48:23.897+0000] {logging_mixin.py:151} INFO - [2023-09-19T13:48:23.896+0000] {dag.py:3696} INFO - Setting next_dagrun for example_setup_teardown to 2023-09-18T13:48:23.896383+00:00, run_after=2023-09-19T13:48:23.896383+00:00
[2023-09-19T13:48:23.925+0000] {processor.py:179} INFO - Processing /home/airflow/.local/lib/python3.8/site-packages/airflow/example_dags/example_setup_teardown.py took 0.078 seconds
[2023-09-19T13:48:54.279+0000] {processor.py:157} INFO - Started process (PID=3415) to work on /home/airflow/.local/lib/python3.8/site-packages/airflow/example_dags/example_setup_teardown.py
[2023-09-19T13:48:54.280+0000] {processor.py:829} INFO - Processing file /home/airflow/.local/lib/python3.8/site-packages/airflow/example_dags/example_setup_teardown.py for tasks to queue
[2023-09-19T13:48:54.280+0000] {logging_mixin.py:151} INFO - [2023-09-19T13:48:54.280+0000] {dagbag.py:539} INFO - Filling up the DagBag from /home/airflow/.local/lib/python3.8/site-packages/airflow/example_dags/example_setup_teardown.py
[2023-09-19T13:48:54.288+0000] {processor.py:839} INFO - DAG(s) dict_keys(['example_setup_teardown']) retrieved from /home/airflow/.local/lib/python3.8/site-packages/airflow/example_dags/example_setup_teardown.py
[2023-09-19T13:48:54.309+0000] {logging_mixin.py:151} INFO - [2023-09-19T13:48:54.309+0000] {dag.py:2915} INFO - Sync 1 DAGs
[2023-09-19T13:48:54.329+0000] {logging_mixin.py:151} INFO - [2023-09-19T13:48:54.329+0000] {dag.py:3696} INFO - Setting next_dagrun for example_setup_teardown to 2023-09-18T13:48:54.329343+00:00, run_after=2023-09-19T13:48:54.329343+00:00
[2023-09-19T13:48:54.351+0000] {processor.py:179} INFO - Processing /home/airflow/.local/lib/python3.8/site-packages/airflow/example_dags/example_setup_teardown.py took 0.074 seconds
[2023-09-19T13:49:25.027+0000] {processor.py:157} INFO - Started process (PID=3653) to work on /home/airflow/.local/lib/python3.8/site-packages/airflow/example_dags/example_setup_teardown.py
[2023-09-19T13:49:25.027+0000] {processor.py:829} INFO - Processing file /home/airflow/.local/lib/python3.8/site-packages/airflow/example_dags/example_setup_teardown.py for tasks to queue
[2023-09-19T13:49:25.028+0000] {logging_mixin.py:151} INFO - [2023-09-19T13:49:25.028+0000] {dagbag.py:539} INFO - Filling up the DagBag from /home/airflow/.local/lib/python3.8/site-packages/airflow/example_dags/example_setup_teardown.py
[2023-09-19T13:49:25.039+0000] {processor.py:839} INFO - DAG(s) dict_keys(['example_setup_teardown']) retrieved from /home/airflow/.local/lib/python3.8/site-packages/airflow/example_dags/example_setup_teardown.py
[2023-09-19T13:49:25.057+0000] {logging_mixin.py:151} INFO - [2023-09-19T13:49:25.057+0000] {dag.py:2915} INFO - Sync 1 DAGs
[2023-09-19T13:49:25.077+0000] {logging_mixin.py:151} INFO - [2023-09-19T13:49:25.077+0000] {dag.py:3696} INFO - Setting next_dagrun for example_setup_teardown to 2023-09-18T13:49:25.077238+00:00, run_after=2023-09-19T13:49:25.077238+00:00
[2023-09-19T13:49:25.103+0000] {processor.py:179} INFO - Processing /home/airflow/.local/lib/python3.8/site-packages/airflow/example_dags/example_setup_teardown.py took 0.078 seconds
[2023-09-19T13:49:55.568+0000] {processor.py:157} INFO - Started process (PID=3891) to work on /home/airflow/.local/lib/python3.8/site-packages/airflow/example_dags/example_setup_teardown.py
[2023-09-19T13:49:55.569+0000] {processor.py:829} INFO - Processing file /home/airflow/.local/lib/python3.8/site-packages/airflow/example_dags/example_setup_teardown.py for tasks to queue
[2023-09-19T13:49:55.570+0000] {logging_mixin.py:151} INFO - [2023-09-19T13:49:55.570+0000] {dagbag.py:539} INFO - Filling up the DagBag from /home/airflow/.local/lib/python3.8/site-packages/airflow/example_dags/example_setup_teardown.py
[2023-09-19T13:49:55.580+0000] {processor.py:839} INFO - DAG(s) dict_keys(['example_setup_teardown']) retrieved from /home/airflow/.local/lib/python3.8/site-packages/airflow/example_dags/example_setup_teardown.py
[2023-09-19T13:49:55.600+0000] {logging_mixin.py:151} INFO - [2023-09-19T13:49:55.599+0000] {dag.py:2915} INFO - Sync 1 DAGs
[2023-09-19T13:49:55.620+0000] {logging_mixin.py:151} INFO - [2023-09-19T13:49:55.620+0000] {dag.py:3696} INFO - Setting next_dagrun for example_setup_teardown to 2023-09-18T13:49:55.620538+00:00, run_after=2023-09-19T13:49:55.620538+00:00
[2023-09-19T13:49:55.640+0000] {processor.py:179} INFO - Processing /home/airflow/.local/lib/python3.8/site-packages/airflow/example_dags/example_setup_teardown.py took 0.076 seconds
[2023-09-19T13:50:26.084+0000] {processor.py:157} INFO - Started process (PID=4129) to work on /home/airflow/.local/lib/python3.8/site-packages/airflow/example_dags/example_setup_teardown.py
[2023-09-19T13:50:26.085+0000] {processor.py:829} INFO - Processing file /home/airflow/.local/lib/python3.8/site-packages/airflow/example_dags/example_setup_teardown.py for tasks to queue
[2023-09-19T13:50:26.086+0000] {logging_mixin.py:151} INFO - [2023-09-19T13:50:26.085+0000] {dagbag.py:539} INFO - Filling up the DagBag from /home/airflow/.local/lib/python3.8/site-packages/airflow/example_dags/example_setup_teardown.py
[2023-09-19T13:50:26.091+0000] {processor.py:839} INFO - DAG(s) dict_keys(['example_setup_teardown']) retrieved from /home/airflow/.local/lib/python3.8/site-packages/airflow/example_dags/example_setup_teardown.py
[2023-09-19T13:50:26.111+0000] {logging_mixin.py:151} INFO - [2023-09-19T13:50:26.111+0000] {dag.py:2915} INFO - Sync 1 DAGs
[2023-09-19T13:50:26.131+0000] {logging_mixin.py:151} INFO - [2023-09-19T13:50:26.131+0000] {dag.py:3696} INFO - Setting next_dagrun for example_setup_teardown to 2023-09-18T13:50:26.130835+00:00, run_after=2023-09-19T13:50:26.130835+00:00
[2023-09-19T13:50:26.151+0000] {processor.py:179} INFO - Processing /home/airflow/.local/lib/python3.8/site-packages/airflow/example_dags/example_setup_teardown.py took 0.071 seconds
[2023-09-19T13:50:56.544+0000] {processor.py:157} INFO - Started process (PID=4366) to work on /home/airflow/.local/lib/python3.8/site-packages/airflow/example_dags/example_setup_teardown.py
[2023-09-19T13:50:56.545+0000] {processor.py:829} INFO - Processing file /home/airflow/.local/lib/python3.8/site-packages/airflow/example_dags/example_setup_teardown.py for tasks to queue
[2023-09-19T13:50:56.545+0000] {logging_mixin.py:151} INFO - [2023-09-19T13:50:56.545+0000] {dagbag.py:539} INFO - Filling up the DagBag from /home/airflow/.local/lib/python3.8/site-packages/airflow/example_dags/example_setup_teardown.py
[2023-09-19T13:50:56.551+0000] {processor.py:839} INFO - DAG(s) dict_keys(['example_setup_teardown']) retrieved from /home/airflow/.local/lib/python3.8/site-packages/airflow/example_dags/example_setup_teardown.py
[2023-09-19T13:50:56.568+0000] {logging_mixin.py:151} INFO - [2023-09-19T13:50:56.567+0000] {dag.py:2915} INFO - Sync 1 DAGs
[2023-09-19T13:50:56.591+0000] {logging_mixin.py:151} INFO - [2023-09-19T13:50:56.590+0000] {dag.py:3696} INFO - Setting next_dagrun for example_setup_teardown to 2023-09-18T13:50:56.590597+00:00, run_after=2023-09-19T13:50:56.590597+00:00
[2023-09-19T13:50:56.614+0000] {processor.py:179} INFO - Processing /home/airflow/.local/lib/python3.8/site-packages/airflow/example_dags/example_setup_teardown.py took 0.072 seconds
[2023-09-19T13:51:27.000+0000] {processor.py:157} INFO - Started process (PID=4604) to work on /home/airflow/.local/lib/python3.8/site-packages/airflow/example_dags/example_setup_teardown.py
[2023-09-19T13:51:27.001+0000] {processor.py:829} INFO - Processing file /home/airflow/.local/lib/python3.8/site-packages/airflow/example_dags/example_setup_teardown.py for tasks to queue
[2023-09-19T13:51:27.001+0000] {logging_mixin.py:151} INFO - [2023-09-19T13:51:27.001+0000] {dagbag.py:539} INFO - Filling up the DagBag from /home/airflow/.local/lib/python3.8/site-packages/airflow/example_dags/example_setup_teardown.py
[2023-09-19T13:51:27.008+0000] {processor.py:839} INFO - DAG(s) dict_keys(['example_setup_teardown']) retrieved from /home/airflow/.local/lib/python3.8/site-packages/airflow/example_dags/example_setup_teardown.py
[2023-09-19T13:51:27.027+0000] {logging_mixin.py:151} INFO - [2023-09-19T13:51:27.026+0000] {dag.py:2915} INFO - Sync 1 DAGs
[2023-09-19T13:51:27.054+0000] {logging_mixin.py:151} INFO - [2023-09-19T13:51:27.053+0000] {dag.py:3696} INFO - Setting next_dagrun for example_setup_teardown to 2023-09-18T13:51:27.053566+00:00, run_after=2023-09-19T13:51:27.053566+00:00
[2023-09-19T13:51:27.077+0000] {processor.py:179} INFO - Processing /home/airflow/.local/lib/python3.8/site-packages/airflow/example_dags/example_setup_teardown.py took 0.080 seconds
[2023-09-19T13:51:57.266+0000] {processor.py:157} INFO - Started process (PID=4842) to work on /home/airflow/.local/lib/python3.8/site-packages/airflow/example_dags/example_setup_teardown.py
[2023-09-19T13:51:57.267+0000] {processor.py:829} INFO - Processing file /home/airflow/.local/lib/python3.8/site-packages/airflow/example_dags/example_setup_teardown.py for tasks to queue
[2023-09-19T13:51:57.268+0000] {logging_mixin.py:151} INFO - [2023-09-19T13:51:57.268+0000] {dagbag.py:539} INFO - Filling up the DagBag from /home/airflow/.local/lib/python3.8/site-packages/airflow/example_dags/example_setup_teardown.py
[2023-09-19T13:51:57.277+0000] {processor.py:839} INFO - DAG(s) dict_keys(['example_setup_teardown']) retrieved from /home/airflow/.local/lib/python3.8/site-packages/airflow/example_dags/example_setup_teardown.py
[2023-09-19T13:51:57.292+0000] {logging_mixin.py:151} INFO - [2023-09-19T13:51:57.292+0000] {dag.py:2915} INFO - Sync 1 DAGs
[2023-09-19T13:51:57.310+0000] {logging_mixin.py:151} INFO - [2023-09-19T13:51:57.310+0000] {dag.py:3696} INFO - Setting next_dagrun for example_setup_teardown to 2023-09-18T13:51:57.310501+00:00, run_after=2023-09-19T13:51:57.310501+00:00
[2023-09-19T13:51:57.330+0000] {processor.py:179} INFO - Processing /home/airflow/.local/lib/python3.8/site-packages/airflow/example_dags/example_setup_teardown.py took 0.066 seconds
[2023-09-19T13:52:27.549+0000] {processor.py:157} INFO - Started process (PID=5082) to work on /home/airflow/.local/lib/python3.8/site-packages/airflow/example_dags/example_setup_teardown.py
[2023-09-19T13:52:27.550+0000] {processor.py:829} INFO - Processing file /home/airflow/.local/lib/python3.8/site-packages/airflow/example_dags/example_setup_teardown.py for tasks to queue
[2023-09-19T13:52:27.551+0000] {logging_mixin.py:151} INFO - [2023-09-19T13:52:27.551+0000] {dagbag.py:539} INFO - Filling up the DagBag from /home/airflow/.local/lib/python3.8/site-packages/airflow/example_dags/example_setup_teardown.py
[2023-09-19T13:52:27.556+0000] {processor.py:839} INFO - DAG(s) dict_keys(['example_setup_teardown']) retrieved from /home/airflow/.local/lib/python3.8/site-packages/airflow/example_dags/example_setup_teardown.py
[2023-09-19T13:52:27.572+0000] {logging_mixin.py:151} INFO - [2023-09-19T13:52:27.572+0000] {dag.py:2915} INFO - Sync 1 DAGs
[2023-09-19T13:52:27.591+0000] {logging_mixin.py:151} INFO - [2023-09-19T13:52:27.590+0000] {dag.py:3696} INFO - Setting next_dagrun for example_setup_teardown to 2023-09-18T13:52:27.590488+00:00, run_after=2023-09-19T13:52:27.590488+00:00
[2023-09-19T13:52:27.614+0000] {processor.py:179} INFO - Processing /home/airflow/.local/lib/python3.8/site-packages/airflow/example_dags/example_setup_teardown.py took 0.067 seconds
[2023-09-19T13:52:57.753+0000] {processor.py:157} INFO - Started process (PID=5321) to work on /home/airflow/.local/lib/python3.8/site-packages/airflow/example_dags/example_setup_teardown.py
[2023-09-19T13:52:57.754+0000] {processor.py:829} INFO - Processing file /home/airflow/.local/lib/python3.8/site-packages/airflow/example_dags/example_setup_teardown.py for tasks to queue
[2023-09-19T13:52:57.755+0000] {logging_mixin.py:151} INFO - [2023-09-19T13:52:57.754+0000] {dagbag.py:539} INFO - Filling up the DagBag from /home/airflow/.local/lib/python3.8/site-packages/airflow/example_dags/example_setup_teardown.py
[2023-09-19T13:52:57.759+0000] {processor.py:839} INFO - DAG(s) dict_keys(['example_setup_teardown']) retrieved from /home/airflow/.local/lib/python3.8/site-packages/airflow/example_dags/example_setup_teardown.py
[2023-09-19T13:52:57.775+0000] {logging_mixin.py:151} INFO - [2023-09-19T13:52:57.775+0000] {dag.py:2915} INFO - Sync 1 DAGs
[2023-09-19T13:52:57.792+0000] {logging_mixin.py:151} INFO - [2023-09-19T13:52:57.792+0000] {dag.py:3696} INFO - Setting next_dagrun for example_setup_teardown to 2023-09-18T13:52:57.792187+00:00, run_after=2023-09-19T13:52:57.792187+00:00
[2023-09-19T13:52:57.809+0000] {processor.py:179} INFO - Processing /home/airflow/.local/lib/python3.8/site-packages/airflow/example_dags/example_setup_teardown.py took 0.058 seconds
[2023-09-19T13:53:28.153+0000] {processor.py:157} INFO - Started process (PID=5557) to work on /home/airflow/.local/lib/python3.8/site-packages/airflow/example_dags/example_setup_teardown.py
[2023-09-19T13:53:28.154+0000] {processor.py:829} INFO - Processing file /home/airflow/.local/lib/python3.8/site-packages/airflow/example_dags/example_setup_teardown.py for tasks to queue
[2023-09-19T13:53:28.155+0000] {logging_mixin.py:151} INFO - [2023-09-19T13:53:28.155+0000] {dagbag.py:539} INFO - Filling up the DagBag from /home/airflow/.local/lib/python3.8/site-packages/airflow/example_dags/example_setup_teardown.py
[2023-09-19T13:53:28.162+0000] {processor.py:839} INFO - DAG(s) dict_keys(['example_setup_teardown']) retrieved from /home/airflow/.local/lib/python3.8/site-packages/airflow/example_dags/example_setup_teardown.py
[2023-09-19T13:53:28.179+0000] {logging_mixin.py:151} INFO - [2023-09-19T13:53:28.179+0000] {dag.py:2915} INFO - Sync 1 DAGs
[2023-09-19T13:53:28.201+0000] {logging_mixin.py:151} INFO - [2023-09-19T13:53:28.200+0000] {dag.py:3696} INFO - Setting next_dagrun for example_setup_teardown to 2023-09-18T13:53:28.200505+00:00, run_after=2023-09-19T13:53:28.200505+00:00
[2023-09-19T13:53:28.222+0000] {processor.py:179} INFO - Processing /home/airflow/.local/lib/python3.8/site-packages/airflow/example_dags/example_setup_teardown.py took 0.074 seconds
[2023-09-19T13:53:58.316+0000] {processor.py:157} INFO - Started process (PID=5795) to work on /home/airflow/.local/lib/python3.8/site-packages/airflow/example_dags/example_setup_teardown.py
[2023-09-19T13:53:58.317+0000] {processor.py:829} INFO - Processing file /home/airflow/.local/lib/python3.8/site-packages/airflow/example_dags/example_setup_teardown.py for tasks to queue
[2023-09-19T13:53:58.317+0000] {logging_mixin.py:151} INFO - [2023-09-19T13:53:58.317+0000] {dagbag.py:539} INFO - Filling up the DagBag from /home/airflow/.local/lib/python3.8/site-packages/airflow/example_dags/example_setup_teardown.py
[2023-09-19T13:53:58.324+0000] {processor.py:839} INFO - DAG(s) dict_keys(['example_setup_teardown']) retrieved from /home/airflow/.local/lib/python3.8/site-packages/airflow/example_dags/example_setup_teardown.py
[2023-09-19T13:53:58.340+0000] {logging_mixin.py:151} INFO - [2023-09-19T13:53:58.340+0000] {dag.py:2915} INFO - Sync 1 DAGs
[2023-09-19T13:53:58.357+0000] {logging_mixin.py:151} INFO - [2023-09-19T13:53:58.356+0000] {dag.py:3696} INFO - Setting next_dagrun for example_setup_teardown to 2023-09-18T13:53:58.356684+00:00, run_after=2023-09-19T13:53:58.356684+00:00
[2023-09-19T13:53:58.378+0000] {processor.py:179} INFO - Processing /home/airflow/.local/lib/python3.8/site-packages/airflow/example_dags/example_setup_teardown.py took 0.064 seconds
[2023-09-19T13:54:28.825+0000] {processor.py:157} INFO - Started process (PID=6035) to work on /home/airflow/.local/lib/python3.8/site-packages/airflow/example_dags/example_setup_teardown.py
[2023-09-19T13:54:28.826+0000] {processor.py:829} INFO - Processing file /home/airflow/.local/lib/python3.8/site-packages/airflow/example_dags/example_setup_teardown.py for tasks to queue
[2023-09-19T13:54:28.826+0000] {logging_mixin.py:151} INFO - [2023-09-19T13:54:28.826+0000] {dagbag.py:539} INFO - Filling up the DagBag from /home/airflow/.local/lib/python3.8/site-packages/airflow/example_dags/example_setup_teardown.py
[2023-09-19T13:54:28.832+0000] {processor.py:839} INFO - DAG(s) dict_keys(['example_setup_teardown']) retrieved from /home/airflow/.local/lib/python3.8/site-packages/airflow/example_dags/example_setup_teardown.py
[2023-09-19T13:54:28.852+0000] {logging_mixin.py:151} INFO - [2023-09-19T13:54:28.852+0000] {dag.py:2915} INFO - Sync 1 DAGs
[2023-09-19T13:54:28.869+0000] {logging_mixin.py:151} INFO - [2023-09-19T13:54:28.869+0000] {dag.py:3696} INFO - Setting next_dagrun for example_setup_teardown to 2023-09-18T13:54:28.868945+00:00, run_after=2023-09-19T13:54:28.868945+00:00
[2023-09-19T13:54:28.886+0000] {processor.py:179} INFO - Processing /home/airflow/.local/lib/python3.8/site-packages/airflow/example_dags/example_setup_teardown.py took 0.064 seconds
[2023-09-19T13:54:59.087+0000] {processor.py:157} INFO - Started process (PID=6271) to work on /home/airflow/.local/lib/python3.8/site-packages/airflow/example_dags/example_setup_teardown.py
[2023-09-19T13:54:59.088+0000] {processor.py:829} INFO - Processing file /home/airflow/.local/lib/python3.8/site-packages/airflow/example_dags/example_setup_teardown.py for tasks to queue
[2023-09-19T13:54:59.089+0000] {logging_mixin.py:151} INFO - [2023-09-19T13:54:59.088+0000] {dagbag.py:539} INFO - Filling up the DagBag from /home/airflow/.local/lib/python3.8/site-packages/airflow/example_dags/example_setup_teardown.py
[2023-09-19T13:54:59.095+0000] {processor.py:839} INFO - DAG(s) dict_keys(['example_setup_teardown']) retrieved from /home/airflow/.local/lib/python3.8/site-packages/airflow/example_dags/example_setup_teardown.py
[2023-09-19T13:54:59.111+0000] {logging_mixin.py:151} INFO - [2023-09-19T13:54:59.110+0000] {dag.py:2915} INFO - Sync 1 DAGs
[2023-09-19T13:54:59.131+0000] {logging_mixin.py:151} INFO - [2023-09-19T13:54:59.131+0000] {dag.py:3696} INFO - Setting next_dagrun for example_setup_teardown to 2023-09-18T13:54:59.131272+00:00, run_after=2023-09-19T13:54:59.131272+00:00
[2023-09-19T13:54:59.151+0000] {processor.py:179} INFO - Processing /home/airflow/.local/lib/python3.8/site-packages/airflow/example_dags/example_setup_teardown.py took 0.067 seconds
[2023-09-19T13:55:29.319+0000] {processor.py:157} INFO - Started process (PID=6511) to work on /home/airflow/.local/lib/python3.8/site-packages/airflow/example_dags/example_setup_teardown.py
[2023-09-19T13:55:29.320+0000] {processor.py:829} INFO - Processing file /home/airflow/.local/lib/python3.8/site-packages/airflow/example_dags/example_setup_teardown.py for tasks to queue
[2023-09-19T13:55:29.321+0000] {logging_mixin.py:151} INFO - [2023-09-19T13:55:29.321+0000] {dagbag.py:539} INFO - Filling up the DagBag from /home/airflow/.local/lib/python3.8/site-packages/airflow/example_dags/example_setup_teardown.py
[2023-09-19T13:55:29.326+0000] {processor.py:839} INFO - DAG(s) dict_keys(['example_setup_teardown']) retrieved from /home/airflow/.local/lib/python3.8/site-packages/airflow/example_dags/example_setup_teardown.py
[2023-09-19T13:55:29.343+0000] {logging_mixin.py:151} INFO - [2023-09-19T13:55:29.342+0000] {dag.py:2915} INFO - Sync 1 DAGs
[2023-09-19T13:55:29.358+0000] {logging_mixin.py:151} INFO - [2023-09-19T13:55:29.358+0000] {dag.py:3696} INFO - Setting next_dagrun for example_setup_teardown to 2023-09-18T13:55:29.358070+00:00, run_after=2023-09-19T13:55:29.358070+00:00
[2023-09-19T13:55:29.377+0000] {processor.py:179} INFO - Processing /home/airflow/.local/lib/python3.8/site-packages/airflow/example_dags/example_setup_teardown.py took 0.060 seconds
[2023-09-19T13:55:59.513+0000] {processor.py:157} INFO - Started process (PID=6748) to work on /home/airflow/.local/lib/python3.8/site-packages/airflow/example_dags/example_setup_teardown.py
[2023-09-19T13:55:59.514+0000] {processor.py:829} INFO - Processing file /home/airflow/.local/lib/python3.8/site-packages/airflow/example_dags/example_setup_teardown.py for tasks to queue
[2023-09-19T13:55:59.515+0000] {logging_mixin.py:151} INFO - [2023-09-19T13:55:59.515+0000] {dagbag.py:539} INFO - Filling up the DagBag from /home/airflow/.local/lib/python3.8/site-packages/airflow/example_dags/example_setup_teardown.py
[2023-09-19T13:55:59.521+0000] {processor.py:839} INFO - DAG(s) dict_keys(['example_setup_teardown']) retrieved from /home/airflow/.local/lib/python3.8/site-packages/airflow/example_dags/example_setup_teardown.py
[2023-09-19T13:55:59.538+0000] {logging_mixin.py:151} INFO - [2023-09-19T13:55:59.538+0000] {dag.py:2915} INFO - Sync 1 DAGs
[2023-09-19T13:55:59.557+0000] {logging_mixin.py:151} INFO - [2023-09-19T13:55:59.557+0000] {dag.py:3696} INFO - Setting next_dagrun for example_setup_teardown to 2023-09-18T13:55:59.557094+00:00, run_after=2023-09-19T13:55:59.557094+00:00
[2023-09-19T13:55:59.573+0000] {processor.py:179} INFO - Processing /home/airflow/.local/lib/python3.8/site-packages/airflow/example_dags/example_setup_teardown.py took 0.063 seconds
[2023-09-19T13:56:29.700+0000] {processor.py:157} INFO - Started process (PID=6985) to work on /home/airflow/.local/lib/python3.8/site-packages/airflow/example_dags/example_setup_teardown.py
[2023-09-19T13:56:29.701+0000] {processor.py:829} INFO - Processing file /home/airflow/.local/lib/python3.8/site-packages/airflow/example_dags/example_setup_teardown.py for tasks to queue
[2023-09-19T13:56:29.702+0000] {logging_mixin.py:151} INFO - [2023-09-19T13:56:29.702+0000] {dagbag.py:539} INFO - Filling up the DagBag from /home/airflow/.local/lib/python3.8/site-packages/airflow/example_dags/example_setup_teardown.py
[2023-09-19T13:56:29.708+0000] {processor.py:839} INFO - DAG(s) dict_keys(['example_setup_teardown']) retrieved from /home/airflow/.local/lib/python3.8/site-packages/airflow/example_dags/example_setup_teardown.py
[2023-09-19T13:56:29.725+0000] {logging_mixin.py:151} INFO - [2023-09-19T13:56:29.725+0000] {dag.py:2915} INFO - Sync 1 DAGs
[2023-09-19T13:56:29.742+0000] {logging_mixin.py:151} INFO - [2023-09-19T13:56:29.742+0000] {dag.py:3696} INFO - Setting next_dagrun for example_setup_teardown to 2023-09-18T13:56:29.741988+00:00, run_after=2023-09-19T13:56:29.741988+00:00
[2023-09-19T13:56:29.762+0000] {processor.py:179} INFO - Processing /home/airflow/.local/lib/python3.8/site-packages/airflow/example_dags/example_setup_teardown.py took 0.066 seconds
[2023-09-19T13:57:00.006+0000] {processor.py:157} INFO - Started process (PID=7225) to work on /home/airflow/.local/lib/python3.8/site-packages/airflow/example_dags/example_setup_teardown.py
[2023-09-19T13:57:00.007+0000] {processor.py:829} INFO - Processing file /home/airflow/.local/lib/python3.8/site-packages/airflow/example_dags/example_setup_teardown.py for tasks to queue
[2023-09-19T13:57:00.007+0000] {logging_mixin.py:151} INFO - [2023-09-19T13:57:00.007+0000] {dagbag.py:539} INFO - Filling up the DagBag from /home/airflow/.local/lib/python3.8/site-packages/airflow/example_dags/example_setup_teardown.py
[2023-09-19T13:57:00.013+0000] {processor.py:839} INFO - DAG(s) dict_keys(['example_setup_teardown']) retrieved from /home/airflow/.local/lib/python3.8/site-packages/airflow/example_dags/example_setup_teardown.py
[2023-09-19T13:57:00.029+0000] {logging_mixin.py:151} INFO - [2023-09-19T13:57:00.028+0000] {dag.py:2915} INFO - Sync 1 DAGs
[2023-09-19T13:57:00.046+0000] {logging_mixin.py:151} INFO - [2023-09-19T13:57:00.046+0000] {dag.py:3696} INFO - Setting next_dagrun for example_setup_teardown to 2023-09-18T13:57:00.046589+00:00, run_after=2023-09-19T13:57:00.046589+00:00
[2023-09-19T13:57:00.062+0000] {processor.py:179} INFO - Processing /home/airflow/.local/lib/python3.8/site-packages/airflow/example_dags/example_setup_teardown.py took 0.059 seconds
[2023-09-19T13:57:30.601+0000] {processor.py:157} INFO - Started process (PID=7461) to work on /home/airflow/.local/lib/python3.8/site-packages/airflow/example_dags/example_setup_teardown.py
[2023-09-19T13:57:30.602+0000] {processor.py:829} INFO - Processing file /home/airflow/.local/lib/python3.8/site-packages/airflow/example_dags/example_setup_teardown.py for tasks to queue
[2023-09-19T13:57:30.602+0000] {logging_mixin.py:151} INFO - [2023-09-19T13:57:30.602+0000] {dagbag.py:539} INFO - Filling up the DagBag from /home/airflow/.local/lib/python3.8/site-packages/airflow/example_dags/example_setup_teardown.py
[2023-09-19T13:57:30.608+0000] {processor.py:839} INFO - DAG(s) dict_keys(['example_setup_teardown']) retrieved from /home/airflow/.local/lib/python3.8/site-packages/airflow/example_dags/example_setup_teardown.py
[2023-09-19T13:57:30.628+0000] {logging_mixin.py:151} INFO - [2023-09-19T13:57:30.628+0000] {dag.py:2915} INFO - Sync 1 DAGs
[2023-09-19T13:57:30.646+0000] {logging_mixin.py:151} INFO - [2023-09-19T13:57:30.646+0000] {dag.py:3696} INFO - Setting next_dagrun for example_setup_teardown to 2023-09-18T13:57:30.645920+00:00, run_after=2023-09-19T13:57:30.645920+00:00
[2023-09-19T13:57:30.668+0000] {processor.py:179} INFO - Processing /home/airflow/.local/lib/python3.8/site-packages/airflow/example_dags/example_setup_teardown.py took 0.070 seconds
[2023-09-19T13:58:00.825+0000] {processor.py:157} INFO - Started process (PID=7700) to work on /home/airflow/.local/lib/python3.8/site-packages/airflow/example_dags/example_setup_teardown.py
[2023-09-19T13:58:00.826+0000] {processor.py:829} INFO - Processing file /home/airflow/.local/lib/python3.8/site-packages/airflow/example_dags/example_setup_teardown.py for tasks to queue
[2023-09-19T13:58:00.827+0000] {logging_mixin.py:151} INFO - [2023-09-19T13:58:00.827+0000] {dagbag.py:539} INFO - Filling up the DagBag from /home/airflow/.local/lib/python3.8/site-packages/airflow/example_dags/example_setup_teardown.py
[2023-09-19T13:58:00.832+0000] {processor.py:839} INFO - DAG(s) dict_keys(['example_setup_teardown']) retrieved from /home/airflow/.local/lib/python3.8/site-packages/airflow/example_dags/example_setup_teardown.py
[2023-09-19T13:58:00.848+0000] {logging_mixin.py:151} INFO - [2023-09-19T13:58:00.848+0000] {dag.py:2915} INFO - Sync 1 DAGs
[2023-09-19T13:58:00.864+0000] {logging_mixin.py:151} INFO - [2023-09-19T13:58:00.863+0000] {dag.py:3696} INFO - Setting next_dagrun for example_setup_teardown to 2023-09-18T13:58:00.863575+00:00, run_after=2023-09-19T13:58:00.863575+00:00
[2023-09-19T13:58:00.882+0000] {processor.py:179} INFO - Processing /home/airflow/.local/lib/python3.8/site-packages/airflow/example_dags/example_setup_teardown.py took 0.059 seconds
[2023-09-19T13:58:31.083+0000] {processor.py:157} INFO - Started process (PID=7938) to work on /home/airflow/.local/lib/python3.8/site-packages/airflow/example_dags/example_setup_teardown.py
[2023-09-19T13:58:31.084+0000] {processor.py:829} INFO - Processing file /home/airflow/.local/lib/python3.8/site-packages/airflow/example_dags/example_setup_teardown.py for tasks to queue
[2023-09-19T13:58:31.084+0000] {logging_mixin.py:151} INFO - [2023-09-19T13:58:31.084+0000] {dagbag.py:539} INFO - Filling up the DagBag from /home/airflow/.local/lib/python3.8/site-packages/airflow/example_dags/example_setup_teardown.py
[2023-09-19T13:58:31.090+0000] {processor.py:839} INFO - DAG(s) dict_keys(['example_setup_teardown']) retrieved from /home/airflow/.local/lib/python3.8/site-packages/airflow/example_dags/example_setup_teardown.py
[2023-09-19T13:58:31.105+0000] {logging_mixin.py:151} INFO - [2023-09-19T13:58:31.105+0000] {dag.py:2915} INFO - Sync 1 DAGs
[2023-09-19T13:58:31.122+0000] {logging_mixin.py:151} INFO - [2023-09-19T13:58:31.122+0000] {dag.py:3696} INFO - Setting next_dagrun for example_setup_teardown to 2023-09-18T13:58:31.121796+00:00, run_after=2023-09-19T13:58:31.121796+00:00
[2023-09-19T13:58:31.139+0000] {processor.py:179} INFO - Processing /home/airflow/.local/lib/python3.8/site-packages/airflow/example_dags/example_setup_teardown.py took 0.059 seconds
[2023-09-19T13:59:01.205+0000] {processor.py:157} INFO - Started process (PID=8176) to work on /home/airflow/.local/lib/python3.8/site-packages/airflow/example_dags/example_setup_teardown.py
[2023-09-19T13:59:01.206+0000] {processor.py:829} INFO - Processing file /home/airflow/.local/lib/python3.8/site-packages/airflow/example_dags/example_setup_teardown.py for tasks to queue
[2023-09-19T13:59:01.207+0000] {logging_mixin.py:151} INFO - [2023-09-19T13:59:01.206+0000] {dagbag.py:539} INFO - Filling up the DagBag from /home/airflow/.local/lib/python3.8/site-packages/airflow/example_dags/example_setup_teardown.py
[2023-09-19T13:59:01.214+0000] {processor.py:839} INFO - DAG(s) dict_keys(['example_setup_teardown']) retrieved from /home/airflow/.local/lib/python3.8/site-packages/airflow/example_dags/example_setup_teardown.py
[2023-09-19T13:59:01.231+0000] {logging_mixin.py:151} INFO - [2023-09-19T13:59:01.231+0000] {dag.py:2915} INFO - Sync 1 DAGs
[2023-09-19T13:59:01.251+0000] {logging_mixin.py:151} INFO - [2023-09-19T13:59:01.251+0000] {dag.py:3696} INFO - Setting next_dagrun for example_setup_teardown to 2023-09-18T13:59:01.250841+00:00, run_after=2023-09-19T13:59:01.250841+00:00
[2023-09-19T13:59:01.268+0000] {processor.py:179} INFO - Processing /home/airflow/.local/lib/python3.8/site-packages/airflow/example_dags/example_setup_teardown.py took 0.065 seconds
[2023-09-19T13:59:31.326+0000] {processor.py:157} INFO - Started process (PID=8409) to work on /home/airflow/.local/lib/python3.8/site-packages/airflow/example_dags/example_setup_teardown.py
[2023-09-19T13:59:31.327+0000] {processor.py:829} INFO - Processing file /home/airflow/.local/lib/python3.8/site-packages/airflow/example_dags/example_setup_teardown.py for tasks to queue
[2023-09-19T13:59:31.328+0000] {logging_mixin.py:151} INFO - [2023-09-19T13:59:31.327+0000] {dagbag.py:539} INFO - Filling up the DagBag from /home/airflow/.local/lib/python3.8/site-packages/airflow/example_dags/example_setup_teardown.py
[2023-09-19T13:59:31.334+0000] {processor.py:839} INFO - DAG(s) dict_keys(['example_setup_teardown']) retrieved from /home/airflow/.local/lib/python3.8/site-packages/airflow/example_dags/example_setup_teardown.py
[2023-09-19T13:59:31.349+0000] {logging_mixin.py:151} INFO - [2023-09-19T13:59:31.349+0000] {dag.py:2915} INFO - Sync 1 DAGs
[2023-09-19T13:59:31.365+0000] {logging_mixin.py:151} INFO - [2023-09-19T13:59:31.365+0000] {dag.py:3696} INFO - Setting next_dagrun for example_setup_teardown to 2023-09-18T13:59:31.365042+00:00, run_after=2023-09-19T13:59:31.365042+00:00
[2023-09-19T13:59:31.381+0000] {processor.py:179} INFO - Processing /home/airflow/.local/lib/python3.8/site-packages/airflow/example_dags/example_setup_teardown.py took 0.059 seconds
