[2023-09-19T13:42:09.240+0000] {processor.py:157} INFO - Started process (PID=300) to work on /home/airflow/.local/lib/python3.8/site-packages/airflow/example_dags/example_skip_dag.py
[2023-09-19T13:42:09.241+0000] {processor.py:829} INFO - Processing file /home/airflow/.local/lib/python3.8/site-packages/airflow/example_dags/example_skip_dag.py for tasks to queue
[2023-09-19T13:42:09.241+0000] {logging_mixin.py:151} INFO - [2023-09-19T13:42:09.241+0000] {dagbag.py:539} INFO - Filling up the DagBag from /home/airflow/.local/lib/python3.8/site-packages/airflow/example_dags/example_skip_dag.py
[2023-09-19T13:42:09.250+0000] {processor.py:839} INFO - DAG(s) dict_keys(['example_skip_dag']) retrieved from /home/airflow/.local/lib/python3.8/site-packages/airflow/example_dags/example_skip_dag.py
[2023-09-19T13:42:09.268+0000] {logging_mixin.py:151} INFO - [2023-09-19T13:42:09.267+0000] {dag.py:2915} INFO - Sync 1 DAGs
[2023-09-19T13:42:09.299+0000] {logging_mixin.py:151} INFO - [2023-09-19T13:42:09.298+0000] {dag.py:3696} INFO - Setting next_dagrun for example_skip_dag to 2023-09-18T13:42:09.298058+00:00, run_after=2023-09-19T13:42:09.298058+00:00
[2023-09-19T13:42:09.328+0000] {processor.py:179} INFO - Processing /home/airflow/.local/lib/python3.8/site-packages/airflow/example_dags/example_skip_dag.py took 0.100 seconds
[2023-09-19T13:42:47.184+0000] {processor.py:157} INFO - Started process (PID=538) to work on /home/airflow/.local/lib/python3.8/site-packages/airflow/example_dags/example_skip_dag.py
[2023-09-19T13:42:47.185+0000] {processor.py:829} INFO - Processing file /home/airflow/.local/lib/python3.8/site-packages/airflow/example_dags/example_skip_dag.py for tasks to queue
[2023-09-19T13:42:47.186+0000] {logging_mixin.py:151} INFO - [2023-09-19T13:42:47.186+0000] {dagbag.py:539} INFO - Filling up the DagBag from /home/airflow/.local/lib/python3.8/site-packages/airflow/example_dags/example_skip_dag.py
[2023-09-19T13:42:47.195+0000] {processor.py:839} INFO - DAG(s) dict_keys(['example_skip_dag']) retrieved from /home/airflow/.local/lib/python3.8/site-packages/airflow/example_dags/example_skip_dag.py
[2023-09-19T13:42:47.211+0000] {logging_mixin.py:151} INFO - [2023-09-19T13:42:47.211+0000] {dag.py:2915} INFO - Sync 1 DAGs
[2023-09-19T13:42:47.231+0000] {logging_mixin.py:151} INFO - [2023-09-19T13:42:47.231+0000] {dag.py:3696} INFO - Setting next_dagrun for example_skip_dag to 2023-09-18T13:42:47.231376+00:00, run_after=2023-09-19T13:42:47.231376+00:00
[2023-09-19T13:42:47.393+0000] {processor.py:179} INFO - Processing /home/airflow/.local/lib/python3.8/site-packages/airflow/example_dags/example_skip_dag.py took 0.214 seconds
[2023-09-19T13:43:17.735+0000] {processor.py:157} INFO - Started process (PID=776) to work on /home/airflow/.local/lib/python3.8/site-packages/airflow/example_dags/example_skip_dag.py
[2023-09-19T13:43:17.736+0000] {processor.py:829} INFO - Processing file /home/airflow/.local/lib/python3.8/site-packages/airflow/example_dags/example_skip_dag.py for tasks to queue
[2023-09-19T13:43:17.736+0000] {logging_mixin.py:151} INFO - [2023-09-19T13:43:17.736+0000] {dagbag.py:539} INFO - Filling up the DagBag from /home/airflow/.local/lib/python3.8/site-packages/airflow/example_dags/example_skip_dag.py
[2023-09-19T13:43:17.741+0000] {processor.py:839} INFO - DAG(s) dict_keys(['example_skip_dag']) retrieved from /home/airflow/.local/lib/python3.8/site-packages/airflow/example_dags/example_skip_dag.py
[2023-09-19T13:43:17.756+0000] {logging_mixin.py:151} INFO - [2023-09-19T13:43:17.756+0000] {dag.py:2915} INFO - Sync 1 DAGs
[2023-09-19T13:43:17.773+0000] {logging_mixin.py:151} INFO - [2023-09-19T13:43:17.773+0000] {dag.py:3696} INFO - Setting next_dagrun for example_skip_dag to 2023-09-18T13:43:17.773121+00:00, run_after=2023-09-19T13:43:17.773121+00:00
[2023-09-19T13:43:17.787+0000] {processor.py:179} INFO - Processing /home/airflow/.local/lib/python3.8/site-packages/airflow/example_dags/example_skip_dag.py took 0.054 seconds
[2023-09-19T13:43:47.940+0000] {processor.py:157} INFO - Started process (PID=1016) to work on /home/airflow/.local/lib/python3.8/site-packages/airflow/example_dags/example_skip_dag.py
[2023-09-19T13:43:47.941+0000] {processor.py:829} INFO - Processing file /home/airflow/.local/lib/python3.8/site-packages/airflow/example_dags/example_skip_dag.py for tasks to queue
[2023-09-19T13:43:47.941+0000] {logging_mixin.py:151} INFO - [2023-09-19T13:43:47.941+0000] {dagbag.py:539} INFO - Filling up the DagBag from /home/airflow/.local/lib/python3.8/site-packages/airflow/example_dags/example_skip_dag.py
[2023-09-19T13:43:47.945+0000] {processor.py:839} INFO - DAG(s) dict_keys(['example_skip_dag']) retrieved from /home/airflow/.local/lib/python3.8/site-packages/airflow/example_dags/example_skip_dag.py
[2023-09-19T13:43:47.962+0000] {logging_mixin.py:151} INFO - [2023-09-19T13:43:47.961+0000] {dag.py:2915} INFO - Sync 1 DAGs
[2023-09-19T13:43:47.976+0000] {logging_mixin.py:151} INFO - [2023-09-19T13:43:47.976+0000] {dag.py:3696} INFO - Setting next_dagrun for example_skip_dag to 2023-09-18T13:43:47.976052+00:00, run_after=2023-09-19T13:43:47.976052+00:00
[2023-09-19T13:43:47.991+0000] {processor.py:179} INFO - Processing /home/airflow/.local/lib/python3.8/site-packages/airflow/example_dags/example_skip_dag.py took 0.053 seconds
[2023-09-19T13:44:18.317+0000] {processor.py:157} INFO - Started process (PID=1252) to work on /home/airflow/.local/lib/python3.8/site-packages/airflow/example_dags/example_skip_dag.py
[2023-09-19T13:44:18.318+0000] {processor.py:829} INFO - Processing file /home/airflow/.local/lib/python3.8/site-packages/airflow/example_dags/example_skip_dag.py for tasks to queue
[2023-09-19T13:44:18.319+0000] {logging_mixin.py:151} INFO - [2023-09-19T13:44:18.319+0000] {dagbag.py:539} INFO - Filling up the DagBag from /home/airflow/.local/lib/python3.8/site-packages/airflow/example_dags/example_skip_dag.py
[2023-09-19T13:44:18.324+0000] {processor.py:839} INFO - DAG(s) dict_keys(['example_skip_dag']) retrieved from /home/airflow/.local/lib/python3.8/site-packages/airflow/example_dags/example_skip_dag.py
[2023-09-19T13:44:18.338+0000] {logging_mixin.py:151} INFO - [2023-09-19T13:44:18.338+0000] {dag.py:2915} INFO - Sync 1 DAGs
[2023-09-19T13:44:18.353+0000] {logging_mixin.py:151} INFO - [2023-09-19T13:44:18.353+0000] {dag.py:3696} INFO - Setting next_dagrun for example_skip_dag to 2023-09-18T13:44:18.353217+00:00, run_after=2023-09-19T13:44:18.353217+00:00
[2023-09-19T13:44:18.370+0000] {processor.py:179} INFO - Processing /home/airflow/.local/lib/python3.8/site-packages/airflow/example_dags/example_skip_dag.py took 0.055 seconds
[2023-09-19T13:44:48.758+0000] {processor.py:157} INFO - Started process (PID=1490) to work on /home/airflow/.local/lib/python3.8/site-packages/airflow/example_dags/example_skip_dag.py
[2023-09-19T13:44:48.759+0000] {processor.py:829} INFO - Processing file /home/airflow/.local/lib/python3.8/site-packages/airflow/example_dags/example_skip_dag.py for tasks to queue
[2023-09-19T13:44:48.760+0000] {logging_mixin.py:151} INFO - [2023-09-19T13:44:48.760+0000] {dagbag.py:539} INFO - Filling up the DagBag from /home/airflow/.local/lib/python3.8/site-packages/airflow/example_dags/example_skip_dag.py
[2023-09-19T13:44:48.765+0000] {processor.py:839} INFO - DAG(s) dict_keys(['example_skip_dag']) retrieved from /home/airflow/.local/lib/python3.8/site-packages/airflow/example_dags/example_skip_dag.py
[2023-09-19T13:44:48.782+0000] {logging_mixin.py:151} INFO - [2023-09-19T13:44:48.782+0000] {dag.py:2915} INFO - Sync 1 DAGs
[2023-09-19T13:44:48.800+0000] {logging_mixin.py:151} INFO - [2023-09-19T13:44:48.799+0000] {dag.py:3696} INFO - Setting next_dagrun for example_skip_dag to 2023-09-18T13:44:48.799413+00:00, run_after=2023-09-19T13:44:48.799413+00:00
[2023-09-19T13:44:48.820+0000] {processor.py:179} INFO - Processing /home/airflow/.local/lib/python3.8/site-packages/airflow/example_dags/example_skip_dag.py took 0.064 seconds
[2023-09-19T13:45:19.261+0000] {processor.py:157} INFO - Started process (PID=1729) to work on /home/airflow/.local/lib/python3.8/site-packages/airflow/example_dags/example_skip_dag.py
[2023-09-19T13:45:19.262+0000] {processor.py:829} INFO - Processing file /home/airflow/.local/lib/python3.8/site-packages/airflow/example_dags/example_skip_dag.py for tasks to queue
[2023-09-19T13:45:19.263+0000] {logging_mixin.py:151} INFO - [2023-09-19T13:45:19.263+0000] {dagbag.py:539} INFO - Filling up the DagBag from /home/airflow/.local/lib/python3.8/site-packages/airflow/example_dags/example_skip_dag.py
[2023-09-19T13:45:19.268+0000] {processor.py:839} INFO - DAG(s) dict_keys(['example_skip_dag']) retrieved from /home/airflow/.local/lib/python3.8/site-packages/airflow/example_dags/example_skip_dag.py
[2023-09-19T13:45:19.279+0000] {logging_mixin.py:151} INFO - [2023-09-19T13:45:19.278+0000] {dag.py:2915} INFO - Sync 1 DAGs
[2023-09-19T13:45:19.300+0000] {logging_mixin.py:151} INFO - [2023-09-19T13:45:19.300+0000] {dag.py:3696} INFO - Setting next_dagrun for example_skip_dag to 2023-09-18T13:45:19.300502+00:00, run_after=2023-09-19T13:45:19.300502+00:00
[2023-09-19T13:45:19.318+0000] {processor.py:179} INFO - Processing /home/airflow/.local/lib/python3.8/site-packages/airflow/example_dags/example_skip_dag.py took 0.059 seconds
[2023-09-19T13:45:49.613+0000] {processor.py:157} INFO - Started process (PID=1967) to work on /home/airflow/.local/lib/python3.8/site-packages/airflow/example_dags/example_skip_dag.py
[2023-09-19T13:45:49.614+0000] {processor.py:829} INFO - Processing file /home/airflow/.local/lib/python3.8/site-packages/airflow/example_dags/example_skip_dag.py for tasks to queue
[2023-09-19T13:45:49.615+0000] {logging_mixin.py:151} INFO - [2023-09-19T13:45:49.615+0000] {dagbag.py:539} INFO - Filling up the DagBag from /home/airflow/.local/lib/python3.8/site-packages/airflow/example_dags/example_skip_dag.py
[2023-09-19T13:45:49.621+0000] {processor.py:839} INFO - DAG(s) dict_keys(['example_skip_dag']) retrieved from /home/airflow/.local/lib/python3.8/site-packages/airflow/example_dags/example_skip_dag.py
[2023-09-19T13:45:49.639+0000] {logging_mixin.py:151} INFO - [2023-09-19T13:45:49.639+0000] {dag.py:2915} INFO - Sync 1 DAGs
[2023-09-19T13:45:49.656+0000] {logging_mixin.py:151} INFO - [2023-09-19T13:45:49.656+0000] {dag.py:3696} INFO - Setting next_dagrun for example_skip_dag to 2023-09-18T13:45:49.655885+00:00, run_after=2023-09-19T13:45:49.655885+00:00
[2023-09-19T13:45:49.699+0000] {processor.py:179} INFO - Processing /home/airflow/.local/lib/python3.8/site-packages/airflow/example_dags/example_skip_dag.py took 0.089 seconds
[2023-09-19T13:46:20.075+0000] {processor.py:157} INFO - Started process (PID=2205) to work on /home/airflow/.local/lib/python3.8/site-packages/airflow/example_dags/example_skip_dag.py
[2023-09-19T13:46:20.076+0000] {processor.py:829} INFO - Processing file /home/airflow/.local/lib/python3.8/site-packages/airflow/example_dags/example_skip_dag.py for tasks to queue
[2023-09-19T13:46:20.077+0000] {logging_mixin.py:151} INFO - [2023-09-19T13:46:20.076+0000] {dagbag.py:539} INFO - Filling up the DagBag from /home/airflow/.local/lib/python3.8/site-packages/airflow/example_dags/example_skip_dag.py
[2023-09-19T13:46:20.084+0000] {processor.py:839} INFO - DAG(s) dict_keys(['example_skip_dag']) retrieved from /home/airflow/.local/lib/python3.8/site-packages/airflow/example_dags/example_skip_dag.py
[2023-09-19T13:46:20.104+0000] {logging_mixin.py:151} INFO - [2023-09-19T13:46:20.104+0000] {dag.py:2915} INFO - Sync 1 DAGs
[2023-09-19T13:46:20.122+0000] {logging_mixin.py:151} INFO - [2023-09-19T13:46:20.122+0000] {dag.py:3696} INFO - Setting next_dagrun for example_skip_dag to 2023-09-18T13:46:20.122497+00:00, run_after=2023-09-19T13:46:20.122497+00:00
[2023-09-19T13:46:20.141+0000] {processor.py:179} INFO - Processing /home/airflow/.local/lib/python3.8/site-packages/airflow/example_dags/example_skip_dag.py took 0.068 seconds
[2023-09-19T13:46:51.074+0000] {processor.py:157} INFO - Started process (PID=2443) to work on /home/airflow/.local/lib/python3.8/site-packages/airflow/example_dags/example_skip_dag.py
[2023-09-19T13:46:51.075+0000] {processor.py:829} INFO - Processing file /home/airflow/.local/lib/python3.8/site-packages/airflow/example_dags/example_skip_dag.py for tasks to queue
[2023-09-19T13:46:51.076+0000] {logging_mixin.py:151} INFO - [2023-09-19T13:46:51.075+0000] {dagbag.py:539} INFO - Filling up the DagBag from /home/airflow/.local/lib/python3.8/site-packages/airflow/example_dags/example_skip_dag.py
[2023-09-19T13:46:51.082+0000] {processor.py:839} INFO - DAG(s) dict_keys(['example_skip_dag']) retrieved from /home/airflow/.local/lib/python3.8/site-packages/airflow/example_dags/example_skip_dag.py
[2023-09-19T13:46:51.106+0000] {logging_mixin.py:151} INFO - [2023-09-19T13:46:51.105+0000] {dag.py:2915} INFO - Sync 1 DAGs
[2023-09-19T13:46:51.131+0000] {logging_mixin.py:151} INFO - [2023-09-19T13:46:51.131+0000] {dag.py:3696} INFO - Setting next_dagrun for example_skip_dag to 2023-09-18T13:46:51.130697+00:00, run_after=2023-09-19T13:46:51.130697+00:00
[2023-09-19T13:46:51.155+0000] {processor.py:179} INFO - Processing /home/airflow/.local/lib/python3.8/site-packages/airflow/example_dags/example_skip_dag.py took 0.084 seconds
[2023-09-19T13:47:22.606+0000] {processor.py:157} INFO - Started process (PID=2681) to work on /home/airflow/.local/lib/python3.8/site-packages/airflow/example_dags/example_skip_dag.py
[2023-09-19T13:47:22.609+0000] {processor.py:829} INFO - Processing file /home/airflow/.local/lib/python3.8/site-packages/airflow/example_dags/example_skip_dag.py for tasks to queue
[2023-09-19T13:47:22.611+0000] {logging_mixin.py:151} INFO - [2023-09-19T13:47:22.610+0000] {dagbag.py:539} INFO - Filling up the DagBag from /home/airflow/.local/lib/python3.8/site-packages/airflow/example_dags/example_skip_dag.py
[2023-09-19T13:47:22.640+0000] {processor.py:839} INFO - DAG(s) dict_keys(['example_skip_dag']) retrieved from /home/airflow/.local/lib/python3.8/site-packages/airflow/example_dags/example_skip_dag.py
[2023-09-19T13:47:22.724+0000] {logging_mixin.py:151} INFO - [2023-09-19T13:47:22.723+0000] {dag.py:2915} INFO - Sync 1 DAGs
[2023-09-19T13:47:22.773+0000] {logging_mixin.py:151} INFO - [2023-09-19T13:47:22.773+0000] {dag.py:3696} INFO - Setting next_dagrun for example_skip_dag to 2023-09-18T13:47:22.773116+00:00, run_after=2023-09-19T13:47:22.773116+00:00
[2023-09-19T13:47:22.812+0000] {processor.py:179} INFO - Processing /home/airflow/.local/lib/python3.8/site-packages/airflow/example_dags/example_skip_dag.py took 0.211 seconds
[2023-09-19T13:47:53.199+0000] {processor.py:157} INFO - Started process (PID=2919) to work on /home/airflow/.local/lib/python3.8/site-packages/airflow/example_dags/example_skip_dag.py
[2023-09-19T13:47:53.201+0000] {processor.py:829} INFO - Processing file /home/airflow/.local/lib/python3.8/site-packages/airflow/example_dags/example_skip_dag.py for tasks to queue
[2023-09-19T13:47:53.202+0000] {logging_mixin.py:151} INFO - [2023-09-19T13:47:53.202+0000] {dagbag.py:539} INFO - Filling up the DagBag from /home/airflow/.local/lib/python3.8/site-packages/airflow/example_dags/example_skip_dag.py
[2023-09-19T13:47:53.208+0000] {processor.py:839} INFO - DAG(s) dict_keys(['example_skip_dag']) retrieved from /home/airflow/.local/lib/python3.8/site-packages/airflow/example_dags/example_skip_dag.py
[2023-09-19T13:47:53.227+0000] {logging_mixin.py:151} INFO - [2023-09-19T13:47:53.227+0000] {dag.py:2915} INFO - Sync 1 DAGs
[2023-09-19T13:47:53.252+0000] {logging_mixin.py:151} INFO - [2023-09-19T13:47:53.252+0000] {dag.py:3696} INFO - Setting next_dagrun for example_skip_dag to 2023-09-18T13:47:53.252068+00:00, run_after=2023-09-19T13:47:53.252068+00:00
[2023-09-19T13:47:53.273+0000] {processor.py:179} INFO - Processing /home/airflow/.local/lib/python3.8/site-packages/airflow/example_dags/example_skip_dag.py took 0.077 seconds
[2023-09-19T13:48:23.625+0000] {processor.py:157} INFO - Started process (PID=3157) to work on /home/airflow/.local/lib/python3.8/site-packages/airflow/example_dags/example_skip_dag.py
[2023-09-19T13:48:23.626+0000] {processor.py:829} INFO - Processing file /home/airflow/.local/lib/python3.8/site-packages/airflow/example_dags/example_skip_dag.py for tasks to queue
[2023-09-19T13:48:23.627+0000] {logging_mixin.py:151} INFO - [2023-09-19T13:48:23.627+0000] {dagbag.py:539} INFO - Filling up the DagBag from /home/airflow/.local/lib/python3.8/site-packages/airflow/example_dags/example_skip_dag.py
[2023-09-19T13:48:23.634+0000] {processor.py:839} INFO - DAG(s) dict_keys(['example_skip_dag']) retrieved from /home/airflow/.local/lib/python3.8/site-packages/airflow/example_dags/example_skip_dag.py
[2023-09-19T13:48:23.659+0000] {logging_mixin.py:151} INFO - [2023-09-19T13:48:23.659+0000] {dag.py:2915} INFO - Sync 1 DAGs
[2023-09-19T13:48:23.676+0000] {logging_mixin.py:151} INFO - [2023-09-19T13:48:23.676+0000] {dag.py:3696} INFO - Setting next_dagrun for example_skip_dag to 2023-09-18T13:48:23.676350+00:00, run_after=2023-09-19T13:48:23.676350+00:00
[2023-09-19T13:48:23.703+0000] {processor.py:179} INFO - Processing /home/airflow/.local/lib/python3.8/site-packages/airflow/example_dags/example_skip_dag.py took 0.082 seconds
[2023-09-19T13:48:54.057+0000] {processor.py:157} INFO - Started process (PID=3395) to work on /home/airflow/.local/lib/python3.8/site-packages/airflow/example_dags/example_skip_dag.py
[2023-09-19T13:48:54.058+0000] {processor.py:829} INFO - Processing file /home/airflow/.local/lib/python3.8/site-packages/airflow/example_dags/example_skip_dag.py for tasks to queue
[2023-09-19T13:48:54.059+0000] {logging_mixin.py:151} INFO - [2023-09-19T13:48:54.058+0000] {dagbag.py:539} INFO - Filling up the DagBag from /home/airflow/.local/lib/python3.8/site-packages/airflow/example_dags/example_skip_dag.py
[2023-09-19T13:48:54.064+0000] {processor.py:839} INFO - DAG(s) dict_keys(['example_skip_dag']) retrieved from /home/airflow/.local/lib/python3.8/site-packages/airflow/example_dags/example_skip_dag.py
[2023-09-19T13:48:54.085+0000] {logging_mixin.py:151} INFO - [2023-09-19T13:48:54.084+0000] {dag.py:2915} INFO - Sync 1 DAGs
[2023-09-19T13:48:54.106+0000] {logging_mixin.py:151} INFO - [2023-09-19T13:48:54.106+0000] {dag.py:3696} INFO - Setting next_dagrun for example_skip_dag to 2023-09-18T13:48:54.105870+00:00, run_after=2023-09-19T13:48:54.105870+00:00
[2023-09-19T13:48:54.125+0000] {processor.py:179} INFO - Processing /home/airflow/.local/lib/python3.8/site-packages/airflow/example_dags/example_skip_dag.py took 0.071 seconds
[2023-09-19T13:49:24.790+0000] {processor.py:157} INFO - Started process (PID=3633) to work on /home/airflow/.local/lib/python3.8/site-packages/airflow/example_dags/example_skip_dag.py
[2023-09-19T13:49:24.791+0000] {processor.py:829} INFO - Processing file /home/airflow/.local/lib/python3.8/site-packages/airflow/example_dags/example_skip_dag.py for tasks to queue
[2023-09-19T13:49:24.792+0000] {logging_mixin.py:151} INFO - [2023-09-19T13:49:24.791+0000] {dagbag.py:539} INFO - Filling up the DagBag from /home/airflow/.local/lib/python3.8/site-packages/airflow/example_dags/example_skip_dag.py
[2023-09-19T13:49:24.798+0000] {processor.py:839} INFO - DAG(s) dict_keys(['example_skip_dag']) retrieved from /home/airflow/.local/lib/python3.8/site-packages/airflow/example_dags/example_skip_dag.py
[2023-09-19T13:49:24.819+0000] {logging_mixin.py:151} INFO - [2023-09-19T13:49:24.819+0000] {dag.py:2915} INFO - Sync 1 DAGs
[2023-09-19T13:49:24.843+0000] {logging_mixin.py:151} INFO - [2023-09-19T13:49:24.843+0000] {dag.py:3696} INFO - Setting next_dagrun for example_skip_dag to 2023-09-18T13:49:24.843117+00:00, run_after=2023-09-19T13:49:24.843117+00:00
[2023-09-19T13:49:24.862+0000] {processor.py:179} INFO - Processing /home/airflow/.local/lib/python3.8/site-packages/airflow/example_dags/example_skip_dag.py took 0.075 seconds
[2023-09-19T13:49:55.343+0000] {processor.py:157} INFO - Started process (PID=3873) to work on /home/airflow/.local/lib/python3.8/site-packages/airflow/example_dags/example_skip_dag.py
[2023-09-19T13:49:55.344+0000] {processor.py:829} INFO - Processing file /home/airflow/.local/lib/python3.8/site-packages/airflow/example_dags/example_skip_dag.py for tasks to queue
[2023-09-19T13:49:55.345+0000] {logging_mixin.py:151} INFO - [2023-09-19T13:49:55.345+0000] {dagbag.py:539} INFO - Filling up the DagBag from /home/airflow/.local/lib/python3.8/site-packages/airflow/example_dags/example_skip_dag.py
[2023-09-19T13:49:55.351+0000] {processor.py:839} INFO - DAG(s) dict_keys(['example_skip_dag']) retrieved from /home/airflow/.local/lib/python3.8/site-packages/airflow/example_dags/example_skip_dag.py
[2023-09-19T13:49:55.375+0000] {logging_mixin.py:151} INFO - [2023-09-19T13:49:55.375+0000] {dag.py:2915} INFO - Sync 1 DAGs
[2023-09-19T13:49:55.393+0000] {logging_mixin.py:151} INFO - [2023-09-19T13:49:55.393+0000] {dag.py:3696} INFO - Setting next_dagrun for example_skip_dag to 2023-09-18T13:49:55.392839+00:00, run_after=2023-09-19T13:49:55.392839+00:00
[2023-09-19T13:49:55.412+0000] {processor.py:179} INFO - Processing /home/airflow/.local/lib/python3.8/site-packages/airflow/example_dags/example_skip_dag.py took 0.071 seconds
[2023-09-19T13:50:25.848+0000] {processor.py:157} INFO - Started process (PID=4109) to work on /home/airflow/.local/lib/python3.8/site-packages/airflow/example_dags/example_skip_dag.py
[2023-09-19T13:50:25.850+0000] {processor.py:829} INFO - Processing file /home/airflow/.local/lib/python3.8/site-packages/airflow/example_dags/example_skip_dag.py for tasks to queue
[2023-09-19T13:50:25.850+0000] {logging_mixin.py:151} INFO - [2023-09-19T13:50:25.850+0000] {dagbag.py:539} INFO - Filling up the DagBag from /home/airflow/.local/lib/python3.8/site-packages/airflow/example_dags/example_skip_dag.py
[2023-09-19T13:50:25.856+0000] {processor.py:839} INFO - DAG(s) dict_keys(['example_skip_dag']) retrieved from /home/airflow/.local/lib/python3.8/site-packages/airflow/example_dags/example_skip_dag.py
[2023-09-19T13:50:25.875+0000] {logging_mixin.py:151} INFO - [2023-09-19T13:50:25.875+0000] {dag.py:2915} INFO - Sync 1 DAGs
[2023-09-19T13:50:25.902+0000] {logging_mixin.py:151} INFO - [2023-09-19T13:50:25.902+0000] {dag.py:3696} INFO - Setting next_dagrun for example_skip_dag to 2023-09-18T13:50:25.902251+00:00, run_after=2023-09-19T13:50:25.902251+00:00
[2023-09-19T13:50:25.924+0000] {processor.py:179} INFO - Processing /home/airflow/.local/lib/python3.8/site-packages/airflow/example_dags/example_skip_dag.py took 0.080 seconds
[2023-09-19T13:50:56.308+0000] {processor.py:157} INFO - Started process (PID=4346) to work on /home/airflow/.local/lib/python3.8/site-packages/airflow/example_dags/example_skip_dag.py
[2023-09-19T13:50:56.312+0000] {processor.py:829} INFO - Processing file /home/airflow/.local/lib/python3.8/site-packages/airflow/example_dags/example_skip_dag.py for tasks to queue
[2023-09-19T13:50:56.313+0000] {logging_mixin.py:151} INFO - [2023-09-19T13:50:56.313+0000] {dagbag.py:539} INFO - Filling up the DagBag from /home/airflow/.local/lib/python3.8/site-packages/airflow/example_dags/example_skip_dag.py
[2023-09-19T13:50:56.319+0000] {processor.py:839} INFO - DAG(s) dict_keys(['example_skip_dag']) retrieved from /home/airflow/.local/lib/python3.8/site-packages/airflow/example_dags/example_skip_dag.py
[2023-09-19T13:50:56.337+0000] {logging_mixin.py:151} INFO - [2023-09-19T13:50:56.337+0000] {dag.py:2915} INFO - Sync 1 DAGs
[2023-09-19T13:50:56.356+0000] {logging_mixin.py:151} INFO - [2023-09-19T13:50:56.356+0000] {dag.py:3696} INFO - Setting next_dagrun for example_skip_dag to 2023-09-18T13:50:56.356329+00:00, run_after=2023-09-19T13:50:56.356329+00:00
[2023-09-19T13:50:56.379+0000] {processor.py:179} INFO - Processing /home/airflow/.local/lib/python3.8/site-packages/airflow/example_dags/example_skip_dag.py took 0.076 seconds
[2023-09-19T13:51:26.765+0000] {processor.py:157} INFO - Started process (PID=4584) to work on /home/airflow/.local/lib/python3.8/site-packages/airflow/example_dags/example_skip_dag.py
[2023-09-19T13:51:26.766+0000] {processor.py:829} INFO - Processing file /home/airflow/.local/lib/python3.8/site-packages/airflow/example_dags/example_skip_dag.py for tasks to queue
[2023-09-19T13:51:26.767+0000] {logging_mixin.py:151} INFO - [2023-09-19T13:51:26.767+0000] {dagbag.py:539} INFO - Filling up the DagBag from /home/airflow/.local/lib/python3.8/site-packages/airflow/example_dags/example_skip_dag.py
[2023-09-19T13:51:26.775+0000] {processor.py:839} INFO - DAG(s) dict_keys(['example_skip_dag']) retrieved from /home/airflow/.local/lib/python3.8/site-packages/airflow/example_dags/example_skip_dag.py
[2023-09-19T13:51:26.798+0000] {logging_mixin.py:151} INFO - [2023-09-19T13:51:26.798+0000] {dag.py:2915} INFO - Sync 1 DAGs
[2023-09-19T13:51:26.819+0000] {logging_mixin.py:151} INFO - [2023-09-19T13:51:26.819+0000] {dag.py:3696} INFO - Setting next_dagrun for example_skip_dag to 2023-09-18T13:51:26.818571+00:00, run_after=2023-09-19T13:51:26.818571+00:00
[2023-09-19T13:51:26.842+0000] {processor.py:179} INFO - Processing /home/airflow/.local/lib/python3.8/site-packages/airflow/example_dags/example_skip_dag.py took 0.082 seconds
[2023-09-19T13:51:57.069+0000] {processor.py:157} INFO - Started process (PID=4822) to work on /home/airflow/.local/lib/python3.8/site-packages/airflow/example_dags/example_skip_dag.py
[2023-09-19T13:51:57.070+0000] {processor.py:829} INFO - Processing file /home/airflow/.local/lib/python3.8/site-packages/airflow/example_dags/example_skip_dag.py for tasks to queue
[2023-09-19T13:51:57.071+0000] {logging_mixin.py:151} INFO - [2023-09-19T13:51:57.071+0000] {dagbag.py:539} INFO - Filling up the DagBag from /home/airflow/.local/lib/python3.8/site-packages/airflow/example_dags/example_skip_dag.py
[2023-09-19T13:51:57.076+0000] {processor.py:839} INFO - DAG(s) dict_keys(['example_skip_dag']) retrieved from /home/airflow/.local/lib/python3.8/site-packages/airflow/example_dags/example_skip_dag.py
[2023-09-19T13:51:57.092+0000] {logging_mixin.py:151} INFO - [2023-09-19T13:51:57.092+0000] {dag.py:2915} INFO - Sync 1 DAGs
[2023-09-19T13:51:57.110+0000] {logging_mixin.py:151} INFO - [2023-09-19T13:51:57.110+0000] {dag.py:3696} INFO - Setting next_dagrun for example_skip_dag to 2023-09-18T13:51:57.109968+00:00, run_after=2023-09-19T13:51:57.109968+00:00
[2023-09-19T13:51:57.129+0000] {processor.py:179} INFO - Processing /home/airflow/.local/lib/python3.8/site-packages/airflow/example_dags/example_skip_dag.py took 0.062 seconds
[2023-09-19T13:52:27.348+0000] {processor.py:157} INFO - Started process (PID=5060) to work on /home/airflow/.local/lib/python3.8/site-packages/airflow/example_dags/example_skip_dag.py
[2023-09-19T13:52:27.349+0000] {processor.py:829} INFO - Processing file /home/airflow/.local/lib/python3.8/site-packages/airflow/example_dags/example_skip_dag.py for tasks to queue
[2023-09-19T13:52:27.350+0000] {logging_mixin.py:151} INFO - [2023-09-19T13:52:27.350+0000] {dagbag.py:539} INFO - Filling up the DagBag from /home/airflow/.local/lib/python3.8/site-packages/airflow/example_dags/example_skip_dag.py
[2023-09-19T13:52:27.356+0000] {processor.py:839} INFO - DAG(s) dict_keys(['example_skip_dag']) retrieved from /home/airflow/.local/lib/python3.8/site-packages/airflow/example_dags/example_skip_dag.py
[2023-09-19T13:52:27.376+0000] {logging_mixin.py:151} INFO - [2023-09-19T13:52:27.375+0000] {dag.py:2915} INFO - Sync 1 DAGs
[2023-09-19T13:52:27.393+0000] {logging_mixin.py:151} INFO - [2023-09-19T13:52:27.393+0000] {dag.py:3696} INFO - Setting next_dagrun for example_skip_dag to 2023-09-18T13:52:27.392834+00:00, run_after=2023-09-19T13:52:27.392834+00:00
[2023-09-19T13:52:27.412+0000] {processor.py:179} INFO - Processing /home/airflow/.local/lib/python3.8/site-packages/airflow/example_dags/example_skip_dag.py took 0.066 seconds
[2023-09-19T13:52:57.553+0000] {processor.py:157} INFO - Started process (PID=5299) to work on /home/airflow/.local/lib/python3.8/site-packages/airflow/example_dags/example_skip_dag.py
[2023-09-19T13:52:57.554+0000] {processor.py:829} INFO - Processing file /home/airflow/.local/lib/python3.8/site-packages/airflow/example_dags/example_skip_dag.py for tasks to queue
[2023-09-19T13:52:57.554+0000] {logging_mixin.py:151} INFO - [2023-09-19T13:52:57.554+0000] {dagbag.py:539} INFO - Filling up the DagBag from /home/airflow/.local/lib/python3.8/site-packages/airflow/example_dags/example_skip_dag.py
[2023-09-19T13:52:57.560+0000] {processor.py:839} INFO - DAG(s) dict_keys(['example_skip_dag']) retrieved from /home/airflow/.local/lib/python3.8/site-packages/airflow/example_dags/example_skip_dag.py
[2023-09-19T13:52:57.580+0000] {logging_mixin.py:151} INFO - [2023-09-19T13:52:57.580+0000] {dag.py:2915} INFO - Sync 1 DAGs
[2023-09-19T13:52:57.597+0000] {logging_mixin.py:151} INFO - [2023-09-19T13:52:57.597+0000] {dag.py:3696} INFO - Setting next_dagrun for example_skip_dag to 2023-09-18T13:52:57.597139+00:00, run_after=2023-09-19T13:52:57.597139+00:00
[2023-09-19T13:52:57.615+0000] {processor.py:179} INFO - Processing /home/airflow/.local/lib/python3.8/site-packages/airflow/example_dags/example_skip_dag.py took 0.065 seconds
[2023-09-19T13:53:27.916+0000] {processor.py:157} INFO - Started process (PID=5539) to work on /home/airflow/.local/lib/python3.8/site-packages/airflow/example_dags/example_skip_dag.py
[2023-09-19T13:53:27.917+0000] {processor.py:829} INFO - Processing file /home/airflow/.local/lib/python3.8/site-packages/airflow/example_dags/example_skip_dag.py for tasks to queue
[2023-09-19T13:53:27.918+0000] {logging_mixin.py:151} INFO - [2023-09-19T13:53:27.918+0000] {dagbag.py:539} INFO - Filling up the DagBag from /home/airflow/.local/lib/python3.8/site-packages/airflow/example_dags/example_skip_dag.py
[2023-09-19T13:53:27.924+0000] {processor.py:839} INFO - DAG(s) dict_keys(['example_skip_dag']) retrieved from /home/airflow/.local/lib/python3.8/site-packages/airflow/example_dags/example_skip_dag.py
[2023-09-19T13:53:27.946+0000] {logging_mixin.py:151} INFO - [2023-09-19T13:53:27.945+0000] {dag.py:2915} INFO - Sync 1 DAGs
[2023-09-19T13:53:27.964+0000] {logging_mixin.py:151} INFO - [2023-09-19T13:53:27.964+0000] {dag.py:3696} INFO - Setting next_dagrun for example_skip_dag to 2023-09-18T13:53:27.963860+00:00, run_after=2023-09-19T13:53:27.963860+00:00
[2023-09-19T13:53:27.987+0000] {processor.py:179} INFO - Processing /home/airflow/.local/lib/python3.8/site-packages/airflow/example_dags/example_skip_dag.py took 0.073 seconds
[2023-09-19T13:53:58.113+0000] {processor.py:157} INFO - Started process (PID=5775) to work on /home/airflow/.local/lib/python3.8/site-packages/airflow/example_dags/example_skip_dag.py
[2023-09-19T13:53:58.114+0000] {processor.py:829} INFO - Processing file /home/airflow/.local/lib/python3.8/site-packages/airflow/example_dags/example_skip_dag.py for tasks to queue
[2023-09-19T13:53:58.115+0000] {logging_mixin.py:151} INFO - [2023-09-19T13:53:58.115+0000] {dagbag.py:539} INFO - Filling up the DagBag from /home/airflow/.local/lib/python3.8/site-packages/airflow/example_dags/example_skip_dag.py
[2023-09-19T13:53:58.121+0000] {processor.py:839} INFO - DAG(s) dict_keys(['example_skip_dag']) retrieved from /home/airflow/.local/lib/python3.8/site-packages/airflow/example_dags/example_skip_dag.py
[2023-09-19T13:53:58.137+0000] {logging_mixin.py:151} INFO - [2023-09-19T13:53:58.137+0000] {dag.py:2915} INFO - Sync 1 DAGs
[2023-09-19T13:53:58.157+0000] {logging_mixin.py:151} INFO - [2023-09-19T13:53:58.157+0000] {dag.py:3696} INFO - Setting next_dagrun for example_skip_dag to 2023-09-18T13:53:58.157178+00:00, run_after=2023-09-19T13:53:58.157178+00:00
[2023-09-19T13:53:58.174+0000] {processor.py:179} INFO - Processing /home/airflow/.local/lib/python3.8/site-packages/airflow/example_dags/example_skip_dag.py took 0.063 seconds
[2023-09-19T13:54:28.536+0000] {processor.py:157} INFO - Started process (PID=6015) to work on /home/airflow/.local/lib/python3.8/site-packages/airflow/example_dags/example_skip_dag.py
[2023-09-19T13:54:28.537+0000] {processor.py:829} INFO - Processing file /home/airflow/.local/lib/python3.8/site-packages/airflow/example_dags/example_skip_dag.py for tasks to queue
[2023-09-19T13:54:28.537+0000] {logging_mixin.py:151} INFO - [2023-09-19T13:54:28.537+0000] {dagbag.py:539} INFO - Filling up the DagBag from /home/airflow/.local/lib/python3.8/site-packages/airflow/example_dags/example_skip_dag.py
[2023-09-19T13:54:28.544+0000] {processor.py:839} INFO - DAG(s) dict_keys(['example_skip_dag']) retrieved from /home/airflow/.local/lib/python3.8/site-packages/airflow/example_dags/example_skip_dag.py
[2023-09-19T13:54:28.561+0000] {logging_mixin.py:151} INFO - [2023-09-19T13:54:28.560+0000] {dag.py:2915} INFO - Sync 1 DAGs
[2023-09-19T13:54:28.581+0000] {logging_mixin.py:151} INFO - [2023-09-19T13:54:28.581+0000] {dag.py:3696} INFO - Setting next_dagrun for example_skip_dag to 2023-09-18T13:54:28.580947+00:00, run_after=2023-09-19T13:54:28.580947+00:00
[2023-09-19T13:54:28.597+0000] {processor.py:179} INFO - Processing /home/airflow/.local/lib/python3.8/site-packages/airflow/example_dags/example_skip_dag.py took 0.064 seconds
[2023-09-19T13:54:58.883+0000] {processor.py:157} INFO - Started process (PID=6251) to work on /home/airflow/.local/lib/python3.8/site-packages/airflow/example_dags/example_skip_dag.py
[2023-09-19T13:54:58.885+0000] {processor.py:829} INFO - Processing file /home/airflow/.local/lib/python3.8/site-packages/airflow/example_dags/example_skip_dag.py for tasks to queue
[2023-09-19T13:54:58.885+0000] {logging_mixin.py:151} INFO - [2023-09-19T13:54:58.885+0000] {dagbag.py:539} INFO - Filling up the DagBag from /home/airflow/.local/lib/python3.8/site-packages/airflow/example_dags/example_skip_dag.py
[2023-09-19T13:54:58.891+0000] {processor.py:839} INFO - DAG(s) dict_keys(['example_skip_dag']) retrieved from /home/airflow/.local/lib/python3.8/site-packages/airflow/example_dags/example_skip_dag.py
[2023-09-19T13:54:58.907+0000] {logging_mixin.py:151} INFO - [2023-09-19T13:54:58.907+0000] {dag.py:2915} INFO - Sync 1 DAGs
[2023-09-19T13:54:58.926+0000] {logging_mixin.py:151} INFO - [2023-09-19T13:54:58.926+0000] {dag.py:3696} INFO - Setting next_dagrun for example_skip_dag to 2023-09-18T13:54:58.925859+00:00, run_after=2023-09-19T13:54:58.925859+00:00
[2023-09-19T13:54:58.943+0000] {processor.py:179} INFO - Processing /home/airflow/.local/lib/python3.8/site-packages/airflow/example_dags/example_skip_dag.py took 0.062 seconds
[2023-09-19T13:55:29.129+0000] {processor.py:157} INFO - Started process (PID=6489) to work on /home/airflow/.local/lib/python3.8/site-packages/airflow/example_dags/example_skip_dag.py
[2023-09-19T13:55:29.130+0000] {processor.py:829} INFO - Processing file /home/airflow/.local/lib/python3.8/site-packages/airflow/example_dags/example_skip_dag.py for tasks to queue
[2023-09-19T13:55:29.130+0000] {logging_mixin.py:151} INFO - [2023-09-19T13:55:29.130+0000] {dagbag.py:539} INFO - Filling up the DagBag from /home/airflow/.local/lib/python3.8/site-packages/airflow/example_dags/example_skip_dag.py
[2023-09-19T13:55:29.137+0000] {processor.py:839} INFO - DAG(s) dict_keys(['example_skip_dag']) retrieved from /home/airflow/.local/lib/python3.8/site-packages/airflow/example_dags/example_skip_dag.py
[2023-09-19T13:55:29.156+0000] {logging_mixin.py:151} INFO - [2023-09-19T13:55:29.156+0000] {dag.py:2915} INFO - Sync 1 DAGs
[2023-09-19T13:55:29.173+0000] {logging_mixin.py:151} INFO - [2023-09-19T13:55:29.173+0000] {dag.py:3696} INFO - Setting next_dagrun for example_skip_dag to 2023-09-18T13:55:29.173311+00:00, run_after=2023-09-19T13:55:29.173311+00:00
[2023-09-19T13:55:29.189+0000] {processor.py:179} INFO - Processing /home/airflow/.local/lib/python3.8/site-packages/airflow/example_dags/example_skip_dag.py took 0.062 seconds
[2023-09-19T13:55:59.268+0000] {processor.py:157} INFO - Started process (PID=6727) to work on /home/airflow/.local/lib/python3.8/site-packages/airflow/example_dags/example_skip_dag.py
[2023-09-19T13:55:59.269+0000] {processor.py:829} INFO - Processing file /home/airflow/.local/lib/python3.8/site-packages/airflow/example_dags/example_skip_dag.py for tasks to queue
[2023-09-19T13:55:59.270+0000] {logging_mixin.py:151} INFO - [2023-09-19T13:55:59.270+0000] {dagbag.py:539} INFO - Filling up the DagBag from /home/airflow/.local/lib/python3.8/site-packages/airflow/example_dags/example_skip_dag.py
[2023-09-19T13:55:59.275+0000] {processor.py:839} INFO - DAG(s) dict_keys(['example_skip_dag']) retrieved from /home/airflow/.local/lib/python3.8/site-packages/airflow/example_dags/example_skip_dag.py
[2023-09-19T13:55:59.293+0000] {logging_mixin.py:151} INFO - [2023-09-19T13:55:59.293+0000] {dag.py:2915} INFO - Sync 1 DAGs
[2023-09-19T13:55:59.311+0000] {logging_mixin.py:151} INFO - [2023-09-19T13:55:59.310+0000] {dag.py:3696} INFO - Setting next_dagrun for example_skip_dag to 2023-09-18T13:55:59.310707+00:00, run_after=2023-09-19T13:55:59.310707+00:00
[2023-09-19T13:55:59.327+0000] {processor.py:179} INFO - Processing /home/airflow/.local/lib/python3.8/site-packages/airflow/example_dags/example_skip_dag.py took 0.062 seconds
[2023-09-19T13:56:29.373+0000] {processor.py:157} INFO - Started process (PID=6960) to work on /home/airflow/.local/lib/python3.8/site-packages/airflow/example_dags/example_skip_dag.py
[2023-09-19T13:56:29.375+0000] {processor.py:829} INFO - Processing file /home/airflow/.local/lib/python3.8/site-packages/airflow/example_dags/example_skip_dag.py for tasks to queue
[2023-09-19T13:56:29.375+0000] {logging_mixin.py:151} INFO - [2023-09-19T13:56:29.375+0000] {dagbag.py:539} INFO - Filling up the DagBag from /home/airflow/.local/lib/python3.8/site-packages/airflow/example_dags/example_skip_dag.py
[2023-09-19T13:56:29.383+0000] {processor.py:839} INFO - DAG(s) dict_keys(['example_skip_dag']) retrieved from /home/airflow/.local/lib/python3.8/site-packages/airflow/example_dags/example_skip_dag.py
[2023-09-19T13:56:29.400+0000] {logging_mixin.py:151} INFO - [2023-09-19T13:56:29.400+0000] {dag.py:2915} INFO - Sync 1 DAGs
[2023-09-19T13:56:29.419+0000] {logging_mixin.py:151} INFO - [2023-09-19T13:56:29.419+0000] {dag.py:3696} INFO - Setting next_dagrun for example_skip_dag to 2023-09-18T13:56:29.419573+00:00, run_after=2023-09-19T13:56:29.419573+00:00
[2023-09-19T13:56:29.440+0000] {processor.py:179} INFO - Processing /home/airflow/.local/lib/python3.8/site-packages/airflow/example_dags/example_skip_dag.py took 0.069 seconds
[2023-09-19T13:56:59.660+0000] {processor.py:157} INFO - Started process (PID=7198) to work on /home/airflow/.local/lib/python3.8/site-packages/airflow/example_dags/example_skip_dag.py
[2023-09-19T13:56:59.662+0000] {processor.py:829} INFO - Processing file /home/airflow/.local/lib/python3.8/site-packages/airflow/example_dags/example_skip_dag.py for tasks to queue
[2023-09-19T13:56:59.663+0000] {logging_mixin.py:151} INFO - [2023-09-19T13:56:59.662+0000] {dagbag.py:539} INFO - Filling up the DagBag from /home/airflow/.local/lib/python3.8/site-packages/airflow/example_dags/example_skip_dag.py
[2023-09-19T13:56:59.670+0000] {processor.py:839} INFO - DAG(s) dict_keys(['example_skip_dag']) retrieved from /home/airflow/.local/lib/python3.8/site-packages/airflow/example_dags/example_skip_dag.py
[2023-09-19T13:56:59.688+0000] {logging_mixin.py:151} INFO - [2023-09-19T13:56:59.688+0000] {dag.py:2915} INFO - Sync 1 DAGs
[2023-09-19T13:56:59.707+0000] {logging_mixin.py:151} INFO - [2023-09-19T13:56:59.707+0000] {dag.py:3696} INFO - Setting next_dagrun for example_skip_dag to 2023-09-18T13:56:59.706980+00:00, run_after=2023-09-19T13:56:59.706980+00:00
[2023-09-19T13:56:59.728+0000] {processor.py:179} INFO - Processing /home/airflow/.local/lib/python3.8/site-packages/airflow/example_dags/example_skip_dag.py took 0.071 seconds
[2023-09-19T13:57:30.275+0000] {processor.py:157} INFO - Started process (PID=7441) to work on /home/airflow/.local/lib/python3.8/site-packages/airflow/example_dags/example_skip_dag.py
[2023-09-19T13:57:30.279+0000] {processor.py:829} INFO - Processing file /home/airflow/.local/lib/python3.8/site-packages/airflow/example_dags/example_skip_dag.py for tasks to queue
[2023-09-19T13:57:30.283+0000] {logging_mixin.py:151} INFO - [2023-09-19T13:57:30.281+0000] {dagbag.py:539} INFO - Filling up the DagBag from /home/airflow/.local/lib/python3.8/site-packages/airflow/example_dags/example_skip_dag.py
[2023-09-19T13:57:30.306+0000] {processor.py:839} INFO - DAG(s) dict_keys(['example_skip_dag']) retrieved from /home/airflow/.local/lib/python3.8/site-packages/airflow/example_dags/example_skip_dag.py
[2023-09-19T13:57:30.332+0000] {logging_mixin.py:151} INFO - [2023-09-19T13:57:30.331+0000] {dag.py:2915} INFO - Sync 1 DAGs
[2023-09-19T13:57:30.352+0000] {logging_mixin.py:151} INFO - [2023-09-19T13:57:30.352+0000] {dag.py:3696} INFO - Setting next_dagrun for example_skip_dag to 2023-09-18T13:57:30.351785+00:00, run_after=2023-09-19T13:57:30.351785+00:00
[2023-09-19T13:57:30.377+0000] {processor.py:179} INFO - Processing /home/airflow/.local/lib/python3.8/site-packages/airflow/example_dags/example_skip_dag.py took 0.116 seconds
[2023-09-19T13:58:00.499+0000] {processor.py:157} INFO - Started process (PID=7675) to work on /home/airflow/.local/lib/python3.8/site-packages/airflow/example_dags/example_skip_dag.py
[2023-09-19T13:58:00.500+0000] {processor.py:829} INFO - Processing file /home/airflow/.local/lib/python3.8/site-packages/airflow/example_dags/example_skip_dag.py for tasks to queue
[2023-09-19T13:58:00.501+0000] {logging_mixin.py:151} INFO - [2023-09-19T13:58:00.500+0000] {dagbag.py:539} INFO - Filling up the DagBag from /home/airflow/.local/lib/python3.8/site-packages/airflow/example_dags/example_skip_dag.py
[2023-09-19T13:58:00.507+0000] {processor.py:839} INFO - DAG(s) dict_keys(['example_skip_dag']) retrieved from /home/airflow/.local/lib/python3.8/site-packages/airflow/example_dags/example_skip_dag.py
[2023-09-19T13:58:00.524+0000] {logging_mixin.py:151} INFO - [2023-09-19T13:58:00.524+0000] {dag.py:2915} INFO - Sync 1 DAGs
[2023-09-19T13:58:00.542+0000] {logging_mixin.py:151} INFO - [2023-09-19T13:58:00.542+0000] {dag.py:3696} INFO - Setting next_dagrun for example_skip_dag to 2023-09-18T13:58:00.541843+00:00, run_after=2023-09-19T13:58:00.541843+00:00
[2023-09-19T13:58:00.561+0000] {processor.py:179} INFO - Processing /home/airflow/.local/lib/python3.8/site-packages/airflow/example_dags/example_skip_dag.py took 0.065 seconds
[2023-09-19T13:58:30.781+0000] {processor.py:157} INFO - Started process (PID=7913) to work on /home/airflow/.local/lib/python3.8/site-packages/airflow/example_dags/example_skip_dag.py
[2023-09-19T13:58:30.782+0000] {processor.py:829} INFO - Processing file /home/airflow/.local/lib/python3.8/site-packages/airflow/example_dags/example_skip_dag.py for tasks to queue
[2023-09-19T13:58:30.783+0000] {logging_mixin.py:151} INFO - [2023-09-19T13:58:30.783+0000] {dagbag.py:539} INFO - Filling up the DagBag from /home/airflow/.local/lib/python3.8/site-packages/airflow/example_dags/example_skip_dag.py
[2023-09-19T13:58:30.790+0000] {processor.py:839} INFO - DAG(s) dict_keys(['example_skip_dag']) retrieved from /home/airflow/.local/lib/python3.8/site-packages/airflow/example_dags/example_skip_dag.py
[2023-09-19T13:58:30.810+0000] {logging_mixin.py:151} INFO - [2023-09-19T13:58:30.810+0000] {dag.py:2915} INFO - Sync 1 DAGs
[2023-09-19T13:58:30.828+0000] {logging_mixin.py:151} INFO - [2023-09-19T13:58:30.828+0000] {dag.py:3696} INFO - Setting next_dagrun for example_skip_dag to 2023-09-18T13:58:30.828189+00:00, run_after=2023-09-19T13:58:30.828189+00:00
[2023-09-19T13:58:30.844+0000] {processor.py:179} INFO - Processing /home/airflow/.local/lib/python3.8/site-packages/airflow/example_dags/example_skip_dag.py took 0.066 seconds
[2023-09-19T13:59:00.984+0000] {processor.py:157} INFO - Started process (PID=8151) to work on /home/airflow/.local/lib/python3.8/site-packages/airflow/example_dags/example_skip_dag.py
[2023-09-19T13:59:00.986+0000] {processor.py:829} INFO - Processing file /home/airflow/.local/lib/python3.8/site-packages/airflow/example_dags/example_skip_dag.py for tasks to queue
[2023-09-19T13:59:00.987+0000] {logging_mixin.py:151} INFO - [2023-09-19T13:59:00.986+0000] {dagbag.py:539} INFO - Filling up the DagBag from /home/airflow/.local/lib/python3.8/site-packages/airflow/example_dags/example_skip_dag.py
[2023-09-19T13:59:00.993+0000] {processor.py:839} INFO - DAG(s) dict_keys(['example_skip_dag']) retrieved from /home/airflow/.local/lib/python3.8/site-packages/airflow/example_dags/example_skip_dag.py
[2023-09-19T13:59:01.010+0000] {logging_mixin.py:151} INFO - [2023-09-19T13:59:01.010+0000] {dag.py:2915} INFO - Sync 1 DAGs
[2023-09-19T13:59:01.030+0000] {logging_mixin.py:151} INFO - [2023-09-19T13:59:01.030+0000] {dag.py:3696} INFO - Setting next_dagrun for example_skip_dag to 2023-09-18T13:59:01.030410+00:00, run_after=2023-09-19T13:59:01.030410+00:00
[2023-09-19T13:59:01.047+0000] {processor.py:179} INFO - Processing /home/airflow/.local/lib/python3.8/site-packages/airflow/example_dags/example_skip_dag.py took 0.066 seconds
[2023-09-19T13:59:31.129+0000] {processor.py:157} INFO - Started process (PID=8389) to work on /home/airflow/.local/lib/python3.8/site-packages/airflow/example_dags/example_skip_dag.py
[2023-09-19T13:59:31.130+0000] {processor.py:829} INFO - Processing file /home/airflow/.local/lib/python3.8/site-packages/airflow/example_dags/example_skip_dag.py for tasks to queue
[2023-09-19T13:59:31.130+0000] {logging_mixin.py:151} INFO - [2023-09-19T13:59:31.130+0000] {dagbag.py:539} INFO - Filling up the DagBag from /home/airflow/.local/lib/python3.8/site-packages/airflow/example_dags/example_skip_dag.py
[2023-09-19T13:59:31.136+0000] {processor.py:839} INFO - DAG(s) dict_keys(['example_skip_dag']) retrieved from /home/airflow/.local/lib/python3.8/site-packages/airflow/example_dags/example_skip_dag.py
[2023-09-19T13:59:31.152+0000] {logging_mixin.py:151} INFO - [2023-09-19T13:59:31.152+0000] {dag.py:2915} INFO - Sync 1 DAGs
[2023-09-19T13:59:31.173+0000] {logging_mixin.py:151} INFO - [2023-09-19T13:59:31.173+0000] {dag.py:3696} INFO - Setting next_dagrun for example_skip_dag to 2023-09-18T13:59:31.173452+00:00, run_after=2023-09-19T13:59:31.173452+00:00
[2023-09-19T13:59:31.188+0000] {processor.py:179} INFO - Processing /home/airflow/.local/lib/python3.8/site-packages/airflow/example_dags/example_skip_dag.py took 0.062 seconds
