[2023-09-19T13:42:10.660+0000] {processor.py:157} INFO - Started process (PID=370) to work on /home/airflow/.local/lib/python3.8/site-packages/airflow/example_dags/example_time_delta_sensor_async.py
[2023-09-19T13:42:10.660+0000] {processor.py:829} INFO - Processing file /home/airflow/.local/lib/python3.8/site-packages/airflow/example_dags/example_time_delta_sensor_async.py for tasks to queue
[2023-09-19T13:42:10.661+0000] {logging_mixin.py:151} INFO - [2023-09-19T13:42:10.661+0000] {dagbag.py:539} INFO - Filling up the DagBag from /home/airflow/.local/lib/python3.8/site-packages/airflow/example_dags/example_time_delta_sensor_async.py
[2023-09-19T13:42:10.667+0000] {processor.py:839} INFO - DAG(s) dict_keys(['example_time_delta_sensor_async']) retrieved from /home/airflow/.local/lib/python3.8/site-packages/airflow/example_dags/example_time_delta_sensor_async.py
[2023-09-19T13:42:10.683+0000] {logging_mixin.py:151} INFO - [2023-09-19T13:42:10.683+0000] {dag.py:2915} INFO - Sync 1 DAGs
[2023-09-19T13:42:10.693+0000] {logging_mixin.py:151} INFO - [2023-09-19T13:42:10.693+0000] {dag.py:3696} INFO - Setting next_dagrun for example_time_delta_sensor_async to None, run_after=None
[2023-09-19T13:42:10.713+0000] {processor.py:179} INFO - Processing /home/airflow/.local/lib/python3.8/site-packages/airflow/example_dags/example_time_delta_sensor_async.py took 0.057 seconds
[2023-09-19T13:42:48.991+0000] {processor.py:157} INFO - Started process (PID=608) to work on /home/airflow/.local/lib/python3.8/site-packages/airflow/example_dags/example_time_delta_sensor_async.py
[2023-09-19T13:42:48.992+0000] {processor.py:829} INFO - Processing file /home/airflow/.local/lib/python3.8/site-packages/airflow/example_dags/example_time_delta_sensor_async.py for tasks to queue
[2023-09-19T13:42:48.992+0000] {logging_mixin.py:151} INFO - [2023-09-19T13:42:48.992+0000] {dagbag.py:539} INFO - Filling up the DagBag from /home/airflow/.local/lib/python3.8/site-packages/airflow/example_dags/example_time_delta_sensor_async.py
[2023-09-19T13:42:48.997+0000] {processor.py:839} INFO - DAG(s) dict_keys(['example_time_delta_sensor_async']) retrieved from /home/airflow/.local/lib/python3.8/site-packages/airflow/example_dags/example_time_delta_sensor_async.py
[2023-09-19T13:42:49.014+0000] {logging_mixin.py:151} INFO - [2023-09-19T13:42:49.013+0000] {dag.py:2915} INFO - Sync 1 DAGs
[2023-09-19T13:42:49.143+0000] {logging_mixin.py:151} INFO - [2023-09-19T13:42:49.143+0000] {dag.py:3696} INFO - Setting next_dagrun for example_time_delta_sensor_async to None, run_after=None
[2023-09-19T13:42:49.161+0000] {processor.py:179} INFO - Processing /home/airflow/.local/lib/python3.8/site-packages/airflow/example_dags/example_time_delta_sensor_async.py took 0.173 seconds
[2023-09-19T13:43:19.461+0000] {processor.py:157} INFO - Started process (PID=846) to work on /home/airflow/.local/lib/python3.8/site-packages/airflow/example_dags/example_time_delta_sensor_async.py
[2023-09-19T13:43:19.462+0000] {processor.py:829} INFO - Processing file /home/airflow/.local/lib/python3.8/site-packages/airflow/example_dags/example_time_delta_sensor_async.py for tasks to queue
[2023-09-19T13:43:19.462+0000] {logging_mixin.py:151} INFO - [2023-09-19T13:43:19.462+0000] {dagbag.py:539} INFO - Filling up the DagBag from /home/airflow/.local/lib/python3.8/site-packages/airflow/example_dags/example_time_delta_sensor_async.py
[2023-09-19T13:43:19.465+0000] {processor.py:839} INFO - DAG(s) dict_keys(['example_time_delta_sensor_async']) retrieved from /home/airflow/.local/lib/python3.8/site-packages/airflow/example_dags/example_time_delta_sensor_async.py
[2023-09-19T13:43:19.480+0000] {logging_mixin.py:151} INFO - [2023-09-19T13:43:19.480+0000] {dag.py:2915} INFO - Sync 1 DAGs
[2023-09-19T13:43:19.491+0000] {logging_mixin.py:151} INFO - [2023-09-19T13:43:19.491+0000] {dag.py:3696} INFO - Setting next_dagrun for example_time_delta_sensor_async to None, run_after=None
[2023-09-19T13:43:19.508+0000] {processor.py:179} INFO - Processing /home/airflow/.local/lib/python3.8/site-packages/airflow/example_dags/example_time_delta_sensor_async.py took 0.050 seconds
[2023-09-19T13:43:49.738+0000] {processor.py:157} INFO - Started process (PID=1084) to work on /home/airflow/.local/lib/python3.8/site-packages/airflow/example_dags/example_time_delta_sensor_async.py
[2023-09-19T13:43:49.739+0000] {processor.py:829} INFO - Processing file /home/airflow/.local/lib/python3.8/site-packages/airflow/example_dags/example_time_delta_sensor_async.py for tasks to queue
[2023-09-19T13:43:49.739+0000] {logging_mixin.py:151} INFO - [2023-09-19T13:43:49.739+0000] {dagbag.py:539} INFO - Filling up the DagBag from /home/airflow/.local/lib/python3.8/site-packages/airflow/example_dags/example_time_delta_sensor_async.py
[2023-09-19T13:43:49.742+0000] {processor.py:839} INFO - DAG(s) dict_keys(['example_time_delta_sensor_async']) retrieved from /home/airflow/.local/lib/python3.8/site-packages/airflow/example_dags/example_time_delta_sensor_async.py
[2023-09-19T13:43:49.756+0000] {logging_mixin.py:151} INFO - [2023-09-19T13:43:49.756+0000] {dag.py:2915} INFO - Sync 1 DAGs
[2023-09-19T13:43:49.764+0000] {logging_mixin.py:151} INFO - [2023-09-19T13:43:49.764+0000] {dag.py:3696} INFO - Setting next_dagrun for example_time_delta_sensor_async to None, run_after=None
[2023-09-19T13:43:49.781+0000] {processor.py:179} INFO - Processing /home/airflow/.local/lib/python3.8/site-packages/airflow/example_dags/example_time_delta_sensor_async.py took 0.045 seconds
[2023-09-19T13:44:20.015+0000] {processor.py:157} INFO - Started process (PID=1324) to work on /home/airflow/.local/lib/python3.8/site-packages/airflow/example_dags/example_time_delta_sensor_async.py
[2023-09-19T13:44:20.016+0000] {processor.py:829} INFO - Processing file /home/airflow/.local/lib/python3.8/site-packages/airflow/example_dags/example_time_delta_sensor_async.py for tasks to queue
[2023-09-19T13:44:20.016+0000] {logging_mixin.py:151} INFO - [2023-09-19T13:44:20.016+0000] {dagbag.py:539} INFO - Filling up the DagBag from /home/airflow/.local/lib/python3.8/site-packages/airflow/example_dags/example_time_delta_sensor_async.py
[2023-09-19T13:44:20.020+0000] {processor.py:839} INFO - DAG(s) dict_keys(['example_time_delta_sensor_async']) retrieved from /home/airflow/.local/lib/python3.8/site-packages/airflow/example_dags/example_time_delta_sensor_async.py
[2023-09-19T13:44:20.039+0000] {logging_mixin.py:151} INFO - [2023-09-19T13:44:20.038+0000] {dag.py:2915} INFO - Sync 1 DAGs
[2023-09-19T13:44:20.049+0000] {logging_mixin.py:151} INFO - [2023-09-19T13:44:20.048+0000] {dag.py:3696} INFO - Setting next_dagrun for example_time_delta_sensor_async to None, run_after=None
[2023-09-19T13:44:20.068+0000] {processor.py:179} INFO - Processing /home/airflow/.local/lib/python3.8/site-packages/airflow/example_dags/example_time_delta_sensor_async.py took 0.056 seconds
[2023-09-19T13:44:50.548+0000] {processor.py:157} INFO - Started process (PID=1562) to work on /home/airflow/.local/lib/python3.8/site-packages/airflow/example_dags/example_time_delta_sensor_async.py
[2023-09-19T13:44:50.549+0000] {processor.py:829} INFO - Processing file /home/airflow/.local/lib/python3.8/site-packages/airflow/example_dags/example_time_delta_sensor_async.py for tasks to queue
[2023-09-19T13:44:50.550+0000] {logging_mixin.py:151} INFO - [2023-09-19T13:44:50.550+0000] {dagbag.py:539} INFO - Filling up the DagBag from /home/airflow/.local/lib/python3.8/site-packages/airflow/example_dags/example_time_delta_sensor_async.py
[2023-09-19T13:44:50.553+0000] {processor.py:839} INFO - DAG(s) dict_keys(['example_time_delta_sensor_async']) retrieved from /home/airflow/.local/lib/python3.8/site-packages/airflow/example_dags/example_time_delta_sensor_async.py
[2023-09-19T13:44:50.571+0000] {logging_mixin.py:151} INFO - [2023-09-19T13:44:50.570+0000] {dag.py:2915} INFO - Sync 1 DAGs
[2023-09-19T13:44:50.582+0000] {logging_mixin.py:151} INFO - [2023-09-19T13:44:50.582+0000] {dag.py:3696} INFO - Setting next_dagrun for example_time_delta_sensor_async to None, run_after=None
[2023-09-19T13:44:50.600+0000] {processor.py:179} INFO - Processing /home/airflow/.local/lib/python3.8/site-packages/airflow/example_dags/example_time_delta_sensor_async.py took 0.054 seconds
[2023-09-19T13:45:21.038+0000] {processor.py:157} INFO - Started process (PID=1801) to work on /home/airflow/.local/lib/python3.8/site-packages/airflow/example_dags/example_time_delta_sensor_async.py
[2023-09-19T13:45:21.040+0000] {processor.py:829} INFO - Processing file /home/airflow/.local/lib/python3.8/site-packages/airflow/example_dags/example_time_delta_sensor_async.py for tasks to queue
[2023-09-19T13:45:21.040+0000] {logging_mixin.py:151} INFO - [2023-09-19T13:45:21.040+0000] {dagbag.py:539} INFO - Filling up the DagBag from /home/airflow/.local/lib/python3.8/site-packages/airflow/example_dags/example_time_delta_sensor_async.py
[2023-09-19T13:45:21.044+0000] {processor.py:839} INFO - DAG(s) dict_keys(['example_time_delta_sensor_async']) retrieved from /home/airflow/.local/lib/python3.8/site-packages/airflow/example_dags/example_time_delta_sensor_async.py
[2023-09-19T13:45:21.056+0000] {logging_mixin.py:151} INFO - [2023-09-19T13:45:21.056+0000] {dag.py:2915} INFO - Sync 1 DAGs
[2023-09-19T13:45:21.069+0000] {logging_mixin.py:151} INFO - [2023-09-19T13:45:21.068+0000] {dag.py:3696} INFO - Setting next_dagrun for example_time_delta_sensor_async to None, run_after=None
[2023-09-19T13:45:21.087+0000] {processor.py:179} INFO - Processing /home/airflow/.local/lib/python3.8/site-packages/airflow/example_dags/example_time_delta_sensor_async.py took 0.051 seconds
[2023-09-19T13:45:51.433+0000] {processor.py:157} INFO - Started process (PID=2037) to work on /home/airflow/.local/lib/python3.8/site-packages/airflow/example_dags/example_time_delta_sensor_async.py
[2023-09-19T13:45:51.434+0000] {processor.py:829} INFO - Processing file /home/airflow/.local/lib/python3.8/site-packages/airflow/example_dags/example_time_delta_sensor_async.py for tasks to queue
[2023-09-19T13:45:51.434+0000] {logging_mixin.py:151} INFO - [2023-09-19T13:45:51.434+0000] {dagbag.py:539} INFO - Filling up the DagBag from /home/airflow/.local/lib/python3.8/site-packages/airflow/example_dags/example_time_delta_sensor_async.py
[2023-09-19T13:45:51.437+0000] {processor.py:839} INFO - DAG(s) dict_keys(['example_time_delta_sensor_async']) retrieved from /home/airflow/.local/lib/python3.8/site-packages/airflow/example_dags/example_time_delta_sensor_async.py
[2023-09-19T13:45:51.456+0000] {logging_mixin.py:151} INFO - [2023-09-19T13:45:51.455+0000] {dag.py:2915} INFO - Sync 1 DAGs
[2023-09-19T13:45:51.465+0000] {logging_mixin.py:151} INFO - [2023-09-19T13:45:51.465+0000] {dag.py:3696} INFO - Setting next_dagrun for example_time_delta_sensor_async to None, run_after=None
[2023-09-19T13:45:51.481+0000] {processor.py:179} INFO - Processing /home/airflow/.local/lib/python3.8/site-packages/airflow/example_dags/example_time_delta_sensor_async.py took 0.051 seconds
[2023-09-19T13:46:21.874+0000] {processor.py:157} INFO - Started process (PID=2275) to work on /home/airflow/.local/lib/python3.8/site-packages/airflow/example_dags/example_time_delta_sensor_async.py
[2023-09-19T13:46:21.875+0000] {processor.py:829} INFO - Processing file /home/airflow/.local/lib/python3.8/site-packages/airflow/example_dags/example_time_delta_sensor_async.py for tasks to queue
[2023-09-19T13:46:21.876+0000] {logging_mixin.py:151} INFO - [2023-09-19T13:46:21.875+0000] {dagbag.py:539} INFO - Filling up the DagBag from /home/airflow/.local/lib/python3.8/site-packages/airflow/example_dags/example_time_delta_sensor_async.py
[2023-09-19T13:46:21.881+0000] {processor.py:839} INFO - DAG(s) dict_keys(['example_time_delta_sensor_async']) retrieved from /home/airflow/.local/lib/python3.8/site-packages/airflow/example_dags/example_time_delta_sensor_async.py
[2023-09-19T13:46:21.900+0000] {logging_mixin.py:151} INFO - [2023-09-19T13:46:21.900+0000] {dag.py:2915} INFO - Sync 1 DAGs
[2023-09-19T13:46:21.910+0000] {logging_mixin.py:151} INFO - [2023-09-19T13:46:21.909+0000] {dag.py:3696} INFO - Setting next_dagrun for example_time_delta_sensor_async to None, run_after=None
[2023-09-19T13:46:21.935+0000] {processor.py:179} INFO - Processing /home/airflow/.local/lib/python3.8/site-packages/airflow/example_dags/example_time_delta_sensor_async.py took 0.064 seconds
[2023-09-19T13:46:53.156+0000] {processor.py:157} INFO - Started process (PID=2513) to work on /home/airflow/.local/lib/python3.8/site-packages/airflow/example_dags/example_time_delta_sensor_async.py
[2023-09-19T13:46:53.157+0000] {processor.py:829} INFO - Processing file /home/airflow/.local/lib/python3.8/site-packages/airflow/example_dags/example_time_delta_sensor_async.py for tasks to queue
[2023-09-19T13:46:53.157+0000] {logging_mixin.py:151} INFO - [2023-09-19T13:46:53.157+0000] {dagbag.py:539} INFO - Filling up the DagBag from /home/airflow/.local/lib/python3.8/site-packages/airflow/example_dags/example_time_delta_sensor_async.py
[2023-09-19T13:46:53.161+0000] {processor.py:839} INFO - DAG(s) dict_keys(['example_time_delta_sensor_async']) retrieved from /home/airflow/.local/lib/python3.8/site-packages/airflow/example_dags/example_time_delta_sensor_async.py
[2023-09-19T13:46:53.183+0000] {logging_mixin.py:151} INFO - [2023-09-19T13:46:53.183+0000] {dag.py:2915} INFO - Sync 1 DAGs
[2023-09-19T13:46:53.195+0000] {logging_mixin.py:151} INFO - [2023-09-19T13:46:53.195+0000] {dag.py:3696} INFO - Setting next_dagrun for example_time_delta_sensor_async to None, run_after=None
[2023-09-19T13:46:53.221+0000] {processor.py:179} INFO - Processing /home/airflow/.local/lib/python3.8/site-packages/airflow/example_dags/example_time_delta_sensor_async.py took 0.069 seconds
[2023-09-19T13:47:24.248+0000] {processor.py:157} INFO - Started process (PID=2751) to work on /home/airflow/.local/lib/python3.8/site-packages/airflow/example_dags/example_time_delta_sensor_async.py
[2023-09-19T13:47:24.249+0000] {processor.py:829} INFO - Processing file /home/airflow/.local/lib/python3.8/site-packages/airflow/example_dags/example_time_delta_sensor_async.py for tasks to queue
[2023-09-19T13:47:24.250+0000] {logging_mixin.py:151} INFO - [2023-09-19T13:47:24.250+0000] {dagbag.py:539} INFO - Filling up the DagBag from /home/airflow/.local/lib/python3.8/site-packages/airflow/example_dags/example_time_delta_sensor_async.py
[2023-09-19T13:47:24.257+0000] {processor.py:839} INFO - DAG(s) dict_keys(['example_time_delta_sensor_async']) retrieved from /home/airflow/.local/lib/python3.8/site-packages/airflow/example_dags/example_time_delta_sensor_async.py
[2023-09-19T13:47:24.293+0000] {logging_mixin.py:151} INFO - [2023-09-19T13:47:24.291+0000] {dag.py:2915} INFO - Sync 1 DAGs
[2023-09-19T13:47:24.308+0000] {logging_mixin.py:151} INFO - [2023-09-19T13:47:24.307+0000] {dag.py:3696} INFO - Setting next_dagrun for example_time_delta_sensor_async to None, run_after=None
[2023-09-19T13:47:24.339+0000] {processor.py:179} INFO - Processing /home/airflow/.local/lib/python3.8/site-packages/airflow/example_dags/example_time_delta_sensor_async.py took 0.094 seconds
[2023-09-19T13:47:55.085+0000] {processor.py:157} INFO - Started process (PID=2991) to work on /home/airflow/.local/lib/python3.8/site-packages/airflow/example_dags/example_time_delta_sensor_async.py
[2023-09-19T13:47:55.086+0000] {processor.py:829} INFO - Processing file /home/airflow/.local/lib/python3.8/site-packages/airflow/example_dags/example_time_delta_sensor_async.py for tasks to queue
[2023-09-19T13:47:55.087+0000] {logging_mixin.py:151} INFO - [2023-09-19T13:47:55.087+0000] {dagbag.py:539} INFO - Filling up the DagBag from /home/airflow/.local/lib/python3.8/site-packages/airflow/example_dags/example_time_delta_sensor_async.py
[2023-09-19T13:47:55.091+0000] {processor.py:839} INFO - DAG(s) dict_keys(['example_time_delta_sensor_async']) retrieved from /home/airflow/.local/lib/python3.8/site-packages/airflow/example_dags/example_time_delta_sensor_async.py
[2023-09-19T13:47:55.108+0000] {logging_mixin.py:151} INFO - [2023-09-19T13:47:55.108+0000] {dag.py:2915} INFO - Sync 1 DAGs
[2023-09-19T13:47:55.117+0000] {logging_mixin.py:151} INFO - [2023-09-19T13:47:55.117+0000] {dag.py:3696} INFO - Setting next_dagrun for example_time_delta_sensor_async to None, run_after=None
[2023-09-19T13:47:55.140+0000] {processor.py:179} INFO - Processing /home/airflow/.local/lib/python3.8/site-packages/airflow/example_dags/example_time_delta_sensor_async.py took 0.058 seconds
[2023-09-19T13:48:25.427+0000] {processor.py:157} INFO - Started process (PID=3229) to work on /home/airflow/.local/lib/python3.8/site-packages/airflow/example_dags/example_time_delta_sensor_async.py
[2023-09-19T13:48:25.428+0000] {processor.py:829} INFO - Processing file /home/airflow/.local/lib/python3.8/site-packages/airflow/example_dags/example_time_delta_sensor_async.py for tasks to queue
[2023-09-19T13:48:25.429+0000] {logging_mixin.py:151} INFO - [2023-09-19T13:48:25.428+0000] {dagbag.py:539} INFO - Filling up the DagBag from /home/airflow/.local/lib/python3.8/site-packages/airflow/example_dags/example_time_delta_sensor_async.py
[2023-09-19T13:48:25.433+0000] {processor.py:839} INFO - DAG(s) dict_keys(['example_time_delta_sensor_async']) retrieved from /home/airflow/.local/lib/python3.8/site-packages/airflow/example_dags/example_time_delta_sensor_async.py
[2023-09-19T13:48:25.453+0000] {logging_mixin.py:151} INFO - [2023-09-19T13:48:25.453+0000] {dag.py:2915} INFO - Sync 1 DAGs
[2023-09-19T13:48:25.464+0000] {logging_mixin.py:151} INFO - [2023-09-19T13:48:25.464+0000] {dag.py:3696} INFO - Setting next_dagrun for example_time_delta_sensor_async to None, run_after=None
[2023-09-19T13:48:25.495+0000] {processor.py:179} INFO - Processing /home/airflow/.local/lib/python3.8/site-packages/airflow/example_dags/example_time_delta_sensor_async.py took 0.072 seconds
[2023-09-19T13:48:55.880+0000] {processor.py:157} INFO - Started process (PID=3467) to work on /home/airflow/.local/lib/python3.8/site-packages/airflow/example_dags/example_time_delta_sensor_async.py
[2023-09-19T13:48:55.881+0000] {processor.py:829} INFO - Processing file /home/airflow/.local/lib/python3.8/site-packages/airflow/example_dags/example_time_delta_sensor_async.py for tasks to queue
[2023-09-19T13:48:55.882+0000] {logging_mixin.py:151} INFO - [2023-09-19T13:48:55.881+0000] {dagbag.py:539} INFO - Filling up the DagBag from /home/airflow/.local/lib/python3.8/site-packages/airflow/example_dags/example_time_delta_sensor_async.py
[2023-09-19T13:48:55.886+0000] {processor.py:839} INFO - DAG(s) dict_keys(['example_time_delta_sensor_async']) retrieved from /home/airflow/.local/lib/python3.8/site-packages/airflow/example_dags/example_time_delta_sensor_async.py
[2023-09-19T13:48:55.905+0000] {logging_mixin.py:151} INFO - [2023-09-19T13:48:55.904+0000] {dag.py:2915} INFO - Sync 1 DAGs
[2023-09-19T13:48:55.915+0000] {logging_mixin.py:151} INFO - [2023-09-19T13:48:55.915+0000] {dag.py:3696} INFO - Setting next_dagrun for example_time_delta_sensor_async to None, run_after=None
[2023-09-19T13:48:55.938+0000] {processor.py:179} INFO - Processing /home/airflow/.local/lib/python3.8/site-packages/airflow/example_dags/example_time_delta_sensor_async.py took 0.061 seconds
[2023-09-19T13:49:26.678+0000] {processor.py:157} INFO - Started process (PID=3705) to work on /home/airflow/.local/lib/python3.8/site-packages/airflow/example_dags/example_time_delta_sensor_async.py
[2023-09-19T13:49:26.678+0000] {processor.py:829} INFO - Processing file /home/airflow/.local/lib/python3.8/site-packages/airflow/example_dags/example_time_delta_sensor_async.py for tasks to queue
[2023-09-19T13:49:26.679+0000] {logging_mixin.py:151} INFO - [2023-09-19T13:49:26.679+0000] {dagbag.py:539} INFO - Filling up the DagBag from /home/airflow/.local/lib/python3.8/site-packages/airflow/example_dags/example_time_delta_sensor_async.py
[2023-09-19T13:49:26.682+0000] {processor.py:839} INFO - DAG(s) dict_keys(['example_time_delta_sensor_async']) retrieved from /home/airflow/.local/lib/python3.8/site-packages/airflow/example_dags/example_time_delta_sensor_async.py
[2023-09-19T13:49:26.706+0000] {logging_mixin.py:151} INFO - [2023-09-19T13:49:26.705+0000] {dag.py:2915} INFO - Sync 1 DAGs
[2023-09-19T13:49:26.718+0000] {logging_mixin.py:151} INFO - [2023-09-19T13:49:26.717+0000] {dag.py:3696} INFO - Setting next_dagrun for example_time_delta_sensor_async to None, run_after=None
[2023-09-19T13:49:26.737+0000] {processor.py:179} INFO - Processing /home/airflow/.local/lib/python3.8/site-packages/airflow/example_dags/example_time_delta_sensor_async.py took 0.062 seconds
[2023-09-19T13:49:57.239+0000] {processor.py:157} INFO - Started process (PID=3943) to work on /home/airflow/.local/lib/python3.8/site-packages/airflow/example_dags/example_time_delta_sensor_async.py
[2023-09-19T13:49:57.240+0000] {processor.py:829} INFO - Processing file /home/airflow/.local/lib/python3.8/site-packages/airflow/example_dags/example_time_delta_sensor_async.py for tasks to queue
[2023-09-19T13:49:57.240+0000] {logging_mixin.py:151} INFO - [2023-09-19T13:49:57.240+0000] {dagbag.py:539} INFO - Filling up the DagBag from /home/airflow/.local/lib/python3.8/site-packages/airflow/example_dags/example_time_delta_sensor_async.py
[2023-09-19T13:49:57.244+0000] {processor.py:839} INFO - DAG(s) dict_keys(['example_time_delta_sensor_async']) retrieved from /home/airflow/.local/lib/python3.8/site-packages/airflow/example_dags/example_time_delta_sensor_async.py
[2023-09-19T13:49:57.266+0000] {logging_mixin.py:151} INFO - [2023-09-19T13:49:57.265+0000] {dag.py:2915} INFO - Sync 1 DAGs
[2023-09-19T13:49:57.278+0000] {logging_mixin.py:151} INFO - [2023-09-19T13:49:57.278+0000] {dag.py:3696} INFO - Setting next_dagrun for example_time_delta_sensor_async to None, run_after=None
[2023-09-19T13:49:57.298+0000] {processor.py:179} INFO - Processing /home/airflow/.local/lib/python3.8/site-packages/airflow/example_dags/example_time_delta_sensor_async.py took 0.063 seconds
[2023-09-19T13:50:27.720+0000] {processor.py:157} INFO - Started process (PID=4181) to work on /home/airflow/.local/lib/python3.8/site-packages/airflow/example_dags/example_time_delta_sensor_async.py
[2023-09-19T13:50:27.721+0000] {processor.py:829} INFO - Processing file /home/airflow/.local/lib/python3.8/site-packages/airflow/example_dags/example_time_delta_sensor_async.py for tasks to queue
[2023-09-19T13:50:27.722+0000] {logging_mixin.py:151} INFO - [2023-09-19T13:50:27.722+0000] {dagbag.py:539} INFO - Filling up the DagBag from /home/airflow/.local/lib/python3.8/site-packages/airflow/example_dags/example_time_delta_sensor_async.py
[2023-09-19T13:50:27.726+0000] {processor.py:839} INFO - DAG(s) dict_keys(['example_time_delta_sensor_async']) retrieved from /home/airflow/.local/lib/python3.8/site-packages/airflow/example_dags/example_time_delta_sensor_async.py
[2023-09-19T13:50:27.747+0000] {logging_mixin.py:151} INFO - [2023-09-19T13:50:27.747+0000] {dag.py:2915} INFO - Sync 1 DAGs
[2023-09-19T13:50:27.756+0000] {logging_mixin.py:151} INFO - [2023-09-19T13:50:27.756+0000] {dag.py:3696} INFO - Setting next_dagrun for example_time_delta_sensor_async to None, run_after=None
[2023-09-19T13:50:27.774+0000] {processor.py:179} INFO - Processing /home/airflow/.local/lib/python3.8/site-packages/airflow/example_dags/example_time_delta_sensor_async.py took 0.057 seconds
[2023-09-19T13:50:58.176+0000] {processor.py:157} INFO - Started process (PID=4418) to work on /home/airflow/.local/lib/python3.8/site-packages/airflow/example_dags/example_time_delta_sensor_async.py
[2023-09-19T13:50:58.177+0000] {processor.py:829} INFO - Processing file /home/airflow/.local/lib/python3.8/site-packages/airflow/example_dags/example_time_delta_sensor_async.py for tasks to queue
[2023-09-19T13:50:58.178+0000] {logging_mixin.py:151} INFO - [2023-09-19T13:50:58.178+0000] {dagbag.py:539} INFO - Filling up the DagBag from /home/airflow/.local/lib/python3.8/site-packages/airflow/example_dags/example_time_delta_sensor_async.py
[2023-09-19T13:50:58.181+0000] {processor.py:839} INFO - DAG(s) dict_keys(['example_time_delta_sensor_async']) retrieved from /home/airflow/.local/lib/python3.8/site-packages/airflow/example_dags/example_time_delta_sensor_async.py
[2023-09-19T13:50:58.203+0000] {logging_mixin.py:151} INFO - [2023-09-19T13:50:58.203+0000] {dag.py:2915} INFO - Sync 1 DAGs
[2023-09-19T13:50:58.218+0000] {logging_mixin.py:151} INFO - [2023-09-19T13:50:58.217+0000] {dag.py:3696} INFO - Setting next_dagrun for example_time_delta_sensor_async to None, run_after=None
[2023-09-19T13:50:58.239+0000] {processor.py:179} INFO - Processing /home/airflow/.local/lib/python3.8/site-packages/airflow/example_dags/example_time_delta_sensor_async.py took 0.065 seconds
[2023-09-19T13:51:28.651+0000] {processor.py:157} INFO - Started process (PID=4656) to work on /home/airflow/.local/lib/python3.8/site-packages/airflow/example_dags/example_time_delta_sensor_async.py
[2023-09-19T13:51:28.652+0000] {processor.py:829} INFO - Processing file /home/airflow/.local/lib/python3.8/site-packages/airflow/example_dags/example_time_delta_sensor_async.py for tasks to queue
[2023-09-19T13:51:28.653+0000] {logging_mixin.py:151} INFO - [2023-09-19T13:51:28.652+0000] {dagbag.py:539} INFO - Filling up the DagBag from /home/airflow/.local/lib/python3.8/site-packages/airflow/example_dags/example_time_delta_sensor_async.py
[2023-09-19T13:51:28.657+0000] {processor.py:839} INFO - DAG(s) dict_keys(['example_time_delta_sensor_async']) retrieved from /home/airflow/.local/lib/python3.8/site-packages/airflow/example_dags/example_time_delta_sensor_async.py
[2023-09-19T13:51:28.678+0000] {logging_mixin.py:151} INFO - [2023-09-19T13:51:28.678+0000] {dag.py:2915} INFO - Sync 1 DAGs
[2023-09-19T13:51:28.687+0000] {logging_mixin.py:151} INFO - [2023-09-19T13:51:28.686+0000] {dag.py:3696} INFO - Setting next_dagrun for example_time_delta_sensor_async to None, run_after=None
[2023-09-19T13:51:28.706+0000] {processor.py:179} INFO - Processing /home/airflow/.local/lib/python3.8/site-packages/airflow/example_dags/example_time_delta_sensor_async.py took 0.057 seconds
[2023-09-19T13:51:58.848+0000] {processor.py:157} INFO - Started process (PID=4892) to work on /home/airflow/.local/lib/python3.8/site-packages/airflow/example_dags/example_time_delta_sensor_async.py
[2023-09-19T13:51:58.849+0000] {processor.py:829} INFO - Processing file /home/airflow/.local/lib/python3.8/site-packages/airflow/example_dags/example_time_delta_sensor_async.py for tasks to queue
[2023-09-19T13:51:58.849+0000] {logging_mixin.py:151} INFO - [2023-09-19T13:51:58.849+0000] {dagbag.py:539} INFO - Filling up the DagBag from /home/airflow/.local/lib/python3.8/site-packages/airflow/example_dags/example_time_delta_sensor_async.py
[2023-09-19T13:51:58.853+0000] {processor.py:839} INFO - DAG(s) dict_keys(['example_time_delta_sensor_async']) retrieved from /home/airflow/.local/lib/python3.8/site-packages/airflow/example_dags/example_time_delta_sensor_async.py
[2023-09-19T13:51:58.868+0000] {logging_mixin.py:151} INFO - [2023-09-19T13:51:58.868+0000] {dag.py:2915} INFO - Sync 1 DAGs
[2023-09-19T13:51:58.877+0000] {logging_mixin.py:151} INFO - [2023-09-19T13:51:58.877+0000] {dag.py:3696} INFO - Setting next_dagrun for example_time_delta_sensor_async to None, run_after=None
[2023-09-19T13:51:58.893+0000] {processor.py:179} INFO - Processing /home/airflow/.local/lib/python3.8/site-packages/airflow/example_dags/example_time_delta_sensor_async.py took 0.049 seconds
[2023-09-19T13:52:29.080+0000] {processor.py:157} INFO - Started process (PID=5130) to work on /home/airflow/.local/lib/python3.8/site-packages/airflow/example_dags/example_time_delta_sensor_async.py
[2023-09-19T13:52:29.081+0000] {processor.py:829} INFO - Processing file /home/airflow/.local/lib/python3.8/site-packages/airflow/example_dags/example_time_delta_sensor_async.py for tasks to queue
[2023-09-19T13:52:29.082+0000] {logging_mixin.py:151} INFO - [2023-09-19T13:52:29.082+0000] {dagbag.py:539} INFO - Filling up the DagBag from /home/airflow/.local/lib/python3.8/site-packages/airflow/example_dags/example_time_delta_sensor_async.py
[2023-09-19T13:52:29.088+0000] {processor.py:839} INFO - DAG(s) dict_keys(['example_time_delta_sensor_async']) retrieved from /home/airflow/.local/lib/python3.8/site-packages/airflow/example_dags/example_time_delta_sensor_async.py
[2023-09-19T13:52:29.106+0000] {logging_mixin.py:151} INFO - [2023-09-19T13:52:29.106+0000] {dag.py:2915} INFO - Sync 1 DAGs
[2023-09-19T13:52:29.115+0000] {logging_mixin.py:151} INFO - [2023-09-19T13:52:29.115+0000] {dag.py:3696} INFO - Setting next_dagrun for example_time_delta_sensor_async to None, run_after=None
[2023-09-19T13:52:29.134+0000] {processor.py:179} INFO - Processing /home/airflow/.local/lib/python3.8/site-packages/airflow/example_dags/example_time_delta_sensor_async.py took 0.056 seconds
[2023-09-19T13:52:59.202+0000] {processor.py:157} INFO - Started process (PID=5364) to work on /home/airflow/.local/lib/python3.8/site-packages/airflow/example_dags/example_time_delta_sensor_async.py
[2023-09-19T13:52:59.203+0000] {processor.py:829} INFO - Processing file /home/airflow/.local/lib/python3.8/site-packages/airflow/example_dags/example_time_delta_sensor_async.py for tasks to queue
[2023-09-19T13:52:59.204+0000] {logging_mixin.py:151} INFO - [2023-09-19T13:52:59.203+0000] {dagbag.py:539} INFO - Filling up the DagBag from /home/airflow/.local/lib/python3.8/site-packages/airflow/example_dags/example_time_delta_sensor_async.py
[2023-09-19T13:52:59.207+0000] {processor.py:839} INFO - DAG(s) dict_keys(['example_time_delta_sensor_async']) retrieved from /home/airflow/.local/lib/python3.8/site-packages/airflow/example_dags/example_time_delta_sensor_async.py
[2023-09-19T13:52:59.222+0000] {logging_mixin.py:151} INFO - [2023-09-19T13:52:59.222+0000] {dag.py:2915} INFO - Sync 1 DAGs
[2023-09-19T13:52:59.232+0000] {logging_mixin.py:151} INFO - [2023-09-19T13:52:59.232+0000] {dag.py:3696} INFO - Setting next_dagrun for example_time_delta_sensor_async to None, run_after=None
[2023-09-19T13:52:59.256+0000] {processor.py:179} INFO - Processing /home/airflow/.local/lib/python3.8/site-packages/airflow/example_dags/example_time_delta_sensor_async.py took 0.057 seconds
[2023-09-19T13:53:29.641+0000] {processor.py:157} INFO - Started process (PID=5602) to work on /home/airflow/.local/lib/python3.8/site-packages/airflow/example_dags/example_time_delta_sensor_async.py
[2023-09-19T13:53:29.642+0000] {processor.py:829} INFO - Processing file /home/airflow/.local/lib/python3.8/site-packages/airflow/example_dags/example_time_delta_sensor_async.py for tasks to queue
[2023-09-19T13:53:29.644+0000] {logging_mixin.py:151} INFO - [2023-09-19T13:53:29.643+0000] {dagbag.py:539} INFO - Filling up the DagBag from /home/airflow/.local/lib/python3.8/site-packages/airflow/example_dags/example_time_delta_sensor_async.py
[2023-09-19T13:53:29.648+0000] {processor.py:839} INFO - DAG(s) dict_keys(['example_time_delta_sensor_async']) retrieved from /home/airflow/.local/lib/python3.8/site-packages/airflow/example_dags/example_time_delta_sensor_async.py
[2023-09-19T13:53:29.669+0000] {logging_mixin.py:151} INFO - [2023-09-19T13:53:29.669+0000] {dag.py:2915} INFO - Sync 1 DAGs
[2023-09-19T13:53:29.680+0000] {logging_mixin.py:151} INFO - [2023-09-19T13:53:29.680+0000] {dag.py:3696} INFO - Setting next_dagrun for example_time_delta_sensor_async to None, run_after=None
[2023-09-19T13:53:29.700+0000] {processor.py:179} INFO - Processing /home/airflow/.local/lib/python3.8/site-packages/airflow/example_dags/example_time_delta_sensor_async.py took 0.062 seconds
[2023-09-19T13:53:59.833+0000] {processor.py:157} INFO - Started process (PID=5840) to work on /home/airflow/.local/lib/python3.8/site-packages/airflow/example_dags/example_time_delta_sensor_async.py
[2023-09-19T13:53:59.834+0000] {processor.py:829} INFO - Processing file /home/airflow/.local/lib/python3.8/site-packages/airflow/example_dags/example_time_delta_sensor_async.py for tasks to queue
[2023-09-19T13:53:59.834+0000] {logging_mixin.py:151} INFO - [2023-09-19T13:53:59.834+0000] {dagbag.py:539} INFO - Filling up the DagBag from /home/airflow/.local/lib/python3.8/site-packages/airflow/example_dags/example_time_delta_sensor_async.py
[2023-09-19T13:53:59.838+0000] {processor.py:839} INFO - DAG(s) dict_keys(['example_time_delta_sensor_async']) retrieved from /home/airflow/.local/lib/python3.8/site-packages/airflow/example_dags/example_time_delta_sensor_async.py
[2023-09-19T13:53:59.858+0000] {logging_mixin.py:151} INFO - [2023-09-19T13:53:59.858+0000] {dag.py:2915} INFO - Sync 1 DAGs
[2023-09-19T13:53:59.869+0000] {logging_mixin.py:151} INFO - [2023-09-19T13:53:59.869+0000] {dag.py:3696} INFO - Setting next_dagrun for example_time_delta_sensor_async to None, run_after=None
[2023-09-19T13:53:59.890+0000] {processor.py:179} INFO - Processing /home/airflow/.local/lib/python3.8/site-packages/airflow/example_dags/example_time_delta_sensor_async.py took 0.060 seconds
[2023-09-19T13:54:30.229+0000] {processor.py:157} INFO - Started process (PID=6078) to work on /home/airflow/.local/lib/python3.8/site-packages/airflow/example_dags/example_time_delta_sensor_async.py
[2023-09-19T13:54:30.230+0000] {processor.py:829} INFO - Processing file /home/airflow/.local/lib/python3.8/site-packages/airflow/example_dags/example_time_delta_sensor_async.py for tasks to queue
[2023-09-19T13:54:30.231+0000] {logging_mixin.py:151} INFO - [2023-09-19T13:54:30.231+0000] {dagbag.py:539} INFO - Filling up the DagBag from /home/airflow/.local/lib/python3.8/site-packages/airflow/example_dags/example_time_delta_sensor_async.py
[2023-09-19T13:54:30.234+0000] {processor.py:839} INFO - DAG(s) dict_keys(['example_time_delta_sensor_async']) retrieved from /home/airflow/.local/lib/python3.8/site-packages/airflow/example_dags/example_time_delta_sensor_async.py
[2023-09-19T13:54:30.251+0000] {logging_mixin.py:151} INFO - [2023-09-19T13:54:30.251+0000] {dag.py:2915} INFO - Sync 1 DAGs
[2023-09-19T13:54:30.263+0000] {logging_mixin.py:151} INFO - [2023-09-19T13:54:30.263+0000] {dag.py:3696} INFO - Setting next_dagrun for example_time_delta_sensor_async to None, run_after=None
[2023-09-19T13:54:30.286+0000] {processor.py:179} INFO - Processing /home/airflow/.local/lib/python3.8/site-packages/airflow/example_dags/example_time_delta_sensor_async.py took 0.059 seconds
[2023-09-19T13:55:00.510+0000] {processor.py:157} INFO - Started process (PID=6316) to work on /home/airflow/.local/lib/python3.8/site-packages/airflow/example_dags/example_time_delta_sensor_async.py
[2023-09-19T13:55:00.511+0000] {processor.py:829} INFO - Processing file /home/airflow/.local/lib/python3.8/site-packages/airflow/example_dags/example_time_delta_sensor_async.py for tasks to queue
[2023-09-19T13:55:00.512+0000] {logging_mixin.py:151} INFO - [2023-09-19T13:55:00.511+0000] {dagbag.py:539} INFO - Filling up the DagBag from /home/airflow/.local/lib/python3.8/site-packages/airflow/example_dags/example_time_delta_sensor_async.py
[2023-09-19T13:55:00.515+0000] {processor.py:839} INFO - DAG(s) dict_keys(['example_time_delta_sensor_async']) retrieved from /home/airflow/.local/lib/python3.8/site-packages/airflow/example_dags/example_time_delta_sensor_async.py
[2023-09-19T13:55:00.532+0000] {logging_mixin.py:151} INFO - [2023-09-19T13:55:00.532+0000] {dag.py:2915} INFO - Sync 1 DAGs
[2023-09-19T13:55:00.553+0000] {logging_mixin.py:151} INFO - [2023-09-19T13:55:00.552+0000] {dag.py:3696} INFO - Setting next_dagrun for example_time_delta_sensor_async to None, run_after=None
[2023-09-19T13:55:00.581+0000] {processor.py:179} INFO - Processing /home/airflow/.local/lib/python3.8/site-packages/airflow/example_dags/example_time_delta_sensor_async.py took 0.073 seconds
[2023-09-19T13:55:30.663+0000] {processor.py:157} INFO - Started process (PID=6554) to work on /home/airflow/.local/lib/python3.8/site-packages/airflow/example_dags/example_time_delta_sensor_async.py
[2023-09-19T13:55:30.663+0000] {processor.py:829} INFO - Processing file /home/airflow/.local/lib/python3.8/site-packages/airflow/example_dags/example_time_delta_sensor_async.py for tasks to queue
[2023-09-19T13:55:30.664+0000] {logging_mixin.py:151} INFO - [2023-09-19T13:55:30.664+0000] {dagbag.py:539} INFO - Filling up the DagBag from /home/airflow/.local/lib/python3.8/site-packages/airflow/example_dags/example_time_delta_sensor_async.py
[2023-09-19T13:55:30.667+0000] {processor.py:839} INFO - DAG(s) dict_keys(['example_time_delta_sensor_async']) retrieved from /home/airflow/.local/lib/python3.8/site-packages/airflow/example_dags/example_time_delta_sensor_async.py
[2023-09-19T13:55:30.685+0000] {logging_mixin.py:151} INFO - [2023-09-19T13:55:30.685+0000] {dag.py:2915} INFO - Sync 1 DAGs
[2023-09-19T13:55:30.695+0000] {logging_mixin.py:151} INFO - [2023-09-19T13:55:30.695+0000] {dag.py:3696} INFO - Setting next_dagrun for example_time_delta_sensor_async to None, run_after=None
[2023-09-19T13:55:30.712+0000] {processor.py:179} INFO - Processing /home/airflow/.local/lib/python3.8/site-packages/airflow/example_dags/example_time_delta_sensor_async.py took 0.052 seconds
[2023-09-19T13:56:00.890+0000] {processor.py:157} INFO - Started process (PID=6792) to work on /home/airflow/.local/lib/python3.8/site-packages/airflow/example_dags/example_time_delta_sensor_async.py
[2023-09-19T13:56:00.891+0000] {processor.py:829} INFO - Processing file /home/airflow/.local/lib/python3.8/site-packages/airflow/example_dags/example_time_delta_sensor_async.py for tasks to queue
[2023-09-19T13:56:00.892+0000] {logging_mixin.py:151} INFO - [2023-09-19T13:56:00.892+0000] {dagbag.py:539} INFO - Filling up the DagBag from /home/airflow/.local/lib/python3.8/site-packages/airflow/example_dags/example_time_delta_sensor_async.py
[2023-09-19T13:56:00.895+0000] {processor.py:839} INFO - DAG(s) dict_keys(['example_time_delta_sensor_async']) retrieved from /home/airflow/.local/lib/python3.8/site-packages/airflow/example_dags/example_time_delta_sensor_async.py
[2023-09-19T13:56:00.914+0000] {logging_mixin.py:151} INFO - [2023-09-19T13:56:00.913+0000] {dag.py:2915} INFO - Sync 1 DAGs
[2023-09-19T13:56:00.924+0000] {logging_mixin.py:151} INFO - [2023-09-19T13:56:00.924+0000] {dag.py:3696} INFO - Setting next_dagrun for example_time_delta_sensor_async to None, run_after=None
[2023-09-19T13:56:00.941+0000] {processor.py:179} INFO - Processing /home/airflow/.local/lib/python3.8/site-packages/airflow/example_dags/example_time_delta_sensor_async.py took 0.053 seconds
[2023-09-19T13:56:31.165+0000] {processor.py:157} INFO - Started process (PID=7030) to work on /home/airflow/.local/lib/python3.8/site-packages/airflow/example_dags/example_time_delta_sensor_async.py
[2023-09-19T13:56:31.166+0000] {processor.py:829} INFO - Processing file /home/airflow/.local/lib/python3.8/site-packages/airflow/example_dags/example_time_delta_sensor_async.py for tasks to queue
[2023-09-19T13:56:31.167+0000] {logging_mixin.py:151} INFO - [2023-09-19T13:56:31.167+0000] {dagbag.py:539} INFO - Filling up the DagBag from /home/airflow/.local/lib/python3.8/site-packages/airflow/example_dags/example_time_delta_sensor_async.py
[2023-09-19T13:56:31.170+0000] {processor.py:839} INFO - DAG(s) dict_keys(['example_time_delta_sensor_async']) retrieved from /home/airflow/.local/lib/python3.8/site-packages/airflow/example_dags/example_time_delta_sensor_async.py
[2023-09-19T13:56:31.187+0000] {logging_mixin.py:151} INFO - [2023-09-19T13:56:31.186+0000] {dag.py:2915} INFO - Sync 1 DAGs
[2023-09-19T13:56:31.197+0000] {logging_mixin.py:151} INFO - [2023-09-19T13:56:31.196+0000] {dag.py:3696} INFO - Setting next_dagrun for example_time_delta_sensor_async to None, run_after=None
[2023-09-19T13:56:31.215+0000] {processor.py:179} INFO - Processing /home/airflow/.local/lib/python3.8/site-packages/airflow/example_dags/example_time_delta_sensor_async.py took 0.052 seconds
[2023-09-19T13:57:01.468+0000] {processor.py:157} INFO - Started process (PID=7268) to work on /home/airflow/.local/lib/python3.8/site-packages/airflow/example_dags/example_time_delta_sensor_async.py
[2023-09-19T13:57:01.470+0000] {processor.py:829} INFO - Processing file /home/airflow/.local/lib/python3.8/site-packages/airflow/example_dags/example_time_delta_sensor_async.py for tasks to queue
[2023-09-19T13:57:01.471+0000] {logging_mixin.py:151} INFO - [2023-09-19T13:57:01.471+0000] {dagbag.py:539} INFO - Filling up the DagBag from /home/airflow/.local/lib/python3.8/site-packages/airflow/example_dags/example_time_delta_sensor_async.py
[2023-09-19T13:57:01.476+0000] {processor.py:839} INFO - DAG(s) dict_keys(['example_time_delta_sensor_async']) retrieved from /home/airflow/.local/lib/python3.8/site-packages/airflow/example_dags/example_time_delta_sensor_async.py
[2023-09-19T13:57:01.494+0000] {logging_mixin.py:151} INFO - [2023-09-19T13:57:01.494+0000] {dag.py:2915} INFO - Sync 1 DAGs
[2023-09-19T13:57:01.502+0000] {logging_mixin.py:151} INFO - [2023-09-19T13:57:01.502+0000] {dag.py:3696} INFO - Setting next_dagrun for example_time_delta_sensor_async to None, run_after=None
[2023-09-19T13:57:01.519+0000] {processor.py:179} INFO - Processing /home/airflow/.local/lib/python3.8/site-packages/airflow/example_dags/example_time_delta_sensor_async.py took 0.053 seconds
[2023-09-19T13:57:32.094+0000] {processor.py:157} INFO - Started process (PID=7514) to work on /home/airflow/.local/lib/python3.8/site-packages/airflow/example_dags/example_time_delta_sensor_async.py
[2023-09-19T13:57:32.095+0000] {processor.py:829} INFO - Processing file /home/airflow/.local/lib/python3.8/site-packages/airflow/example_dags/example_time_delta_sensor_async.py for tasks to queue
[2023-09-19T13:57:32.095+0000] {logging_mixin.py:151} INFO - [2023-09-19T13:57:32.095+0000] {dagbag.py:539} INFO - Filling up the DagBag from /home/airflow/.local/lib/python3.8/site-packages/airflow/example_dags/example_time_delta_sensor_async.py
[2023-09-19T13:57:32.099+0000] {processor.py:839} INFO - DAG(s) dict_keys(['example_time_delta_sensor_async']) retrieved from /home/airflow/.local/lib/python3.8/site-packages/airflow/example_dags/example_time_delta_sensor_async.py
[2023-09-19T13:57:32.119+0000] {logging_mixin.py:151} INFO - [2023-09-19T13:57:32.119+0000] {dag.py:2915} INFO - Sync 1 DAGs
[2023-09-19T13:57:32.133+0000] {logging_mixin.py:151} INFO - [2023-09-19T13:57:32.133+0000] {dag.py:3696} INFO - Setting next_dagrun for example_time_delta_sensor_async to None, run_after=None
[2023-09-19T13:57:32.153+0000] {processor.py:179} INFO - Processing /home/airflow/.local/lib/python3.8/site-packages/airflow/example_dags/example_time_delta_sensor_async.py took 0.062 seconds
[2023-09-19T13:58:02.253+0000] {processor.py:157} INFO - Started process (PID=7752) to work on /home/airflow/.local/lib/python3.8/site-packages/airflow/example_dags/example_time_delta_sensor_async.py
[2023-09-19T13:58:02.254+0000] {processor.py:829} INFO - Processing file /home/airflow/.local/lib/python3.8/site-packages/airflow/example_dags/example_time_delta_sensor_async.py for tasks to queue
[2023-09-19T13:58:02.255+0000] {logging_mixin.py:151} INFO - [2023-09-19T13:58:02.254+0000] {dagbag.py:539} INFO - Filling up the DagBag from /home/airflow/.local/lib/python3.8/site-packages/airflow/example_dags/example_time_delta_sensor_async.py
[2023-09-19T13:58:02.258+0000] {processor.py:839} INFO - DAG(s) dict_keys(['example_time_delta_sensor_async']) retrieved from /home/airflow/.local/lib/python3.8/site-packages/airflow/example_dags/example_time_delta_sensor_async.py
[2023-09-19T13:58:02.276+0000] {logging_mixin.py:151} INFO - [2023-09-19T13:58:02.275+0000] {dag.py:2915} INFO - Sync 1 DAGs
[2023-09-19T13:58:02.286+0000] {logging_mixin.py:151} INFO - [2023-09-19T13:58:02.286+0000] {dag.py:3696} INFO - Setting next_dagrun for example_time_delta_sensor_async to None, run_after=None
[2023-09-19T13:58:02.307+0000] {processor.py:179} INFO - Processing /home/airflow/.local/lib/python3.8/site-packages/airflow/example_dags/example_time_delta_sensor_async.py took 0.056 seconds
[2023-09-19T13:58:32.614+0000] {processor.py:157} INFO - Started process (PID=7990) to work on /home/airflow/.local/lib/python3.8/site-packages/airflow/example_dags/example_time_delta_sensor_async.py
[2023-09-19T13:58:32.615+0000] {processor.py:829} INFO - Processing file /home/airflow/.local/lib/python3.8/site-packages/airflow/example_dags/example_time_delta_sensor_async.py for tasks to queue
[2023-09-19T13:58:32.616+0000] {logging_mixin.py:151} INFO - [2023-09-19T13:58:32.616+0000] {dagbag.py:539} INFO - Filling up the DagBag from /home/airflow/.local/lib/python3.8/site-packages/airflow/example_dags/example_time_delta_sensor_async.py
[2023-09-19T13:58:32.620+0000] {processor.py:839} INFO - DAG(s) dict_keys(['example_time_delta_sensor_async']) retrieved from /home/airflow/.local/lib/python3.8/site-packages/airflow/example_dags/example_time_delta_sensor_async.py
[2023-09-19T13:58:32.636+0000] {logging_mixin.py:151} INFO - [2023-09-19T13:58:32.636+0000] {dag.py:2915} INFO - Sync 1 DAGs
[2023-09-19T13:58:32.648+0000] {logging_mixin.py:151} INFO - [2023-09-19T13:58:32.647+0000] {dag.py:3696} INFO - Setting next_dagrun for example_time_delta_sensor_async to None, run_after=None
[2023-09-19T13:58:32.666+0000] {processor.py:179} INFO - Processing /home/airflow/.local/lib/python3.8/site-packages/airflow/example_dags/example_time_delta_sensor_async.py took 0.054 seconds
[2023-09-19T13:59:02.821+0000] {processor.py:157} INFO - Started process (PID=8228) to work on /home/airflow/.local/lib/python3.8/site-packages/airflow/example_dags/example_time_delta_sensor_async.py
[2023-09-19T13:59:02.823+0000] {processor.py:829} INFO - Processing file /home/airflow/.local/lib/python3.8/site-packages/airflow/example_dags/example_time_delta_sensor_async.py for tasks to queue
[2023-09-19T13:59:02.824+0000] {logging_mixin.py:151} INFO - [2023-09-19T13:59:02.823+0000] {dagbag.py:539} INFO - Filling up the DagBag from /home/airflow/.local/lib/python3.8/site-packages/airflow/example_dags/example_time_delta_sensor_async.py
[2023-09-19T13:59:02.827+0000] {processor.py:839} INFO - DAG(s) dict_keys(['example_time_delta_sensor_async']) retrieved from /home/airflow/.local/lib/python3.8/site-packages/airflow/example_dags/example_time_delta_sensor_async.py
[2023-09-19T13:59:02.843+0000] {logging_mixin.py:151} INFO - [2023-09-19T13:59:02.843+0000] {dag.py:2915} INFO - Sync 1 DAGs
[2023-09-19T13:59:02.852+0000] {logging_mixin.py:151} INFO - [2023-09-19T13:59:02.852+0000] {dag.py:3696} INFO - Setting next_dagrun for example_time_delta_sensor_async to None, run_after=None
[2023-09-19T13:59:02.875+0000] {processor.py:179} INFO - Processing /home/airflow/.local/lib/python3.8/site-packages/airflow/example_dags/example_time_delta_sensor_async.py took 0.058 seconds
[2023-09-19T13:59:32.944+0000] {processor.py:157} INFO - Started process (PID=8466) to work on /home/airflow/.local/lib/python3.8/site-packages/airflow/example_dags/example_time_delta_sensor_async.py
[2023-09-19T13:59:32.945+0000] {processor.py:829} INFO - Processing file /home/airflow/.local/lib/python3.8/site-packages/airflow/example_dags/example_time_delta_sensor_async.py for tasks to queue
[2023-09-19T13:59:32.946+0000] {logging_mixin.py:151} INFO - [2023-09-19T13:59:32.946+0000] {dagbag.py:539} INFO - Filling up the DagBag from /home/airflow/.local/lib/python3.8/site-packages/airflow/example_dags/example_time_delta_sensor_async.py
[2023-09-19T13:59:32.950+0000] {processor.py:839} INFO - DAG(s) dict_keys(['example_time_delta_sensor_async']) retrieved from /home/airflow/.local/lib/python3.8/site-packages/airflow/example_dags/example_time_delta_sensor_async.py
[2023-09-19T13:59:32.968+0000] {logging_mixin.py:151} INFO - [2023-09-19T13:59:32.968+0000] {dag.py:2915} INFO - Sync 1 DAGs
[2023-09-19T13:59:32.978+0000] {logging_mixin.py:151} INFO - [2023-09-19T13:59:32.978+0000] {dag.py:3696} INFO - Setting next_dagrun for example_time_delta_sensor_async to None, run_after=None
[2023-09-19T13:59:32.996+0000] {processor.py:179} INFO - Processing /home/airflow/.local/lib/python3.8/site-packages/airflow/example_dags/example_time_delta_sensor_async.py took 0.055 seconds
