[2023-09-19T13:42:09.455+0000] {processor.py:157} INFO - Started process (PID=315) to work on /home/airflow/.local/lib/python3.8/site-packages/airflow/example_dags/example_subdag_operator.py
[2023-09-19T13:42:09.456+0000] {processor.py:829} INFO - Processing file /home/airflow/.local/lib/python3.8/site-packages/airflow/example_dags/example_subdag_operator.py for tasks to queue
[2023-09-19T13:42:09.457+0000] {logging_mixin.py:151} INFO - [2023-09-19T13:42:09.456+0000] {dagbag.py:539} INFO - Filling up the DagBag from /home/airflow/.local/lib/python3.8/site-packages/airflow/example_dags/example_subdag_operator.py
[2023-09-19T13:42:09.486+0000] {processor.py:839} INFO - DAG(s) dict_keys(['example_subdag_operator.section-1', 'example_subdag_operator.section-2', 'example_subdag_operator']) retrieved from /home/airflow/.local/lib/python3.8/site-packages/airflow/example_dags/example_subdag_operator.py
[2023-09-19T13:42:09.505+0000] {logging_mixin.py:151} INFO - [2023-09-19T13:42:09.504+0000] {dag.py:2915} INFO - Sync 3 DAGs
[2023-09-19T13:42:09.528+0000] {logging_mixin.py:151} INFO - [2023-09-19T13:42:09.528+0000] {dag.py:3696} INFO - Setting next_dagrun for example_subdag_operator to 2022-01-01T00:00:00+00:00, run_after=2022-01-01T00:00:00+00:00
[2023-09-19T13:42:09.531+0000] {logging_mixin.py:151} INFO - [2023-09-19T13:42:09.530+0000] {dag.py:3696} INFO - Setting next_dagrun for example_subdag_operator.section-1 to None, run_after=None
[2023-09-19T13:42:09.531+0000] {logging_mixin.py:151} INFO - [2023-09-19T13:42:09.531+0000] {dag.py:3696} INFO - Setting next_dagrun for example_subdag_operator.section-2 to None, run_after=None
[2023-09-19T13:42:09.536+0000] {logging_mixin.py:151} INFO - [2023-09-19T13:42:09.536+0000] {dag.py:2915} INFO - Sync 2 DAGs
[2023-09-19T13:42:09.541+0000] {logging_mixin.py:151} INFO - [2023-09-19T13:42:09.540+0000] {dag.py:3696} INFO - Setting next_dagrun for example_subdag_operator.section-1 to None, run_after=None
[2023-09-19T13:42:09.541+0000] {logging_mixin.py:151} INFO - [2023-09-19T13:42:09.541+0000] {dag.py:3696} INFO - Setting next_dagrun for example_subdag_operator.section-2 to None, run_after=None
[2023-09-19T13:42:09.560+0000] {processor.py:179} INFO - Processing /home/airflow/.local/lib/python3.8/site-packages/airflow/example_dags/example_subdag_operator.py took 0.117 seconds
[2023-09-19T13:42:47.460+0000] {processor.py:157} INFO - Started process (PID=553) to work on /home/airflow/.local/lib/python3.8/site-packages/airflow/example_dags/example_subdag_operator.py
[2023-09-19T13:42:47.461+0000] {processor.py:829} INFO - Processing file /home/airflow/.local/lib/python3.8/site-packages/airflow/example_dags/example_subdag_operator.py for tasks to queue
[2023-09-19T13:42:47.461+0000] {logging_mixin.py:151} INFO - [2023-09-19T13:42:47.461+0000] {dagbag.py:539} INFO - Filling up the DagBag from /home/airflow/.local/lib/python3.8/site-packages/airflow/example_dags/example_subdag_operator.py
[2023-09-19T13:42:47.478+0000] {processor.py:839} INFO - DAG(s) dict_keys(['example_subdag_operator.section-1', 'example_subdag_operator.section-2', 'example_subdag_operator']) retrieved from /home/airflow/.local/lib/python3.8/site-packages/airflow/example_dags/example_subdag_operator.py
[2023-09-19T13:42:47.489+0000] {logging_mixin.py:151} INFO - [2023-09-19T13:42:47.489+0000] {dag.py:2915} INFO - Sync 3 DAGs
[2023-09-19T13:42:47.640+0000] {logging_mixin.py:151} INFO - [2023-09-19T13:42:47.640+0000] {dag.py:3696} INFO - Setting next_dagrun for example_subdag_operator to 2022-01-01T00:00:00+00:00, run_after=2022-01-01T00:00:00+00:00
[2023-09-19T13:42:47.643+0000] {logging_mixin.py:151} INFO - [2023-09-19T13:42:47.642+0000] {dag.py:3696} INFO - Setting next_dagrun for example_subdag_operator.section-1 to None, run_after=None
[2023-09-19T13:42:47.644+0000] {logging_mixin.py:151} INFO - [2023-09-19T13:42:47.644+0000] {dag.py:3696} INFO - Setting next_dagrun for example_subdag_operator.section-2 to None, run_after=None
[2023-09-19T13:42:47.651+0000] {logging_mixin.py:151} INFO - [2023-09-19T13:42:47.651+0000] {dag.py:2915} INFO - Sync 2 DAGs
[2023-09-19T13:42:47.658+0000] {logging_mixin.py:151} INFO - [2023-09-19T13:42:47.658+0000] {dag.py:3696} INFO - Setting next_dagrun for example_subdag_operator.section-1 to None, run_after=None
[2023-09-19T13:42:47.659+0000] {logging_mixin.py:151} INFO - [2023-09-19T13:42:47.659+0000] {dag.py:3696} INFO - Setting next_dagrun for example_subdag_operator.section-2 to None, run_after=None
[2023-09-19T13:42:47.671+0000] {processor.py:179} INFO - Processing /home/airflow/.local/lib/python3.8/site-packages/airflow/example_dags/example_subdag_operator.py took 0.213 seconds
[2023-09-19T13:43:17.830+0000] {processor.py:157} INFO - Started process (PID=791) to work on /home/airflow/.local/lib/python3.8/site-packages/airflow/example_dags/example_subdag_operator.py
[2023-09-19T13:43:17.832+0000] {processor.py:829} INFO - Processing file /home/airflow/.local/lib/python3.8/site-packages/airflow/example_dags/example_subdag_operator.py for tasks to queue
[2023-09-19T13:43:17.833+0000] {logging_mixin.py:151} INFO - [2023-09-19T13:43:17.833+0000] {dagbag.py:539} INFO - Filling up the DagBag from /home/airflow/.local/lib/python3.8/site-packages/airflow/example_dags/example_subdag_operator.py
[2023-09-19T13:43:17.850+0000] {processor.py:839} INFO - DAG(s) dict_keys(['example_subdag_operator.section-1', 'example_subdag_operator.section-2', 'example_subdag_operator']) retrieved from /home/airflow/.local/lib/python3.8/site-packages/airflow/example_dags/example_subdag_operator.py
[2023-09-19T13:43:17.860+0000] {logging_mixin.py:151} INFO - [2023-09-19T13:43:17.860+0000] {dag.py:2915} INFO - Sync 3 DAGs
[2023-09-19T13:43:17.879+0000] {logging_mixin.py:151} INFO - [2023-09-19T13:43:17.878+0000] {dag.py:3696} INFO - Setting next_dagrun for example_subdag_operator to 2022-01-01T00:00:00+00:00, run_after=2022-01-01T00:00:00+00:00
[2023-09-19T13:43:17.881+0000] {logging_mixin.py:151} INFO - [2023-09-19T13:43:17.881+0000] {dag.py:3696} INFO - Setting next_dagrun for example_subdag_operator.section-1 to None, run_after=None
[2023-09-19T13:43:17.884+0000] {logging_mixin.py:151} INFO - [2023-09-19T13:43:17.883+0000] {dag.py:3696} INFO - Setting next_dagrun for example_subdag_operator.section-2 to None, run_after=None
[2023-09-19T13:43:17.889+0000] {logging_mixin.py:151} INFO - [2023-09-19T13:43:17.889+0000] {dag.py:2915} INFO - Sync 2 DAGs
[2023-09-19T13:43:17.893+0000] {logging_mixin.py:151} INFO - [2023-09-19T13:43:17.892+0000] {dag.py:3696} INFO - Setting next_dagrun for example_subdag_operator.section-1 to None, run_after=None
[2023-09-19T13:43:17.893+0000] {logging_mixin.py:151} INFO - [2023-09-19T13:43:17.893+0000] {dag.py:3696} INFO - Setting next_dagrun for example_subdag_operator.section-2 to None, run_after=None
[2023-09-19T13:43:17.901+0000] {processor.py:179} INFO - Processing /home/airflow/.local/lib/python3.8/site-packages/airflow/example_dags/example_subdag_operator.py took 0.073 seconds
[2023-09-19T13:43:48.093+0000] {processor.py:157} INFO - Started process (PID=1029) to work on /home/airflow/.local/lib/python3.8/site-packages/airflow/example_dags/example_subdag_operator.py
[2023-09-19T13:43:48.094+0000] {processor.py:829} INFO - Processing file /home/airflow/.local/lib/python3.8/site-packages/airflow/example_dags/example_subdag_operator.py for tasks to queue
[2023-09-19T13:43:48.094+0000] {logging_mixin.py:151} INFO - [2023-09-19T13:43:48.094+0000] {dagbag.py:539} INFO - Filling up the DagBag from /home/airflow/.local/lib/python3.8/site-packages/airflow/example_dags/example_subdag_operator.py
[2023-09-19T13:43:48.118+0000] {processor.py:839} INFO - DAG(s) dict_keys(['example_subdag_operator.section-1', 'example_subdag_operator.section-2', 'example_subdag_operator']) retrieved from /home/airflow/.local/lib/python3.8/site-packages/airflow/example_dags/example_subdag_operator.py
[2023-09-19T13:43:48.131+0000] {logging_mixin.py:151} INFO - [2023-09-19T13:43:48.131+0000] {dag.py:2915} INFO - Sync 3 DAGs
[2023-09-19T13:43:48.150+0000] {logging_mixin.py:151} INFO - [2023-09-19T13:43:48.149+0000] {dag.py:3696} INFO - Setting next_dagrun for example_subdag_operator to 2022-01-01T00:00:00+00:00, run_after=2022-01-01T00:00:00+00:00
[2023-09-19T13:43:48.152+0000] {logging_mixin.py:151} INFO - [2023-09-19T13:43:48.152+0000] {dag.py:3696} INFO - Setting next_dagrun for example_subdag_operator.section-1 to None, run_after=None
[2023-09-19T13:43:48.153+0000] {logging_mixin.py:151} INFO - [2023-09-19T13:43:48.153+0000] {dag.py:3696} INFO - Setting next_dagrun for example_subdag_operator.section-2 to None, run_after=None
[2023-09-19T13:43:48.163+0000] {logging_mixin.py:151} INFO - [2023-09-19T13:43:48.162+0000] {dag.py:2915} INFO - Sync 2 DAGs
[2023-09-19T13:43:48.167+0000] {logging_mixin.py:151} INFO - [2023-09-19T13:43:48.167+0000] {dag.py:3696} INFO - Setting next_dagrun for example_subdag_operator.section-1 to None, run_after=None
[2023-09-19T13:43:48.167+0000] {logging_mixin.py:151} INFO - [2023-09-19T13:43:48.167+0000] {dag.py:3696} INFO - Setting next_dagrun for example_subdag_operator.section-2 to None, run_after=None
[2023-09-19T13:43:48.180+0000] {processor.py:179} INFO - Processing /home/airflow/.local/lib/python3.8/site-packages/airflow/example_dags/example_subdag_operator.py took 0.089 seconds
[2023-09-19T13:44:18.401+0000] {processor.py:157} INFO - Started process (PID=1267) to work on /home/airflow/.local/lib/python3.8/site-packages/airflow/example_dags/example_subdag_operator.py
[2023-09-19T13:44:18.402+0000] {processor.py:829} INFO - Processing file /home/airflow/.local/lib/python3.8/site-packages/airflow/example_dags/example_subdag_operator.py for tasks to queue
[2023-09-19T13:44:18.402+0000] {logging_mixin.py:151} INFO - [2023-09-19T13:44:18.402+0000] {dagbag.py:539} INFO - Filling up the DagBag from /home/airflow/.local/lib/python3.8/site-packages/airflow/example_dags/example_subdag_operator.py
[2023-09-19T13:44:18.421+0000] {processor.py:839} INFO - DAG(s) dict_keys(['example_subdag_operator.section-1', 'example_subdag_operator.section-2', 'example_subdag_operator']) retrieved from /home/airflow/.local/lib/python3.8/site-packages/airflow/example_dags/example_subdag_operator.py
[2023-09-19T13:44:18.431+0000] {logging_mixin.py:151} INFO - [2023-09-19T13:44:18.431+0000] {dag.py:2915} INFO - Sync 3 DAGs
[2023-09-19T13:44:18.445+0000] {logging_mixin.py:151} INFO - [2023-09-19T13:44:18.445+0000] {dag.py:3696} INFO - Setting next_dagrun for example_subdag_operator to 2022-01-01T00:00:00+00:00, run_after=2022-01-01T00:00:00+00:00
[2023-09-19T13:44:18.447+0000] {logging_mixin.py:151} INFO - [2023-09-19T13:44:18.447+0000] {dag.py:3696} INFO - Setting next_dagrun for example_subdag_operator.section-1 to None, run_after=None
[2023-09-19T13:44:18.448+0000] {logging_mixin.py:151} INFO - [2023-09-19T13:44:18.448+0000] {dag.py:3696} INFO - Setting next_dagrun for example_subdag_operator.section-2 to None, run_after=None
[2023-09-19T13:44:18.453+0000] {logging_mixin.py:151} INFO - [2023-09-19T13:44:18.453+0000] {dag.py:2915} INFO - Sync 2 DAGs
[2023-09-19T13:44:18.456+0000] {logging_mixin.py:151} INFO - [2023-09-19T13:44:18.456+0000] {dag.py:3696} INFO - Setting next_dagrun for example_subdag_operator.section-1 to None, run_after=None
[2023-09-19T13:44:18.456+0000] {logging_mixin.py:151} INFO - [2023-09-19T13:44:18.456+0000] {dag.py:3696} INFO - Setting next_dagrun for example_subdag_operator.section-2 to None, run_after=None
[2023-09-19T13:44:18.467+0000] {processor.py:179} INFO - Processing /home/airflow/.local/lib/python3.8/site-packages/airflow/example_dags/example_subdag_operator.py took 0.068 seconds
[2023-09-19T13:44:48.904+0000] {processor.py:157} INFO - Started process (PID=1505) to work on /home/airflow/.local/lib/python3.8/site-packages/airflow/example_dags/example_subdag_operator.py
[2023-09-19T13:44:48.905+0000] {processor.py:829} INFO - Processing file /home/airflow/.local/lib/python3.8/site-packages/airflow/example_dags/example_subdag_operator.py for tasks to queue
[2023-09-19T13:44:48.907+0000] {logging_mixin.py:151} INFO - [2023-09-19T13:44:48.906+0000] {dagbag.py:539} INFO - Filling up the DagBag from /home/airflow/.local/lib/python3.8/site-packages/airflow/example_dags/example_subdag_operator.py
[2023-09-19T13:44:48.928+0000] {processor.py:839} INFO - DAG(s) dict_keys(['example_subdag_operator.section-1', 'example_subdag_operator.section-2', 'example_subdag_operator']) retrieved from /home/airflow/.local/lib/python3.8/site-packages/airflow/example_dags/example_subdag_operator.py
[2023-09-19T13:44:48.941+0000] {logging_mixin.py:151} INFO - [2023-09-19T13:44:48.940+0000] {dag.py:2915} INFO - Sync 3 DAGs
[2023-09-19T13:44:48.964+0000] {logging_mixin.py:151} INFO - [2023-09-19T13:44:48.964+0000] {dag.py:3696} INFO - Setting next_dagrun for example_subdag_operator to 2022-01-01T00:00:00+00:00, run_after=2022-01-01T00:00:00+00:00
[2023-09-19T13:44:48.968+0000] {logging_mixin.py:151} INFO - [2023-09-19T13:44:48.967+0000] {dag.py:3696} INFO - Setting next_dagrun for example_subdag_operator.section-1 to None, run_after=None
[2023-09-19T13:44:48.969+0000] {logging_mixin.py:151} INFO - [2023-09-19T13:44:48.969+0000] {dag.py:3696} INFO - Setting next_dagrun for example_subdag_operator.section-2 to None, run_after=None
[2023-09-19T13:44:48.975+0000] {logging_mixin.py:151} INFO - [2023-09-19T13:44:48.975+0000] {dag.py:2915} INFO - Sync 2 DAGs
[2023-09-19T13:44:48.980+0000] {logging_mixin.py:151} INFO - [2023-09-19T13:44:48.980+0000] {dag.py:3696} INFO - Setting next_dagrun for example_subdag_operator.section-1 to None, run_after=None
[2023-09-19T13:44:48.980+0000] {logging_mixin.py:151} INFO - [2023-09-19T13:44:48.980+0000] {dag.py:3696} INFO - Setting next_dagrun for example_subdag_operator.section-2 to None, run_after=None
[2023-09-19T13:44:48.990+0000] {processor.py:179} INFO - Processing /home/airflow/.local/lib/python3.8/site-packages/airflow/example_dags/example_subdag_operator.py took 0.089 seconds
[2023-09-19T13:45:19.356+0000] {processor.py:157} INFO - Started process (PID=1744) to work on /home/airflow/.local/lib/python3.8/site-packages/airflow/example_dags/example_subdag_operator.py
[2023-09-19T13:45:19.358+0000] {processor.py:829} INFO - Processing file /home/airflow/.local/lib/python3.8/site-packages/airflow/example_dags/example_subdag_operator.py for tasks to queue
[2023-09-19T13:45:19.359+0000] {logging_mixin.py:151} INFO - [2023-09-19T13:45:19.359+0000] {dagbag.py:539} INFO - Filling up the DagBag from /home/airflow/.local/lib/python3.8/site-packages/airflow/example_dags/example_subdag_operator.py
[2023-09-19T13:45:19.379+0000] {processor.py:839} INFO - DAG(s) dict_keys(['example_subdag_operator.section-1', 'example_subdag_operator.section-2', 'example_subdag_operator']) retrieved from /home/airflow/.local/lib/python3.8/site-packages/airflow/example_dags/example_subdag_operator.py
[2023-09-19T13:45:19.382+0000] {logging_mixin.py:151} INFO - [2023-09-19T13:45:19.382+0000] {dag.py:2915} INFO - Sync 3 DAGs
[2023-09-19T13:45:19.403+0000] {logging_mixin.py:151} INFO - [2023-09-19T13:45:19.403+0000] {dag.py:3696} INFO - Setting next_dagrun for example_subdag_operator to 2022-01-01T00:00:00+00:00, run_after=2022-01-01T00:00:00+00:00
[2023-09-19T13:45:19.406+0000] {logging_mixin.py:151} INFO - [2023-09-19T13:45:19.405+0000] {dag.py:3696} INFO - Setting next_dagrun for example_subdag_operator.section-1 to None, run_after=None
[2023-09-19T13:45:19.407+0000] {logging_mixin.py:151} INFO - [2023-09-19T13:45:19.407+0000] {dag.py:3696} INFO - Setting next_dagrun for example_subdag_operator.section-2 to None, run_after=None
[2023-09-19T13:45:19.412+0000] {logging_mixin.py:151} INFO - [2023-09-19T13:45:19.412+0000] {dag.py:2915} INFO - Sync 2 DAGs
[2023-09-19T13:45:19.417+0000] {logging_mixin.py:151} INFO - [2023-09-19T13:45:19.417+0000] {dag.py:3696} INFO - Setting next_dagrun for example_subdag_operator.section-1 to None, run_after=None
[2023-09-19T13:45:19.417+0000] {logging_mixin.py:151} INFO - [2023-09-19T13:45:19.417+0000] {dag.py:3696} INFO - Setting next_dagrun for example_subdag_operator.section-2 to None, run_after=None
[2023-09-19T13:45:19.432+0000] {processor.py:179} INFO - Processing /home/airflow/.local/lib/python3.8/site-packages/airflow/example_dags/example_subdag_operator.py took 0.079 seconds
[2023-09-19T13:45:49.733+0000] {processor.py:157} INFO - Started process (PID=1982) to work on /home/airflow/.local/lib/python3.8/site-packages/airflow/example_dags/example_subdag_operator.py
[2023-09-19T13:45:49.736+0000] {processor.py:829} INFO - Processing file /home/airflow/.local/lib/python3.8/site-packages/airflow/example_dags/example_subdag_operator.py for tasks to queue
[2023-09-19T13:45:49.737+0000] {logging_mixin.py:151} INFO - [2023-09-19T13:45:49.736+0000] {dagbag.py:539} INFO - Filling up the DagBag from /home/airflow/.local/lib/python3.8/site-packages/airflow/example_dags/example_subdag_operator.py
[2023-09-19T13:45:49.754+0000] {processor.py:839} INFO - DAG(s) dict_keys(['example_subdag_operator.section-1', 'example_subdag_operator.section-2', 'example_subdag_operator']) retrieved from /home/airflow/.local/lib/python3.8/site-packages/airflow/example_dags/example_subdag_operator.py
[2023-09-19T13:45:49.767+0000] {logging_mixin.py:151} INFO - [2023-09-19T13:45:49.767+0000] {dag.py:2915} INFO - Sync 3 DAGs
[2023-09-19T13:45:49.784+0000] {logging_mixin.py:151} INFO - [2023-09-19T13:45:49.784+0000] {dag.py:3696} INFO - Setting next_dagrun for example_subdag_operator to 2022-01-01T00:00:00+00:00, run_after=2022-01-01T00:00:00+00:00
[2023-09-19T13:45:49.787+0000] {logging_mixin.py:151} INFO - [2023-09-19T13:45:49.787+0000] {dag.py:3696} INFO - Setting next_dagrun for example_subdag_operator.section-1 to None, run_after=None
[2023-09-19T13:45:49.788+0000] {logging_mixin.py:151} INFO - [2023-09-19T13:45:49.788+0000] {dag.py:3696} INFO - Setting next_dagrun for example_subdag_operator.section-2 to None, run_after=None
[2023-09-19T13:45:49.795+0000] {logging_mixin.py:151} INFO - [2023-09-19T13:45:49.795+0000] {dag.py:2915} INFO - Sync 2 DAGs
[2023-09-19T13:45:49.798+0000] {logging_mixin.py:151} INFO - [2023-09-19T13:45:49.798+0000] {dag.py:3696} INFO - Setting next_dagrun for example_subdag_operator.section-1 to None, run_after=None
[2023-09-19T13:45:49.798+0000] {logging_mixin.py:151} INFO - [2023-09-19T13:45:49.798+0000] {dag.py:3696} INFO - Setting next_dagrun for example_subdag_operator.section-2 to None, run_after=None
[2023-09-19T13:45:49.818+0000] {processor.py:179} INFO - Processing /home/airflow/.local/lib/python3.8/site-packages/airflow/example_dags/example_subdag_operator.py took 0.087 seconds
[2023-09-19T13:46:20.246+0000] {processor.py:157} INFO - Started process (PID=2220) to work on /home/airflow/.local/lib/python3.8/site-packages/airflow/example_dags/example_subdag_operator.py
[2023-09-19T13:46:20.250+0000] {processor.py:829} INFO - Processing file /home/airflow/.local/lib/python3.8/site-packages/airflow/example_dags/example_subdag_operator.py for tasks to queue
[2023-09-19T13:46:20.252+0000] {logging_mixin.py:151} INFO - [2023-09-19T13:46:20.251+0000] {dagbag.py:539} INFO - Filling up the DagBag from /home/airflow/.local/lib/python3.8/site-packages/airflow/example_dags/example_subdag_operator.py
[2023-09-19T13:46:20.274+0000] {processor.py:839} INFO - DAG(s) dict_keys(['example_subdag_operator.section-1', 'example_subdag_operator.section-2', 'example_subdag_operator']) retrieved from /home/airflow/.local/lib/python3.8/site-packages/airflow/example_dags/example_subdag_operator.py
[2023-09-19T13:46:20.288+0000] {logging_mixin.py:151} INFO - [2023-09-19T13:46:20.288+0000] {dag.py:2915} INFO - Sync 3 DAGs
[2023-09-19T13:46:20.309+0000] {logging_mixin.py:151} INFO - [2023-09-19T13:46:20.309+0000] {dag.py:3696} INFO - Setting next_dagrun for example_subdag_operator to 2022-01-01T00:00:00+00:00, run_after=2022-01-01T00:00:00+00:00
[2023-09-19T13:46:20.313+0000] {logging_mixin.py:151} INFO - [2023-09-19T13:46:20.312+0000] {dag.py:3696} INFO - Setting next_dagrun for example_subdag_operator.section-1 to None, run_after=None
[2023-09-19T13:46:20.314+0000] {logging_mixin.py:151} INFO - [2023-09-19T13:46:20.314+0000] {dag.py:3696} INFO - Setting next_dagrun for example_subdag_operator.section-2 to None, run_after=None
[2023-09-19T13:46:20.320+0000] {logging_mixin.py:151} INFO - [2023-09-19T13:46:20.320+0000] {dag.py:2915} INFO - Sync 2 DAGs
[2023-09-19T13:46:20.324+0000] {logging_mixin.py:151} INFO - [2023-09-19T13:46:20.324+0000] {dag.py:3696} INFO - Setting next_dagrun for example_subdag_operator.section-1 to None, run_after=None
[2023-09-19T13:46:20.324+0000] {logging_mixin.py:151} INFO - [2023-09-19T13:46:20.324+0000] {dag.py:3696} INFO - Setting next_dagrun for example_subdag_operator.section-2 to None, run_after=None
[2023-09-19T13:46:20.340+0000] {processor.py:179} INFO - Processing /home/airflow/.local/lib/python3.8/site-packages/airflow/example_dags/example_subdag_operator.py took 0.097 seconds
[2023-09-19T13:46:51.233+0000] {processor.py:157} INFO - Started process (PID=2458) to work on /home/airflow/.local/lib/python3.8/site-packages/airflow/example_dags/example_subdag_operator.py
[2023-09-19T13:46:51.236+0000] {processor.py:829} INFO - Processing file /home/airflow/.local/lib/python3.8/site-packages/airflow/example_dags/example_subdag_operator.py for tasks to queue
[2023-09-19T13:46:51.238+0000] {logging_mixin.py:151} INFO - [2023-09-19T13:46:51.237+0000] {dagbag.py:539} INFO - Filling up the DagBag from /home/airflow/.local/lib/python3.8/site-packages/airflow/example_dags/example_subdag_operator.py
[2023-09-19T13:46:51.277+0000] {processor.py:839} INFO - DAG(s) dict_keys(['example_subdag_operator.section-1', 'example_subdag_operator.section-2', 'example_subdag_operator']) retrieved from /home/airflow/.local/lib/python3.8/site-packages/airflow/example_dags/example_subdag_operator.py
[2023-09-19T13:46:51.302+0000] {logging_mixin.py:151} INFO - [2023-09-19T13:46:51.301+0000] {dag.py:2915} INFO - Sync 3 DAGs
[2023-09-19T13:46:51.333+0000] {logging_mixin.py:151} INFO - [2023-09-19T13:46:51.333+0000] {dag.py:3696} INFO - Setting next_dagrun for example_subdag_operator to 2022-01-01T00:00:00+00:00, run_after=2022-01-01T00:00:00+00:00
[2023-09-19T13:46:51.336+0000] {logging_mixin.py:151} INFO - [2023-09-19T13:46:51.336+0000] {dag.py:3696} INFO - Setting next_dagrun for example_subdag_operator.section-1 to None, run_after=None
[2023-09-19T13:46:51.337+0000] {logging_mixin.py:151} INFO - [2023-09-19T13:46:51.337+0000] {dag.py:3696} INFO - Setting next_dagrun for example_subdag_operator.section-2 to None, run_after=None
[2023-09-19T13:46:51.344+0000] {logging_mixin.py:151} INFO - [2023-09-19T13:46:51.343+0000] {dag.py:2915} INFO - Sync 2 DAGs
[2023-09-19T13:46:51.349+0000] {logging_mixin.py:151} INFO - [2023-09-19T13:46:51.349+0000] {dag.py:3696} INFO - Setting next_dagrun for example_subdag_operator.section-1 to None, run_after=None
[2023-09-19T13:46:51.350+0000] {logging_mixin.py:151} INFO - [2023-09-19T13:46:51.350+0000] {dag.py:3696} INFO - Setting next_dagrun for example_subdag_operator.section-2 to None, run_after=None
[2023-09-19T13:46:51.368+0000] {processor.py:179} INFO - Processing /home/airflow/.local/lib/python3.8/site-packages/airflow/example_dags/example_subdag_operator.py took 0.140 seconds
[2023-09-19T13:47:22.960+0000] {processor.py:157} INFO - Started process (PID=2696) to work on /home/airflow/.local/lib/python3.8/site-packages/airflow/example_dags/example_subdag_operator.py
[2023-09-19T13:47:22.961+0000] {processor.py:829} INFO - Processing file /home/airflow/.local/lib/python3.8/site-packages/airflow/example_dags/example_subdag_operator.py for tasks to queue
[2023-09-19T13:47:22.962+0000] {logging_mixin.py:151} INFO - [2023-09-19T13:47:22.962+0000] {dagbag.py:539} INFO - Filling up the DagBag from /home/airflow/.local/lib/python3.8/site-packages/airflow/example_dags/example_subdag_operator.py
[2023-09-19T13:47:22.997+0000] {processor.py:839} INFO - DAG(s) dict_keys(['example_subdag_operator.section-1', 'example_subdag_operator.section-2', 'example_subdag_operator']) retrieved from /home/airflow/.local/lib/python3.8/site-packages/airflow/example_dags/example_subdag_operator.py
[2023-09-19T13:47:23.028+0000] {logging_mixin.py:151} INFO - [2023-09-19T13:47:23.027+0000] {dag.py:2915} INFO - Sync 3 DAGs
[2023-09-19T13:47:23.070+0000] {logging_mixin.py:151} INFO - [2023-09-19T13:47:23.069+0000] {dag.py:3696} INFO - Setting next_dagrun for example_subdag_operator to 2022-01-01T00:00:00+00:00, run_after=2022-01-01T00:00:00+00:00
[2023-09-19T13:47:23.080+0000] {logging_mixin.py:151} INFO - [2023-09-19T13:47:23.080+0000] {dag.py:3696} INFO - Setting next_dagrun for example_subdag_operator.section-1 to None, run_after=None
[2023-09-19T13:47:23.085+0000] {logging_mixin.py:151} INFO - [2023-09-19T13:47:23.085+0000] {dag.py:3696} INFO - Setting next_dagrun for example_subdag_operator.section-2 to None, run_after=None
[2023-09-19T13:47:23.108+0000] {logging_mixin.py:151} INFO - [2023-09-19T13:47:23.107+0000] {dag.py:2915} INFO - Sync 2 DAGs
[2023-09-19T13:47:23.120+0000] {logging_mixin.py:151} INFO - [2023-09-19T13:47:23.120+0000] {dag.py:3696} INFO - Setting next_dagrun for example_subdag_operator.section-1 to None, run_after=None
[2023-09-19T13:47:23.121+0000] {logging_mixin.py:151} INFO - [2023-09-19T13:47:23.121+0000] {dag.py:3696} INFO - Setting next_dagrun for example_subdag_operator.section-2 to None, run_after=None
[2023-09-19T13:47:23.176+0000] {processor.py:179} INFO - Processing /home/airflow/.local/lib/python3.8/site-packages/airflow/example_dags/example_subdag_operator.py took 0.219 seconds
[2023-09-19T13:47:53.381+0000] {processor.py:157} INFO - Started process (PID=2934) to work on /home/airflow/.local/lib/python3.8/site-packages/airflow/example_dags/example_subdag_operator.py
[2023-09-19T13:47:53.382+0000] {processor.py:829} INFO - Processing file /home/airflow/.local/lib/python3.8/site-packages/airflow/example_dags/example_subdag_operator.py for tasks to queue
[2023-09-19T13:47:53.383+0000] {logging_mixin.py:151} INFO - [2023-09-19T13:47:53.383+0000] {dagbag.py:539} INFO - Filling up the DagBag from /home/airflow/.local/lib/python3.8/site-packages/airflow/example_dags/example_subdag_operator.py
[2023-09-19T13:47:53.407+0000] {processor.py:839} INFO - DAG(s) dict_keys(['example_subdag_operator.section-1', 'example_subdag_operator.section-2', 'example_subdag_operator']) retrieved from /home/airflow/.local/lib/python3.8/site-packages/airflow/example_dags/example_subdag_operator.py
[2023-09-19T13:47:53.420+0000] {logging_mixin.py:151} INFO - [2023-09-19T13:47:53.420+0000] {dag.py:2915} INFO - Sync 3 DAGs
[2023-09-19T13:47:53.442+0000] {logging_mixin.py:151} INFO - [2023-09-19T13:47:53.441+0000] {dag.py:3696} INFO - Setting next_dagrun for example_subdag_operator to 2022-01-01T00:00:00+00:00, run_after=2022-01-01T00:00:00+00:00
[2023-09-19T13:47:53.445+0000] {logging_mixin.py:151} INFO - [2023-09-19T13:47:53.445+0000] {dag.py:3696} INFO - Setting next_dagrun for example_subdag_operator.section-1 to None, run_after=None
[2023-09-19T13:47:53.448+0000] {logging_mixin.py:151} INFO - [2023-09-19T13:47:53.447+0000] {dag.py:3696} INFO - Setting next_dagrun for example_subdag_operator.section-2 to None, run_after=None
[2023-09-19T13:47:53.457+0000] {logging_mixin.py:151} INFO - [2023-09-19T13:47:53.456+0000] {dag.py:2915} INFO - Sync 2 DAGs
[2023-09-19T13:47:53.461+0000] {logging_mixin.py:151} INFO - [2023-09-19T13:47:53.461+0000] {dag.py:3696} INFO - Setting next_dagrun for example_subdag_operator.section-1 to None, run_after=None
[2023-09-19T13:47:53.461+0000] {logging_mixin.py:151} INFO - [2023-09-19T13:47:53.461+0000] {dag.py:3696} INFO - Setting next_dagrun for example_subdag_operator.section-2 to None, run_after=None
[2023-09-19T13:47:53.474+0000] {processor.py:179} INFO - Processing /home/airflow/.local/lib/python3.8/site-packages/airflow/example_dags/example_subdag_operator.py took 0.095 seconds
[2023-09-19T13:48:23.793+0000] {processor.py:157} INFO - Started process (PID=3172) to work on /home/airflow/.local/lib/python3.8/site-packages/airflow/example_dags/example_subdag_operator.py
[2023-09-19T13:48:23.795+0000] {processor.py:829} INFO - Processing file /home/airflow/.local/lib/python3.8/site-packages/airflow/example_dags/example_subdag_operator.py for tasks to queue
[2023-09-19T13:48:23.795+0000] {logging_mixin.py:151} INFO - [2023-09-19T13:48:23.795+0000] {dagbag.py:539} INFO - Filling up the DagBag from /home/airflow/.local/lib/python3.8/site-packages/airflow/example_dags/example_subdag_operator.py
[2023-09-19T13:48:23.819+0000] {processor.py:839} INFO - DAG(s) dict_keys(['example_subdag_operator.section-1', 'example_subdag_operator.section-2', 'example_subdag_operator']) retrieved from /home/airflow/.local/lib/python3.8/site-packages/airflow/example_dags/example_subdag_operator.py
[2023-09-19T13:48:23.833+0000] {logging_mixin.py:151} INFO - [2023-09-19T13:48:23.832+0000] {dag.py:2915} INFO - Sync 3 DAGs
[2023-09-19T13:48:23.853+0000] {logging_mixin.py:151} INFO - [2023-09-19T13:48:23.853+0000] {dag.py:3696} INFO - Setting next_dagrun for example_subdag_operator to 2022-01-01T00:00:00+00:00, run_after=2022-01-01T00:00:00+00:00
[2023-09-19T13:48:23.858+0000] {logging_mixin.py:151} INFO - [2023-09-19T13:48:23.857+0000] {dag.py:3696} INFO - Setting next_dagrun for example_subdag_operator.section-1 to None, run_after=None
[2023-09-19T13:48:23.859+0000] {logging_mixin.py:151} INFO - [2023-09-19T13:48:23.859+0000] {dag.py:3696} INFO - Setting next_dagrun for example_subdag_operator.section-2 to None, run_after=None
[2023-09-19T13:48:23.866+0000] {logging_mixin.py:151} INFO - [2023-09-19T13:48:23.866+0000] {dag.py:2915} INFO - Sync 2 DAGs
[2023-09-19T13:48:23.871+0000] {logging_mixin.py:151} INFO - [2023-09-19T13:48:23.871+0000] {dag.py:3696} INFO - Setting next_dagrun for example_subdag_operator.section-1 to None, run_after=None
[2023-09-19T13:48:23.871+0000] {logging_mixin.py:151} INFO - [2023-09-19T13:48:23.871+0000] {dag.py:3696} INFO - Setting next_dagrun for example_subdag_operator.section-2 to None, run_after=None
[2023-09-19T13:48:23.885+0000] {processor.py:179} INFO - Processing /home/airflow/.local/lib/python3.8/site-packages/airflow/example_dags/example_subdag_operator.py took 0.094 seconds
[2023-09-19T13:48:54.217+0000] {processor.py:157} INFO - Started process (PID=3410) to work on /home/airflow/.local/lib/python3.8/site-packages/airflow/example_dags/example_subdag_operator.py
[2023-09-19T13:48:54.219+0000] {processor.py:829} INFO - Processing file /home/airflow/.local/lib/python3.8/site-packages/airflow/example_dags/example_subdag_operator.py for tasks to queue
[2023-09-19T13:48:54.220+0000] {logging_mixin.py:151} INFO - [2023-09-19T13:48:54.220+0000] {dagbag.py:539} INFO - Filling up the DagBag from /home/airflow/.local/lib/python3.8/site-packages/airflow/example_dags/example_subdag_operator.py
[2023-09-19T13:48:54.243+0000] {processor.py:839} INFO - DAG(s) dict_keys(['example_subdag_operator.section-1', 'example_subdag_operator.section-2', 'example_subdag_operator']) retrieved from /home/airflow/.local/lib/python3.8/site-packages/airflow/example_dags/example_subdag_operator.py
[2023-09-19T13:48:54.257+0000] {logging_mixin.py:151} INFO - [2023-09-19T13:48:54.257+0000] {dag.py:2915} INFO - Sync 3 DAGs
[2023-09-19T13:48:54.276+0000] {logging_mixin.py:151} INFO - [2023-09-19T13:48:54.276+0000] {dag.py:3696} INFO - Setting next_dagrun for example_subdag_operator to 2022-01-01T00:00:00+00:00, run_after=2022-01-01T00:00:00+00:00
[2023-09-19T13:48:54.279+0000] {logging_mixin.py:151} INFO - [2023-09-19T13:48:54.279+0000] {dag.py:3696} INFO - Setting next_dagrun for example_subdag_operator.section-1 to None, run_after=None
[2023-09-19T13:48:54.280+0000] {logging_mixin.py:151} INFO - [2023-09-19T13:48:54.279+0000] {dag.py:3696} INFO - Setting next_dagrun for example_subdag_operator.section-2 to None, run_after=None
[2023-09-19T13:48:54.288+0000] {logging_mixin.py:151} INFO - [2023-09-19T13:48:54.288+0000] {dag.py:2915} INFO - Sync 2 DAGs
[2023-09-19T13:48:54.293+0000] {logging_mixin.py:151} INFO - [2023-09-19T13:48:54.292+0000] {dag.py:3696} INFO - Setting next_dagrun for example_subdag_operator.section-1 to None, run_after=None
[2023-09-19T13:48:54.293+0000] {logging_mixin.py:151} INFO - [2023-09-19T13:48:54.293+0000] {dag.py:3696} INFO - Setting next_dagrun for example_subdag_operator.section-2 to None, run_after=None
[2023-09-19T13:48:54.311+0000] {processor.py:179} INFO - Processing /home/airflow/.local/lib/python3.8/site-packages/airflow/example_dags/example_subdag_operator.py took 0.097 seconds
[2023-09-19T13:49:24.943+0000] {processor.py:157} INFO - Started process (PID=3648) to work on /home/airflow/.local/lib/python3.8/site-packages/airflow/example_dags/example_subdag_operator.py
[2023-09-19T13:49:24.943+0000] {processor.py:829} INFO - Processing file /home/airflow/.local/lib/python3.8/site-packages/airflow/example_dags/example_subdag_operator.py for tasks to queue
[2023-09-19T13:49:24.944+0000] {logging_mixin.py:151} INFO - [2023-09-19T13:49:24.944+0000] {dagbag.py:539} INFO - Filling up the DagBag from /home/airflow/.local/lib/python3.8/site-packages/airflow/example_dags/example_subdag_operator.py
[2023-09-19T13:49:24.965+0000] {processor.py:839} INFO - DAG(s) dict_keys(['example_subdag_operator.section-1', 'example_subdag_operator.section-2', 'example_subdag_operator']) retrieved from /home/airflow/.local/lib/python3.8/site-packages/airflow/example_dags/example_subdag_operator.py
[2023-09-19T13:49:24.982+0000] {logging_mixin.py:151} INFO - [2023-09-19T13:49:24.981+0000] {dag.py:2915} INFO - Sync 3 DAGs
[2023-09-19T13:49:25.002+0000] {logging_mixin.py:151} INFO - [2023-09-19T13:49:25.002+0000] {dag.py:3696} INFO - Setting next_dagrun for example_subdag_operator to 2022-01-01T00:00:00+00:00, run_after=2022-01-01T00:00:00+00:00
[2023-09-19T13:49:25.006+0000] {logging_mixin.py:151} INFO - [2023-09-19T13:49:25.006+0000] {dag.py:3696} INFO - Setting next_dagrun for example_subdag_operator.section-1 to None, run_after=None
[2023-09-19T13:49:25.007+0000] {logging_mixin.py:151} INFO - [2023-09-19T13:49:25.007+0000] {dag.py:3696} INFO - Setting next_dagrun for example_subdag_operator.section-2 to None, run_after=None
[2023-09-19T13:49:25.012+0000] {logging_mixin.py:151} INFO - [2023-09-19T13:49:25.012+0000] {dag.py:2915} INFO - Sync 2 DAGs
[2023-09-19T13:49:25.018+0000] {logging_mixin.py:151} INFO - [2023-09-19T13:49:25.017+0000] {dag.py:3696} INFO - Setting next_dagrun for example_subdag_operator.section-1 to None, run_after=None
[2023-09-19T13:49:25.018+0000] {logging_mixin.py:151} INFO - [2023-09-19T13:49:25.018+0000] {dag.py:3696} INFO - Setting next_dagrun for example_subdag_operator.section-2 to None, run_after=None
[2023-09-19T13:49:25.037+0000] {processor.py:179} INFO - Processing /home/airflow/.local/lib/python3.8/site-packages/airflow/example_dags/example_subdag_operator.py took 0.097 seconds
[2023-09-19T13:49:55.562+0000] {processor.py:157} INFO - Started process (PID=3888) to work on /home/airflow/.local/lib/python3.8/site-packages/airflow/example_dags/example_subdag_operator.py
[2023-09-19T13:49:55.563+0000] {processor.py:829} INFO - Processing file /home/airflow/.local/lib/python3.8/site-packages/airflow/example_dags/example_subdag_operator.py for tasks to queue
[2023-09-19T13:49:55.563+0000] {logging_mixin.py:151} INFO - [2023-09-19T13:49:55.563+0000] {dagbag.py:539} INFO - Filling up the DagBag from /home/airflow/.local/lib/python3.8/site-packages/airflow/example_dags/example_subdag_operator.py
[2023-09-19T13:49:55.589+0000] {processor.py:839} INFO - DAG(s) dict_keys(['example_subdag_operator.section-1', 'example_subdag_operator.section-2', 'example_subdag_operator']) retrieved from /home/airflow/.local/lib/python3.8/site-packages/airflow/example_dags/example_subdag_operator.py
[2023-09-19T13:49:55.603+0000] {logging_mixin.py:151} INFO - [2023-09-19T13:49:55.603+0000] {dag.py:2915} INFO - Sync 3 DAGs
[2023-09-19T13:49:55.621+0000] {logging_mixin.py:151} INFO - [2023-09-19T13:49:55.620+0000] {dag.py:3696} INFO - Setting next_dagrun for example_subdag_operator to 2022-01-01T00:00:00+00:00, run_after=2022-01-01T00:00:00+00:00
[2023-09-19T13:49:55.623+0000] {logging_mixin.py:151} INFO - [2023-09-19T13:49:55.623+0000] {dag.py:3696} INFO - Setting next_dagrun for example_subdag_operator.section-1 to None, run_after=None
[2023-09-19T13:49:55.624+0000] {logging_mixin.py:151} INFO - [2023-09-19T13:49:55.624+0000] {dag.py:3696} INFO - Setting next_dagrun for example_subdag_operator.section-2 to None, run_after=None
[2023-09-19T13:49:55.631+0000] {logging_mixin.py:151} INFO - [2023-09-19T13:49:55.630+0000] {dag.py:2915} INFO - Sync 2 DAGs
[2023-09-19T13:49:55.636+0000] {logging_mixin.py:151} INFO - [2023-09-19T13:49:55.636+0000] {dag.py:3696} INFO - Setting next_dagrun for example_subdag_operator.section-1 to None, run_after=None
[2023-09-19T13:49:55.637+0000] {logging_mixin.py:151} INFO - [2023-09-19T13:49:55.637+0000] {dag.py:3696} INFO - Setting next_dagrun for example_subdag_operator.section-2 to None, run_after=None
[2023-09-19T13:49:55.649+0000] {processor.py:179} INFO - Processing /home/airflow/.local/lib/python3.8/site-packages/airflow/example_dags/example_subdag_operator.py took 0.090 seconds
[2023-09-19T13:50:26.030+0000] {processor.py:157} INFO - Started process (PID=4124) to work on /home/airflow/.local/lib/python3.8/site-packages/airflow/example_dags/example_subdag_operator.py
[2023-09-19T13:50:26.032+0000] {processor.py:829} INFO - Processing file /home/airflow/.local/lib/python3.8/site-packages/airflow/example_dags/example_subdag_operator.py for tasks to queue
[2023-09-19T13:50:26.033+0000] {logging_mixin.py:151} INFO - [2023-09-19T13:50:26.032+0000] {dagbag.py:539} INFO - Filling up the DagBag from /home/airflow/.local/lib/python3.8/site-packages/airflow/example_dags/example_subdag_operator.py
[2023-09-19T13:50:26.057+0000] {processor.py:839} INFO - DAG(s) dict_keys(['example_subdag_operator.section-1', 'example_subdag_operator.section-2', 'example_subdag_operator']) retrieved from /home/airflow/.local/lib/python3.8/site-packages/airflow/example_dags/example_subdag_operator.py
[2023-09-19T13:50:26.071+0000] {logging_mixin.py:151} INFO - [2023-09-19T13:50:26.070+0000] {dag.py:2915} INFO - Sync 3 DAGs
[2023-09-19T13:50:26.090+0000] {logging_mixin.py:151} INFO - [2023-09-19T13:50:26.090+0000] {dag.py:3696} INFO - Setting next_dagrun for example_subdag_operator to 2022-01-01T00:00:00+00:00, run_after=2022-01-01T00:00:00+00:00
[2023-09-19T13:50:26.093+0000] {logging_mixin.py:151} INFO - [2023-09-19T13:50:26.092+0000] {dag.py:3696} INFO - Setting next_dagrun for example_subdag_operator.section-1 to None, run_after=None
[2023-09-19T13:50:26.093+0000] {logging_mixin.py:151} INFO - [2023-09-19T13:50:26.093+0000] {dag.py:3696} INFO - Setting next_dagrun for example_subdag_operator.section-2 to None, run_after=None
[2023-09-19T13:50:26.102+0000] {logging_mixin.py:151} INFO - [2023-09-19T13:50:26.102+0000] {dag.py:2915} INFO - Sync 2 DAGs
[2023-09-19T13:50:26.108+0000] {logging_mixin.py:151} INFO - [2023-09-19T13:50:26.108+0000] {dag.py:3696} INFO - Setting next_dagrun for example_subdag_operator.section-1 to None, run_after=None
[2023-09-19T13:50:26.109+0000] {logging_mixin.py:151} INFO - [2023-09-19T13:50:26.109+0000] {dag.py:3696} INFO - Setting next_dagrun for example_subdag_operator.section-2 to None, run_after=None
[2023-09-19T13:50:26.122+0000] {processor.py:179} INFO - Processing /home/airflow/.local/lib/python3.8/site-packages/airflow/example_dags/example_subdag_operator.py took 0.094 seconds
[2023-09-19T13:50:56.472+0000] {processor.py:157} INFO - Started process (PID=4361) to work on /home/airflow/.local/lib/python3.8/site-packages/airflow/example_dags/example_subdag_operator.py
[2023-09-19T13:50:56.474+0000] {processor.py:829} INFO - Processing file /home/airflow/.local/lib/python3.8/site-packages/airflow/example_dags/example_subdag_operator.py for tasks to queue
[2023-09-19T13:50:56.475+0000] {logging_mixin.py:151} INFO - [2023-09-19T13:50:56.475+0000] {dagbag.py:539} INFO - Filling up the DagBag from /home/airflow/.local/lib/python3.8/site-packages/airflow/example_dags/example_subdag_operator.py
[2023-09-19T13:50:56.500+0000] {processor.py:839} INFO - DAG(s) dict_keys(['example_subdag_operator.section-1', 'example_subdag_operator.section-2', 'example_subdag_operator']) retrieved from /home/airflow/.local/lib/python3.8/site-packages/airflow/example_dags/example_subdag_operator.py
[2023-09-19T13:50:56.514+0000] {logging_mixin.py:151} INFO - [2023-09-19T13:50:56.514+0000] {dag.py:2915} INFO - Sync 3 DAGs
[2023-09-19T13:50:56.542+0000] {logging_mixin.py:151} INFO - [2023-09-19T13:50:56.542+0000] {dag.py:3696} INFO - Setting next_dagrun for example_subdag_operator to 2022-01-01T00:00:00+00:00, run_after=2022-01-01T00:00:00+00:00
[2023-09-19T13:50:56.546+0000] {logging_mixin.py:151} INFO - [2023-09-19T13:50:56.545+0000] {dag.py:3696} INFO - Setting next_dagrun for example_subdag_operator.section-1 to None, run_after=None
[2023-09-19T13:50:56.546+0000] {logging_mixin.py:151} INFO - [2023-09-19T13:50:56.546+0000] {dag.py:3696} INFO - Setting next_dagrun for example_subdag_operator.section-2 to None, run_after=None
[2023-09-19T13:50:56.552+0000] {logging_mixin.py:151} INFO - [2023-09-19T13:50:56.552+0000] {dag.py:2915} INFO - Sync 2 DAGs
[2023-09-19T13:50:56.557+0000] {logging_mixin.py:151} INFO - [2023-09-19T13:50:56.557+0000] {dag.py:3696} INFO - Setting next_dagrun for example_subdag_operator.section-1 to None, run_after=None
[2023-09-19T13:50:56.558+0000] {logging_mixin.py:151} INFO - [2023-09-19T13:50:56.558+0000] {dag.py:3696} INFO - Setting next_dagrun for example_subdag_operator.section-2 to None, run_after=None
[2023-09-19T13:50:56.573+0000] {processor.py:179} INFO - Processing /home/airflow/.local/lib/python3.8/site-packages/airflow/example_dags/example_subdag_operator.py took 0.105 seconds
[2023-09-19T13:51:26.936+0000] {processor.py:157} INFO - Started process (PID=4599) to work on /home/airflow/.local/lib/python3.8/site-packages/airflow/example_dags/example_subdag_operator.py
[2023-09-19T13:51:26.937+0000] {processor.py:829} INFO - Processing file /home/airflow/.local/lib/python3.8/site-packages/airflow/example_dags/example_subdag_operator.py for tasks to queue
[2023-09-19T13:51:26.938+0000] {logging_mixin.py:151} INFO - [2023-09-19T13:51:26.937+0000] {dagbag.py:539} INFO - Filling up the DagBag from /home/airflow/.local/lib/python3.8/site-packages/airflow/example_dags/example_subdag_operator.py
[2023-09-19T13:51:26.961+0000] {processor.py:839} INFO - DAG(s) dict_keys(['example_subdag_operator.section-1', 'example_subdag_operator.section-2', 'example_subdag_operator']) retrieved from /home/airflow/.local/lib/python3.8/site-packages/airflow/example_dags/example_subdag_operator.py
[2023-09-19T13:51:26.975+0000] {logging_mixin.py:151} INFO - [2023-09-19T13:51:26.975+0000] {dag.py:2915} INFO - Sync 3 DAGs
[2023-09-19T13:51:26.997+0000] {logging_mixin.py:151} INFO - [2023-09-19T13:51:26.997+0000] {dag.py:3696} INFO - Setting next_dagrun for example_subdag_operator to 2022-01-01T00:00:00+00:00, run_after=2022-01-01T00:00:00+00:00
[2023-09-19T13:51:27.000+0000] {logging_mixin.py:151} INFO - [2023-09-19T13:51:27.000+0000] {dag.py:3696} INFO - Setting next_dagrun for example_subdag_operator.section-1 to None, run_after=None
[2023-09-19T13:51:27.002+0000] {logging_mixin.py:151} INFO - [2023-09-19T13:51:27.001+0000] {dag.py:3696} INFO - Setting next_dagrun for example_subdag_operator.section-2 to None, run_after=None
[2023-09-19T13:51:27.009+0000] {logging_mixin.py:151} INFO - [2023-09-19T13:51:27.009+0000] {dag.py:2915} INFO - Sync 2 DAGs
[2023-09-19T13:51:27.013+0000] {logging_mixin.py:151} INFO - [2023-09-19T13:51:27.013+0000] {dag.py:3696} INFO - Setting next_dagrun for example_subdag_operator.section-1 to None, run_after=None
[2023-09-19T13:51:27.013+0000] {logging_mixin.py:151} INFO - [2023-09-19T13:51:27.013+0000] {dag.py:3696} INFO - Setting next_dagrun for example_subdag_operator.section-2 to None, run_after=None
[2023-09-19T13:51:27.027+0000] {processor.py:179} INFO - Processing /home/airflow/.local/lib/python3.8/site-packages/airflow/example_dags/example_subdag_operator.py took 0.095 seconds
[2023-09-19T13:51:57.209+0000] {processor.py:157} INFO - Started process (PID=4837) to work on /home/airflow/.local/lib/python3.8/site-packages/airflow/example_dags/example_subdag_operator.py
[2023-09-19T13:51:57.210+0000] {processor.py:829} INFO - Processing file /home/airflow/.local/lib/python3.8/site-packages/airflow/example_dags/example_subdag_operator.py for tasks to queue
[2023-09-19T13:51:57.210+0000] {logging_mixin.py:151} INFO - [2023-09-19T13:51:57.210+0000] {dagbag.py:539} INFO - Filling up the DagBag from /home/airflow/.local/lib/python3.8/site-packages/airflow/example_dags/example_subdag_operator.py
[2023-09-19T13:51:57.232+0000] {processor.py:839} INFO - DAG(s) dict_keys(['example_subdag_operator.section-1', 'example_subdag_operator.section-2', 'example_subdag_operator']) retrieved from /home/airflow/.local/lib/python3.8/site-packages/airflow/example_dags/example_subdag_operator.py
[2023-09-19T13:51:57.245+0000] {logging_mixin.py:151} INFO - [2023-09-19T13:51:57.244+0000] {dag.py:2915} INFO - Sync 3 DAGs
[2023-09-19T13:51:57.262+0000] {logging_mixin.py:151} INFO - [2023-09-19T13:51:57.262+0000] {dag.py:3696} INFO - Setting next_dagrun for example_subdag_operator to 2022-01-01T00:00:00+00:00, run_after=2022-01-01T00:00:00+00:00
[2023-09-19T13:51:57.264+0000] {logging_mixin.py:151} INFO - [2023-09-19T13:51:57.264+0000] {dag.py:3696} INFO - Setting next_dagrun for example_subdag_operator.section-1 to None, run_after=None
[2023-09-19T13:51:57.265+0000] {logging_mixin.py:151} INFO - [2023-09-19T13:51:57.265+0000] {dag.py:3696} INFO - Setting next_dagrun for example_subdag_operator.section-2 to None, run_after=None
[2023-09-19T13:51:57.274+0000] {logging_mixin.py:151} INFO - [2023-09-19T13:51:57.273+0000] {dag.py:2915} INFO - Sync 2 DAGs
[2023-09-19T13:51:57.279+0000] {logging_mixin.py:151} INFO - [2023-09-19T13:51:57.278+0000] {dag.py:3696} INFO - Setting next_dagrun for example_subdag_operator.section-1 to None, run_after=None
[2023-09-19T13:51:57.279+0000] {logging_mixin.py:151} INFO - [2023-09-19T13:51:57.279+0000] {dag.py:3696} INFO - Setting next_dagrun for example_subdag_operator.section-2 to None, run_after=None
[2023-09-19T13:51:57.291+0000] {processor.py:179} INFO - Processing /home/airflow/.local/lib/python3.8/site-packages/airflow/example_dags/example_subdag_operator.py took 0.084 seconds
[2023-09-19T13:52:27.453+0000] {processor.py:157} INFO - Started process (PID=5075) to work on /home/airflow/.local/lib/python3.8/site-packages/airflow/example_dags/example_subdag_operator.py
[2023-09-19T13:52:27.454+0000] {processor.py:829} INFO - Processing file /home/airflow/.local/lib/python3.8/site-packages/airflow/example_dags/example_subdag_operator.py for tasks to queue
[2023-09-19T13:52:27.455+0000] {logging_mixin.py:151} INFO - [2023-09-19T13:52:27.454+0000] {dagbag.py:539} INFO - Filling up the DagBag from /home/airflow/.local/lib/python3.8/site-packages/airflow/example_dags/example_subdag_operator.py
[2023-09-19T13:52:27.477+0000] {processor.py:839} INFO - DAG(s) dict_keys(['example_subdag_operator.section-1', 'example_subdag_operator.section-2', 'example_subdag_operator']) retrieved from /home/airflow/.local/lib/python3.8/site-packages/airflow/example_dags/example_subdag_operator.py
[2023-09-19T13:52:27.489+0000] {logging_mixin.py:151} INFO - [2023-09-19T13:52:27.488+0000] {dag.py:2915} INFO - Sync 3 DAGs
[2023-09-19T13:52:27.506+0000] {logging_mixin.py:151} INFO - [2023-09-19T13:52:27.506+0000] {dag.py:3696} INFO - Setting next_dagrun for example_subdag_operator to 2022-01-01T00:00:00+00:00, run_after=2022-01-01T00:00:00+00:00
[2023-09-19T13:52:27.509+0000] {logging_mixin.py:151} INFO - [2023-09-19T13:52:27.509+0000] {dag.py:3696} INFO - Setting next_dagrun for example_subdag_operator.section-1 to None, run_after=None
[2023-09-19T13:52:27.509+0000] {logging_mixin.py:151} INFO - [2023-09-19T13:52:27.509+0000] {dag.py:3696} INFO - Setting next_dagrun for example_subdag_operator.section-2 to None, run_after=None
[2023-09-19T13:52:27.514+0000] {logging_mixin.py:151} INFO - [2023-09-19T13:52:27.513+0000] {dag.py:2915} INFO - Sync 2 DAGs
[2023-09-19T13:52:27.520+0000] {logging_mixin.py:151} INFO - [2023-09-19T13:52:27.520+0000] {dag.py:3696} INFO - Setting next_dagrun for example_subdag_operator.section-1 to None, run_after=None
[2023-09-19T13:52:27.520+0000] {logging_mixin.py:151} INFO - [2023-09-19T13:52:27.520+0000] {dag.py:3696} INFO - Setting next_dagrun for example_subdag_operator.section-2 to None, run_after=None
[2023-09-19T13:52:27.535+0000] {processor.py:179} INFO - Processing /home/airflow/.local/lib/python3.8/site-packages/airflow/example_dags/example_subdag_operator.py took 0.084 seconds
[2023-09-19T13:52:57.663+0000] {processor.py:157} INFO - Started process (PID=5314) to work on /home/airflow/.local/lib/python3.8/site-packages/airflow/example_dags/example_subdag_operator.py
[2023-09-19T13:52:57.664+0000] {processor.py:829} INFO - Processing file /home/airflow/.local/lib/python3.8/site-packages/airflow/example_dags/example_subdag_operator.py for tasks to queue
[2023-09-19T13:52:57.665+0000] {logging_mixin.py:151} INFO - [2023-09-19T13:52:57.665+0000] {dagbag.py:539} INFO - Filling up the DagBag from /home/airflow/.local/lib/python3.8/site-packages/airflow/example_dags/example_subdag_operator.py
[2023-09-19T13:52:57.686+0000] {processor.py:839} INFO - DAG(s) dict_keys(['example_subdag_operator.section-1', 'example_subdag_operator.section-2', 'example_subdag_operator']) retrieved from /home/airflow/.local/lib/python3.8/site-packages/airflow/example_dags/example_subdag_operator.py
[2023-09-19T13:52:57.697+0000] {logging_mixin.py:151} INFO - [2023-09-19T13:52:57.697+0000] {dag.py:2915} INFO - Sync 3 DAGs
[2023-09-19T13:52:57.712+0000] {logging_mixin.py:151} INFO - [2023-09-19T13:52:57.712+0000] {dag.py:3696} INFO - Setting next_dagrun for example_subdag_operator to 2022-01-01T00:00:00+00:00, run_after=2022-01-01T00:00:00+00:00
[2023-09-19T13:52:57.715+0000] {logging_mixin.py:151} INFO - [2023-09-19T13:52:57.715+0000] {dag.py:3696} INFO - Setting next_dagrun for example_subdag_operator.section-1 to None, run_after=None
[2023-09-19T13:52:57.716+0000] {logging_mixin.py:151} INFO - [2023-09-19T13:52:57.716+0000] {dag.py:3696} INFO - Setting next_dagrun for example_subdag_operator.section-2 to None, run_after=None
[2023-09-19T13:52:57.721+0000] {logging_mixin.py:151} INFO - [2023-09-19T13:52:57.721+0000] {dag.py:2915} INFO - Sync 2 DAGs
[2023-09-19T13:52:57.726+0000] {logging_mixin.py:151} INFO - [2023-09-19T13:52:57.725+0000] {dag.py:3696} INFO - Setting next_dagrun for example_subdag_operator.section-1 to None, run_after=None
[2023-09-19T13:52:57.726+0000] {logging_mixin.py:151} INFO - [2023-09-19T13:52:57.726+0000] {dag.py:3696} INFO - Setting next_dagrun for example_subdag_operator.section-2 to None, run_after=None
[2023-09-19T13:52:57.740+0000] {processor.py:179} INFO - Processing /home/airflow/.local/lib/python3.8/site-packages/airflow/example_dags/example_subdag_operator.py took 0.079 seconds
[2023-09-19T13:53:28.144+0000] {processor.py:157} INFO - Started process (PID=5554) to work on /home/airflow/.local/lib/python3.8/site-packages/airflow/example_dags/example_subdag_operator.py
[2023-09-19T13:53:28.146+0000] {processor.py:829} INFO - Processing file /home/airflow/.local/lib/python3.8/site-packages/airflow/example_dags/example_subdag_operator.py for tasks to queue
[2023-09-19T13:53:28.147+0000] {logging_mixin.py:151} INFO - [2023-09-19T13:53:28.147+0000] {dagbag.py:539} INFO - Filling up the DagBag from /home/airflow/.local/lib/python3.8/site-packages/airflow/example_dags/example_subdag_operator.py
[2023-09-19T13:53:28.172+0000] {processor.py:839} INFO - DAG(s) dict_keys(['example_subdag_operator.section-1', 'example_subdag_operator.section-2', 'example_subdag_operator']) retrieved from /home/airflow/.local/lib/python3.8/site-packages/airflow/example_dags/example_subdag_operator.py
[2023-09-19T13:53:28.184+0000] {logging_mixin.py:151} INFO - [2023-09-19T13:53:28.184+0000] {dag.py:2915} INFO - Sync 3 DAGs
[2023-09-19T13:53:28.206+0000] {logging_mixin.py:151} INFO - [2023-09-19T13:53:28.206+0000] {dag.py:3696} INFO - Setting next_dagrun for example_subdag_operator to 2022-01-01T00:00:00+00:00, run_after=2022-01-01T00:00:00+00:00
[2023-09-19T13:53:28.210+0000] {logging_mixin.py:151} INFO - [2023-09-19T13:53:28.210+0000] {dag.py:3696} INFO - Setting next_dagrun for example_subdag_operator.section-1 to None, run_after=None
[2023-09-19T13:53:28.212+0000] {logging_mixin.py:151} INFO - [2023-09-19T13:53:28.211+0000] {dag.py:3696} INFO - Setting next_dagrun for example_subdag_operator.section-2 to None, run_after=None
[2023-09-19T13:53:28.218+0000] {logging_mixin.py:151} INFO - [2023-09-19T13:53:28.217+0000] {dag.py:2915} INFO - Sync 2 DAGs
[2023-09-19T13:53:28.223+0000] {logging_mixin.py:151} INFO - [2023-09-19T13:53:28.223+0000] {dag.py:3696} INFO - Setting next_dagrun for example_subdag_operator.section-1 to None, run_after=None
[2023-09-19T13:53:28.223+0000] {logging_mixin.py:151} INFO - [2023-09-19T13:53:28.223+0000] {dag.py:3696} INFO - Setting next_dagrun for example_subdag_operator.section-2 to None, run_after=None
[2023-09-19T13:53:28.237+0000] {processor.py:179} INFO - Processing /home/airflow/.local/lib/python3.8/site-packages/airflow/example_dags/example_subdag_operator.py took 0.098 seconds
[2023-09-19T13:53:58.264+0000] {processor.py:157} INFO - Started process (PID=5790) to work on /home/airflow/.local/lib/python3.8/site-packages/airflow/example_dags/example_subdag_operator.py
[2023-09-19T13:53:58.265+0000] {processor.py:829} INFO - Processing file /home/airflow/.local/lib/python3.8/site-packages/airflow/example_dags/example_subdag_operator.py for tasks to queue
[2023-09-19T13:53:58.265+0000] {logging_mixin.py:151} INFO - [2023-09-19T13:53:58.265+0000] {dagbag.py:539} INFO - Filling up the DagBag from /home/airflow/.local/lib/python3.8/site-packages/airflow/example_dags/example_subdag_operator.py
[2023-09-19T13:53:58.284+0000] {processor.py:839} INFO - DAG(s) dict_keys(['example_subdag_operator.section-1', 'example_subdag_operator.section-2', 'example_subdag_operator']) retrieved from /home/airflow/.local/lib/python3.8/site-packages/airflow/example_dags/example_subdag_operator.py
[2023-09-19T13:53:58.297+0000] {logging_mixin.py:151} INFO - [2023-09-19T13:53:58.297+0000] {dag.py:2915} INFO - Sync 3 DAGs
[2023-09-19T13:53:58.319+0000] {logging_mixin.py:151} INFO - [2023-09-19T13:53:58.318+0000] {dag.py:3696} INFO - Setting next_dagrun for example_subdag_operator to 2022-01-01T00:00:00+00:00, run_after=2022-01-01T00:00:00+00:00
[2023-09-19T13:53:58.322+0000] {logging_mixin.py:151} INFO - [2023-09-19T13:53:58.322+0000] {dag.py:3696} INFO - Setting next_dagrun for example_subdag_operator.section-1 to None, run_after=None
[2023-09-19T13:53:58.323+0000] {logging_mixin.py:151} INFO - [2023-09-19T13:53:58.323+0000] {dag.py:3696} INFO - Setting next_dagrun for example_subdag_operator.section-2 to None, run_after=None
[2023-09-19T13:53:58.328+0000] {logging_mixin.py:151} INFO - [2023-09-19T13:53:58.328+0000] {dag.py:2915} INFO - Sync 2 DAGs
[2023-09-19T13:53:58.332+0000] {logging_mixin.py:151} INFO - [2023-09-19T13:53:58.332+0000] {dag.py:3696} INFO - Setting next_dagrun for example_subdag_operator.section-1 to None, run_after=None
[2023-09-19T13:53:58.332+0000] {logging_mixin.py:151} INFO - [2023-09-19T13:53:58.332+0000] {dag.py:3696} INFO - Setting next_dagrun for example_subdag_operator.section-2 to None, run_after=None
[2023-09-19T13:53:58.343+0000] {processor.py:179} INFO - Processing /home/airflow/.local/lib/python3.8/site-packages/airflow/example_dags/example_subdag_operator.py took 0.082 seconds
[2023-09-19T13:54:28.729+0000] {processor.py:157} INFO - Started process (PID=6030) to work on /home/airflow/.local/lib/python3.8/site-packages/airflow/example_dags/example_subdag_operator.py
[2023-09-19T13:54:28.731+0000] {processor.py:829} INFO - Processing file /home/airflow/.local/lib/python3.8/site-packages/airflow/example_dags/example_subdag_operator.py for tasks to queue
[2023-09-19T13:54:28.731+0000] {logging_mixin.py:151} INFO - [2023-09-19T13:54:28.731+0000] {dagbag.py:539} INFO - Filling up the DagBag from /home/airflow/.local/lib/python3.8/site-packages/airflow/example_dags/example_subdag_operator.py
[2023-09-19T13:54:28.752+0000] {processor.py:839} INFO - DAG(s) dict_keys(['example_subdag_operator.section-1', 'example_subdag_operator.section-2', 'example_subdag_operator']) retrieved from /home/airflow/.local/lib/python3.8/site-packages/airflow/example_dags/example_subdag_operator.py
[2023-09-19T13:54:28.764+0000] {logging_mixin.py:151} INFO - [2023-09-19T13:54:28.764+0000] {dag.py:2915} INFO - Sync 3 DAGs
[2023-09-19T13:54:28.780+0000] {logging_mixin.py:151} INFO - [2023-09-19T13:54:28.780+0000] {dag.py:3696} INFO - Setting next_dagrun for example_subdag_operator to 2022-01-01T00:00:00+00:00, run_after=2022-01-01T00:00:00+00:00
[2023-09-19T13:54:28.783+0000] {logging_mixin.py:151} INFO - [2023-09-19T13:54:28.783+0000] {dag.py:3696} INFO - Setting next_dagrun for example_subdag_operator.section-1 to None, run_after=None
[2023-09-19T13:54:28.784+0000] {logging_mixin.py:151} INFO - [2023-09-19T13:54:28.783+0000] {dag.py:3696} INFO - Setting next_dagrun for example_subdag_operator.section-2 to None, run_after=None
[2023-09-19T13:54:28.791+0000] {logging_mixin.py:151} INFO - [2023-09-19T13:54:28.791+0000] {dag.py:2915} INFO - Sync 2 DAGs
[2023-09-19T13:54:28.796+0000] {logging_mixin.py:151} INFO - [2023-09-19T13:54:28.796+0000] {dag.py:3696} INFO - Setting next_dagrun for example_subdag_operator.section-1 to None, run_after=None
[2023-09-19T13:54:28.796+0000] {logging_mixin.py:151} INFO - [2023-09-19T13:54:28.796+0000] {dag.py:3696} INFO - Setting next_dagrun for example_subdag_operator.section-2 to None, run_after=None
[2023-09-19T13:54:28.807+0000] {processor.py:179} INFO - Processing /home/airflow/.local/lib/python3.8/site-packages/airflow/example_dags/example_subdag_operator.py took 0.079 seconds
[2023-09-19T13:54:59.025+0000] {processor.py:157} INFO - Started process (PID=6266) to work on /home/airflow/.local/lib/python3.8/site-packages/airflow/example_dags/example_subdag_operator.py
[2023-09-19T13:54:59.026+0000] {processor.py:829} INFO - Processing file /home/airflow/.local/lib/python3.8/site-packages/airflow/example_dags/example_subdag_operator.py for tasks to queue
[2023-09-19T13:54:59.027+0000] {logging_mixin.py:151} INFO - [2023-09-19T13:54:59.026+0000] {dagbag.py:539} INFO - Filling up the DagBag from /home/airflow/.local/lib/python3.8/site-packages/airflow/example_dags/example_subdag_operator.py
[2023-09-19T13:54:59.045+0000] {processor.py:839} INFO - DAG(s) dict_keys(['example_subdag_operator.section-1', 'example_subdag_operator.section-2', 'example_subdag_operator']) retrieved from /home/airflow/.local/lib/python3.8/site-packages/airflow/example_dags/example_subdag_operator.py
[2023-09-19T13:54:59.058+0000] {logging_mixin.py:151} INFO - [2023-09-19T13:54:59.058+0000] {dag.py:2915} INFO - Sync 3 DAGs
[2023-09-19T13:54:59.079+0000] {logging_mixin.py:151} INFO - [2023-09-19T13:54:59.078+0000] {dag.py:3696} INFO - Setting next_dagrun for example_subdag_operator to 2022-01-01T00:00:00+00:00, run_after=2022-01-01T00:00:00+00:00
[2023-09-19T13:54:59.082+0000] {logging_mixin.py:151} INFO - [2023-09-19T13:54:59.082+0000] {dag.py:3696} INFO - Setting next_dagrun for example_subdag_operator.section-1 to None, run_after=None
[2023-09-19T13:54:59.084+0000] {logging_mixin.py:151} INFO - [2023-09-19T13:54:59.084+0000] {dag.py:3696} INFO - Setting next_dagrun for example_subdag_operator.section-2 to None, run_after=None
[2023-09-19T13:54:59.091+0000] {logging_mixin.py:151} INFO - [2023-09-19T13:54:59.091+0000] {dag.py:2915} INFO - Sync 2 DAGs
[2023-09-19T13:54:59.095+0000] {logging_mixin.py:151} INFO - [2023-09-19T13:54:59.095+0000] {dag.py:3696} INFO - Setting next_dagrun for example_subdag_operator.section-1 to None, run_after=None
[2023-09-19T13:54:59.096+0000] {logging_mixin.py:151} INFO - [2023-09-19T13:54:59.096+0000] {dag.py:3696} INFO - Setting next_dagrun for example_subdag_operator.section-2 to None, run_after=None
[2023-09-19T13:54:59.107+0000] {processor.py:179} INFO - Processing /home/airflow/.local/lib/python3.8/site-packages/airflow/example_dags/example_subdag_operator.py took 0.085 seconds
[2023-09-19T13:55:29.236+0000] {processor.py:157} INFO - Started process (PID=6504) to work on /home/airflow/.local/lib/python3.8/site-packages/airflow/example_dags/example_subdag_operator.py
[2023-09-19T13:55:29.236+0000] {processor.py:829} INFO - Processing file /home/airflow/.local/lib/python3.8/site-packages/airflow/example_dags/example_subdag_operator.py for tasks to queue
[2023-09-19T13:55:29.237+0000] {logging_mixin.py:151} INFO - [2023-09-19T13:55:29.237+0000] {dagbag.py:539} INFO - Filling up the DagBag from /home/airflow/.local/lib/python3.8/site-packages/airflow/example_dags/example_subdag_operator.py
[2023-09-19T13:55:29.256+0000] {processor.py:839} INFO - DAG(s) dict_keys(['example_subdag_operator.section-1', 'example_subdag_operator.section-2', 'example_subdag_operator']) retrieved from /home/airflow/.local/lib/python3.8/site-packages/airflow/example_dags/example_subdag_operator.py
[2023-09-19T13:55:29.268+0000] {logging_mixin.py:151} INFO - [2023-09-19T13:55:29.268+0000] {dag.py:2915} INFO - Sync 3 DAGs
[2023-09-19T13:55:29.283+0000] {logging_mixin.py:151} INFO - [2023-09-19T13:55:29.283+0000] {dag.py:3696} INFO - Setting next_dagrun for example_subdag_operator to 2022-01-01T00:00:00+00:00, run_after=2022-01-01T00:00:00+00:00
[2023-09-19T13:55:29.285+0000] {logging_mixin.py:151} INFO - [2023-09-19T13:55:29.285+0000] {dag.py:3696} INFO - Setting next_dagrun for example_subdag_operator.section-1 to None, run_after=None
[2023-09-19T13:55:29.286+0000] {logging_mixin.py:151} INFO - [2023-09-19T13:55:29.286+0000] {dag.py:3696} INFO - Setting next_dagrun for example_subdag_operator.section-2 to None, run_after=None
[2023-09-19T13:55:29.291+0000] {logging_mixin.py:151} INFO - [2023-09-19T13:55:29.291+0000] {dag.py:2915} INFO - Sync 2 DAGs
[2023-09-19T13:55:29.294+0000] {logging_mixin.py:151} INFO - [2023-09-19T13:55:29.294+0000] {dag.py:3696} INFO - Setting next_dagrun for example_subdag_operator.section-1 to None, run_after=None
[2023-09-19T13:55:29.294+0000] {logging_mixin.py:151} INFO - [2023-09-19T13:55:29.294+0000] {dag.py:3696} INFO - Setting next_dagrun for example_subdag_operator.section-2 to None, run_after=None
[2023-09-19T13:55:29.306+0000] {processor.py:179} INFO - Processing /home/airflow/.local/lib/python3.8/site-packages/airflow/example_dags/example_subdag_operator.py took 0.073 seconds
[2023-09-19T13:55:59.426+0000] {processor.py:157} INFO - Started process (PID=6742) to work on /home/airflow/.local/lib/python3.8/site-packages/airflow/example_dags/example_subdag_operator.py
[2023-09-19T13:55:59.427+0000] {processor.py:829} INFO - Processing file /home/airflow/.local/lib/python3.8/site-packages/airflow/example_dags/example_subdag_operator.py for tasks to queue
[2023-09-19T13:55:59.428+0000] {logging_mixin.py:151} INFO - [2023-09-19T13:55:59.428+0000] {dagbag.py:539} INFO - Filling up the DagBag from /home/airflow/.local/lib/python3.8/site-packages/airflow/example_dags/example_subdag_operator.py
[2023-09-19T13:55:59.449+0000] {processor.py:839} INFO - DAG(s) dict_keys(['example_subdag_operator.section-1', 'example_subdag_operator.section-2', 'example_subdag_operator']) retrieved from /home/airflow/.local/lib/python3.8/site-packages/airflow/example_dags/example_subdag_operator.py
[2023-09-19T13:55:59.461+0000] {logging_mixin.py:151} INFO - [2023-09-19T13:55:59.461+0000] {dag.py:2915} INFO - Sync 3 DAGs
[2023-09-19T13:55:59.477+0000] {logging_mixin.py:151} INFO - [2023-09-19T13:55:59.477+0000] {dag.py:3696} INFO - Setting next_dagrun for example_subdag_operator to 2022-01-01T00:00:00+00:00, run_after=2022-01-01T00:00:00+00:00
[2023-09-19T13:55:59.479+0000] {logging_mixin.py:151} INFO - [2023-09-19T13:55:59.479+0000] {dag.py:3696} INFO - Setting next_dagrun for example_subdag_operator.section-1 to None, run_after=None
[2023-09-19T13:55:59.480+0000] {logging_mixin.py:151} INFO - [2023-09-19T13:55:59.480+0000] {dag.py:3696} INFO - Setting next_dagrun for example_subdag_operator.section-2 to None, run_after=None
[2023-09-19T13:55:59.485+0000] {logging_mixin.py:151} INFO - [2023-09-19T13:55:59.484+0000] {dag.py:2915} INFO - Sync 2 DAGs
[2023-09-19T13:55:59.489+0000] {logging_mixin.py:151} INFO - [2023-09-19T13:55:59.488+0000] {dag.py:3696} INFO - Setting next_dagrun for example_subdag_operator.section-1 to None, run_after=None
[2023-09-19T13:55:59.489+0000] {logging_mixin.py:151} INFO - [2023-09-19T13:55:59.489+0000] {dag.py:3696} INFO - Setting next_dagrun for example_subdag_operator.section-2 to None, run_after=None
[2023-09-19T13:55:59.503+0000] {processor.py:179} INFO - Processing /home/airflow/.local/lib/python3.8/site-packages/airflow/example_dags/example_subdag_operator.py took 0.079 seconds
[2023-09-19T13:56:29.675+0000] {processor.py:157} INFO - Started process (PID=6980) to work on /home/airflow/.local/lib/python3.8/site-packages/airflow/example_dags/example_subdag_operator.py
[2023-09-19T13:56:29.677+0000] {processor.py:829} INFO - Processing file /home/airflow/.local/lib/python3.8/site-packages/airflow/example_dags/example_subdag_operator.py for tasks to queue
[2023-09-19T13:56:29.678+0000] {logging_mixin.py:151} INFO - [2023-09-19T13:56:29.678+0000] {dagbag.py:539} INFO - Filling up the DagBag from /home/airflow/.local/lib/python3.8/site-packages/airflow/example_dags/example_subdag_operator.py
[2023-09-19T13:56:29.705+0000] {processor.py:839} INFO - DAG(s) dict_keys(['example_subdag_operator.section-1', 'example_subdag_operator.section-2', 'example_subdag_operator']) retrieved from /home/airflow/.local/lib/python3.8/site-packages/airflow/example_dags/example_subdag_operator.py
[2023-09-19T13:56:29.719+0000] {logging_mixin.py:151} INFO - [2023-09-19T13:56:29.719+0000] {dag.py:2915} INFO - Sync 3 DAGs
[2023-09-19T13:56:29.736+0000] {logging_mixin.py:151} INFO - [2023-09-19T13:56:29.736+0000] {dag.py:3696} INFO - Setting next_dagrun for example_subdag_operator to 2022-01-01T00:00:00+00:00, run_after=2022-01-01T00:00:00+00:00
[2023-09-19T13:56:29.738+0000] {logging_mixin.py:151} INFO - [2023-09-19T13:56:29.738+0000] {dag.py:3696} INFO - Setting next_dagrun for example_subdag_operator.section-1 to None, run_after=None
[2023-09-19T13:56:29.739+0000] {logging_mixin.py:151} INFO - [2023-09-19T13:56:29.739+0000] {dag.py:3696} INFO - Setting next_dagrun for example_subdag_operator.section-2 to None, run_after=None
[2023-09-19T13:56:29.746+0000] {logging_mixin.py:151} INFO - [2023-09-19T13:56:29.746+0000] {dag.py:2915} INFO - Sync 2 DAGs
[2023-09-19T13:56:29.752+0000] {logging_mixin.py:151} INFO - [2023-09-19T13:56:29.752+0000] {dag.py:3696} INFO - Setting next_dagrun for example_subdag_operator.section-1 to None, run_after=None
[2023-09-19T13:56:29.752+0000] {logging_mixin.py:151} INFO - [2023-09-19T13:56:29.752+0000] {dag.py:3696} INFO - Setting next_dagrun for example_subdag_operator.section-2 to None, run_after=None
[2023-09-19T13:56:29.765+0000] {processor.py:179} INFO - Processing /home/airflow/.local/lib/python3.8/site-packages/airflow/example_dags/example_subdag_operator.py took 0.093 seconds
[2023-09-19T13:56:59.905+0000] {processor.py:157} INFO - Started process (PID=7218) to work on /home/airflow/.local/lib/python3.8/site-packages/airflow/example_dags/example_subdag_operator.py
[2023-09-19T13:56:59.907+0000] {processor.py:829} INFO - Processing file /home/airflow/.local/lib/python3.8/site-packages/airflow/example_dags/example_subdag_operator.py for tasks to queue
[2023-09-19T13:56:59.907+0000] {logging_mixin.py:151} INFO - [2023-09-19T13:56:59.907+0000] {dagbag.py:539} INFO - Filling up the DagBag from /home/airflow/.local/lib/python3.8/site-packages/airflow/example_dags/example_subdag_operator.py
[2023-09-19T13:56:59.929+0000] {processor.py:839} INFO - DAG(s) dict_keys(['example_subdag_operator.section-1', 'example_subdag_operator.section-2', 'example_subdag_operator']) retrieved from /home/airflow/.local/lib/python3.8/site-packages/airflow/example_dags/example_subdag_operator.py
[2023-09-19T13:56:59.942+0000] {logging_mixin.py:151} INFO - [2023-09-19T13:56:59.941+0000] {dag.py:2915} INFO - Sync 3 DAGs
[2023-09-19T13:56:59.958+0000] {logging_mixin.py:151} INFO - [2023-09-19T13:56:59.957+0000] {dag.py:3696} INFO - Setting next_dagrun for example_subdag_operator to 2022-01-01T00:00:00+00:00, run_after=2022-01-01T00:00:00+00:00
[2023-09-19T13:56:59.960+0000] {logging_mixin.py:151} INFO - [2023-09-19T13:56:59.960+0000] {dag.py:3696} INFO - Setting next_dagrun for example_subdag_operator.section-1 to None, run_after=None
[2023-09-19T13:56:59.961+0000] {logging_mixin.py:151} INFO - [2023-09-19T13:56:59.961+0000] {dag.py:3696} INFO - Setting next_dagrun for example_subdag_operator.section-2 to None, run_after=None
[2023-09-19T13:56:59.968+0000] {logging_mixin.py:151} INFO - [2023-09-19T13:56:59.968+0000] {dag.py:2915} INFO - Sync 2 DAGs
[2023-09-19T13:56:59.972+0000] {logging_mixin.py:151} INFO - [2023-09-19T13:56:59.971+0000] {dag.py:3696} INFO - Setting next_dagrun for example_subdag_operator.section-1 to None, run_after=None
[2023-09-19T13:56:59.972+0000] {logging_mixin.py:151} INFO - [2023-09-19T13:56:59.972+0000] {dag.py:3696} INFO - Setting next_dagrun for example_subdag_operator.section-2 to None, run_after=None
[2023-09-19T13:56:59.987+0000] {processor.py:179} INFO - Processing /home/airflow/.local/lib/python3.8/site-packages/airflow/example_dags/example_subdag_operator.py took 0.084 seconds
[2023-09-19T13:57:30.529+0000] {processor.py:157} INFO - Started process (PID=7456) to work on /home/airflow/.local/lib/python3.8/site-packages/airflow/example_dags/example_subdag_operator.py
[2023-09-19T13:57:30.530+0000] {processor.py:829} INFO - Processing file /home/airflow/.local/lib/python3.8/site-packages/airflow/example_dags/example_subdag_operator.py for tasks to queue
[2023-09-19T13:57:30.531+0000] {logging_mixin.py:151} INFO - [2023-09-19T13:57:30.530+0000] {dagbag.py:539} INFO - Filling up the DagBag from /home/airflow/.local/lib/python3.8/site-packages/airflow/example_dags/example_subdag_operator.py
[2023-09-19T13:57:30.551+0000] {processor.py:839} INFO - DAG(s) dict_keys(['example_subdag_operator.section-1', 'example_subdag_operator.section-2', 'example_subdag_operator']) retrieved from /home/airflow/.local/lib/python3.8/site-packages/airflow/example_dags/example_subdag_operator.py
[2023-09-19T13:57:30.567+0000] {logging_mixin.py:151} INFO - [2023-09-19T13:57:30.567+0000] {dag.py:2915} INFO - Sync 3 DAGs
[2023-09-19T13:57:30.585+0000] {logging_mixin.py:151} INFO - [2023-09-19T13:57:30.585+0000] {dag.py:3696} INFO - Setting next_dagrun for example_subdag_operator to 2022-01-01T00:00:00+00:00, run_after=2022-01-01T00:00:00+00:00
[2023-09-19T13:57:30.588+0000] {logging_mixin.py:151} INFO - [2023-09-19T13:57:30.588+0000] {dag.py:3696} INFO - Setting next_dagrun for example_subdag_operator.section-1 to None, run_after=None
[2023-09-19T13:57:30.589+0000] {logging_mixin.py:151} INFO - [2023-09-19T13:57:30.589+0000] {dag.py:3696} INFO - Setting next_dagrun for example_subdag_operator.section-2 to None, run_after=None
[2023-09-19T13:57:30.596+0000] {logging_mixin.py:151} INFO - [2023-09-19T13:57:30.595+0000] {dag.py:2915} INFO - Sync 2 DAGs
[2023-09-19T13:57:30.599+0000] {logging_mixin.py:151} INFO - [2023-09-19T13:57:30.599+0000] {dag.py:3696} INFO - Setting next_dagrun for example_subdag_operator.section-1 to None, run_after=None
[2023-09-19T13:57:30.600+0000] {logging_mixin.py:151} INFO - [2023-09-19T13:57:30.600+0000] {dag.py:3696} INFO - Setting next_dagrun for example_subdag_operator.section-2 to None, run_after=None
[2023-09-19T13:57:30.614+0000] {processor.py:179} INFO - Processing /home/airflow/.local/lib/python3.8/site-packages/airflow/example_dags/example_subdag_operator.py took 0.088 seconds
[2023-09-19T13:58:00.726+0000] {processor.py:157} INFO - Started process (PID=7695) to work on /home/airflow/.local/lib/python3.8/site-packages/airflow/example_dags/example_subdag_operator.py
[2023-09-19T13:58:00.727+0000] {processor.py:829} INFO - Processing file /home/airflow/.local/lib/python3.8/site-packages/airflow/example_dags/example_subdag_operator.py for tasks to queue
[2023-09-19T13:58:00.728+0000] {logging_mixin.py:151} INFO - [2023-09-19T13:58:00.728+0000] {dagbag.py:539} INFO - Filling up the DagBag from /home/airflow/.local/lib/python3.8/site-packages/airflow/example_dags/example_subdag_operator.py
[2023-09-19T13:58:00.747+0000] {processor.py:839} INFO - DAG(s) dict_keys(['example_subdag_operator.section-1', 'example_subdag_operator.section-2', 'example_subdag_operator']) retrieved from /home/airflow/.local/lib/python3.8/site-packages/airflow/example_dags/example_subdag_operator.py
[2023-09-19T13:58:00.761+0000] {logging_mixin.py:151} INFO - [2023-09-19T13:58:00.761+0000] {dag.py:2915} INFO - Sync 3 DAGs
[2023-09-19T13:58:00.778+0000] {logging_mixin.py:151} INFO - [2023-09-19T13:58:00.778+0000] {dag.py:3696} INFO - Setting next_dagrun for example_subdag_operator to 2022-01-01T00:00:00+00:00, run_after=2022-01-01T00:00:00+00:00
[2023-09-19T13:58:00.781+0000] {logging_mixin.py:151} INFO - [2023-09-19T13:58:00.781+0000] {dag.py:3696} INFO - Setting next_dagrun for example_subdag_operator.section-1 to None, run_after=None
[2023-09-19T13:58:00.782+0000] {logging_mixin.py:151} INFO - [2023-09-19T13:58:00.782+0000] {dag.py:3696} INFO - Setting next_dagrun for example_subdag_operator.section-2 to None, run_after=None
[2023-09-19T13:58:00.788+0000] {logging_mixin.py:151} INFO - [2023-09-19T13:58:00.788+0000] {dag.py:2915} INFO - Sync 2 DAGs
[2023-09-19T13:58:00.792+0000] {logging_mixin.py:151} INFO - [2023-09-19T13:58:00.792+0000] {dag.py:3696} INFO - Setting next_dagrun for example_subdag_operator.section-1 to None, run_after=None
[2023-09-19T13:58:00.792+0000] {logging_mixin.py:151} INFO - [2023-09-19T13:58:00.792+0000] {dag.py:3696} INFO - Setting next_dagrun for example_subdag_operator.section-2 to None, run_after=None
[2023-09-19T13:58:00.804+0000] {processor.py:179} INFO - Processing /home/airflow/.local/lib/python3.8/site-packages/airflow/example_dags/example_subdag_operator.py took 0.079 seconds
[2023-09-19T13:58:30.984+0000] {processor.py:157} INFO - Started process (PID=7933) to work on /home/airflow/.local/lib/python3.8/site-packages/airflow/example_dags/example_subdag_operator.py
[2023-09-19T13:58:30.985+0000] {processor.py:829} INFO - Processing file /home/airflow/.local/lib/python3.8/site-packages/airflow/example_dags/example_subdag_operator.py for tasks to queue
[2023-09-19T13:58:30.986+0000] {logging_mixin.py:151} INFO - [2023-09-19T13:58:30.986+0000] {dagbag.py:539} INFO - Filling up the DagBag from /home/airflow/.local/lib/python3.8/site-packages/airflow/example_dags/example_subdag_operator.py
[2023-09-19T13:58:31.005+0000] {processor.py:839} INFO - DAG(s) dict_keys(['example_subdag_operator.section-1', 'example_subdag_operator.section-2', 'example_subdag_operator']) retrieved from /home/airflow/.local/lib/python3.8/site-packages/airflow/example_dags/example_subdag_operator.py
[2023-09-19T13:58:31.019+0000] {logging_mixin.py:151} INFO - [2023-09-19T13:58:31.019+0000] {dag.py:2915} INFO - Sync 3 DAGs
[2023-09-19T13:58:31.036+0000] {logging_mixin.py:151} INFO - [2023-09-19T13:58:31.036+0000] {dag.py:3696} INFO - Setting next_dagrun for example_subdag_operator to 2022-01-01T00:00:00+00:00, run_after=2022-01-01T00:00:00+00:00
[2023-09-19T13:58:31.039+0000] {logging_mixin.py:151} INFO - [2023-09-19T13:58:31.039+0000] {dag.py:3696} INFO - Setting next_dagrun for example_subdag_operator.section-1 to None, run_after=None
[2023-09-19T13:58:31.040+0000] {logging_mixin.py:151} INFO - [2023-09-19T13:58:31.040+0000] {dag.py:3696} INFO - Setting next_dagrun for example_subdag_operator.section-2 to None, run_after=None
[2023-09-19T13:58:31.045+0000] {logging_mixin.py:151} INFO - [2023-09-19T13:58:31.045+0000] {dag.py:2915} INFO - Sync 2 DAGs
[2023-09-19T13:58:31.048+0000] {logging_mixin.py:151} INFO - [2023-09-19T13:58:31.048+0000] {dag.py:3696} INFO - Setting next_dagrun for example_subdag_operator.section-1 to None, run_after=None
[2023-09-19T13:58:31.048+0000] {logging_mixin.py:151} INFO - [2023-09-19T13:58:31.048+0000] {dag.py:3696} INFO - Setting next_dagrun for example_subdag_operator.section-2 to None, run_after=None
[2023-09-19T13:58:31.060+0000] {processor.py:179} INFO - Processing /home/airflow/.local/lib/python3.8/site-packages/airflow/example_dags/example_subdag_operator.py took 0.079 seconds
[2023-09-19T13:59:01.104+0000] {processor.py:157} INFO - Started process (PID=8166) to work on /home/airflow/.local/lib/python3.8/site-packages/airflow/example_dags/example_subdag_operator.py
[2023-09-19T13:59:01.105+0000] {processor.py:829} INFO - Processing file /home/airflow/.local/lib/python3.8/site-packages/airflow/example_dags/example_subdag_operator.py for tasks to queue
[2023-09-19T13:59:01.105+0000] {logging_mixin.py:151} INFO - [2023-09-19T13:59:01.105+0000] {dagbag.py:539} INFO - Filling up the DagBag from /home/airflow/.local/lib/python3.8/site-packages/airflow/example_dags/example_subdag_operator.py
[2023-09-19T13:59:01.124+0000] {processor.py:839} INFO - DAG(s) dict_keys(['example_subdag_operator.section-1', 'example_subdag_operator.section-2', 'example_subdag_operator']) retrieved from /home/airflow/.local/lib/python3.8/site-packages/airflow/example_dags/example_subdag_operator.py
[2023-09-19T13:59:01.137+0000] {logging_mixin.py:151} INFO - [2023-09-19T13:59:01.136+0000] {dag.py:2915} INFO - Sync 3 DAGs
[2023-09-19T13:59:01.152+0000] {logging_mixin.py:151} INFO - [2023-09-19T13:59:01.152+0000] {dag.py:3696} INFO - Setting next_dagrun for example_subdag_operator to 2022-01-01T00:00:00+00:00, run_after=2022-01-01T00:00:00+00:00
[2023-09-19T13:59:01.156+0000] {logging_mixin.py:151} INFO - [2023-09-19T13:59:01.155+0000] {dag.py:3696} INFO - Setting next_dagrun for example_subdag_operator.section-1 to None, run_after=None
[2023-09-19T13:59:01.156+0000] {logging_mixin.py:151} INFO - [2023-09-19T13:59:01.156+0000] {dag.py:3696} INFO - Setting next_dagrun for example_subdag_operator.section-2 to None, run_after=None
[2023-09-19T13:59:01.161+0000] {logging_mixin.py:151} INFO - [2023-09-19T13:59:01.161+0000] {dag.py:2915} INFO - Sync 2 DAGs
[2023-09-19T13:59:01.166+0000] {logging_mixin.py:151} INFO - [2023-09-19T13:59:01.166+0000] {dag.py:3696} INFO - Setting next_dagrun for example_subdag_operator.section-1 to None, run_after=None
[2023-09-19T13:59:01.166+0000] {logging_mixin.py:151} INFO - [2023-09-19T13:59:01.166+0000] {dag.py:3696} INFO - Setting next_dagrun for example_subdag_operator.section-2 to None, run_after=None
[2023-09-19T13:59:01.179+0000] {processor.py:179} INFO - Processing /home/airflow/.local/lib/python3.8/site-packages/airflow/example_dags/example_subdag_operator.py took 0.078 seconds
[2023-09-19T13:59:31.243+0000] {processor.py:157} INFO - Started process (PID=8404) to work on /home/airflow/.local/lib/python3.8/site-packages/airflow/example_dags/example_subdag_operator.py
[2023-09-19T13:59:31.245+0000] {processor.py:829} INFO - Processing file /home/airflow/.local/lib/python3.8/site-packages/airflow/example_dags/example_subdag_operator.py for tasks to queue
[2023-09-19T13:59:31.246+0000] {logging_mixin.py:151} INFO - [2023-09-19T13:59:31.246+0000] {dagbag.py:539} INFO - Filling up the DagBag from /home/airflow/.local/lib/python3.8/site-packages/airflow/example_dags/example_subdag_operator.py
[2023-09-19T13:59:31.264+0000] {processor.py:839} INFO - DAG(s) dict_keys(['example_subdag_operator.section-1', 'example_subdag_operator.section-2', 'example_subdag_operator']) retrieved from /home/airflow/.local/lib/python3.8/site-packages/airflow/example_dags/example_subdag_operator.py
[2023-09-19T13:59:31.279+0000] {logging_mixin.py:151} INFO - [2023-09-19T13:59:31.279+0000] {dag.py:2915} INFO - Sync 3 DAGs
[2023-09-19T13:59:31.295+0000] {logging_mixin.py:151} INFO - [2023-09-19T13:59:31.294+0000] {dag.py:3696} INFO - Setting next_dagrun for example_subdag_operator to 2022-01-01T00:00:00+00:00, run_after=2022-01-01T00:00:00+00:00
[2023-09-19T13:59:31.298+0000] {logging_mixin.py:151} INFO - [2023-09-19T13:59:31.298+0000] {dag.py:3696} INFO - Setting next_dagrun for example_subdag_operator.section-1 to None, run_after=None
[2023-09-19T13:59:31.299+0000] {logging_mixin.py:151} INFO - [2023-09-19T13:59:31.299+0000] {dag.py:3696} INFO - Setting next_dagrun for example_subdag_operator.section-2 to None, run_after=None
[2023-09-19T13:59:31.304+0000] {logging_mixin.py:151} INFO - [2023-09-19T13:59:31.304+0000] {dag.py:2915} INFO - Sync 2 DAGs
[2023-09-19T13:59:31.308+0000] {logging_mixin.py:151} INFO - [2023-09-19T13:59:31.308+0000] {dag.py:3696} INFO - Setting next_dagrun for example_subdag_operator.section-1 to None, run_after=None
[2023-09-19T13:59:31.308+0000] {logging_mixin.py:151} INFO - [2023-09-19T13:59:31.308+0000] {dag.py:3696} INFO - Setting next_dagrun for example_subdag_operator.section-2 to None, run_after=None
[2023-09-19T13:59:31.319+0000] {processor.py:179} INFO - Processing /home/airflow/.local/lib/python3.8/site-packages/airflow/example_dags/example_subdag_operator.py took 0.078 seconds
