[2023-09-19T13:42:10.316+0000] {processor.py:157} INFO - Started process (PID=355) to work on /home/airflow/.local/lib/python3.8/site-packages/airflow/example_dags/example_dynamic_task_mapping_with_no_taskflow_operators.py
[2023-09-19T13:42:10.317+0000] {processor.py:829} INFO - Processing file /home/airflow/.local/lib/python3.8/site-packages/airflow/example_dags/example_dynamic_task_mapping_with_no_taskflow_operators.py for tasks to queue
[2023-09-19T13:42:10.317+0000] {logging_mixin.py:151} INFO - [2023-09-19T13:42:10.317+0000] {dagbag.py:539} INFO - Filling up the DagBag from /home/airflow/.local/lib/python3.8/site-packages/airflow/example_dags/example_dynamic_task_mapping_with_no_taskflow_operators.py
[2023-09-19T13:42:10.324+0000] {processor.py:839} INFO - DAG(s) dict_keys(['example_dynamic_task_mapping_with_no_taskflow_operators']) retrieved from /home/airflow/.local/lib/python3.8/site-packages/airflow/example_dags/example_dynamic_task_mapping_with_no_taskflow_operators.py
[2023-09-19T13:42:10.343+0000] {logging_mixin.py:151} INFO - [2023-09-19T13:42:10.343+0000] {dag.py:2915} INFO - Sync 1 DAGs
[2023-09-19T13:42:10.367+0000] {logging_mixin.py:151} INFO - [2023-09-19T13:42:10.366+0000] {dag.py:3696} INFO - Setting next_dagrun for example_dynamic_task_mapping_with_no_taskflow_operators to 2023-09-18T13:42:10.365298+00:00, run_after=2023-09-19T13:42:10.365298+00:00
[2023-09-19T13:42:10.391+0000] {processor.py:179} INFO - Processing /home/airflow/.local/lib/python3.8/site-packages/airflow/example_dags/example_dynamic_task_mapping_with_no_taskflow_operators.py took 0.077 seconds
[2023-09-19T13:42:48.743+0000] {processor.py:157} INFO - Started process (PID=595) to work on /home/airflow/.local/lib/python3.8/site-packages/airflow/example_dags/example_dynamic_task_mapping_with_no_taskflow_operators.py
[2023-09-19T13:42:48.745+0000] {processor.py:829} INFO - Processing file /home/airflow/.local/lib/python3.8/site-packages/airflow/example_dags/example_dynamic_task_mapping_with_no_taskflow_operators.py for tasks to queue
[2023-09-19T13:42:48.746+0000] {logging_mixin.py:151} INFO - [2023-09-19T13:42:48.745+0000] {dagbag.py:539} INFO - Filling up the DagBag from /home/airflow/.local/lib/python3.8/site-packages/airflow/example_dags/example_dynamic_task_mapping_with_no_taskflow_operators.py
[2023-09-19T13:42:48.753+0000] {processor.py:839} INFO - DAG(s) dict_keys(['example_dynamic_task_mapping_with_no_taskflow_operators']) retrieved from /home/airflow/.local/lib/python3.8/site-packages/airflow/example_dags/example_dynamic_task_mapping_with_no_taskflow_operators.py
[2023-09-19T13:42:48.769+0000] {logging_mixin.py:151} INFO - [2023-09-19T13:42:48.769+0000] {dag.py:2915} INFO - Sync 1 DAGs
[2023-09-19T13:42:48.941+0000] {logging_mixin.py:151} INFO - [2023-09-19T13:42:48.941+0000] {dag.py:3696} INFO - Setting next_dagrun for example_dynamic_task_mapping_with_no_taskflow_operators to 2023-09-18T13:42:48.941680+00:00, run_after=2023-09-19T13:42:48.941680+00:00
[2023-09-19T13:42:48.959+0000] {processor.py:179} INFO - Processing /home/airflow/.local/lib/python3.8/site-packages/airflow/example_dags/example_dynamic_task_mapping_with_no_taskflow_operators.py took 0.220 seconds
[2023-09-19T13:43:19.317+0000] {processor.py:157} INFO - Started process (PID=833) to work on /home/airflow/.local/lib/python3.8/site-packages/airflow/example_dags/example_dynamic_task_mapping_with_no_taskflow_operators.py
[2023-09-19T13:43:19.318+0000] {processor.py:829} INFO - Processing file /home/airflow/.local/lib/python3.8/site-packages/airflow/example_dags/example_dynamic_task_mapping_with_no_taskflow_operators.py for tasks to queue
[2023-09-19T13:43:19.319+0000] {logging_mixin.py:151} INFO - [2023-09-19T13:43:19.318+0000] {dagbag.py:539} INFO - Filling up the DagBag from /home/airflow/.local/lib/python3.8/site-packages/airflow/example_dags/example_dynamic_task_mapping_with_no_taskflow_operators.py
[2023-09-19T13:43:19.323+0000] {processor.py:839} INFO - DAG(s) dict_keys(['example_dynamic_task_mapping_with_no_taskflow_operators']) retrieved from /home/airflow/.local/lib/python3.8/site-packages/airflow/example_dags/example_dynamic_task_mapping_with_no_taskflow_operators.py
[2023-09-19T13:43:19.339+0000] {logging_mixin.py:151} INFO - [2023-09-19T13:43:19.338+0000] {dag.py:2915} INFO - Sync 1 DAGs
[2023-09-19T13:43:19.354+0000] {logging_mixin.py:151} INFO - [2023-09-19T13:43:19.353+0000] {dag.py:3696} INFO - Setting next_dagrun for example_dynamic_task_mapping_with_no_taskflow_operators to 2023-09-18T13:43:19.353754+00:00, run_after=2023-09-19T13:43:19.353754+00:00
[2023-09-19T13:43:19.366+0000] {processor.py:179} INFO - Processing /home/airflow/.local/lib/python3.8/site-packages/airflow/example_dags/example_dynamic_task_mapping_with_no_taskflow_operators.py took 0.051 seconds
[2023-09-19T13:43:49.641+0000] {processor.py:157} INFO - Started process (PID=1069) to work on /home/airflow/.local/lib/python3.8/site-packages/airflow/example_dags/example_dynamic_task_mapping_with_no_taskflow_operators.py
[2023-09-19T13:43:49.642+0000] {processor.py:829} INFO - Processing file /home/airflow/.local/lib/python3.8/site-packages/airflow/example_dags/example_dynamic_task_mapping_with_no_taskflow_operators.py for tasks to queue
[2023-09-19T13:43:49.642+0000] {logging_mixin.py:151} INFO - [2023-09-19T13:43:49.642+0000] {dagbag.py:539} INFO - Filling up the DagBag from /home/airflow/.local/lib/python3.8/site-packages/airflow/example_dags/example_dynamic_task_mapping_with_no_taskflow_operators.py
[2023-09-19T13:43:49.646+0000] {processor.py:839} INFO - DAG(s) dict_keys(['example_dynamic_task_mapping_with_no_taskflow_operators']) retrieved from /home/airflow/.local/lib/python3.8/site-packages/airflow/example_dags/example_dynamic_task_mapping_with_no_taskflow_operators.py
[2023-09-19T13:43:49.659+0000] {logging_mixin.py:151} INFO - [2023-09-19T13:43:49.659+0000] {dag.py:2915} INFO - Sync 1 DAGs
[2023-09-19T13:43:49.676+0000] {logging_mixin.py:151} INFO - [2023-09-19T13:43:49.676+0000] {dag.py:3696} INFO - Setting next_dagrun for example_dynamic_task_mapping_with_no_taskflow_operators to 2023-09-18T13:43:49.675873+00:00, run_after=2023-09-19T13:43:49.675873+00:00
[2023-09-19T13:43:49.689+0000] {processor.py:179} INFO - Processing /home/airflow/.local/lib/python3.8/site-packages/airflow/example_dags/example_dynamic_task_mapping_with_no_taskflow_operators.py took 0.050 seconds
[2023-09-19T13:44:19.842+0000] {processor.py:157} INFO - Started process (PID=1307) to work on /home/airflow/.local/lib/python3.8/site-packages/airflow/example_dags/example_dynamic_task_mapping_with_no_taskflow_operators.py
[2023-09-19T13:44:19.844+0000] {processor.py:829} INFO - Processing file /home/airflow/.local/lib/python3.8/site-packages/airflow/example_dags/example_dynamic_task_mapping_with_no_taskflow_operators.py for tasks to queue
[2023-09-19T13:44:19.845+0000] {logging_mixin.py:151} INFO - [2023-09-19T13:44:19.844+0000] {dagbag.py:539} INFO - Filling up the DagBag from /home/airflow/.local/lib/python3.8/site-packages/airflow/example_dags/example_dynamic_task_mapping_with_no_taskflow_operators.py
[2023-09-19T13:44:19.850+0000] {processor.py:839} INFO - DAG(s) dict_keys(['example_dynamic_task_mapping_with_no_taskflow_operators']) retrieved from /home/airflow/.local/lib/python3.8/site-packages/airflow/example_dags/example_dynamic_task_mapping_with_no_taskflow_operators.py
[2023-09-19T13:44:19.866+0000] {logging_mixin.py:151} INFO - [2023-09-19T13:44:19.866+0000] {dag.py:2915} INFO - Sync 1 DAGs
[2023-09-19T13:44:19.884+0000] {logging_mixin.py:151} INFO - [2023-09-19T13:44:19.884+0000] {dag.py:3696} INFO - Setting next_dagrun for example_dynamic_task_mapping_with_no_taskflow_operators to 2023-09-18T13:44:19.884429+00:00, run_after=2023-09-19T13:44:19.884429+00:00
[2023-09-19T13:44:19.904+0000] {processor.py:179} INFO - Processing /home/airflow/.local/lib/python3.8/site-packages/airflow/example_dags/example_dynamic_task_mapping_with_no_taskflow_operators.py took 0.065 seconds
[2023-09-19T13:44:50.352+0000] {processor.py:157} INFO - Started process (PID=1545) to work on /home/airflow/.local/lib/python3.8/site-packages/airflow/example_dags/example_dynamic_task_mapping_with_no_taskflow_operators.py
[2023-09-19T13:44:50.353+0000] {processor.py:829} INFO - Processing file /home/airflow/.local/lib/python3.8/site-packages/airflow/example_dags/example_dynamic_task_mapping_with_no_taskflow_operators.py for tasks to queue
[2023-09-19T13:44:50.353+0000] {logging_mixin.py:151} INFO - [2023-09-19T13:44:50.353+0000] {dagbag.py:539} INFO - Filling up the DagBag from /home/airflow/.local/lib/python3.8/site-packages/airflow/example_dags/example_dynamic_task_mapping_with_no_taskflow_operators.py
[2023-09-19T13:44:50.359+0000] {processor.py:839} INFO - DAG(s) dict_keys(['example_dynamic_task_mapping_with_no_taskflow_operators']) retrieved from /home/airflow/.local/lib/python3.8/site-packages/airflow/example_dags/example_dynamic_task_mapping_with_no_taskflow_operators.py
[2023-09-19T13:44:50.378+0000] {logging_mixin.py:151} INFO - [2023-09-19T13:44:50.378+0000] {dag.py:2915} INFO - Sync 1 DAGs
[2023-09-19T13:44:50.398+0000] {logging_mixin.py:151} INFO - [2023-09-19T13:44:50.398+0000] {dag.py:3696} INFO - Setting next_dagrun for example_dynamic_task_mapping_with_no_taskflow_operators to 2023-09-18T13:44:50.397796+00:00, run_after=2023-09-19T13:44:50.397796+00:00
[2023-09-19T13:44:50.415+0000] {processor.py:179} INFO - Processing /home/airflow/.local/lib/python3.8/site-packages/airflow/example_dags/example_dynamic_task_mapping_with_no_taskflow_operators.py took 0.066 seconds
[2023-09-19T13:45:20.657+0000] {processor.py:157} INFO - Started process (PID=1779) to work on /home/airflow/.local/lib/python3.8/site-packages/airflow/example_dags/example_dynamic_task_mapping_with_no_taskflow_operators.py
[2023-09-19T13:45:20.658+0000] {processor.py:829} INFO - Processing file /home/airflow/.local/lib/python3.8/site-packages/airflow/example_dags/example_dynamic_task_mapping_with_no_taskflow_operators.py for tasks to queue
[2023-09-19T13:45:20.658+0000] {logging_mixin.py:151} INFO - [2023-09-19T13:45:20.658+0000] {dagbag.py:539} INFO - Filling up the DagBag from /home/airflow/.local/lib/python3.8/site-packages/airflow/example_dags/example_dynamic_task_mapping_with_no_taskflow_operators.py
[2023-09-19T13:45:20.664+0000] {processor.py:839} INFO - DAG(s) dict_keys(['example_dynamic_task_mapping_with_no_taskflow_operators']) retrieved from /home/airflow/.local/lib/python3.8/site-packages/airflow/example_dags/example_dynamic_task_mapping_with_no_taskflow_operators.py
[2023-09-19T13:45:20.673+0000] {logging_mixin.py:151} INFO - [2023-09-19T13:45:20.673+0000] {dag.py:2915} INFO - Sync 1 DAGs
[2023-09-19T13:45:20.695+0000] {logging_mixin.py:151} INFO - [2023-09-19T13:45:20.694+0000] {dag.py:3696} INFO - Setting next_dagrun for example_dynamic_task_mapping_with_no_taskflow_operators to 2023-09-18T13:45:20.694699+00:00, run_after=2023-09-19T13:45:20.694699+00:00
[2023-09-19T13:45:20.721+0000] {processor.py:179} INFO - Processing /home/airflow/.local/lib/python3.8/site-packages/airflow/example_dags/example_dynamic_task_mapping_with_no_taskflow_operators.py took 0.067 seconds
[2023-09-19T13:45:51.089+0000] {processor.py:157} INFO - Started process (PID=2017) to work on /home/airflow/.local/lib/python3.8/site-packages/airflow/example_dags/example_dynamic_task_mapping_with_no_taskflow_operators.py
[2023-09-19T13:45:51.090+0000] {processor.py:829} INFO - Processing file /home/airflow/.local/lib/python3.8/site-packages/airflow/example_dags/example_dynamic_task_mapping_with_no_taskflow_operators.py for tasks to queue
[2023-09-19T13:45:51.090+0000] {logging_mixin.py:151} INFO - [2023-09-19T13:45:51.090+0000] {dagbag.py:539} INFO - Filling up the DagBag from /home/airflow/.local/lib/python3.8/site-packages/airflow/example_dags/example_dynamic_task_mapping_with_no_taskflow_operators.py
[2023-09-19T13:45:51.096+0000] {processor.py:839} INFO - DAG(s) dict_keys(['example_dynamic_task_mapping_with_no_taskflow_operators']) retrieved from /home/airflow/.local/lib/python3.8/site-packages/airflow/example_dags/example_dynamic_task_mapping_with_no_taskflow_operators.py
[2023-09-19T13:45:51.110+0000] {logging_mixin.py:151} INFO - [2023-09-19T13:45:51.109+0000] {dag.py:2915} INFO - Sync 1 DAGs
[2023-09-19T13:45:51.125+0000] {logging_mixin.py:151} INFO - [2023-09-19T13:45:51.125+0000] {dag.py:3696} INFO - Setting next_dagrun for example_dynamic_task_mapping_with_no_taskflow_operators to 2023-09-18T13:45:51.125064+00:00, run_after=2023-09-19T13:45:51.125064+00:00
[2023-09-19T13:45:51.145+0000] {processor.py:179} INFO - Processing /home/airflow/.local/lib/python3.8/site-packages/airflow/example_dags/example_dynamic_task_mapping_with_no_taskflow_operators.py took 0.058 seconds
[2023-09-19T13:46:21.649+0000] {processor.py:157} INFO - Started process (PID=2255) to work on /home/airflow/.local/lib/python3.8/site-packages/airflow/example_dags/example_dynamic_task_mapping_with_no_taskflow_operators.py
[2023-09-19T13:46:21.650+0000] {processor.py:829} INFO - Processing file /home/airflow/.local/lib/python3.8/site-packages/airflow/example_dags/example_dynamic_task_mapping_with_no_taskflow_operators.py for tasks to queue
[2023-09-19T13:46:21.651+0000] {logging_mixin.py:151} INFO - [2023-09-19T13:46:21.651+0000] {dagbag.py:539} INFO - Filling up the DagBag from /home/airflow/.local/lib/python3.8/site-packages/airflow/example_dags/example_dynamic_task_mapping_with_no_taskflow_operators.py
[2023-09-19T13:46:21.656+0000] {processor.py:839} INFO - DAG(s) dict_keys(['example_dynamic_task_mapping_with_no_taskflow_operators']) retrieved from /home/airflow/.local/lib/python3.8/site-packages/airflow/example_dags/example_dynamic_task_mapping_with_no_taskflow_operators.py
[2023-09-19T13:46:21.674+0000] {logging_mixin.py:151} INFO - [2023-09-19T13:46:21.674+0000] {dag.py:2915} INFO - Sync 1 DAGs
[2023-09-19T13:46:21.693+0000] {logging_mixin.py:151} INFO - [2023-09-19T13:46:21.692+0000] {dag.py:3696} INFO - Setting next_dagrun for example_dynamic_task_mapping_with_no_taskflow_operators to 2023-09-18T13:46:21.692641+00:00, run_after=2023-09-19T13:46:21.692641+00:00
[2023-09-19T13:46:21.708+0000] {processor.py:179} INFO - Processing /home/airflow/.local/lib/python3.8/site-packages/airflow/example_dags/example_dynamic_task_mapping_with_no_taskflow_operators.py took 0.062 seconds
[2023-09-19T13:46:52.884+0000] {processor.py:157} INFO - Started process (PID=2498) to work on /home/airflow/.local/lib/python3.8/site-packages/airflow/example_dags/example_dynamic_task_mapping_with_no_taskflow_operators.py
[2023-09-19T13:46:52.886+0000] {processor.py:829} INFO - Processing file /home/airflow/.local/lib/python3.8/site-packages/airflow/example_dags/example_dynamic_task_mapping_with_no_taskflow_operators.py for tasks to queue
[2023-09-19T13:46:52.886+0000] {logging_mixin.py:151} INFO - [2023-09-19T13:46:52.886+0000] {dagbag.py:539} INFO - Filling up the DagBag from /home/airflow/.local/lib/python3.8/site-packages/airflow/example_dags/example_dynamic_task_mapping_with_no_taskflow_operators.py
[2023-09-19T13:46:52.891+0000] {processor.py:839} INFO - DAG(s) dict_keys(['example_dynamic_task_mapping_with_no_taskflow_operators']) retrieved from /home/airflow/.local/lib/python3.8/site-packages/airflow/example_dags/example_dynamic_task_mapping_with_no_taskflow_operators.py
[2023-09-19T13:46:52.909+0000] {logging_mixin.py:151} INFO - [2023-09-19T13:46:52.909+0000] {dag.py:2915} INFO - Sync 1 DAGs
[2023-09-19T13:46:52.937+0000] {logging_mixin.py:151} INFO - [2023-09-19T13:46:52.937+0000] {dag.py:3696} INFO - Setting next_dagrun for example_dynamic_task_mapping_with_no_taskflow_operators to 2023-09-18T13:46:52.937317+00:00, run_after=2023-09-19T13:46:52.937317+00:00
[2023-09-19T13:46:52.960+0000] {processor.py:179} INFO - Processing /home/airflow/.local/lib/python3.8/site-packages/airflow/example_dags/example_dynamic_task_mapping_with_no_taskflow_operators.py took 0.079 seconds
[2023-09-19T13:47:24.044+0000] {processor.py:157} INFO - Started process (PID=2736) to work on /home/airflow/.local/lib/python3.8/site-packages/airflow/example_dags/example_dynamic_task_mapping_with_no_taskflow_operators.py
[2023-09-19T13:47:24.045+0000] {processor.py:829} INFO - Processing file /home/airflow/.local/lib/python3.8/site-packages/airflow/example_dags/example_dynamic_task_mapping_with_no_taskflow_operators.py for tasks to queue
[2023-09-19T13:47:24.046+0000] {logging_mixin.py:151} INFO - [2023-09-19T13:47:24.046+0000] {dagbag.py:539} INFO - Filling up the DagBag from /home/airflow/.local/lib/python3.8/site-packages/airflow/example_dags/example_dynamic_task_mapping_with_no_taskflow_operators.py
[2023-09-19T13:47:24.056+0000] {processor.py:839} INFO - DAG(s) dict_keys(['example_dynamic_task_mapping_with_no_taskflow_operators']) retrieved from /home/airflow/.local/lib/python3.8/site-packages/airflow/example_dags/example_dynamic_task_mapping_with_no_taskflow_operators.py
[2023-09-19T13:47:24.081+0000] {logging_mixin.py:151} INFO - [2023-09-19T13:47:24.080+0000] {dag.py:2915} INFO - Sync 1 DAGs
[2023-09-19T13:47:24.107+0000] {logging_mixin.py:151} INFO - [2023-09-19T13:47:24.106+0000] {dag.py:3696} INFO - Setting next_dagrun for example_dynamic_task_mapping_with_no_taskflow_operators to 2023-09-18T13:47:24.106528+00:00, run_after=2023-09-19T13:47:24.106528+00:00
[2023-09-19T13:47:24.157+0000] {processor.py:179} INFO - Processing /home/airflow/.local/lib/python3.8/site-packages/airflow/example_dags/example_dynamic_task_mapping_with_no_taskflow_operators.py took 0.116 seconds
[2023-09-19T13:47:54.888+0000] {processor.py:157} INFO - Started process (PID=2974) to work on /home/airflow/.local/lib/python3.8/site-packages/airflow/example_dags/example_dynamic_task_mapping_with_no_taskflow_operators.py
[2023-09-19T13:47:54.889+0000] {processor.py:829} INFO - Processing file /home/airflow/.local/lib/python3.8/site-packages/airflow/example_dags/example_dynamic_task_mapping_with_no_taskflow_operators.py for tasks to queue
[2023-09-19T13:47:54.890+0000] {logging_mixin.py:151} INFO - [2023-09-19T13:47:54.890+0000] {dagbag.py:539} INFO - Filling up the DagBag from /home/airflow/.local/lib/python3.8/site-packages/airflow/example_dags/example_dynamic_task_mapping_with_no_taskflow_operators.py
[2023-09-19T13:47:54.895+0000] {processor.py:839} INFO - DAG(s) dict_keys(['example_dynamic_task_mapping_with_no_taskflow_operators']) retrieved from /home/airflow/.local/lib/python3.8/site-packages/airflow/example_dags/example_dynamic_task_mapping_with_no_taskflow_operators.py
[2023-09-19T13:47:54.912+0000] {logging_mixin.py:151} INFO - [2023-09-19T13:47:54.912+0000] {dag.py:2915} INFO - Sync 1 DAGs
[2023-09-19T13:47:54.934+0000] {logging_mixin.py:151} INFO - [2023-09-19T13:47:54.934+0000] {dag.py:3696} INFO - Setting next_dagrun for example_dynamic_task_mapping_with_no_taskflow_operators to 2023-09-18T13:47:54.934153+00:00, run_after=2023-09-19T13:47:54.934153+00:00
[2023-09-19T13:47:54.955+0000] {processor.py:179} INFO - Processing /home/airflow/.local/lib/python3.8/site-packages/airflow/example_dags/example_dynamic_task_mapping_with_no_taskflow_operators.py took 0.069 seconds
[2023-09-19T13:48:25.243+0000] {processor.py:157} INFO - Started process (PID=3212) to work on /home/airflow/.local/lib/python3.8/site-packages/airflow/example_dags/example_dynamic_task_mapping_with_no_taskflow_operators.py
[2023-09-19T13:48:25.243+0000] {processor.py:829} INFO - Processing file /home/airflow/.local/lib/python3.8/site-packages/airflow/example_dags/example_dynamic_task_mapping_with_no_taskflow_operators.py for tasks to queue
[2023-09-19T13:48:25.244+0000] {logging_mixin.py:151} INFO - [2023-09-19T13:48:25.244+0000] {dagbag.py:539} INFO - Filling up the DagBag from /home/airflow/.local/lib/python3.8/site-packages/airflow/example_dags/example_dynamic_task_mapping_with_no_taskflow_operators.py
[2023-09-19T13:48:25.249+0000] {processor.py:839} INFO - DAG(s) dict_keys(['example_dynamic_task_mapping_with_no_taskflow_operators']) retrieved from /home/airflow/.local/lib/python3.8/site-packages/airflow/example_dags/example_dynamic_task_mapping_with_no_taskflow_operators.py
[2023-09-19T13:48:25.268+0000] {logging_mixin.py:151} INFO - [2023-09-19T13:48:25.267+0000] {dag.py:2915} INFO - Sync 1 DAGs
[2023-09-19T13:48:25.290+0000] {logging_mixin.py:151} INFO - [2023-09-19T13:48:25.290+0000] {dag.py:3696} INFO - Setting next_dagrun for example_dynamic_task_mapping_with_no_taskflow_operators to 2023-09-18T13:48:25.289821+00:00, run_after=2023-09-19T13:48:25.289821+00:00
[2023-09-19T13:48:25.307+0000] {processor.py:179} INFO - Processing /home/airflow/.local/lib/python3.8/site-packages/airflow/example_dags/example_dynamic_task_mapping_with_no_taskflow_operators.py took 0.067 seconds
[2023-09-19T13:48:55.694+0000] {processor.py:157} INFO - Started process (PID=3450) to work on /home/airflow/.local/lib/python3.8/site-packages/airflow/example_dags/example_dynamic_task_mapping_with_no_taskflow_operators.py
[2023-09-19T13:48:55.695+0000] {processor.py:829} INFO - Processing file /home/airflow/.local/lib/python3.8/site-packages/airflow/example_dags/example_dynamic_task_mapping_with_no_taskflow_operators.py for tasks to queue
[2023-09-19T13:48:55.696+0000] {logging_mixin.py:151} INFO - [2023-09-19T13:48:55.696+0000] {dagbag.py:539} INFO - Filling up the DagBag from /home/airflow/.local/lib/python3.8/site-packages/airflow/example_dags/example_dynamic_task_mapping_with_no_taskflow_operators.py
[2023-09-19T13:48:55.702+0000] {processor.py:839} INFO - DAG(s) dict_keys(['example_dynamic_task_mapping_with_no_taskflow_operators']) retrieved from /home/airflow/.local/lib/python3.8/site-packages/airflow/example_dags/example_dynamic_task_mapping_with_no_taskflow_operators.py
[2023-09-19T13:48:55.722+0000] {logging_mixin.py:151} INFO - [2023-09-19T13:48:55.722+0000] {dag.py:2915} INFO - Sync 1 DAGs
[2023-09-19T13:48:55.739+0000] {logging_mixin.py:151} INFO - [2023-09-19T13:48:55.739+0000] {dag.py:3696} INFO - Setting next_dagrun for example_dynamic_task_mapping_with_no_taskflow_operators to 2023-09-18T13:48:55.739482+00:00, run_after=2023-09-19T13:48:55.739482+00:00
[2023-09-19T13:48:55.756+0000] {processor.py:179} INFO - Processing /home/airflow/.local/lib/python3.8/site-packages/airflow/example_dags/example_dynamic_task_mapping_with_no_taskflow_operators.py took 0.065 seconds
[2023-09-19T13:49:26.473+0000] {processor.py:157} INFO - Started process (PID=3688) to work on /home/airflow/.local/lib/python3.8/site-packages/airflow/example_dags/example_dynamic_task_mapping_with_no_taskflow_operators.py
[2023-09-19T13:49:26.474+0000] {processor.py:829} INFO - Processing file /home/airflow/.local/lib/python3.8/site-packages/airflow/example_dags/example_dynamic_task_mapping_with_no_taskflow_operators.py for tasks to queue
[2023-09-19T13:49:26.475+0000] {logging_mixin.py:151} INFO - [2023-09-19T13:49:26.475+0000] {dagbag.py:539} INFO - Filling up the DagBag from /home/airflow/.local/lib/python3.8/site-packages/airflow/example_dags/example_dynamic_task_mapping_with_no_taskflow_operators.py
[2023-09-19T13:49:26.480+0000] {processor.py:839} INFO - DAG(s) dict_keys(['example_dynamic_task_mapping_with_no_taskflow_operators']) retrieved from /home/airflow/.local/lib/python3.8/site-packages/airflow/example_dags/example_dynamic_task_mapping_with_no_taskflow_operators.py
[2023-09-19T13:49:26.503+0000] {logging_mixin.py:151} INFO - [2023-09-19T13:49:26.503+0000] {dag.py:2915} INFO - Sync 1 DAGs
[2023-09-19T13:49:26.524+0000] {logging_mixin.py:151} INFO - [2023-09-19T13:49:26.523+0000] {dag.py:3696} INFO - Setting next_dagrun for example_dynamic_task_mapping_with_no_taskflow_operators to 2023-09-18T13:49:26.523637+00:00, run_after=2023-09-19T13:49:26.523637+00:00
[2023-09-19T13:49:26.543+0000] {processor.py:179} INFO - Processing /home/airflow/.local/lib/python3.8/site-packages/airflow/example_dags/example_dynamic_task_mapping_with_no_taskflow_operators.py took 0.073 seconds
[2023-09-19T13:49:57.047+0000] {processor.py:157} INFO - Started process (PID=3926) to work on /home/airflow/.local/lib/python3.8/site-packages/airflow/example_dags/example_dynamic_task_mapping_with_no_taskflow_operators.py
[2023-09-19T13:49:57.048+0000] {processor.py:829} INFO - Processing file /home/airflow/.local/lib/python3.8/site-packages/airflow/example_dags/example_dynamic_task_mapping_with_no_taskflow_operators.py for tasks to queue
[2023-09-19T13:49:57.049+0000] {logging_mixin.py:151} INFO - [2023-09-19T13:49:57.049+0000] {dagbag.py:539} INFO - Filling up the DagBag from /home/airflow/.local/lib/python3.8/site-packages/airflow/example_dags/example_dynamic_task_mapping_with_no_taskflow_operators.py
[2023-09-19T13:49:57.056+0000] {processor.py:839} INFO - DAG(s) dict_keys(['example_dynamic_task_mapping_with_no_taskflow_operators']) retrieved from /home/airflow/.local/lib/python3.8/site-packages/airflow/example_dags/example_dynamic_task_mapping_with_no_taskflow_operators.py
[2023-09-19T13:49:57.073+0000] {logging_mixin.py:151} INFO - [2023-09-19T13:49:57.073+0000] {dag.py:2915} INFO - Sync 1 DAGs
[2023-09-19T13:49:57.095+0000] {logging_mixin.py:151} INFO - [2023-09-19T13:49:57.095+0000] {dag.py:3696} INFO - Setting next_dagrun for example_dynamic_task_mapping_with_no_taskflow_operators to 2023-09-18T13:49:57.094761+00:00, run_after=2023-09-19T13:49:57.094761+00:00
[2023-09-19T13:49:57.114+0000] {processor.py:179} INFO - Processing /home/airflow/.local/lib/python3.8/site-packages/airflow/example_dags/example_dynamic_task_mapping_with_no_taskflow_operators.py took 0.070 seconds
[2023-09-19T13:50:27.531+0000] {processor.py:157} INFO - Started process (PID=4164) to work on /home/airflow/.local/lib/python3.8/site-packages/airflow/example_dags/example_dynamic_task_mapping_with_no_taskflow_operators.py
[2023-09-19T13:50:27.532+0000] {processor.py:829} INFO - Processing file /home/airflow/.local/lib/python3.8/site-packages/airflow/example_dags/example_dynamic_task_mapping_with_no_taskflow_operators.py for tasks to queue
[2023-09-19T13:50:27.533+0000] {logging_mixin.py:151} INFO - [2023-09-19T13:50:27.533+0000] {dagbag.py:539} INFO - Filling up the DagBag from /home/airflow/.local/lib/python3.8/site-packages/airflow/example_dags/example_dynamic_task_mapping_with_no_taskflow_operators.py
[2023-09-19T13:50:27.539+0000] {processor.py:839} INFO - DAG(s) dict_keys(['example_dynamic_task_mapping_with_no_taskflow_operators']) retrieved from /home/airflow/.local/lib/python3.8/site-packages/airflow/example_dags/example_dynamic_task_mapping_with_no_taskflow_operators.py
[2023-09-19T13:50:27.556+0000] {logging_mixin.py:151} INFO - [2023-09-19T13:50:27.556+0000] {dag.py:2915} INFO - Sync 1 DAGs
[2023-09-19T13:50:27.579+0000] {logging_mixin.py:151} INFO - [2023-09-19T13:50:27.579+0000] {dag.py:3696} INFO - Setting next_dagrun for example_dynamic_task_mapping_with_no_taskflow_operators to 2023-09-18T13:50:27.579043+00:00, run_after=2023-09-19T13:50:27.579043+00:00
[2023-09-19T13:50:27.597+0000] {processor.py:179} INFO - Processing /home/airflow/.local/lib/python3.8/site-packages/airflow/example_dags/example_dynamic_task_mapping_with_no_taskflow_operators.py took 0.068 seconds
[2023-09-19T13:50:57.981+0000] {processor.py:157} INFO - Started process (PID=4401) to work on /home/airflow/.local/lib/python3.8/site-packages/airflow/example_dags/example_dynamic_task_mapping_with_no_taskflow_operators.py
[2023-09-19T13:50:57.983+0000] {processor.py:829} INFO - Processing file /home/airflow/.local/lib/python3.8/site-packages/airflow/example_dags/example_dynamic_task_mapping_with_no_taskflow_operators.py for tasks to queue
[2023-09-19T13:50:57.983+0000] {logging_mixin.py:151} INFO - [2023-09-19T13:50:57.983+0000] {dagbag.py:539} INFO - Filling up the DagBag from /home/airflow/.local/lib/python3.8/site-packages/airflow/example_dags/example_dynamic_task_mapping_with_no_taskflow_operators.py
[2023-09-19T13:50:57.989+0000] {processor.py:839} INFO - DAG(s) dict_keys(['example_dynamic_task_mapping_with_no_taskflow_operators']) retrieved from /home/airflow/.local/lib/python3.8/site-packages/airflow/example_dags/example_dynamic_task_mapping_with_no_taskflow_operators.py
[2023-09-19T13:50:58.010+0000] {logging_mixin.py:151} INFO - [2023-09-19T13:50:58.009+0000] {dag.py:2915} INFO - Sync 1 DAGs
[2023-09-19T13:50:58.027+0000] {logging_mixin.py:151} INFO - [2023-09-19T13:50:58.027+0000] {dag.py:3696} INFO - Setting next_dagrun for example_dynamic_task_mapping_with_no_taskflow_operators to 2023-09-18T13:50:58.027200+00:00, run_after=2023-09-19T13:50:58.027200+00:00
[2023-09-19T13:50:58.045+0000] {processor.py:179} INFO - Processing /home/airflow/.local/lib/python3.8/site-packages/airflow/example_dags/example_dynamic_task_mapping_with_no_taskflow_operators.py took 0.067 seconds
[2023-09-19T13:51:28.450+0000] {processor.py:157} INFO - Started process (PID=4639) to work on /home/airflow/.local/lib/python3.8/site-packages/airflow/example_dags/example_dynamic_task_mapping_with_no_taskflow_operators.py
[2023-09-19T13:51:28.452+0000] {processor.py:829} INFO - Processing file /home/airflow/.local/lib/python3.8/site-packages/airflow/example_dags/example_dynamic_task_mapping_with_no_taskflow_operators.py for tasks to queue
[2023-09-19T13:51:28.453+0000] {logging_mixin.py:151} INFO - [2023-09-19T13:51:28.453+0000] {dagbag.py:539} INFO - Filling up the DagBag from /home/airflow/.local/lib/python3.8/site-packages/airflow/example_dags/example_dynamic_task_mapping_with_no_taskflow_operators.py
[2023-09-19T13:51:28.460+0000] {processor.py:839} INFO - DAG(s) dict_keys(['example_dynamic_task_mapping_with_no_taskflow_operators']) retrieved from /home/airflow/.local/lib/python3.8/site-packages/airflow/example_dags/example_dynamic_task_mapping_with_no_taskflow_operators.py
[2023-09-19T13:51:28.478+0000] {logging_mixin.py:151} INFO - [2023-09-19T13:51:28.477+0000] {dag.py:2915} INFO - Sync 1 DAGs
[2023-09-19T13:51:28.496+0000] {logging_mixin.py:151} INFO - [2023-09-19T13:51:28.496+0000] {dag.py:3696} INFO - Setting next_dagrun for example_dynamic_task_mapping_with_no_taskflow_operators to 2023-09-18T13:51:28.496253+00:00, run_after=2023-09-19T13:51:28.496253+00:00
[2023-09-19T13:51:28.517+0000] {processor.py:179} INFO - Processing /home/airflow/.local/lib/python3.8/site-packages/airflow/example_dags/example_dynamic_task_mapping_with_no_taskflow_operators.py took 0.070 seconds
[2023-09-19T13:51:58.613+0000] {processor.py:157} INFO - Started process (PID=4877) to work on /home/airflow/.local/lib/python3.8/site-packages/airflow/example_dags/example_dynamic_task_mapping_with_no_taskflow_operators.py
[2023-09-19T13:51:58.614+0000] {processor.py:829} INFO - Processing file /home/airflow/.local/lib/python3.8/site-packages/airflow/example_dags/example_dynamic_task_mapping_with_no_taskflow_operators.py for tasks to queue
[2023-09-19T13:51:58.614+0000] {logging_mixin.py:151} INFO - [2023-09-19T13:51:58.614+0000] {dagbag.py:539} INFO - Filling up the DagBag from /home/airflow/.local/lib/python3.8/site-packages/airflow/example_dags/example_dynamic_task_mapping_with_no_taskflow_operators.py
[2023-09-19T13:51:58.621+0000] {processor.py:839} INFO - DAG(s) dict_keys(['example_dynamic_task_mapping_with_no_taskflow_operators']) retrieved from /home/airflow/.local/lib/python3.8/site-packages/airflow/example_dags/example_dynamic_task_mapping_with_no_taskflow_operators.py
[2023-09-19T13:51:58.638+0000] {logging_mixin.py:151} INFO - [2023-09-19T13:51:58.638+0000] {dag.py:2915} INFO - Sync 1 DAGs
[2023-09-19T13:51:58.655+0000] {logging_mixin.py:151} INFO - [2023-09-19T13:51:58.654+0000] {dag.py:3696} INFO - Setting next_dagrun for example_dynamic_task_mapping_with_no_taskflow_operators to 2023-09-18T13:51:58.654706+00:00, run_after=2023-09-19T13:51:58.654706+00:00
[2023-09-19T13:51:58.670+0000] {processor.py:179} INFO - Processing /home/airflow/.local/lib/python3.8/site-packages/airflow/example_dags/example_dynamic_task_mapping_with_no_taskflow_operators.py took 0.060 seconds
[2023-09-19T13:52:28.876+0000] {processor.py:157} INFO - Started process (PID=5110) to work on /home/airflow/.local/lib/python3.8/site-packages/airflow/example_dags/example_dynamic_task_mapping_with_no_taskflow_operators.py
[2023-09-19T13:52:28.878+0000] {processor.py:829} INFO - Processing file /home/airflow/.local/lib/python3.8/site-packages/airflow/example_dags/example_dynamic_task_mapping_with_no_taskflow_operators.py for tasks to queue
[2023-09-19T13:52:28.879+0000] {logging_mixin.py:151} INFO - [2023-09-19T13:52:28.878+0000] {dagbag.py:539} INFO - Filling up the DagBag from /home/airflow/.local/lib/python3.8/site-packages/airflow/example_dags/example_dynamic_task_mapping_with_no_taskflow_operators.py
[2023-09-19T13:52:28.887+0000] {processor.py:839} INFO - DAG(s) dict_keys(['example_dynamic_task_mapping_with_no_taskflow_operators']) retrieved from /home/airflow/.local/lib/python3.8/site-packages/airflow/example_dags/example_dynamic_task_mapping_with_no_taskflow_operators.py
[2023-09-19T13:52:28.903+0000] {logging_mixin.py:151} INFO - [2023-09-19T13:52:28.902+0000] {dag.py:2915} INFO - Sync 1 DAGs
[2023-09-19T13:52:28.920+0000] {logging_mixin.py:151} INFO - [2023-09-19T13:52:28.920+0000] {dag.py:3696} INFO - Setting next_dagrun for example_dynamic_task_mapping_with_no_taskflow_operators to 2023-09-18T13:52:28.920556+00:00, run_after=2023-09-19T13:52:28.920556+00:00
[2023-09-19T13:52:28.939+0000] {processor.py:179} INFO - Processing /home/airflow/.local/lib/python3.8/site-packages/airflow/example_dags/example_dynamic_task_mapping_with_no_taskflow_operators.py took 0.065 seconds
[2023-09-19T13:52:59.084+0000] {processor.py:157} INFO - Started process (PID=5349) to work on /home/airflow/.local/lib/python3.8/site-packages/airflow/example_dags/example_dynamic_task_mapping_with_no_taskflow_operators.py
[2023-09-19T13:52:59.085+0000] {processor.py:829} INFO - Processing file /home/airflow/.local/lib/python3.8/site-packages/airflow/example_dags/example_dynamic_task_mapping_with_no_taskflow_operators.py for tasks to queue
[2023-09-19T13:52:59.086+0000] {logging_mixin.py:151} INFO - [2023-09-19T13:52:59.086+0000] {dagbag.py:539} INFO - Filling up the DagBag from /home/airflow/.local/lib/python3.8/site-packages/airflow/example_dags/example_dynamic_task_mapping_with_no_taskflow_operators.py
[2023-09-19T13:52:59.091+0000] {processor.py:839} INFO - DAG(s) dict_keys(['example_dynamic_task_mapping_with_no_taskflow_operators']) retrieved from /home/airflow/.local/lib/python3.8/site-packages/airflow/example_dags/example_dynamic_task_mapping_with_no_taskflow_operators.py
[2023-09-19T13:52:59.107+0000] {logging_mixin.py:151} INFO - [2023-09-19T13:52:59.107+0000] {dag.py:2915} INFO - Sync 1 DAGs
[2023-09-19T13:52:59.124+0000] {logging_mixin.py:151} INFO - [2023-09-19T13:52:59.124+0000] {dag.py:3696} INFO - Setting next_dagrun for example_dynamic_task_mapping_with_no_taskflow_operators to 2023-09-18T13:52:59.123827+00:00, run_after=2023-09-19T13:52:59.123827+00:00
[2023-09-19T13:52:59.143+0000] {processor.py:179} INFO - Processing /home/airflow/.local/lib/python3.8/site-packages/airflow/example_dags/example_dynamic_task_mapping_with_no_taskflow_operators.py took 0.061 seconds
[2023-09-19T13:53:29.509+0000] {processor.py:157} INFO - Started process (PID=5587) to work on /home/airflow/.local/lib/python3.8/site-packages/airflow/example_dags/example_dynamic_task_mapping_with_no_taskflow_operators.py
[2023-09-19T13:53:29.510+0000] {processor.py:829} INFO - Processing file /home/airflow/.local/lib/python3.8/site-packages/airflow/example_dags/example_dynamic_task_mapping_with_no_taskflow_operators.py for tasks to queue
[2023-09-19T13:53:29.511+0000] {logging_mixin.py:151} INFO - [2023-09-19T13:53:29.511+0000] {dagbag.py:539} INFO - Filling up the DagBag from /home/airflow/.local/lib/python3.8/site-packages/airflow/example_dags/example_dynamic_task_mapping_with_no_taskflow_operators.py
[2023-09-19T13:53:29.516+0000] {processor.py:839} INFO - DAG(s) dict_keys(['example_dynamic_task_mapping_with_no_taskflow_operators']) retrieved from /home/airflow/.local/lib/python3.8/site-packages/airflow/example_dags/example_dynamic_task_mapping_with_no_taskflow_operators.py
[2023-09-19T13:53:29.534+0000] {logging_mixin.py:151} INFO - [2023-09-19T13:53:29.533+0000] {dag.py:2915} INFO - Sync 1 DAGs
[2023-09-19T13:53:29.557+0000] {logging_mixin.py:151} INFO - [2023-09-19T13:53:29.557+0000] {dag.py:3696} INFO - Setting next_dagrun for example_dynamic_task_mapping_with_no_taskflow_operators to 2023-09-18T13:53:29.556878+00:00, run_after=2023-09-19T13:53:29.556878+00:00
[2023-09-19T13:53:29.575+0000] {processor.py:179} INFO - Processing /home/airflow/.local/lib/python3.8/site-packages/airflow/example_dags/example_dynamic_task_mapping_with_no_taskflow_operators.py took 0.068 seconds
[2023-09-19T13:53:59.701+0000] {processor.py:157} INFO - Started process (PID=5825) to work on /home/airflow/.local/lib/python3.8/site-packages/airflow/example_dags/example_dynamic_task_mapping_with_no_taskflow_operators.py
[2023-09-19T13:53:59.702+0000] {processor.py:829} INFO - Processing file /home/airflow/.local/lib/python3.8/site-packages/airflow/example_dags/example_dynamic_task_mapping_with_no_taskflow_operators.py for tasks to queue
[2023-09-19T13:53:59.703+0000] {logging_mixin.py:151} INFO - [2023-09-19T13:53:59.702+0000] {dagbag.py:539} INFO - Filling up the DagBag from /home/airflow/.local/lib/python3.8/site-packages/airflow/example_dags/example_dynamic_task_mapping_with_no_taskflow_operators.py
[2023-09-19T13:53:59.709+0000] {processor.py:839} INFO - DAG(s) dict_keys(['example_dynamic_task_mapping_with_no_taskflow_operators']) retrieved from /home/airflow/.local/lib/python3.8/site-packages/airflow/example_dags/example_dynamic_task_mapping_with_no_taskflow_operators.py
[2023-09-19T13:53:59.729+0000] {logging_mixin.py:151} INFO - [2023-09-19T13:53:59.729+0000] {dag.py:2915} INFO - Sync 1 DAGs
[2023-09-19T13:53:59.747+0000] {logging_mixin.py:151} INFO - [2023-09-19T13:53:59.746+0000] {dag.py:3696} INFO - Setting next_dagrun for example_dynamic_task_mapping_with_no_taskflow_operators to 2023-09-18T13:53:59.746746+00:00, run_after=2023-09-19T13:53:59.746746+00:00
[2023-09-19T13:53:59.763+0000] {processor.py:179} INFO - Processing /home/airflow/.local/lib/python3.8/site-packages/airflow/example_dags/example_dynamic_task_mapping_with_no_taskflow_operators.py took 0.064 seconds
[2023-09-19T13:54:30.093+0000] {processor.py:157} INFO - Started process (PID=6063) to work on /home/airflow/.local/lib/python3.8/site-packages/airflow/example_dags/example_dynamic_task_mapping_with_no_taskflow_operators.py
[2023-09-19T13:54:30.094+0000] {processor.py:829} INFO - Processing file /home/airflow/.local/lib/python3.8/site-packages/airflow/example_dags/example_dynamic_task_mapping_with_no_taskflow_operators.py for tasks to queue
[2023-09-19T13:54:30.094+0000] {logging_mixin.py:151} INFO - [2023-09-19T13:54:30.094+0000] {dagbag.py:539} INFO - Filling up the DagBag from /home/airflow/.local/lib/python3.8/site-packages/airflow/example_dags/example_dynamic_task_mapping_with_no_taskflow_operators.py
[2023-09-19T13:54:30.102+0000] {processor.py:839} INFO - DAG(s) dict_keys(['example_dynamic_task_mapping_with_no_taskflow_operators']) retrieved from /home/airflow/.local/lib/python3.8/site-packages/airflow/example_dags/example_dynamic_task_mapping_with_no_taskflow_operators.py
[2023-09-19T13:54:30.124+0000] {logging_mixin.py:151} INFO - [2023-09-19T13:54:30.124+0000] {dag.py:2915} INFO - Sync 1 DAGs
[2023-09-19T13:54:30.145+0000] {logging_mixin.py:151} INFO - [2023-09-19T13:54:30.145+0000] {dag.py:3696} INFO - Setting next_dagrun for example_dynamic_task_mapping_with_no_taskflow_operators to 2023-09-18T13:54:30.144868+00:00, run_after=2023-09-19T13:54:30.144868+00:00
[2023-09-19T13:54:30.165+0000] {processor.py:179} INFO - Processing /home/airflow/.local/lib/python3.8/site-packages/airflow/example_dags/example_dynamic_task_mapping_with_no_taskflow_operators.py took 0.075 seconds
[2023-09-19T13:55:00.384+0000] {processor.py:157} INFO - Started process (PID=6301) to work on /home/airflow/.local/lib/python3.8/site-packages/airflow/example_dags/example_dynamic_task_mapping_with_no_taskflow_operators.py
[2023-09-19T13:55:00.387+0000] {processor.py:829} INFO - Processing file /home/airflow/.local/lib/python3.8/site-packages/airflow/example_dags/example_dynamic_task_mapping_with_no_taskflow_operators.py for tasks to queue
[2023-09-19T13:55:00.388+0000] {logging_mixin.py:151} INFO - [2023-09-19T13:55:00.388+0000] {dagbag.py:539} INFO - Filling up the DagBag from /home/airflow/.local/lib/python3.8/site-packages/airflow/example_dags/example_dynamic_task_mapping_with_no_taskflow_operators.py
[2023-09-19T13:55:00.394+0000] {processor.py:839} INFO - DAG(s) dict_keys(['example_dynamic_task_mapping_with_no_taskflow_operators']) retrieved from /home/airflow/.local/lib/python3.8/site-packages/airflow/example_dags/example_dynamic_task_mapping_with_no_taskflow_operators.py
[2023-09-19T13:55:00.410+0000] {logging_mixin.py:151} INFO - [2023-09-19T13:55:00.409+0000] {dag.py:2915} INFO - Sync 1 DAGs
[2023-09-19T13:55:00.427+0000] {logging_mixin.py:151} INFO - [2023-09-19T13:55:00.426+0000] {dag.py:3696} INFO - Setting next_dagrun for example_dynamic_task_mapping_with_no_taskflow_operators to 2023-09-18T13:55:00.426470+00:00, run_after=2023-09-19T13:55:00.426470+00:00
[2023-09-19T13:55:00.448+0000] {processor.py:179} INFO - Processing /home/airflow/.local/lib/python3.8/site-packages/airflow/example_dags/example_dynamic_task_mapping_with_no_taskflow_operators.py took 0.066 seconds
[2023-09-19T13:55:30.548+0000] {processor.py:157} INFO - Started process (PID=6539) to work on /home/airflow/.local/lib/python3.8/site-packages/airflow/example_dags/example_dynamic_task_mapping_with_no_taskflow_operators.py
[2023-09-19T13:55:30.548+0000] {processor.py:829} INFO - Processing file /home/airflow/.local/lib/python3.8/site-packages/airflow/example_dags/example_dynamic_task_mapping_with_no_taskflow_operators.py for tasks to queue
[2023-09-19T13:55:30.549+0000] {logging_mixin.py:151} INFO - [2023-09-19T13:55:30.549+0000] {dagbag.py:539} INFO - Filling up the DagBag from /home/airflow/.local/lib/python3.8/site-packages/airflow/example_dags/example_dynamic_task_mapping_with_no_taskflow_operators.py
[2023-09-19T13:55:30.554+0000] {processor.py:839} INFO - DAG(s) dict_keys(['example_dynamic_task_mapping_with_no_taskflow_operators']) retrieved from /home/airflow/.local/lib/python3.8/site-packages/airflow/example_dags/example_dynamic_task_mapping_with_no_taskflow_operators.py
[2023-09-19T13:55:30.572+0000] {logging_mixin.py:151} INFO - [2023-09-19T13:55:30.572+0000] {dag.py:2915} INFO - Sync 1 DAGs
[2023-09-19T13:55:30.589+0000] {logging_mixin.py:151} INFO - [2023-09-19T13:55:30.589+0000] {dag.py:3696} INFO - Setting next_dagrun for example_dynamic_task_mapping_with_no_taskflow_operators to 2023-09-18T13:55:30.589175+00:00, run_after=2023-09-19T13:55:30.589175+00:00
[2023-09-19T13:55:30.605+0000] {processor.py:179} INFO - Processing /home/airflow/.local/lib/python3.8/site-packages/airflow/example_dags/example_dynamic_task_mapping_with_no_taskflow_operators.py took 0.059 seconds
[2023-09-19T13:56:00.773+0000] {processor.py:157} INFO - Started process (PID=6777) to work on /home/airflow/.local/lib/python3.8/site-packages/airflow/example_dags/example_dynamic_task_mapping_with_no_taskflow_operators.py
[2023-09-19T13:56:00.774+0000] {processor.py:829} INFO - Processing file /home/airflow/.local/lib/python3.8/site-packages/airflow/example_dags/example_dynamic_task_mapping_with_no_taskflow_operators.py for tasks to queue
[2023-09-19T13:56:00.774+0000] {logging_mixin.py:151} INFO - [2023-09-19T13:56:00.774+0000] {dagbag.py:539} INFO - Filling up the DagBag from /home/airflow/.local/lib/python3.8/site-packages/airflow/example_dags/example_dynamic_task_mapping_with_no_taskflow_operators.py
[2023-09-19T13:56:00.781+0000] {processor.py:839} INFO - DAG(s) dict_keys(['example_dynamic_task_mapping_with_no_taskflow_operators']) retrieved from /home/airflow/.local/lib/python3.8/site-packages/airflow/example_dags/example_dynamic_task_mapping_with_no_taskflow_operators.py
[2023-09-19T13:56:00.797+0000] {logging_mixin.py:151} INFO - [2023-09-19T13:56:00.797+0000] {dag.py:2915} INFO - Sync 1 DAGs
[2023-09-19T13:56:00.816+0000] {logging_mixin.py:151} INFO - [2023-09-19T13:56:00.816+0000] {dag.py:3696} INFO - Setting next_dagrun for example_dynamic_task_mapping_with_no_taskflow_operators to 2023-09-18T13:56:00.816128+00:00, run_after=2023-09-19T13:56:00.816128+00:00
[2023-09-19T13:56:00.832+0000] {processor.py:179} INFO - Processing /home/airflow/.local/lib/python3.8/site-packages/airflow/example_dags/example_dynamic_task_mapping_with_no_taskflow_operators.py took 0.061 seconds
[2023-09-19T13:56:31.043+0000] {processor.py:157} INFO - Started process (PID=7015) to work on /home/airflow/.local/lib/python3.8/site-packages/airflow/example_dags/example_dynamic_task_mapping_with_no_taskflow_operators.py
[2023-09-19T13:56:31.043+0000] {processor.py:829} INFO - Processing file /home/airflow/.local/lib/python3.8/site-packages/airflow/example_dags/example_dynamic_task_mapping_with_no_taskflow_operators.py for tasks to queue
[2023-09-19T13:56:31.044+0000] {logging_mixin.py:151} INFO - [2023-09-19T13:56:31.044+0000] {dagbag.py:539} INFO - Filling up the DagBag from /home/airflow/.local/lib/python3.8/site-packages/airflow/example_dags/example_dynamic_task_mapping_with_no_taskflow_operators.py
[2023-09-19T13:56:31.052+0000] {processor.py:839} INFO - DAG(s) dict_keys(['example_dynamic_task_mapping_with_no_taskflow_operators']) retrieved from /home/airflow/.local/lib/python3.8/site-packages/airflow/example_dags/example_dynamic_task_mapping_with_no_taskflow_operators.py
[2023-09-19T13:56:31.069+0000] {logging_mixin.py:151} INFO - [2023-09-19T13:56:31.069+0000] {dag.py:2915} INFO - Sync 1 DAGs
[2023-09-19T13:56:31.086+0000] {logging_mixin.py:151} INFO - [2023-09-19T13:56:31.086+0000] {dag.py:3696} INFO - Setting next_dagrun for example_dynamic_task_mapping_with_no_taskflow_operators to 2023-09-18T13:56:31.086565+00:00, run_after=2023-09-19T13:56:31.086565+00:00
[2023-09-19T13:56:31.103+0000] {processor.py:179} INFO - Processing /home/airflow/.local/lib/python3.8/site-packages/airflow/example_dags/example_dynamic_task_mapping_with_no_taskflow_operators.py took 0.062 seconds
[2023-09-19T13:57:01.364+0000] {processor.py:157} INFO - Started process (PID=7255) to work on /home/airflow/.local/lib/python3.8/site-packages/airflow/example_dags/example_dynamic_task_mapping_with_no_taskflow_operators.py
[2023-09-19T13:57:01.365+0000] {processor.py:829} INFO - Processing file /home/airflow/.local/lib/python3.8/site-packages/airflow/example_dags/example_dynamic_task_mapping_with_no_taskflow_operators.py for tasks to queue
[2023-09-19T13:57:01.365+0000] {logging_mixin.py:151} INFO - [2023-09-19T13:57:01.365+0000] {dagbag.py:539} INFO - Filling up the DagBag from /home/airflow/.local/lib/python3.8/site-packages/airflow/example_dags/example_dynamic_task_mapping_with_no_taskflow_operators.py
[2023-09-19T13:57:01.371+0000] {processor.py:839} INFO - DAG(s) dict_keys(['example_dynamic_task_mapping_with_no_taskflow_operators']) retrieved from /home/airflow/.local/lib/python3.8/site-packages/airflow/example_dags/example_dynamic_task_mapping_with_no_taskflow_operators.py
[2023-09-19T13:57:01.387+0000] {logging_mixin.py:151} INFO - [2023-09-19T13:57:01.387+0000] {dag.py:2915} INFO - Sync 1 DAGs
[2023-09-19T13:57:01.407+0000] {logging_mixin.py:151} INFO - [2023-09-19T13:57:01.407+0000] {dag.py:3696} INFO - Setting next_dagrun for example_dynamic_task_mapping_with_no_taskflow_operators to 2023-09-18T13:57:01.407014+00:00, run_after=2023-09-19T13:57:01.407014+00:00
[2023-09-19T13:57:01.426+0000] {processor.py:179} INFO - Processing /home/airflow/.local/lib/python3.8/site-packages/airflow/example_dags/example_dynamic_task_mapping_with_no_taskflow_operators.py took 0.065 seconds
[2023-09-19T13:57:31.920+0000] {processor.py:157} INFO - Started process (PID=7491) to work on /home/airflow/.local/lib/python3.8/site-packages/airflow/example_dags/example_dynamic_task_mapping_with_no_taskflow_operators.py
[2023-09-19T13:57:31.922+0000] {processor.py:829} INFO - Processing file /home/airflow/.local/lib/python3.8/site-packages/airflow/example_dags/example_dynamic_task_mapping_with_no_taskflow_operators.py for tasks to queue
[2023-09-19T13:57:31.923+0000] {logging_mixin.py:151} INFO - [2023-09-19T13:57:31.923+0000] {dagbag.py:539} INFO - Filling up the DagBag from /home/airflow/.local/lib/python3.8/site-packages/airflow/example_dags/example_dynamic_task_mapping_with_no_taskflow_operators.py
[2023-09-19T13:57:31.933+0000] {processor.py:839} INFO - DAG(s) dict_keys(['example_dynamic_task_mapping_with_no_taskflow_operators']) retrieved from /home/airflow/.local/lib/python3.8/site-packages/airflow/example_dags/example_dynamic_task_mapping_with_no_taskflow_operators.py
[2023-09-19T13:57:31.951+0000] {logging_mixin.py:151} INFO - [2023-09-19T13:57:31.951+0000] {dag.py:2915} INFO - Sync 1 DAGs
[2023-09-19T13:57:31.981+0000] {logging_mixin.py:151} INFO - [2023-09-19T13:57:31.981+0000] {dag.py:3696} INFO - Setting next_dagrun for example_dynamic_task_mapping_with_no_taskflow_operators to 2023-09-18T13:57:31.981267+00:00, run_after=2023-09-19T13:57:31.981267+00:00
[2023-09-19T13:57:32.011+0000] {processor.py:179} INFO - Processing /home/airflow/.local/lib/python3.8/site-packages/airflow/example_dags/example_dynamic_task_mapping_with_no_taskflow_operators.py took 0.096 seconds
[2023-09-19T13:58:02.133+0000] {processor.py:157} INFO - Started process (PID=7733) to work on /home/airflow/.local/lib/python3.8/site-packages/airflow/example_dags/example_dynamic_task_mapping_with_no_taskflow_operators.py
[2023-09-19T13:58:02.134+0000] {processor.py:829} INFO - Processing file /home/airflow/.local/lib/python3.8/site-packages/airflow/example_dags/example_dynamic_task_mapping_with_no_taskflow_operators.py for tasks to queue
[2023-09-19T13:58:02.134+0000] {logging_mixin.py:151} INFO - [2023-09-19T13:58:02.134+0000] {dagbag.py:539} INFO - Filling up the DagBag from /home/airflow/.local/lib/python3.8/site-packages/airflow/example_dags/example_dynamic_task_mapping_with_no_taskflow_operators.py
[2023-09-19T13:58:02.140+0000] {processor.py:839} INFO - DAG(s) dict_keys(['example_dynamic_task_mapping_with_no_taskflow_operators']) retrieved from /home/airflow/.local/lib/python3.8/site-packages/airflow/example_dags/example_dynamic_task_mapping_with_no_taskflow_operators.py
[2023-09-19T13:58:02.158+0000] {logging_mixin.py:151} INFO - [2023-09-19T13:58:02.158+0000] {dag.py:2915} INFO - Sync 1 DAGs
[2023-09-19T13:58:02.182+0000] {logging_mixin.py:151} INFO - [2023-09-19T13:58:02.182+0000] {dag.py:3696} INFO - Setting next_dagrun for example_dynamic_task_mapping_with_no_taskflow_operators to 2023-09-18T13:58:02.181782+00:00, run_after=2023-09-19T13:58:02.181782+00:00
[2023-09-19T13:58:02.199+0000] {processor.py:179} INFO - Processing /home/airflow/.local/lib/python3.8/site-packages/airflow/example_dags/example_dynamic_task_mapping_with_no_taskflow_operators.py took 0.068 seconds
[2023-09-19T13:58:32.492+0000] {processor.py:157} INFO - Started process (PID=7975) to work on /home/airflow/.local/lib/python3.8/site-packages/airflow/example_dags/example_dynamic_task_mapping_with_no_taskflow_operators.py
[2023-09-19T13:58:32.492+0000] {processor.py:829} INFO - Processing file /home/airflow/.local/lib/python3.8/site-packages/airflow/example_dags/example_dynamic_task_mapping_with_no_taskflow_operators.py for tasks to queue
[2023-09-19T13:58:32.493+0000] {logging_mixin.py:151} INFO - [2023-09-19T13:58:32.493+0000] {dagbag.py:539} INFO - Filling up the DagBag from /home/airflow/.local/lib/python3.8/site-packages/airflow/example_dags/example_dynamic_task_mapping_with_no_taskflow_operators.py
[2023-09-19T13:58:32.500+0000] {processor.py:839} INFO - DAG(s) dict_keys(['example_dynamic_task_mapping_with_no_taskflow_operators']) retrieved from /home/airflow/.local/lib/python3.8/site-packages/airflow/example_dags/example_dynamic_task_mapping_with_no_taskflow_operators.py
[2023-09-19T13:58:32.519+0000] {logging_mixin.py:151} INFO - [2023-09-19T13:58:32.519+0000] {dag.py:2915} INFO - Sync 1 DAGs
[2023-09-19T13:58:32.542+0000] {logging_mixin.py:151} INFO - [2023-09-19T13:58:32.541+0000] {dag.py:3696} INFO - Setting next_dagrun for example_dynamic_task_mapping_with_no_taskflow_operators to 2023-09-18T13:58:32.541631+00:00, run_after=2023-09-19T13:58:32.541631+00:00
[2023-09-19T13:58:32.558+0000] {processor.py:179} INFO - Processing /home/airflow/.local/lib/python3.8/site-packages/airflow/example_dags/example_dynamic_task_mapping_with_no_taskflow_operators.py took 0.069 seconds
[2023-09-19T13:59:02.695+0000] {processor.py:157} INFO - Started process (PID=8213) to work on /home/airflow/.local/lib/python3.8/site-packages/airflow/example_dags/example_dynamic_task_mapping_with_no_taskflow_operators.py
[2023-09-19T13:59:02.696+0000] {processor.py:829} INFO - Processing file /home/airflow/.local/lib/python3.8/site-packages/airflow/example_dags/example_dynamic_task_mapping_with_no_taskflow_operators.py for tasks to queue
[2023-09-19T13:59:02.696+0000] {logging_mixin.py:151} INFO - [2023-09-19T13:59:02.696+0000] {dagbag.py:539} INFO - Filling up the DagBag from /home/airflow/.local/lib/python3.8/site-packages/airflow/example_dags/example_dynamic_task_mapping_with_no_taskflow_operators.py
[2023-09-19T13:59:02.702+0000] {processor.py:839} INFO - DAG(s) dict_keys(['example_dynamic_task_mapping_with_no_taskflow_operators']) retrieved from /home/airflow/.local/lib/python3.8/site-packages/airflow/example_dags/example_dynamic_task_mapping_with_no_taskflow_operators.py
[2023-09-19T13:59:02.721+0000] {logging_mixin.py:151} INFO - [2023-09-19T13:59:02.720+0000] {dag.py:2915} INFO - Sync 1 DAGs
[2023-09-19T13:59:02.739+0000] {logging_mixin.py:151} INFO - [2023-09-19T13:59:02.739+0000] {dag.py:3696} INFO - Setting next_dagrun for example_dynamic_task_mapping_with_no_taskflow_operators to 2023-09-18T13:59:02.738905+00:00, run_after=2023-09-19T13:59:02.738905+00:00
[2023-09-19T13:59:02.755+0000] {processor.py:179} INFO - Processing /home/airflow/.local/lib/python3.8/site-packages/airflow/example_dags/example_dynamic_task_mapping_with_no_taskflow_operators.py took 0.062 seconds
[2023-09-19T13:59:32.821+0000] {processor.py:157} INFO - Started process (PID=8451) to work on /home/airflow/.local/lib/python3.8/site-packages/airflow/example_dags/example_dynamic_task_mapping_with_no_taskflow_operators.py
[2023-09-19T13:59:32.822+0000] {processor.py:829} INFO - Processing file /home/airflow/.local/lib/python3.8/site-packages/airflow/example_dags/example_dynamic_task_mapping_with_no_taskflow_operators.py for tasks to queue
[2023-09-19T13:59:32.823+0000] {logging_mixin.py:151} INFO - [2023-09-19T13:59:32.823+0000] {dagbag.py:539} INFO - Filling up the DagBag from /home/airflow/.local/lib/python3.8/site-packages/airflow/example_dags/example_dynamic_task_mapping_with_no_taskflow_operators.py
[2023-09-19T13:59:32.828+0000] {processor.py:839} INFO - DAG(s) dict_keys(['example_dynamic_task_mapping_with_no_taskflow_operators']) retrieved from /home/airflow/.local/lib/python3.8/site-packages/airflow/example_dags/example_dynamic_task_mapping_with_no_taskflow_operators.py
[2023-09-19T13:59:32.845+0000] {logging_mixin.py:151} INFO - [2023-09-19T13:59:32.844+0000] {dag.py:2915} INFO - Sync 1 DAGs
[2023-09-19T13:59:32.865+0000] {logging_mixin.py:151} INFO - [2023-09-19T13:59:32.865+0000] {dag.py:3696} INFO - Setting next_dagrun for example_dynamic_task_mapping_with_no_taskflow_operators to 2023-09-18T13:59:32.865493+00:00, run_after=2023-09-19T13:59:32.865493+00:00
[2023-09-19T13:59:32.881+0000] {processor.py:179} INFO - Processing /home/airflow/.local/lib/python3.8/site-packages/airflow/example_dags/example_dynamic_task_mapping_with_no_taskflow_operators.py took 0.063 seconds
