[2023-09-19T13:42:09.688+0000] {processor.py:157} INFO - Started process (PID=325) to work on /home/airflow/.local/lib/python3.8/site-packages/airflow/example_dags/example_dag_decorator.py
[2023-09-19T13:42:09.689+0000] {processor.py:829} INFO - Processing file /home/airflow/.local/lib/python3.8/site-packages/airflow/example_dags/example_dag_decorator.py for tasks to queue
[2023-09-19T13:42:09.689+0000] {logging_mixin.py:151} INFO - [2023-09-19T13:42:09.689+0000] {dagbag.py:539} INFO - Filling up the DagBag from /home/airflow/.local/lib/python3.8/site-packages/airflow/example_dags/example_dag_decorator.py
[2023-09-19T13:42:09.833+0000] {processor.py:839} INFO - DAG(s) dict_keys(['example_dag_decorator']) retrieved from /home/airflow/.local/lib/python3.8/site-packages/airflow/example_dags/example_dag_decorator.py
[2023-09-19T13:42:10.062+0000] {logging_mixin.py:151} INFO - [2023-09-19T13:42:10.062+0000] {security.py:708} INFO - Not syncing DAG-level permissions for DAG 'DAG:example_dag_decorator' as access control is unset.
[2023-09-19T13:42:10.062+0000] {logging_mixin.py:151} INFO - [2023-09-19T13:42:10.062+0000] {dag.py:2915} INFO - Sync 1 DAGs
[2023-09-19T13:42:10.070+0000] {logging_mixin.py:151} INFO - [2023-09-19T13:42:10.070+0000] {dag.py:3696} INFO - Setting next_dagrun for example_dag_decorator to None, run_after=None
[2023-09-19T13:42:10.092+0000] {processor.py:179} INFO - Processing /home/airflow/.local/lib/python3.8/site-packages/airflow/example_dags/example_dag_decorator.py took 0.406 seconds
[2023-09-19T13:42:47.693+0000] {processor.py:157} INFO - Started process (PID=563) to work on /home/airflow/.local/lib/python3.8/site-packages/airflow/example_dags/example_dag_decorator.py
[2023-09-19T13:42:47.694+0000] {processor.py:829} INFO - Processing file /home/airflow/.local/lib/python3.8/site-packages/airflow/example_dags/example_dag_decorator.py for tasks to queue
[2023-09-19T13:42:47.694+0000] {logging_mixin.py:151} INFO - [2023-09-19T13:42:47.694+0000] {dagbag.py:539} INFO - Filling up the DagBag from /home/airflow/.local/lib/python3.8/site-packages/airflow/example_dags/example_dag_decorator.py
[2023-09-19T13:42:47.879+0000] {processor.py:839} INFO - DAG(s) dict_keys(['example_dag_decorator']) retrieved from /home/airflow/.local/lib/python3.8/site-packages/airflow/example_dags/example_dag_decorator.py
[2023-09-19T13:42:47.990+0000] {logging_mixin.py:151} INFO - [2023-09-19T13:42:47.989+0000] {security.py:708} INFO - Not syncing DAG-level permissions for DAG 'DAG:example_dag_decorator' as access control is unset.
[2023-09-19T13:42:47.990+0000] {logging_mixin.py:151} INFO - [2023-09-19T13:42:47.990+0000] {dag.py:2915} INFO - Sync 1 DAGs
[2023-09-19T13:42:47.997+0000] {logging_mixin.py:151} INFO - [2023-09-19T13:42:47.997+0000] {dag.py:3696} INFO - Setting next_dagrun for example_dag_decorator to None, run_after=None
[2023-09-19T13:42:48.023+0000] {processor.py:179} INFO - Processing /home/airflow/.local/lib/python3.8/site-packages/airflow/example_dags/example_dag_decorator.py took 0.333 seconds
[2023-09-19T13:43:18.924+0000] {processor.py:157} INFO - Started process (PID=803) to work on /home/airflow/.local/lib/python3.8/site-packages/airflow/example_dags/example_dag_decorator.py
[2023-09-19T13:43:18.925+0000] {processor.py:829} INFO - Processing file /home/airflow/.local/lib/python3.8/site-packages/airflow/example_dags/example_dag_decorator.py for tasks to queue
[2023-09-19T13:43:18.925+0000] {logging_mixin.py:151} INFO - [2023-09-19T13:43:18.925+0000] {dagbag.py:539} INFO - Filling up the DagBag from /home/airflow/.local/lib/python3.8/site-packages/airflow/example_dags/example_dag_decorator.py
[2023-09-19T13:43:18.970+0000] {processor.py:839} INFO - DAG(s) dict_keys(['example_dag_decorator']) retrieved from /home/airflow/.local/lib/python3.8/site-packages/airflow/example_dags/example_dag_decorator.py
[2023-09-19T13:43:19.040+0000] {logging_mixin.py:151} INFO - [2023-09-19T13:43:19.039+0000] {security.py:708} INFO - Not syncing DAG-level permissions for DAG 'DAG:example_dag_decorator' as access control is unset.
[2023-09-19T13:43:19.040+0000] {logging_mixin.py:151} INFO - [2023-09-19T13:43:19.040+0000] {dag.py:2915} INFO - Sync 1 DAGs
[2023-09-19T13:43:19.047+0000] {logging_mixin.py:151} INFO - [2023-09-19T13:43:19.047+0000] {dag.py:3696} INFO - Setting next_dagrun for example_dag_decorator to None, run_after=None
[2023-09-19T13:43:19.061+0000] {processor.py:179} INFO - Processing /home/airflow/.local/lib/python3.8/site-packages/airflow/example_dags/example_dag_decorator.py took 0.140 seconds
[2023-09-19T13:43:49.206+0000] {processor.py:157} INFO - Started process (PID=1041) to work on /home/airflow/.local/lib/python3.8/site-packages/airflow/example_dags/example_dag_decorator.py
[2023-09-19T13:43:49.207+0000] {processor.py:829} INFO - Processing file /home/airflow/.local/lib/python3.8/site-packages/airflow/example_dags/example_dag_decorator.py for tasks to queue
[2023-09-19T13:43:49.207+0000] {logging_mixin.py:151} INFO - [2023-09-19T13:43:49.207+0000] {dagbag.py:539} INFO - Filling up the DagBag from /home/airflow/.local/lib/python3.8/site-packages/airflow/example_dags/example_dag_decorator.py
[2023-09-19T13:43:49.249+0000] {processor.py:839} INFO - DAG(s) dict_keys(['example_dag_decorator']) retrieved from /home/airflow/.local/lib/python3.8/site-packages/airflow/example_dags/example_dag_decorator.py
[2023-09-19T13:43:49.317+0000] {logging_mixin.py:151} INFO - [2023-09-19T13:43:49.316+0000] {security.py:708} INFO - Not syncing DAG-level permissions for DAG 'DAG:example_dag_decorator' as access control is unset.
[2023-09-19T13:43:49.317+0000] {logging_mixin.py:151} INFO - [2023-09-19T13:43:49.317+0000] {dag.py:2915} INFO - Sync 1 DAGs
[2023-09-19T13:43:49.324+0000] {logging_mixin.py:151} INFO - [2023-09-19T13:43:49.323+0000] {dag.py:3696} INFO - Setting next_dagrun for example_dag_decorator to None, run_after=None
[2023-09-19T13:43:49.338+0000] {processor.py:179} INFO - Processing /home/airflow/.local/lib/python3.8/site-packages/airflow/example_dags/example_dag_decorator.py took 0.134 seconds
[2023-09-19T13:44:19.492+0000] {processor.py:157} INFO - Started process (PID=1279) to work on /home/airflow/.local/lib/python3.8/site-packages/airflow/example_dags/example_dag_decorator.py
[2023-09-19T13:44:19.492+0000] {processor.py:829} INFO - Processing file /home/airflow/.local/lib/python3.8/site-packages/airflow/example_dags/example_dag_decorator.py for tasks to queue
[2023-09-19T13:44:19.493+0000] {logging_mixin.py:151} INFO - [2023-09-19T13:44:19.493+0000] {dagbag.py:539} INFO - Filling up the DagBag from /home/airflow/.local/lib/python3.8/site-packages/airflow/example_dags/example_dag_decorator.py
[2023-09-19T13:44:19.540+0000] {processor.py:839} INFO - DAG(s) dict_keys(['example_dag_decorator']) retrieved from /home/airflow/.local/lib/python3.8/site-packages/airflow/example_dags/example_dag_decorator.py
[2023-09-19T13:44:19.617+0000] {logging_mixin.py:151} INFO - [2023-09-19T13:44:19.616+0000] {security.py:708} INFO - Not syncing DAG-level permissions for DAG 'DAG:example_dag_decorator' as access control is unset.
[2023-09-19T13:44:19.617+0000] {logging_mixin.py:151} INFO - [2023-09-19T13:44:19.617+0000] {dag.py:2915} INFO - Sync 1 DAGs
[2023-09-19T13:44:19.626+0000] {logging_mixin.py:151} INFO - [2023-09-19T13:44:19.626+0000] {dag.py:3696} INFO - Setting next_dagrun for example_dag_decorator to None, run_after=None
[2023-09-19T13:44:19.649+0000] {processor.py:179} INFO - Processing /home/airflow/.local/lib/python3.8/site-packages/airflow/example_dags/example_dag_decorator.py took 0.160 seconds
[2023-09-19T13:44:50.020+0000] {processor.py:157} INFO - Started process (PID=1517) to work on /home/airflow/.local/lib/python3.8/site-packages/airflow/example_dags/example_dag_decorator.py
[2023-09-19T13:44:50.021+0000] {processor.py:829} INFO - Processing file /home/airflow/.local/lib/python3.8/site-packages/airflow/example_dags/example_dag_decorator.py for tasks to queue
[2023-09-19T13:44:50.021+0000] {logging_mixin.py:151} INFO - [2023-09-19T13:44:50.021+0000] {dagbag.py:539} INFO - Filling up the DagBag from /home/airflow/.local/lib/python3.8/site-packages/airflow/example_dags/example_dag_decorator.py
[2023-09-19T13:44:50.066+0000] {processor.py:839} INFO - DAG(s) dict_keys(['example_dag_decorator']) retrieved from /home/airflow/.local/lib/python3.8/site-packages/airflow/example_dags/example_dag_decorator.py
[2023-09-19T13:44:50.137+0000] {logging_mixin.py:151} INFO - [2023-09-19T13:44:50.137+0000] {security.py:708} INFO - Not syncing DAG-level permissions for DAG 'DAG:example_dag_decorator' as access control is unset.
[2023-09-19T13:44:50.137+0000] {logging_mixin.py:151} INFO - [2023-09-19T13:44:50.137+0000] {dag.py:2915} INFO - Sync 1 DAGs
[2023-09-19T13:44:50.145+0000] {logging_mixin.py:151} INFO - [2023-09-19T13:44:50.145+0000] {dag.py:3696} INFO - Setting next_dagrun for example_dag_decorator to None, run_after=None
[2023-09-19T13:44:50.159+0000] {processor.py:179} INFO - Processing /home/airflow/.local/lib/python3.8/site-packages/airflow/example_dags/example_dag_decorator.py took 0.142 seconds
[2023-09-19T13:45:20.461+0000] {processor.py:157} INFO - Started process (PID=1756) to work on /home/airflow/.local/lib/python3.8/site-packages/airflow/example_dags/example_dag_decorator.py
[2023-09-19T13:45:20.462+0000] {processor.py:829} INFO - Processing file /home/airflow/.local/lib/python3.8/site-packages/airflow/example_dags/example_dag_decorator.py for tasks to queue
[2023-09-19T13:45:20.462+0000] {logging_mixin.py:151} INFO - [2023-09-19T13:45:20.462+0000] {dagbag.py:539} INFO - Filling up the DagBag from /home/airflow/.local/lib/python3.8/site-packages/airflow/example_dags/example_dag_decorator.py
[2023-09-19T13:45:20.512+0000] {processor.py:839} INFO - DAG(s) dict_keys(['example_dag_decorator']) retrieved from /home/airflow/.local/lib/python3.8/site-packages/airflow/example_dags/example_dag_decorator.py
[2023-09-19T13:45:20.522+0000] {logging_mixin.py:151} INFO - [2023-09-19T13:45:20.522+0000] {dag.py:2915} INFO - Sync 1 DAGs
[2023-09-19T13:45:20.537+0000] {logging_mixin.py:151} INFO - [2023-09-19T13:45:20.537+0000] {dag.py:3696} INFO - Setting next_dagrun for example_dag_decorator to None, run_after=None
[2023-09-19T13:45:20.560+0000] {processor.py:179} INFO - Processing /home/airflow/.local/lib/python3.8/site-packages/airflow/example_dags/example_dag_decorator.py took 0.102 seconds
[2023-09-19T13:45:50.844+0000] {processor.py:157} INFO - Started process (PID=1994) to work on /home/airflow/.local/lib/python3.8/site-packages/airflow/example_dags/example_dag_decorator.py
[2023-09-19T13:45:50.845+0000] {processor.py:829} INFO - Processing file /home/airflow/.local/lib/python3.8/site-packages/airflow/example_dags/example_dag_decorator.py for tasks to queue
[2023-09-19T13:45:50.846+0000] {logging_mixin.py:151} INFO - [2023-09-19T13:45:50.845+0000] {dagbag.py:539} INFO - Filling up the DagBag from /home/airflow/.local/lib/python3.8/site-packages/airflow/example_dags/example_dag_decorator.py
[2023-09-19T13:45:50.892+0000] {processor.py:839} INFO - DAG(s) dict_keys(['example_dag_decorator']) retrieved from /home/airflow/.local/lib/python3.8/site-packages/airflow/example_dags/example_dag_decorator.py
[2023-09-19T13:45:50.978+0000] {logging_mixin.py:151} INFO - [2023-09-19T13:45:50.977+0000] {security.py:708} INFO - Not syncing DAG-level permissions for DAG 'DAG:example_dag_decorator' as access control is unset.
[2023-09-19T13:45:50.978+0000] {logging_mixin.py:151} INFO - [2023-09-19T13:45:50.978+0000] {dag.py:2915} INFO - Sync 1 DAGs
[2023-09-19T13:45:50.985+0000] {logging_mixin.py:151} INFO - [2023-09-19T13:45:50.985+0000] {dag.py:3696} INFO - Setting next_dagrun for example_dag_decorator to None, run_after=None
[2023-09-19T13:45:51.004+0000] {processor.py:179} INFO - Processing /home/airflow/.local/lib/python3.8/site-packages/airflow/example_dags/example_dag_decorator.py took 0.162 seconds
[2023-09-19T13:46:21.377+0000] {processor.py:157} INFO - Started process (PID=2232) to work on /home/airflow/.local/lib/python3.8/site-packages/airflow/example_dags/example_dag_decorator.py
[2023-09-19T13:46:21.378+0000] {processor.py:829} INFO - Processing file /home/airflow/.local/lib/python3.8/site-packages/airflow/example_dags/example_dag_decorator.py for tasks to queue
[2023-09-19T13:46:21.379+0000] {logging_mixin.py:151} INFO - [2023-09-19T13:46:21.379+0000] {dagbag.py:539} INFO - Filling up the DagBag from /home/airflow/.local/lib/python3.8/site-packages/airflow/example_dags/example_dag_decorator.py
[2023-09-19T13:46:21.433+0000] {processor.py:839} INFO - DAG(s) dict_keys(['example_dag_decorator']) retrieved from /home/airflow/.local/lib/python3.8/site-packages/airflow/example_dags/example_dag_decorator.py
[2023-09-19T13:46:21.518+0000] {logging_mixin.py:151} INFO - [2023-09-19T13:46:21.517+0000] {security.py:708} INFO - Not syncing DAG-level permissions for DAG 'DAG:example_dag_decorator' as access control is unset.
[2023-09-19T13:46:21.518+0000] {logging_mixin.py:151} INFO - [2023-09-19T13:46:21.518+0000] {dag.py:2915} INFO - Sync 1 DAGs
[2023-09-19T13:46:21.525+0000] {logging_mixin.py:151} INFO - [2023-09-19T13:46:21.525+0000] {dag.py:3696} INFO - Setting next_dagrun for example_dag_decorator to None, run_after=None
[2023-09-19T13:46:21.543+0000] {processor.py:179} INFO - Processing /home/airflow/.local/lib/python3.8/site-packages/airflow/example_dags/example_dag_decorator.py took 0.169 seconds
[2023-09-19T13:46:52.399+0000] {processor.py:157} INFO - Started process (PID=2470) to work on /home/airflow/.local/lib/python3.8/site-packages/airflow/example_dags/example_dag_decorator.py
[2023-09-19T13:46:52.404+0000] {processor.py:829} INFO - Processing file /home/airflow/.local/lib/python3.8/site-packages/airflow/example_dags/example_dag_decorator.py for tasks to queue
[2023-09-19T13:46:52.406+0000] {logging_mixin.py:151} INFO - [2023-09-19T13:46:52.405+0000] {dagbag.py:539} INFO - Filling up the DagBag from /home/airflow/.local/lib/python3.8/site-packages/airflow/example_dags/example_dag_decorator.py
[2023-09-19T13:46:52.475+0000] {processor.py:839} INFO - DAG(s) dict_keys(['example_dag_decorator']) retrieved from /home/airflow/.local/lib/python3.8/site-packages/airflow/example_dags/example_dag_decorator.py
[2023-09-19T13:46:52.558+0000] {logging_mixin.py:151} INFO - [2023-09-19T13:46:52.557+0000] {security.py:708} INFO - Not syncing DAG-level permissions for DAG 'DAG:example_dag_decorator' as access control is unset.
[2023-09-19T13:46:52.558+0000] {logging_mixin.py:151} INFO - [2023-09-19T13:46:52.558+0000] {dag.py:2915} INFO - Sync 1 DAGs
[2023-09-19T13:46:52.572+0000] {logging_mixin.py:151} INFO - [2023-09-19T13:46:52.571+0000] {dag.py:3696} INFO - Setting next_dagrun for example_dag_decorator to None, run_after=None
[2023-09-19T13:46:52.593+0000] {processor.py:179} INFO - Processing /home/airflow/.local/lib/python3.8/site-packages/airflow/example_dags/example_dag_decorator.py took 0.198 seconds
[2023-09-19T13:47:23.218+0000] {processor.py:157} INFO - Started process (PID=2706) to work on /home/airflow/.local/lib/python3.8/site-packages/airflow/example_dags/example_dag_decorator.py
[2023-09-19T13:47:23.221+0000] {processor.py:829} INFO - Processing file /home/airflow/.local/lib/python3.8/site-packages/airflow/example_dags/example_dag_decorator.py for tasks to queue
[2023-09-19T13:47:23.222+0000] {logging_mixin.py:151} INFO - [2023-09-19T13:47:23.222+0000] {dagbag.py:539} INFO - Filling up the DagBag from /home/airflow/.local/lib/python3.8/site-packages/airflow/example_dags/example_dag_decorator.py
[2023-09-19T13:47:23.329+0000] {processor.py:839} INFO - DAG(s) dict_keys(['example_dag_decorator']) retrieved from /home/airflow/.local/lib/python3.8/site-packages/airflow/example_dags/example_dag_decorator.py
[2023-09-19T13:47:23.514+0000] {logging_mixin.py:151} INFO - [2023-09-19T13:47:23.514+0000] {security.py:708} INFO - Not syncing DAG-level permissions for DAG 'DAG:example_dag_decorator' as access control is unset.
[2023-09-19T13:47:23.515+0000] {logging_mixin.py:151} INFO - [2023-09-19T13:47:23.515+0000] {dag.py:2915} INFO - Sync 1 DAGs
[2023-09-19T13:47:23.525+0000] {logging_mixin.py:151} INFO - [2023-09-19T13:47:23.525+0000] {dag.py:3696} INFO - Setting next_dagrun for example_dag_decorator to None, run_after=None
[2023-09-19T13:47:23.557+0000] {processor.py:179} INFO - Processing /home/airflow/.local/lib/python3.8/site-packages/airflow/example_dags/example_dag_decorator.py took 0.345 seconds
[2023-09-19T13:47:53.591+0000] {processor.py:157} INFO - Started process (PID=2951) to work on /home/airflow/.local/lib/python3.8/site-packages/airflow/example_dags/example_dag_decorator.py
[2023-09-19T13:47:53.593+0000] {processor.py:829} INFO - Processing file /home/airflow/.local/lib/python3.8/site-packages/airflow/example_dags/example_dag_decorator.py for tasks to queue
[2023-09-19T13:47:53.594+0000] {logging_mixin.py:151} INFO - [2023-09-19T13:47:53.593+0000] {dagbag.py:539} INFO - Filling up the DagBag from /home/airflow/.local/lib/python3.8/site-packages/airflow/example_dags/example_dag_decorator.py
[2023-09-19T13:47:53.641+0000] {processor.py:839} INFO - DAG(s) dict_keys(['example_dag_decorator']) retrieved from /home/airflow/.local/lib/python3.8/site-packages/airflow/example_dags/example_dag_decorator.py
[2023-09-19T13:47:53.724+0000] {logging_mixin.py:151} INFO - [2023-09-19T13:47:53.724+0000] {security.py:708} INFO - Not syncing DAG-level permissions for DAG 'DAG:example_dag_decorator' as access control is unset.
[2023-09-19T13:47:53.724+0000] {logging_mixin.py:151} INFO - [2023-09-19T13:47:53.724+0000] {dag.py:2915} INFO - Sync 1 DAGs
[2023-09-19T13:47:53.734+0000] {logging_mixin.py:151} INFO - [2023-09-19T13:47:53.733+0000] {dag.py:3696} INFO - Setting next_dagrun for example_dag_decorator to None, run_after=None
[2023-09-19T13:47:53.751+0000] {processor.py:179} INFO - Processing /home/airflow/.local/lib/python3.8/site-packages/airflow/example_dags/example_dag_decorator.py took 0.163 seconds
[2023-09-19T13:48:23.997+0000] {processor.py:157} INFO - Started process (PID=3192) to work on /home/airflow/.local/lib/python3.8/site-packages/airflow/example_dags/example_dag_decorator.py
[2023-09-19T13:48:23.998+0000] {processor.py:829} INFO - Processing file /home/airflow/.local/lib/python3.8/site-packages/airflow/example_dags/example_dag_decorator.py for tasks to queue
[2023-09-19T13:48:23.999+0000] {logging_mixin.py:151} INFO - [2023-09-19T13:48:23.999+0000] {dagbag.py:539} INFO - Filling up the DagBag from /home/airflow/.local/lib/python3.8/site-packages/airflow/example_dags/example_dag_decorator.py
[2023-09-19T13:48:24.051+0000] {processor.py:839} INFO - DAG(s) dict_keys(['example_dag_decorator']) retrieved from /home/airflow/.local/lib/python3.8/site-packages/airflow/example_dags/example_dag_decorator.py
[2023-09-19T13:48:24.129+0000] {logging_mixin.py:151} INFO - [2023-09-19T13:48:24.129+0000] {security.py:708} INFO - Not syncing DAG-level permissions for DAG 'DAG:example_dag_decorator' as access control is unset.
[2023-09-19T13:48:24.129+0000] {logging_mixin.py:151} INFO - [2023-09-19T13:48:24.129+0000] {dag.py:2915} INFO - Sync 1 DAGs
[2023-09-19T13:48:24.138+0000] {logging_mixin.py:151} INFO - [2023-09-19T13:48:24.138+0000] {dag.py:3696} INFO - Setting next_dagrun for example_dag_decorator to None, run_after=None
[2023-09-19T13:48:24.157+0000] {processor.py:179} INFO - Processing /home/airflow/.local/lib/python3.8/site-packages/airflow/example_dags/example_dag_decorator.py took 0.162 seconds
[2023-09-19T13:48:54.431+0000] {processor.py:157} INFO - Started process (PID=3430) to work on /home/airflow/.local/lib/python3.8/site-packages/airflow/example_dags/example_dag_decorator.py
[2023-09-19T13:48:54.434+0000] {processor.py:829} INFO - Processing file /home/airflow/.local/lib/python3.8/site-packages/airflow/example_dags/example_dag_decorator.py for tasks to queue
[2023-09-19T13:48:54.435+0000] {logging_mixin.py:151} INFO - [2023-09-19T13:48:54.435+0000] {dagbag.py:539} INFO - Filling up the DagBag from /home/airflow/.local/lib/python3.8/site-packages/airflow/example_dags/example_dag_decorator.py
[2023-09-19T13:48:54.487+0000] {processor.py:839} INFO - DAG(s) dict_keys(['example_dag_decorator']) retrieved from /home/airflow/.local/lib/python3.8/site-packages/airflow/example_dags/example_dag_decorator.py
[2023-09-19T13:48:54.572+0000] {logging_mixin.py:151} INFO - [2023-09-19T13:48:54.572+0000] {security.py:708} INFO - Not syncing DAG-level permissions for DAG 'DAG:example_dag_decorator' as access control is unset.
[2023-09-19T13:48:54.572+0000] {logging_mixin.py:151} INFO - [2023-09-19T13:48:54.572+0000] {dag.py:2915} INFO - Sync 1 DAGs
[2023-09-19T13:48:54.581+0000] {logging_mixin.py:151} INFO - [2023-09-19T13:48:54.580+0000] {dag.py:3696} INFO - Setting next_dagrun for example_dag_decorator to None, run_after=None
[2023-09-19T13:48:54.598+0000] {processor.py:179} INFO - Processing /home/airflow/.local/lib/python3.8/site-packages/airflow/example_dags/example_dag_decorator.py took 0.170 seconds
[2023-09-19T13:49:25.059+0000] {processor.py:157} INFO - Started process (PID=3658) to work on /home/airflow/.local/lib/python3.8/site-packages/airflow/example_dags/example_dag_decorator.py
[2023-09-19T13:49:25.060+0000] {processor.py:829} INFO - Processing file /home/airflow/.local/lib/python3.8/site-packages/airflow/example_dags/example_dag_decorator.py for tasks to queue
[2023-09-19T13:49:25.061+0000] {logging_mixin.py:151} INFO - [2023-09-19T13:49:25.060+0000] {dagbag.py:539} INFO - Filling up the DagBag from /home/airflow/.local/lib/python3.8/site-packages/airflow/example_dags/example_dag_decorator.py
[2023-09-19T13:49:25.123+0000] {processor.py:839} INFO - DAG(s) dict_keys(['example_dag_decorator']) retrieved from /home/airflow/.local/lib/python3.8/site-packages/airflow/example_dags/example_dag_decorator.py
[2023-09-19T13:49:25.217+0000] {logging_mixin.py:151} INFO - [2023-09-19T13:49:25.217+0000] {security.py:708} INFO - Not syncing DAG-level permissions for DAG 'DAG:example_dag_decorator' as access control is unset.
[2023-09-19T13:49:25.218+0000] {logging_mixin.py:151} INFO - [2023-09-19T13:49:25.218+0000] {dag.py:2915} INFO - Sync 1 DAGs
[2023-09-19T13:49:25.229+0000] {logging_mixin.py:151} INFO - [2023-09-19T13:49:25.229+0000] {dag.py:3696} INFO - Setting next_dagrun for example_dag_decorator to None, run_after=None
[2023-09-19T13:49:25.259+0000] {processor.py:179} INFO - Processing /home/airflow/.local/lib/python3.8/site-packages/airflow/example_dags/example_dag_decorator.py took 0.202 seconds
[2023-09-19T13:49:55.661+0000] {processor.py:157} INFO - Started process (PID=3898) to work on /home/airflow/.local/lib/python3.8/site-packages/airflow/example_dags/example_dag_decorator.py
[2023-09-19T13:49:55.662+0000] {processor.py:829} INFO - Processing file /home/airflow/.local/lib/python3.8/site-packages/airflow/example_dags/example_dag_decorator.py for tasks to queue
[2023-09-19T13:49:55.663+0000] {logging_mixin.py:151} INFO - [2023-09-19T13:49:55.663+0000] {dagbag.py:539} INFO - Filling up the DagBag from /home/airflow/.local/lib/python3.8/site-packages/airflow/example_dags/example_dag_decorator.py
[2023-09-19T13:49:55.718+0000] {processor.py:839} INFO - DAG(s) dict_keys(['example_dag_decorator']) retrieved from /home/airflow/.local/lib/python3.8/site-packages/airflow/example_dags/example_dag_decorator.py
[2023-09-19T13:49:55.800+0000] {logging_mixin.py:151} INFO - [2023-09-19T13:49:55.800+0000] {security.py:708} INFO - Not syncing DAG-level permissions for DAG 'DAG:example_dag_decorator' as access control is unset.
[2023-09-19T13:49:55.800+0000] {logging_mixin.py:151} INFO - [2023-09-19T13:49:55.800+0000] {dag.py:2915} INFO - Sync 1 DAGs
[2023-09-19T13:49:55.808+0000] {logging_mixin.py:151} INFO - [2023-09-19T13:49:55.808+0000] {dag.py:3696} INFO - Setting next_dagrun for example_dag_decorator to None, run_after=None
[2023-09-19T13:49:55.828+0000] {processor.py:179} INFO - Processing /home/airflow/.local/lib/python3.8/site-packages/airflow/example_dags/example_dag_decorator.py took 0.170 seconds
[2023-09-19T13:50:26.143+0000] {processor.py:157} INFO - Started process (PID=4134) to work on /home/airflow/.local/lib/python3.8/site-packages/airflow/example_dags/example_dag_decorator.py
[2023-09-19T13:50:26.144+0000] {processor.py:829} INFO - Processing file /home/airflow/.local/lib/python3.8/site-packages/airflow/example_dags/example_dag_decorator.py for tasks to queue
[2023-09-19T13:50:26.145+0000] {logging_mixin.py:151} INFO - [2023-09-19T13:50:26.144+0000] {dagbag.py:539} INFO - Filling up the DagBag from /home/airflow/.local/lib/python3.8/site-packages/airflow/example_dags/example_dag_decorator.py
[2023-09-19T13:50:26.197+0000] {processor.py:839} INFO - DAG(s) dict_keys(['example_dag_decorator']) retrieved from /home/airflow/.local/lib/python3.8/site-packages/airflow/example_dags/example_dag_decorator.py
[2023-09-19T13:50:26.281+0000] {logging_mixin.py:151} INFO - [2023-09-19T13:50:26.280+0000] {security.py:708} INFO - Not syncing DAG-level permissions for DAG 'DAG:example_dag_decorator' as access control is unset.
[2023-09-19T13:50:26.281+0000] {logging_mixin.py:151} INFO - [2023-09-19T13:50:26.281+0000] {dag.py:2915} INFO - Sync 1 DAGs
[2023-09-19T13:50:26.289+0000] {logging_mixin.py:151} INFO - [2023-09-19T13:50:26.289+0000] {dag.py:3696} INFO - Setting next_dagrun for example_dag_decorator to None, run_after=None
[2023-09-19T13:50:26.315+0000] {processor.py:179} INFO - Processing /home/airflow/.local/lib/python3.8/site-packages/airflow/example_dags/example_dag_decorator.py took 0.173 seconds
[2023-09-19T13:50:56.598+0000] {processor.py:157} INFO - Started process (PID=4371) to work on /home/airflow/.local/lib/python3.8/site-packages/airflow/example_dags/example_dag_decorator.py
[2023-09-19T13:50:56.598+0000] {processor.py:829} INFO - Processing file /home/airflow/.local/lib/python3.8/site-packages/airflow/example_dags/example_dag_decorator.py for tasks to queue
[2023-09-19T13:50:56.599+0000] {logging_mixin.py:151} INFO - [2023-09-19T13:50:56.599+0000] {dagbag.py:539} INFO - Filling up the DagBag from /home/airflow/.local/lib/python3.8/site-packages/airflow/example_dags/example_dag_decorator.py
[2023-09-19T13:50:56.652+0000] {processor.py:839} INFO - DAG(s) dict_keys(['example_dag_decorator']) retrieved from /home/airflow/.local/lib/python3.8/site-packages/airflow/example_dags/example_dag_decorator.py
[2023-09-19T13:50:56.732+0000] {logging_mixin.py:151} INFO - [2023-09-19T13:50:56.732+0000] {security.py:708} INFO - Not syncing DAG-level permissions for DAG 'DAG:example_dag_decorator' as access control is unset.
[2023-09-19T13:50:56.732+0000] {logging_mixin.py:151} INFO - [2023-09-19T13:50:56.732+0000] {dag.py:2915} INFO - Sync 1 DAGs
[2023-09-19T13:50:56.748+0000] {logging_mixin.py:151} INFO - [2023-09-19T13:50:56.748+0000] {dag.py:3696} INFO - Setting next_dagrun for example_dag_decorator to None, run_after=None
[2023-09-19T13:50:56.768+0000] {processor.py:179} INFO - Processing /home/airflow/.local/lib/python3.8/site-packages/airflow/example_dags/example_dag_decorator.py took 0.172 seconds
[2023-09-19T13:51:27.056+0000] {processor.py:157} INFO - Started process (PID=4609) to work on /home/airflow/.local/lib/python3.8/site-packages/airflow/example_dags/example_dag_decorator.py
[2023-09-19T13:51:27.057+0000] {processor.py:829} INFO - Processing file /home/airflow/.local/lib/python3.8/site-packages/airflow/example_dags/example_dag_decorator.py for tasks to queue
[2023-09-19T13:51:27.058+0000] {logging_mixin.py:151} INFO - [2023-09-19T13:51:27.058+0000] {dagbag.py:539} INFO - Filling up the DagBag from /home/airflow/.local/lib/python3.8/site-packages/airflow/example_dags/example_dag_decorator.py
[2023-09-19T13:51:27.113+0000] {processor.py:839} INFO - DAG(s) dict_keys(['example_dag_decorator']) retrieved from /home/airflow/.local/lib/python3.8/site-packages/airflow/example_dags/example_dag_decorator.py
[2023-09-19T13:51:27.203+0000] {logging_mixin.py:151} INFO - [2023-09-19T13:51:27.203+0000] {security.py:708} INFO - Not syncing DAG-level permissions for DAG 'DAG:example_dag_decorator' as access control is unset.
[2023-09-19T13:51:27.204+0000] {logging_mixin.py:151} INFO - [2023-09-19T13:51:27.204+0000] {dag.py:2915} INFO - Sync 1 DAGs
[2023-09-19T13:51:27.213+0000] {logging_mixin.py:151} INFO - [2023-09-19T13:51:27.213+0000] {dag.py:3696} INFO - Setting next_dagrun for example_dag_decorator to None, run_after=None
[2023-09-19T13:51:27.234+0000] {processor.py:179} INFO - Processing /home/airflow/.local/lib/python3.8/site-packages/airflow/example_dags/example_dag_decorator.py took 0.182 seconds
[2023-09-19T13:51:57.349+0000] {processor.py:157} INFO - Started process (PID=4852) to work on /home/airflow/.local/lib/python3.8/site-packages/airflow/example_dags/example_dag_decorator.py
[2023-09-19T13:51:57.350+0000] {processor.py:829} INFO - Processing file /home/airflow/.local/lib/python3.8/site-packages/airflow/example_dags/example_dag_decorator.py for tasks to queue
[2023-09-19T13:51:57.350+0000] {logging_mixin.py:151} INFO - [2023-09-19T13:51:57.350+0000] {dagbag.py:539} INFO - Filling up the DagBag from /home/airflow/.local/lib/python3.8/site-packages/airflow/example_dags/example_dag_decorator.py
[2023-09-19T13:51:57.399+0000] {processor.py:839} INFO - DAG(s) dict_keys(['example_dag_decorator']) retrieved from /home/airflow/.local/lib/python3.8/site-packages/airflow/example_dags/example_dag_decorator.py
[2023-09-19T13:51:57.475+0000] {logging_mixin.py:151} INFO - [2023-09-19T13:51:57.475+0000] {security.py:708} INFO - Not syncing DAG-level permissions for DAG 'DAG:example_dag_decorator' as access control is unset.
[2023-09-19T13:51:57.475+0000] {logging_mixin.py:151} INFO - [2023-09-19T13:51:57.475+0000] {dag.py:2915} INFO - Sync 1 DAGs
[2023-09-19T13:51:57.485+0000] {logging_mixin.py:151} INFO - [2023-09-19T13:51:57.485+0000] {dag.py:3696} INFO - Setting next_dagrun for example_dag_decorator to None, run_after=None
[2023-09-19T13:51:57.505+0000] {processor.py:179} INFO - Processing /home/airflow/.local/lib/python3.8/site-packages/airflow/example_dags/example_dag_decorator.py took 0.158 seconds
[2023-09-19T13:52:27.634+0000] {processor.py:157} INFO - Started process (PID=5087) to work on /home/airflow/.local/lib/python3.8/site-packages/airflow/example_dags/example_dag_decorator.py
[2023-09-19T13:52:27.635+0000] {processor.py:829} INFO - Processing file /home/airflow/.local/lib/python3.8/site-packages/airflow/example_dags/example_dag_decorator.py for tasks to queue
[2023-09-19T13:52:27.636+0000] {logging_mixin.py:151} INFO - [2023-09-19T13:52:27.636+0000] {dagbag.py:539} INFO - Filling up the DagBag from /home/airflow/.local/lib/python3.8/site-packages/airflow/example_dags/example_dag_decorator.py
[2023-09-19T13:52:27.685+0000] {processor.py:839} INFO - DAG(s) dict_keys(['example_dag_decorator']) retrieved from /home/airflow/.local/lib/python3.8/site-packages/airflow/example_dags/example_dag_decorator.py
[2023-09-19T13:52:27.759+0000] {logging_mixin.py:151} INFO - [2023-09-19T13:52:27.758+0000] {security.py:708} INFO - Not syncing DAG-level permissions for DAG 'DAG:example_dag_decorator' as access control is unset.
[2023-09-19T13:52:27.759+0000] {logging_mixin.py:151} INFO - [2023-09-19T13:52:27.759+0000] {dag.py:2915} INFO - Sync 1 DAGs
[2023-09-19T13:52:27.767+0000] {logging_mixin.py:151} INFO - [2023-09-19T13:52:27.767+0000] {dag.py:3696} INFO - Setting next_dagrun for example_dag_decorator to None, run_after=None
[2023-09-19T13:52:27.786+0000] {processor.py:179} INFO - Processing /home/airflow/.local/lib/python3.8/site-packages/airflow/example_dags/example_dag_decorator.py took 0.155 seconds
[2023-09-19T13:52:57.827+0000] {processor.py:157} INFO - Started process (PID=5326) to work on /home/airflow/.local/lib/python3.8/site-packages/airflow/example_dags/example_dag_decorator.py
[2023-09-19T13:52:57.829+0000] {processor.py:829} INFO - Processing file /home/airflow/.local/lib/python3.8/site-packages/airflow/example_dags/example_dag_decorator.py for tasks to queue
[2023-09-19T13:52:57.830+0000] {logging_mixin.py:151} INFO - [2023-09-19T13:52:57.830+0000] {dagbag.py:539} INFO - Filling up the DagBag from /home/airflow/.local/lib/python3.8/site-packages/airflow/example_dags/example_dag_decorator.py
[2023-09-19T13:52:57.883+0000] {processor.py:839} INFO - DAG(s) dict_keys(['example_dag_decorator']) retrieved from /home/airflow/.local/lib/python3.8/site-packages/airflow/example_dags/example_dag_decorator.py
[2023-09-19T13:52:57.962+0000] {logging_mixin.py:151} INFO - [2023-09-19T13:52:57.962+0000] {security.py:708} INFO - Not syncing DAG-level permissions for DAG 'DAG:example_dag_decorator' as access control is unset.
[2023-09-19T13:52:57.963+0000] {logging_mixin.py:151} INFO - [2023-09-19T13:52:57.963+0000] {dag.py:2915} INFO - Sync 1 DAGs
[2023-09-19T13:52:57.971+0000] {logging_mixin.py:151} INFO - [2023-09-19T13:52:57.971+0000] {dag.py:3696} INFO - Setting next_dagrun for example_dag_decorator to None, run_after=None
[2023-09-19T13:52:57.990+0000] {processor.py:179} INFO - Processing /home/airflow/.local/lib/python3.8/site-packages/airflow/example_dags/example_dag_decorator.py took 0.165 seconds
[2023-09-19T13:53:28.245+0000] {processor.py:157} INFO - Started process (PID=5562) to work on /home/airflow/.local/lib/python3.8/site-packages/airflow/example_dags/example_dag_decorator.py
[2023-09-19T13:53:28.246+0000] {processor.py:829} INFO - Processing file /home/airflow/.local/lib/python3.8/site-packages/airflow/example_dags/example_dag_decorator.py for tasks to queue
[2023-09-19T13:53:28.247+0000] {logging_mixin.py:151} INFO - [2023-09-19T13:53:28.246+0000] {dagbag.py:539} INFO - Filling up the DagBag from /home/airflow/.local/lib/python3.8/site-packages/airflow/example_dags/example_dag_decorator.py
[2023-09-19T13:53:28.303+0000] {processor.py:839} INFO - DAG(s) dict_keys(['example_dag_decorator']) retrieved from /home/airflow/.local/lib/python3.8/site-packages/airflow/example_dags/example_dag_decorator.py
[2023-09-19T13:53:28.383+0000] {logging_mixin.py:151} INFO - [2023-09-19T13:53:28.383+0000] {security.py:708} INFO - Not syncing DAG-level permissions for DAG 'DAG:example_dag_decorator' as access control is unset.
[2023-09-19T13:53:28.383+0000] {logging_mixin.py:151} INFO - [2023-09-19T13:53:28.383+0000] {dag.py:2915} INFO - Sync 1 DAGs
[2023-09-19T13:53:28.391+0000] {logging_mixin.py:151} INFO - [2023-09-19T13:53:28.391+0000] {dag.py:3696} INFO - Setting next_dagrun for example_dag_decorator to None, run_after=None
[2023-09-19T13:53:28.411+0000] {processor.py:179} INFO - Processing /home/airflow/.local/lib/python3.8/site-packages/airflow/example_dags/example_dag_decorator.py took 0.170 seconds
[2023-09-19T13:53:58.445+0000] {processor.py:157} INFO - Started process (PID=5807) to work on /home/airflow/.local/lib/python3.8/site-packages/airflow/example_dags/example_dag_decorator.py
[2023-09-19T13:53:58.445+0000] {processor.py:829} INFO - Processing file /home/airflow/.local/lib/python3.8/site-packages/airflow/example_dags/example_dag_decorator.py for tasks to queue
[2023-09-19T13:53:58.446+0000] {logging_mixin.py:151} INFO - [2023-09-19T13:53:58.446+0000] {dagbag.py:539} INFO - Filling up the DagBag from /home/airflow/.local/lib/python3.8/site-packages/airflow/example_dags/example_dag_decorator.py
[2023-09-19T13:53:58.494+0000] {processor.py:839} INFO - DAG(s) dict_keys(['example_dag_decorator']) retrieved from /home/airflow/.local/lib/python3.8/site-packages/airflow/example_dags/example_dag_decorator.py
[2023-09-19T13:53:58.569+0000] {logging_mixin.py:151} INFO - [2023-09-19T13:53:58.569+0000] {security.py:708} INFO - Not syncing DAG-level permissions for DAG 'DAG:example_dag_decorator' as access control is unset.
[2023-09-19T13:53:58.570+0000] {logging_mixin.py:151} INFO - [2023-09-19T13:53:58.570+0000] {dag.py:2915} INFO - Sync 1 DAGs
[2023-09-19T13:53:58.581+0000] {logging_mixin.py:151} INFO - [2023-09-19T13:53:58.580+0000] {dag.py:3696} INFO - Setting next_dagrun for example_dag_decorator to None, run_after=None
[2023-09-19T13:53:58.600+0000] {processor.py:179} INFO - Processing /home/airflow/.local/lib/python3.8/site-packages/airflow/example_dags/example_dag_decorator.py took 0.158 seconds
[2023-09-19T13:54:28.830+0000] {processor.py:157} INFO - Started process (PID=6038) to work on /home/airflow/.local/lib/python3.8/site-packages/airflow/example_dags/example_dag_decorator.py
[2023-09-19T13:54:28.831+0000] {processor.py:829} INFO - Processing file /home/airflow/.local/lib/python3.8/site-packages/airflow/example_dags/example_dag_decorator.py for tasks to queue
[2023-09-19T13:54:28.832+0000] {logging_mixin.py:151} INFO - [2023-09-19T13:54:28.832+0000] {dagbag.py:539} INFO - Filling up the DagBag from /home/airflow/.local/lib/python3.8/site-packages/airflow/example_dags/example_dag_decorator.py
[2023-09-19T13:54:28.883+0000] {processor.py:839} INFO - DAG(s) dict_keys(['example_dag_decorator']) retrieved from /home/airflow/.local/lib/python3.8/site-packages/airflow/example_dags/example_dag_decorator.py
[2023-09-19T13:54:28.962+0000] {logging_mixin.py:151} INFO - [2023-09-19T13:54:28.962+0000] {security.py:708} INFO - Not syncing DAG-level permissions for DAG 'DAG:example_dag_decorator' as access control is unset.
[2023-09-19T13:54:28.963+0000] {logging_mixin.py:151} INFO - [2023-09-19T13:54:28.962+0000] {dag.py:2915} INFO - Sync 1 DAGs
[2023-09-19T13:54:28.971+0000] {logging_mixin.py:151} INFO - [2023-09-19T13:54:28.971+0000] {dag.py:3696} INFO - Setting next_dagrun for example_dag_decorator to None, run_after=None
[2023-09-19T13:54:28.989+0000] {processor.py:179} INFO - Processing /home/airflow/.local/lib/python3.8/site-packages/airflow/example_dags/example_dag_decorator.py took 0.161 seconds
[2023-09-19T13:54:59.129+0000] {processor.py:157} INFO - Started process (PID=6276) to work on /home/airflow/.local/lib/python3.8/site-packages/airflow/example_dags/example_dag_decorator.py
[2023-09-19T13:54:59.130+0000] {processor.py:829} INFO - Processing file /home/airflow/.local/lib/python3.8/site-packages/airflow/example_dags/example_dag_decorator.py for tasks to queue
[2023-09-19T13:54:59.131+0000] {logging_mixin.py:151} INFO - [2023-09-19T13:54:59.130+0000] {dagbag.py:539} INFO - Filling up the DagBag from /home/airflow/.local/lib/python3.8/site-packages/airflow/example_dags/example_dag_decorator.py
[2023-09-19T13:54:59.185+0000] {processor.py:839} INFO - DAG(s) dict_keys(['example_dag_decorator']) retrieved from /home/airflow/.local/lib/python3.8/site-packages/airflow/example_dags/example_dag_decorator.py
[2023-09-19T13:54:59.263+0000] {logging_mixin.py:151} INFO - [2023-09-19T13:54:59.263+0000] {security.py:708} INFO - Not syncing DAG-level permissions for DAG 'DAG:example_dag_decorator' as access control is unset.
[2023-09-19T13:54:59.263+0000] {logging_mixin.py:151} INFO - [2023-09-19T13:54:59.263+0000] {dag.py:2915} INFO - Sync 1 DAGs
[2023-09-19T13:54:59.272+0000] {logging_mixin.py:151} INFO - [2023-09-19T13:54:59.272+0000] {dag.py:3696} INFO - Setting next_dagrun for example_dag_decorator to None, run_after=None
[2023-09-19T13:54:59.292+0000] {processor.py:179} INFO - Processing /home/airflow/.local/lib/python3.8/site-packages/airflow/example_dags/example_dag_decorator.py took 0.167 seconds
[2023-09-19T13:55:29.330+0000] {processor.py:157} INFO - Started process (PID=6514) to work on /home/airflow/.local/lib/python3.8/site-packages/airflow/example_dags/example_dag_decorator.py
[2023-09-19T13:55:29.331+0000] {processor.py:829} INFO - Processing file /home/airflow/.local/lib/python3.8/site-packages/airflow/example_dags/example_dag_decorator.py for tasks to queue
[2023-09-19T13:55:29.331+0000] {logging_mixin.py:151} INFO - [2023-09-19T13:55:29.331+0000] {dagbag.py:539} INFO - Filling up the DagBag from /home/airflow/.local/lib/python3.8/site-packages/airflow/example_dags/example_dag_decorator.py
[2023-09-19T13:55:29.379+0000] {processor.py:839} INFO - DAG(s) dict_keys(['example_dag_decorator']) retrieved from /home/airflow/.local/lib/python3.8/site-packages/airflow/example_dags/example_dag_decorator.py
[2023-09-19T13:55:29.400+0000] {logging_mixin.py:151} INFO - [2023-09-19T13:55:29.400+0000] {dag.py:2915} INFO - Sync 1 DAGs
[2023-09-19T13:55:29.409+0000] {logging_mixin.py:151} INFO - [2023-09-19T13:55:29.409+0000] {dag.py:3696} INFO - Setting next_dagrun for example_dag_decorator to None, run_after=None
[2023-09-19T13:55:29.428+0000] {processor.py:179} INFO - Processing /home/airflow/.local/lib/python3.8/site-packages/airflow/example_dags/example_dag_decorator.py took 0.100 seconds
[2023-09-19T13:55:59.527+0000] {processor.py:157} INFO - Started process (PID=6752) to work on /home/airflow/.local/lib/python3.8/site-packages/airflow/example_dags/example_dag_decorator.py
[2023-09-19T13:55:59.528+0000] {processor.py:829} INFO - Processing file /home/airflow/.local/lib/python3.8/site-packages/airflow/example_dags/example_dag_decorator.py for tasks to queue
[2023-09-19T13:55:59.529+0000] {logging_mixin.py:151} INFO - [2023-09-19T13:55:59.528+0000] {dagbag.py:539} INFO - Filling up the DagBag from /home/airflow/.local/lib/python3.8/site-packages/airflow/example_dags/example_dag_decorator.py
[2023-09-19T13:55:59.577+0000] {processor.py:839} INFO - DAG(s) dict_keys(['example_dag_decorator']) retrieved from /home/airflow/.local/lib/python3.8/site-packages/airflow/example_dags/example_dag_decorator.py
[2023-09-19T13:55:59.653+0000] {logging_mixin.py:151} INFO - [2023-09-19T13:55:59.652+0000] {security.py:708} INFO - Not syncing DAG-level permissions for DAG 'DAG:example_dag_decorator' as access control is unset.
[2023-09-19T13:55:59.653+0000] {logging_mixin.py:151} INFO - [2023-09-19T13:55:59.653+0000] {dag.py:2915} INFO - Sync 1 DAGs
[2023-09-19T13:55:59.664+0000] {logging_mixin.py:151} INFO - [2023-09-19T13:55:59.663+0000] {dag.py:3696} INFO - Setting next_dagrun for example_dag_decorator to None, run_after=None
[2023-09-19T13:55:59.683+0000] {processor.py:179} INFO - Processing /home/airflow/.local/lib/python3.8/site-packages/airflow/example_dags/example_dag_decorator.py took 0.159 seconds
[2023-09-19T13:56:29.856+0000] {processor.py:157} INFO - Started process (PID=6997) to work on /home/airflow/.local/lib/python3.8/site-packages/airflow/example_dags/example_dag_decorator.py
[2023-09-19T13:56:29.857+0000] {processor.py:829} INFO - Processing file /home/airflow/.local/lib/python3.8/site-packages/airflow/example_dags/example_dag_decorator.py for tasks to queue
[2023-09-19T13:56:29.858+0000] {logging_mixin.py:151} INFO - [2023-09-19T13:56:29.858+0000] {dagbag.py:539} INFO - Filling up the DagBag from /home/airflow/.local/lib/python3.8/site-packages/airflow/example_dags/example_dag_decorator.py
[2023-09-19T13:56:29.906+0000] {processor.py:839} INFO - DAG(s) dict_keys(['example_dag_decorator']) retrieved from /home/airflow/.local/lib/python3.8/site-packages/airflow/example_dags/example_dag_decorator.py
[2023-09-19T13:56:29.988+0000] {logging_mixin.py:151} INFO - [2023-09-19T13:56:29.987+0000] {security.py:708} INFO - Not syncing DAG-level permissions for DAG 'DAG:example_dag_decorator' as access control is unset.
[2023-09-19T13:56:29.988+0000] {logging_mixin.py:151} INFO - [2023-09-19T13:56:29.988+0000] {dag.py:2915} INFO - Sync 1 DAGs
[2023-09-19T13:56:29.995+0000] {logging_mixin.py:151} INFO - [2023-09-19T13:56:29.995+0000] {dag.py:3696} INFO - Setting next_dagrun for example_dag_decorator to None, run_after=None
[2023-09-19T13:56:30.013+0000] {processor.py:179} INFO - Processing /home/airflow/.local/lib/python3.8/site-packages/airflow/example_dags/example_dag_decorator.py took 0.159 seconds
[2023-09-19T13:57:00.161+0000] {processor.py:157} INFO - Started process (PID=7235) to work on /home/airflow/.local/lib/python3.8/site-packages/airflow/example_dags/example_dag_decorator.py
[2023-09-19T13:57:00.162+0000] {processor.py:829} INFO - Processing file /home/airflow/.local/lib/python3.8/site-packages/airflow/example_dags/example_dag_decorator.py for tasks to queue
[2023-09-19T13:57:00.163+0000] {logging_mixin.py:151} INFO - [2023-09-19T13:57:00.162+0000] {dagbag.py:539} INFO - Filling up the DagBag from /home/airflow/.local/lib/python3.8/site-packages/airflow/example_dags/example_dag_decorator.py
[2023-09-19T13:57:00.211+0000] {processor.py:839} INFO - DAG(s) dict_keys(['example_dag_decorator']) retrieved from /home/airflow/.local/lib/python3.8/site-packages/airflow/example_dags/example_dag_decorator.py
[2023-09-19T13:57:00.289+0000] {logging_mixin.py:151} INFO - [2023-09-19T13:57:00.288+0000] {security.py:708} INFO - Not syncing DAG-level permissions for DAG 'DAG:example_dag_decorator' as access control is unset.
[2023-09-19T13:57:00.289+0000] {logging_mixin.py:151} INFO - [2023-09-19T13:57:00.289+0000] {dag.py:2915} INFO - Sync 1 DAGs
[2023-09-19T13:57:00.298+0000] {logging_mixin.py:151} INFO - [2023-09-19T13:57:00.298+0000] {dag.py:3696} INFO - Setting next_dagrun for example_dag_decorator to None, run_after=None
[2023-09-19T13:57:00.315+0000] {processor.py:179} INFO - Processing /home/airflow/.local/lib/python3.8/site-packages/airflow/example_dags/example_dag_decorator.py took 0.157 seconds
[2023-09-19T13:57:30.691+0000] {processor.py:157} INFO - Started process (PID=7471) to work on /home/airflow/.local/lib/python3.8/site-packages/airflow/example_dags/example_dag_decorator.py
[2023-09-19T13:57:30.692+0000] {processor.py:829} INFO - Processing file /home/airflow/.local/lib/python3.8/site-packages/airflow/example_dags/example_dag_decorator.py for tasks to queue
[2023-09-19T13:57:30.693+0000] {logging_mixin.py:151} INFO - [2023-09-19T13:57:30.693+0000] {dagbag.py:539} INFO - Filling up the DagBag from /home/airflow/.local/lib/python3.8/site-packages/airflow/example_dags/example_dag_decorator.py
[2023-09-19T13:57:30.741+0000] {processor.py:839} INFO - DAG(s) dict_keys(['example_dag_decorator']) retrieved from /home/airflow/.local/lib/python3.8/site-packages/airflow/example_dags/example_dag_decorator.py
[2023-09-19T13:57:30.828+0000] {logging_mixin.py:151} INFO - [2023-09-19T13:57:30.828+0000] {security.py:708} INFO - Not syncing DAG-level permissions for DAG 'DAG:example_dag_decorator' as access control is unset.
[2023-09-19T13:57:30.829+0000] {logging_mixin.py:151} INFO - [2023-09-19T13:57:30.828+0000] {dag.py:2915} INFO - Sync 1 DAGs
[2023-09-19T13:57:30.837+0000] {logging_mixin.py:151} INFO - [2023-09-19T13:57:30.837+0000] {dag.py:3696} INFO - Setting next_dagrun for example_dag_decorator to None, run_after=None
[2023-09-19T13:57:30.857+0000] {processor.py:179} INFO - Processing /home/airflow/.local/lib/python3.8/site-packages/airflow/example_dags/example_dag_decorator.py took 0.169 seconds
[2023-09-19T13:58:00.901+0000] {processor.py:157} INFO - Started process (PID=7710) to work on /home/airflow/.local/lib/python3.8/site-packages/airflow/example_dags/example_dag_decorator.py
[2023-09-19T13:58:00.902+0000] {processor.py:829} INFO - Processing file /home/airflow/.local/lib/python3.8/site-packages/airflow/example_dags/example_dag_decorator.py for tasks to queue
[2023-09-19T13:58:00.903+0000] {logging_mixin.py:151} INFO - [2023-09-19T13:58:00.903+0000] {dagbag.py:539} INFO - Filling up the DagBag from /home/airflow/.local/lib/python3.8/site-packages/airflow/example_dags/example_dag_decorator.py
[2023-09-19T13:58:00.953+0000] {processor.py:839} INFO - DAG(s) dict_keys(['example_dag_decorator']) retrieved from /home/airflow/.local/lib/python3.8/site-packages/airflow/example_dags/example_dag_decorator.py
[2023-09-19T13:58:01.031+0000] {logging_mixin.py:151} INFO - [2023-09-19T13:58:01.031+0000] {security.py:708} INFO - Not syncing DAG-level permissions for DAG 'DAG:example_dag_decorator' as access control is unset.
[2023-09-19T13:58:01.031+0000] {logging_mixin.py:151} INFO - [2023-09-19T13:58:01.031+0000] {dag.py:2915} INFO - Sync 1 DAGs
[2023-09-19T13:58:01.040+0000] {logging_mixin.py:151} INFO - [2023-09-19T13:58:01.040+0000] {dag.py:3696} INFO - Setting next_dagrun for example_dag_decorator to None, run_after=None
[2023-09-19T13:58:01.057+0000] {processor.py:179} INFO - Processing /home/airflow/.local/lib/python3.8/site-packages/airflow/example_dags/example_dag_decorator.py took 0.158 seconds
[2023-09-19T13:58:31.159+0000] {processor.py:157} INFO - Started process (PID=7945) to work on /home/airflow/.local/lib/python3.8/site-packages/airflow/example_dags/example_dag_decorator.py
[2023-09-19T13:58:31.160+0000] {processor.py:829} INFO - Processing file /home/airflow/.local/lib/python3.8/site-packages/airflow/example_dags/example_dag_decorator.py for tasks to queue
[2023-09-19T13:58:31.161+0000] {logging_mixin.py:151} INFO - [2023-09-19T13:58:31.161+0000] {dagbag.py:539} INFO - Filling up the DagBag from /home/airflow/.local/lib/python3.8/site-packages/airflow/example_dags/example_dag_decorator.py
[2023-09-19T13:58:31.215+0000] {processor.py:839} INFO - DAG(s) dict_keys(['example_dag_decorator']) retrieved from /home/airflow/.local/lib/python3.8/site-packages/airflow/example_dags/example_dag_decorator.py
[2023-09-19T13:58:31.288+0000] {logging_mixin.py:151} INFO - [2023-09-19T13:58:31.288+0000] {security.py:708} INFO - Not syncing DAG-level permissions for DAG 'DAG:example_dag_decorator' as access control is unset.
[2023-09-19T13:58:31.289+0000] {logging_mixin.py:151} INFO - [2023-09-19T13:58:31.289+0000] {dag.py:2915} INFO - Sync 1 DAGs
[2023-09-19T13:58:31.297+0000] {logging_mixin.py:151} INFO - [2023-09-19T13:58:31.297+0000] {dag.py:3696} INFO - Setting next_dagrun for example_dag_decorator to None, run_after=None
[2023-09-19T13:58:31.314+0000] {processor.py:179} INFO - Processing /home/airflow/.local/lib/python3.8/site-packages/airflow/example_dags/example_dag_decorator.py took 0.158 seconds
[2023-09-19T13:59:01.443+0000] {processor.py:157} INFO - Started process (PID=8183) to work on /home/airflow/.local/lib/python3.8/site-packages/airflow/example_dags/example_dag_decorator.py
[2023-09-19T13:59:01.444+0000] {processor.py:829} INFO - Processing file /home/airflow/.local/lib/python3.8/site-packages/airflow/example_dags/example_dag_decorator.py for tasks to queue
[2023-09-19T13:59:01.444+0000] {logging_mixin.py:151} INFO - [2023-09-19T13:59:01.444+0000] {dagbag.py:539} INFO - Filling up the DagBag from /home/airflow/.local/lib/python3.8/site-packages/airflow/example_dags/example_dag_decorator.py
[2023-09-19T13:59:01.494+0000] {processor.py:839} INFO - DAG(s) dict_keys(['example_dag_decorator']) retrieved from /home/airflow/.local/lib/python3.8/site-packages/airflow/example_dags/example_dag_decorator.py
[2023-09-19T13:59:01.576+0000] {logging_mixin.py:151} INFO - [2023-09-19T13:59:01.576+0000] {security.py:708} INFO - Not syncing DAG-level permissions for DAG 'DAG:example_dag_decorator' as access control is unset.
[2023-09-19T13:59:01.576+0000] {logging_mixin.py:151} INFO - [2023-09-19T13:59:01.576+0000] {dag.py:2915} INFO - Sync 1 DAGs
[2023-09-19T13:59:01.585+0000] {logging_mixin.py:151} INFO - [2023-09-19T13:59:01.585+0000] {dag.py:3696} INFO - Setting next_dagrun for example_dag_decorator to None, run_after=None
[2023-09-19T13:59:01.603+0000] {processor.py:179} INFO - Processing /home/airflow/.local/lib/python3.8/site-packages/airflow/example_dags/example_dag_decorator.py took 0.163 seconds
[2023-09-19T13:59:32.355+0000] {processor.py:157} INFO - Started process (PID=8419) to work on /home/airflow/.local/lib/python3.8/site-packages/airflow/example_dags/example_dag_decorator.py
[2023-09-19T13:59:32.356+0000] {processor.py:829} INFO - Processing file /home/airflow/.local/lib/python3.8/site-packages/airflow/example_dags/example_dag_decorator.py for tasks to queue
[2023-09-19T13:59:32.356+0000] {logging_mixin.py:151} INFO - [2023-09-19T13:59:32.356+0000] {dagbag.py:539} INFO - Filling up the DagBag from /home/airflow/.local/lib/python3.8/site-packages/airflow/example_dags/example_dag_decorator.py
[2023-09-19T13:59:32.439+0000] {processor.py:839} INFO - DAG(s) dict_keys(['example_dag_decorator']) retrieved from /home/airflow/.local/lib/python3.8/site-packages/airflow/example_dags/example_dag_decorator.py
[2023-09-19T13:59:32.515+0000] {logging_mixin.py:151} INFO - [2023-09-19T13:59:32.515+0000] {security.py:708} INFO - Not syncing DAG-level permissions for DAG 'DAG:example_dag_decorator' as access control is unset.
[2023-09-19T13:59:32.515+0000] {logging_mixin.py:151} INFO - [2023-09-19T13:59:32.515+0000] {dag.py:2915} INFO - Sync 1 DAGs
[2023-09-19T13:59:32.525+0000] {logging_mixin.py:151} INFO - [2023-09-19T13:59:32.525+0000] {dag.py:3696} INFO - Setting next_dagrun for example_dag_decorator to None, run_after=None
[2023-09-19T13:59:32.543+0000] {processor.py:179} INFO - Processing /home/airflow/.local/lib/python3.8/site-packages/airflow/example_dags/example_dag_decorator.py took 0.190 seconds
