[2023-09-19T13:42:10.559+0000] {processor.py:157} INFO - Started process (PID=365) to work on /home/airflow/.local/lib/python3.8/site-packages/airflow/example_dags/example_latest_only_with_trigger.py
[2023-09-19T13:42:10.559+0000] {processor.py:829} INFO - Processing file /home/airflow/.local/lib/python3.8/site-packages/airflow/example_dags/example_latest_only_with_trigger.py for tasks to queue
[2023-09-19T13:42:10.560+0000] {logging_mixin.py:151} INFO - [2023-09-19T13:42:10.560+0000] {dagbag.py:539} INFO - Filling up the DagBag from /home/airflow/.local/lib/python3.8/site-packages/airflow/example_dags/example_latest_only_with_trigger.py
[2023-09-19T13:42:10.566+0000] {processor.py:839} INFO - DAG(s) dict_keys(['latest_only_with_trigger']) retrieved from /home/airflow/.local/lib/python3.8/site-packages/airflow/example_dags/example_latest_only_with_trigger.py
[2023-09-19T13:42:10.587+0000] {logging_mixin.py:151} INFO - [2023-09-19T13:42:10.586+0000] {dag.py:2915} INFO - Sync 1 DAGs
[2023-09-19T13:42:10.615+0000] {logging_mixin.py:151} INFO - [2023-09-19T13:42:10.615+0000] {dag.py:3696} INFO - Setting next_dagrun for latest_only_with_trigger to 2023-09-19T09:42:10.615011+00:00, run_after=2023-09-19T13:42:10.615011+00:00
[2023-09-19T13:42:10.640+0000] {processor.py:179} INFO - Processing /home/airflow/.local/lib/python3.8/site-packages/airflow/example_dags/example_latest_only_with_trigger.py took 0.086 seconds
[2023-09-19T13:42:48.981+0000] {processor.py:157} INFO - Started process (PID=605) to work on /home/airflow/.local/lib/python3.8/site-packages/airflow/example_dags/example_latest_only_with_trigger.py
[2023-09-19T13:42:48.982+0000] {processor.py:829} INFO - Processing file /home/airflow/.local/lib/python3.8/site-packages/airflow/example_dags/example_latest_only_with_trigger.py for tasks to queue
[2023-09-19T13:42:48.982+0000] {logging_mixin.py:151} INFO - [2023-09-19T13:42:48.982+0000] {dagbag.py:539} INFO - Filling up the DagBag from /home/airflow/.local/lib/python3.8/site-packages/airflow/example_dags/example_latest_only_with_trigger.py
[2023-09-19T13:42:48.987+0000] {processor.py:839} INFO - DAG(s) dict_keys(['latest_only_with_trigger']) retrieved from /home/airflow/.local/lib/python3.8/site-packages/airflow/example_dags/example_latest_only_with_trigger.py
[2023-09-19T13:42:49.004+0000] {logging_mixin.py:151} INFO - [2023-09-19T13:42:49.003+0000] {dag.py:2915} INFO - Sync 1 DAGs
[2023-09-19T13:42:49.144+0000] {logging_mixin.py:151} INFO - [2023-09-19T13:42:49.144+0000] {dag.py:3696} INFO - Setting next_dagrun for latest_only_with_trigger to 2023-09-19T09:42:49.144650+00:00, run_after=2023-09-19T13:42:49.144650+00:00
[2023-09-19T13:42:49.165+0000] {processor.py:179} INFO - Processing /home/airflow/.local/lib/python3.8/site-packages/airflow/example_dags/example_latest_only_with_trigger.py took 0.186 seconds
[2023-09-19T13:43:19.391+0000] {processor.py:157} INFO - Started process (PID=841) to work on /home/airflow/.local/lib/python3.8/site-packages/airflow/example_dags/example_latest_only_with_trigger.py
[2023-09-19T13:43:19.394+0000] {processor.py:829} INFO - Processing file /home/airflow/.local/lib/python3.8/site-packages/airflow/example_dags/example_latest_only_with_trigger.py for tasks to queue
[2023-09-19T13:43:19.394+0000] {logging_mixin.py:151} INFO - [2023-09-19T13:43:19.394+0000] {dagbag.py:539} INFO - Filling up the DagBag from /home/airflow/.local/lib/python3.8/site-packages/airflow/example_dags/example_latest_only_with_trigger.py
[2023-09-19T13:43:19.399+0000] {processor.py:839} INFO - DAG(s) dict_keys(['latest_only_with_trigger']) retrieved from /home/airflow/.local/lib/python3.8/site-packages/airflow/example_dags/example_latest_only_with_trigger.py
[2023-09-19T13:43:19.413+0000] {logging_mixin.py:151} INFO - [2023-09-19T13:43:19.413+0000] {dag.py:2915} INFO - Sync 1 DAGs
[2023-09-19T13:43:19.428+0000] {logging_mixin.py:151} INFO - [2023-09-19T13:43:19.428+0000] {dag.py:3696} INFO - Setting next_dagrun for latest_only_with_trigger to 2023-09-19T09:43:19.427990+00:00, run_after=2023-09-19T13:43:19.427990+00:00
[2023-09-19T13:43:19.444+0000] {processor.py:179} INFO - Processing /home/airflow/.local/lib/python3.8/site-packages/airflow/example_dags/example_latest_only_with_trigger.py took 0.057 seconds
[2023-09-19T13:43:49.705+0000] {processor.py:157} INFO - Started process (PID=1079) to work on /home/airflow/.local/lib/python3.8/site-packages/airflow/example_dags/example_latest_only_with_trigger.py
[2023-09-19T13:43:49.706+0000] {processor.py:829} INFO - Processing file /home/airflow/.local/lib/python3.8/site-packages/airflow/example_dags/example_latest_only_with_trigger.py for tasks to queue
[2023-09-19T13:43:49.706+0000] {logging_mixin.py:151} INFO - [2023-09-19T13:43:49.706+0000] {dagbag.py:539} INFO - Filling up the DagBag from /home/airflow/.local/lib/python3.8/site-packages/airflow/example_dags/example_latest_only_with_trigger.py
[2023-09-19T13:43:49.710+0000] {processor.py:839} INFO - DAG(s) dict_keys(['latest_only_with_trigger']) retrieved from /home/airflow/.local/lib/python3.8/site-packages/airflow/example_dags/example_latest_only_with_trigger.py
[2023-09-19T13:43:49.726+0000] {logging_mixin.py:151} INFO - [2023-09-19T13:43:49.726+0000] {dag.py:2915} INFO - Sync 1 DAGs
[2023-09-19T13:43:49.741+0000] {logging_mixin.py:151} INFO - [2023-09-19T13:43:49.740+0000] {dag.py:3696} INFO - Setting next_dagrun for latest_only_with_trigger to 2023-09-19T09:43:49.740752+00:00, run_after=2023-09-19T13:43:49.740752+00:00
[2023-09-19T13:43:49.755+0000] {processor.py:179} INFO - Processing /home/airflow/.local/lib/python3.8/site-packages/airflow/example_dags/example_latest_only_with_trigger.py took 0.052 seconds
[2023-09-19T13:44:19.931+0000] {processor.py:157} INFO - Started process (PID=1317) to work on /home/airflow/.local/lib/python3.8/site-packages/airflow/example_dags/example_latest_only_with_trigger.py
[2023-09-19T13:44:19.932+0000] {processor.py:829} INFO - Processing file /home/airflow/.local/lib/python3.8/site-packages/airflow/example_dags/example_latest_only_with_trigger.py for tasks to queue
[2023-09-19T13:44:19.933+0000] {logging_mixin.py:151} INFO - [2023-09-19T13:44:19.932+0000] {dagbag.py:539} INFO - Filling up the DagBag from /home/airflow/.local/lib/python3.8/site-packages/airflow/example_dags/example_latest_only_with_trigger.py
[2023-09-19T13:44:19.938+0000] {processor.py:839} INFO - DAG(s) dict_keys(['latest_only_with_trigger']) retrieved from /home/airflow/.local/lib/python3.8/site-packages/airflow/example_dags/example_latest_only_with_trigger.py
[2023-09-19T13:44:19.956+0000] {logging_mixin.py:151} INFO - [2023-09-19T13:44:19.956+0000] {dag.py:2915} INFO - Sync 1 DAGs
[2023-09-19T13:44:19.973+0000] {logging_mixin.py:151} INFO - [2023-09-19T13:44:19.973+0000] {dag.py:3696} INFO - Setting next_dagrun for latest_only_with_trigger to 2023-09-19T09:44:19.973199+00:00, run_after=2023-09-19T13:44:19.973199+00:00
[2023-09-19T13:44:19.991+0000] {processor.py:179} INFO - Processing /home/airflow/.local/lib/python3.8/site-packages/airflow/example_dags/example_latest_only_with_trigger.py took 0.062 seconds
[2023-09-19T13:44:50.472+0000] {processor.py:157} INFO - Started process (PID=1555) to work on /home/airflow/.local/lib/python3.8/site-packages/airflow/example_dags/example_latest_only_with_trigger.py
[2023-09-19T13:44:50.473+0000] {processor.py:829} INFO - Processing file /home/airflow/.local/lib/python3.8/site-packages/airflow/example_dags/example_latest_only_with_trigger.py for tasks to queue
[2023-09-19T13:44:50.474+0000] {logging_mixin.py:151} INFO - [2023-09-19T13:44:50.474+0000] {dagbag.py:539} INFO - Filling up the DagBag from /home/airflow/.local/lib/python3.8/site-packages/airflow/example_dags/example_latest_only_with_trigger.py
[2023-09-19T13:44:50.481+0000] {processor.py:839} INFO - DAG(s) dict_keys(['latest_only_with_trigger']) retrieved from /home/airflow/.local/lib/python3.8/site-packages/airflow/example_dags/example_latest_only_with_trigger.py
[2023-09-19T13:44:50.501+0000] {logging_mixin.py:151} INFO - [2023-09-19T13:44:50.501+0000] {dag.py:2915} INFO - Sync 1 DAGs
[2023-09-19T13:44:50.520+0000] {logging_mixin.py:151} INFO - [2023-09-19T13:44:50.520+0000] {dag.py:3696} INFO - Setting next_dagrun for latest_only_with_trigger to 2023-09-19T09:44:50.519894+00:00, run_after=2023-09-19T13:44:50.519894+00:00
[2023-09-19T13:44:50.537+0000] {processor.py:179} INFO - Processing /home/airflow/.local/lib/python3.8/site-packages/airflow/example_dags/example_latest_only_with_trigger.py took 0.069 seconds
[2023-09-19T13:45:20.972+0000] {processor.py:157} INFO - Started process (PID=1794) to work on /home/airflow/.local/lib/python3.8/site-packages/airflow/example_dags/example_latest_only_with_trigger.py
[2023-09-19T13:45:20.974+0000] {processor.py:829} INFO - Processing file /home/airflow/.local/lib/python3.8/site-packages/airflow/example_dags/example_latest_only_with_trigger.py for tasks to queue
[2023-09-19T13:45:20.974+0000] {logging_mixin.py:151} INFO - [2023-09-19T13:45:20.974+0000] {dagbag.py:539} INFO - Filling up the DagBag from /home/airflow/.local/lib/python3.8/site-packages/airflow/example_dags/example_latest_only_with_trigger.py
[2023-09-19T13:45:20.979+0000] {processor.py:839} INFO - DAG(s) dict_keys(['latest_only_with_trigger']) retrieved from /home/airflow/.local/lib/python3.8/site-packages/airflow/example_dags/example_latest_only_with_trigger.py
[2023-09-19T13:45:20.987+0000] {logging_mixin.py:151} INFO - [2023-09-19T13:45:20.987+0000] {dag.py:2915} INFO - Sync 1 DAGs
[2023-09-19T13:45:21.006+0000] {logging_mixin.py:151} INFO - [2023-09-19T13:45:21.006+0000] {dag.py:3696} INFO - Setting next_dagrun for latest_only_with_trigger to 2023-09-19T09:45:21.005861+00:00, run_after=2023-09-19T13:45:21.005861+00:00
[2023-09-19T13:45:21.022+0000] {processor.py:179} INFO - Processing /home/airflow/.local/lib/python3.8/site-packages/airflow/example_dags/example_latest_only_with_trigger.py took 0.053 seconds
[2023-09-19T13:45:51.313+0000] {processor.py:157} INFO - Started process (PID=2032) to work on /home/airflow/.local/lib/python3.8/site-packages/airflow/example_dags/example_latest_only_with_trigger.py
[2023-09-19T13:45:51.314+0000] {processor.py:829} INFO - Processing file /home/airflow/.local/lib/python3.8/site-packages/airflow/example_dags/example_latest_only_with_trigger.py for tasks to queue
[2023-09-19T13:45:51.315+0000] {logging_mixin.py:151} INFO - [2023-09-19T13:45:51.315+0000] {dagbag.py:539} INFO - Filling up the DagBag from /home/airflow/.local/lib/python3.8/site-packages/airflow/example_dags/example_latest_only_with_trigger.py
[2023-09-19T13:45:51.320+0000] {processor.py:839} INFO - DAG(s) dict_keys(['latest_only_with_trigger']) retrieved from /home/airflow/.local/lib/python3.8/site-packages/airflow/example_dags/example_latest_only_with_trigger.py
[2023-09-19T13:45:51.341+0000] {logging_mixin.py:151} INFO - [2023-09-19T13:45:51.340+0000] {dag.py:2915} INFO - Sync 1 DAGs
[2023-09-19T13:45:51.375+0000] {logging_mixin.py:151} INFO - [2023-09-19T13:45:51.375+0000] {dag.py:3696} INFO - Setting next_dagrun for latest_only_with_trigger to 2023-09-19T09:45:51.374893+00:00, run_after=2023-09-19T13:45:51.374893+00:00
[2023-09-19T13:45:51.414+0000] {processor.py:179} INFO - Processing /home/airflow/.local/lib/python3.8/site-packages/airflow/example_dags/example_latest_only_with_trigger.py took 0.103 seconds
[2023-09-19T13:46:21.788+0000] {processor.py:157} INFO - Started process (PID=2270) to work on /home/airflow/.local/lib/python3.8/site-packages/airflow/example_dags/example_latest_only_with_trigger.py
[2023-09-19T13:46:21.789+0000] {processor.py:829} INFO - Processing file /home/airflow/.local/lib/python3.8/site-packages/airflow/example_dags/example_latest_only_with_trigger.py for tasks to queue
[2023-09-19T13:46:21.790+0000] {logging_mixin.py:151} INFO - [2023-09-19T13:46:21.789+0000] {dagbag.py:539} INFO - Filling up the DagBag from /home/airflow/.local/lib/python3.8/site-packages/airflow/example_dags/example_latest_only_with_trigger.py
[2023-09-19T13:46:21.794+0000] {processor.py:839} INFO - DAG(s) dict_keys(['latest_only_with_trigger']) retrieved from /home/airflow/.local/lib/python3.8/site-packages/airflow/example_dags/example_latest_only_with_trigger.py
[2023-09-19T13:46:21.813+0000] {logging_mixin.py:151} INFO - [2023-09-19T13:46:21.813+0000] {dag.py:2915} INFO - Sync 1 DAGs
[2023-09-19T13:46:21.835+0000] {logging_mixin.py:151} INFO - [2023-09-19T13:46:21.835+0000] {dag.py:3696} INFO - Setting next_dagrun for latest_only_with_trigger to 2023-09-19T09:46:21.835532+00:00, run_after=2023-09-19T13:46:21.835532+00:00
[2023-09-19T13:46:21.853+0000] {processor.py:179} INFO - Processing /home/airflow/.local/lib/python3.8/site-packages/airflow/example_dags/example_latest_only_with_trigger.py took 0.067 seconds
[2023-09-19T13:46:53.147+0000] {processor.py:157} INFO - Started process (PID=2510) to work on /home/airflow/.local/lib/python3.8/site-packages/airflow/example_dags/example_latest_only_with_trigger.py
[2023-09-19T13:46:53.149+0000] {processor.py:829} INFO - Processing file /home/airflow/.local/lib/python3.8/site-packages/airflow/example_dags/example_latest_only_with_trigger.py for tasks to queue
[2023-09-19T13:46:53.149+0000] {logging_mixin.py:151} INFO - [2023-09-19T13:46:53.149+0000] {dagbag.py:539} INFO - Filling up the DagBag from /home/airflow/.local/lib/python3.8/site-packages/airflow/example_dags/example_latest_only_with_trigger.py
[2023-09-19T13:46:53.156+0000] {processor.py:839} INFO - DAG(s) dict_keys(['latest_only_with_trigger']) retrieved from /home/airflow/.local/lib/python3.8/site-packages/airflow/example_dags/example_latest_only_with_trigger.py
[2023-09-19T13:46:53.178+0000] {logging_mixin.py:151} INFO - [2023-09-19T13:46:53.178+0000] {dag.py:2915} INFO - Sync 1 DAGs
[2023-09-19T13:46:53.202+0000] {logging_mixin.py:151} INFO - [2023-09-19T13:46:53.201+0000] {dag.py:3696} INFO - Setting next_dagrun for latest_only_with_trigger to 2023-09-19T09:46:53.201472+00:00, run_after=2023-09-19T13:46:53.201472+00:00
[2023-09-19T13:46:53.222+0000] {processor.py:179} INFO - Processing /home/airflow/.local/lib/python3.8/site-packages/airflow/example_dags/example_latest_only_with_trigger.py took 0.079 seconds
[2023-09-19T13:47:24.193+0000] {processor.py:157} INFO - Started process (PID=2746) to work on /home/airflow/.local/lib/python3.8/site-packages/airflow/example_dags/example_latest_only_with_trigger.py
[2023-09-19T13:47:24.194+0000] {processor.py:829} INFO - Processing file /home/airflow/.local/lib/python3.8/site-packages/airflow/example_dags/example_latest_only_with_trigger.py for tasks to queue
[2023-09-19T13:47:24.194+0000] {logging_mixin.py:151} INFO - [2023-09-19T13:47:24.194+0000] {dagbag.py:539} INFO - Filling up the DagBag from /home/airflow/.local/lib/python3.8/site-packages/airflow/example_dags/example_latest_only_with_trigger.py
[2023-09-19T13:47:24.200+0000] {processor.py:839} INFO - DAG(s) dict_keys(['latest_only_with_trigger']) retrieved from /home/airflow/.local/lib/python3.8/site-packages/airflow/example_dags/example_latest_only_with_trigger.py
[2023-09-19T13:47:24.227+0000] {logging_mixin.py:151} INFO - [2023-09-19T13:47:24.226+0000] {dag.py:2915} INFO - Sync 1 DAGs
[2023-09-19T13:47:24.252+0000] {logging_mixin.py:151} INFO - [2023-09-19T13:47:24.252+0000] {dag.py:3696} INFO - Setting next_dagrun for latest_only_with_trigger to 2023-09-19T09:47:24.251859+00:00, run_after=2023-09-19T13:47:24.251859+00:00
[2023-09-19T13:47:24.289+0000] {processor.py:179} INFO - Processing /home/airflow/.local/lib/python3.8/site-packages/airflow/example_dags/example_latest_only_with_trigger.py took 0.099 seconds
[2023-09-19T13:47:55.000+0000] {processor.py:157} INFO - Started process (PID=2984) to work on /home/airflow/.local/lib/python3.8/site-packages/airflow/example_dags/example_latest_only_with_trigger.py
[2023-09-19T13:47:55.001+0000] {processor.py:829} INFO - Processing file /home/airflow/.local/lib/python3.8/site-packages/airflow/example_dags/example_latest_only_with_trigger.py for tasks to queue
[2023-09-19T13:47:55.002+0000] {logging_mixin.py:151} INFO - [2023-09-19T13:47:55.002+0000] {dagbag.py:539} INFO - Filling up the DagBag from /home/airflow/.local/lib/python3.8/site-packages/airflow/example_dags/example_latest_only_with_trigger.py
[2023-09-19T13:47:55.008+0000] {processor.py:839} INFO - DAG(s) dict_keys(['latest_only_with_trigger']) retrieved from /home/airflow/.local/lib/python3.8/site-packages/airflow/example_dags/example_latest_only_with_trigger.py
[2023-09-19T13:47:55.028+0000] {logging_mixin.py:151} INFO - [2023-09-19T13:47:55.028+0000] {dag.py:2915} INFO - Sync 1 DAGs
[2023-09-19T13:47:55.045+0000] {logging_mixin.py:151} INFO - [2023-09-19T13:47:55.045+0000] {dag.py:3696} INFO - Setting next_dagrun for latest_only_with_trigger to 2023-09-19T09:47:55.045053+00:00, run_after=2023-09-19T13:47:55.045053+00:00
[2023-09-19T13:47:55.065+0000] {processor.py:179} INFO - Processing /home/airflow/.local/lib/python3.8/site-packages/airflow/example_dags/example_latest_only_with_trigger.py took 0.069 seconds
[2023-09-19T13:48:25.344+0000] {processor.py:157} INFO - Started process (PID=3222) to work on /home/airflow/.local/lib/python3.8/site-packages/airflow/example_dags/example_latest_only_with_trigger.py
[2023-09-19T13:48:25.345+0000] {processor.py:829} INFO - Processing file /home/airflow/.local/lib/python3.8/site-packages/airflow/example_dags/example_latest_only_with_trigger.py for tasks to queue
[2023-09-19T13:48:25.346+0000] {logging_mixin.py:151} INFO - [2023-09-19T13:48:25.345+0000] {dagbag.py:539} INFO - Filling up the DagBag from /home/airflow/.local/lib/python3.8/site-packages/airflow/example_dags/example_latest_only_with_trigger.py
[2023-09-19T13:48:25.351+0000] {processor.py:839} INFO - DAG(s) dict_keys(['latest_only_with_trigger']) retrieved from /home/airflow/.local/lib/python3.8/site-packages/airflow/example_dags/example_latest_only_with_trigger.py
[2023-09-19T13:48:25.368+0000] {logging_mixin.py:151} INFO - [2023-09-19T13:48:25.367+0000] {dag.py:2915} INFO - Sync 1 DAGs
[2023-09-19T13:48:25.387+0000] {logging_mixin.py:151} INFO - [2023-09-19T13:48:25.387+0000] {dag.py:3696} INFO - Setting next_dagrun for latest_only_with_trigger to 2023-09-19T09:48:25.387192+00:00, run_after=2023-09-19T13:48:25.387192+00:00
[2023-09-19T13:48:25.407+0000] {processor.py:179} INFO - Processing /home/airflow/.local/lib/python3.8/site-packages/airflow/example_dags/example_latest_only_with_trigger.py took 0.065 seconds
[2023-09-19T13:48:55.791+0000] {processor.py:157} INFO - Started process (PID=3460) to work on /home/airflow/.local/lib/python3.8/site-packages/airflow/example_dags/example_latest_only_with_trigger.py
[2023-09-19T13:48:55.792+0000] {processor.py:829} INFO - Processing file /home/airflow/.local/lib/python3.8/site-packages/airflow/example_dags/example_latest_only_with_trigger.py for tasks to queue
[2023-09-19T13:48:55.793+0000] {logging_mixin.py:151} INFO - [2023-09-19T13:48:55.793+0000] {dagbag.py:539} INFO - Filling up the DagBag from /home/airflow/.local/lib/python3.8/site-packages/airflow/example_dags/example_latest_only_with_trigger.py
[2023-09-19T13:48:55.799+0000] {processor.py:839} INFO - DAG(s) dict_keys(['latest_only_with_trigger']) retrieved from /home/airflow/.local/lib/python3.8/site-packages/airflow/example_dags/example_latest_only_with_trigger.py
[2023-09-19T13:48:55.816+0000] {logging_mixin.py:151} INFO - [2023-09-19T13:48:55.816+0000] {dag.py:2915} INFO - Sync 1 DAGs
[2023-09-19T13:48:55.838+0000] {logging_mixin.py:151} INFO - [2023-09-19T13:48:55.838+0000] {dag.py:3696} INFO - Setting next_dagrun for latest_only_with_trigger to 2023-09-19T09:48:55.838046+00:00, run_after=2023-09-19T13:48:55.838046+00:00
[2023-09-19T13:48:55.856+0000] {processor.py:179} INFO - Processing /home/airflow/.local/lib/python3.8/site-packages/airflow/example_dags/example_latest_only_with_trigger.py took 0.067 seconds
[2023-09-19T13:49:26.589+0000] {processor.py:157} INFO - Started process (PID=3698) to work on /home/airflow/.local/lib/python3.8/site-packages/airflow/example_dags/example_latest_only_with_trigger.py
[2023-09-19T13:49:26.590+0000] {processor.py:829} INFO - Processing file /home/airflow/.local/lib/python3.8/site-packages/airflow/example_dags/example_latest_only_with_trigger.py for tasks to queue
[2023-09-19T13:49:26.590+0000] {logging_mixin.py:151} INFO - [2023-09-19T13:49:26.590+0000] {dagbag.py:539} INFO - Filling up the DagBag from /home/airflow/.local/lib/python3.8/site-packages/airflow/example_dags/example_latest_only_with_trigger.py
[2023-09-19T13:49:26.596+0000] {processor.py:839} INFO - DAG(s) dict_keys(['latest_only_with_trigger']) retrieved from /home/airflow/.local/lib/python3.8/site-packages/airflow/example_dags/example_latest_only_with_trigger.py
[2023-09-19T13:49:26.619+0000] {logging_mixin.py:151} INFO - [2023-09-19T13:49:26.618+0000] {dag.py:2915} INFO - Sync 1 DAGs
[2023-09-19T13:49:26.640+0000] {logging_mixin.py:151} INFO - [2023-09-19T13:49:26.640+0000] {dag.py:3696} INFO - Setting next_dagrun for latest_only_with_trigger to 2023-09-19T09:49:26.640485+00:00, run_after=2023-09-19T13:49:26.640485+00:00
[2023-09-19T13:49:26.663+0000] {processor.py:179} INFO - Processing /home/airflow/.local/lib/python3.8/site-packages/airflow/example_dags/example_latest_only_with_trigger.py took 0.077 seconds
[2023-09-19T13:49:57.158+0000] {processor.py:157} INFO - Started process (PID=3936) to work on /home/airflow/.local/lib/python3.8/site-packages/airflow/example_dags/example_latest_only_with_trigger.py
[2023-09-19T13:49:57.159+0000] {processor.py:829} INFO - Processing file /home/airflow/.local/lib/python3.8/site-packages/airflow/example_dags/example_latest_only_with_trigger.py for tasks to queue
[2023-09-19T13:49:57.160+0000] {logging_mixin.py:151} INFO - [2023-09-19T13:49:57.159+0000] {dagbag.py:539} INFO - Filling up the DagBag from /home/airflow/.local/lib/python3.8/site-packages/airflow/example_dags/example_latest_only_with_trigger.py
[2023-09-19T13:49:57.164+0000] {processor.py:839} INFO - DAG(s) dict_keys(['latest_only_with_trigger']) retrieved from /home/airflow/.local/lib/python3.8/site-packages/airflow/example_dags/example_latest_only_with_trigger.py
[2023-09-19T13:49:57.182+0000] {logging_mixin.py:151} INFO - [2023-09-19T13:49:57.182+0000] {dag.py:2915} INFO - Sync 1 DAGs
[2023-09-19T13:49:57.202+0000] {logging_mixin.py:151} INFO - [2023-09-19T13:49:57.201+0000] {dag.py:3696} INFO - Setting next_dagrun for latest_only_with_trigger to 2023-09-19T09:49:57.201286+00:00, run_after=2023-09-19T13:49:57.201286+00:00
[2023-09-19T13:49:57.226+0000] {processor.py:179} INFO - Processing /home/airflow/.local/lib/python3.8/site-packages/airflow/example_dags/example_latest_only_with_trigger.py took 0.071 seconds
[2023-09-19T13:50:27.635+0000] {processor.py:157} INFO - Started process (PID=4174) to work on /home/airflow/.local/lib/python3.8/site-packages/airflow/example_dags/example_latest_only_with_trigger.py
[2023-09-19T13:50:27.637+0000] {processor.py:829} INFO - Processing file /home/airflow/.local/lib/python3.8/site-packages/airflow/example_dags/example_latest_only_with_trigger.py for tasks to queue
[2023-09-19T13:50:27.637+0000] {logging_mixin.py:151} INFO - [2023-09-19T13:50:27.637+0000] {dagbag.py:539} INFO - Filling up the DagBag from /home/airflow/.local/lib/python3.8/site-packages/airflow/example_dags/example_latest_only_with_trigger.py
[2023-09-19T13:50:27.643+0000] {processor.py:839} INFO - DAG(s) dict_keys(['latest_only_with_trigger']) retrieved from /home/airflow/.local/lib/python3.8/site-packages/airflow/example_dags/example_latest_only_with_trigger.py
[2023-09-19T13:50:27.661+0000] {logging_mixin.py:151} INFO - [2023-09-19T13:50:27.661+0000] {dag.py:2915} INFO - Sync 1 DAGs
[2023-09-19T13:50:27.682+0000] {logging_mixin.py:151} INFO - [2023-09-19T13:50:27.682+0000] {dag.py:3696} INFO - Setting next_dagrun for latest_only_with_trigger to 2023-09-19T09:50:27.681808+00:00, run_after=2023-09-19T13:50:27.681808+00:00
[2023-09-19T13:50:27.701+0000] {processor.py:179} INFO - Processing /home/airflow/.local/lib/python3.8/site-packages/airflow/example_dags/example_latest_only_with_trigger.py took 0.068 seconds
[2023-09-19T13:50:58.094+0000] {processor.py:157} INFO - Started process (PID=4411) to work on /home/airflow/.local/lib/python3.8/site-packages/airflow/example_dags/example_latest_only_with_trigger.py
[2023-09-19T13:50:58.095+0000] {processor.py:829} INFO - Processing file /home/airflow/.local/lib/python3.8/site-packages/airflow/example_dags/example_latest_only_with_trigger.py for tasks to queue
[2023-09-19T13:50:58.095+0000] {logging_mixin.py:151} INFO - [2023-09-19T13:50:58.095+0000] {dagbag.py:539} INFO - Filling up the DagBag from /home/airflow/.local/lib/python3.8/site-packages/airflow/example_dags/example_latest_only_with_trigger.py
[2023-09-19T13:50:58.102+0000] {processor.py:839} INFO - DAG(s) dict_keys(['latest_only_with_trigger']) retrieved from /home/airflow/.local/lib/python3.8/site-packages/airflow/example_dags/example_latest_only_with_trigger.py
[2023-09-19T13:50:58.124+0000] {logging_mixin.py:151} INFO - [2023-09-19T13:50:58.124+0000] {dag.py:2915} INFO - Sync 1 DAGs
[2023-09-19T13:50:58.142+0000] {logging_mixin.py:151} INFO - [2023-09-19T13:50:58.142+0000] {dag.py:3696} INFO - Setting next_dagrun for latest_only_with_trigger to 2023-09-19T09:50:58.142145+00:00, run_after=2023-09-19T13:50:58.142145+00:00
[2023-09-19T13:50:58.164+0000] {processor.py:179} INFO - Processing /home/airflow/.local/lib/python3.8/site-packages/airflow/example_dags/example_latest_only_with_trigger.py took 0.073 seconds
[2023-09-19T13:51:28.564+0000] {processor.py:157} INFO - Started process (PID=4649) to work on /home/airflow/.local/lib/python3.8/site-packages/airflow/example_dags/example_latest_only_with_trigger.py
[2023-09-19T13:51:28.565+0000] {processor.py:829} INFO - Processing file /home/airflow/.local/lib/python3.8/site-packages/airflow/example_dags/example_latest_only_with_trigger.py for tasks to queue
[2023-09-19T13:51:28.566+0000] {logging_mixin.py:151} INFO - [2023-09-19T13:51:28.566+0000] {dagbag.py:539} INFO - Filling up the DagBag from /home/airflow/.local/lib/python3.8/site-packages/airflow/example_dags/example_latest_only_with_trigger.py
[2023-09-19T13:51:28.572+0000] {processor.py:839} INFO - DAG(s) dict_keys(['latest_only_with_trigger']) retrieved from /home/airflow/.local/lib/python3.8/site-packages/airflow/example_dags/example_latest_only_with_trigger.py
[2023-09-19T13:51:28.594+0000] {logging_mixin.py:151} INFO - [2023-09-19T13:51:28.594+0000] {dag.py:2915} INFO - Sync 1 DAGs
[2023-09-19T13:51:28.615+0000] {logging_mixin.py:151} INFO - [2023-09-19T13:51:28.614+0000] {dag.py:3696} INFO - Setting next_dagrun for latest_only_with_trigger to 2023-09-19T09:51:28.614707+00:00, run_after=2023-09-19T13:51:28.614707+00:00
[2023-09-19T13:51:28.631+0000] {processor.py:179} INFO - Processing /home/airflow/.local/lib/python3.8/site-packages/airflow/example_dags/example_latest_only_with_trigger.py took 0.072 seconds
[2023-09-19T13:51:58.786+0000] {processor.py:157} INFO - Started process (PID=4887) to work on /home/airflow/.local/lib/python3.8/site-packages/airflow/example_dags/example_latest_only_with_trigger.py
[2023-09-19T13:51:58.788+0000] {processor.py:829} INFO - Processing file /home/airflow/.local/lib/python3.8/site-packages/airflow/example_dags/example_latest_only_with_trigger.py for tasks to queue
[2023-09-19T13:51:58.789+0000] {logging_mixin.py:151} INFO - [2023-09-19T13:51:58.789+0000] {dagbag.py:539} INFO - Filling up the DagBag from /home/airflow/.local/lib/python3.8/site-packages/airflow/example_dags/example_latest_only_with_trigger.py
[2023-09-19T13:51:58.795+0000] {processor.py:839} INFO - DAG(s) dict_keys(['latest_only_with_trigger']) retrieved from /home/airflow/.local/lib/python3.8/site-packages/airflow/example_dags/example_latest_only_with_trigger.py
[2023-09-19T13:51:58.811+0000] {logging_mixin.py:151} INFO - [2023-09-19T13:51:58.811+0000] {dag.py:2915} INFO - Sync 1 DAGs
[2023-09-19T13:51:58.826+0000] {logging_mixin.py:151} INFO - [2023-09-19T13:51:58.826+0000] {dag.py:3696} INFO - Setting next_dagrun for latest_only_with_trigger to 2023-09-19T09:51:58.826416+00:00, run_after=2023-09-19T13:51:58.826416+00:00
[2023-09-19T13:51:58.845+0000] {processor.py:179} INFO - Processing /home/airflow/.local/lib/python3.8/site-packages/airflow/example_dags/example_latest_only_with_trigger.py took 0.062 seconds
[2023-09-19T13:52:29.002+0000] {processor.py:157} INFO - Started process (PID=5125) to work on /home/airflow/.local/lib/python3.8/site-packages/airflow/example_dags/example_latest_only_with_trigger.py
[2023-09-19T13:52:29.002+0000] {processor.py:829} INFO - Processing file /home/airflow/.local/lib/python3.8/site-packages/airflow/example_dags/example_latest_only_with_trigger.py for tasks to queue
[2023-09-19T13:52:29.003+0000] {logging_mixin.py:151} INFO - [2023-09-19T13:52:29.003+0000] {dagbag.py:539} INFO - Filling up the DagBag from /home/airflow/.local/lib/python3.8/site-packages/airflow/example_dags/example_latest_only_with_trigger.py
[2023-09-19T13:52:29.007+0000] {processor.py:839} INFO - DAG(s) dict_keys(['latest_only_with_trigger']) retrieved from /home/airflow/.local/lib/python3.8/site-packages/airflow/example_dags/example_latest_only_with_trigger.py
[2023-09-19T13:52:29.023+0000] {logging_mixin.py:151} INFO - [2023-09-19T13:52:29.023+0000] {dag.py:2915} INFO - Sync 1 DAGs
[2023-09-19T13:52:29.043+0000] {logging_mixin.py:151} INFO - [2023-09-19T13:52:29.043+0000] {dag.py:3696} INFO - Setting next_dagrun for latest_only_with_trigger to 2023-09-19T09:52:29.042905+00:00, run_after=2023-09-19T13:52:29.042905+00:00
[2023-09-19T13:52:29.061+0000] {processor.py:179} INFO - Processing /home/airflow/.local/lib/python3.8/site-packages/airflow/example_dags/example_latest_only_with_trigger.py took 0.062 seconds
[2023-09-19T13:52:59.162+0000] {processor.py:157} INFO - Started process (PID=5359) to work on /home/airflow/.local/lib/python3.8/site-packages/airflow/example_dags/example_latest_only_with_trigger.py
[2023-09-19T13:52:59.163+0000] {processor.py:829} INFO - Processing file /home/airflow/.local/lib/python3.8/site-packages/airflow/example_dags/example_latest_only_with_trigger.py for tasks to queue
[2023-09-19T13:52:59.164+0000] {logging_mixin.py:151} INFO - [2023-09-19T13:52:59.163+0000] {dagbag.py:539} INFO - Filling up the DagBag from /home/airflow/.local/lib/python3.8/site-packages/airflow/example_dags/example_latest_only_with_trigger.py
[2023-09-19T13:52:59.169+0000] {processor.py:839} INFO - DAG(s) dict_keys(['latest_only_with_trigger']) retrieved from /home/airflow/.local/lib/python3.8/site-packages/airflow/example_dags/example_latest_only_with_trigger.py
[2023-09-19T13:52:59.189+0000] {logging_mixin.py:151} INFO - [2023-09-19T13:52:59.188+0000] {dag.py:2915} INFO - Sync 1 DAGs
[2023-09-19T13:52:59.206+0000] {logging_mixin.py:151} INFO - [2023-09-19T13:52:59.206+0000] {dag.py:3696} INFO - Setting next_dagrun for latest_only_with_trigger to 2023-09-19T09:52:59.206022+00:00, run_after=2023-09-19T13:52:59.206022+00:00
[2023-09-19T13:52:59.223+0000] {processor.py:179} INFO - Processing /home/airflow/.local/lib/python3.8/site-packages/airflow/example_dags/example_latest_only_with_trigger.py took 0.064 seconds
[2023-09-19T13:53:29.594+0000] {processor.py:157} INFO - Started process (PID=5597) to work on /home/airflow/.local/lib/python3.8/site-packages/airflow/example_dags/example_latest_only_with_trigger.py
[2023-09-19T13:53:29.595+0000] {processor.py:829} INFO - Processing file /home/airflow/.local/lib/python3.8/site-packages/airflow/example_dags/example_latest_only_with_trigger.py for tasks to queue
[2023-09-19T13:53:29.595+0000] {logging_mixin.py:151} INFO - [2023-09-19T13:53:29.595+0000] {dagbag.py:539} INFO - Filling up the DagBag from /home/airflow/.local/lib/python3.8/site-packages/airflow/example_dags/example_latest_only_with_trigger.py
[2023-09-19T13:53:29.602+0000] {processor.py:839} INFO - DAG(s) dict_keys(['latest_only_with_trigger']) retrieved from /home/airflow/.local/lib/python3.8/site-packages/airflow/example_dags/example_latest_only_with_trigger.py
[2023-09-19T13:53:29.626+0000] {logging_mixin.py:151} INFO - [2023-09-19T13:53:29.625+0000] {dag.py:2915} INFO - Sync 1 DAGs
[2023-09-19T13:53:29.647+0000] {logging_mixin.py:151} INFO - [2023-09-19T13:53:29.647+0000] {dag.py:3696} INFO - Setting next_dagrun for latest_only_with_trigger to 2023-09-19T09:53:29.647167+00:00, run_after=2023-09-19T13:53:29.647167+00:00
[2023-09-19T13:53:29.668+0000] {processor.py:179} INFO - Processing /home/airflow/.local/lib/python3.8/site-packages/airflow/example_dags/example_latest_only_with_trigger.py took 0.078 seconds
[2023-09-19T13:53:59.785+0000] {processor.py:157} INFO - Started process (PID=5835) to work on /home/airflow/.local/lib/python3.8/site-packages/airflow/example_dags/example_latest_only_with_trigger.py
[2023-09-19T13:53:59.786+0000] {processor.py:829} INFO - Processing file /home/airflow/.local/lib/python3.8/site-packages/airflow/example_dags/example_latest_only_with_trigger.py for tasks to queue
[2023-09-19T13:53:59.787+0000] {logging_mixin.py:151} INFO - [2023-09-19T13:53:59.787+0000] {dagbag.py:539} INFO - Filling up the DagBag from /home/airflow/.local/lib/python3.8/site-packages/airflow/example_dags/example_latest_only_with_trigger.py
[2023-09-19T13:53:59.792+0000] {processor.py:839} INFO - DAG(s) dict_keys(['latest_only_with_trigger']) retrieved from /home/airflow/.local/lib/python3.8/site-packages/airflow/example_dags/example_latest_only_with_trigger.py
[2023-09-19T13:53:59.809+0000] {logging_mixin.py:151} INFO - [2023-09-19T13:53:59.809+0000] {dag.py:2915} INFO - Sync 1 DAGs
[2023-09-19T13:53:59.833+0000] {logging_mixin.py:151} INFO - [2023-09-19T13:53:59.833+0000] {dag.py:3696} INFO - Setting next_dagrun for latest_only_with_trigger to 2023-09-19T09:53:59.833415+00:00, run_after=2023-09-19T13:53:59.833415+00:00
[2023-09-19T13:53:59.854+0000] {processor.py:179} INFO - Processing /home/airflow/.local/lib/python3.8/site-packages/airflow/example_dags/example_latest_only_with_trigger.py took 0.071 seconds
[2023-09-19T13:54:30.187+0000] {processor.py:157} INFO - Started process (PID=6073) to work on /home/airflow/.local/lib/python3.8/site-packages/airflow/example_dags/example_latest_only_with_trigger.py
[2023-09-19T13:54:30.188+0000] {processor.py:829} INFO - Processing file /home/airflow/.local/lib/python3.8/site-packages/airflow/example_dags/example_latest_only_with_trigger.py for tasks to queue
[2023-09-19T13:54:30.189+0000] {logging_mixin.py:151} INFO - [2023-09-19T13:54:30.188+0000] {dagbag.py:539} INFO - Filling up the DagBag from /home/airflow/.local/lib/python3.8/site-packages/airflow/example_dags/example_latest_only_with_trigger.py
[2023-09-19T13:54:30.194+0000] {processor.py:839} INFO - DAG(s) dict_keys(['latest_only_with_trigger']) retrieved from /home/airflow/.local/lib/python3.8/site-packages/airflow/example_dags/example_latest_only_with_trigger.py
[2023-09-19T13:54:30.211+0000] {logging_mixin.py:151} INFO - [2023-09-19T13:54:30.211+0000] {dag.py:2915} INFO - Sync 1 DAGs
[2023-09-19T13:54:30.233+0000] {logging_mixin.py:151} INFO - [2023-09-19T13:54:30.233+0000] {dag.py:3696} INFO - Setting next_dagrun for latest_only_with_trigger to 2023-09-19T09:54:30.232774+00:00, run_after=2023-09-19T13:54:30.232774+00:00
[2023-09-19T13:54:30.251+0000] {processor.py:179} INFO - Processing /home/airflow/.local/lib/python3.8/site-packages/airflow/example_dags/example_latest_only_with_trigger.py took 0.068 seconds
[2023-09-19T13:55:00.466+0000] {processor.py:157} INFO - Started process (PID=6311) to work on /home/airflow/.local/lib/python3.8/site-packages/airflow/example_dags/example_latest_only_with_trigger.py
[2023-09-19T13:55:00.467+0000] {processor.py:829} INFO - Processing file /home/airflow/.local/lib/python3.8/site-packages/airflow/example_dags/example_latest_only_with_trigger.py for tasks to queue
[2023-09-19T13:55:00.468+0000] {logging_mixin.py:151} INFO - [2023-09-19T13:55:00.468+0000] {dagbag.py:539} INFO - Filling up the DagBag from /home/airflow/.local/lib/python3.8/site-packages/airflow/example_dags/example_latest_only_with_trigger.py
[2023-09-19T13:55:00.473+0000] {processor.py:839} INFO - DAG(s) dict_keys(['latest_only_with_trigger']) retrieved from /home/airflow/.local/lib/python3.8/site-packages/airflow/example_dags/example_latest_only_with_trigger.py
[2023-09-19T13:55:00.492+0000] {logging_mixin.py:151} INFO - [2023-09-19T13:55:00.492+0000] {dag.py:2915} INFO - Sync 1 DAGs
[2023-09-19T13:55:00.510+0000] {logging_mixin.py:151} INFO - [2023-09-19T13:55:00.510+0000] {dag.py:3696} INFO - Setting next_dagrun for latest_only_with_trigger to 2023-09-19T09:55:00.510587+00:00, run_after=2023-09-19T13:55:00.510587+00:00
[2023-09-19T13:55:00.529+0000] {processor.py:179} INFO - Processing /home/airflow/.local/lib/python3.8/site-packages/airflow/example_dags/example_latest_only_with_trigger.py took 0.065 seconds
[2023-09-19T13:55:30.627+0000] {processor.py:157} INFO - Started process (PID=6549) to work on /home/airflow/.local/lib/python3.8/site-packages/airflow/example_dags/example_latest_only_with_trigger.py
[2023-09-19T13:55:30.628+0000] {processor.py:829} INFO - Processing file /home/airflow/.local/lib/python3.8/site-packages/airflow/example_dags/example_latest_only_with_trigger.py for tasks to queue
[2023-09-19T13:55:30.628+0000] {logging_mixin.py:151} INFO - [2023-09-19T13:55:30.628+0000] {dagbag.py:539} INFO - Filling up the DagBag from /home/airflow/.local/lib/python3.8/site-packages/airflow/example_dags/example_latest_only_with_trigger.py
[2023-09-19T13:55:30.633+0000] {processor.py:839} INFO - DAG(s) dict_keys(['latest_only_with_trigger']) retrieved from /home/airflow/.local/lib/python3.8/site-packages/airflow/example_dags/example_latest_only_with_trigger.py
[2023-09-19T13:55:30.649+0000] {logging_mixin.py:151} INFO - [2023-09-19T13:55:30.649+0000] {dag.py:2915} INFO - Sync 1 DAGs
[2023-09-19T13:55:30.666+0000] {logging_mixin.py:151} INFO - [2023-09-19T13:55:30.666+0000] {dag.py:3696} INFO - Setting next_dagrun for latest_only_with_trigger to 2023-09-19T09:55:30.665884+00:00, run_after=2023-09-19T13:55:30.665884+00:00
[2023-09-19T13:55:30.685+0000] {processor.py:179} INFO - Processing /home/airflow/.local/lib/python3.8/site-packages/airflow/example_dags/example_latest_only_with_trigger.py took 0.062 seconds
[2023-09-19T13:56:00.849+0000] {processor.py:157} INFO - Started process (PID=6787) to work on /home/airflow/.local/lib/python3.8/site-packages/airflow/example_dags/example_latest_only_with_trigger.py
[2023-09-19T13:56:00.851+0000] {processor.py:829} INFO - Processing file /home/airflow/.local/lib/python3.8/site-packages/airflow/example_dags/example_latest_only_with_trigger.py for tasks to queue
[2023-09-19T13:56:00.851+0000] {logging_mixin.py:151} INFO - [2023-09-19T13:56:00.851+0000] {dagbag.py:539} INFO - Filling up the DagBag from /home/airflow/.local/lib/python3.8/site-packages/airflow/example_dags/example_latest_only_with_trigger.py
[2023-09-19T13:56:00.857+0000] {processor.py:839} INFO - DAG(s) dict_keys(['latest_only_with_trigger']) retrieved from /home/airflow/.local/lib/python3.8/site-packages/airflow/example_dags/example_latest_only_with_trigger.py
[2023-09-19T13:56:00.874+0000] {logging_mixin.py:151} INFO - [2023-09-19T13:56:00.874+0000] {dag.py:2915} INFO - Sync 1 DAGs
[2023-09-19T13:56:00.890+0000] {logging_mixin.py:151} INFO - [2023-09-19T13:56:00.890+0000] {dag.py:3696} INFO - Setting next_dagrun for latest_only_with_trigger to 2023-09-19T09:56:00.890137+00:00, run_after=2023-09-19T13:56:00.890137+00:00
[2023-09-19T13:56:00.906+0000] {processor.py:179} INFO - Processing /home/airflow/.local/lib/python3.8/site-packages/airflow/example_dags/example_latest_only_with_trigger.py took 0.059 seconds
[2023-09-19T13:56:31.123+0000] {processor.py:157} INFO - Started process (PID=7025) to work on /home/airflow/.local/lib/python3.8/site-packages/airflow/example_dags/example_latest_only_with_trigger.py
[2023-09-19T13:56:31.124+0000] {processor.py:829} INFO - Processing file /home/airflow/.local/lib/python3.8/site-packages/airflow/example_dags/example_latest_only_with_trigger.py for tasks to queue
[2023-09-19T13:56:31.124+0000] {logging_mixin.py:151} INFO - [2023-09-19T13:56:31.124+0000] {dagbag.py:539} INFO - Filling up the DagBag from /home/airflow/.local/lib/python3.8/site-packages/airflow/example_dags/example_latest_only_with_trigger.py
[2023-09-19T13:56:31.129+0000] {processor.py:839} INFO - DAG(s) dict_keys(['latest_only_with_trigger']) retrieved from /home/airflow/.local/lib/python3.8/site-packages/airflow/example_dags/example_latest_only_with_trigger.py
[2023-09-19T13:56:31.144+0000] {logging_mixin.py:151} INFO - [2023-09-19T13:56:31.143+0000] {dag.py:2915} INFO - Sync 1 DAGs
[2023-09-19T13:56:31.164+0000] {logging_mixin.py:151} INFO - [2023-09-19T13:56:31.164+0000] {dag.py:3696} INFO - Setting next_dagrun for latest_only_with_trigger to 2023-09-19T09:56:31.164326+00:00, run_after=2023-09-19T13:56:31.164326+00:00
[2023-09-19T13:56:31.181+0000] {processor.py:179} INFO - Processing /home/airflow/.local/lib/python3.8/site-packages/airflow/example_dags/example_latest_only_with_trigger.py took 0.060 seconds
[2023-09-19T13:57:01.449+0000] {processor.py:157} INFO - Started process (PID=7263) to work on /home/airflow/.local/lib/python3.8/site-packages/airflow/example_dags/example_latest_only_with_trigger.py
[2023-09-19T13:57:01.450+0000] {processor.py:829} INFO - Processing file /home/airflow/.local/lib/python3.8/site-packages/airflow/example_dags/example_latest_only_with_trigger.py for tasks to queue
[2023-09-19T13:57:01.450+0000] {logging_mixin.py:151} INFO - [2023-09-19T13:57:01.450+0000] {dagbag.py:539} INFO - Filling up the DagBag from /home/airflow/.local/lib/python3.8/site-packages/airflow/example_dags/example_latest_only_with_trigger.py
[2023-09-19T13:57:01.455+0000] {processor.py:839} INFO - DAG(s) dict_keys(['latest_only_with_trigger']) retrieved from /home/airflow/.local/lib/python3.8/site-packages/airflow/example_dags/example_latest_only_with_trigger.py
[2023-09-19T13:57:01.472+0000] {logging_mixin.py:151} INFO - [2023-09-19T13:57:01.471+0000] {dag.py:2915} INFO - Sync 1 DAGs
[2023-09-19T13:57:01.491+0000] {logging_mixin.py:151} INFO - [2023-09-19T13:57:01.491+0000] {dag.py:3696} INFO - Setting next_dagrun for latest_only_with_trigger to 2023-09-19T09:57:01.491428+00:00, run_after=2023-09-19T13:57:01.491428+00:00
[2023-09-19T13:57:01.508+0000] {processor.py:179} INFO - Processing /home/airflow/.local/lib/python3.8/site-packages/airflow/example_dags/example_latest_only_with_trigger.py took 0.062 seconds
[2023-09-19T13:57:32.050+0000] {processor.py:157} INFO - Started process (PID=7508) to work on /home/airflow/.local/lib/python3.8/site-packages/airflow/example_dags/example_latest_only_with_trigger.py
[2023-09-19T13:57:32.054+0000] {processor.py:829} INFO - Processing file /home/airflow/.local/lib/python3.8/site-packages/airflow/example_dags/example_latest_only_with_trigger.py for tasks to queue
[2023-09-19T13:57:32.055+0000] {logging_mixin.py:151} INFO - [2023-09-19T13:57:32.054+0000] {dagbag.py:539} INFO - Filling up the DagBag from /home/airflow/.local/lib/python3.8/site-packages/airflow/example_dags/example_latest_only_with_trigger.py
[2023-09-19T13:57:32.061+0000] {processor.py:839} INFO - DAG(s) dict_keys(['latest_only_with_trigger']) retrieved from /home/airflow/.local/lib/python3.8/site-packages/airflow/example_dags/example_latest_only_with_trigger.py
[2023-09-19T13:57:32.088+0000] {logging_mixin.py:151} INFO - [2023-09-19T13:57:32.088+0000] {dag.py:2915} INFO - Sync 1 DAGs
[2023-09-19T13:57:32.111+0000] {logging_mixin.py:151} INFO - [2023-09-19T13:57:32.111+0000] {dag.py:3696} INFO - Setting next_dagrun for latest_only_with_trigger to 2023-09-19T09:57:32.111111+00:00, run_after=2023-09-19T13:57:32.111111+00:00
[2023-09-19T13:57:32.135+0000] {processor.py:179} INFO - Processing /home/airflow/.local/lib/python3.8/site-packages/airflow/example_dags/example_latest_only_with_trigger.py took 0.092 seconds
[2023-09-19T13:58:02.218+0000] {processor.py:157} INFO - Started process (PID=7747) to work on /home/airflow/.local/lib/python3.8/site-packages/airflow/example_dags/example_latest_only_with_trigger.py
[2023-09-19T13:58:02.219+0000] {processor.py:829} INFO - Processing file /home/airflow/.local/lib/python3.8/site-packages/airflow/example_dags/example_latest_only_with_trigger.py for tasks to queue
[2023-09-19T13:58:02.220+0000] {logging_mixin.py:151} INFO - [2023-09-19T13:58:02.220+0000] {dagbag.py:539} INFO - Filling up the DagBag from /home/airflow/.local/lib/python3.8/site-packages/airflow/example_dags/example_latest_only_with_trigger.py
[2023-09-19T13:58:02.228+0000] {processor.py:839} INFO - DAG(s) dict_keys(['latest_only_with_trigger']) retrieved from /home/airflow/.local/lib/python3.8/site-packages/airflow/example_dags/example_latest_only_with_trigger.py
[2023-09-19T13:58:02.245+0000] {logging_mixin.py:151} INFO - [2023-09-19T13:58:02.245+0000] {dag.py:2915} INFO - Sync 1 DAGs
[2023-09-19T13:58:02.263+0000] {logging_mixin.py:151} INFO - [2023-09-19T13:58:02.263+0000] {dag.py:3696} INFO - Setting next_dagrun for latest_only_with_trigger to 2023-09-19T09:58:02.263221+00:00, run_after=2023-09-19T13:58:02.263221+00:00
[2023-09-19T13:58:02.282+0000] {processor.py:179} INFO - Processing /home/airflow/.local/lib/python3.8/site-packages/airflow/example_dags/example_latest_only_with_trigger.py took 0.066 seconds
[2023-09-19T13:58:32.576+0000] {processor.py:157} INFO - Started process (PID=7985) to work on /home/airflow/.local/lib/python3.8/site-packages/airflow/example_dags/example_latest_only_with_trigger.py
[2023-09-19T13:58:32.577+0000] {processor.py:829} INFO - Processing file /home/airflow/.local/lib/python3.8/site-packages/airflow/example_dags/example_latest_only_with_trigger.py for tasks to queue
[2023-09-19T13:58:32.578+0000] {logging_mixin.py:151} INFO - [2023-09-19T13:58:32.577+0000] {dagbag.py:539} INFO - Filling up the DagBag from /home/airflow/.local/lib/python3.8/site-packages/airflow/example_dags/example_latest_only_with_trigger.py
[2023-09-19T13:58:32.582+0000] {processor.py:839} INFO - DAG(s) dict_keys(['latest_only_with_trigger']) retrieved from /home/airflow/.local/lib/python3.8/site-packages/airflow/example_dags/example_latest_only_with_trigger.py
[2023-09-19T13:58:32.602+0000] {logging_mixin.py:151} INFO - [2023-09-19T13:58:32.601+0000] {dag.py:2915} INFO - Sync 1 DAGs
[2023-09-19T13:58:32.620+0000] {logging_mixin.py:151} INFO - [2023-09-19T13:58:32.619+0000] {dag.py:3696} INFO - Setting next_dagrun for latest_only_with_trigger to 2023-09-19T09:58:32.619720+00:00, run_after=2023-09-19T13:58:32.619720+00:00
[2023-09-19T13:58:32.637+0000] {processor.py:179} INFO - Processing /home/airflow/.local/lib/python3.8/site-packages/airflow/example_dags/example_latest_only_with_trigger.py took 0.063 seconds
[2023-09-19T13:59:02.779+0000] {processor.py:157} INFO - Started process (PID=8223) to work on /home/airflow/.local/lib/python3.8/site-packages/airflow/example_dags/example_latest_only_with_trigger.py
[2023-09-19T13:59:02.780+0000] {processor.py:829} INFO - Processing file /home/airflow/.local/lib/python3.8/site-packages/airflow/example_dags/example_latest_only_with_trigger.py for tasks to queue
[2023-09-19T13:59:02.781+0000] {logging_mixin.py:151} INFO - [2023-09-19T13:59:02.780+0000] {dagbag.py:539} INFO - Filling up the DagBag from /home/airflow/.local/lib/python3.8/site-packages/airflow/example_dags/example_latest_only_with_trigger.py
[2023-09-19T13:59:02.787+0000] {processor.py:839} INFO - DAG(s) dict_keys(['latest_only_with_trigger']) retrieved from /home/airflow/.local/lib/python3.8/site-packages/airflow/example_dags/example_latest_only_with_trigger.py
[2023-09-19T13:59:02.805+0000] {logging_mixin.py:151} INFO - [2023-09-19T13:59:02.804+0000] {dag.py:2915} INFO - Sync 1 DAGs
[2023-09-19T13:59:02.826+0000] {logging_mixin.py:151} INFO - [2023-09-19T13:59:02.826+0000] {dag.py:3696} INFO - Setting next_dagrun for latest_only_with_trigger to 2023-09-19T09:59:02.826616+00:00, run_after=2023-09-19T13:59:02.826616+00:00
[2023-09-19T13:59:02.844+0000] {processor.py:179} INFO - Processing /home/airflow/.local/lib/python3.8/site-packages/airflow/example_dags/example_latest_only_with_trigger.py took 0.067 seconds
[2023-09-19T13:59:32.903+0000] {processor.py:157} INFO - Started process (PID=8461) to work on /home/airflow/.local/lib/python3.8/site-packages/airflow/example_dags/example_latest_only_with_trigger.py
[2023-09-19T13:59:32.904+0000] {processor.py:829} INFO - Processing file /home/airflow/.local/lib/python3.8/site-packages/airflow/example_dags/example_latest_only_with_trigger.py for tasks to queue
[2023-09-19T13:59:32.905+0000] {logging_mixin.py:151} INFO - [2023-09-19T13:59:32.904+0000] {dagbag.py:539} INFO - Filling up the DagBag from /home/airflow/.local/lib/python3.8/site-packages/airflow/example_dags/example_latest_only_with_trigger.py
[2023-09-19T13:59:32.910+0000] {processor.py:839} INFO - DAG(s) dict_keys(['latest_only_with_trigger']) retrieved from /home/airflow/.local/lib/python3.8/site-packages/airflow/example_dags/example_latest_only_with_trigger.py
[2023-09-19T13:59:32.926+0000] {logging_mixin.py:151} INFO - [2023-09-19T13:59:32.926+0000] {dag.py:2915} INFO - Sync 1 DAGs
[2023-09-19T13:59:32.944+0000] {logging_mixin.py:151} INFO - [2023-09-19T13:59:32.944+0000] {dag.py:3696} INFO - Setting next_dagrun for latest_only_with_trigger to 2023-09-19T09:59:32.944372+00:00, run_after=2023-09-19T13:59:32.944372+00:00
[2023-09-19T13:59:32.964+0000] {processor.py:179} INFO - Processing /home/airflow/.local/lib/python3.8/site-packages/airflow/example_dags/example_latest_only_with_trigger.py took 0.064 seconds
