[2023-09-19T13:42:07.680+0000] {processor.py:157} INFO - Started process (PID=222) to work on /home/airflow/.local/lib/python3.8/site-packages/airflow/example_dags/example_local_kubernetes_executor.py
[2023-09-19T13:42:07.681+0000] {processor.py:829} INFO - Processing file /home/airflow/.local/lib/python3.8/site-packages/airflow/example_dags/example_local_kubernetes_executor.py for tasks to queue
[2023-09-19T13:42:07.681+0000] {logging_mixin.py:151} INFO - [2023-09-19T13:42:07.681+0000] {dagbag.py:539} INFO - Filling up the DagBag from /home/airflow/.local/lib/python3.8/site-packages/airflow/example_dags/example_local_kubernetes_executor.py
[2023-09-19T13:42:08.281+0000] {processor.py:839} INFO - DAG(s) dict_keys(['example_local_kubernetes_executor']) retrieved from /home/airflow/.local/lib/python3.8/site-packages/airflow/example_dags/example_local_kubernetes_executor.py
[2023-09-19T13:42:08.322+0000] {logging_mixin.py:151} INFO - [2023-09-19T13:42:08.322+0000] {dag.py:2915} INFO - Sync 1 DAGs
[2023-09-19T13:42:08.333+0000] {logging_mixin.py:151} INFO - [2023-09-19T13:42:08.333+0000] {dag.py:3696} INFO - Setting next_dagrun for example_local_kubernetes_executor to None, run_after=None
[2023-09-19T13:42:08.351+0000] {processor.py:179} INFO - Processing /home/airflow/.local/lib/python3.8/site-packages/airflow/example_dags/example_local_kubernetes_executor.py took 0.673 seconds
[2023-09-19T13:42:45.587+0000] {processor.py:157} INFO - Started process (PID=458) to work on /home/airflow/.local/lib/python3.8/site-packages/airflow/example_dags/example_local_kubernetes_executor.py
[2023-09-19T13:42:45.587+0000] {processor.py:829} INFO - Processing file /home/airflow/.local/lib/python3.8/site-packages/airflow/example_dags/example_local_kubernetes_executor.py for tasks to queue
[2023-09-19T13:42:45.588+0000] {logging_mixin.py:151} INFO - [2023-09-19T13:42:45.587+0000] {dagbag.py:539} INFO - Filling up the DagBag from /home/airflow/.local/lib/python3.8/site-packages/airflow/example_dags/example_local_kubernetes_executor.py
[2023-09-19T13:42:46.232+0000] {processor.py:839} INFO - DAG(s) dict_keys(['example_local_kubernetes_executor']) retrieved from /home/airflow/.local/lib/python3.8/site-packages/airflow/example_dags/example_local_kubernetes_executor.py
[2023-09-19T13:42:46.271+0000] {logging_mixin.py:151} INFO - [2023-09-19T13:42:46.270+0000] {dag.py:2915} INFO - Sync 1 DAGs
[2023-09-19T13:42:46.286+0000] {logging_mixin.py:151} INFO - [2023-09-19T13:42:46.286+0000] {dag.py:3696} INFO - Setting next_dagrun for example_local_kubernetes_executor to None, run_after=None
[2023-09-19T13:42:46.317+0000] {processor.py:179} INFO - Processing /home/airflow/.local/lib/python3.8/site-packages/airflow/example_dags/example_local_kubernetes_executor.py took 0.732 seconds
[2023-09-19T13:43:16.448+0000] {processor.py:157} INFO - Started process (PID=696) to work on /home/airflow/.local/lib/python3.8/site-packages/airflow/example_dags/example_local_kubernetes_executor.py
[2023-09-19T13:43:16.448+0000] {processor.py:829} INFO - Processing file /home/airflow/.local/lib/python3.8/site-packages/airflow/example_dags/example_local_kubernetes_executor.py for tasks to queue
[2023-09-19T13:43:16.449+0000] {logging_mixin.py:151} INFO - [2023-09-19T13:43:16.449+0000] {dagbag.py:539} INFO - Filling up the DagBag from /home/airflow/.local/lib/python3.8/site-packages/airflow/example_dags/example_local_kubernetes_executor.py
[2023-09-19T13:43:16.718+0000] {processor.py:839} INFO - DAG(s) dict_keys(['example_local_kubernetes_executor']) retrieved from /home/airflow/.local/lib/python3.8/site-packages/airflow/example_dags/example_local_kubernetes_executor.py
[2023-09-19T13:43:16.738+0000] {logging_mixin.py:151} INFO - [2023-09-19T13:43:16.737+0000] {dag.py:2915} INFO - Sync 1 DAGs
[2023-09-19T13:43:16.745+0000] {logging_mixin.py:151} INFO - [2023-09-19T13:43:16.744+0000] {dag.py:3696} INFO - Setting next_dagrun for example_local_kubernetes_executor to None, run_after=None
[2023-09-19T13:43:16.758+0000] {processor.py:179} INFO - Processing /home/airflow/.local/lib/python3.8/site-packages/airflow/example_dags/example_local_kubernetes_executor.py took 0.313 seconds
[2023-09-19T13:43:47.151+0000] {processor.py:157} INFO - Started process (PID=934) to work on /home/airflow/.local/lib/python3.8/site-packages/airflow/example_dags/example_local_kubernetes_executor.py
[2023-09-19T13:43:47.152+0000] {processor.py:829} INFO - Processing file /home/airflow/.local/lib/python3.8/site-packages/airflow/example_dags/example_local_kubernetes_executor.py for tasks to queue
[2023-09-19T13:43:47.153+0000] {logging_mixin.py:151} INFO - [2023-09-19T13:43:47.152+0000] {dagbag.py:539} INFO - Filling up the DagBag from /home/airflow/.local/lib/python3.8/site-packages/airflow/example_dags/example_local_kubernetes_executor.py
[2023-09-19T13:43:47.331+0000] {processor.py:839} INFO - DAG(s) dict_keys(['example_local_kubernetes_executor']) retrieved from /home/airflow/.local/lib/python3.8/site-packages/airflow/example_dags/example_local_kubernetes_executor.py
[2023-09-19T13:43:47.355+0000] {logging_mixin.py:151} INFO - [2023-09-19T13:43:47.354+0000] {dag.py:2915} INFO - Sync 1 DAGs
[2023-09-19T13:43:47.364+0000] {logging_mixin.py:151} INFO - [2023-09-19T13:43:47.364+0000] {dag.py:3696} INFO - Setting next_dagrun for example_local_kubernetes_executor to None, run_after=None
[2023-09-19T13:43:47.381+0000] {processor.py:179} INFO - Processing /home/airflow/.local/lib/python3.8/site-packages/airflow/example_dags/example_local_kubernetes_executor.py took 0.234 seconds
[2023-09-19T13:44:17.509+0000] {processor.py:157} INFO - Started process (PID=1179) to work on /home/airflow/.local/lib/python3.8/site-packages/airflow/example_dags/example_local_kubernetes_executor.py
[2023-09-19T13:44:17.510+0000] {processor.py:829} INFO - Processing file /home/airflow/.local/lib/python3.8/site-packages/airflow/example_dags/example_local_kubernetes_executor.py for tasks to queue
[2023-09-19T13:44:17.510+0000] {logging_mixin.py:151} INFO - [2023-09-19T13:44:17.510+0000] {dagbag.py:539} INFO - Filling up the DagBag from /home/airflow/.local/lib/python3.8/site-packages/airflow/example_dags/example_local_kubernetes_executor.py
[2023-09-19T13:44:17.665+0000] {processor.py:839} INFO - DAG(s) dict_keys(['example_local_kubernetes_executor']) retrieved from /home/airflow/.local/lib/python3.8/site-packages/airflow/example_dags/example_local_kubernetes_executor.py
[2023-09-19T13:44:17.689+0000] {logging_mixin.py:151} INFO - [2023-09-19T13:44:17.688+0000] {dag.py:2915} INFO - Sync 1 DAGs
[2023-09-19T13:44:17.696+0000] {logging_mixin.py:151} INFO - [2023-09-19T13:44:17.696+0000] {dag.py:3696} INFO - Setting next_dagrun for example_local_kubernetes_executor to None, run_after=None
[2023-09-19T13:44:17.710+0000] {processor.py:179} INFO - Processing /home/airflow/.local/lib/python3.8/site-packages/airflow/example_dags/example_local_kubernetes_executor.py took 0.203 seconds
[2023-09-19T13:44:48.033+0000] {processor.py:157} INFO - Started process (PID=1415) to work on /home/airflow/.local/lib/python3.8/site-packages/airflow/example_dags/example_local_kubernetes_executor.py
[2023-09-19T13:44:48.040+0000] {processor.py:829} INFO - Processing file /home/airflow/.local/lib/python3.8/site-packages/airflow/example_dags/example_local_kubernetes_executor.py for tasks to queue
[2023-09-19T13:44:48.041+0000] {logging_mixin.py:151} INFO - [2023-09-19T13:44:48.041+0000] {dagbag.py:539} INFO - Filling up the DagBag from /home/airflow/.local/lib/python3.8/site-packages/airflow/example_dags/example_local_kubernetes_executor.py
[2023-09-19T13:44:48.246+0000] {processor.py:839} INFO - DAG(s) dict_keys(['example_local_kubernetes_executor']) retrieved from /home/airflow/.local/lib/python3.8/site-packages/airflow/example_dags/example_local_kubernetes_executor.py
[2023-09-19T13:44:48.279+0000] {logging_mixin.py:151} INFO - [2023-09-19T13:44:48.279+0000] {dag.py:2915} INFO - Sync 1 DAGs
[2023-09-19T13:44:48.297+0000] {logging_mixin.py:151} INFO - [2023-09-19T13:44:48.297+0000] {dag.py:3696} INFO - Setting next_dagrun for example_local_kubernetes_executor to None, run_after=None
[2023-09-19T13:44:48.322+0000] {processor.py:179} INFO - Processing /home/airflow/.local/lib/python3.8/site-packages/airflow/example_dags/example_local_kubernetes_executor.py took 0.293 seconds
[2023-09-19T13:45:18.596+0000] {processor.py:157} INFO - Started process (PID=1666) to work on /home/airflow/.local/lib/python3.8/site-packages/airflow/example_dags/example_local_kubernetes_executor.py
[2023-09-19T13:45:18.597+0000] {processor.py:829} INFO - Processing file /home/airflow/.local/lib/python3.8/site-packages/airflow/example_dags/example_local_kubernetes_executor.py for tasks to queue
[2023-09-19T13:45:18.598+0000] {logging_mixin.py:151} INFO - [2023-09-19T13:45:18.598+0000] {dagbag.py:539} INFO - Filling up the DagBag from /home/airflow/.local/lib/python3.8/site-packages/airflow/example_dags/example_local_kubernetes_executor.py
[2023-09-19T13:45:18.774+0000] {processor.py:839} INFO - DAG(s) dict_keys(['example_local_kubernetes_executor']) retrieved from /home/airflow/.local/lib/python3.8/site-packages/airflow/example_dags/example_local_kubernetes_executor.py
[2023-09-19T13:45:18.783+0000] {logging_mixin.py:151} INFO - [2023-09-19T13:45:18.783+0000] {dag.py:2915} INFO - Sync 1 DAGs
[2023-09-19T13:45:18.791+0000] {logging_mixin.py:151} INFO - [2023-09-19T13:45:18.791+0000] {dag.py:3696} INFO - Setting next_dagrun for example_local_kubernetes_executor to None, run_after=None
[2023-09-19T13:45:18.806+0000] {processor.py:179} INFO - Processing /home/airflow/.local/lib/python3.8/site-packages/airflow/example_dags/example_local_kubernetes_executor.py took 0.214 seconds
[2023-09-19T13:45:48.896+0000] {processor.py:157} INFO - Started process (PID=1902) to work on /home/airflow/.local/lib/python3.8/site-packages/airflow/example_dags/example_local_kubernetes_executor.py
[2023-09-19T13:45:48.897+0000] {processor.py:829} INFO - Processing file /home/airflow/.local/lib/python3.8/site-packages/airflow/example_dags/example_local_kubernetes_executor.py for tasks to queue
[2023-09-19T13:45:48.897+0000] {logging_mixin.py:151} INFO - [2023-09-19T13:45:48.897+0000] {dagbag.py:539} INFO - Filling up the DagBag from /home/airflow/.local/lib/python3.8/site-packages/airflow/example_dags/example_local_kubernetes_executor.py
[2023-09-19T13:45:49.072+0000] {processor.py:839} INFO - DAG(s) dict_keys(['example_local_kubernetes_executor']) retrieved from /home/airflow/.local/lib/python3.8/site-packages/airflow/example_dags/example_local_kubernetes_executor.py
[2023-09-19T13:45:49.102+0000] {logging_mixin.py:151} INFO - [2023-09-19T13:45:49.101+0000] {dag.py:2915} INFO - Sync 1 DAGs
[2023-09-19T13:45:49.111+0000] {logging_mixin.py:151} INFO - [2023-09-19T13:45:49.111+0000] {dag.py:3696} INFO - Setting next_dagrun for example_local_kubernetes_executor to None, run_after=None
[2023-09-19T13:45:49.126+0000] {processor.py:179} INFO - Processing /home/airflow/.local/lib/python3.8/site-packages/airflow/example_dags/example_local_kubernetes_executor.py took 0.233 seconds
[2023-09-19T13:46:19.208+0000] {processor.py:157} INFO - Started process (PID=2125) to work on /home/airflow/.local/lib/python3.8/site-packages/airflow/example_dags/example_local_kubernetes_executor.py
[2023-09-19T13:46:19.209+0000] {processor.py:829} INFO - Processing file /home/airflow/.local/lib/python3.8/site-packages/airflow/example_dags/example_local_kubernetes_executor.py for tasks to queue
[2023-09-19T13:46:19.210+0000] {logging_mixin.py:151} INFO - [2023-09-19T13:46:19.209+0000] {dagbag.py:539} INFO - Filling up the DagBag from /home/airflow/.local/lib/python3.8/site-packages/airflow/example_dags/example_local_kubernetes_executor.py
[2023-09-19T13:46:19.404+0000] {processor.py:839} INFO - DAG(s) dict_keys(['example_local_kubernetes_executor']) retrieved from /home/airflow/.local/lib/python3.8/site-packages/airflow/example_dags/example_local_kubernetes_executor.py
[2023-09-19T13:46:19.436+0000] {logging_mixin.py:151} INFO - [2023-09-19T13:46:19.436+0000] {dag.py:2915} INFO - Sync 1 DAGs
[2023-09-19T13:46:19.447+0000] {logging_mixin.py:151} INFO - [2023-09-19T13:46:19.446+0000] {dag.py:3696} INFO - Setting next_dagrun for example_local_kubernetes_executor to None, run_after=None
[2023-09-19T13:46:19.471+0000] {processor.py:179} INFO - Processing /home/airflow/.local/lib/python3.8/site-packages/airflow/example_dags/example_local_kubernetes_executor.py took 0.265 seconds
[2023-09-19T13:46:50.011+0000] {processor.py:157} INFO - Started process (PID=2365) to work on /home/airflow/.local/lib/python3.8/site-packages/airflow/example_dags/example_local_kubernetes_executor.py
[2023-09-19T13:46:50.012+0000] {processor.py:829} INFO - Processing file /home/airflow/.local/lib/python3.8/site-packages/airflow/example_dags/example_local_kubernetes_executor.py for tasks to queue
[2023-09-19T13:46:50.012+0000] {logging_mixin.py:151} INFO - [2023-09-19T13:46:50.012+0000] {dagbag.py:539} INFO - Filling up the DagBag from /home/airflow/.local/lib/python3.8/site-packages/airflow/example_dags/example_local_kubernetes_executor.py
[2023-09-19T13:46:50.242+0000] {processor.py:839} INFO - DAG(s) dict_keys(['example_local_kubernetes_executor']) retrieved from /home/airflow/.local/lib/python3.8/site-packages/airflow/example_dags/example_local_kubernetes_executor.py
[2023-09-19T13:46:50.292+0000] {logging_mixin.py:151} INFO - [2023-09-19T13:46:50.291+0000] {dag.py:2915} INFO - Sync 1 DAGs
[2023-09-19T13:46:50.308+0000] {logging_mixin.py:151} INFO - [2023-09-19T13:46:50.308+0000] {dag.py:3696} INFO - Setting next_dagrun for example_local_kubernetes_executor to None, run_after=None
[2023-09-19T13:46:50.342+0000] {processor.py:179} INFO - Processing /home/airflow/.local/lib/python3.8/site-packages/airflow/example_dags/example_local_kubernetes_executor.py took 0.334 seconds
[2023-09-19T13:47:21.049+0000] {processor.py:157} INFO - Started process (PID=2608) to work on /home/airflow/.local/lib/python3.8/site-packages/airflow/example_dags/example_local_kubernetes_executor.py
[2023-09-19T13:47:21.054+0000] {processor.py:829} INFO - Processing file /home/airflow/.local/lib/python3.8/site-packages/airflow/example_dags/example_local_kubernetes_executor.py for tasks to queue
[2023-09-19T13:47:21.058+0000] {logging_mixin.py:151} INFO - [2023-09-19T13:47:21.057+0000] {dagbag.py:539} INFO - Filling up the DagBag from /home/airflow/.local/lib/python3.8/site-packages/airflow/example_dags/example_local_kubernetes_executor.py
[2023-09-19T13:47:21.502+0000] {processor.py:839} INFO - DAG(s) dict_keys(['example_local_kubernetes_executor']) retrieved from /home/airflow/.local/lib/python3.8/site-packages/airflow/example_dags/example_local_kubernetes_executor.py
[2023-09-19T13:47:21.599+0000] {logging_mixin.py:151} INFO - [2023-09-19T13:47:21.589+0000] {dag.py:2915} INFO - Sync 1 DAGs
[2023-09-19T13:47:21.623+0000] {logging_mixin.py:151} INFO - [2023-09-19T13:47:21.622+0000] {dag.py:3696} INFO - Setting next_dagrun for example_local_kubernetes_executor to None, run_after=None
[2023-09-19T13:47:21.702+0000] {processor.py:179} INFO - Processing /home/airflow/.local/lib/python3.8/site-packages/airflow/example_dags/example_local_kubernetes_executor.py took 0.662 seconds
[2023-09-19T13:47:52.542+0000] {processor.py:157} INFO - Started process (PID=2856) to work on /home/airflow/.local/lib/python3.8/site-packages/airflow/example_dags/example_local_kubernetes_executor.py
[2023-09-19T13:47:52.543+0000] {processor.py:829} INFO - Processing file /home/airflow/.local/lib/python3.8/site-packages/airflow/example_dags/example_local_kubernetes_executor.py for tasks to queue
[2023-09-19T13:47:52.543+0000] {logging_mixin.py:151} INFO - [2023-09-19T13:47:52.543+0000] {dagbag.py:539} INFO - Filling up the DagBag from /home/airflow/.local/lib/python3.8/site-packages/airflow/example_dags/example_local_kubernetes_executor.py
[2023-09-19T13:47:52.740+0000] {processor.py:839} INFO - DAG(s) dict_keys(['example_local_kubernetes_executor']) retrieved from /home/airflow/.local/lib/python3.8/site-packages/airflow/example_dags/example_local_kubernetes_executor.py
[2023-09-19T13:47:52.770+0000] {logging_mixin.py:151} INFO - [2023-09-19T13:47:52.769+0000] {dag.py:2915} INFO - Sync 1 DAGs
[2023-09-19T13:47:52.780+0000] {logging_mixin.py:151} INFO - [2023-09-19T13:47:52.780+0000] {dag.py:3696} INFO - Setting next_dagrun for example_local_kubernetes_executor to None, run_after=None
[2023-09-19T13:47:52.804+0000] {processor.py:179} INFO - Processing /home/airflow/.local/lib/python3.8/site-packages/airflow/example_dags/example_local_kubernetes_executor.py took 0.266 seconds
[2023-09-19T13:48:22.973+0000] {processor.py:157} INFO - Started process (PID=3094) to work on /home/airflow/.local/lib/python3.8/site-packages/airflow/example_dags/example_local_kubernetes_executor.py
[2023-09-19T13:48:22.974+0000] {processor.py:829} INFO - Processing file /home/airflow/.local/lib/python3.8/site-packages/airflow/example_dags/example_local_kubernetes_executor.py for tasks to queue
[2023-09-19T13:48:22.974+0000] {logging_mixin.py:151} INFO - [2023-09-19T13:48:22.974+0000] {dagbag.py:539} INFO - Filling up the DagBag from /home/airflow/.local/lib/python3.8/site-packages/airflow/example_dags/example_local_kubernetes_executor.py
[2023-09-19T13:48:23.176+0000] {processor.py:839} INFO - DAG(s) dict_keys(['example_local_kubernetes_executor']) retrieved from /home/airflow/.local/lib/python3.8/site-packages/airflow/example_dags/example_local_kubernetes_executor.py
[2023-09-19T13:48:23.206+0000] {logging_mixin.py:151} INFO - [2023-09-19T13:48:23.205+0000] {dag.py:2915} INFO - Sync 1 DAGs
[2023-09-19T13:48:23.215+0000] {logging_mixin.py:151} INFO - [2023-09-19T13:48:23.214+0000] {dag.py:3696} INFO - Setting next_dagrun for example_local_kubernetes_executor to None, run_after=None
[2023-09-19T13:48:23.237+0000] {processor.py:179} INFO - Processing /home/airflow/.local/lib/python3.8/site-packages/airflow/example_dags/example_local_kubernetes_executor.py took 0.266 seconds
[2023-09-19T13:48:53.395+0000] {processor.py:157} INFO - Started process (PID=3332) to work on /home/airflow/.local/lib/python3.8/site-packages/airflow/example_dags/example_local_kubernetes_executor.py
[2023-09-19T13:48:53.396+0000] {processor.py:829} INFO - Processing file /home/airflow/.local/lib/python3.8/site-packages/airflow/example_dags/example_local_kubernetes_executor.py for tasks to queue
[2023-09-19T13:48:53.396+0000] {logging_mixin.py:151} INFO - [2023-09-19T13:48:53.396+0000] {dagbag.py:539} INFO - Filling up the DagBag from /home/airflow/.local/lib/python3.8/site-packages/airflow/example_dags/example_local_kubernetes_executor.py
[2023-09-19T13:48:53.598+0000] {processor.py:839} INFO - DAG(s) dict_keys(['example_local_kubernetes_executor']) retrieved from /home/airflow/.local/lib/python3.8/site-packages/airflow/example_dags/example_local_kubernetes_executor.py
[2023-09-19T13:48:53.632+0000] {logging_mixin.py:151} INFO - [2023-09-19T13:48:53.631+0000] {dag.py:2915} INFO - Sync 1 DAGs
[2023-09-19T13:48:53.642+0000] {logging_mixin.py:151} INFO - [2023-09-19T13:48:53.642+0000] {dag.py:3696} INFO - Setting next_dagrun for example_local_kubernetes_executor to None, run_after=None
[2023-09-19T13:48:53.661+0000] {processor.py:179} INFO - Processing /home/airflow/.local/lib/python3.8/site-packages/airflow/example_dags/example_local_kubernetes_executor.py took 0.268 seconds
[2023-09-19T13:49:23.973+0000] {processor.py:157} INFO - Started process (PID=3570) to work on /home/airflow/.local/lib/python3.8/site-packages/airflow/example_dags/example_local_kubernetes_executor.py
[2023-09-19T13:49:23.975+0000] {processor.py:829} INFO - Processing file /home/airflow/.local/lib/python3.8/site-packages/airflow/example_dags/example_local_kubernetes_executor.py for tasks to queue
[2023-09-19T13:49:23.976+0000] {logging_mixin.py:151} INFO - [2023-09-19T13:49:23.976+0000] {dagbag.py:539} INFO - Filling up the DagBag from /home/airflow/.local/lib/python3.8/site-packages/airflow/example_dags/example_local_kubernetes_executor.py
[2023-09-19T13:49:24.391+0000] {processor.py:839} INFO - DAG(s) dict_keys(['example_local_kubernetes_executor']) retrieved from /home/airflow/.local/lib/python3.8/site-packages/airflow/example_dags/example_local_kubernetes_executor.py
[2023-09-19T13:49:24.429+0000] {logging_mixin.py:151} INFO - [2023-09-19T13:49:24.427+0000] {dag.py:2915} INFO - Sync 1 DAGs
[2023-09-19T13:49:24.440+0000] {logging_mixin.py:151} INFO - [2023-09-19T13:49:24.440+0000] {dag.py:3696} INFO - Setting next_dagrun for example_local_kubernetes_executor to None, run_after=None
[2023-09-19T13:49:24.461+0000] {processor.py:179} INFO - Processing /home/airflow/.local/lib/python3.8/site-packages/airflow/example_dags/example_local_kubernetes_executor.py took 0.493 seconds
[2023-09-19T13:49:54.604+0000] {processor.py:157} INFO - Started process (PID=3808) to work on /home/airflow/.local/lib/python3.8/site-packages/airflow/example_dags/example_local_kubernetes_executor.py
[2023-09-19T13:49:54.605+0000] {processor.py:829} INFO - Processing file /home/airflow/.local/lib/python3.8/site-packages/airflow/example_dags/example_local_kubernetes_executor.py for tasks to queue
[2023-09-19T13:49:54.605+0000] {logging_mixin.py:151} INFO - [2023-09-19T13:49:54.605+0000] {dagbag.py:539} INFO - Filling up the DagBag from /home/airflow/.local/lib/python3.8/site-packages/airflow/example_dags/example_local_kubernetes_executor.py
[2023-09-19T13:49:54.806+0000] {processor.py:839} INFO - DAG(s) dict_keys(['example_local_kubernetes_executor']) retrieved from /home/airflow/.local/lib/python3.8/site-packages/airflow/example_dags/example_local_kubernetes_executor.py
[2023-09-19T13:49:54.835+0000] {logging_mixin.py:151} INFO - [2023-09-19T13:49:54.834+0000] {dag.py:2915} INFO - Sync 1 DAGs
[2023-09-19T13:49:54.843+0000] {logging_mixin.py:151} INFO - [2023-09-19T13:49:54.843+0000] {dag.py:3696} INFO - Setting next_dagrun for example_local_kubernetes_executor to None, run_after=None
[2023-09-19T13:49:54.866+0000] {processor.py:179} INFO - Processing /home/airflow/.local/lib/python3.8/site-packages/airflow/example_dags/example_local_kubernetes_executor.py took 0.266 seconds
[2023-09-19T13:50:25.203+0000] {processor.py:157} INFO - Started process (PID=4046) to work on /home/airflow/.local/lib/python3.8/site-packages/airflow/example_dags/example_local_kubernetes_executor.py
[2023-09-19T13:50:25.205+0000] {processor.py:829} INFO - Processing file /home/airflow/.local/lib/python3.8/site-packages/airflow/example_dags/example_local_kubernetes_executor.py for tasks to queue
[2023-09-19T13:50:25.206+0000] {logging_mixin.py:151} INFO - [2023-09-19T13:50:25.206+0000] {dagbag.py:539} INFO - Filling up the DagBag from /home/airflow/.local/lib/python3.8/site-packages/airflow/example_dags/example_local_kubernetes_executor.py
[2023-09-19T13:50:25.408+0000] {processor.py:839} INFO - DAG(s) dict_keys(['example_local_kubernetes_executor']) retrieved from /home/airflow/.local/lib/python3.8/site-packages/airflow/example_dags/example_local_kubernetes_executor.py
[2023-09-19T13:50:25.438+0000] {logging_mixin.py:151} INFO - [2023-09-19T13:50:25.437+0000] {dag.py:2915} INFO - Sync 1 DAGs
[2023-09-19T13:50:25.448+0000] {logging_mixin.py:151} INFO - [2023-09-19T13:50:25.447+0000] {dag.py:3696} INFO - Setting next_dagrun for example_local_kubernetes_executor to None, run_after=None
[2023-09-19T13:50:25.474+0000] {processor.py:179} INFO - Processing /home/airflow/.local/lib/python3.8/site-packages/airflow/example_dags/example_local_kubernetes_executor.py took 0.277 seconds
[2023-09-19T13:50:55.643+0000] {processor.py:157} INFO - Started process (PID=4283) to work on /home/airflow/.local/lib/python3.8/site-packages/airflow/example_dags/example_local_kubernetes_executor.py
[2023-09-19T13:50:55.644+0000] {processor.py:829} INFO - Processing file /home/airflow/.local/lib/python3.8/site-packages/airflow/example_dags/example_local_kubernetes_executor.py for tasks to queue
[2023-09-19T13:50:55.645+0000] {logging_mixin.py:151} INFO - [2023-09-19T13:50:55.645+0000] {dagbag.py:539} INFO - Filling up the DagBag from /home/airflow/.local/lib/python3.8/site-packages/airflow/example_dags/example_local_kubernetes_executor.py
[2023-09-19T13:50:55.848+0000] {processor.py:839} INFO - DAG(s) dict_keys(['example_local_kubernetes_executor']) retrieved from /home/airflow/.local/lib/python3.8/site-packages/airflow/example_dags/example_local_kubernetes_executor.py
[2023-09-19T13:50:55.875+0000] {logging_mixin.py:151} INFO - [2023-09-19T13:50:55.874+0000] {dag.py:2915} INFO - Sync 1 DAGs
[2023-09-19T13:50:55.887+0000] {logging_mixin.py:151} INFO - [2023-09-19T13:50:55.887+0000] {dag.py:3696} INFO - Setting next_dagrun for example_local_kubernetes_executor to None, run_after=None
[2023-09-19T13:50:55.908+0000] {processor.py:179} INFO - Processing /home/airflow/.local/lib/python3.8/site-packages/airflow/example_dags/example_local_kubernetes_executor.py took 0.269 seconds
[2023-09-19T13:51:26.085+0000] {processor.py:157} INFO - Started process (PID=4521) to work on /home/airflow/.local/lib/python3.8/site-packages/airflow/example_dags/example_local_kubernetes_executor.py
[2023-09-19T13:51:26.086+0000] {processor.py:829} INFO - Processing file /home/airflow/.local/lib/python3.8/site-packages/airflow/example_dags/example_local_kubernetes_executor.py for tasks to queue
[2023-09-19T13:51:26.087+0000] {logging_mixin.py:151} INFO - [2023-09-19T13:51:26.087+0000] {dagbag.py:539} INFO - Filling up the DagBag from /home/airflow/.local/lib/python3.8/site-packages/airflow/example_dags/example_local_kubernetes_executor.py
[2023-09-19T13:51:26.296+0000] {processor.py:839} INFO - DAG(s) dict_keys(['example_local_kubernetes_executor']) retrieved from /home/airflow/.local/lib/python3.8/site-packages/airflow/example_dags/example_local_kubernetes_executor.py
[2023-09-19T13:51:26.327+0000] {logging_mixin.py:151} INFO - [2023-09-19T13:51:26.325+0000] {dag.py:2915} INFO - Sync 1 DAGs
[2023-09-19T13:51:26.335+0000] {logging_mixin.py:151} INFO - [2023-09-19T13:51:26.335+0000] {dag.py:3696} INFO - Setting next_dagrun for example_local_kubernetes_executor to None, run_after=None
[2023-09-19T13:51:26.363+0000] {processor.py:179} INFO - Processing /home/airflow/.local/lib/python3.8/site-packages/airflow/example_dags/example_local_kubernetes_executor.py took 0.281 seconds
[2023-09-19T13:51:56.492+0000] {processor.py:157} INFO - Started process (PID=4759) to work on /home/airflow/.local/lib/python3.8/site-packages/airflow/example_dags/example_local_kubernetes_executor.py
[2023-09-19T13:51:56.493+0000] {processor.py:829} INFO - Processing file /home/airflow/.local/lib/python3.8/site-packages/airflow/example_dags/example_local_kubernetes_executor.py for tasks to queue
[2023-09-19T13:51:56.494+0000] {logging_mixin.py:151} INFO - [2023-09-19T13:51:56.494+0000] {dagbag.py:539} INFO - Filling up the DagBag from /home/airflow/.local/lib/python3.8/site-packages/airflow/example_dags/example_local_kubernetes_executor.py
[2023-09-19T13:51:56.674+0000] {processor.py:839} INFO - DAG(s) dict_keys(['example_local_kubernetes_executor']) retrieved from /home/airflow/.local/lib/python3.8/site-packages/airflow/example_dags/example_local_kubernetes_executor.py
[2023-09-19T13:51:56.699+0000] {logging_mixin.py:151} INFO - [2023-09-19T13:51:56.699+0000] {dag.py:2915} INFO - Sync 1 DAGs
[2023-09-19T13:51:56.711+0000] {logging_mixin.py:151} INFO - [2023-09-19T13:51:56.711+0000] {dag.py:3696} INFO - Setting next_dagrun for example_local_kubernetes_executor to None, run_after=None
[2023-09-19T13:51:56.728+0000] {processor.py:179} INFO - Processing /home/airflow/.local/lib/python3.8/site-packages/airflow/example_dags/example_local_kubernetes_executor.py took 0.239 seconds
[2023-09-19T13:52:26.773+0000] {processor.py:157} INFO - Started process (PID=5005) to work on /home/airflow/.local/lib/python3.8/site-packages/airflow/example_dags/example_local_kubernetes_executor.py
[2023-09-19T13:52:26.774+0000] {processor.py:829} INFO - Processing file /home/airflow/.local/lib/python3.8/site-packages/airflow/example_dags/example_local_kubernetes_executor.py for tasks to queue
[2023-09-19T13:52:26.774+0000] {logging_mixin.py:151} INFO - [2023-09-19T13:52:26.774+0000] {dagbag.py:539} INFO - Filling up the DagBag from /home/airflow/.local/lib/python3.8/site-packages/airflow/example_dags/example_local_kubernetes_executor.py
[2023-09-19T13:52:26.960+0000] {processor.py:839} INFO - DAG(s) dict_keys(['example_local_kubernetes_executor']) retrieved from /home/airflow/.local/lib/python3.8/site-packages/airflow/example_dags/example_local_kubernetes_executor.py
[2023-09-19T13:52:26.984+0000] {logging_mixin.py:151} INFO - [2023-09-19T13:52:26.984+0000] {dag.py:2915} INFO - Sync 1 DAGs
[2023-09-19T13:52:26.993+0000] {logging_mixin.py:151} INFO - [2023-09-19T13:52:26.993+0000] {dag.py:3696} INFO - Setting next_dagrun for example_local_kubernetes_executor to None, run_after=None
[2023-09-19T13:52:27.012+0000] {processor.py:179} INFO - Processing /home/airflow/.local/lib/python3.8/site-packages/airflow/example_dags/example_local_kubernetes_executor.py took 0.241 seconds
[2023-09-19T13:52:57.073+0000] {processor.py:157} INFO - Started process (PID=5254) to work on /home/airflow/.local/lib/python3.8/site-packages/airflow/example_dags/example_local_kubernetes_executor.py
[2023-09-19T13:52:57.074+0000] {processor.py:829} INFO - Processing file /home/airflow/.local/lib/python3.8/site-packages/airflow/example_dags/example_local_kubernetes_executor.py for tasks to queue
[2023-09-19T13:52:57.075+0000] {logging_mixin.py:151} INFO - [2023-09-19T13:52:57.075+0000] {dagbag.py:539} INFO - Filling up the DagBag from /home/airflow/.local/lib/python3.8/site-packages/airflow/example_dags/example_local_kubernetes_executor.py
[2023-09-19T13:52:57.260+0000] {processor.py:839} INFO - DAG(s) dict_keys(['example_local_kubernetes_executor']) retrieved from /home/airflow/.local/lib/python3.8/site-packages/airflow/example_dags/example_local_kubernetes_executor.py
[2023-09-19T13:52:57.283+0000] {logging_mixin.py:151} INFO - [2023-09-19T13:52:57.283+0000] {dag.py:2915} INFO - Sync 1 DAGs
[2023-09-19T13:52:57.292+0000] {logging_mixin.py:151} INFO - [2023-09-19T13:52:57.292+0000] {dag.py:3696} INFO - Setting next_dagrun for example_local_kubernetes_executor to None, run_after=None
[2023-09-19T13:52:57.310+0000] {processor.py:179} INFO - Processing /home/airflow/.local/lib/python3.8/site-packages/airflow/example_dags/example_local_kubernetes_executor.py took 0.239 seconds
[2023-09-19T13:53:27.367+0000] {processor.py:157} INFO - Started process (PID=5497) to work on /home/airflow/.local/lib/python3.8/site-packages/airflow/example_dags/example_local_kubernetes_executor.py
[2023-09-19T13:53:27.368+0000] {processor.py:829} INFO - Processing file /home/airflow/.local/lib/python3.8/site-packages/airflow/example_dags/example_local_kubernetes_executor.py for tasks to queue
[2023-09-19T13:53:27.369+0000] {logging_mixin.py:151} INFO - [2023-09-19T13:53:27.368+0000] {dagbag.py:539} INFO - Filling up the DagBag from /home/airflow/.local/lib/python3.8/site-packages/airflow/example_dags/example_local_kubernetes_executor.py
[2023-09-19T13:53:27.560+0000] {processor.py:839} INFO - DAG(s) dict_keys(['example_local_kubernetes_executor']) retrieved from /home/airflow/.local/lib/python3.8/site-packages/airflow/example_dags/example_local_kubernetes_executor.py
[2023-09-19T13:53:27.589+0000] {logging_mixin.py:151} INFO - [2023-09-19T13:53:27.588+0000] {dag.py:2915} INFO - Sync 1 DAGs
[2023-09-19T13:53:27.598+0000] {logging_mixin.py:151} INFO - [2023-09-19T13:53:27.598+0000] {dag.py:3696} INFO - Setting next_dagrun for example_local_kubernetes_executor to None, run_after=None
[2023-09-19T13:53:27.617+0000] {processor.py:179} INFO - Processing /home/airflow/.local/lib/python3.8/site-packages/airflow/example_dags/example_local_kubernetes_executor.py took 0.252 seconds
[2023-09-19T13:53:57.671+0000] {processor.py:157} INFO - Started process (PID=5735) to work on /home/airflow/.local/lib/python3.8/site-packages/airflow/example_dags/example_local_kubernetes_executor.py
[2023-09-19T13:53:57.672+0000] {processor.py:829} INFO - Processing file /home/airflow/.local/lib/python3.8/site-packages/airflow/example_dags/example_local_kubernetes_executor.py for tasks to queue
[2023-09-19T13:53:57.673+0000] {logging_mixin.py:151} INFO - [2023-09-19T13:53:57.673+0000] {dagbag.py:539} INFO - Filling up the DagBag from /home/airflow/.local/lib/python3.8/site-packages/airflow/example_dags/example_local_kubernetes_executor.py
[2023-09-19T13:53:57.854+0000] {processor.py:839} INFO - DAG(s) dict_keys(['example_local_kubernetes_executor']) retrieved from /home/airflow/.local/lib/python3.8/site-packages/airflow/example_dags/example_local_kubernetes_executor.py
[2023-09-19T13:53:57.883+0000] {logging_mixin.py:151} INFO - [2023-09-19T13:53:57.882+0000] {dag.py:2915} INFO - Sync 1 DAGs
[2023-09-19T13:53:57.892+0000] {logging_mixin.py:151} INFO - [2023-09-19T13:53:57.892+0000] {dag.py:3696} INFO - Setting next_dagrun for example_local_kubernetes_executor to None, run_after=None
[2023-09-19T13:53:57.916+0000] {processor.py:179} INFO - Processing /home/airflow/.local/lib/python3.8/site-packages/airflow/example_dags/example_local_kubernetes_executor.py took 0.249 seconds
[2023-09-19T13:54:28.105+0000] {processor.py:157} INFO - Started process (PID=5978) to work on /home/airflow/.local/lib/python3.8/site-packages/airflow/example_dags/example_local_kubernetes_executor.py
[2023-09-19T13:54:28.106+0000] {processor.py:829} INFO - Processing file /home/airflow/.local/lib/python3.8/site-packages/airflow/example_dags/example_local_kubernetes_executor.py for tasks to queue
[2023-09-19T13:54:28.107+0000] {logging_mixin.py:151} INFO - [2023-09-19T13:54:28.107+0000] {dagbag.py:539} INFO - Filling up the DagBag from /home/airflow/.local/lib/python3.8/site-packages/airflow/example_dags/example_local_kubernetes_executor.py
[2023-09-19T13:54:28.291+0000] {processor.py:839} INFO - DAG(s) dict_keys(['example_local_kubernetes_executor']) retrieved from /home/airflow/.local/lib/python3.8/site-packages/airflow/example_dags/example_local_kubernetes_executor.py
[2023-09-19T13:54:28.320+0000] {logging_mixin.py:151} INFO - [2023-09-19T13:54:28.319+0000] {dag.py:2915} INFO - Sync 1 DAGs
[2023-09-19T13:54:28.331+0000] {logging_mixin.py:151} INFO - [2023-09-19T13:54:28.331+0000] {dag.py:3696} INFO - Setting next_dagrun for example_local_kubernetes_executor to None, run_after=None
[2023-09-19T13:54:28.347+0000] {processor.py:179} INFO - Processing /home/airflow/.local/lib/python3.8/site-packages/airflow/example_dags/example_local_kubernetes_executor.py took 0.245 seconds
[2023-09-19T13:54:58.543+0000] {processor.py:157} INFO - Started process (PID=6221) to work on /home/airflow/.local/lib/python3.8/site-packages/airflow/example_dags/example_local_kubernetes_executor.py
[2023-09-19T13:54:58.544+0000] {processor.py:829} INFO - Processing file /home/airflow/.local/lib/python3.8/site-packages/airflow/example_dags/example_local_kubernetes_executor.py for tasks to queue
[2023-09-19T13:54:58.545+0000] {logging_mixin.py:151} INFO - [2023-09-19T13:54:58.545+0000] {dagbag.py:539} INFO - Filling up the DagBag from /home/airflow/.local/lib/python3.8/site-packages/airflow/example_dags/example_local_kubernetes_executor.py
[2023-09-19T13:54:58.733+0000] {processor.py:839} INFO - DAG(s) dict_keys(['example_local_kubernetes_executor']) retrieved from /home/airflow/.local/lib/python3.8/site-packages/airflow/example_dags/example_local_kubernetes_executor.py
[2023-09-19T13:54:58.756+0000] {logging_mixin.py:151} INFO - [2023-09-19T13:54:58.756+0000] {dag.py:2915} INFO - Sync 1 DAGs
[2023-09-19T13:54:58.767+0000] {logging_mixin.py:151} INFO - [2023-09-19T13:54:58.767+0000] {dag.py:3696} INFO - Setting next_dagrun for example_local_kubernetes_executor to None, run_after=None
[2023-09-19T13:54:58.784+0000] {processor.py:179} INFO - Processing /home/airflow/.local/lib/python3.8/site-packages/airflow/example_dags/example_local_kubernetes_executor.py took 0.244 seconds
[2023-09-19T13:55:28.871+0000] {processor.py:157} INFO - Started process (PID=6469) to work on /home/airflow/.local/lib/python3.8/site-packages/airflow/example_dags/example_local_kubernetes_executor.py
[2023-09-19T13:55:28.872+0000] {processor.py:829} INFO - Processing file /home/airflow/.local/lib/python3.8/site-packages/airflow/example_dags/example_local_kubernetes_executor.py for tasks to queue
[2023-09-19T13:55:28.873+0000] {logging_mixin.py:151} INFO - [2023-09-19T13:55:28.872+0000] {dagbag.py:539} INFO - Filling up the DagBag from /home/airflow/.local/lib/python3.8/site-packages/airflow/example_dags/example_local_kubernetes_executor.py
[2023-09-19T13:55:29.057+0000] {processor.py:839} INFO - DAG(s) dict_keys(['example_local_kubernetes_executor']) retrieved from /home/airflow/.local/lib/python3.8/site-packages/airflow/example_dags/example_local_kubernetes_executor.py
[2023-09-19T13:55:29.085+0000] {logging_mixin.py:151} INFO - [2023-09-19T13:55:29.084+0000] {dag.py:2915} INFO - Sync 1 DAGs
[2023-09-19T13:55:29.093+0000] {logging_mixin.py:151} INFO - [2023-09-19T13:55:29.093+0000] {dag.py:3696} INFO - Setting next_dagrun for example_local_kubernetes_executor to None, run_after=None
[2023-09-19T13:55:29.110+0000] {processor.py:179} INFO - Processing /home/airflow/.local/lib/python3.8/site-packages/airflow/example_dags/example_local_kubernetes_executor.py took 0.241 seconds
[2023-09-19T13:55:59.141+0000] {processor.py:157} INFO - Started process (PID=6717) to work on /home/airflow/.local/lib/python3.8/site-packages/airflow/example_dags/example_local_kubernetes_executor.py
[2023-09-19T13:55:59.141+0000] {processor.py:829} INFO - Processing file /home/airflow/.local/lib/python3.8/site-packages/airflow/example_dags/example_local_kubernetes_executor.py for tasks to queue
[2023-09-19T13:55:59.142+0000] {logging_mixin.py:151} INFO - [2023-09-19T13:55:59.142+0000] {dagbag.py:539} INFO - Filling up the DagBag from /home/airflow/.local/lib/python3.8/site-packages/airflow/example_dags/example_local_kubernetes_executor.py
[2023-09-19T13:55:59.321+0000] {processor.py:839} INFO - DAG(s) dict_keys(['example_local_kubernetes_executor']) retrieved from /home/airflow/.local/lib/python3.8/site-packages/airflow/example_dags/example_local_kubernetes_executor.py
[2023-09-19T13:55:59.348+0000] {logging_mixin.py:151} INFO - [2023-09-19T13:55:59.347+0000] {dag.py:2915} INFO - Sync 1 DAGs
[2023-09-19T13:55:59.357+0000] {logging_mixin.py:151} INFO - [2023-09-19T13:55:59.356+0000] {dag.py:3696} INFO - Setting next_dagrun for example_local_kubernetes_executor to None, run_after=None
[2023-09-19T13:55:59.372+0000] {processor.py:179} INFO - Processing /home/airflow/.local/lib/python3.8/site-packages/airflow/example_dags/example_local_kubernetes_executor.py took 0.234 seconds
[2023-09-19T13:56:29.416+0000] {processor.py:157} INFO - Started process (PID=6965) to work on /home/airflow/.local/lib/python3.8/site-packages/airflow/example_dags/example_local_kubernetes_executor.py
[2023-09-19T13:56:29.417+0000] {processor.py:829} INFO - Processing file /home/airflow/.local/lib/python3.8/site-packages/airflow/example_dags/example_local_kubernetes_executor.py for tasks to queue
[2023-09-19T13:56:29.418+0000] {logging_mixin.py:151} INFO - [2023-09-19T13:56:29.418+0000] {dagbag.py:539} INFO - Filling up the DagBag from /home/airflow/.local/lib/python3.8/site-packages/airflow/example_dags/example_local_kubernetes_executor.py
[2023-09-19T13:56:29.601+0000] {processor.py:839} INFO - DAG(s) dict_keys(['example_local_kubernetes_executor']) retrieved from /home/airflow/.local/lib/python3.8/site-packages/airflow/example_dags/example_local_kubernetes_executor.py
[2023-09-19T13:56:29.632+0000] {logging_mixin.py:151} INFO - [2023-09-19T13:56:29.631+0000] {dag.py:2915} INFO - Sync 1 DAGs
[2023-09-19T13:56:29.649+0000] {logging_mixin.py:151} INFO - [2023-09-19T13:56:29.649+0000] {dag.py:3696} INFO - Setting next_dagrun for example_local_kubernetes_executor to None, run_after=None
[2023-09-19T13:56:29.669+0000] {processor.py:179} INFO - Processing /home/airflow/.local/lib/python3.8/site-packages/airflow/example_dags/example_local_kubernetes_executor.py took 0.255 seconds
[2023-09-19T13:56:59.747+0000] {processor.py:157} INFO - Started process (PID=7208) to work on /home/airflow/.local/lib/python3.8/site-packages/airflow/example_dags/example_local_kubernetes_executor.py
[2023-09-19T13:56:59.748+0000] {processor.py:829} INFO - Processing file /home/airflow/.local/lib/python3.8/site-packages/airflow/example_dags/example_local_kubernetes_executor.py for tasks to queue
[2023-09-19T13:56:59.749+0000] {logging_mixin.py:151} INFO - [2023-09-19T13:56:59.748+0000] {dagbag.py:539} INFO - Filling up the DagBag from /home/airflow/.local/lib/python3.8/site-packages/airflow/example_dags/example_local_kubernetes_executor.py
[2023-09-19T13:56:59.935+0000] {processor.py:839} INFO - DAG(s) dict_keys(['example_local_kubernetes_executor']) retrieved from /home/airflow/.local/lib/python3.8/site-packages/airflow/example_dags/example_local_kubernetes_executor.py
[2023-09-19T13:56:59.958+0000] {logging_mixin.py:151} INFO - [2023-09-19T13:56:59.958+0000] {dag.py:2915} INFO - Sync 1 DAGs
[2023-09-19T13:56:59.967+0000] {logging_mixin.py:151} INFO - [2023-09-19T13:56:59.967+0000] {dag.py:3696} INFO - Setting next_dagrun for example_local_kubernetes_executor to None, run_after=None
[2023-09-19T13:56:59.989+0000] {processor.py:179} INFO - Processing /home/airflow/.local/lib/python3.8/site-packages/airflow/example_dags/example_local_kubernetes_executor.py took 0.244 seconds
[2023-09-19T13:57:30.207+0000] {processor.py:157} INFO - Started process (PID=7436) to work on /home/airflow/.local/lib/python3.8/site-packages/airflow/example_dags/example_local_kubernetes_executor.py
[2023-09-19T13:57:30.208+0000] {processor.py:829} INFO - Processing file /home/airflow/.local/lib/python3.8/site-packages/airflow/example_dags/example_local_kubernetes_executor.py for tasks to queue
[2023-09-19T13:57:30.209+0000] {logging_mixin.py:151} INFO - [2023-09-19T13:57:30.209+0000] {dagbag.py:539} INFO - Filling up the DagBag from /home/airflow/.local/lib/python3.8/site-packages/airflow/example_dags/example_local_kubernetes_executor.py
[2023-09-19T13:57:30.452+0000] {processor.py:839} INFO - DAG(s) dict_keys(['example_local_kubernetes_executor']) retrieved from /home/airflow/.local/lib/python3.8/site-packages/airflow/example_dags/example_local_kubernetes_executor.py
[2023-09-19T13:57:30.477+0000] {logging_mixin.py:151} INFO - [2023-09-19T13:57:30.477+0000] {dag.py:2915} INFO - Sync 1 DAGs
[2023-09-19T13:57:30.486+0000] {logging_mixin.py:151} INFO - [2023-09-19T13:57:30.486+0000] {dag.py:3696} INFO - Setting next_dagrun for example_local_kubernetes_executor to None, run_after=None
[2023-09-19T13:57:30.506+0000] {processor.py:179} INFO - Processing /home/airflow/.local/lib/python3.8/site-packages/airflow/example_dags/example_local_kubernetes_executor.py took 0.301 seconds
[2023-09-19T13:58:00.580+0000] {processor.py:157} INFO - Started process (PID=7685) to work on /home/airflow/.local/lib/python3.8/site-packages/airflow/example_dags/example_local_kubernetes_executor.py
[2023-09-19T13:58:00.581+0000] {processor.py:829} INFO - Processing file /home/airflow/.local/lib/python3.8/site-packages/airflow/example_dags/example_local_kubernetes_executor.py for tasks to queue
[2023-09-19T13:58:00.582+0000] {logging_mixin.py:151} INFO - [2023-09-19T13:58:00.581+0000] {dagbag.py:539} INFO - Filling up the DagBag from /home/airflow/.local/lib/python3.8/site-packages/airflow/example_dags/example_local_kubernetes_executor.py
[2023-09-19T13:58:00.765+0000] {processor.py:839} INFO - DAG(s) dict_keys(['example_local_kubernetes_executor']) retrieved from /home/airflow/.local/lib/python3.8/site-packages/airflow/example_dags/example_local_kubernetes_executor.py
[2023-09-19T13:58:00.790+0000] {logging_mixin.py:151} INFO - [2023-09-19T13:58:00.790+0000] {dag.py:2915} INFO - Sync 1 DAGs
[2023-09-19T13:58:00.798+0000] {logging_mixin.py:151} INFO - [2023-09-19T13:58:00.798+0000] {dag.py:3696} INFO - Setting next_dagrun for example_local_kubernetes_executor to None, run_after=None
[2023-09-19T13:58:00.818+0000] {processor.py:179} INFO - Processing /home/airflow/.local/lib/python3.8/site-packages/airflow/example_dags/example_local_kubernetes_executor.py took 0.240 seconds
[2023-09-19T13:58:30.906+0000] {processor.py:157} INFO - Started process (PID=7928) to work on /home/airflow/.local/lib/python3.8/site-packages/airflow/example_dags/example_local_kubernetes_executor.py
[2023-09-19T13:58:30.907+0000] {processor.py:829} INFO - Processing file /home/airflow/.local/lib/python3.8/site-packages/airflow/example_dags/example_local_kubernetes_executor.py for tasks to queue
[2023-09-19T13:58:30.908+0000] {logging_mixin.py:151} INFO - [2023-09-19T13:58:30.908+0000] {dagbag.py:539} INFO - Filling up the DagBag from /home/airflow/.local/lib/python3.8/site-packages/airflow/example_dags/example_local_kubernetes_executor.py
[2023-09-19T13:58:31.089+0000] {processor.py:839} INFO - DAG(s) dict_keys(['example_local_kubernetes_executor']) retrieved from /home/airflow/.local/lib/python3.8/site-packages/airflow/example_dags/example_local_kubernetes_executor.py
[2023-09-19T13:58:31.116+0000] {logging_mixin.py:151} INFO - [2023-09-19T13:58:31.115+0000] {dag.py:2915} INFO - Sync 1 DAGs
[2023-09-19T13:58:31.127+0000] {logging_mixin.py:151} INFO - [2023-09-19T13:58:31.127+0000] {dag.py:3696} INFO - Setting next_dagrun for example_local_kubernetes_executor to None, run_after=None
[2023-09-19T13:58:31.144+0000] {processor.py:179} INFO - Processing /home/airflow/.local/lib/python3.8/site-packages/airflow/example_dags/example_local_kubernetes_executor.py took 0.241 seconds
[2023-09-19T13:59:01.189+0000] {processor.py:157} INFO - Started process (PID=8172) to work on /home/airflow/.local/lib/python3.8/site-packages/airflow/example_dags/example_local_kubernetes_executor.py
[2023-09-19T13:59:01.190+0000] {processor.py:829} INFO - Processing file /home/airflow/.local/lib/python3.8/site-packages/airflow/example_dags/example_local_kubernetes_executor.py for tasks to queue
[2023-09-19T13:59:01.191+0000] {logging_mixin.py:151} INFO - [2023-09-19T13:59:01.191+0000] {dagbag.py:539} INFO - Filling up the DagBag from /home/airflow/.local/lib/python3.8/site-packages/airflow/example_dags/example_local_kubernetes_executor.py
[2023-09-19T13:59:01.370+0000] {processor.py:839} INFO - DAG(s) dict_keys(['example_local_kubernetes_executor']) retrieved from /home/airflow/.local/lib/python3.8/site-packages/airflow/example_dags/example_local_kubernetes_executor.py
[2023-09-19T13:59:01.393+0000] {logging_mixin.py:151} INFO - [2023-09-19T13:59:01.393+0000] {dag.py:2915} INFO - Sync 1 DAGs
[2023-09-19T13:59:01.408+0000] {logging_mixin.py:151} INFO - [2023-09-19T13:59:01.407+0000] {dag.py:3696} INFO - Setting next_dagrun for example_local_kubernetes_executor to None, run_after=None
[2023-09-19T13:59:01.424+0000] {processor.py:179} INFO - Processing /home/airflow/.local/lib/python3.8/site-packages/airflow/example_dags/example_local_kubernetes_executor.py took 0.238 seconds
[2023-09-19T13:59:32.349+0000] {processor.py:157} INFO - Started process (PID=8416) to work on /home/airflow/.local/lib/python3.8/site-packages/airflow/example_dags/example_local_kubernetes_executor.py
[2023-09-19T13:59:32.351+0000] {processor.py:829} INFO - Processing file /home/airflow/.local/lib/python3.8/site-packages/airflow/example_dags/example_local_kubernetes_executor.py for tasks to queue
[2023-09-19T13:59:32.351+0000] {logging_mixin.py:151} INFO - [2023-09-19T13:59:32.351+0000] {dagbag.py:539} INFO - Filling up the DagBag from /home/airflow/.local/lib/python3.8/site-packages/airflow/example_dags/example_local_kubernetes_executor.py
[2023-09-19T13:59:32.559+0000] {processor.py:839} INFO - DAG(s) dict_keys(['example_local_kubernetes_executor']) retrieved from /home/airflow/.local/lib/python3.8/site-packages/airflow/example_dags/example_local_kubernetes_executor.py
[2023-09-19T13:59:32.590+0000] {logging_mixin.py:151} INFO - [2023-09-19T13:59:32.589+0000] {dag.py:2915} INFO - Sync 1 DAGs
[2023-09-19T13:59:32.598+0000] {logging_mixin.py:151} INFO - [2023-09-19T13:59:32.598+0000] {dag.py:3696} INFO - Setting next_dagrun for example_local_kubernetes_executor to None, run_after=None
[2023-09-19T13:59:32.614+0000] {processor.py:179} INFO - Processing /home/airflow/.local/lib/python3.8/site-packages/airflow/example_dags/example_local_kubernetes_executor.py took 0.271 seconds
