[2023-09-19T13:42:07.511+0000] {processor.py:157} INFO - Started process (PID=207) to work on /home/airflow/.local/lib/python3.8/site-packages/airflow/example_dags/example_sensors.py
[2023-09-19T13:42:07.512+0000] {processor.py:829} INFO - Processing file /home/airflow/.local/lib/python3.8/site-packages/airflow/example_dags/example_sensors.py for tasks to queue
[2023-09-19T13:42:07.512+0000] {logging_mixin.py:151} INFO - [2023-09-19T13:42:07.512+0000] {dagbag.py:539} INFO - Filling up the DagBag from /home/airflow/.local/lib/python3.8/site-packages/airflow/example_dags/example_sensors.py
[2023-09-19T13:42:07.520+0000] {processor.py:839} INFO - DAG(s) dict_keys(['example_sensors']) retrieved from /home/airflow/.local/lib/python3.8/site-packages/airflow/example_dags/example_sensors.py
[2023-09-19T13:42:07.544+0000] {logging_mixin.py:151} INFO - [2023-09-19T13:42:07.543+0000] {dag.py:2915} INFO - Sync 1 DAGs
[2023-09-19T13:42:07.553+0000] {logging_mixin.py:151} INFO - [2023-09-19T13:42:07.553+0000] {dag.py:3696} INFO - Setting next_dagrun for example_sensors to None, run_after=None
[2023-09-19T13:42:07.569+0000] {processor.py:179} INFO - Processing /home/airflow/.local/lib/python3.8/site-packages/airflow/example_dags/example_sensors.py took 0.061 seconds
[2023-09-19T13:42:45.487+0000] {processor.py:157} INFO - Started process (PID=443) to work on /home/airflow/.local/lib/python3.8/site-packages/airflow/example_dags/example_sensors.py
[2023-09-19T13:42:45.488+0000] {processor.py:829} INFO - Processing file /home/airflow/.local/lib/python3.8/site-packages/airflow/example_dags/example_sensors.py for tasks to queue
[2023-09-19T13:42:45.488+0000] {logging_mixin.py:151} INFO - [2023-09-19T13:42:45.488+0000] {dagbag.py:539} INFO - Filling up the DagBag from /home/airflow/.local/lib/python3.8/site-packages/airflow/example_dags/example_sensors.py
[2023-09-19T13:42:45.495+0000] {processor.py:839} INFO - DAG(s) dict_keys(['example_sensors']) retrieved from /home/airflow/.local/lib/python3.8/site-packages/airflow/example_dags/example_sensors.py
[2023-09-19T13:42:45.513+0000] {logging_mixin.py:151} INFO - [2023-09-19T13:42:45.513+0000] {dag.py:2915} INFO - Sync 1 DAGs
[2023-09-19T13:42:45.524+0000] {logging_mixin.py:151} INFO - [2023-09-19T13:42:45.524+0000] {dag.py:3696} INFO - Setting next_dagrun for example_sensors to None, run_after=None
[2023-09-19T13:42:45.541+0000] {processor.py:179} INFO - Processing /home/airflow/.local/lib/python3.8/site-packages/airflow/example_dags/example_sensors.py took 0.057 seconds
[2023-09-19T13:43:16.244+0000] {processor.py:157} INFO - Started process (PID=681) to work on /home/airflow/.local/lib/python3.8/site-packages/airflow/example_dags/example_sensors.py
[2023-09-19T13:43:16.245+0000] {processor.py:829} INFO - Processing file /home/airflow/.local/lib/python3.8/site-packages/airflow/example_dags/example_sensors.py for tasks to queue
[2023-09-19T13:43:16.246+0000] {logging_mixin.py:151} INFO - [2023-09-19T13:43:16.246+0000] {dagbag.py:539} INFO - Filling up the DagBag from /home/airflow/.local/lib/python3.8/site-packages/airflow/example_dags/example_sensors.py
[2023-09-19T13:43:16.376+0000] {processor.py:839} INFO - DAG(s) dict_keys(['example_sensors']) retrieved from /home/airflow/.local/lib/python3.8/site-packages/airflow/example_dags/example_sensors.py
[2023-09-19T13:43:16.391+0000] {logging_mixin.py:151} INFO - [2023-09-19T13:43:16.391+0000] {dag.py:2915} INFO - Sync 1 DAGs
[2023-09-19T13:43:16.401+0000] {logging_mixin.py:151} INFO - [2023-09-19T13:43:16.401+0000] {dag.py:3696} INFO - Setting next_dagrun for example_sensors to None, run_after=None
[2023-09-19T13:43:16.416+0000] {processor.py:179} INFO - Processing /home/airflow/.local/lib/python3.8/site-packages/airflow/example_dags/example_sensors.py took 0.176 seconds
[2023-09-19T13:43:47.056+0000] {processor.py:157} INFO - Started process (PID=921) to work on /home/airflow/.local/lib/python3.8/site-packages/airflow/example_dags/example_sensors.py
[2023-09-19T13:43:47.057+0000] {processor.py:829} INFO - Processing file /home/airflow/.local/lib/python3.8/site-packages/airflow/example_dags/example_sensors.py for tasks to queue
[2023-09-19T13:43:47.058+0000] {logging_mixin.py:151} INFO - [2023-09-19T13:43:47.058+0000] {dagbag.py:539} INFO - Filling up the DagBag from /home/airflow/.local/lib/python3.8/site-packages/airflow/example_dags/example_sensors.py
[2023-09-19T13:43:47.066+0000] {processor.py:839} INFO - DAG(s) dict_keys(['example_sensors']) retrieved from /home/airflow/.local/lib/python3.8/site-packages/airflow/example_dags/example_sensors.py
[2023-09-19T13:43:47.087+0000] {logging_mixin.py:151} INFO - [2023-09-19T13:43:47.087+0000] {dag.py:2915} INFO - Sync 1 DAGs
[2023-09-19T13:43:47.101+0000] {logging_mixin.py:151} INFO - [2023-09-19T13:43:47.100+0000] {dag.py:3696} INFO - Setting next_dagrun for example_sensors to None, run_after=None
[2023-09-19T13:43:47.118+0000] {processor.py:179} INFO - Processing /home/airflow/.local/lib/python3.8/site-packages/airflow/example_dags/example_sensors.py took 0.065 seconds
[2023-09-19T13:44:17.356+0000] {processor.py:157} INFO - Started process (PID=1159) to work on /home/airflow/.local/lib/python3.8/site-packages/airflow/example_dags/example_sensors.py
[2023-09-19T13:44:17.357+0000] {processor.py:829} INFO - Processing file /home/airflow/.local/lib/python3.8/site-packages/airflow/example_dags/example_sensors.py for tasks to queue
[2023-09-19T13:44:17.358+0000] {logging_mixin.py:151} INFO - [2023-09-19T13:44:17.357+0000] {dagbag.py:539} INFO - Filling up the DagBag from /home/airflow/.local/lib/python3.8/site-packages/airflow/example_dags/example_sensors.py
[2023-09-19T13:44:17.364+0000] {processor.py:839} INFO - DAG(s) dict_keys(['example_sensors']) retrieved from /home/airflow/.local/lib/python3.8/site-packages/airflow/example_dags/example_sensors.py
[2023-09-19T13:44:17.385+0000] {logging_mixin.py:151} INFO - [2023-09-19T13:44:17.385+0000] {dag.py:2915} INFO - Sync 1 DAGs
[2023-09-19T13:44:17.394+0000] {logging_mixin.py:151} INFO - [2023-09-19T13:44:17.394+0000] {dag.py:3696} INFO - Setting next_dagrun for example_sensors to None, run_after=None
[2023-09-19T13:44:17.409+0000] {processor.py:179} INFO - Processing /home/airflow/.local/lib/python3.8/site-packages/airflow/example_dags/example_sensors.py took 0.055 seconds
[2023-09-19T13:44:47.599+0000] {processor.py:157} INFO - Started process (PID=1397) to work on /home/airflow/.local/lib/python3.8/site-packages/airflow/example_dags/example_sensors.py
[2023-09-19T13:44:47.600+0000] {processor.py:829} INFO - Processing file /home/airflow/.local/lib/python3.8/site-packages/airflow/example_dags/example_sensors.py for tasks to queue
[2023-09-19T13:44:47.601+0000] {logging_mixin.py:151} INFO - [2023-09-19T13:44:47.601+0000] {dagbag.py:539} INFO - Filling up the DagBag from /home/airflow/.local/lib/python3.8/site-packages/airflow/example_dags/example_sensors.py
[2023-09-19T13:44:47.613+0000] {processor.py:839} INFO - DAG(s) dict_keys(['example_sensors']) retrieved from /home/airflow/.local/lib/python3.8/site-packages/airflow/example_dags/example_sensors.py
[2023-09-19T13:44:47.640+0000] {logging_mixin.py:151} INFO - [2023-09-19T13:44:47.640+0000] {dag.py:2915} INFO - Sync 1 DAGs
[2023-09-19T13:44:47.658+0000] {logging_mixin.py:151} INFO - [2023-09-19T13:44:47.657+0000] {dag.py:3696} INFO - Setting next_dagrun for example_sensors to None, run_after=None
[2023-09-19T13:44:47.686+0000] {processor.py:179} INFO - Processing /home/airflow/.local/lib/python3.8/site-packages/airflow/example_dags/example_sensors.py took 0.090 seconds
[2023-09-19T13:45:18.191+0000] {processor.py:157} INFO - Started process (PID=1636) to work on /home/airflow/.local/lib/python3.8/site-packages/airflow/example_dags/example_sensors.py
[2023-09-19T13:45:18.192+0000] {processor.py:829} INFO - Processing file /home/airflow/.local/lib/python3.8/site-packages/airflow/example_dags/example_sensors.py for tasks to queue
[2023-09-19T13:45:18.192+0000] {logging_mixin.py:151} INFO - [2023-09-19T13:45:18.192+0000] {dagbag.py:539} INFO - Filling up the DagBag from /home/airflow/.local/lib/python3.8/site-packages/airflow/example_dags/example_sensors.py
[2023-09-19T13:45:18.199+0000] {processor.py:839} INFO - DAG(s) dict_keys(['example_sensors']) retrieved from /home/airflow/.local/lib/python3.8/site-packages/airflow/example_dags/example_sensors.py
[2023-09-19T13:45:18.208+0000] {logging_mixin.py:151} INFO - [2023-09-19T13:45:18.207+0000] {dag.py:2915} INFO - Sync 1 DAGs
[2023-09-19T13:45:18.220+0000] {logging_mixin.py:151} INFO - [2023-09-19T13:45:18.219+0000] {dag.py:3696} INFO - Setting next_dagrun for example_sensors to None, run_after=None
[2023-09-19T13:45:18.244+0000] {processor.py:179} INFO - Processing /home/airflow/.local/lib/python3.8/site-packages/airflow/example_dags/example_sensors.py took 0.056 seconds
[2023-09-19T13:45:48.660+0000] {processor.py:157} INFO - Started process (PID=1874) to work on /home/airflow/.local/lib/python3.8/site-packages/airflow/example_dags/example_sensors.py
[2023-09-19T13:45:48.661+0000] {processor.py:829} INFO - Processing file /home/airflow/.local/lib/python3.8/site-packages/airflow/example_dags/example_sensors.py for tasks to queue
[2023-09-19T13:45:48.663+0000] {logging_mixin.py:151} INFO - [2023-09-19T13:45:48.662+0000] {dagbag.py:539} INFO - Filling up the DagBag from /home/airflow/.local/lib/python3.8/site-packages/airflow/example_dags/example_sensors.py
[2023-09-19T13:45:48.670+0000] {processor.py:839} INFO - DAG(s) dict_keys(['example_sensors']) retrieved from /home/airflow/.local/lib/python3.8/site-packages/airflow/example_dags/example_sensors.py
[2023-09-19T13:45:48.688+0000] {logging_mixin.py:151} INFO - [2023-09-19T13:45:48.688+0000] {dag.py:2915} INFO - Sync 1 DAGs
[2023-09-19T13:45:48.698+0000] {logging_mixin.py:151} INFO - [2023-09-19T13:45:48.697+0000] {dag.py:3696} INFO - Setting next_dagrun for example_sensors to None, run_after=None
[2023-09-19T13:45:48.712+0000] {processor.py:179} INFO - Processing /home/airflow/.local/lib/python3.8/site-packages/airflow/example_dags/example_sensors.py took 0.055 seconds
[2023-09-19T13:46:19.114+0000] {processor.py:157} INFO - Started process (PID=2112) to work on /home/airflow/.local/lib/python3.8/site-packages/airflow/example_dags/example_sensors.py
[2023-09-19T13:46:19.115+0000] {processor.py:829} INFO - Processing file /home/airflow/.local/lib/python3.8/site-packages/airflow/example_dags/example_sensors.py for tasks to queue
[2023-09-19T13:46:19.116+0000] {logging_mixin.py:151} INFO - [2023-09-19T13:46:19.116+0000] {dagbag.py:539} INFO - Filling up the DagBag from /home/airflow/.local/lib/python3.8/site-packages/airflow/example_dags/example_sensors.py
[2023-09-19T13:46:19.124+0000] {processor.py:839} INFO - DAG(s) dict_keys(['example_sensors']) retrieved from /home/airflow/.local/lib/python3.8/site-packages/airflow/example_dags/example_sensors.py
[2023-09-19T13:46:19.147+0000] {logging_mixin.py:151} INFO - [2023-09-19T13:46:19.147+0000] {dag.py:2915} INFO - Sync 1 DAGs
[2023-09-19T13:46:19.157+0000] {logging_mixin.py:151} INFO - [2023-09-19T13:46:19.157+0000] {dag.py:3696} INFO - Setting next_dagrun for example_sensors to None, run_after=None
[2023-09-19T13:46:19.173+0000] {processor.py:179} INFO - Processing /home/airflow/.local/lib/python3.8/site-packages/airflow/example_dags/example_sensors.py took 0.062 seconds
[2023-09-19T13:46:49.676+0000] {processor.py:157} INFO - Started process (PID=2348) to work on /home/airflow/.local/lib/python3.8/site-packages/airflow/example_dags/example_sensors.py
[2023-09-19T13:46:49.678+0000] {processor.py:829} INFO - Processing file /home/airflow/.local/lib/python3.8/site-packages/airflow/example_dags/example_sensors.py for tasks to queue
[2023-09-19T13:46:49.679+0000] {logging_mixin.py:151} INFO - [2023-09-19T13:46:49.678+0000] {dagbag.py:539} INFO - Filling up the DagBag from /home/airflow/.local/lib/python3.8/site-packages/airflow/example_dags/example_sensors.py
[2023-09-19T13:46:49.687+0000] {processor.py:839} INFO - DAG(s) dict_keys(['example_sensors']) retrieved from /home/airflow/.local/lib/python3.8/site-packages/airflow/example_dags/example_sensors.py
[2023-09-19T13:46:49.708+0000] {logging_mixin.py:151} INFO - [2023-09-19T13:46:49.708+0000] {dag.py:2915} INFO - Sync 1 DAGs
[2023-09-19T13:46:49.721+0000] {logging_mixin.py:151} INFO - [2023-09-19T13:46:49.721+0000] {dag.py:3696} INFO - Setting next_dagrun for example_sensors to None, run_after=None
[2023-09-19T13:46:49.750+0000] {processor.py:179} INFO - Processing /home/airflow/.local/lib/python3.8/site-packages/airflow/example_dags/example_sensors.py took 0.078 seconds
[2023-09-19T13:47:20.397+0000] {processor.py:157} INFO - Started process (PID=2588) to work on /home/airflow/.local/lib/python3.8/site-packages/airflow/example_dags/example_sensors.py
[2023-09-19T13:47:20.400+0000] {processor.py:829} INFO - Processing file /home/airflow/.local/lib/python3.8/site-packages/airflow/example_dags/example_sensors.py for tasks to queue
[2023-09-19T13:47:20.402+0000] {logging_mixin.py:151} INFO - [2023-09-19T13:47:20.401+0000] {dagbag.py:539} INFO - Filling up the DagBag from /home/airflow/.local/lib/python3.8/site-packages/airflow/example_dags/example_sensors.py
[2023-09-19T13:47:20.417+0000] {processor.py:839} INFO - DAG(s) dict_keys(['example_sensors']) retrieved from /home/airflow/.local/lib/python3.8/site-packages/airflow/example_dags/example_sensors.py
[2023-09-19T13:47:20.444+0000] {logging_mixin.py:151} INFO - [2023-09-19T13:47:20.444+0000] {dag.py:2915} INFO - Sync 1 DAGs
[2023-09-19T13:47:20.459+0000] {logging_mixin.py:151} INFO - [2023-09-19T13:47:20.458+0000] {dag.py:3696} INFO - Setting next_dagrun for example_sensors to None, run_after=None
[2023-09-19T13:47:20.490+0000] {processor.py:179} INFO - Processing /home/airflow/.local/lib/python3.8/site-packages/airflow/example_dags/example_sensors.py took 0.096 seconds
[2023-09-19T13:47:51.273+0000] {processor.py:157} INFO - Started process (PID=2826) to work on /home/airflow/.local/lib/python3.8/site-packages/airflow/example_dags/example_sensors.py
[2023-09-19T13:47:51.274+0000] {processor.py:829} INFO - Processing file /home/airflow/.local/lib/python3.8/site-packages/airflow/example_dags/example_sensors.py for tasks to queue
[2023-09-19T13:47:51.274+0000] {logging_mixin.py:151} INFO - [2023-09-19T13:47:51.274+0000] {dagbag.py:539} INFO - Filling up the DagBag from /home/airflow/.local/lib/python3.8/site-packages/airflow/example_dags/example_sensors.py
[2023-09-19T13:47:51.281+0000] {processor.py:839} INFO - DAG(s) dict_keys(['example_sensors']) retrieved from /home/airflow/.local/lib/python3.8/site-packages/airflow/example_dags/example_sensors.py
[2023-09-19T13:47:51.307+0000] {logging_mixin.py:151} INFO - [2023-09-19T13:47:51.307+0000] {dag.py:2915} INFO - Sync 1 DAGs
[2023-09-19T13:47:51.316+0000] {logging_mixin.py:151} INFO - [2023-09-19T13:47:51.316+0000] {dag.py:3696} INFO - Setting next_dagrun for example_sensors to None, run_after=None
[2023-09-19T13:47:51.337+0000] {processor.py:179} INFO - Processing /home/airflow/.local/lib/python3.8/site-packages/airflow/example_dags/example_sensors.py took 0.066 seconds
[2023-09-19T13:48:21.707+0000] {processor.py:157} INFO - Started process (PID=3064) to work on /home/airflow/.local/lib/python3.8/site-packages/airflow/example_dags/example_sensors.py
[2023-09-19T13:48:21.708+0000] {processor.py:829} INFO - Processing file /home/airflow/.local/lib/python3.8/site-packages/airflow/example_dags/example_sensors.py for tasks to queue
[2023-09-19T13:48:21.709+0000] {logging_mixin.py:151} INFO - [2023-09-19T13:48:21.708+0000] {dagbag.py:539} INFO - Filling up the DagBag from /home/airflow/.local/lib/python3.8/site-packages/airflow/example_dags/example_sensors.py
[2023-09-19T13:48:21.717+0000] {processor.py:839} INFO - DAG(s) dict_keys(['example_sensors']) retrieved from /home/airflow/.local/lib/python3.8/site-packages/airflow/example_dags/example_sensors.py
[2023-09-19T13:48:21.741+0000] {logging_mixin.py:151} INFO - [2023-09-19T13:48:21.741+0000] {dag.py:2915} INFO - Sync 1 DAGs
[2023-09-19T13:48:21.751+0000] {logging_mixin.py:151} INFO - [2023-09-19T13:48:21.751+0000] {dag.py:3696} INFO - Setting next_dagrun for example_sensors to None, run_after=None
[2023-09-19T13:48:21.770+0000] {processor.py:179} INFO - Processing /home/airflow/.local/lib/python3.8/site-packages/airflow/example_dags/example_sensors.py took 0.066 seconds
[2023-09-19T13:48:52.129+0000] {processor.py:157} INFO - Started process (PID=3302) to work on /home/airflow/.local/lib/python3.8/site-packages/airflow/example_dags/example_sensors.py
[2023-09-19T13:48:52.130+0000] {processor.py:829} INFO - Processing file /home/airflow/.local/lib/python3.8/site-packages/airflow/example_dags/example_sensors.py for tasks to queue
[2023-09-19T13:48:52.130+0000] {logging_mixin.py:151} INFO - [2023-09-19T13:48:52.130+0000] {dagbag.py:539} INFO - Filling up the DagBag from /home/airflow/.local/lib/python3.8/site-packages/airflow/example_dags/example_sensors.py
[2023-09-19T13:48:52.138+0000] {processor.py:839} INFO - DAG(s) dict_keys(['example_sensors']) retrieved from /home/airflow/.local/lib/python3.8/site-packages/airflow/example_dags/example_sensors.py
[2023-09-19T13:48:52.162+0000] {logging_mixin.py:151} INFO - [2023-09-19T13:48:52.161+0000] {dag.py:2915} INFO - Sync 1 DAGs
[2023-09-19T13:48:52.171+0000] {logging_mixin.py:151} INFO - [2023-09-19T13:48:52.171+0000] {dag.py:3696} INFO - Setting next_dagrun for example_sensors to None, run_after=None
[2023-09-19T13:48:52.192+0000] {processor.py:179} INFO - Processing /home/airflow/.local/lib/python3.8/site-packages/airflow/example_dags/example_sensors.py took 0.065 seconds
[2023-09-19T13:49:22.594+0000] {processor.py:157} INFO - Started process (PID=3538) to work on /home/airflow/.local/lib/python3.8/site-packages/airflow/example_dags/example_sensors.py
[2023-09-19T13:49:22.595+0000] {processor.py:829} INFO - Processing file /home/airflow/.local/lib/python3.8/site-packages/airflow/example_dags/example_sensors.py for tasks to queue
[2023-09-19T13:49:22.595+0000] {logging_mixin.py:151} INFO - [2023-09-19T13:49:22.595+0000] {dagbag.py:539} INFO - Filling up the DagBag from /home/airflow/.local/lib/python3.8/site-packages/airflow/example_dags/example_sensors.py
[2023-09-19T13:49:22.610+0000] {processor.py:839} INFO - DAG(s) dict_keys(['example_sensors']) retrieved from /home/airflow/.local/lib/python3.8/site-packages/airflow/example_dags/example_sensors.py
[2023-09-19T13:49:22.666+0000] {logging_mixin.py:151} INFO - [2023-09-19T13:49:22.665+0000] {dag.py:2915} INFO - Sync 1 DAGs
[2023-09-19T13:49:22.686+0000] {logging_mixin.py:151} INFO - [2023-09-19T13:49:22.685+0000] {dag.py:3696} INFO - Setting next_dagrun for example_sensors to None, run_after=None
[2023-09-19T13:49:22.709+0000] {processor.py:179} INFO - Processing /home/airflow/.local/lib/python3.8/site-packages/airflow/example_dags/example_sensors.py took 0.118 seconds
[2023-09-19T13:49:53.330+0000] {processor.py:157} INFO - Started process (PID=3778) to work on /home/airflow/.local/lib/python3.8/site-packages/airflow/example_dags/example_sensors.py
[2023-09-19T13:49:53.331+0000] {processor.py:829} INFO - Processing file /home/airflow/.local/lib/python3.8/site-packages/airflow/example_dags/example_sensors.py for tasks to queue
[2023-09-19T13:49:53.332+0000] {logging_mixin.py:151} INFO - [2023-09-19T13:49:53.331+0000] {dagbag.py:539} INFO - Filling up the DagBag from /home/airflow/.local/lib/python3.8/site-packages/airflow/example_dags/example_sensors.py
[2023-09-19T13:49:53.340+0000] {processor.py:839} INFO - DAG(s) dict_keys(['example_sensors']) retrieved from /home/airflow/.local/lib/python3.8/site-packages/airflow/example_dags/example_sensors.py
[2023-09-19T13:49:53.363+0000] {logging_mixin.py:151} INFO - [2023-09-19T13:49:53.362+0000] {dag.py:2915} INFO - Sync 1 DAGs
[2023-09-19T13:49:53.374+0000] {logging_mixin.py:151} INFO - [2023-09-19T13:49:53.373+0000] {dag.py:3696} INFO - Setting next_dagrun for example_sensors to None, run_after=None
[2023-09-19T13:49:53.392+0000] {processor.py:179} INFO - Processing /home/airflow/.local/lib/python3.8/site-packages/airflow/example_dags/example_sensors.py took 0.065 seconds
[2023-09-19T13:50:23.918+0000] {processor.py:157} INFO - Started process (PID=4016) to work on /home/airflow/.local/lib/python3.8/site-packages/airflow/example_dags/example_sensors.py
[2023-09-19T13:50:23.920+0000] {processor.py:829} INFO - Processing file /home/airflow/.local/lib/python3.8/site-packages/airflow/example_dags/example_sensors.py for tasks to queue
[2023-09-19T13:50:23.921+0000] {logging_mixin.py:151} INFO - [2023-09-19T13:50:23.921+0000] {dagbag.py:539} INFO - Filling up the DagBag from /home/airflow/.local/lib/python3.8/site-packages/airflow/example_dags/example_sensors.py
[2023-09-19T13:50:23.928+0000] {processor.py:839} INFO - DAG(s) dict_keys(['example_sensors']) retrieved from /home/airflow/.local/lib/python3.8/site-packages/airflow/example_dags/example_sensors.py
[2023-09-19T13:50:23.954+0000] {logging_mixin.py:151} INFO - [2023-09-19T13:50:23.954+0000] {dag.py:2915} INFO - Sync 1 DAGs
[2023-09-19T13:50:23.963+0000] {logging_mixin.py:151} INFO - [2023-09-19T13:50:23.963+0000] {dag.py:3696} INFO - Setting next_dagrun for example_sensors to None, run_after=None
[2023-09-19T13:50:23.985+0000] {processor.py:179} INFO - Processing /home/airflow/.local/lib/python3.8/site-packages/airflow/example_dags/example_sensors.py took 0.071 seconds
[2023-09-19T13:50:54.349+0000] {processor.py:157} INFO - Started process (PID=4253) to work on /home/airflow/.local/lib/python3.8/site-packages/airflow/example_dags/example_sensors.py
[2023-09-19T13:50:54.350+0000] {processor.py:829} INFO - Processing file /home/airflow/.local/lib/python3.8/site-packages/airflow/example_dags/example_sensors.py for tasks to queue
[2023-09-19T13:50:54.351+0000] {logging_mixin.py:151} INFO - [2023-09-19T13:50:54.350+0000] {dagbag.py:539} INFO - Filling up the DagBag from /home/airflow/.local/lib/python3.8/site-packages/airflow/example_dags/example_sensors.py
[2023-09-19T13:50:54.364+0000] {processor.py:839} INFO - DAG(s) dict_keys(['example_sensors']) retrieved from /home/airflow/.local/lib/python3.8/site-packages/airflow/example_dags/example_sensors.py
[2023-09-19T13:50:54.391+0000] {logging_mixin.py:151} INFO - [2023-09-19T13:50:54.390+0000] {dag.py:2915} INFO - Sync 1 DAGs
[2023-09-19T13:50:54.400+0000] {logging_mixin.py:151} INFO - [2023-09-19T13:50:54.400+0000] {dag.py:3696} INFO - Setting next_dagrun for example_sensors to None, run_after=None
[2023-09-19T13:50:54.426+0000] {processor.py:179} INFO - Processing /home/airflow/.local/lib/python3.8/site-packages/airflow/example_dags/example_sensors.py took 0.080 seconds
[2023-09-19T13:51:24.796+0000] {processor.py:157} INFO - Started process (PID=4491) to work on /home/airflow/.local/lib/python3.8/site-packages/airflow/example_dags/example_sensors.py
[2023-09-19T13:51:24.797+0000] {processor.py:829} INFO - Processing file /home/airflow/.local/lib/python3.8/site-packages/airflow/example_dags/example_sensors.py for tasks to queue
[2023-09-19T13:51:24.798+0000] {logging_mixin.py:151} INFO - [2023-09-19T13:51:24.798+0000] {dagbag.py:539} INFO - Filling up the DagBag from /home/airflow/.local/lib/python3.8/site-packages/airflow/example_dags/example_sensors.py
[2023-09-19T13:51:24.806+0000] {processor.py:839} INFO - DAG(s) dict_keys(['example_sensors']) retrieved from /home/airflow/.local/lib/python3.8/site-packages/airflow/example_dags/example_sensors.py
[2023-09-19T13:51:24.830+0000] {logging_mixin.py:151} INFO - [2023-09-19T13:51:24.830+0000] {dag.py:2915} INFO - Sync 1 DAGs
[2023-09-19T13:51:24.841+0000] {logging_mixin.py:151} INFO - [2023-09-19T13:51:24.841+0000] {dag.py:3696} INFO - Setting next_dagrun for example_sensors to None, run_after=None
[2023-09-19T13:51:24.859+0000] {processor.py:179} INFO - Processing /home/airflow/.local/lib/python3.8/site-packages/airflow/example_dags/example_sensors.py took 0.066 seconds
[2023-09-19T13:51:55.166+0000] {processor.py:157} INFO - Started process (PID=4727) to work on /home/airflow/.local/lib/python3.8/site-packages/airflow/example_dags/example_sensors.py
[2023-09-19T13:51:55.168+0000] {processor.py:829} INFO - Processing file /home/airflow/.local/lib/python3.8/site-packages/airflow/example_dags/example_sensors.py for tasks to queue
[2023-09-19T13:51:55.169+0000] {logging_mixin.py:151} INFO - [2023-09-19T13:51:55.168+0000] {dagbag.py:539} INFO - Filling up the DagBag from /home/airflow/.local/lib/python3.8/site-packages/airflow/example_dags/example_sensors.py
[2023-09-19T13:51:55.176+0000] {processor.py:839} INFO - DAG(s) dict_keys(['example_sensors']) retrieved from /home/airflow/.local/lib/python3.8/site-packages/airflow/example_dags/example_sensors.py
[2023-09-19T13:51:55.196+0000] {logging_mixin.py:151} INFO - [2023-09-19T13:51:55.196+0000] {dag.py:2915} INFO - Sync 1 DAGs
[2023-09-19T13:51:55.205+0000] {logging_mixin.py:151} INFO - [2023-09-19T13:51:55.205+0000] {dag.py:3696} INFO - Setting next_dagrun for example_sensors to None, run_after=None
[2023-09-19T13:51:55.221+0000] {processor.py:179} INFO - Processing /home/airflow/.local/lib/python3.8/site-packages/airflow/example_dags/example_sensors.py took 0.057 seconds
[2023-09-19T13:52:25.356+0000] {processor.py:157} INFO - Started process (PID=4965) to work on /home/airflow/.local/lib/python3.8/site-packages/airflow/example_dags/example_sensors.py
[2023-09-19T13:52:25.357+0000] {processor.py:829} INFO - Processing file /home/airflow/.local/lib/python3.8/site-packages/airflow/example_dags/example_sensors.py for tasks to queue
[2023-09-19T13:52:25.358+0000] {logging_mixin.py:151} INFO - [2023-09-19T13:52:25.358+0000] {dagbag.py:539} INFO - Filling up the DagBag from /home/airflow/.local/lib/python3.8/site-packages/airflow/example_dags/example_sensors.py
[2023-09-19T13:52:25.366+0000] {processor.py:839} INFO - DAG(s) dict_keys(['example_sensors']) retrieved from /home/airflow/.local/lib/python3.8/site-packages/airflow/example_dags/example_sensors.py
[2023-09-19T13:52:25.389+0000] {logging_mixin.py:151} INFO - [2023-09-19T13:52:25.389+0000] {dag.py:2915} INFO - Sync 1 DAGs
[2023-09-19T13:52:25.399+0000] {logging_mixin.py:151} INFO - [2023-09-19T13:52:25.398+0000] {dag.py:3696} INFO - Setting next_dagrun for example_sensors to None, run_after=None
[2023-09-19T13:52:25.418+0000] {processor.py:179} INFO - Processing /home/airflow/.local/lib/python3.8/site-packages/airflow/example_dags/example_sensors.py took 0.065 seconds
[2023-09-19T13:52:55.692+0000] {processor.py:157} INFO - Started process (PID=5206) to work on /home/airflow/.local/lib/python3.8/site-packages/airflow/example_dags/example_sensors.py
[2023-09-19T13:52:55.694+0000] {processor.py:829} INFO - Processing file /home/airflow/.local/lib/python3.8/site-packages/airflow/example_dags/example_sensors.py for tasks to queue
[2023-09-19T13:52:55.695+0000] {logging_mixin.py:151} INFO - [2023-09-19T13:52:55.695+0000] {dagbag.py:539} INFO - Filling up the DagBag from /home/airflow/.local/lib/python3.8/site-packages/airflow/example_dags/example_sensors.py
[2023-09-19T13:52:55.702+0000] {processor.py:839} INFO - DAG(s) dict_keys(['example_sensors']) retrieved from /home/airflow/.local/lib/python3.8/site-packages/airflow/example_dags/example_sensors.py
[2023-09-19T13:52:55.721+0000] {logging_mixin.py:151} INFO - [2023-09-19T13:52:55.720+0000] {dag.py:2915} INFO - Sync 1 DAGs
[2023-09-19T13:52:55.732+0000] {logging_mixin.py:151} INFO - [2023-09-19T13:52:55.731+0000] {dag.py:3696} INFO - Setting next_dagrun for example_sensors to None, run_after=None
[2023-09-19T13:52:55.749+0000] {processor.py:179} INFO - Processing /home/airflow/.local/lib/python3.8/site-packages/airflow/example_dags/example_sensors.py took 0.059 seconds
[2023-09-19T13:53:25.952+0000] {processor.py:157} INFO - Started process (PID=5444) to work on /home/airflow/.local/lib/python3.8/site-packages/airflow/example_dags/example_sensors.py
[2023-09-19T13:53:25.953+0000] {processor.py:829} INFO - Processing file /home/airflow/.local/lib/python3.8/site-packages/airflow/example_dags/example_sensors.py for tasks to queue
[2023-09-19T13:53:25.953+0000] {logging_mixin.py:151} INFO - [2023-09-19T13:53:25.953+0000] {dagbag.py:539} INFO - Filling up the DagBag from /home/airflow/.local/lib/python3.8/site-packages/airflow/example_dags/example_sensors.py
[2023-09-19T13:53:25.961+0000] {processor.py:839} INFO - DAG(s) dict_keys(['example_sensors']) retrieved from /home/airflow/.local/lib/python3.8/site-packages/airflow/example_dags/example_sensors.py
[2023-09-19T13:53:25.980+0000] {logging_mixin.py:151} INFO - [2023-09-19T13:53:25.980+0000] {dag.py:2915} INFO - Sync 1 DAGs
[2023-09-19T13:53:25.992+0000] {logging_mixin.py:151} INFO - [2023-09-19T13:53:25.992+0000] {dag.py:3696} INFO - Setting next_dagrun for example_sensors to None, run_after=None
[2023-09-19T13:53:26.012+0000] {processor.py:179} INFO - Processing /home/airflow/.local/lib/python3.8/site-packages/airflow/example_dags/example_sensors.py took 0.063 seconds
[2023-09-19T13:53:56.169+0000] {processor.py:157} INFO - Started process (PID=5680) to work on /home/airflow/.local/lib/python3.8/site-packages/airflow/example_dags/example_sensors.py
[2023-09-19T13:53:56.170+0000] {processor.py:829} INFO - Processing file /home/airflow/.local/lib/python3.8/site-packages/airflow/example_dags/example_sensors.py for tasks to queue
[2023-09-19T13:53:56.171+0000] {logging_mixin.py:151} INFO - [2023-09-19T13:53:56.171+0000] {dagbag.py:539} INFO - Filling up the DagBag from /home/airflow/.local/lib/python3.8/site-packages/airflow/example_dags/example_sensors.py
[2023-09-19T13:53:56.178+0000] {processor.py:839} INFO - DAG(s) dict_keys(['example_sensors']) retrieved from /home/airflow/.local/lib/python3.8/site-packages/airflow/example_dags/example_sensors.py
[2023-09-19T13:53:56.199+0000] {logging_mixin.py:151} INFO - [2023-09-19T13:53:56.199+0000] {dag.py:2915} INFO - Sync 1 DAGs
[2023-09-19T13:53:56.210+0000] {logging_mixin.py:151} INFO - [2023-09-19T13:53:56.209+0000] {dag.py:3696} INFO - Setting next_dagrun for example_sensors to None, run_after=None
[2023-09-19T13:53:56.226+0000] {processor.py:179} INFO - Processing /home/airflow/.local/lib/python3.8/site-packages/airflow/example_dags/example_sensors.py took 0.060 seconds
[2023-09-19T13:54:26.617+0000] {processor.py:157} INFO - Started process (PID=5920) to work on /home/airflow/.local/lib/python3.8/site-packages/airflow/example_dags/example_sensors.py
[2023-09-19T13:54:26.618+0000] {processor.py:829} INFO - Processing file /home/airflow/.local/lib/python3.8/site-packages/airflow/example_dags/example_sensors.py for tasks to queue
[2023-09-19T13:54:26.618+0000] {logging_mixin.py:151} INFO - [2023-09-19T13:54:26.618+0000] {dagbag.py:539} INFO - Filling up the DagBag from /home/airflow/.local/lib/python3.8/site-packages/airflow/example_dags/example_sensors.py
[2023-09-19T13:54:26.626+0000] {processor.py:839} INFO - DAG(s) dict_keys(['example_sensors']) retrieved from /home/airflow/.local/lib/python3.8/site-packages/airflow/example_dags/example_sensors.py
[2023-09-19T13:54:26.648+0000] {logging_mixin.py:151} INFO - [2023-09-19T13:54:26.648+0000] {dag.py:2915} INFO - Sync 1 DAGs
[2023-09-19T13:54:26.657+0000] {logging_mixin.py:151} INFO - [2023-09-19T13:54:26.656+0000] {dag.py:3696} INFO - Setting next_dagrun for example_sensors to None, run_after=None
[2023-09-19T13:54:26.678+0000] {processor.py:179} INFO - Processing /home/airflow/.local/lib/python3.8/site-packages/airflow/example_dags/example_sensors.py took 0.063 seconds
[2023-09-19T13:54:57.052+0000] {processor.py:157} INFO - Started process (PID=6158) to work on /home/airflow/.local/lib/python3.8/site-packages/airflow/example_dags/example_sensors.py
[2023-09-19T13:54:57.053+0000] {processor.py:829} INFO - Processing file /home/airflow/.local/lib/python3.8/site-packages/airflow/example_dags/example_sensors.py for tasks to queue
[2023-09-19T13:54:57.053+0000] {logging_mixin.py:151} INFO - [2023-09-19T13:54:57.053+0000] {dagbag.py:539} INFO - Filling up the DagBag from /home/airflow/.local/lib/python3.8/site-packages/airflow/example_dags/example_sensors.py
[2023-09-19T13:54:57.060+0000] {processor.py:839} INFO - DAG(s) dict_keys(['example_sensors']) retrieved from /home/airflow/.local/lib/python3.8/site-packages/airflow/example_dags/example_sensors.py
[2023-09-19T13:54:57.079+0000] {logging_mixin.py:151} INFO - [2023-09-19T13:54:57.079+0000] {dag.py:2915} INFO - Sync 1 DAGs
[2023-09-19T13:54:57.089+0000] {logging_mixin.py:151} INFO - [2023-09-19T13:54:57.089+0000] {dag.py:3696} INFO - Setting next_dagrun for example_sensors to None, run_after=None
[2023-09-19T13:54:57.107+0000] {processor.py:179} INFO - Processing /home/airflow/.local/lib/python3.8/site-packages/airflow/example_dags/example_sensors.py took 0.059 seconds
[2023-09-19T13:55:27.325+0000] {processor.py:157} INFO - Started process (PID=6396) to work on /home/airflow/.local/lib/python3.8/site-packages/airflow/example_dags/example_sensors.py
[2023-09-19T13:55:27.326+0000] {processor.py:829} INFO - Processing file /home/airflow/.local/lib/python3.8/site-packages/airflow/example_dags/example_sensors.py for tasks to queue
[2023-09-19T13:55:27.327+0000] {logging_mixin.py:151} INFO - [2023-09-19T13:55:27.326+0000] {dagbag.py:539} INFO - Filling up the DagBag from /home/airflow/.local/lib/python3.8/site-packages/airflow/example_dags/example_sensors.py
[2023-09-19T13:55:27.334+0000] {processor.py:839} INFO - DAG(s) dict_keys(['example_sensors']) retrieved from /home/airflow/.local/lib/python3.8/site-packages/airflow/example_dags/example_sensors.py
[2023-09-19T13:55:27.353+0000] {logging_mixin.py:151} INFO - [2023-09-19T13:55:27.353+0000] {dag.py:2915} INFO - Sync 1 DAGs
[2023-09-19T13:55:27.363+0000] {logging_mixin.py:151} INFO - [2023-09-19T13:55:27.363+0000] {dag.py:3696} INFO - Setting next_dagrun for example_sensors to None, run_after=None
[2023-09-19T13:55:27.380+0000] {processor.py:179} INFO - Processing /home/airflow/.local/lib/python3.8/site-packages/airflow/example_dags/example_sensors.py took 0.058 seconds
[2023-09-19T13:55:57.474+0000] {processor.py:157} INFO - Started process (PID=6634) to work on /home/airflow/.local/lib/python3.8/site-packages/airflow/example_dags/example_sensors.py
[2023-09-19T13:55:57.476+0000] {processor.py:829} INFO - Processing file /home/airflow/.local/lib/python3.8/site-packages/airflow/example_dags/example_sensors.py for tasks to queue
[2023-09-19T13:55:57.476+0000] {logging_mixin.py:151} INFO - [2023-09-19T13:55:57.476+0000] {dagbag.py:539} INFO - Filling up the DagBag from /home/airflow/.local/lib/python3.8/site-packages/airflow/example_dags/example_sensors.py
[2023-09-19T13:55:57.484+0000] {processor.py:839} INFO - DAG(s) dict_keys(['example_sensors']) retrieved from /home/airflow/.local/lib/python3.8/site-packages/airflow/example_dags/example_sensors.py
[2023-09-19T13:55:57.508+0000] {logging_mixin.py:151} INFO - [2023-09-19T13:55:57.507+0000] {dag.py:2915} INFO - Sync 1 DAGs
[2023-09-19T13:55:57.518+0000] {logging_mixin.py:151} INFO - [2023-09-19T13:55:57.518+0000] {dag.py:3696} INFO - Setting next_dagrun for example_sensors to None, run_after=None
[2023-09-19T13:55:57.535+0000] {processor.py:179} INFO - Processing /home/airflow/.local/lib/python3.8/site-packages/airflow/example_dags/example_sensors.py took 0.064 seconds
[2023-09-19T13:56:27.638+0000] {processor.py:157} INFO - Started process (PID=6872) to work on /home/airflow/.local/lib/python3.8/site-packages/airflow/example_dags/example_sensors.py
[2023-09-19T13:56:27.639+0000] {processor.py:829} INFO - Processing file /home/airflow/.local/lib/python3.8/site-packages/airflow/example_dags/example_sensors.py for tasks to queue
[2023-09-19T13:56:27.640+0000] {logging_mixin.py:151} INFO - [2023-09-19T13:56:27.640+0000] {dagbag.py:539} INFO - Filling up the DagBag from /home/airflow/.local/lib/python3.8/site-packages/airflow/example_dags/example_sensors.py
[2023-09-19T13:56:27.648+0000] {processor.py:839} INFO - DAG(s) dict_keys(['example_sensors']) retrieved from /home/airflow/.local/lib/python3.8/site-packages/airflow/example_dags/example_sensors.py
[2023-09-19T13:56:27.669+0000] {logging_mixin.py:151} INFO - [2023-09-19T13:56:27.669+0000] {dag.py:2915} INFO - Sync 1 DAGs
[2023-09-19T13:56:27.679+0000] {logging_mixin.py:151} INFO - [2023-09-19T13:56:27.679+0000] {dag.py:3696} INFO - Setting next_dagrun for example_sensors to None, run_after=None
[2023-09-19T13:56:27.695+0000] {processor.py:179} INFO - Processing /home/airflow/.local/lib/python3.8/site-packages/airflow/example_dags/example_sensors.py took 0.059 seconds
[2023-09-19T13:56:57.937+0000] {processor.py:157} INFO - Started process (PID=7110) to work on /home/airflow/.local/lib/python3.8/site-packages/airflow/example_dags/example_sensors.py
[2023-09-19T13:56:57.939+0000] {processor.py:829} INFO - Processing file /home/airflow/.local/lib/python3.8/site-packages/airflow/example_dags/example_sensors.py for tasks to queue
[2023-09-19T13:56:57.939+0000] {logging_mixin.py:151} INFO - [2023-09-19T13:56:57.939+0000] {dagbag.py:539} INFO - Filling up the DagBag from /home/airflow/.local/lib/python3.8/site-packages/airflow/example_dags/example_sensors.py
[2023-09-19T13:56:57.949+0000] {processor.py:839} INFO - DAG(s) dict_keys(['example_sensors']) retrieved from /home/airflow/.local/lib/python3.8/site-packages/airflow/example_dags/example_sensors.py
[2023-09-19T13:56:57.968+0000] {logging_mixin.py:151} INFO - [2023-09-19T13:56:57.967+0000] {dag.py:2915} INFO - Sync 1 DAGs
[2023-09-19T13:56:57.976+0000] {logging_mixin.py:151} INFO - [2023-09-19T13:56:57.976+0000] {dag.py:3696} INFO - Setting next_dagrun for example_sensors to None, run_after=None
[2023-09-19T13:56:57.993+0000] {processor.py:179} INFO - Processing /home/airflow/.local/lib/python3.8/site-packages/airflow/example_dags/example_sensors.py took 0.058 seconds
[2023-09-19T13:57:28.268+0000] {processor.py:157} INFO - Started process (PID=7346) to work on /home/airflow/.local/lib/python3.8/site-packages/airflow/example_dags/example_sensors.py
[2023-09-19T13:57:28.269+0000] {processor.py:829} INFO - Processing file /home/airflow/.local/lib/python3.8/site-packages/airflow/example_dags/example_sensors.py for tasks to queue
[2023-09-19T13:57:28.270+0000] {logging_mixin.py:151} INFO - [2023-09-19T13:57:28.269+0000] {dagbag.py:539} INFO - Filling up the DagBag from /home/airflow/.local/lib/python3.8/site-packages/airflow/example_dags/example_sensors.py
[2023-09-19T13:57:28.277+0000] {processor.py:839} INFO - DAG(s) dict_keys(['example_sensors']) retrieved from /home/airflow/.local/lib/python3.8/site-packages/airflow/example_dags/example_sensors.py
[2023-09-19T13:57:28.301+0000] {logging_mixin.py:151} INFO - [2023-09-19T13:57:28.301+0000] {dag.py:2915} INFO - Sync 1 DAGs
[2023-09-19T13:57:28.312+0000] {logging_mixin.py:151} INFO - [2023-09-19T13:57:28.311+0000] {dag.py:3696} INFO - Setting next_dagrun for example_sensors to None, run_after=None
[2023-09-19T13:57:28.329+0000] {processor.py:179} INFO - Processing /home/airflow/.local/lib/python3.8/site-packages/airflow/example_dags/example_sensors.py took 0.064 seconds
[2023-09-19T13:57:58.619+0000] {processor.py:157} INFO - Started process (PID=7585) to work on /home/airflow/.local/lib/python3.8/site-packages/airflow/example_dags/example_sensors.py
[2023-09-19T13:57:58.620+0000] {processor.py:829} INFO - Processing file /home/airflow/.local/lib/python3.8/site-packages/airflow/example_dags/example_sensors.py for tasks to queue
[2023-09-19T13:57:58.621+0000] {logging_mixin.py:151} INFO - [2023-09-19T13:57:58.621+0000] {dagbag.py:539} INFO - Filling up the DagBag from /home/airflow/.local/lib/python3.8/site-packages/airflow/example_dags/example_sensors.py
[2023-09-19T13:57:58.628+0000] {processor.py:839} INFO - DAG(s) dict_keys(['example_sensors']) retrieved from /home/airflow/.local/lib/python3.8/site-packages/airflow/example_dags/example_sensors.py
[2023-09-19T13:57:58.647+0000] {logging_mixin.py:151} INFO - [2023-09-19T13:57:58.647+0000] {dag.py:2915} INFO - Sync 1 DAGs
[2023-09-19T13:57:58.660+0000] {logging_mixin.py:151} INFO - [2023-09-19T13:57:58.660+0000] {dag.py:3696} INFO - Setting next_dagrun for example_sensors to None, run_after=None
[2023-09-19T13:57:58.677+0000] {processor.py:179} INFO - Processing /home/airflow/.local/lib/python3.8/site-packages/airflow/example_dags/example_sensors.py took 0.062 seconds
[2023-09-19T13:58:28.983+0000] {processor.py:157} INFO - Started process (PID=7823) to work on /home/airflow/.local/lib/python3.8/site-packages/airflow/example_dags/example_sensors.py
[2023-09-19T13:58:28.984+0000] {processor.py:829} INFO - Processing file /home/airflow/.local/lib/python3.8/site-packages/airflow/example_dags/example_sensors.py for tasks to queue
[2023-09-19T13:58:28.984+0000] {logging_mixin.py:151} INFO - [2023-09-19T13:58:28.984+0000] {dagbag.py:539} INFO - Filling up the DagBag from /home/airflow/.local/lib/python3.8/site-packages/airflow/example_dags/example_sensors.py
[2023-09-19T13:58:28.992+0000] {processor.py:839} INFO - DAG(s) dict_keys(['example_sensors']) retrieved from /home/airflow/.local/lib/python3.8/site-packages/airflow/example_dags/example_sensors.py
[2023-09-19T13:58:29.012+0000] {logging_mixin.py:151} INFO - [2023-09-19T13:58:29.012+0000] {dag.py:2915} INFO - Sync 1 DAGs
[2023-09-19T13:58:29.022+0000] {logging_mixin.py:151} INFO - [2023-09-19T13:58:29.021+0000] {dag.py:3696} INFO - Setting next_dagrun for example_sensors to None, run_after=None
[2023-09-19T13:58:29.039+0000] {processor.py:179} INFO - Processing /home/airflow/.local/lib/python3.8/site-packages/airflow/example_dags/example_sensors.py took 0.058 seconds
[2023-09-19T13:58:59.185+0000] {processor.py:157} INFO - Started process (PID=8063) to work on /home/airflow/.local/lib/python3.8/site-packages/airflow/example_dags/example_sensors.py
[2023-09-19T13:58:59.186+0000] {processor.py:829} INFO - Processing file /home/airflow/.local/lib/python3.8/site-packages/airflow/example_dags/example_sensors.py for tasks to queue
[2023-09-19T13:58:59.187+0000] {logging_mixin.py:151} INFO - [2023-09-19T13:58:59.187+0000] {dagbag.py:539} INFO - Filling up the DagBag from /home/airflow/.local/lib/python3.8/site-packages/airflow/example_dags/example_sensors.py
[2023-09-19T13:58:59.194+0000] {processor.py:839} INFO - DAG(s) dict_keys(['example_sensors']) retrieved from /home/airflow/.local/lib/python3.8/site-packages/airflow/example_dags/example_sensors.py
[2023-09-19T13:58:59.213+0000] {logging_mixin.py:151} INFO - [2023-09-19T13:58:59.213+0000] {dag.py:2915} INFO - Sync 1 DAGs
[2023-09-19T13:58:59.222+0000] {logging_mixin.py:151} INFO - [2023-09-19T13:58:59.222+0000] {dag.py:3696} INFO - Setting next_dagrun for example_sensors to None, run_after=None
[2023-09-19T13:58:59.243+0000] {processor.py:179} INFO - Processing /home/airflow/.local/lib/python3.8/site-packages/airflow/example_dags/example_sensors.py took 0.059 seconds
[2023-09-19T13:59:29.408+0000] {processor.py:157} INFO - Started process (PID=8301) to work on /home/airflow/.local/lib/python3.8/site-packages/airflow/example_dags/example_sensors.py
[2023-09-19T13:59:29.409+0000] {processor.py:829} INFO - Processing file /home/airflow/.local/lib/python3.8/site-packages/airflow/example_dags/example_sensors.py for tasks to queue
[2023-09-19T13:59:29.409+0000] {logging_mixin.py:151} INFO - [2023-09-19T13:59:29.409+0000] {dagbag.py:539} INFO - Filling up the DagBag from /home/airflow/.local/lib/python3.8/site-packages/airflow/example_dags/example_sensors.py
[2023-09-19T13:59:29.417+0000] {processor.py:839} INFO - DAG(s) dict_keys(['example_sensors']) retrieved from /home/airflow/.local/lib/python3.8/site-packages/airflow/example_dags/example_sensors.py
[2023-09-19T13:59:29.439+0000] {logging_mixin.py:151} INFO - [2023-09-19T13:59:29.439+0000] {dag.py:2915} INFO - Sync 1 DAGs
[2023-09-19T13:59:29.450+0000] {logging_mixin.py:151} INFO - [2023-09-19T13:59:29.450+0000] {dag.py:3696} INFO - Setting next_dagrun for example_sensors to None, run_after=None
[2023-09-19T13:59:29.471+0000] {processor.py:179} INFO - Processing /home/airflow/.local/lib/python3.8/site-packages/airflow/example_dags/example_sensors.py took 0.066 seconds
