[2023-09-19T13:42:08.632+0000] {processor.py:157} INFO - Started process (PID=252) to work on /home/airflow/.local/lib/python3.8/site-packages/airflow/example_dags/example_xcomargs.py
[2023-09-19T13:42:08.633+0000] {processor.py:829} INFO - Processing file /home/airflow/.local/lib/python3.8/site-packages/airflow/example_dags/example_xcomargs.py for tasks to queue
[2023-09-19T13:42:08.633+0000] {logging_mixin.py:151} INFO - [2023-09-19T13:42:08.633+0000] {dagbag.py:539} INFO - Filling up the DagBag from /home/airflow/.local/lib/python3.8/site-packages/airflow/example_dags/example_xcomargs.py
[2023-09-19T13:42:08.643+0000] {processor.py:839} INFO - DAG(s) dict_keys(['example_xcom_args_with_operators', 'example_xcom_args']) retrieved from /home/airflow/.local/lib/python3.8/site-packages/airflow/example_dags/example_xcomargs.py
[2023-09-19T13:42:08.661+0000] {logging_mixin.py:151} INFO - [2023-09-19T13:42:08.661+0000] {dag.py:2915} INFO - Sync 2 DAGs
[2023-09-19T13:42:08.670+0000] {logging_mixin.py:151} INFO - [2023-09-19T13:42:08.670+0000] {dag.py:3696} INFO - Setting next_dagrun for example_xcom_args to None, run_after=None
[2023-09-19T13:42:08.672+0000] {logging_mixin.py:151} INFO - [2023-09-19T13:42:08.672+0000] {dag.py:3696} INFO - Setting next_dagrun for example_xcom_args_with_operators to None, run_after=None
[2023-09-19T13:42:08.686+0000] {processor.py:179} INFO - Processing /home/airflow/.local/lib/python3.8/site-packages/airflow/example_dags/example_xcomargs.py took 0.056 seconds
[2023-09-19T13:42:46.209+0000] {processor.py:157} INFO - Started process (PID=488) to work on /home/airflow/.local/lib/python3.8/site-packages/airflow/example_dags/example_xcomargs.py
[2023-09-19T13:42:46.210+0000] {processor.py:829} INFO - Processing file /home/airflow/.local/lib/python3.8/site-packages/airflow/example_dags/example_xcomargs.py for tasks to queue
[2023-09-19T13:42:46.211+0000] {logging_mixin.py:151} INFO - [2023-09-19T13:42:46.210+0000] {dagbag.py:539} INFO - Filling up the DagBag from /home/airflow/.local/lib/python3.8/site-packages/airflow/example_dags/example_xcomargs.py
[2023-09-19T13:42:46.221+0000] {processor.py:839} INFO - DAG(s) dict_keys(['example_xcom_args', 'example_xcom_args_with_operators']) retrieved from /home/airflow/.local/lib/python3.8/site-packages/airflow/example_dags/example_xcomargs.py
[2023-09-19T13:42:46.245+0000] {logging_mixin.py:151} INFO - [2023-09-19T13:42:46.245+0000] {dag.py:2915} INFO - Sync 2 DAGs
[2023-09-19T13:42:46.256+0000] {logging_mixin.py:151} INFO - [2023-09-19T13:42:46.255+0000] {dag.py:3696} INFO - Setting next_dagrun for example_xcom_args to None, run_after=None
[2023-09-19T13:42:46.260+0000] {logging_mixin.py:151} INFO - [2023-09-19T13:42:46.260+0000] {dag.py:3696} INFO - Setting next_dagrun for example_xcom_args_with_operators to None, run_after=None
[2023-09-19T13:42:46.285+0000] {processor.py:179} INFO - Processing /home/airflow/.local/lib/python3.8/site-packages/airflow/example_dags/example_xcomargs.py took 0.078 seconds
[2023-09-19T13:43:17.140+0000] {processor.py:157} INFO - Started process (PID=726) to work on /home/airflow/.local/lib/python3.8/site-packages/airflow/example_dags/example_xcomargs.py
[2023-09-19T13:43:17.141+0000] {processor.py:829} INFO - Processing file /home/airflow/.local/lib/python3.8/site-packages/airflow/example_dags/example_xcomargs.py for tasks to queue
[2023-09-19T13:43:17.141+0000] {logging_mixin.py:151} INFO - [2023-09-19T13:43:17.141+0000] {dagbag.py:539} INFO - Filling up the DagBag from /home/airflow/.local/lib/python3.8/site-packages/airflow/example_dags/example_xcomargs.py
[2023-09-19T13:43:17.265+0000] {processor.py:839} INFO - DAG(s) dict_keys(['example_xcom_args_with_operators', 'example_xcom_args']) retrieved from /home/airflow/.local/lib/python3.8/site-packages/airflow/example_dags/example_xcomargs.py
[2023-09-19T13:43:17.278+0000] {logging_mixin.py:151} INFO - [2023-09-19T13:43:17.278+0000] {dag.py:2915} INFO - Sync 2 DAGs
[2023-09-19T13:43:17.286+0000] {logging_mixin.py:151} INFO - [2023-09-19T13:43:17.286+0000] {dag.py:3696} INFO - Setting next_dagrun for example_xcom_args to None, run_after=None
[2023-09-19T13:43:17.290+0000] {logging_mixin.py:151} INFO - [2023-09-19T13:43:17.289+0000] {dag.py:3696} INFO - Setting next_dagrun for example_xcom_args_with_operators to None, run_after=None
[2023-09-19T13:43:17.302+0000] {processor.py:179} INFO - Processing /home/airflow/.local/lib/python3.8/site-packages/airflow/example_dags/example_xcomargs.py took 0.165 seconds
[2023-09-19T13:43:47.477+0000] {processor.py:157} INFO - Started process (PID=964) to work on /home/airflow/.local/lib/python3.8/site-packages/airflow/example_dags/example_xcomargs.py
[2023-09-19T13:43:47.478+0000] {processor.py:829} INFO - Processing file /home/airflow/.local/lib/python3.8/site-packages/airflow/example_dags/example_xcomargs.py for tasks to queue
[2023-09-19T13:43:47.479+0000] {logging_mixin.py:151} INFO - [2023-09-19T13:43:47.478+0000] {dagbag.py:539} INFO - Filling up the DagBag from /home/airflow/.local/lib/python3.8/site-packages/airflow/example_dags/example_xcomargs.py
[2023-09-19T13:43:47.485+0000] {processor.py:839} INFO - DAG(s) dict_keys(['example_xcom_args', 'example_xcom_args_with_operators']) retrieved from /home/airflow/.local/lib/python3.8/site-packages/airflow/example_dags/example_xcomargs.py
[2023-09-19T13:43:47.506+0000] {logging_mixin.py:151} INFO - [2023-09-19T13:43:47.506+0000] {dag.py:2915} INFO - Sync 2 DAGs
[2023-09-19T13:43:47.515+0000] {logging_mixin.py:151} INFO - [2023-09-19T13:43:47.515+0000] {dag.py:3696} INFO - Setting next_dagrun for example_xcom_args to None, run_after=None
[2023-09-19T13:43:47.517+0000] {logging_mixin.py:151} INFO - [2023-09-19T13:43:47.517+0000] {dag.py:3696} INFO - Setting next_dagrun for example_xcom_args_with_operators to None, run_after=None
[2023-09-19T13:43:47.533+0000] {processor.py:179} INFO - Processing /home/airflow/.local/lib/python3.8/site-packages/airflow/example_dags/example_xcomargs.py took 0.059 seconds
[2023-09-19T13:44:17.848+0000] {processor.py:157} INFO - Started process (PID=1202) to work on /home/airflow/.local/lib/python3.8/site-packages/airflow/example_dags/example_xcomargs.py
[2023-09-19T13:44:17.850+0000] {processor.py:829} INFO - Processing file /home/airflow/.local/lib/python3.8/site-packages/airflow/example_dags/example_xcomargs.py for tasks to queue
[2023-09-19T13:44:17.850+0000] {logging_mixin.py:151} INFO - [2023-09-19T13:44:17.850+0000] {dagbag.py:539} INFO - Filling up the DagBag from /home/airflow/.local/lib/python3.8/site-packages/airflow/example_dags/example_xcomargs.py
[2023-09-19T13:44:17.856+0000] {processor.py:839} INFO - DAG(s) dict_keys(['example_xcom_args', 'example_xcom_args_with_operators']) retrieved from /home/airflow/.local/lib/python3.8/site-packages/airflow/example_dags/example_xcomargs.py
[2023-09-19T13:44:17.871+0000] {logging_mixin.py:151} INFO - [2023-09-19T13:44:17.871+0000] {dag.py:2915} INFO - Sync 2 DAGs
[2023-09-19T13:44:17.879+0000] {logging_mixin.py:151} INFO - [2023-09-19T13:44:17.879+0000] {dag.py:3696} INFO - Setting next_dagrun for example_xcom_args to None, run_after=None
[2023-09-19T13:44:17.882+0000] {logging_mixin.py:151} INFO - [2023-09-19T13:44:17.882+0000] {dag.py:3696} INFO - Setting next_dagrun for example_xcom_args_with_operators to None, run_after=None
[2023-09-19T13:44:17.899+0000] {processor.py:179} INFO - Processing /home/airflow/.local/lib/python3.8/site-packages/airflow/example_dags/example_xcomargs.py took 0.054 seconds
[2023-09-19T13:44:48.348+0000] {processor.py:157} INFO - Started process (PID=1440) to work on /home/airflow/.local/lib/python3.8/site-packages/airflow/example_dags/example_xcomargs.py
[2023-09-19T13:44:48.356+0000] {processor.py:829} INFO - Processing file /home/airflow/.local/lib/python3.8/site-packages/airflow/example_dags/example_xcomargs.py for tasks to queue
[2023-09-19T13:44:48.357+0000] {logging_mixin.py:151} INFO - [2023-09-19T13:44:48.356+0000] {dagbag.py:539} INFO - Filling up the DagBag from /home/airflow/.local/lib/python3.8/site-packages/airflow/example_dags/example_xcomargs.py
[2023-09-19T13:44:48.362+0000] {processor.py:839} INFO - DAG(s) dict_keys(['example_xcom_args', 'example_xcom_args_with_operators']) retrieved from /home/airflow/.local/lib/python3.8/site-packages/airflow/example_dags/example_xcomargs.py
[2023-09-19T13:44:48.381+0000] {logging_mixin.py:151} INFO - [2023-09-19T13:44:48.380+0000] {dag.py:2915} INFO - Sync 2 DAGs
[2023-09-19T13:44:48.391+0000] {logging_mixin.py:151} INFO - [2023-09-19T13:44:48.391+0000] {dag.py:3696} INFO - Setting next_dagrun for example_xcom_args to None, run_after=None
[2023-09-19T13:44:48.394+0000] {logging_mixin.py:151} INFO - [2023-09-19T13:44:48.394+0000] {dag.py:3696} INFO - Setting next_dagrun for example_xcom_args_with_operators to None, run_after=None
[2023-09-19T13:44:48.411+0000] {processor.py:179} INFO - Processing /home/airflow/.local/lib/python3.8/site-packages/airflow/example_dags/example_xcomargs.py took 0.066 seconds
[2023-09-19T13:45:18.886+0000] {processor.py:157} INFO - Started process (PID=1681) to work on /home/airflow/.local/lib/python3.8/site-packages/airflow/example_dags/example_xcomargs.py
[2023-09-19T13:45:18.889+0000] {processor.py:829} INFO - Processing file /home/airflow/.local/lib/python3.8/site-packages/airflow/example_dags/example_xcomargs.py for tasks to queue
[2023-09-19T13:45:18.889+0000] {logging_mixin.py:151} INFO - [2023-09-19T13:45:18.889+0000] {dagbag.py:539} INFO - Filling up the DagBag from /home/airflow/.local/lib/python3.8/site-packages/airflow/example_dags/example_xcomargs.py
[2023-09-19T13:45:18.895+0000] {processor.py:839} INFO - DAG(s) dict_keys(['example_xcom_args', 'example_xcom_args_with_operators']) retrieved from /home/airflow/.local/lib/python3.8/site-packages/airflow/example_dags/example_xcomargs.py
[2023-09-19T13:45:18.907+0000] {logging_mixin.py:151} INFO - [2023-09-19T13:45:18.907+0000] {dag.py:2915} INFO - Sync 2 DAGs
[2023-09-19T13:45:18.918+0000] {logging_mixin.py:151} INFO - [2023-09-19T13:45:18.918+0000] {dag.py:3696} INFO - Setting next_dagrun for example_xcom_args to None, run_after=None
[2023-09-19T13:45:18.920+0000] {logging_mixin.py:151} INFO - [2023-09-19T13:45:18.920+0000] {dag.py:3696} INFO - Setting next_dagrun for example_xcom_args_with_operators to None, run_after=None
[2023-09-19T13:45:18.937+0000] {processor.py:179} INFO - Processing /home/airflow/.local/lib/python3.8/site-packages/airflow/example_dags/example_xcomargs.py took 0.053 seconds
[2023-09-19T13:45:49.059+0000] {processor.py:157} INFO - Started process (PID=1917) to work on /home/airflow/.local/lib/python3.8/site-packages/airflow/example_dags/example_xcomargs.py
[2023-09-19T13:45:49.060+0000] {processor.py:829} INFO - Processing file /home/airflow/.local/lib/python3.8/site-packages/airflow/example_dags/example_xcomargs.py for tasks to queue
[2023-09-19T13:45:49.061+0000] {logging_mixin.py:151} INFO - [2023-09-19T13:45:49.060+0000] {dagbag.py:539} INFO - Filling up the DagBag from /home/airflow/.local/lib/python3.8/site-packages/airflow/example_dags/example_xcomargs.py
[2023-09-19T13:45:49.066+0000] {processor.py:839} INFO - DAG(s) dict_keys(['example_xcom_args', 'example_xcom_args_with_operators']) retrieved from /home/airflow/.local/lib/python3.8/site-packages/airflow/example_dags/example_xcomargs.py
[2023-09-19T13:45:49.086+0000] {logging_mixin.py:151} INFO - [2023-09-19T13:45:49.086+0000] {dag.py:2915} INFO - Sync 2 DAGs
[2023-09-19T13:45:49.098+0000] {logging_mixin.py:151} INFO - [2023-09-19T13:45:49.097+0000] {dag.py:3696} INFO - Setting next_dagrun for example_xcom_args to None, run_after=None
[2023-09-19T13:45:49.101+0000] {logging_mixin.py:151} INFO - [2023-09-19T13:45:49.101+0000] {dag.py:3696} INFO - Setting next_dagrun for example_xcom_args_with_operators to None, run_after=None
[2023-09-19T13:45:49.116+0000] {processor.py:179} INFO - Processing /home/airflow/.local/lib/python3.8/site-packages/airflow/example_dags/example_xcomargs.py took 0.058 seconds
[2023-09-19T13:46:19.584+0000] {processor.py:157} INFO - Started process (PID=2155) to work on /home/airflow/.local/lib/python3.8/site-packages/airflow/example_dags/example_xcomargs.py
[2023-09-19T13:46:19.585+0000] {processor.py:829} INFO - Processing file /home/airflow/.local/lib/python3.8/site-packages/airflow/example_dags/example_xcomargs.py for tasks to queue
[2023-09-19T13:46:19.586+0000] {logging_mixin.py:151} INFO - [2023-09-19T13:46:19.586+0000] {dagbag.py:539} INFO - Filling up the DagBag from /home/airflow/.local/lib/python3.8/site-packages/airflow/example_dags/example_xcomargs.py
[2023-09-19T13:46:19.593+0000] {processor.py:839} INFO - DAG(s) dict_keys(['example_xcom_args_with_operators', 'example_xcom_args']) retrieved from /home/airflow/.local/lib/python3.8/site-packages/airflow/example_dags/example_xcomargs.py
[2023-09-19T13:46:19.616+0000] {logging_mixin.py:151} INFO - [2023-09-19T13:46:19.616+0000] {dag.py:2915} INFO - Sync 2 DAGs
[2023-09-19T13:46:19.628+0000] {logging_mixin.py:151} INFO - [2023-09-19T13:46:19.628+0000] {dag.py:3696} INFO - Setting next_dagrun for example_xcom_args to None, run_after=None
[2023-09-19T13:46:19.632+0000] {logging_mixin.py:151} INFO - [2023-09-19T13:46:19.632+0000] {dag.py:3696} INFO - Setting next_dagrun for example_xcom_args_with_operators to None, run_after=None
[2023-09-19T13:46:19.649+0000] {processor.py:179} INFO - Processing /home/airflow/.local/lib/python3.8/site-packages/airflow/example_dags/example_xcomargs.py took 0.067 seconds
[2023-09-19T13:46:50.479+0000] {processor.py:157} INFO - Started process (PID=2393) to work on /home/airflow/.local/lib/python3.8/site-packages/airflow/example_dags/example_xcomargs.py
[2023-09-19T13:46:50.481+0000] {processor.py:829} INFO - Processing file /home/airflow/.local/lib/python3.8/site-packages/airflow/example_dags/example_xcomargs.py for tasks to queue
[2023-09-19T13:46:50.482+0000] {logging_mixin.py:151} INFO - [2023-09-19T13:46:50.482+0000] {dagbag.py:539} INFO - Filling up the DagBag from /home/airflow/.local/lib/python3.8/site-packages/airflow/example_dags/example_xcomargs.py
[2023-09-19T13:46:50.492+0000] {processor.py:839} INFO - DAG(s) dict_keys(['example_xcom_args', 'example_xcom_args_with_operators']) retrieved from /home/airflow/.local/lib/python3.8/site-packages/airflow/example_dags/example_xcomargs.py
[2023-09-19T13:46:50.531+0000] {logging_mixin.py:151} INFO - [2023-09-19T13:46:50.530+0000] {dag.py:2915} INFO - Sync 2 DAGs
[2023-09-19T13:46:50.548+0000] {logging_mixin.py:151} INFO - [2023-09-19T13:46:50.547+0000] {dag.py:3696} INFO - Setting next_dagrun for example_xcom_args to None, run_after=None
[2023-09-19T13:46:50.553+0000] {logging_mixin.py:151} INFO - [2023-09-19T13:46:50.553+0000] {dag.py:3696} INFO - Setting next_dagrun for example_xcom_args_with_operators to None, run_after=None
[2023-09-19T13:46:50.585+0000] {processor.py:179} INFO - Processing /home/airflow/.local/lib/python3.8/site-packages/airflow/example_dags/example_xcomargs.py took 0.113 seconds
[2023-09-19T13:47:21.751+0000] {processor.py:157} INFO - Started process (PID=2631) to work on /home/airflow/.local/lib/python3.8/site-packages/airflow/example_dags/example_xcomargs.py
[2023-09-19T13:47:21.753+0000] {processor.py:829} INFO - Processing file /home/airflow/.local/lib/python3.8/site-packages/airflow/example_dags/example_xcomargs.py for tasks to queue
[2023-09-19T13:47:21.755+0000] {logging_mixin.py:151} INFO - [2023-09-19T13:47:21.754+0000] {dagbag.py:539} INFO - Filling up the DagBag from /home/airflow/.local/lib/python3.8/site-packages/airflow/example_dags/example_xcomargs.py
[2023-09-19T13:47:21.766+0000] {processor.py:839} INFO - DAG(s) dict_keys(['example_xcom_args_with_operators', 'example_xcom_args']) retrieved from /home/airflow/.local/lib/python3.8/site-packages/airflow/example_dags/example_xcomargs.py
[2023-09-19T13:47:21.803+0000] {logging_mixin.py:151} INFO - [2023-09-19T13:47:21.802+0000] {dag.py:2915} INFO - Sync 2 DAGs
[2023-09-19T13:47:21.819+0000] {logging_mixin.py:151} INFO - [2023-09-19T13:47:21.819+0000] {dag.py:3696} INFO - Setting next_dagrun for example_xcom_args to None, run_after=None
[2023-09-19T13:47:21.824+0000] {logging_mixin.py:151} INFO - [2023-09-19T13:47:21.823+0000] {dag.py:3696} INFO - Setting next_dagrun for example_xcom_args_with_operators to None, run_after=None
[2023-09-19T13:47:21.863+0000] {processor.py:179} INFO - Processing /home/airflow/.local/lib/python3.8/site-packages/airflow/example_dags/example_xcomargs.py took 0.115 seconds
[2023-09-19T13:47:52.714+0000] {processor.py:157} INFO - Started process (PID=2869) to work on /home/airflow/.local/lib/python3.8/site-packages/airflow/example_dags/example_xcomargs.py
[2023-09-19T13:47:52.716+0000] {processor.py:829} INFO - Processing file /home/airflow/.local/lib/python3.8/site-packages/airflow/example_dags/example_xcomargs.py for tasks to queue
[2023-09-19T13:47:52.717+0000] {logging_mixin.py:151} INFO - [2023-09-19T13:47:52.716+0000] {dagbag.py:539} INFO - Filling up the DagBag from /home/airflow/.local/lib/python3.8/site-packages/airflow/example_dags/example_xcomargs.py
[2023-09-19T13:47:52.723+0000] {processor.py:839} INFO - DAG(s) dict_keys(['example_xcom_args_with_operators', 'example_xcom_args']) retrieved from /home/airflow/.local/lib/python3.8/site-packages/airflow/example_dags/example_xcomargs.py
[2023-09-19T13:47:52.747+0000] {logging_mixin.py:151} INFO - [2023-09-19T13:47:52.747+0000] {dag.py:2915} INFO - Sync 2 DAGs
[2023-09-19T13:47:52.757+0000] {logging_mixin.py:151} INFO - [2023-09-19T13:47:52.757+0000] {dag.py:3696} INFO - Setting next_dagrun for example_xcom_args to None, run_after=None
[2023-09-19T13:47:52.762+0000] {logging_mixin.py:151} INFO - [2023-09-19T13:47:52.761+0000] {dag.py:3696} INFO - Setting next_dagrun for example_xcom_args_with_operators to None, run_after=None
[2023-09-19T13:47:52.783+0000] {processor.py:179} INFO - Processing /home/airflow/.local/lib/python3.8/site-packages/airflow/example_dags/example_xcomargs.py took 0.074 seconds
[2023-09-19T13:48:23.148+0000] {processor.py:157} INFO - Started process (PID=3107) to work on /home/airflow/.local/lib/python3.8/site-packages/airflow/example_dags/example_xcomargs.py
[2023-09-19T13:48:23.149+0000] {processor.py:829} INFO - Processing file /home/airflow/.local/lib/python3.8/site-packages/airflow/example_dags/example_xcomargs.py for tasks to queue
[2023-09-19T13:48:23.150+0000] {logging_mixin.py:151} INFO - [2023-09-19T13:48:23.150+0000] {dagbag.py:539} INFO - Filling up the DagBag from /home/airflow/.local/lib/python3.8/site-packages/airflow/example_dags/example_xcomargs.py
[2023-09-19T13:48:23.157+0000] {processor.py:839} INFO - DAG(s) dict_keys(['example_xcom_args_with_operators', 'example_xcom_args']) retrieved from /home/airflow/.local/lib/python3.8/site-packages/airflow/example_dags/example_xcomargs.py
[2023-09-19T13:48:23.177+0000] {logging_mixin.py:151} INFO - [2023-09-19T13:48:23.176+0000] {dag.py:2915} INFO - Sync 2 DAGs
[2023-09-19T13:48:23.188+0000] {logging_mixin.py:151} INFO - [2023-09-19T13:48:23.188+0000] {dag.py:3696} INFO - Setting next_dagrun for example_xcom_args to None, run_after=None
[2023-09-19T13:48:23.190+0000] {logging_mixin.py:151} INFO - [2023-09-19T13:48:23.190+0000] {dag.py:3696} INFO - Setting next_dagrun for example_xcom_args_with_operators to None, run_after=None
[2023-09-19T13:48:23.210+0000] {processor.py:179} INFO - Processing /home/airflow/.local/lib/python3.8/site-packages/airflow/example_dags/example_xcomargs.py took 0.066 seconds
[2023-09-19T13:48:53.564+0000] {processor.py:157} INFO - Started process (PID=3345) to work on /home/airflow/.local/lib/python3.8/site-packages/airflow/example_dags/example_xcomargs.py
[2023-09-19T13:48:53.566+0000] {processor.py:829} INFO - Processing file /home/airflow/.local/lib/python3.8/site-packages/airflow/example_dags/example_xcomargs.py for tasks to queue
[2023-09-19T13:48:53.566+0000] {logging_mixin.py:151} INFO - [2023-09-19T13:48:53.566+0000] {dagbag.py:539} INFO - Filling up the DagBag from /home/airflow/.local/lib/python3.8/site-packages/airflow/example_dags/example_xcomargs.py
[2023-09-19T13:48:53.574+0000] {processor.py:839} INFO - DAG(s) dict_keys(['example_xcom_args_with_operators', 'example_xcom_args']) retrieved from /home/airflow/.local/lib/python3.8/site-packages/airflow/example_dags/example_xcomargs.py
[2023-09-19T13:48:53.595+0000] {logging_mixin.py:151} INFO - [2023-09-19T13:48:53.595+0000] {dag.py:2915} INFO - Sync 2 DAGs
[2023-09-19T13:48:53.607+0000] {logging_mixin.py:151} INFO - [2023-09-19T13:48:53.607+0000] {dag.py:3696} INFO - Setting next_dagrun for example_xcom_args to None, run_after=None
[2023-09-19T13:48:53.613+0000] {logging_mixin.py:151} INFO - [2023-09-19T13:48:53.613+0000] {dag.py:3696} INFO - Setting next_dagrun for example_xcom_args_with_operators to None, run_after=None
[2023-09-19T13:48:53.632+0000] {processor.py:179} INFO - Processing /home/airflow/.local/lib/python3.8/site-packages/airflow/example_dags/example_xcomargs.py took 0.070 seconds
[2023-09-19T13:49:24.151+0000] {processor.py:157} INFO - Started process (PID=3583) to work on /home/airflow/.local/lib/python3.8/site-packages/airflow/example_dags/example_xcomargs.py
[2023-09-19T13:49:24.152+0000] {processor.py:829} INFO - Processing file /home/airflow/.local/lib/python3.8/site-packages/airflow/example_dags/example_xcomargs.py for tasks to queue
[2023-09-19T13:49:24.153+0000] {logging_mixin.py:151} INFO - [2023-09-19T13:49:24.153+0000] {dagbag.py:539} INFO - Filling up the DagBag from /home/airflow/.local/lib/python3.8/site-packages/airflow/example_dags/example_xcomargs.py
[2023-09-19T13:49:24.160+0000] {processor.py:839} INFO - DAG(s) dict_keys(['example_xcom_args_with_operators', 'example_xcom_args']) retrieved from /home/airflow/.local/lib/python3.8/site-packages/airflow/example_dags/example_xcomargs.py
[2023-09-19T13:49:24.184+0000] {logging_mixin.py:151} INFO - [2023-09-19T13:49:24.183+0000] {dag.py:2915} INFO - Sync 2 DAGs
[2023-09-19T13:49:24.195+0000] {logging_mixin.py:151} INFO - [2023-09-19T13:49:24.195+0000] {dag.py:3696} INFO - Setting next_dagrun for example_xcom_args to None, run_after=None
[2023-09-19T13:49:24.197+0000] {logging_mixin.py:151} INFO - [2023-09-19T13:49:24.197+0000] {dag.py:3696} INFO - Setting next_dagrun for example_xcom_args_with_operators to None, run_after=None
[2023-09-19T13:49:24.216+0000] {processor.py:179} INFO - Processing /home/airflow/.local/lib/python3.8/site-packages/airflow/example_dags/example_xcomargs.py took 0.069 seconds
[2023-09-19T13:49:54.780+0000] {processor.py:157} INFO - Started process (PID=3821) to work on /home/airflow/.local/lib/python3.8/site-packages/airflow/example_dags/example_xcomargs.py
[2023-09-19T13:49:54.781+0000] {processor.py:829} INFO - Processing file /home/airflow/.local/lib/python3.8/site-packages/airflow/example_dags/example_xcomargs.py for tasks to queue
[2023-09-19T13:49:54.782+0000] {logging_mixin.py:151} INFO - [2023-09-19T13:49:54.782+0000] {dagbag.py:539} INFO - Filling up the DagBag from /home/airflow/.local/lib/python3.8/site-packages/airflow/example_dags/example_xcomargs.py
[2023-09-19T13:49:54.789+0000] {processor.py:839} INFO - DAG(s) dict_keys(['example_xcom_args_with_operators', 'example_xcom_args']) retrieved from /home/airflow/.local/lib/python3.8/site-packages/airflow/example_dags/example_xcomargs.py
[2023-09-19T13:49:54.810+0000] {logging_mixin.py:151} INFO - [2023-09-19T13:49:54.809+0000] {dag.py:2915} INFO - Sync 2 DAGs
[2023-09-19T13:49:54.822+0000] {logging_mixin.py:151} INFO - [2023-09-19T13:49:54.821+0000] {dag.py:3696} INFO - Setting next_dagrun for example_xcom_args to None, run_after=None
[2023-09-19T13:49:54.825+0000] {logging_mixin.py:151} INFO - [2023-09-19T13:49:54.825+0000] {dag.py:3696} INFO - Setting next_dagrun for example_xcom_args_with_operators to None, run_after=None
[2023-09-19T13:49:54.845+0000] {processor.py:179} INFO - Processing /home/airflow/.local/lib/python3.8/site-packages/airflow/example_dags/example_xcomargs.py took 0.070 seconds
[2023-09-19T13:50:25.381+0000] {processor.py:157} INFO - Started process (PID=4059) to work on /home/airflow/.local/lib/python3.8/site-packages/airflow/example_dags/example_xcomargs.py
[2023-09-19T13:50:25.382+0000] {processor.py:829} INFO - Processing file /home/airflow/.local/lib/python3.8/site-packages/airflow/example_dags/example_xcomargs.py for tasks to queue
[2023-09-19T13:50:25.382+0000] {logging_mixin.py:151} INFO - [2023-09-19T13:50:25.382+0000] {dagbag.py:539} INFO - Filling up the DagBag from /home/airflow/.local/lib/python3.8/site-packages/airflow/example_dags/example_xcomargs.py
[2023-09-19T13:50:25.390+0000] {processor.py:839} INFO - DAG(s) dict_keys(['example_xcom_args_with_operators', 'example_xcom_args']) retrieved from /home/airflow/.local/lib/python3.8/site-packages/airflow/example_dags/example_xcomargs.py
[2023-09-19T13:50:25.413+0000] {logging_mixin.py:151} INFO - [2023-09-19T13:50:25.413+0000] {dag.py:2915} INFO - Sync 2 DAGs
[2023-09-19T13:50:25.424+0000] {logging_mixin.py:151} INFO - [2023-09-19T13:50:25.424+0000] {dag.py:3696} INFO - Setting next_dagrun for example_xcom_args to None, run_after=None
[2023-09-19T13:50:25.427+0000] {logging_mixin.py:151} INFO - [2023-09-19T13:50:25.426+0000] {dag.py:3696} INFO - Setting next_dagrun for example_xcom_args_with_operators to None, run_after=None
[2023-09-19T13:50:25.443+0000] {processor.py:179} INFO - Processing /home/airflow/.local/lib/python3.8/site-packages/airflow/example_dags/example_xcomargs.py took 0.065 seconds
[2023-09-19T13:50:55.811+0000] {processor.py:157} INFO - Started process (PID=4296) to work on /home/airflow/.local/lib/python3.8/site-packages/airflow/example_dags/example_xcomargs.py
[2023-09-19T13:50:55.812+0000] {processor.py:829} INFO - Processing file /home/airflow/.local/lib/python3.8/site-packages/airflow/example_dags/example_xcomargs.py for tasks to queue
[2023-09-19T13:50:55.813+0000] {logging_mixin.py:151} INFO - [2023-09-19T13:50:55.813+0000] {dagbag.py:539} INFO - Filling up the DagBag from /home/airflow/.local/lib/python3.8/site-packages/airflow/example_dags/example_xcomargs.py
[2023-09-19T13:50:55.819+0000] {processor.py:839} INFO - DAG(s) dict_keys(['example_xcom_args', 'example_xcom_args_with_operators']) retrieved from /home/airflow/.local/lib/python3.8/site-packages/airflow/example_dags/example_xcomargs.py
[2023-09-19T13:50:55.844+0000] {logging_mixin.py:151} INFO - [2023-09-19T13:50:55.844+0000] {dag.py:2915} INFO - Sync 2 DAGs
[2023-09-19T13:50:55.855+0000] {logging_mixin.py:151} INFO - [2023-09-19T13:50:55.855+0000] {dag.py:3696} INFO - Setting next_dagrun for example_xcom_args to None, run_after=None
[2023-09-19T13:50:55.858+0000] {logging_mixin.py:151} INFO - [2023-09-19T13:50:55.857+0000] {dag.py:3696} INFO - Setting next_dagrun for example_xcom_args_with_operators to None, run_after=None
[2023-09-19T13:50:55.876+0000] {processor.py:179} INFO - Processing /home/airflow/.local/lib/python3.8/site-packages/airflow/example_dags/example_xcomargs.py took 0.067 seconds
[2023-09-19T13:51:26.250+0000] {processor.py:157} INFO - Started process (PID=4534) to work on /home/airflow/.local/lib/python3.8/site-packages/airflow/example_dags/example_xcomargs.py
[2023-09-19T13:51:26.251+0000] {processor.py:829} INFO - Processing file /home/airflow/.local/lib/python3.8/site-packages/airflow/example_dags/example_xcomargs.py for tasks to queue
[2023-09-19T13:51:26.252+0000] {logging_mixin.py:151} INFO - [2023-09-19T13:51:26.252+0000] {dagbag.py:539} INFO - Filling up the DagBag from /home/airflow/.local/lib/python3.8/site-packages/airflow/example_dags/example_xcomargs.py
[2023-09-19T13:51:26.260+0000] {processor.py:839} INFO - DAG(s) dict_keys(['example_xcom_args_with_operators', 'example_xcom_args']) retrieved from /home/airflow/.local/lib/python3.8/site-packages/airflow/example_dags/example_xcomargs.py
[2023-09-19T13:51:26.283+0000] {logging_mixin.py:151} INFO - [2023-09-19T13:51:26.283+0000] {dag.py:2915} INFO - Sync 2 DAGs
[2023-09-19T13:51:26.299+0000] {logging_mixin.py:151} INFO - [2023-09-19T13:51:26.299+0000] {dag.py:3696} INFO - Setting next_dagrun for example_xcom_args to None, run_after=None
[2023-09-19T13:51:26.303+0000] {logging_mixin.py:151} INFO - [2023-09-19T13:51:26.303+0000] {dag.py:3696} INFO - Setting next_dagrun for example_xcom_args_with_operators to None, run_after=None
[2023-09-19T13:51:26.326+0000] {processor.py:179} INFO - Processing /home/airflow/.local/lib/python3.8/site-packages/airflow/example_dags/example_xcomargs.py took 0.078 seconds
[2023-09-19T13:51:56.640+0000] {processor.py:157} INFO - Started process (PID=4772) to work on /home/airflow/.local/lib/python3.8/site-packages/airflow/example_dags/example_xcomargs.py
[2023-09-19T13:51:56.641+0000] {processor.py:829} INFO - Processing file /home/airflow/.local/lib/python3.8/site-packages/airflow/example_dags/example_xcomargs.py for tasks to queue
[2023-09-19T13:51:56.642+0000] {logging_mixin.py:151} INFO - [2023-09-19T13:51:56.641+0000] {dagbag.py:539} INFO - Filling up the DagBag from /home/airflow/.local/lib/python3.8/site-packages/airflow/example_dags/example_xcomargs.py
[2023-09-19T13:51:56.648+0000] {processor.py:839} INFO - DAG(s) dict_keys(['example_xcom_args', 'example_xcom_args_with_operators']) retrieved from /home/airflow/.local/lib/python3.8/site-packages/airflow/example_dags/example_xcomargs.py
[2023-09-19T13:51:56.667+0000] {logging_mixin.py:151} INFO - [2023-09-19T13:51:56.667+0000] {dag.py:2915} INFO - Sync 2 DAGs
[2023-09-19T13:51:56.677+0000] {logging_mixin.py:151} INFO - [2023-09-19T13:51:56.677+0000] {dag.py:3696} INFO - Setting next_dagrun for example_xcom_args to None, run_after=None
[2023-09-19T13:51:56.679+0000] {logging_mixin.py:151} INFO - [2023-09-19T13:51:56.679+0000] {dag.py:3696} INFO - Setting next_dagrun for example_xcom_args_with_operators to None, run_after=None
[2023-09-19T13:51:56.697+0000] {processor.py:179} INFO - Processing /home/airflow/.local/lib/python3.8/site-packages/airflow/example_dags/example_xcomargs.py took 0.061 seconds
[2023-09-19T13:52:26.790+0000] {processor.py:157} INFO - Started process (PID=5010) to work on /home/airflow/.local/lib/python3.8/site-packages/airflow/example_dags/example_xcomargs.py
[2023-09-19T13:52:26.791+0000] {processor.py:829} INFO - Processing file /home/airflow/.local/lib/python3.8/site-packages/airflow/example_dags/example_xcomargs.py for tasks to queue
[2023-09-19T13:52:26.792+0000] {logging_mixin.py:151} INFO - [2023-09-19T13:52:26.792+0000] {dagbag.py:539} INFO - Filling up the DagBag from /home/airflow/.local/lib/python3.8/site-packages/airflow/example_dags/example_xcomargs.py
[2023-09-19T13:52:26.799+0000] {processor.py:839} INFO - DAG(s) dict_keys(['example_xcom_args', 'example_xcom_args_with_operators']) retrieved from /home/airflow/.local/lib/python3.8/site-packages/airflow/example_dags/example_xcomargs.py
[2023-09-19T13:52:26.817+0000] {logging_mixin.py:151} INFO - [2023-09-19T13:52:26.817+0000] {dag.py:2915} INFO - Sync 2 DAGs
[2023-09-19T13:52:26.827+0000] {logging_mixin.py:151} INFO - [2023-09-19T13:52:26.826+0000] {dag.py:3696} INFO - Setting next_dagrun for example_xcom_args to None, run_after=None
[2023-09-19T13:52:26.832+0000] {logging_mixin.py:151} INFO - [2023-09-19T13:52:26.832+0000] {dag.py:3696} INFO - Setting next_dagrun for example_xcom_args_with_operators to None, run_after=None
[2023-09-19T13:52:26.849+0000] {processor.py:179} INFO - Processing /home/airflow/.local/lib/python3.8/site-packages/airflow/example_dags/example_xcomargs.py took 0.061 seconds
[2023-09-19T13:52:57.000+0000] {processor.py:157} INFO - Started process (PID=5244) to work on /home/airflow/.local/lib/python3.8/site-packages/airflow/example_dags/example_xcomargs.py
[2023-09-19T13:52:57.001+0000] {processor.py:829} INFO - Processing file /home/airflow/.local/lib/python3.8/site-packages/airflow/example_dags/example_xcomargs.py for tasks to queue
[2023-09-19T13:52:57.001+0000] {logging_mixin.py:151} INFO - [2023-09-19T13:52:57.001+0000] {dagbag.py:539} INFO - Filling up the DagBag from /home/airflow/.local/lib/python3.8/site-packages/airflow/example_dags/example_xcomargs.py
[2023-09-19T13:52:57.006+0000] {processor.py:839} INFO - DAG(s) dict_keys(['example_xcom_args_with_operators', 'example_xcom_args']) retrieved from /home/airflow/.local/lib/python3.8/site-packages/airflow/example_dags/example_xcomargs.py
[2023-09-19T13:52:57.025+0000] {logging_mixin.py:151} INFO - [2023-09-19T13:52:57.025+0000] {dag.py:2915} INFO - Sync 2 DAGs
[2023-09-19T13:52:57.035+0000] {logging_mixin.py:151} INFO - [2023-09-19T13:52:57.035+0000] {dag.py:3696} INFO - Setting next_dagrun for example_xcom_args to None, run_after=None
[2023-09-19T13:52:57.038+0000] {logging_mixin.py:151} INFO - [2023-09-19T13:52:57.037+0000] {dag.py:3696} INFO - Setting next_dagrun for example_xcom_args_with_operators to None, run_after=None
[2023-09-19T13:52:57.054+0000] {processor.py:179} INFO - Processing /home/airflow/.local/lib/python3.8/site-packages/airflow/example_dags/example_xcomargs.py took 0.057 seconds
[2023-09-19T13:53:27.271+0000] {processor.py:157} INFO - Started process (PID=5482) to work on /home/airflow/.local/lib/python3.8/site-packages/airflow/example_dags/example_xcomargs.py
[2023-09-19T13:53:27.272+0000] {processor.py:829} INFO - Processing file /home/airflow/.local/lib/python3.8/site-packages/airflow/example_dags/example_xcomargs.py for tasks to queue
[2023-09-19T13:53:27.272+0000] {logging_mixin.py:151} INFO - [2023-09-19T13:53:27.272+0000] {dagbag.py:539} INFO - Filling up the DagBag from /home/airflow/.local/lib/python3.8/site-packages/airflow/example_dags/example_xcomargs.py
[2023-09-19T13:53:27.280+0000] {processor.py:839} INFO - DAG(s) dict_keys(['example_xcom_args_with_operators', 'example_xcom_args']) retrieved from /home/airflow/.local/lib/python3.8/site-packages/airflow/example_dags/example_xcomargs.py
[2023-09-19T13:53:27.301+0000] {logging_mixin.py:151} INFO - [2023-09-19T13:53:27.300+0000] {dag.py:2915} INFO - Sync 2 DAGs
[2023-09-19T13:53:27.314+0000] {logging_mixin.py:151} INFO - [2023-09-19T13:53:27.314+0000] {dag.py:3696} INFO - Setting next_dagrun for example_xcom_args to None, run_after=None
[2023-09-19T13:53:27.317+0000] {logging_mixin.py:151} INFO - [2023-09-19T13:53:27.316+0000] {dag.py:3696} INFO - Setting next_dagrun for example_xcom_args_with_operators to None, run_after=None
[2023-09-19T13:53:27.333+0000] {processor.py:179} INFO - Processing /home/airflow/.local/lib/python3.8/site-packages/airflow/example_dags/example_xcomargs.py took 0.065 seconds
[2023-09-19T13:53:57.570+0000] {processor.py:157} INFO - Started process (PID=5720) to work on /home/airflow/.local/lib/python3.8/site-packages/airflow/example_dags/example_xcomargs.py
[2023-09-19T13:53:57.571+0000] {processor.py:829} INFO - Processing file /home/airflow/.local/lib/python3.8/site-packages/airflow/example_dags/example_xcomargs.py for tasks to queue
[2023-09-19T13:53:57.572+0000] {logging_mixin.py:151} INFO - [2023-09-19T13:53:57.572+0000] {dagbag.py:539} INFO - Filling up the DagBag from /home/airflow/.local/lib/python3.8/site-packages/airflow/example_dags/example_xcomargs.py
[2023-09-19T13:53:57.580+0000] {processor.py:839} INFO - DAG(s) dict_keys(['example_xcom_args_with_operators', 'example_xcom_args']) retrieved from /home/airflow/.local/lib/python3.8/site-packages/airflow/example_dags/example_xcomargs.py
[2023-09-19T13:53:57.600+0000] {logging_mixin.py:151} INFO - [2023-09-19T13:53:57.600+0000] {dag.py:2915} INFO - Sync 2 DAGs
[2023-09-19T13:53:57.611+0000] {logging_mixin.py:151} INFO - [2023-09-19T13:53:57.611+0000] {dag.py:3696} INFO - Setting next_dagrun for example_xcom_args to None, run_after=None
[2023-09-19T13:53:57.614+0000] {logging_mixin.py:151} INFO - [2023-09-19T13:53:57.614+0000] {dag.py:3696} INFO - Setting next_dagrun for example_xcom_args_with_operators to None, run_after=None
[2023-09-19T13:53:57.632+0000] {processor.py:179} INFO - Processing /home/airflow/.local/lib/python3.8/site-packages/airflow/example_dags/example_xcomargs.py took 0.066 seconds
[2023-09-19T13:54:27.934+0000] {processor.py:157} INFO - Started process (PID=5958) to work on /home/airflow/.local/lib/python3.8/site-packages/airflow/example_dags/example_xcomargs.py
[2023-09-19T13:54:27.936+0000] {processor.py:829} INFO - Processing file /home/airflow/.local/lib/python3.8/site-packages/airflow/example_dags/example_xcomargs.py for tasks to queue
[2023-09-19T13:54:27.936+0000] {logging_mixin.py:151} INFO - [2023-09-19T13:54:27.936+0000] {dagbag.py:539} INFO - Filling up the DagBag from /home/airflow/.local/lib/python3.8/site-packages/airflow/example_dags/example_xcomargs.py
[2023-09-19T13:54:27.945+0000] {processor.py:839} INFO - DAG(s) dict_keys(['example_xcom_args_with_operators', 'example_xcom_args']) retrieved from /home/airflow/.local/lib/python3.8/site-packages/airflow/example_dags/example_xcomargs.py
[2023-09-19T13:54:27.966+0000] {logging_mixin.py:151} INFO - [2023-09-19T13:54:27.965+0000] {dag.py:2915} INFO - Sync 2 DAGs
[2023-09-19T13:54:27.976+0000] {logging_mixin.py:151} INFO - [2023-09-19T13:54:27.975+0000] {dag.py:3696} INFO - Setting next_dagrun for example_xcom_args to None, run_after=None
[2023-09-19T13:54:27.978+0000] {logging_mixin.py:151} INFO - [2023-09-19T13:54:27.978+0000] {dag.py:3696} INFO - Setting next_dagrun for example_xcom_args_with_operators to None, run_after=None
[2023-09-19T13:54:27.999+0000] {processor.py:179} INFO - Processing /home/airflow/.local/lib/python3.8/site-packages/airflow/example_dags/example_xcomargs.py took 0.067 seconds
[2023-09-19T13:54:58.364+0000] {processor.py:157} INFO - Started process (PID=6196) to work on /home/airflow/.local/lib/python3.8/site-packages/airflow/example_dags/example_xcomargs.py
[2023-09-19T13:54:58.365+0000] {processor.py:829} INFO - Processing file /home/airflow/.local/lib/python3.8/site-packages/airflow/example_dags/example_xcomargs.py for tasks to queue
[2023-09-19T13:54:58.366+0000] {logging_mixin.py:151} INFO - [2023-09-19T13:54:58.365+0000] {dagbag.py:539} INFO - Filling up the DagBag from /home/airflow/.local/lib/python3.8/site-packages/airflow/example_dags/example_xcomargs.py
[2023-09-19T13:54:58.373+0000] {processor.py:839} INFO - DAG(s) dict_keys(['example_xcom_args', 'example_xcom_args_with_operators']) retrieved from /home/airflow/.local/lib/python3.8/site-packages/airflow/example_dags/example_xcomargs.py
[2023-09-19T13:54:58.394+0000] {logging_mixin.py:151} INFO - [2023-09-19T13:54:58.393+0000] {dag.py:2915} INFO - Sync 2 DAGs
[2023-09-19T13:54:58.405+0000] {logging_mixin.py:151} INFO - [2023-09-19T13:54:58.405+0000] {dag.py:3696} INFO - Setting next_dagrun for example_xcom_args to None, run_after=None
[2023-09-19T13:54:58.408+0000] {logging_mixin.py:151} INFO - [2023-09-19T13:54:58.408+0000] {dag.py:3696} INFO - Setting next_dagrun for example_xcom_args_with_operators to None, run_after=None
[2023-09-19T13:54:58.423+0000] {processor.py:179} INFO - Processing /home/airflow/.local/lib/python3.8/site-packages/airflow/example_dags/example_xcomargs.py took 0.061 seconds
[2023-09-19T13:55:28.620+0000] {processor.py:157} INFO - Started process (PID=6434) to work on /home/airflow/.local/lib/python3.8/site-packages/airflow/example_dags/example_xcomargs.py
[2023-09-19T13:55:28.621+0000] {processor.py:829} INFO - Processing file /home/airflow/.local/lib/python3.8/site-packages/airflow/example_dags/example_xcomargs.py for tasks to queue
[2023-09-19T13:55:28.621+0000] {logging_mixin.py:151} INFO - [2023-09-19T13:55:28.621+0000] {dagbag.py:539} INFO - Filling up the DagBag from /home/airflow/.local/lib/python3.8/site-packages/airflow/example_dags/example_xcomargs.py
[2023-09-19T13:55:28.630+0000] {processor.py:839} INFO - DAG(s) dict_keys(['example_xcom_args', 'example_xcom_args_with_operators']) retrieved from /home/airflow/.local/lib/python3.8/site-packages/airflow/example_dags/example_xcomargs.py
[2023-09-19T13:55:28.650+0000] {logging_mixin.py:151} INFO - [2023-09-19T13:55:28.650+0000] {dag.py:2915} INFO - Sync 2 DAGs
[2023-09-19T13:55:28.660+0000] {logging_mixin.py:151} INFO - [2023-09-19T13:55:28.659+0000] {dag.py:3696} INFO - Setting next_dagrun for example_xcom_args to None, run_after=None
[2023-09-19T13:55:28.663+0000] {logging_mixin.py:151} INFO - [2023-09-19T13:55:28.662+0000] {dag.py:3696} INFO - Setting next_dagrun for example_xcom_args_with_operators to None, run_after=None
[2023-09-19T13:55:28.679+0000] {processor.py:179} INFO - Processing /home/airflow/.local/lib/python3.8/site-packages/airflow/example_dags/example_xcomargs.py took 0.061 seconds
[2023-09-19T13:55:58.797+0000] {processor.py:157} INFO - Started process (PID=6672) to work on /home/airflow/.local/lib/python3.8/site-packages/airflow/example_dags/example_xcomargs.py
[2023-09-19T13:55:58.798+0000] {processor.py:829} INFO - Processing file /home/airflow/.local/lib/python3.8/site-packages/airflow/example_dags/example_xcomargs.py for tasks to queue
[2023-09-19T13:55:58.798+0000] {logging_mixin.py:151} INFO - [2023-09-19T13:55:58.798+0000] {dagbag.py:539} INFO - Filling up the DagBag from /home/airflow/.local/lib/python3.8/site-packages/airflow/example_dags/example_xcomargs.py
[2023-09-19T13:55:58.805+0000] {processor.py:839} INFO - DAG(s) dict_keys(['example_xcom_args', 'example_xcom_args_with_operators']) retrieved from /home/airflow/.local/lib/python3.8/site-packages/airflow/example_dags/example_xcomargs.py
[2023-09-19T13:55:58.826+0000] {logging_mixin.py:151} INFO - [2023-09-19T13:55:58.826+0000] {dag.py:2915} INFO - Sync 2 DAGs
[2023-09-19T13:55:58.837+0000] {logging_mixin.py:151} INFO - [2023-09-19T13:55:58.837+0000] {dag.py:3696} INFO - Setting next_dagrun for example_xcom_args to None, run_after=None
[2023-09-19T13:55:58.840+0000] {logging_mixin.py:151} INFO - [2023-09-19T13:55:58.839+0000] {dag.py:3696} INFO - Setting next_dagrun for example_xcom_args_with_operators to None, run_after=None
[2023-09-19T13:55:58.854+0000] {processor.py:179} INFO - Processing /home/airflow/.local/lib/python3.8/site-packages/airflow/example_dags/example_xcomargs.py took 0.061 seconds
[2023-09-19T13:56:28.976+0000] {processor.py:157} INFO - Started process (PID=6911) to work on /home/airflow/.local/lib/python3.8/site-packages/airflow/example_dags/example_xcomargs.py
[2023-09-19T13:56:28.977+0000] {processor.py:829} INFO - Processing file /home/airflow/.local/lib/python3.8/site-packages/airflow/example_dags/example_xcomargs.py for tasks to queue
[2023-09-19T13:56:28.978+0000] {logging_mixin.py:151} INFO - [2023-09-19T13:56:28.978+0000] {dagbag.py:539} INFO - Filling up the DagBag from /home/airflow/.local/lib/python3.8/site-packages/airflow/example_dags/example_xcomargs.py
[2023-09-19T13:56:28.984+0000] {processor.py:839} INFO - DAG(s) dict_keys(['example_xcom_args_with_operators', 'example_xcom_args']) retrieved from /home/airflow/.local/lib/python3.8/site-packages/airflow/example_dags/example_xcomargs.py
[2023-09-19T13:56:29.002+0000] {logging_mixin.py:151} INFO - [2023-09-19T13:56:29.002+0000] {dag.py:2915} INFO - Sync 2 DAGs
[2023-09-19T13:56:29.014+0000] {logging_mixin.py:151} INFO - [2023-09-19T13:56:29.014+0000] {dag.py:3696} INFO - Setting next_dagrun for example_xcom_args to None, run_after=None
[2023-09-19T13:56:29.017+0000] {logging_mixin.py:151} INFO - [2023-09-19T13:56:29.017+0000] {dag.py:3696} INFO - Setting next_dagrun for example_xcom_args_with_operators to None, run_after=None
[2023-09-19T13:56:29.032+0000] {processor.py:179} INFO - Processing /home/airflow/.local/lib/python3.8/site-packages/airflow/example_dags/example_xcomargs.py took 0.058 seconds
[2023-09-19T13:56:59.243+0000] {processor.py:157} INFO - Started process (PID=7148) to work on /home/airflow/.local/lib/python3.8/site-packages/airflow/example_dags/example_xcomargs.py
[2023-09-19T13:56:59.244+0000] {processor.py:829} INFO - Processing file /home/airflow/.local/lib/python3.8/site-packages/airflow/example_dags/example_xcomargs.py for tasks to queue
[2023-09-19T13:56:59.244+0000] {logging_mixin.py:151} INFO - [2023-09-19T13:56:59.244+0000] {dagbag.py:539} INFO - Filling up the DagBag from /home/airflow/.local/lib/python3.8/site-packages/airflow/example_dags/example_xcomargs.py
[2023-09-19T13:56:59.252+0000] {processor.py:839} INFO - DAG(s) dict_keys(['example_xcom_args', 'example_xcom_args_with_operators']) retrieved from /home/airflow/.local/lib/python3.8/site-packages/airflow/example_dags/example_xcomargs.py
[2023-09-19T13:56:59.272+0000] {logging_mixin.py:151} INFO - [2023-09-19T13:56:59.271+0000] {dag.py:2915} INFO - Sync 2 DAGs
[2023-09-19T13:56:59.281+0000] {logging_mixin.py:151} INFO - [2023-09-19T13:56:59.280+0000] {dag.py:3696} INFO - Setting next_dagrun for example_xcom_args to None, run_after=None
[2023-09-19T13:56:59.283+0000] {logging_mixin.py:151} INFO - [2023-09-19T13:56:59.283+0000] {dag.py:3696} INFO - Setting next_dagrun for example_xcom_args_with_operators to None, run_after=None
[2023-09-19T13:56:59.301+0000] {processor.py:179} INFO - Processing /home/airflow/.local/lib/python3.8/site-packages/airflow/example_dags/example_xcomargs.py took 0.061 seconds
[2023-09-19T13:57:29.809+0000] {processor.py:157} INFO - Started process (PID=7386) to work on /home/airflow/.local/lib/python3.8/site-packages/airflow/example_dags/example_xcomargs.py
[2023-09-19T13:57:29.810+0000] {processor.py:829} INFO - Processing file /home/airflow/.local/lib/python3.8/site-packages/airflow/example_dags/example_xcomargs.py for tasks to queue
[2023-09-19T13:57:29.811+0000] {logging_mixin.py:151} INFO - [2023-09-19T13:57:29.810+0000] {dagbag.py:539} INFO - Filling up the DagBag from /home/airflow/.local/lib/python3.8/site-packages/airflow/example_dags/example_xcomargs.py
[2023-09-19T13:57:29.817+0000] {processor.py:839} INFO - DAG(s) dict_keys(['example_xcom_args_with_operators', 'example_xcom_args']) retrieved from /home/airflow/.local/lib/python3.8/site-packages/airflow/example_dags/example_xcomargs.py
[2023-09-19T13:57:29.837+0000] {logging_mixin.py:151} INFO - [2023-09-19T13:57:29.837+0000] {dag.py:2915} INFO - Sync 2 DAGs
[2023-09-19T13:57:29.847+0000] {logging_mixin.py:151} INFO - [2023-09-19T13:57:29.847+0000] {dag.py:3696} INFO - Setting next_dagrun for example_xcom_args to None, run_after=None
[2023-09-19T13:57:29.849+0000] {logging_mixin.py:151} INFO - [2023-09-19T13:57:29.849+0000] {dag.py:3696} INFO - Setting next_dagrun for example_xcom_args_with_operators to None, run_after=None
[2023-09-19T13:57:29.867+0000] {processor.py:179} INFO - Processing /home/airflow/.local/lib/python3.8/site-packages/airflow/example_dags/example_xcomargs.py took 0.063 seconds
[2023-09-19T13:58:00.028+0000] {processor.py:157} INFO - Started process (PID=7627) to work on /home/airflow/.local/lib/python3.8/site-packages/airflow/example_dags/example_xcomargs.py
[2023-09-19T13:58:00.029+0000] {processor.py:829} INFO - Processing file /home/airflow/.local/lib/python3.8/site-packages/airflow/example_dags/example_xcomargs.py for tasks to queue
[2023-09-19T13:58:00.029+0000] {logging_mixin.py:151} INFO - [2023-09-19T13:58:00.029+0000] {dagbag.py:539} INFO - Filling up the DagBag from /home/airflow/.local/lib/python3.8/site-packages/airflow/example_dags/example_xcomargs.py
[2023-09-19T13:58:00.036+0000] {processor.py:839} INFO - DAG(s) dict_keys(['example_xcom_args', 'example_xcom_args_with_operators']) retrieved from /home/airflow/.local/lib/python3.8/site-packages/airflow/example_dags/example_xcomargs.py
[2023-09-19T13:58:00.055+0000] {logging_mixin.py:151} INFO - [2023-09-19T13:58:00.055+0000] {dag.py:2915} INFO - Sync 2 DAGs
[2023-09-19T13:58:00.068+0000] {logging_mixin.py:151} INFO - [2023-09-19T13:58:00.068+0000] {dag.py:3696} INFO - Setting next_dagrun for example_xcom_args to None, run_after=None
[2023-09-19T13:58:00.071+0000] {logging_mixin.py:151} INFO - [2023-09-19T13:58:00.071+0000] {dag.py:3696} INFO - Setting next_dagrun for example_xcom_args_with_operators to None, run_after=None
[2023-09-19T13:58:00.086+0000] {processor.py:179} INFO - Processing /home/airflow/.local/lib/python3.8/site-packages/airflow/example_dags/example_xcomargs.py took 0.060 seconds
[2023-09-19T13:58:30.381+0000] {processor.py:157} INFO - Started process (PID=7863) to work on /home/airflow/.local/lib/python3.8/site-packages/airflow/example_dags/example_xcomargs.py
[2023-09-19T13:58:30.383+0000] {processor.py:829} INFO - Processing file /home/airflow/.local/lib/python3.8/site-packages/airflow/example_dags/example_xcomargs.py for tasks to queue
[2023-09-19T13:58:30.383+0000] {logging_mixin.py:151} INFO - [2023-09-19T13:58:30.383+0000] {dagbag.py:539} INFO - Filling up the DagBag from /home/airflow/.local/lib/python3.8/site-packages/airflow/example_dags/example_xcomargs.py
[2023-09-19T13:58:30.389+0000] {processor.py:839} INFO - DAG(s) dict_keys(['example_xcom_args_with_operators', 'example_xcom_args']) retrieved from /home/airflow/.local/lib/python3.8/site-packages/airflow/example_dags/example_xcomargs.py
[2023-09-19T13:58:30.408+0000] {logging_mixin.py:151} INFO - [2023-09-19T13:58:30.408+0000] {dag.py:2915} INFO - Sync 2 DAGs
[2023-09-19T13:58:30.418+0000] {logging_mixin.py:151} INFO - [2023-09-19T13:58:30.418+0000] {dag.py:3696} INFO - Setting next_dagrun for example_xcom_args to None, run_after=None
[2023-09-19T13:58:30.421+0000] {logging_mixin.py:151} INFO - [2023-09-19T13:58:30.421+0000] {dag.py:3696} INFO - Setting next_dagrun for example_xcom_args_with_operators to None, run_after=None
[2023-09-19T13:58:30.438+0000] {processor.py:179} INFO - Processing /home/airflow/.local/lib/python3.8/site-packages/airflow/example_dags/example_xcomargs.py took 0.060 seconds
[2023-09-19T13:59:00.581+0000] {processor.py:157} INFO - Started process (PID=8102) to work on /home/airflow/.local/lib/python3.8/site-packages/airflow/example_dags/example_xcomargs.py
[2023-09-19T13:59:00.582+0000] {processor.py:829} INFO - Processing file /home/airflow/.local/lib/python3.8/site-packages/airflow/example_dags/example_xcomargs.py for tasks to queue
[2023-09-19T13:59:00.582+0000] {logging_mixin.py:151} INFO - [2023-09-19T13:59:00.582+0000] {dagbag.py:539} INFO - Filling up the DagBag from /home/airflow/.local/lib/python3.8/site-packages/airflow/example_dags/example_xcomargs.py
[2023-09-19T13:59:00.588+0000] {processor.py:839} INFO - DAG(s) dict_keys(['example_xcom_args', 'example_xcom_args_with_operators']) retrieved from /home/airflow/.local/lib/python3.8/site-packages/airflow/example_dags/example_xcomargs.py
[2023-09-19T13:59:00.611+0000] {logging_mixin.py:151} INFO - [2023-09-19T13:59:00.610+0000] {dag.py:2915} INFO - Sync 2 DAGs
[2023-09-19T13:59:00.621+0000] {logging_mixin.py:151} INFO - [2023-09-19T13:59:00.620+0000] {dag.py:3696} INFO - Setting next_dagrun for example_xcom_args to None, run_after=None
[2023-09-19T13:59:00.623+0000] {logging_mixin.py:151} INFO - [2023-09-19T13:59:00.623+0000] {dag.py:3696} INFO - Setting next_dagrun for example_xcom_args_with_operators to None, run_after=None
[2023-09-19T13:59:00.638+0000] {processor.py:179} INFO - Processing /home/airflow/.local/lib/python3.8/site-packages/airflow/example_dags/example_xcomargs.py took 0.060 seconds
[2023-09-19T13:59:30.734+0000] {processor.py:157} INFO - Started process (PID=8339) to work on /home/airflow/.local/lib/python3.8/site-packages/airflow/example_dags/example_xcomargs.py
[2023-09-19T13:59:30.735+0000] {processor.py:829} INFO - Processing file /home/airflow/.local/lib/python3.8/site-packages/airflow/example_dags/example_xcomargs.py for tasks to queue
[2023-09-19T13:59:30.736+0000] {logging_mixin.py:151} INFO - [2023-09-19T13:59:30.736+0000] {dagbag.py:539} INFO - Filling up the DagBag from /home/airflow/.local/lib/python3.8/site-packages/airflow/example_dags/example_xcomargs.py
[2023-09-19T13:59:30.745+0000] {processor.py:839} INFO - DAG(s) dict_keys(['example_xcom_args', 'example_xcom_args_with_operators']) retrieved from /home/airflow/.local/lib/python3.8/site-packages/airflow/example_dags/example_xcomargs.py
[2023-09-19T13:59:30.766+0000] {logging_mixin.py:151} INFO - [2023-09-19T13:59:30.765+0000] {dag.py:2915} INFO - Sync 2 DAGs
[2023-09-19T13:59:30.775+0000] {logging_mixin.py:151} INFO - [2023-09-19T13:59:30.775+0000] {dag.py:3696} INFO - Setting next_dagrun for example_xcom_args to None, run_after=None
[2023-09-19T13:59:30.778+0000] {logging_mixin.py:151} INFO - [2023-09-19T13:59:30.778+0000] {dag.py:3696} INFO - Setting next_dagrun for example_xcom_args_with_operators to None, run_after=None
[2023-09-19T13:59:30.791+0000] {processor.py:179} INFO - Processing /home/airflow/.local/lib/python3.8/site-packages/airflow/example_dags/example_xcomargs.py took 0.059 seconds
