[2023-09-19T13:42:07.102+0000] {processor.py:157} INFO - Started process (PID=175) to work on /home/airflow/.local/lib/python3.8/site-packages/airflow/example_dags/example_latest_only.py
[2023-09-19T13:42:07.103+0000] {processor.py:829} INFO - Processing file /home/airflow/.local/lib/python3.8/site-packages/airflow/example_dags/example_latest_only.py for tasks to queue
[2023-09-19T13:42:07.104+0000] {logging_mixin.py:151} INFO - [2023-09-19T13:42:07.104+0000] {dagbag.py:539} INFO - Filling up the DagBag from /home/airflow/.local/lib/python3.8/site-packages/airflow/example_dags/example_latest_only.py
[2023-09-19T13:42:07.121+0000] {processor.py:839} INFO - DAG(s) dict_keys(['latest_only']) retrieved from /home/airflow/.local/lib/python3.8/site-packages/airflow/example_dags/example_latest_only.py
[2023-09-19T13:42:07.156+0000] {logging_mixin.py:151} INFO - [2023-09-19T13:42:07.155+0000] {dag.py:2915} INFO - Sync 1 DAGs
[2023-09-19T13:42:07.194+0000] {logging_mixin.py:151} INFO - [2023-09-19T13:42:07.193+0000] {dag.py:3696} INFO - Setting next_dagrun for latest_only to 2023-09-19T09:42:07.192535+00:00, run_after=2023-09-19T13:42:07.192535+00:00
[2023-09-19T13:42:07.273+0000] {processor.py:179} INFO - Processing /home/airflow/.local/lib/python3.8/site-packages/airflow/example_dags/example_latest_only.py took 0.175 seconds
[2023-09-19T13:42:45.138+0000] {processor.py:157} INFO - Started process (PID=413) to work on /home/airflow/.local/lib/python3.8/site-packages/airflow/example_dags/example_latest_only.py
[2023-09-19T13:42:45.139+0000] {processor.py:829} INFO - Processing file /home/airflow/.local/lib/python3.8/site-packages/airflow/example_dags/example_latest_only.py for tasks to queue
[2023-09-19T13:42:45.140+0000] {logging_mixin.py:151} INFO - [2023-09-19T13:42:45.140+0000] {dagbag.py:539} INFO - Filling up the DagBag from /home/airflow/.local/lib/python3.8/site-packages/airflow/example_dags/example_latest_only.py
[2023-09-19T13:42:45.151+0000] {processor.py:839} INFO - DAG(s) dict_keys(['latest_only']) retrieved from /home/airflow/.local/lib/python3.8/site-packages/airflow/example_dags/example_latest_only.py
[2023-09-19T13:42:45.239+0000] {logging_mixin.py:151} INFO - [2023-09-19T13:42:45.238+0000] {dag.py:2915} INFO - Sync 1 DAGs
[2023-09-19T13:42:45.258+0000] {logging_mixin.py:151} INFO - [2023-09-19T13:42:45.258+0000] {dag.py:3696} INFO - Setting next_dagrun for latest_only to 2023-09-19T09:42:45.257380+00:00, run_after=2023-09-19T13:42:45.257380+00:00
[2023-09-19T13:42:45.281+0000] {processor.py:179} INFO - Processing /home/airflow/.local/lib/python3.8/site-packages/airflow/example_dags/example_latest_only.py took 0.146 seconds
[2023-09-19T13:43:15.568+0000] {processor.py:157} INFO - Started process (PID=651) to work on /home/airflow/.local/lib/python3.8/site-packages/airflow/example_dags/example_latest_only.py
[2023-09-19T13:43:15.572+0000] {processor.py:829} INFO - Processing file /home/airflow/.local/lib/python3.8/site-packages/airflow/example_dags/example_latest_only.py for tasks to queue
[2023-09-19T13:43:15.573+0000] {logging_mixin.py:151} INFO - [2023-09-19T13:43:15.572+0000] {dagbag.py:539} INFO - Filling up the DagBag from /home/airflow/.local/lib/python3.8/site-packages/airflow/example_dags/example_latest_only.py
[2023-09-19T13:43:15.576+0000] {processor.py:839} INFO - DAG(s) dict_keys(['latest_only']) retrieved from /home/airflow/.local/lib/python3.8/site-packages/airflow/example_dags/example_latest_only.py
[2023-09-19T13:43:15.714+0000] {logging_mixin.py:151} INFO - [2023-09-19T13:43:15.714+0000] {dag.py:2915} INFO - Sync 1 DAGs
[2023-09-19T13:43:15.731+0000] {logging_mixin.py:151} INFO - [2023-09-19T13:43:15.731+0000] {dag.py:3696} INFO - Setting next_dagrun for latest_only to 2023-09-19T09:43:15.731108+00:00, run_after=2023-09-19T13:43:15.731108+00:00
[2023-09-19T13:43:15.783+0000] {processor.py:179} INFO - Processing /home/airflow/.local/lib/python3.8/site-packages/airflow/example_dags/example_latest_only.py took 0.219 seconds
[2023-09-19T13:43:46.759+0000] {processor.py:157} INFO - Started process (PID=891) to work on /home/airflow/.local/lib/python3.8/site-packages/airflow/example_dags/example_latest_only.py
[2023-09-19T13:43:46.760+0000] {processor.py:829} INFO - Processing file /home/airflow/.local/lib/python3.8/site-packages/airflow/example_dags/example_latest_only.py for tasks to queue
[2023-09-19T13:43:46.761+0000] {logging_mixin.py:151} INFO - [2023-09-19T13:43:46.760+0000] {dagbag.py:539} INFO - Filling up the DagBag from /home/airflow/.local/lib/python3.8/site-packages/airflow/example_dags/example_latest_only.py
[2023-09-19T13:43:46.764+0000] {processor.py:839} INFO - DAG(s) dict_keys(['latest_only']) retrieved from /home/airflow/.local/lib/python3.8/site-packages/airflow/example_dags/example_latest_only.py
[2023-09-19T13:43:46.781+0000] {logging_mixin.py:151} INFO - [2023-09-19T13:43:46.780+0000] {dag.py:2915} INFO - Sync 1 DAGs
[2023-09-19T13:43:46.795+0000] {logging_mixin.py:151} INFO - [2023-09-19T13:43:46.795+0000] {dag.py:3696} INFO - Setting next_dagrun for latest_only to 2023-09-19T09:43:46.795244+00:00, run_after=2023-09-19T13:43:46.795244+00:00
[2023-09-19T13:43:46.810+0000] {processor.py:179} INFO - Processing /home/airflow/.local/lib/python3.8/site-packages/airflow/example_dags/example_latest_only.py took 0.053 seconds
[2023-09-19T13:44:17.063+0000] {processor.py:157} INFO - Started process (PID=1129) to work on /home/airflow/.local/lib/python3.8/site-packages/airflow/example_dags/example_latest_only.py
[2023-09-19T13:44:17.066+0000] {processor.py:829} INFO - Processing file /home/airflow/.local/lib/python3.8/site-packages/airflow/example_dags/example_latest_only.py for tasks to queue
[2023-09-19T13:44:17.067+0000] {logging_mixin.py:151} INFO - [2023-09-19T13:44:17.067+0000] {dagbag.py:539} INFO - Filling up the DagBag from /home/airflow/.local/lib/python3.8/site-packages/airflow/example_dags/example_latest_only.py
[2023-09-19T13:44:17.070+0000] {processor.py:839} INFO - DAG(s) dict_keys(['latest_only']) retrieved from /home/airflow/.local/lib/python3.8/site-packages/airflow/example_dags/example_latest_only.py
[2023-09-19T13:44:17.084+0000] {logging_mixin.py:151} INFO - [2023-09-19T13:44:17.083+0000] {dag.py:2915} INFO - Sync 1 DAGs
[2023-09-19T13:44:17.098+0000] {logging_mixin.py:151} INFO - [2023-09-19T13:44:17.098+0000] {dag.py:3696} INFO - Setting next_dagrun for latest_only to 2023-09-19T09:44:17.098405+00:00, run_after=2023-09-19T13:44:17.098405+00:00
[2023-09-19T13:44:17.115+0000] {processor.py:179} INFO - Processing /home/airflow/.local/lib/python3.8/site-packages/airflow/example_dags/example_latest_only.py took 0.055 seconds
[2023-09-19T13:44:47.268+0000] {processor.py:157} INFO - Started process (PID=1367) to work on /home/airflow/.local/lib/python3.8/site-packages/airflow/example_dags/example_latest_only.py
[2023-09-19T13:44:47.268+0000] {processor.py:829} INFO - Processing file /home/airflow/.local/lib/python3.8/site-packages/airflow/example_dags/example_latest_only.py for tasks to queue
[2023-09-19T13:44:47.269+0000] {logging_mixin.py:151} INFO - [2023-09-19T13:44:47.269+0000] {dagbag.py:539} INFO - Filling up the DagBag from /home/airflow/.local/lib/python3.8/site-packages/airflow/example_dags/example_latest_only.py
[2023-09-19T13:44:47.275+0000] {processor.py:839} INFO - DAG(s) dict_keys(['latest_only']) retrieved from /home/airflow/.local/lib/python3.8/site-packages/airflow/example_dags/example_latest_only.py
[2023-09-19T13:44:47.294+0000] {logging_mixin.py:151} INFO - [2023-09-19T13:44:47.294+0000] {dag.py:2915} INFO - Sync 1 DAGs
[2023-09-19T13:44:47.310+0000] {logging_mixin.py:151} INFO - [2023-09-19T13:44:47.310+0000] {dag.py:3696} INFO - Setting next_dagrun for latest_only to 2023-09-19T09:44:47.310380+00:00, run_after=2023-09-19T13:44:47.310380+00:00
[2023-09-19T13:44:47.331+0000] {processor.py:179} INFO - Processing /home/airflow/.local/lib/python3.8/site-packages/airflow/example_dags/example_latest_only.py took 0.066 seconds
[2023-09-19T13:45:17.853+0000] {processor.py:157} INFO - Started process (PID=1606) to work on /home/airflow/.local/lib/python3.8/site-packages/airflow/example_dags/example_latest_only.py
[2023-09-19T13:45:17.855+0000] {processor.py:829} INFO - Processing file /home/airflow/.local/lib/python3.8/site-packages/airflow/example_dags/example_latest_only.py for tasks to queue
[2023-09-19T13:45:17.856+0000] {logging_mixin.py:151} INFO - [2023-09-19T13:45:17.856+0000] {dagbag.py:539} INFO - Filling up the DagBag from /home/airflow/.local/lib/python3.8/site-packages/airflow/example_dags/example_latest_only.py
[2023-09-19T13:45:17.861+0000] {processor.py:839} INFO - DAG(s) dict_keys(['latest_only']) retrieved from /home/airflow/.local/lib/python3.8/site-packages/airflow/example_dags/example_latest_only.py
[2023-09-19T13:45:17.871+0000] {logging_mixin.py:151} INFO - [2023-09-19T13:45:17.870+0000] {dag.py:2915} INFO - Sync 1 DAGs
[2023-09-19T13:45:17.888+0000] {logging_mixin.py:151} INFO - [2023-09-19T13:45:17.888+0000] {dag.py:3696} INFO - Setting next_dagrun for latest_only to 2023-09-19T09:45:17.888295+00:00, run_after=2023-09-19T13:45:17.888295+00:00
[2023-09-19T13:45:17.911+0000] {processor.py:179} INFO - Processing /home/airflow/.local/lib/python3.8/site-packages/airflow/example_dags/example_latest_only.py took 0.062 seconds
[2023-09-19T13:45:48.379+0000] {processor.py:157} INFO - Started process (PID=1844) to work on /home/airflow/.local/lib/python3.8/site-packages/airflow/example_dags/example_latest_only.py
[2023-09-19T13:45:48.380+0000] {processor.py:829} INFO - Processing file /home/airflow/.local/lib/python3.8/site-packages/airflow/example_dags/example_latest_only.py for tasks to queue
[2023-09-19T13:45:48.380+0000] {logging_mixin.py:151} INFO - [2023-09-19T13:45:48.380+0000] {dagbag.py:539} INFO - Filling up the DagBag from /home/airflow/.local/lib/python3.8/site-packages/airflow/example_dags/example_latest_only.py
[2023-09-19T13:45:48.384+0000] {processor.py:839} INFO - DAG(s) dict_keys(['latest_only']) retrieved from /home/airflow/.local/lib/python3.8/site-packages/airflow/example_dags/example_latest_only.py
[2023-09-19T13:45:48.403+0000] {logging_mixin.py:151} INFO - [2023-09-19T13:45:48.402+0000] {dag.py:2915} INFO - Sync 1 DAGs
[2023-09-19T13:45:48.417+0000] {logging_mixin.py:151} INFO - [2023-09-19T13:45:48.417+0000] {dag.py:3696} INFO - Setting next_dagrun for latest_only to 2023-09-19T09:45:48.417469+00:00, run_after=2023-09-19T13:45:48.417469+00:00
[2023-09-19T13:45:48.433+0000] {processor.py:179} INFO - Processing /home/airflow/.local/lib/python3.8/site-packages/airflow/example_dags/example_latest_only.py took 0.056 seconds
[2023-09-19T13:46:18.780+0000] {processor.py:157} INFO - Started process (PID=2082) to work on /home/airflow/.local/lib/python3.8/site-packages/airflow/example_dags/example_latest_only.py
[2023-09-19T13:46:18.781+0000] {processor.py:829} INFO - Processing file /home/airflow/.local/lib/python3.8/site-packages/airflow/example_dags/example_latest_only.py for tasks to queue
[2023-09-19T13:46:18.782+0000] {logging_mixin.py:151} INFO - [2023-09-19T13:46:18.782+0000] {dagbag.py:539} INFO - Filling up the DagBag from /home/airflow/.local/lib/python3.8/site-packages/airflow/example_dags/example_latest_only.py
[2023-09-19T13:46:18.788+0000] {processor.py:839} INFO - DAG(s) dict_keys(['latest_only']) retrieved from /home/airflow/.local/lib/python3.8/site-packages/airflow/example_dags/example_latest_only.py
[2023-09-19T13:46:18.807+0000] {logging_mixin.py:151} INFO - [2023-09-19T13:46:18.807+0000] {dag.py:2915} INFO - Sync 1 DAGs
[2023-09-19T13:46:18.824+0000] {logging_mixin.py:151} INFO - [2023-09-19T13:46:18.823+0000] {dag.py:3696} INFO - Setting next_dagrun for latest_only to 2023-09-19T09:46:18.823681+00:00, run_after=2023-09-19T13:46:18.823681+00:00
[2023-09-19T13:46:18.843+0000] {processor.py:179} INFO - Processing /home/airflow/.local/lib/python3.8/site-packages/airflow/example_dags/example_latest_only.py took 0.067 seconds
[2023-09-19T13:46:49.344+0000] {processor.py:157} INFO - Started process (PID=2320) to work on /home/airflow/.local/lib/python3.8/site-packages/airflow/example_dags/example_latest_only.py
[2023-09-19T13:46:49.345+0000] {processor.py:829} INFO - Processing file /home/airflow/.local/lib/python3.8/site-packages/airflow/example_dags/example_latest_only.py for tasks to queue
[2023-09-19T13:46:49.346+0000] {logging_mixin.py:151} INFO - [2023-09-19T13:46:49.346+0000] {dagbag.py:539} INFO - Filling up the DagBag from /home/airflow/.local/lib/python3.8/site-packages/airflow/example_dags/example_latest_only.py
[2023-09-19T13:46:49.358+0000] {processor.py:839} INFO - DAG(s) dict_keys(['latest_only']) retrieved from /home/airflow/.local/lib/python3.8/site-packages/airflow/example_dags/example_latest_only.py
[2023-09-19T13:46:49.387+0000] {logging_mixin.py:151} INFO - [2023-09-19T13:46:49.386+0000] {dag.py:2915} INFO - Sync 1 DAGs
[2023-09-19T13:46:49.421+0000] {logging_mixin.py:151} INFO - [2023-09-19T13:46:49.420+0000] {dag.py:3696} INFO - Setting next_dagrun for latest_only to 2023-09-19T09:46:49.420244+00:00, run_after=2023-09-19T13:46:49.420244+00:00
[2023-09-19T13:46:49.448+0000] {processor.py:179} INFO - Processing /home/airflow/.local/lib/python3.8/site-packages/airflow/example_dags/example_latest_only.py took 0.108 seconds
[2023-09-19T13:47:19.633+0000] {processor.py:157} INFO - Started process (PID=2558) to work on /home/airflow/.local/lib/python3.8/site-packages/airflow/example_dags/example_latest_only.py
[2023-09-19T13:47:19.635+0000] {processor.py:829} INFO - Processing file /home/airflow/.local/lib/python3.8/site-packages/airflow/example_dags/example_latest_only.py for tasks to queue
[2023-09-19T13:47:19.636+0000] {logging_mixin.py:151} INFO - [2023-09-19T13:47:19.636+0000] {dagbag.py:539} INFO - Filling up the DagBag from /home/airflow/.local/lib/python3.8/site-packages/airflow/example_dags/example_latest_only.py
[2023-09-19T13:47:19.644+0000] {processor.py:839} INFO - DAG(s) dict_keys(['latest_only']) retrieved from /home/airflow/.local/lib/python3.8/site-packages/airflow/example_dags/example_latest_only.py
[2023-09-19T13:47:19.680+0000] {logging_mixin.py:151} INFO - [2023-09-19T13:47:19.679+0000] {dag.py:2915} INFO - Sync 1 DAGs
[2023-09-19T13:47:19.715+0000] {logging_mixin.py:151} INFO - [2023-09-19T13:47:19.715+0000] {dag.py:3696} INFO - Setting next_dagrun for latest_only to 2023-09-19T09:47:19.714680+00:00, run_after=2023-09-19T13:47:19.714680+00:00
[2023-09-19T13:47:19.783+0000] {processor.py:179} INFO - Processing /home/airflow/.local/lib/python3.8/site-packages/airflow/example_dags/example_latest_only.py took 0.154 seconds
[2023-09-19T13:47:49.996+0000] {processor.py:157} INFO - Started process (PID=2796) to work on /home/airflow/.local/lib/python3.8/site-packages/airflow/example_dags/example_latest_only.py
[2023-09-19T13:47:49.997+0000] {processor.py:829} INFO - Processing file /home/airflow/.local/lib/python3.8/site-packages/airflow/example_dags/example_latest_only.py for tasks to queue
[2023-09-19T13:47:49.998+0000] {logging_mixin.py:151} INFO - [2023-09-19T13:47:49.998+0000] {dagbag.py:539} INFO - Filling up the DagBag from /home/airflow/.local/lib/python3.8/site-packages/airflow/example_dags/example_latest_only.py
[2023-09-19T13:47:50.004+0000] {processor.py:839} INFO - DAG(s) dict_keys(['latest_only']) retrieved from /home/airflow/.local/lib/python3.8/site-packages/airflow/example_dags/example_latest_only.py
[2023-09-19T13:47:50.022+0000] {logging_mixin.py:151} INFO - [2023-09-19T13:47:50.022+0000] {dag.py:2915} INFO - Sync 1 DAGs
[2023-09-19T13:47:50.040+0000] {logging_mixin.py:151} INFO - [2023-09-19T13:47:50.040+0000] {dag.py:3696} INFO - Setting next_dagrun for latest_only to 2023-09-19T09:47:50.040441+00:00, run_after=2023-09-19T13:47:50.040441+00:00
[2023-09-19T13:47:50.060+0000] {processor.py:179} INFO - Processing /home/airflow/.local/lib/python3.8/site-packages/airflow/example_dags/example_latest_only.py took 0.067 seconds
[2023-09-19T13:48:20.442+0000] {processor.py:157} INFO - Started process (PID=3034) to work on /home/airflow/.local/lib/python3.8/site-packages/airflow/example_dags/example_latest_only.py
[2023-09-19T13:48:20.443+0000] {processor.py:829} INFO - Processing file /home/airflow/.local/lib/python3.8/site-packages/airflow/example_dags/example_latest_only.py for tasks to queue
[2023-09-19T13:48:20.444+0000] {logging_mixin.py:151} INFO - [2023-09-19T13:48:20.444+0000] {dagbag.py:539} INFO - Filling up the DagBag from /home/airflow/.local/lib/python3.8/site-packages/airflow/example_dags/example_latest_only.py
[2023-09-19T13:48:20.448+0000] {processor.py:839} INFO - DAG(s) dict_keys(['latest_only']) retrieved from /home/airflow/.local/lib/python3.8/site-packages/airflow/example_dags/example_latest_only.py
[2023-09-19T13:48:20.470+0000] {logging_mixin.py:151} INFO - [2023-09-19T13:48:20.470+0000] {dag.py:2915} INFO - Sync 1 DAGs
[2023-09-19T13:48:20.487+0000] {logging_mixin.py:151} INFO - [2023-09-19T13:48:20.487+0000] {dag.py:3696} INFO - Setting next_dagrun for latest_only to 2023-09-19T09:48:20.487390+00:00, run_after=2023-09-19T13:48:20.487390+00:00
[2023-09-19T13:48:20.507+0000] {processor.py:179} INFO - Processing /home/airflow/.local/lib/python3.8/site-packages/airflow/example_dags/example_latest_only.py took 0.067 seconds
[2023-09-19T13:48:50.857+0000] {processor.py:157} INFO - Started process (PID=3272) to work on /home/airflow/.local/lib/python3.8/site-packages/airflow/example_dags/example_latest_only.py
[2023-09-19T13:48:50.858+0000] {processor.py:829} INFO - Processing file /home/airflow/.local/lib/python3.8/site-packages/airflow/example_dags/example_latest_only.py for tasks to queue
[2023-09-19T13:48:50.859+0000] {logging_mixin.py:151} INFO - [2023-09-19T13:48:50.859+0000] {dagbag.py:539} INFO - Filling up the DagBag from /home/airflow/.local/lib/python3.8/site-packages/airflow/example_dags/example_latest_only.py
[2023-09-19T13:48:50.864+0000] {processor.py:839} INFO - DAG(s) dict_keys(['latest_only']) retrieved from /home/airflow/.local/lib/python3.8/site-packages/airflow/example_dags/example_latest_only.py
[2023-09-19T13:48:50.881+0000] {logging_mixin.py:151} INFO - [2023-09-19T13:48:50.881+0000] {dag.py:2915} INFO - Sync 1 DAGs
[2023-09-19T13:48:50.903+0000] {logging_mixin.py:151} INFO - [2023-09-19T13:48:50.903+0000] {dag.py:3696} INFO - Setting next_dagrun for latest_only to 2023-09-19T09:48:50.903084+00:00, run_after=2023-09-19T13:48:50.903084+00:00
[2023-09-19T13:48:50.924+0000] {processor.py:179} INFO - Processing /home/airflow/.local/lib/python3.8/site-packages/airflow/example_dags/example_latest_only.py took 0.069 seconds
[2023-09-19T13:49:21.351+0000] {processor.py:157} INFO - Started process (PID=3510) to work on /home/airflow/.local/lib/python3.8/site-packages/airflow/example_dags/example_latest_only.py
[2023-09-19T13:49:21.352+0000] {processor.py:829} INFO - Processing file /home/airflow/.local/lib/python3.8/site-packages/airflow/example_dags/example_latest_only.py for tasks to queue
[2023-09-19T13:49:21.353+0000] {logging_mixin.py:151} INFO - [2023-09-19T13:49:21.352+0000] {dagbag.py:539} INFO - Filling up the DagBag from /home/airflow/.local/lib/python3.8/site-packages/airflow/example_dags/example_latest_only.py
[2023-09-19T13:49:21.364+0000] {processor.py:839} INFO - DAG(s) dict_keys(['latest_only']) retrieved from /home/airflow/.local/lib/python3.8/site-packages/airflow/example_dags/example_latest_only.py
[2023-09-19T13:49:21.384+0000] {logging_mixin.py:151} INFO - [2023-09-19T13:49:21.383+0000] {dag.py:2915} INFO - Sync 1 DAGs
[2023-09-19T13:49:21.406+0000] {logging_mixin.py:151} INFO - [2023-09-19T13:49:21.406+0000] {dag.py:3696} INFO - Setting next_dagrun for latest_only to 2023-09-19T09:49:21.405826+00:00, run_after=2023-09-19T13:49:21.405826+00:00
[2023-09-19T13:49:21.428+0000] {processor.py:179} INFO - Processing /home/airflow/.local/lib/python3.8/site-packages/airflow/example_dags/example_latest_only.py took 0.081 seconds
[2023-09-19T13:49:52.043+0000] {processor.py:157} INFO - Started process (PID=3748) to work on /home/airflow/.local/lib/python3.8/site-packages/airflow/example_dags/example_latest_only.py
[2023-09-19T13:49:52.045+0000] {processor.py:829} INFO - Processing file /home/airflow/.local/lib/python3.8/site-packages/airflow/example_dags/example_latest_only.py for tasks to queue
[2023-09-19T13:49:52.045+0000] {logging_mixin.py:151} INFO - [2023-09-19T13:49:52.045+0000] {dagbag.py:539} INFO - Filling up the DagBag from /home/airflow/.local/lib/python3.8/site-packages/airflow/example_dags/example_latest_only.py
[2023-09-19T13:49:52.053+0000] {processor.py:839} INFO - DAG(s) dict_keys(['latest_only']) retrieved from /home/airflow/.local/lib/python3.8/site-packages/airflow/example_dags/example_latest_only.py
[2023-09-19T13:49:52.073+0000] {logging_mixin.py:151} INFO - [2023-09-19T13:49:52.073+0000] {dag.py:2915} INFO - Sync 1 DAGs
[2023-09-19T13:49:52.092+0000] {logging_mixin.py:151} INFO - [2023-09-19T13:49:52.092+0000] {dag.py:3696} INFO - Setting next_dagrun for latest_only to 2023-09-19T09:49:52.091970+00:00, run_after=2023-09-19T13:49:52.091970+00:00
[2023-09-19T13:49:52.116+0000] {processor.py:179} INFO - Processing /home/airflow/.local/lib/python3.8/site-packages/airflow/example_dags/example_latest_only.py took 0.075 seconds
[2023-09-19T13:50:22.604+0000] {processor.py:157} INFO - Started process (PID=3986) to work on /home/airflow/.local/lib/python3.8/site-packages/airflow/example_dags/example_latest_only.py
[2023-09-19T13:50:22.605+0000] {processor.py:829} INFO - Processing file /home/airflow/.local/lib/python3.8/site-packages/airflow/example_dags/example_latest_only.py for tasks to queue
[2023-09-19T13:50:22.606+0000] {logging_mixin.py:151} INFO - [2023-09-19T13:50:22.605+0000] {dagbag.py:539} INFO - Filling up the DagBag from /home/airflow/.local/lib/python3.8/site-packages/airflow/example_dags/example_latest_only.py
[2023-09-19T13:50:22.612+0000] {processor.py:839} INFO - DAG(s) dict_keys(['latest_only']) retrieved from /home/airflow/.local/lib/python3.8/site-packages/airflow/example_dags/example_latest_only.py
[2023-09-19T13:50:22.633+0000] {logging_mixin.py:151} INFO - [2023-09-19T13:50:22.633+0000] {dag.py:2915} INFO - Sync 1 DAGs
[2023-09-19T13:50:22.653+0000] {logging_mixin.py:151} INFO - [2023-09-19T13:50:22.653+0000] {dag.py:3696} INFO - Setting next_dagrun for latest_only to 2023-09-19T09:50:22.653172+00:00, run_after=2023-09-19T13:50:22.653172+00:00
[2023-09-19T13:50:22.672+0000] {processor.py:179} INFO - Processing /home/airflow/.local/lib/python3.8/site-packages/airflow/example_dags/example_latest_only.py took 0.071 seconds
[2023-09-19T13:50:53.079+0000] {processor.py:157} INFO - Started process (PID=4223) to work on /home/airflow/.local/lib/python3.8/site-packages/airflow/example_dags/example_latest_only.py
[2023-09-19T13:50:53.079+0000] {processor.py:829} INFO - Processing file /home/airflow/.local/lib/python3.8/site-packages/airflow/example_dags/example_latest_only.py for tasks to queue
[2023-09-19T13:50:53.080+0000] {logging_mixin.py:151} INFO - [2023-09-19T13:50:53.080+0000] {dagbag.py:539} INFO - Filling up the DagBag from /home/airflow/.local/lib/python3.8/site-packages/airflow/example_dags/example_latest_only.py
[2023-09-19T13:50:53.086+0000] {processor.py:839} INFO - DAG(s) dict_keys(['latest_only']) retrieved from /home/airflow/.local/lib/python3.8/site-packages/airflow/example_dags/example_latest_only.py
[2023-09-19T13:50:53.109+0000] {logging_mixin.py:151} INFO - [2023-09-19T13:50:53.109+0000] {dag.py:2915} INFO - Sync 1 DAGs
[2023-09-19T13:50:53.127+0000] {logging_mixin.py:151} INFO - [2023-09-19T13:50:53.127+0000] {dag.py:3696} INFO - Setting next_dagrun for latest_only to 2023-09-19T09:50:53.127392+00:00, run_after=2023-09-19T13:50:53.127392+00:00
[2023-09-19T13:50:53.144+0000] {processor.py:179} INFO - Processing /home/airflow/.local/lib/python3.8/site-packages/airflow/example_dags/example_latest_only.py took 0.068 seconds
[2023-09-19T13:51:23.518+0000] {processor.py:157} INFO - Started process (PID=4461) to work on /home/airflow/.local/lib/python3.8/site-packages/airflow/example_dags/example_latest_only.py
[2023-09-19T13:51:23.520+0000] {processor.py:829} INFO - Processing file /home/airflow/.local/lib/python3.8/site-packages/airflow/example_dags/example_latest_only.py for tasks to queue
[2023-09-19T13:51:23.521+0000] {logging_mixin.py:151} INFO - [2023-09-19T13:51:23.520+0000] {dagbag.py:539} INFO - Filling up the DagBag from /home/airflow/.local/lib/python3.8/site-packages/airflow/example_dags/example_latest_only.py
[2023-09-19T13:51:23.527+0000] {processor.py:839} INFO - DAG(s) dict_keys(['latest_only']) retrieved from /home/airflow/.local/lib/python3.8/site-packages/airflow/example_dags/example_latest_only.py
[2023-09-19T13:51:23.544+0000] {logging_mixin.py:151} INFO - [2023-09-19T13:51:23.544+0000] {dag.py:2915} INFO - Sync 1 DAGs
[2023-09-19T13:51:23.566+0000] {logging_mixin.py:151} INFO - [2023-09-19T13:51:23.566+0000] {dag.py:3696} INFO - Setting next_dagrun for latest_only to 2023-09-19T09:51:23.566119+00:00, run_after=2023-09-19T13:51:23.566119+00:00
[2023-09-19T13:51:23.584+0000] {processor.py:179} INFO - Processing /home/airflow/.local/lib/python3.8/site-packages/airflow/example_dags/example_latest_only.py took 0.069 seconds
[2023-09-19T13:51:54.006+0000] {processor.py:157} INFO - Started process (PID=4699) to work on /home/airflow/.local/lib/python3.8/site-packages/airflow/example_dags/example_latest_only.py
[2023-09-19T13:51:54.007+0000] {processor.py:829} INFO - Processing file /home/airflow/.local/lib/python3.8/site-packages/airflow/example_dags/example_latest_only.py for tasks to queue
[2023-09-19T13:51:54.007+0000] {logging_mixin.py:151} INFO - [2023-09-19T13:51:54.007+0000] {dagbag.py:539} INFO - Filling up the DagBag from /home/airflow/.local/lib/python3.8/site-packages/airflow/example_dags/example_latest_only.py
[2023-09-19T13:51:54.011+0000] {processor.py:839} INFO - DAG(s) dict_keys(['latest_only']) retrieved from /home/airflow/.local/lib/python3.8/site-packages/airflow/example_dags/example_latest_only.py
[2023-09-19T13:51:54.031+0000] {logging_mixin.py:151} INFO - [2023-09-19T13:51:54.030+0000] {dag.py:2915} INFO - Sync 1 DAGs
[2023-09-19T13:51:54.047+0000] {logging_mixin.py:151} INFO - [2023-09-19T13:51:54.046+0000] {dag.py:3696} INFO - Setting next_dagrun for latest_only to 2023-09-19T09:51:54.046756+00:00, run_after=2023-09-19T13:51:54.046756+00:00
[2023-09-19T13:51:54.064+0000] {processor.py:179} INFO - Processing /home/airflow/.local/lib/python3.8/site-packages/airflow/example_dags/example_latest_only.py took 0.060 seconds
[2023-09-19T13:52:24.173+0000] {processor.py:157} INFO - Started process (PID=4937) to work on /home/airflow/.local/lib/python3.8/site-packages/airflow/example_dags/example_latest_only.py
[2023-09-19T13:52:24.174+0000] {processor.py:829} INFO - Processing file /home/airflow/.local/lib/python3.8/site-packages/airflow/example_dags/example_latest_only.py for tasks to queue
[2023-09-19T13:52:24.174+0000] {logging_mixin.py:151} INFO - [2023-09-19T13:52:24.174+0000] {dagbag.py:539} INFO - Filling up the DagBag from /home/airflow/.local/lib/python3.8/site-packages/airflow/example_dags/example_latest_only.py
[2023-09-19T13:52:24.179+0000] {processor.py:839} INFO - DAG(s) dict_keys(['latest_only']) retrieved from /home/airflow/.local/lib/python3.8/site-packages/airflow/example_dags/example_latest_only.py
[2023-09-19T13:52:24.197+0000] {logging_mixin.py:151} INFO - [2023-09-19T13:52:24.196+0000] {dag.py:2915} INFO - Sync 1 DAGs
[2023-09-19T13:52:24.214+0000] {logging_mixin.py:151} INFO - [2023-09-19T13:52:24.214+0000] {dag.py:3696} INFO - Setting next_dagrun for latest_only to 2023-09-19T09:52:24.214420+00:00, run_after=2023-09-19T13:52:24.214420+00:00
[2023-09-19T13:52:24.236+0000] {processor.py:179} INFO - Processing /home/airflow/.local/lib/python3.8/site-packages/airflow/example_dags/example_latest_only.py took 0.066 seconds
[2023-09-19T13:52:54.453+0000] {processor.py:157} INFO - Started process (PID=5176) to work on /home/airflow/.local/lib/python3.8/site-packages/airflow/example_dags/example_latest_only.py
[2023-09-19T13:52:54.454+0000] {processor.py:829} INFO - Processing file /home/airflow/.local/lib/python3.8/site-packages/airflow/example_dags/example_latest_only.py for tasks to queue
[2023-09-19T13:52:54.455+0000] {logging_mixin.py:151} INFO - [2023-09-19T13:52:54.455+0000] {dagbag.py:539} INFO - Filling up the DagBag from /home/airflow/.local/lib/python3.8/site-packages/airflow/example_dags/example_latest_only.py
[2023-09-19T13:52:54.461+0000] {processor.py:839} INFO - DAG(s) dict_keys(['latest_only']) retrieved from /home/airflow/.local/lib/python3.8/site-packages/airflow/example_dags/example_latest_only.py
[2023-09-19T13:52:54.481+0000] {logging_mixin.py:151} INFO - [2023-09-19T13:52:54.481+0000] {dag.py:2915} INFO - Sync 1 DAGs
[2023-09-19T13:52:54.498+0000] {logging_mixin.py:151} INFO - [2023-09-19T13:52:54.498+0000] {dag.py:3696} INFO - Setting next_dagrun for latest_only to 2023-09-19T09:52:54.498599+00:00, run_after=2023-09-19T13:52:54.498599+00:00
[2023-09-19T13:52:54.514+0000] {processor.py:179} INFO - Processing /home/airflow/.local/lib/python3.8/site-packages/airflow/example_dags/example_latest_only.py took 0.063 seconds
[2023-09-19T13:53:24.715+0000] {processor.py:157} INFO - Started process (PID=5414) to work on /home/airflow/.local/lib/python3.8/site-packages/airflow/example_dags/example_latest_only.py
[2023-09-19T13:53:24.716+0000] {processor.py:829} INFO - Processing file /home/airflow/.local/lib/python3.8/site-packages/airflow/example_dags/example_latest_only.py for tasks to queue
[2023-09-19T13:53:24.717+0000] {logging_mixin.py:151} INFO - [2023-09-19T13:53:24.717+0000] {dagbag.py:539} INFO - Filling up the DagBag from /home/airflow/.local/lib/python3.8/site-packages/airflow/example_dags/example_latest_only.py
[2023-09-19T13:53:24.721+0000] {processor.py:839} INFO - DAG(s) dict_keys(['latest_only']) retrieved from /home/airflow/.local/lib/python3.8/site-packages/airflow/example_dags/example_latest_only.py
[2023-09-19T13:53:24.740+0000] {logging_mixin.py:151} INFO - [2023-09-19T13:53:24.739+0000] {dag.py:2915} INFO - Sync 1 DAGs
[2023-09-19T13:53:24.757+0000] {logging_mixin.py:151} INFO - [2023-09-19T13:53:24.757+0000] {dag.py:3696} INFO - Setting next_dagrun for latest_only to 2023-09-19T09:53:24.757304+00:00, run_after=2023-09-19T13:53:24.757304+00:00
[2023-09-19T13:53:24.773+0000] {processor.py:179} INFO - Processing /home/airflow/.local/lib/python3.8/site-packages/airflow/example_dags/example_latest_only.py took 0.060 seconds
[2023-09-19T13:53:54.992+0000] {processor.py:157} INFO - Started process (PID=5652) to work on /home/airflow/.local/lib/python3.8/site-packages/airflow/example_dags/example_latest_only.py
[2023-09-19T13:53:54.993+0000] {processor.py:829} INFO - Processing file /home/airflow/.local/lib/python3.8/site-packages/airflow/example_dags/example_latest_only.py for tasks to queue
[2023-09-19T13:53:54.993+0000] {logging_mixin.py:151} INFO - [2023-09-19T13:53:54.993+0000] {dagbag.py:539} INFO - Filling up the DagBag from /home/airflow/.local/lib/python3.8/site-packages/airflow/example_dags/example_latest_only.py
[2023-09-19T13:53:55.000+0000] {processor.py:839} INFO - DAG(s) dict_keys(['latest_only']) retrieved from /home/airflow/.local/lib/python3.8/site-packages/airflow/example_dags/example_latest_only.py
[2023-09-19T13:53:55.018+0000] {logging_mixin.py:151} INFO - [2023-09-19T13:53:55.017+0000] {dag.py:2915} INFO - Sync 1 DAGs
[2023-09-19T13:53:55.034+0000] {logging_mixin.py:151} INFO - [2023-09-19T13:53:55.034+0000] {dag.py:3696} INFO - Setting next_dagrun for latest_only to 2023-09-19T09:53:55.034280+00:00, run_after=2023-09-19T13:53:55.034280+00:00
[2023-09-19T13:53:55.053+0000] {processor.py:179} INFO - Processing /home/airflow/.local/lib/python3.8/site-packages/airflow/example_dags/example_latest_only.py took 0.063 seconds
[2023-09-19T13:54:25.379+0000] {processor.py:157} INFO - Started process (PID=5890) to work on /home/airflow/.local/lib/python3.8/site-packages/airflow/example_dags/example_latest_only.py
[2023-09-19T13:54:25.380+0000] {processor.py:829} INFO - Processing file /home/airflow/.local/lib/python3.8/site-packages/airflow/example_dags/example_latest_only.py for tasks to queue
[2023-09-19T13:54:25.381+0000] {logging_mixin.py:151} INFO - [2023-09-19T13:54:25.381+0000] {dagbag.py:539} INFO - Filling up the DagBag from /home/airflow/.local/lib/python3.8/site-packages/airflow/example_dags/example_latest_only.py
[2023-09-19T13:54:25.385+0000] {processor.py:839} INFO - DAG(s) dict_keys(['latest_only']) retrieved from /home/airflow/.local/lib/python3.8/site-packages/airflow/example_dags/example_latest_only.py
[2023-09-19T13:54:25.402+0000] {logging_mixin.py:151} INFO - [2023-09-19T13:54:25.401+0000] {dag.py:2915} INFO - Sync 1 DAGs
[2023-09-19T13:54:25.417+0000] {logging_mixin.py:151} INFO - [2023-09-19T13:54:25.417+0000] {dag.py:3696} INFO - Setting next_dagrun for latest_only to 2023-09-19T09:54:25.417091+00:00, run_after=2023-09-19T13:54:25.417091+00:00
[2023-09-19T13:54:25.436+0000] {processor.py:179} INFO - Processing /home/airflow/.local/lib/python3.8/site-packages/airflow/example_dags/example_latest_only.py took 0.059 seconds
[2023-09-19T13:54:55.802+0000] {processor.py:157} INFO - Started process (PID=6128) to work on /home/airflow/.local/lib/python3.8/site-packages/airflow/example_dags/example_latest_only.py
[2023-09-19T13:54:55.803+0000] {processor.py:829} INFO - Processing file /home/airflow/.local/lib/python3.8/site-packages/airflow/example_dags/example_latest_only.py for tasks to queue
[2023-09-19T13:54:55.804+0000] {logging_mixin.py:151} INFO - [2023-09-19T13:54:55.803+0000] {dagbag.py:539} INFO - Filling up the DagBag from /home/airflow/.local/lib/python3.8/site-packages/airflow/example_dags/example_latest_only.py
[2023-09-19T13:54:55.808+0000] {processor.py:839} INFO - DAG(s) dict_keys(['latest_only']) retrieved from /home/airflow/.local/lib/python3.8/site-packages/airflow/example_dags/example_latest_only.py
[2023-09-19T13:54:55.826+0000] {logging_mixin.py:151} INFO - [2023-09-19T13:54:55.825+0000] {dag.py:2915} INFO - Sync 1 DAGs
[2023-09-19T13:54:55.846+0000] {logging_mixin.py:151} INFO - [2023-09-19T13:54:55.846+0000] {dag.py:3696} INFO - Setting next_dagrun for latest_only to 2023-09-19T09:54:55.845713+00:00, run_after=2023-09-19T13:54:55.845713+00:00
[2023-09-19T13:54:55.865+0000] {processor.py:179} INFO - Processing /home/airflow/.local/lib/python3.8/site-packages/airflow/example_dags/example_latest_only.py took 0.066 seconds
[2023-09-19T13:55:26.090+0000] {processor.py:157} INFO - Started process (PID=6366) to work on /home/airflow/.local/lib/python3.8/site-packages/airflow/example_dags/example_latest_only.py
[2023-09-19T13:55:26.091+0000] {processor.py:829} INFO - Processing file /home/airflow/.local/lib/python3.8/site-packages/airflow/example_dags/example_latest_only.py for tasks to queue
[2023-09-19T13:55:26.092+0000] {logging_mixin.py:151} INFO - [2023-09-19T13:55:26.091+0000] {dagbag.py:539} INFO - Filling up the DagBag from /home/airflow/.local/lib/python3.8/site-packages/airflow/example_dags/example_latest_only.py
[2023-09-19T13:55:26.096+0000] {processor.py:839} INFO - DAG(s) dict_keys(['latest_only']) retrieved from /home/airflow/.local/lib/python3.8/site-packages/airflow/example_dags/example_latest_only.py
[2023-09-19T13:55:26.115+0000] {logging_mixin.py:151} INFO - [2023-09-19T13:55:26.115+0000] {dag.py:2915} INFO - Sync 1 DAGs
[2023-09-19T13:55:26.132+0000] {logging_mixin.py:151} INFO - [2023-09-19T13:55:26.132+0000] {dag.py:3696} INFO - Setting next_dagrun for latest_only to 2023-09-19T09:55:26.131884+00:00, run_after=2023-09-19T13:55:26.131884+00:00
[2023-09-19T13:55:26.152+0000] {processor.py:179} INFO - Processing /home/airflow/.local/lib/python3.8/site-packages/airflow/example_dags/example_latest_only.py took 0.064 seconds
[2023-09-19T13:55:56.221+0000] {processor.py:157} INFO - Started process (PID=6604) to work on /home/airflow/.local/lib/python3.8/site-packages/airflow/example_dags/example_latest_only.py
[2023-09-19T13:55:56.222+0000] {processor.py:829} INFO - Processing file /home/airflow/.local/lib/python3.8/site-packages/airflow/example_dags/example_latest_only.py for tasks to queue
[2023-09-19T13:55:56.223+0000] {logging_mixin.py:151} INFO - [2023-09-19T13:55:56.222+0000] {dagbag.py:539} INFO - Filling up the DagBag from /home/airflow/.local/lib/python3.8/site-packages/airflow/example_dags/example_latest_only.py
[2023-09-19T13:55:56.227+0000] {processor.py:839} INFO - DAG(s) dict_keys(['latest_only']) retrieved from /home/airflow/.local/lib/python3.8/site-packages/airflow/example_dags/example_latest_only.py
[2023-09-19T13:55:56.247+0000] {logging_mixin.py:151} INFO - [2023-09-19T13:55:56.247+0000] {dag.py:2915} INFO - Sync 1 DAGs
[2023-09-19T13:55:56.264+0000] {logging_mixin.py:151} INFO - [2023-09-19T13:55:56.264+0000] {dag.py:3696} INFO - Setting next_dagrun for latest_only to 2023-09-19T09:55:56.264038+00:00, run_after=2023-09-19T13:55:56.264038+00:00
[2023-09-19T13:55:56.281+0000] {processor.py:179} INFO - Processing /home/airflow/.local/lib/python3.8/site-packages/airflow/example_dags/example_latest_only.py took 0.062 seconds
[2023-09-19T13:56:26.406+0000] {processor.py:157} INFO - Started process (PID=6842) to work on /home/airflow/.local/lib/python3.8/site-packages/airflow/example_dags/example_latest_only.py
[2023-09-19T13:56:26.408+0000] {processor.py:829} INFO - Processing file /home/airflow/.local/lib/python3.8/site-packages/airflow/example_dags/example_latest_only.py for tasks to queue
[2023-09-19T13:56:26.408+0000] {logging_mixin.py:151} INFO - [2023-09-19T13:56:26.408+0000] {dagbag.py:539} INFO - Filling up the DagBag from /home/airflow/.local/lib/python3.8/site-packages/airflow/example_dags/example_latest_only.py
[2023-09-19T13:56:26.413+0000] {processor.py:839} INFO - DAG(s) dict_keys(['latest_only']) retrieved from /home/airflow/.local/lib/python3.8/site-packages/airflow/example_dags/example_latest_only.py
[2023-09-19T13:56:26.428+0000] {logging_mixin.py:151} INFO - [2023-09-19T13:56:26.428+0000] {dag.py:2915} INFO - Sync 1 DAGs
[2023-09-19T13:56:26.443+0000] {logging_mixin.py:151} INFO - [2023-09-19T13:56:26.443+0000] {dag.py:3696} INFO - Setting next_dagrun for latest_only to 2023-09-19T09:56:26.443171+00:00, run_after=2023-09-19T13:56:26.443171+00:00
[2023-09-19T13:56:26.460+0000] {processor.py:179} INFO - Processing /home/airflow/.local/lib/python3.8/site-packages/airflow/example_dags/example_latest_only.py took 0.059 seconds
[2023-09-19T13:56:56.696+0000] {processor.py:157} INFO - Started process (PID=7080) to work on /home/airflow/.local/lib/python3.8/site-packages/airflow/example_dags/example_latest_only.py
[2023-09-19T13:56:56.698+0000] {processor.py:829} INFO - Processing file /home/airflow/.local/lib/python3.8/site-packages/airflow/example_dags/example_latest_only.py for tasks to queue
[2023-09-19T13:56:56.698+0000] {logging_mixin.py:151} INFO - [2023-09-19T13:56:56.698+0000] {dagbag.py:539} INFO - Filling up the DagBag from /home/airflow/.local/lib/python3.8/site-packages/airflow/example_dags/example_latest_only.py
[2023-09-19T13:56:56.702+0000] {processor.py:839} INFO - DAG(s) dict_keys(['latest_only']) retrieved from /home/airflow/.local/lib/python3.8/site-packages/airflow/example_dags/example_latest_only.py
[2023-09-19T13:56:56.719+0000] {logging_mixin.py:151} INFO - [2023-09-19T13:56:56.718+0000] {dag.py:2915} INFO - Sync 1 DAGs
[2023-09-19T13:56:56.735+0000] {logging_mixin.py:151} INFO - [2023-09-19T13:56:56.735+0000] {dag.py:3696} INFO - Setting next_dagrun for latest_only to 2023-09-19T09:56:56.735525+00:00, run_after=2023-09-19T13:56:56.735525+00:00
[2023-09-19T13:56:56.757+0000] {processor.py:179} INFO - Processing /home/airflow/.local/lib/python3.8/site-packages/airflow/example_dags/example_latest_only.py took 0.063 seconds
[2023-09-19T13:57:27.062+0000] {processor.py:157} INFO - Started process (PID=7318) to work on /home/airflow/.local/lib/python3.8/site-packages/airflow/example_dags/example_latest_only.py
[2023-09-19T13:57:27.063+0000] {processor.py:829} INFO - Processing file /home/airflow/.local/lib/python3.8/site-packages/airflow/example_dags/example_latest_only.py for tasks to queue
[2023-09-19T13:57:27.063+0000] {logging_mixin.py:151} INFO - [2023-09-19T13:57:27.063+0000] {dagbag.py:539} INFO - Filling up the DagBag from /home/airflow/.local/lib/python3.8/site-packages/airflow/example_dags/example_latest_only.py
[2023-09-19T13:57:27.069+0000] {processor.py:839} INFO - DAG(s) dict_keys(['latest_only']) retrieved from /home/airflow/.local/lib/python3.8/site-packages/airflow/example_dags/example_latest_only.py
[2023-09-19T13:57:27.090+0000] {logging_mixin.py:151} INFO - [2023-09-19T13:57:27.090+0000] {dag.py:2915} INFO - Sync 1 DAGs
[2023-09-19T13:57:27.122+0000] {logging_mixin.py:151} INFO - [2023-09-19T13:57:27.122+0000] {dag.py:3696} INFO - Setting next_dagrun for latest_only to 2023-09-19T09:57:27.121902+00:00, run_after=2023-09-19T13:57:27.121902+00:00
[2023-09-19T13:57:27.143+0000] {processor.py:179} INFO - Processing /home/airflow/.local/lib/python3.8/site-packages/airflow/example_dags/example_latest_only.py took 0.084 seconds
[2023-09-19T13:57:57.425+0000] {processor.py:157} INFO - Started process (PID=7557) to work on /home/airflow/.local/lib/python3.8/site-packages/airflow/example_dags/example_latest_only.py
[2023-09-19T13:57:57.426+0000] {processor.py:829} INFO - Processing file /home/airflow/.local/lib/python3.8/site-packages/airflow/example_dags/example_latest_only.py for tasks to queue
[2023-09-19T13:57:57.426+0000] {logging_mixin.py:151} INFO - [2023-09-19T13:57:57.426+0000] {dagbag.py:539} INFO - Filling up the DagBag from /home/airflow/.local/lib/python3.8/site-packages/airflow/example_dags/example_latest_only.py
[2023-09-19T13:57:57.431+0000] {processor.py:839} INFO - DAG(s) dict_keys(['latest_only']) retrieved from /home/airflow/.local/lib/python3.8/site-packages/airflow/example_dags/example_latest_only.py
[2023-09-19T13:57:57.446+0000] {logging_mixin.py:151} INFO - [2023-09-19T13:57:57.446+0000] {dag.py:2915} INFO - Sync 1 DAGs
[2023-09-19T13:57:57.468+0000] {logging_mixin.py:151} INFO - [2023-09-19T13:57:57.467+0000] {dag.py:3696} INFO - Setting next_dagrun for latest_only to 2023-09-19T09:57:57.467684+00:00, run_after=2023-09-19T13:57:57.467684+00:00
[2023-09-19T13:57:57.484+0000] {processor.py:179} INFO - Processing /home/airflow/.local/lib/python3.8/site-packages/airflow/example_dags/example_latest_only.py took 0.062 seconds
[2023-09-19T13:58:27.819+0000] {processor.py:157} INFO - Started process (PID=7795) to work on /home/airflow/.local/lib/python3.8/site-packages/airflow/example_dags/example_latest_only.py
[2023-09-19T13:58:27.819+0000] {processor.py:829} INFO - Processing file /home/airflow/.local/lib/python3.8/site-packages/airflow/example_dags/example_latest_only.py for tasks to queue
[2023-09-19T13:58:27.820+0000] {logging_mixin.py:151} INFO - [2023-09-19T13:58:27.820+0000] {dagbag.py:539} INFO - Filling up the DagBag from /home/airflow/.local/lib/python3.8/site-packages/airflow/example_dags/example_latest_only.py
[2023-09-19T13:58:27.825+0000] {processor.py:839} INFO - DAG(s) dict_keys(['latest_only']) retrieved from /home/airflow/.local/lib/python3.8/site-packages/airflow/example_dags/example_latest_only.py
[2023-09-19T13:58:27.841+0000] {logging_mixin.py:151} INFO - [2023-09-19T13:58:27.841+0000] {dag.py:2915} INFO - Sync 1 DAGs
[2023-09-19T13:58:27.857+0000] {logging_mixin.py:151} INFO - [2023-09-19T13:58:27.857+0000] {dag.py:3696} INFO - Setting next_dagrun for latest_only to 2023-09-19T09:58:27.856865+00:00, run_after=2023-09-19T13:58:27.856865+00:00
[2023-09-19T13:58:27.876+0000] {processor.py:179} INFO - Processing /home/airflow/.local/lib/python3.8/site-packages/airflow/example_dags/example_latest_only.py took 0.060 seconds
[2023-09-19T13:58:57.935+0000] {processor.py:157} INFO - Started process (PID=8033) to work on /home/airflow/.local/lib/python3.8/site-packages/airflow/example_dags/example_latest_only.py
[2023-09-19T13:58:57.936+0000] {processor.py:829} INFO - Processing file /home/airflow/.local/lib/python3.8/site-packages/airflow/example_dags/example_latest_only.py for tasks to queue
[2023-09-19T13:58:57.937+0000] {logging_mixin.py:151} INFO - [2023-09-19T13:58:57.937+0000] {dagbag.py:539} INFO - Filling up the DagBag from /home/airflow/.local/lib/python3.8/site-packages/airflow/example_dags/example_latest_only.py
[2023-09-19T13:58:57.942+0000] {processor.py:839} INFO - DAG(s) dict_keys(['latest_only']) retrieved from /home/airflow/.local/lib/python3.8/site-packages/airflow/example_dags/example_latest_only.py
[2023-09-19T13:58:57.958+0000] {logging_mixin.py:151} INFO - [2023-09-19T13:58:57.957+0000] {dag.py:2915} INFO - Sync 1 DAGs
[2023-09-19T13:58:57.974+0000] {logging_mixin.py:151} INFO - [2023-09-19T13:58:57.974+0000] {dag.py:3696} INFO - Setting next_dagrun for latest_only to 2023-09-19T09:58:57.973876+00:00, run_after=2023-09-19T13:58:57.973876+00:00
[2023-09-19T13:58:57.993+0000] {processor.py:179} INFO - Processing /home/airflow/.local/lib/python3.8/site-packages/airflow/example_dags/example_latest_only.py took 0.060 seconds
[2023-09-19T13:59:28.167+0000] {processor.py:157} INFO - Started process (PID=8271) to work on /home/airflow/.local/lib/python3.8/site-packages/airflow/example_dags/example_latest_only.py
[2023-09-19T13:59:28.169+0000] {processor.py:829} INFO - Processing file /home/airflow/.local/lib/python3.8/site-packages/airflow/example_dags/example_latest_only.py for tasks to queue
[2023-09-19T13:59:28.170+0000] {logging_mixin.py:151} INFO - [2023-09-19T13:59:28.170+0000] {dagbag.py:539} INFO - Filling up the DagBag from /home/airflow/.local/lib/python3.8/site-packages/airflow/example_dags/example_latest_only.py
[2023-09-19T13:59:28.174+0000] {processor.py:839} INFO - DAG(s) dict_keys(['latest_only']) retrieved from /home/airflow/.local/lib/python3.8/site-packages/airflow/example_dags/example_latest_only.py
[2023-09-19T13:59:28.194+0000] {logging_mixin.py:151} INFO - [2023-09-19T13:59:28.194+0000] {dag.py:2915} INFO - Sync 1 DAGs
[2023-09-19T13:59:28.211+0000] {logging_mixin.py:151} INFO - [2023-09-19T13:59:28.211+0000] {dag.py:3696} INFO - Setting next_dagrun for latest_only to 2023-09-19T09:59:28.211277+00:00, run_after=2023-09-19T13:59:28.211277+00:00
[2023-09-19T13:59:28.225+0000] {processor.py:179} INFO - Processing /home/airflow/.local/lib/python3.8/site-packages/airflow/example_dags/example_latest_only.py took 0.061 seconds
