[2023-09-19T13:42:09.891+0000] {processor.py:157} INFO - Started process (PID=335) to work on /home/airflow/.local/lib/python3.8/site-packages/airflow/example_dags/example_params_trigger_ui.py
[2023-09-19T13:42:09.891+0000] {processor.py:829} INFO - Processing file /home/airflow/.local/lib/python3.8/site-packages/airflow/example_dags/example_params_trigger_ui.py for tasks to queue
[2023-09-19T13:42:09.892+0000] {logging_mixin.py:151} INFO - [2023-09-19T13:42:09.892+0000] {dagbag.py:539} INFO - Filling up the DagBag from /home/airflow/.local/lib/python3.8/site-packages/airflow/example_dags/example_params_trigger_ui.py
[2023-09-19T13:42:09.908+0000] {processor.py:839} INFO - DAG(s) dict_keys(['example_params_trigger_ui']) retrieved from /home/airflow/.local/lib/python3.8/site-packages/airflow/example_dags/example_params_trigger_ui.py
[2023-09-19T13:42:09.962+0000] {logging_mixin.py:151} INFO - [2023-09-19T13:42:09.962+0000] {dag.py:2915} INFO - Sync 1 DAGs
[2023-09-19T13:42:09.974+0000] {logging_mixin.py:151} INFO - [2023-09-19T13:42:09.974+0000] {dag.py:3696} INFO - Setting next_dagrun for example_params_trigger_ui to None, run_after=None
[2023-09-19T13:42:09.993+0000] {processor.py:179} INFO - Processing /home/airflow/.local/lib/python3.8/site-packages/airflow/example_dags/example_params_trigger_ui.py took 0.105 seconds
[2023-09-19T13:42:48.042+0000] {processor.py:157} INFO - Started process (PID=573) to work on /home/airflow/.local/lib/python3.8/site-packages/airflow/example_dags/example_params_trigger_ui.py
[2023-09-19T13:42:48.043+0000] {processor.py:829} INFO - Processing file /home/airflow/.local/lib/python3.8/site-packages/airflow/example_dags/example_params_trigger_ui.py for tasks to queue
[2023-09-19T13:42:48.043+0000] {logging_mixin.py:151} INFO - [2023-09-19T13:42:48.043+0000] {dagbag.py:539} INFO - Filling up the DagBag from /home/airflow/.local/lib/python3.8/site-packages/airflow/example_dags/example_params_trigger_ui.py
[2023-09-19T13:42:48.055+0000] {processor.py:839} INFO - DAG(s) dict_keys(['example_params_trigger_ui']) retrieved from /home/airflow/.local/lib/python3.8/site-packages/airflow/example_dags/example_params_trigger_ui.py
[2023-09-19T13:42:48.103+0000] {logging_mixin.py:151} INFO - [2023-09-19T13:42:48.103+0000] {dag.py:2915} INFO - Sync 1 DAGs
[2023-09-19T13:42:48.293+0000] {logging_mixin.py:151} INFO - [2023-09-19T13:42:48.293+0000] {dag.py:3696} INFO - Setting next_dagrun for example_params_trigger_ui to None, run_after=None
[2023-09-19T13:42:48.312+0000] {processor.py:179} INFO - Processing /home/airflow/.local/lib/python3.8/site-packages/airflow/example_dags/example_params_trigger_ui.py took 0.273 seconds
[2023-09-19T13:43:19.081+0000] {processor.py:157} INFO - Started process (PID=813) to work on /home/airflow/.local/lib/python3.8/site-packages/airflow/example_dags/example_params_trigger_ui.py
[2023-09-19T13:43:19.081+0000] {processor.py:829} INFO - Processing file /home/airflow/.local/lib/python3.8/site-packages/airflow/example_dags/example_params_trigger_ui.py for tasks to queue
[2023-09-19T13:43:19.082+0000] {logging_mixin.py:151} INFO - [2023-09-19T13:43:19.082+0000] {dagbag.py:539} INFO - Filling up the DagBag from /home/airflow/.local/lib/python3.8/site-packages/airflow/example_dags/example_params_trigger_ui.py
[2023-09-19T13:43:19.093+0000] {processor.py:839} INFO - DAG(s) dict_keys(['example_params_trigger_ui']) retrieved from /home/airflow/.local/lib/python3.8/site-packages/airflow/example_dags/example_params_trigger_ui.py
[2023-09-19T13:43:19.128+0000] {logging_mixin.py:151} INFO - [2023-09-19T13:43:19.128+0000] {dag.py:2915} INFO - Sync 1 DAGs
[2023-09-19T13:43:19.137+0000] {logging_mixin.py:151} INFO - [2023-09-19T13:43:19.137+0000] {dag.py:3696} INFO - Setting next_dagrun for example_params_trigger_ui to None, run_after=None
[2023-09-19T13:43:19.152+0000] {processor.py:179} INFO - Processing /home/airflow/.local/lib/python3.8/site-packages/airflow/example_dags/example_params_trigger_ui.py took 0.074 seconds
[2023-09-19T13:43:49.276+0000] {processor.py:157} INFO - Started process (PID=1049) to work on /home/airflow/.local/lib/python3.8/site-packages/airflow/example_dags/example_params_trigger_ui.py
[2023-09-19T13:43:49.277+0000] {processor.py:829} INFO - Processing file /home/airflow/.local/lib/python3.8/site-packages/airflow/example_dags/example_params_trigger_ui.py for tasks to queue
[2023-09-19T13:43:49.277+0000] {logging_mixin.py:151} INFO - [2023-09-19T13:43:49.277+0000] {dagbag.py:539} INFO - Filling up the DagBag from /home/airflow/.local/lib/python3.8/site-packages/airflow/example_dags/example_params_trigger_ui.py
[2023-09-19T13:43:49.287+0000] {processor.py:839} INFO - DAG(s) dict_keys(['example_params_trigger_ui']) retrieved from /home/airflow/.local/lib/python3.8/site-packages/airflow/example_dags/example_params_trigger_ui.py
[2023-09-19T13:43:49.321+0000] {logging_mixin.py:151} INFO - [2023-09-19T13:43:49.321+0000] {dag.py:2915} INFO - Sync 1 DAGs
[2023-09-19T13:43:49.329+0000] {logging_mixin.py:151} INFO - [2023-09-19T13:43:49.329+0000] {dag.py:3696} INFO - Setting next_dagrun for example_params_trigger_ui to None, run_after=None
[2023-09-19T13:43:49.343+0000] {processor.py:179} INFO - Processing /home/airflow/.local/lib/python3.8/site-packages/airflow/example_dags/example_params_trigger_ui.py took 0.069 seconds
[2023-09-19T13:44:19.586+0000] {processor.py:157} INFO - Started process (PID=1287) to work on /home/airflow/.local/lib/python3.8/site-packages/airflow/example_dags/example_params_trigger_ui.py
[2023-09-19T13:44:19.586+0000] {processor.py:829} INFO - Processing file /home/airflow/.local/lib/python3.8/site-packages/airflow/example_dags/example_params_trigger_ui.py for tasks to queue
[2023-09-19T13:44:19.587+0000] {logging_mixin.py:151} INFO - [2023-09-19T13:44:19.587+0000] {dagbag.py:539} INFO - Filling up the DagBag from /home/airflow/.local/lib/python3.8/site-packages/airflow/example_dags/example_params_trigger_ui.py
[2023-09-19T13:44:19.599+0000] {processor.py:839} INFO - DAG(s) dict_keys(['example_params_trigger_ui']) retrieved from /home/airflow/.local/lib/python3.8/site-packages/airflow/example_dags/example_params_trigger_ui.py
[2023-09-19T13:44:19.636+0000] {logging_mixin.py:151} INFO - [2023-09-19T13:44:19.635+0000] {dag.py:2915} INFO - Sync 1 DAGs
[2023-09-19T13:44:19.646+0000] {logging_mixin.py:151} INFO - [2023-09-19T13:44:19.645+0000] {dag.py:3696} INFO - Setting next_dagrun for example_params_trigger_ui to None, run_after=None
[2023-09-19T13:44:19.665+0000] {processor.py:179} INFO - Processing /home/airflow/.local/lib/python3.8/site-packages/airflow/example_dags/example_params_trigger_ui.py took 0.081 seconds
[2023-09-19T13:44:50.092+0000] {processor.py:157} INFO - Started process (PID=1525) to work on /home/airflow/.local/lib/python3.8/site-packages/airflow/example_dags/example_params_trigger_ui.py
[2023-09-19T13:44:50.093+0000] {processor.py:829} INFO - Processing file /home/airflow/.local/lib/python3.8/site-packages/airflow/example_dags/example_params_trigger_ui.py for tasks to queue
[2023-09-19T13:44:50.094+0000] {logging_mixin.py:151} INFO - [2023-09-19T13:44:50.094+0000] {dagbag.py:539} INFO - Filling up the DagBag from /home/airflow/.local/lib/python3.8/site-packages/airflow/example_dags/example_params_trigger_ui.py
[2023-09-19T13:44:50.105+0000] {processor.py:839} INFO - DAG(s) dict_keys(['example_params_trigger_ui']) retrieved from /home/airflow/.local/lib/python3.8/site-packages/airflow/example_dags/example_params_trigger_ui.py
[2023-09-19T13:44:50.144+0000] {logging_mixin.py:151} INFO - [2023-09-19T13:44:50.143+0000] {dag.py:2915} INFO - Sync 1 DAGs
[2023-09-19T13:44:50.153+0000] {logging_mixin.py:151} INFO - [2023-09-19T13:44:50.153+0000] {dag.py:3696} INFO - Setting next_dagrun for example_params_trigger_ui to None, run_after=None
[2023-09-19T13:44:50.171+0000] {processor.py:179} INFO - Processing /home/airflow/.local/lib/python3.8/site-packages/airflow/example_dags/example_params_trigger_ui.py took 0.080 seconds
[2023-09-19T13:45:20.561+0000] {processor.py:157} INFO - Started process (PID=1764) to work on /home/airflow/.local/lib/python3.8/site-packages/airflow/example_dags/example_params_trigger_ui.py
[2023-09-19T13:45:20.566+0000] {processor.py:829} INFO - Processing file /home/airflow/.local/lib/python3.8/site-packages/airflow/example_dags/example_params_trigger_ui.py for tasks to queue
[2023-09-19T13:45:20.567+0000] {logging_mixin.py:151} INFO - [2023-09-19T13:45:20.567+0000] {dagbag.py:539} INFO - Filling up the DagBag from /home/airflow/.local/lib/python3.8/site-packages/airflow/example_dags/example_params_trigger_ui.py
[2023-09-19T13:45:20.579+0000] {processor.py:839} INFO - DAG(s) dict_keys(['example_params_trigger_ui']) retrieved from /home/airflow/.local/lib/python3.8/site-packages/airflow/example_dags/example_params_trigger_ui.py
[2023-09-19T13:45:20.592+0000] {logging_mixin.py:151} INFO - [2023-09-19T13:45:20.592+0000] {dag.py:2915} INFO - Sync 1 DAGs
[2023-09-19T13:45:20.603+0000] {logging_mixin.py:151} INFO - [2023-09-19T13:45:20.603+0000] {dag.py:3696} INFO - Setting next_dagrun for example_params_trigger_ui to None, run_after=None
[2023-09-19T13:45:20.626+0000] {processor.py:179} INFO - Processing /home/airflow/.local/lib/python3.8/site-packages/airflow/example_dags/example_params_trigger_ui.py took 0.067 seconds
[2023-09-19T13:45:50.928+0000] {processor.py:157} INFO - Started process (PID=2002) to work on /home/airflow/.local/lib/python3.8/site-packages/airflow/example_dags/example_params_trigger_ui.py
[2023-09-19T13:45:50.929+0000] {processor.py:829} INFO - Processing file /home/airflow/.local/lib/python3.8/site-packages/airflow/example_dags/example_params_trigger_ui.py for tasks to queue
[2023-09-19T13:45:50.930+0000] {logging_mixin.py:151} INFO - [2023-09-19T13:45:50.930+0000] {dagbag.py:539} INFO - Filling up the DagBag from /home/airflow/.local/lib/python3.8/site-packages/airflow/example_dags/example_params_trigger_ui.py
[2023-09-19T13:45:50.941+0000] {processor.py:839} INFO - DAG(s) dict_keys(['example_params_trigger_ui']) retrieved from /home/airflow/.local/lib/python3.8/site-packages/airflow/example_dags/example_params_trigger_ui.py
[2023-09-19T13:45:50.976+0000] {logging_mixin.py:151} INFO - [2023-09-19T13:45:50.976+0000] {dag.py:2915} INFO - Sync 1 DAGs
[2023-09-19T13:45:50.985+0000] {logging_mixin.py:151} INFO - [2023-09-19T13:45:50.985+0000] {dag.py:3696} INFO - Setting next_dagrun for example_params_trigger_ui to None, run_after=None
[2023-09-19T13:45:51.000+0000] {processor.py:179} INFO - Processing /home/airflow/.local/lib/python3.8/site-packages/airflow/example_dags/example_params_trigger_ui.py took 0.075 seconds
[2023-09-19T13:46:21.478+0000] {processor.py:157} INFO - Started process (PID=2240) to work on /home/airflow/.local/lib/python3.8/site-packages/airflow/example_dags/example_params_trigger_ui.py
[2023-09-19T13:46:21.481+0000] {processor.py:829} INFO - Processing file /home/airflow/.local/lib/python3.8/site-packages/airflow/example_dags/example_params_trigger_ui.py for tasks to queue
[2023-09-19T13:46:21.482+0000] {logging_mixin.py:151} INFO - [2023-09-19T13:46:21.481+0000] {dagbag.py:539} INFO - Filling up the DagBag from /home/airflow/.local/lib/python3.8/site-packages/airflow/example_dags/example_params_trigger_ui.py
[2023-09-19T13:46:21.493+0000] {processor.py:839} INFO - DAG(s) dict_keys(['example_params_trigger_ui']) retrieved from /home/airflow/.local/lib/python3.8/site-packages/airflow/example_dags/example_params_trigger_ui.py
[2023-09-19T13:46:21.534+0000] {logging_mixin.py:151} INFO - [2023-09-19T13:46:21.534+0000] {dag.py:2915} INFO - Sync 1 DAGs
[2023-09-19T13:46:21.543+0000] {logging_mixin.py:151} INFO - [2023-09-19T13:46:21.542+0000] {dag.py:3696} INFO - Setting next_dagrun for example_params_trigger_ui to None, run_after=None
[2023-09-19T13:46:21.567+0000] {processor.py:179} INFO - Processing /home/airflow/.local/lib/python3.8/site-packages/airflow/example_dags/example_params_trigger_ui.py took 0.091 seconds
[2023-09-19T13:46:52.523+0000] {processor.py:157} INFO - Started process (PID=2478) to work on /home/airflow/.local/lib/python3.8/site-packages/airflow/example_dags/example_params_trigger_ui.py
[2023-09-19T13:46:52.524+0000] {processor.py:829} INFO - Processing file /home/airflow/.local/lib/python3.8/site-packages/airflow/example_dags/example_params_trigger_ui.py for tasks to queue
[2023-09-19T13:46:52.525+0000] {logging_mixin.py:151} INFO - [2023-09-19T13:46:52.525+0000] {dagbag.py:539} INFO - Filling up the DagBag from /home/airflow/.local/lib/python3.8/site-packages/airflow/example_dags/example_params_trigger_ui.py
[2023-09-19T13:46:52.539+0000] {processor.py:839} INFO - DAG(s) dict_keys(['example_params_trigger_ui']) retrieved from /home/airflow/.local/lib/python3.8/site-packages/airflow/example_dags/example_params_trigger_ui.py
[2023-09-19T13:46:52.584+0000] {logging_mixin.py:151} INFO - [2023-09-19T13:46:52.583+0000] {dag.py:2915} INFO - Sync 1 DAGs
[2023-09-19T13:46:52.593+0000] {logging_mixin.py:151} INFO - [2023-09-19T13:46:52.593+0000] {dag.py:3696} INFO - Setting next_dagrun for example_params_trigger_ui to None, run_after=None
[2023-09-19T13:46:52.621+0000] {processor.py:179} INFO - Processing /home/airflow/.local/lib/python3.8/site-packages/airflow/example_dags/example_params_trigger_ui.py took 0.101 seconds
[2023-09-19T13:47:23.448+0000] {processor.py:157} INFO - Started process (PID=2716) to work on /home/airflow/.local/lib/python3.8/site-packages/airflow/example_dags/example_params_trigger_ui.py
[2023-09-19T13:47:23.449+0000] {processor.py:829} INFO - Processing file /home/airflow/.local/lib/python3.8/site-packages/airflow/example_dags/example_params_trigger_ui.py for tasks to queue
[2023-09-19T13:47:23.450+0000] {logging_mixin.py:151} INFO - [2023-09-19T13:47:23.449+0000] {dagbag.py:539} INFO - Filling up the DagBag from /home/airflow/.local/lib/python3.8/site-packages/airflow/example_dags/example_params_trigger_ui.py
[2023-09-19T13:47:23.464+0000] {processor.py:839} INFO - DAG(s) dict_keys(['example_params_trigger_ui']) retrieved from /home/airflow/.local/lib/python3.8/site-packages/airflow/example_dags/example_params_trigger_ui.py
[2023-09-19T13:47:23.511+0000] {logging_mixin.py:151} INFO - [2023-09-19T13:47:23.511+0000] {dag.py:2915} INFO - Sync 1 DAGs
[2023-09-19T13:47:23.523+0000] {logging_mixin.py:151} INFO - [2023-09-19T13:47:23.522+0000] {dag.py:3696} INFO - Setting next_dagrun for example_params_trigger_ui to None, run_after=None
[2023-09-19T13:47:23.550+0000] {processor.py:179} INFO - Processing /home/airflow/.local/lib/python3.8/site-packages/airflow/example_dags/example_params_trigger_ui.py took 0.105 seconds
[2023-09-19T13:47:53.598+0000] {processor.py:157} INFO - Started process (PID=2954) to work on /home/airflow/.local/lib/python3.8/site-packages/airflow/example_dags/example_params_trigger_ui.py
[2023-09-19T13:47:53.599+0000] {processor.py:829} INFO - Processing file /home/airflow/.local/lib/python3.8/site-packages/airflow/example_dags/example_params_trigger_ui.py for tasks to queue
[2023-09-19T13:47:53.599+0000] {logging_mixin.py:151} INFO - [2023-09-19T13:47:53.599+0000] {dagbag.py:539} INFO - Filling up the DagBag from /home/airflow/.local/lib/python3.8/site-packages/airflow/example_dags/example_params_trigger_ui.py
[2023-09-19T13:47:53.615+0000] {processor.py:839} INFO - DAG(s) dict_keys(['example_params_trigger_ui']) retrieved from /home/airflow/.local/lib/python3.8/site-packages/airflow/example_dags/example_params_trigger_ui.py
[2023-09-19T13:47:53.653+0000] {logging_mixin.py:151} INFO - [2023-09-19T13:47:53.653+0000] {dag.py:2915} INFO - Sync 1 DAGs
[2023-09-19T13:47:53.665+0000] {logging_mixin.py:151} INFO - [2023-09-19T13:47:53.664+0000] {dag.py:3696} INFO - Setting next_dagrun for example_params_trigger_ui to None, run_after=None
[2023-09-19T13:47:53.683+0000] {processor.py:179} INFO - Processing /home/airflow/.local/lib/python3.8/site-packages/airflow/example_dags/example_params_trigger_ui.py took 0.088 seconds
[2023-09-19T13:48:23.948+0000] {processor.py:157} INFO - Started process (PID=3187) to work on /home/airflow/.local/lib/python3.8/site-packages/airflow/example_dags/example_params_trigger_ui.py
[2023-09-19T13:48:23.950+0000] {processor.py:829} INFO - Processing file /home/airflow/.local/lib/python3.8/site-packages/airflow/example_dags/example_params_trigger_ui.py for tasks to queue
[2023-09-19T13:48:23.950+0000] {logging_mixin.py:151} INFO - [2023-09-19T13:48:23.950+0000] {dagbag.py:539} INFO - Filling up the DagBag from /home/airflow/.local/lib/python3.8/site-packages/airflow/example_dags/example_params_trigger_ui.py
[2023-09-19T13:48:23.964+0000] {processor.py:839} INFO - DAG(s) dict_keys(['example_params_trigger_ui']) retrieved from /home/airflow/.local/lib/python3.8/site-packages/airflow/example_dags/example_params_trigger_ui.py
[2023-09-19T13:48:24.005+0000] {logging_mixin.py:151} INFO - [2023-09-19T13:48:24.004+0000] {dag.py:2915} INFO - Sync 1 DAGs
[2023-09-19T13:48:24.016+0000] {logging_mixin.py:151} INFO - [2023-09-19T13:48:24.016+0000] {dag.py:3696} INFO - Setting next_dagrun for example_params_trigger_ui to None, run_after=None
[2023-09-19T13:48:24.034+0000] {processor.py:179} INFO - Processing /home/airflow/.local/lib/python3.8/site-packages/airflow/example_dags/example_params_trigger_ui.py took 0.089 seconds
[2023-09-19T13:48:54.376+0000] {processor.py:157} INFO - Started process (PID=3425) to work on /home/airflow/.local/lib/python3.8/site-packages/airflow/example_dags/example_params_trigger_ui.py
[2023-09-19T13:48:54.377+0000] {processor.py:829} INFO - Processing file /home/airflow/.local/lib/python3.8/site-packages/airflow/example_dags/example_params_trigger_ui.py for tasks to queue
[2023-09-19T13:48:54.378+0000] {logging_mixin.py:151} INFO - [2023-09-19T13:48:54.377+0000] {dagbag.py:539} INFO - Filling up the DagBag from /home/airflow/.local/lib/python3.8/site-packages/airflow/example_dags/example_params_trigger_ui.py
[2023-09-19T13:48:54.391+0000] {processor.py:839} INFO - DAG(s) dict_keys(['example_params_trigger_ui']) retrieved from /home/airflow/.local/lib/python3.8/site-packages/airflow/example_dags/example_params_trigger_ui.py
[2023-09-19T13:48:54.435+0000] {logging_mixin.py:151} INFO - [2023-09-19T13:48:54.435+0000] {dag.py:2915} INFO - Sync 1 DAGs
[2023-09-19T13:48:54.446+0000] {logging_mixin.py:151} INFO - [2023-09-19T13:48:54.445+0000] {dag.py:3696} INFO - Setting next_dagrun for example_params_trigger_ui to None, run_after=None
[2023-09-19T13:48:54.469+0000] {processor.py:179} INFO - Processing /home/airflow/.local/lib/python3.8/site-packages/airflow/example_dags/example_params_trigger_ui.py took 0.095 seconds
[2023-09-19T13:49:25.228+0000] {processor.py:157} INFO - Started process (PID=3668) to work on /home/airflow/.local/lib/python3.8/site-packages/airflow/example_dags/example_params_trigger_ui.py
[2023-09-19T13:49:25.229+0000] {processor.py:829} INFO - Processing file /home/airflow/.local/lib/python3.8/site-packages/airflow/example_dags/example_params_trigger_ui.py for tasks to queue
[2023-09-19T13:49:25.229+0000] {logging_mixin.py:151} INFO - [2023-09-19T13:49:25.229+0000] {dagbag.py:539} INFO - Filling up the DagBag from /home/airflow/.local/lib/python3.8/site-packages/airflow/example_dags/example_params_trigger_ui.py
[2023-09-19T13:49:25.247+0000] {processor.py:839} INFO - DAG(s) dict_keys(['example_params_trigger_ui']) retrieved from /home/airflow/.local/lib/python3.8/site-packages/airflow/example_dags/example_params_trigger_ui.py
[2023-09-19T13:49:25.289+0000] {logging_mixin.py:151} INFO - [2023-09-19T13:49:25.289+0000] {dag.py:2915} INFO - Sync 1 DAGs
[2023-09-19T13:49:25.300+0000] {logging_mixin.py:151} INFO - [2023-09-19T13:49:25.300+0000] {dag.py:3696} INFO - Setting next_dagrun for example_params_trigger_ui to None, run_after=None
[2023-09-19T13:49:25.322+0000] {processor.py:179} INFO - Processing /home/airflow/.local/lib/python3.8/site-packages/airflow/example_dags/example_params_trigger_ui.py took 0.096 seconds
[2023-09-19T13:49:55.764+0000] {processor.py:157} INFO - Started process (PID=3906) to work on /home/airflow/.local/lib/python3.8/site-packages/airflow/example_dags/example_params_trigger_ui.py
[2023-09-19T13:49:55.765+0000] {processor.py:829} INFO - Processing file /home/airflow/.local/lib/python3.8/site-packages/airflow/example_dags/example_params_trigger_ui.py for tasks to queue
[2023-09-19T13:49:55.766+0000] {logging_mixin.py:151} INFO - [2023-09-19T13:49:55.765+0000] {dagbag.py:539} INFO - Filling up the DagBag from /home/airflow/.local/lib/python3.8/site-packages/airflow/example_dags/example_params_trigger_ui.py
[2023-09-19T13:49:55.779+0000] {processor.py:839} INFO - DAG(s) dict_keys(['example_params_trigger_ui']) retrieved from /home/airflow/.local/lib/python3.8/site-packages/airflow/example_dags/example_params_trigger_ui.py
[2023-09-19T13:49:55.823+0000] {logging_mixin.py:151} INFO - [2023-09-19T13:49:55.823+0000] {dag.py:2915} INFO - Sync 1 DAGs
[2023-09-19T13:49:55.834+0000] {logging_mixin.py:151} INFO - [2023-09-19T13:49:55.834+0000] {dag.py:3696} INFO - Setting next_dagrun for example_params_trigger_ui to None, run_after=None
[2023-09-19T13:49:55.856+0000] {processor.py:179} INFO - Processing /home/airflow/.local/lib/python3.8/site-packages/airflow/example_dags/example_params_trigger_ui.py took 0.094 seconds
[2023-09-19T13:50:26.273+0000] {processor.py:157} INFO - Started process (PID=4144) to work on /home/airflow/.local/lib/python3.8/site-packages/airflow/example_dags/example_params_trigger_ui.py
[2023-09-19T13:50:26.274+0000] {processor.py:829} INFO - Processing file /home/airflow/.local/lib/python3.8/site-packages/airflow/example_dags/example_params_trigger_ui.py for tasks to queue
[2023-09-19T13:50:26.275+0000] {logging_mixin.py:151} INFO - [2023-09-19T13:50:26.275+0000] {dagbag.py:539} INFO - Filling up the DagBag from /home/airflow/.local/lib/python3.8/site-packages/airflow/example_dags/example_params_trigger_ui.py
[2023-09-19T13:50:26.288+0000] {processor.py:839} INFO - DAG(s) dict_keys(['example_params_trigger_ui']) retrieved from /home/airflow/.local/lib/python3.8/site-packages/airflow/example_dags/example_params_trigger_ui.py
[2023-09-19T13:50:26.327+0000] {logging_mixin.py:151} INFO - [2023-09-19T13:50:26.327+0000] {dag.py:2915} INFO - Sync 1 DAGs
[2023-09-19T13:50:26.336+0000] {logging_mixin.py:151} INFO - [2023-09-19T13:50:26.336+0000] {dag.py:3696} INFO - Setting next_dagrun for example_params_trigger_ui to None, run_after=None
[2023-09-19T13:50:26.355+0000] {processor.py:179} INFO - Processing /home/airflow/.local/lib/python3.8/site-packages/airflow/example_dags/example_params_trigger_ui.py took 0.085 seconds
[2023-09-19T13:50:56.732+0000] {processor.py:157} INFO - Started process (PID=4381) to work on /home/airflow/.local/lib/python3.8/site-packages/airflow/example_dags/example_params_trigger_ui.py
[2023-09-19T13:50:56.733+0000] {processor.py:829} INFO - Processing file /home/airflow/.local/lib/python3.8/site-packages/airflow/example_dags/example_params_trigger_ui.py for tasks to queue
[2023-09-19T13:50:56.734+0000] {logging_mixin.py:151} INFO - [2023-09-19T13:50:56.733+0000] {dagbag.py:539} INFO - Filling up the DagBag from /home/airflow/.local/lib/python3.8/site-packages/airflow/example_dags/example_params_trigger_ui.py
[2023-09-19T13:50:56.750+0000] {processor.py:839} INFO - DAG(s) dict_keys(['example_params_trigger_ui']) retrieved from /home/airflow/.local/lib/python3.8/site-packages/airflow/example_dags/example_params_trigger_ui.py
[2023-09-19T13:50:56.790+0000] {logging_mixin.py:151} INFO - [2023-09-19T13:50:56.789+0000] {dag.py:2915} INFO - Sync 1 DAGs
[2023-09-19T13:50:56.801+0000] {logging_mixin.py:151} INFO - [2023-09-19T13:50:56.801+0000] {dag.py:3696} INFO - Setting next_dagrun for example_params_trigger_ui to None, run_after=None
[2023-09-19T13:50:56.818+0000] {processor.py:179} INFO - Processing /home/airflow/.local/lib/python3.8/site-packages/airflow/example_dags/example_params_trigger_ui.py took 0.089 seconds
[2023-09-19T13:51:27.199+0000] {processor.py:157} INFO - Started process (PID=4619) to work on /home/airflow/.local/lib/python3.8/site-packages/airflow/example_dags/example_params_trigger_ui.py
[2023-09-19T13:51:27.199+0000] {processor.py:829} INFO - Processing file /home/airflow/.local/lib/python3.8/site-packages/airflow/example_dags/example_params_trigger_ui.py for tasks to queue
[2023-09-19T13:51:27.200+0000] {logging_mixin.py:151} INFO - [2023-09-19T13:51:27.200+0000] {dagbag.py:539} INFO - Filling up the DagBag from /home/airflow/.local/lib/python3.8/site-packages/airflow/example_dags/example_params_trigger_ui.py
[2023-09-19T13:51:27.215+0000] {processor.py:839} INFO - DAG(s) dict_keys(['example_params_trigger_ui']) retrieved from /home/airflow/.local/lib/python3.8/site-packages/airflow/example_dags/example_params_trigger_ui.py
[2023-09-19T13:51:27.257+0000] {logging_mixin.py:151} INFO - [2023-09-19T13:51:27.257+0000] {dag.py:2915} INFO - Sync 1 DAGs
[2023-09-19T13:51:27.266+0000] {logging_mixin.py:151} INFO - [2023-09-19T13:51:27.266+0000] {dag.py:3696} INFO - Setting next_dagrun for example_params_trigger_ui to None, run_after=None
[2023-09-19T13:51:27.285+0000] {processor.py:179} INFO - Processing /home/airflow/.local/lib/python3.8/site-packages/airflow/example_dags/example_params_trigger_ui.py took 0.089 seconds
[2023-09-19T13:51:57.396+0000] {processor.py:157} INFO - Started process (PID=4857) to work on /home/airflow/.local/lib/python3.8/site-packages/airflow/example_dags/example_params_trigger_ui.py
[2023-09-19T13:51:57.396+0000] {processor.py:829} INFO - Processing file /home/airflow/.local/lib/python3.8/site-packages/airflow/example_dags/example_params_trigger_ui.py for tasks to queue
[2023-09-19T13:51:57.397+0000] {logging_mixin.py:151} INFO - [2023-09-19T13:51:57.397+0000] {dagbag.py:539} INFO - Filling up the DagBag from /home/airflow/.local/lib/python3.8/site-packages/airflow/example_dags/example_params_trigger_ui.py
[2023-09-19T13:51:57.410+0000] {processor.py:839} INFO - DAG(s) dict_keys(['example_params_trigger_ui']) retrieved from /home/airflow/.local/lib/python3.8/site-packages/airflow/example_dags/example_params_trigger_ui.py
[2023-09-19T13:51:57.447+0000] {logging_mixin.py:151} INFO - [2023-09-19T13:51:57.447+0000] {dag.py:2915} INFO - Sync 1 DAGs
[2023-09-19T13:51:57.457+0000] {logging_mixin.py:151} INFO - [2023-09-19T13:51:57.456+0000] {dag.py:3696} INFO - Setting next_dagrun for example_params_trigger_ui to None, run_after=None
[2023-09-19T13:51:57.473+0000] {processor.py:179} INFO - Processing /home/airflow/.local/lib/python3.8/site-packages/airflow/example_dags/example_params_trigger_ui.py took 0.079 seconds
[2023-09-19T13:52:27.721+0000] {processor.py:157} INFO - Started process (PID=5095) to work on /home/airflow/.local/lib/python3.8/site-packages/airflow/example_dags/example_params_trigger_ui.py
[2023-09-19T13:52:27.722+0000] {processor.py:829} INFO - Processing file /home/airflow/.local/lib/python3.8/site-packages/airflow/example_dags/example_params_trigger_ui.py for tasks to queue
[2023-09-19T13:52:27.723+0000] {logging_mixin.py:151} INFO - [2023-09-19T13:52:27.723+0000] {dagbag.py:539} INFO - Filling up the DagBag from /home/airflow/.local/lib/python3.8/site-packages/airflow/example_dags/example_params_trigger_ui.py
[2023-09-19T13:52:27.737+0000] {processor.py:839} INFO - DAG(s) dict_keys(['example_params_trigger_ui']) retrieved from /home/airflow/.local/lib/python3.8/site-packages/airflow/example_dags/example_params_trigger_ui.py
[2023-09-19T13:52:27.772+0000] {logging_mixin.py:151} INFO - [2023-09-19T13:52:27.772+0000] {dag.py:2915} INFO - Sync 1 DAGs
[2023-09-19T13:52:27.785+0000] {logging_mixin.py:151} INFO - [2023-09-19T13:52:27.785+0000] {dag.py:3696} INFO - Setting next_dagrun for example_params_trigger_ui to None, run_after=None
[2023-09-19T13:52:27.801+0000] {processor.py:179} INFO - Processing /home/airflow/.local/lib/python3.8/site-packages/airflow/example_dags/example_params_trigger_ui.py took 0.082 seconds
[2023-09-19T13:52:57.918+0000] {processor.py:157} INFO - Started process (PID=5334) to work on /home/airflow/.local/lib/python3.8/site-packages/airflow/example_dags/example_params_trigger_ui.py
[2023-09-19T13:52:57.919+0000] {processor.py:829} INFO - Processing file /home/airflow/.local/lib/python3.8/site-packages/airflow/example_dags/example_params_trigger_ui.py for tasks to queue
[2023-09-19T13:52:57.920+0000] {logging_mixin.py:151} INFO - [2023-09-19T13:52:57.920+0000] {dagbag.py:539} INFO - Filling up the DagBag from /home/airflow/.local/lib/python3.8/site-packages/airflow/example_dags/example_params_trigger_ui.py
[2023-09-19T13:52:57.932+0000] {processor.py:839} INFO - DAG(s) dict_keys(['example_params_trigger_ui']) retrieved from /home/airflow/.local/lib/python3.8/site-packages/airflow/example_dags/example_params_trigger_ui.py
[2023-09-19T13:52:57.971+0000] {logging_mixin.py:151} INFO - [2023-09-19T13:52:57.971+0000] {dag.py:2915} INFO - Sync 1 DAGs
[2023-09-19T13:52:57.981+0000] {logging_mixin.py:151} INFO - [2023-09-19T13:52:57.980+0000] {dag.py:3696} INFO - Setting next_dagrun for example_params_trigger_ui to None, run_after=None
[2023-09-19T13:52:58.001+0000] {processor.py:179} INFO - Processing /home/airflow/.local/lib/python3.8/site-packages/airflow/example_dags/example_params_trigger_ui.py took 0.085 seconds
[2023-09-19T13:53:28.355+0000] {processor.py:157} INFO - Started process (PID=5572) to work on /home/airflow/.local/lib/python3.8/site-packages/airflow/example_dags/example_params_trigger_ui.py
[2023-09-19T13:53:28.357+0000] {processor.py:829} INFO - Processing file /home/airflow/.local/lib/python3.8/site-packages/airflow/example_dags/example_params_trigger_ui.py for tasks to queue
[2023-09-19T13:53:28.358+0000] {logging_mixin.py:151} INFO - [2023-09-19T13:53:28.358+0000] {dagbag.py:539} INFO - Filling up the DagBag from /home/airflow/.local/lib/python3.8/site-packages/airflow/example_dags/example_params_trigger_ui.py
[2023-09-19T13:53:28.371+0000] {processor.py:839} INFO - DAG(s) dict_keys(['example_params_trigger_ui']) retrieved from /home/airflow/.local/lib/python3.8/site-packages/airflow/example_dags/example_params_trigger_ui.py
[2023-09-19T13:53:28.410+0000] {logging_mixin.py:151} INFO - [2023-09-19T13:53:28.410+0000] {dag.py:2915} INFO - Sync 1 DAGs
[2023-09-19T13:53:28.419+0000] {logging_mixin.py:151} INFO - [2023-09-19T13:53:28.419+0000] {dag.py:3696} INFO - Setting next_dagrun for example_params_trigger_ui to None, run_after=None
[2023-09-19T13:53:28.436+0000] {processor.py:179} INFO - Processing /home/airflow/.local/lib/python3.8/site-packages/airflow/example_dags/example_params_trigger_ui.py took 0.085 seconds
[2023-09-19T13:53:58.621+0000] {processor.py:157} INFO - Started process (PID=5812) to work on /home/airflow/.local/lib/python3.8/site-packages/airflow/example_dags/example_params_trigger_ui.py
[2023-09-19T13:53:58.623+0000] {processor.py:829} INFO - Processing file /home/airflow/.local/lib/python3.8/site-packages/airflow/example_dags/example_params_trigger_ui.py for tasks to queue
[2023-09-19T13:53:58.625+0000] {logging_mixin.py:151} INFO - [2023-09-19T13:53:58.624+0000] {dagbag.py:539} INFO - Filling up the DagBag from /home/airflow/.local/lib/python3.8/site-packages/airflow/example_dags/example_params_trigger_ui.py
[2023-09-19T13:53:58.638+0000] {processor.py:839} INFO - DAG(s) dict_keys(['example_params_trigger_ui']) retrieved from /home/airflow/.local/lib/python3.8/site-packages/airflow/example_dags/example_params_trigger_ui.py
[2023-09-19T13:53:58.678+0000] {logging_mixin.py:151} INFO - [2023-09-19T13:53:58.678+0000] {dag.py:2915} INFO - Sync 1 DAGs
[2023-09-19T13:53:58.687+0000] {logging_mixin.py:151} INFO - [2023-09-19T13:53:58.687+0000] {dag.py:3696} INFO - Setting next_dagrun for example_params_trigger_ui to None, run_after=None
[2023-09-19T13:53:58.703+0000] {processor.py:179} INFO - Processing /home/airflow/.local/lib/python3.8/site-packages/airflow/example_dags/example_params_trigger_ui.py took 0.085 seconds
[2023-09-19T13:54:28.992+0000] {processor.py:157} INFO - Started process (PID=6048) to work on /home/airflow/.local/lib/python3.8/site-packages/airflow/example_dags/example_params_trigger_ui.py
[2023-09-19T13:54:28.992+0000] {processor.py:829} INFO - Processing file /home/airflow/.local/lib/python3.8/site-packages/airflow/example_dags/example_params_trigger_ui.py for tasks to queue
[2023-09-19T13:54:28.993+0000] {logging_mixin.py:151} INFO - [2023-09-19T13:54:28.993+0000] {dagbag.py:539} INFO - Filling up the DagBag from /home/airflow/.local/lib/python3.8/site-packages/airflow/example_dags/example_params_trigger_ui.py
[2023-09-19T13:54:29.007+0000] {processor.py:839} INFO - DAG(s) dict_keys(['example_params_trigger_ui']) retrieved from /home/airflow/.local/lib/python3.8/site-packages/airflow/example_dags/example_params_trigger_ui.py
[2023-09-19T13:54:29.043+0000] {logging_mixin.py:151} INFO - [2023-09-19T13:54:29.042+0000] {dag.py:2915} INFO - Sync 1 DAGs
[2023-09-19T13:54:29.055+0000] {logging_mixin.py:151} INFO - [2023-09-19T13:54:29.055+0000] {dag.py:3696} INFO - Setting next_dagrun for example_params_trigger_ui to None, run_after=None
[2023-09-19T13:54:29.074+0000] {processor.py:179} INFO - Processing /home/airflow/.local/lib/python3.8/site-packages/airflow/example_dags/example_params_trigger_ui.py took 0.084 seconds
[2023-09-19T13:54:59.260+0000] {processor.py:157} INFO - Started process (PID=6286) to work on /home/airflow/.local/lib/python3.8/site-packages/airflow/example_dags/example_params_trigger_ui.py
[2023-09-19T13:54:59.261+0000] {processor.py:829} INFO - Processing file /home/airflow/.local/lib/python3.8/site-packages/airflow/example_dags/example_params_trigger_ui.py for tasks to queue
[2023-09-19T13:54:59.262+0000] {logging_mixin.py:151} INFO - [2023-09-19T13:54:59.262+0000] {dagbag.py:539} INFO - Filling up the DagBag from /home/airflow/.local/lib/python3.8/site-packages/airflow/example_dags/example_params_trigger_ui.py
[2023-09-19T13:54:59.275+0000] {processor.py:839} INFO - DAG(s) dict_keys(['example_params_trigger_ui']) retrieved from /home/airflow/.local/lib/python3.8/site-packages/airflow/example_dags/example_params_trigger_ui.py
[2023-09-19T13:54:59.314+0000] {logging_mixin.py:151} INFO - [2023-09-19T13:54:59.314+0000] {dag.py:2915} INFO - Sync 1 DAGs
[2023-09-19T13:54:59.324+0000] {logging_mixin.py:151} INFO - [2023-09-19T13:54:59.324+0000] {dag.py:3696} INFO - Setting next_dagrun for example_params_trigger_ui to None, run_after=None
[2023-09-19T13:54:59.343+0000] {processor.py:179} INFO - Processing /home/airflow/.local/lib/python3.8/site-packages/airflow/example_dags/example_params_trigger_ui.py took 0.085 seconds
[2023-09-19T13:55:29.448+0000] {processor.py:157} INFO - Started process (PID=6524) to work on /home/airflow/.local/lib/python3.8/site-packages/airflow/example_dags/example_params_trigger_ui.py
[2023-09-19T13:55:29.451+0000] {processor.py:829} INFO - Processing file /home/airflow/.local/lib/python3.8/site-packages/airflow/example_dags/example_params_trigger_ui.py for tasks to queue
[2023-09-19T13:55:29.451+0000] {logging_mixin.py:151} INFO - [2023-09-19T13:55:29.451+0000] {dagbag.py:539} INFO - Filling up the DagBag from /home/airflow/.local/lib/python3.8/site-packages/airflow/example_dags/example_params_trigger_ui.py
[2023-09-19T13:55:29.464+0000] {processor.py:839} INFO - DAG(s) dict_keys(['example_params_trigger_ui']) retrieved from /home/airflow/.local/lib/python3.8/site-packages/airflow/example_dags/example_params_trigger_ui.py
[2023-09-19T13:55:29.501+0000] {logging_mixin.py:151} INFO - [2023-09-19T13:55:29.501+0000] {dag.py:2915} INFO - Sync 1 DAGs
[2023-09-19T13:55:29.511+0000] {logging_mixin.py:151} INFO - [2023-09-19T13:55:29.510+0000] {dag.py:3696} INFO - Setting next_dagrun for example_params_trigger_ui to None, run_after=None
[2023-09-19T13:55:29.529+0000] {processor.py:179} INFO - Processing /home/airflow/.local/lib/python3.8/site-packages/airflow/example_dags/example_params_trigger_ui.py took 0.083 seconds
[2023-09-19T13:55:59.673+0000] {processor.py:157} INFO - Started process (PID=6762) to work on /home/airflow/.local/lib/python3.8/site-packages/airflow/example_dags/example_params_trigger_ui.py
[2023-09-19T13:55:59.676+0000] {processor.py:829} INFO - Processing file /home/airflow/.local/lib/python3.8/site-packages/airflow/example_dags/example_params_trigger_ui.py for tasks to queue
[2023-09-19T13:55:59.677+0000] {logging_mixin.py:151} INFO - [2023-09-19T13:55:59.677+0000] {dagbag.py:539} INFO - Filling up the DagBag from /home/airflow/.local/lib/python3.8/site-packages/airflow/example_dags/example_params_trigger_ui.py
[2023-09-19T13:55:59.689+0000] {processor.py:839} INFO - DAG(s) dict_keys(['example_params_trigger_ui']) retrieved from /home/airflow/.local/lib/python3.8/site-packages/airflow/example_dags/example_params_trigger_ui.py
[2023-09-19T13:55:59.725+0000] {logging_mixin.py:151} INFO - [2023-09-19T13:55:59.725+0000] {dag.py:2915} INFO - Sync 1 DAGs
[2023-09-19T13:55:59.735+0000] {logging_mixin.py:151} INFO - [2023-09-19T13:55:59.734+0000] {dag.py:3696} INFO - Setting next_dagrun for example_params_trigger_ui to None, run_after=None
[2023-09-19T13:55:59.749+0000] {processor.py:179} INFO - Processing /home/airflow/.local/lib/python3.8/site-packages/airflow/example_dags/example_params_trigger_ui.py took 0.078 seconds
[2023-09-19T13:56:29.863+0000] {processor.py:157} INFO - Started process (PID=7000) to work on /home/airflow/.local/lib/python3.8/site-packages/airflow/example_dags/example_params_trigger_ui.py
[2023-09-19T13:56:29.864+0000] {processor.py:829} INFO - Processing file /home/airflow/.local/lib/python3.8/site-packages/airflow/example_dags/example_params_trigger_ui.py for tasks to queue
[2023-09-19T13:56:29.864+0000] {logging_mixin.py:151} INFO - [2023-09-19T13:56:29.864+0000] {dagbag.py:539} INFO - Filling up the DagBag from /home/airflow/.local/lib/python3.8/site-packages/airflow/example_dags/example_params_trigger_ui.py
[2023-09-19T13:56:29.876+0000] {processor.py:839} INFO - DAG(s) dict_keys(['example_params_trigger_ui']) retrieved from /home/airflow/.local/lib/python3.8/site-packages/airflow/example_dags/example_params_trigger_ui.py
[2023-09-19T13:56:29.913+0000] {logging_mixin.py:151} INFO - [2023-09-19T13:56:29.912+0000] {dag.py:2915} INFO - Sync 1 DAGs
[2023-09-19T13:56:29.925+0000] {logging_mixin.py:151} INFO - [2023-09-19T13:56:29.925+0000] {dag.py:3696} INFO - Setting next_dagrun for example_params_trigger_ui to None, run_after=None
[2023-09-19T13:56:29.945+0000] {processor.py:179} INFO - Processing /home/airflow/.local/lib/python3.8/site-packages/airflow/example_dags/example_params_trigger_ui.py took 0.085 seconds
[2023-09-19T13:57:00.167+0000] {processor.py:157} INFO - Started process (PID=7238) to work on /home/airflow/.local/lib/python3.8/site-packages/airflow/example_dags/example_params_trigger_ui.py
[2023-09-19T13:57:00.168+0000] {processor.py:829} INFO - Processing file /home/airflow/.local/lib/python3.8/site-packages/airflow/example_dags/example_params_trigger_ui.py for tasks to queue
[2023-09-19T13:57:00.169+0000] {logging_mixin.py:151} INFO - [2023-09-19T13:57:00.169+0000] {dagbag.py:539} INFO - Filling up the DagBag from /home/airflow/.local/lib/python3.8/site-packages/airflow/example_dags/example_params_trigger_ui.py
[2023-09-19T13:57:00.180+0000] {processor.py:839} INFO - DAG(s) dict_keys(['example_params_trigger_ui']) retrieved from /home/airflow/.local/lib/python3.8/site-packages/airflow/example_dags/example_params_trigger_ui.py
[2023-09-19T13:57:00.220+0000] {logging_mixin.py:151} INFO - [2023-09-19T13:57:00.220+0000] {dag.py:2915} INFO - Sync 1 DAGs
[2023-09-19T13:57:00.228+0000] {logging_mixin.py:151} INFO - [2023-09-19T13:57:00.228+0000] {dag.py:3696} INFO - Setting next_dagrun for example_params_trigger_ui to None, run_after=None
[2023-09-19T13:57:00.248+0000] {processor.py:179} INFO - Processing /home/airflow/.local/lib/python3.8/site-packages/airflow/example_dags/example_params_trigger_ui.py took 0.083 seconds
[2023-09-19T13:57:30.726+0000] {processor.py:157} INFO - Started process (PID=7476) to work on /home/airflow/.local/lib/python3.8/site-packages/airflow/example_dags/example_params_trigger_ui.py
[2023-09-19T13:57:30.727+0000] {processor.py:829} INFO - Processing file /home/airflow/.local/lib/python3.8/site-packages/airflow/example_dags/example_params_trigger_ui.py for tasks to queue
[2023-09-19T13:57:30.728+0000] {logging_mixin.py:151} INFO - [2023-09-19T13:57:30.728+0000] {dagbag.py:539} INFO - Filling up the DagBag from /home/airflow/.local/lib/python3.8/site-packages/airflow/example_dags/example_params_trigger_ui.py
[2023-09-19T13:57:30.740+0000] {processor.py:839} INFO - DAG(s) dict_keys(['example_params_trigger_ui']) retrieved from /home/airflow/.local/lib/python3.8/site-packages/airflow/example_dags/example_params_trigger_ui.py
[2023-09-19T13:57:30.777+0000] {logging_mixin.py:151} INFO - [2023-09-19T13:57:30.777+0000] {dag.py:2915} INFO - Sync 1 DAGs
[2023-09-19T13:57:30.786+0000] {logging_mixin.py:151} INFO - [2023-09-19T13:57:30.786+0000] {dag.py:3696} INFO - Setting next_dagrun for example_params_trigger_ui to None, run_after=None
[2023-09-19T13:57:30.803+0000] {processor.py:179} INFO - Processing /home/airflow/.local/lib/python3.8/site-packages/airflow/example_dags/example_params_trigger_ui.py took 0.079 seconds
[2023-09-19T13:58:00.926+0000] {processor.py:157} INFO - Started process (PID=7715) to work on /home/airflow/.local/lib/python3.8/site-packages/airflow/example_dags/example_params_trigger_ui.py
[2023-09-19T13:58:00.927+0000] {processor.py:829} INFO - Processing file /home/airflow/.local/lib/python3.8/site-packages/airflow/example_dags/example_params_trigger_ui.py for tasks to queue
[2023-09-19T13:58:00.927+0000] {logging_mixin.py:151} INFO - [2023-09-19T13:58:00.927+0000] {dagbag.py:539} INFO - Filling up the DagBag from /home/airflow/.local/lib/python3.8/site-packages/airflow/example_dags/example_params_trigger_ui.py
[2023-09-19T13:58:00.939+0000] {processor.py:839} INFO - DAG(s) dict_keys(['example_params_trigger_ui']) retrieved from /home/airflow/.local/lib/python3.8/site-packages/airflow/example_dags/example_params_trigger_ui.py
[2023-09-19T13:58:00.980+0000] {logging_mixin.py:151} INFO - [2023-09-19T13:58:00.979+0000] {dag.py:2915} INFO - Sync 1 DAGs
[2023-09-19T13:58:00.990+0000] {logging_mixin.py:151} INFO - [2023-09-19T13:58:00.990+0000] {dag.py:3696} INFO - Setting next_dagrun for example_params_trigger_ui to None, run_after=None
[2023-09-19T13:58:01.008+0000] {processor.py:179} INFO - Processing /home/airflow/.local/lib/python3.8/site-packages/airflow/example_dags/example_params_trigger_ui.py took 0.085 seconds
[2023-09-19T13:58:31.339+0000] {processor.py:157} INFO - Started process (PID=7953) to work on /home/airflow/.local/lib/python3.8/site-packages/airflow/example_dags/example_params_trigger_ui.py
[2023-09-19T13:58:31.340+0000] {processor.py:829} INFO - Processing file /home/airflow/.local/lib/python3.8/site-packages/airflow/example_dags/example_params_trigger_ui.py for tasks to queue
[2023-09-19T13:58:31.341+0000] {logging_mixin.py:151} INFO - [2023-09-19T13:58:31.341+0000] {dagbag.py:539} INFO - Filling up the DagBag from /home/airflow/.local/lib/python3.8/site-packages/airflow/example_dags/example_params_trigger_ui.py
[2023-09-19T13:58:31.353+0000] {processor.py:839} INFO - DAG(s) dict_keys(['example_params_trigger_ui']) retrieved from /home/airflow/.local/lib/python3.8/site-packages/airflow/example_dags/example_params_trigger_ui.py
[2023-09-19T13:58:31.391+0000] {logging_mixin.py:151} INFO - [2023-09-19T13:58:31.391+0000] {dag.py:2915} INFO - Sync 1 DAGs
[2023-09-19T13:58:31.401+0000] {logging_mixin.py:151} INFO - [2023-09-19T13:58:31.401+0000] {dag.py:3696} INFO - Setting next_dagrun for example_params_trigger_ui to None, run_after=None
[2023-09-19T13:58:31.418+0000] {processor.py:179} INFO - Processing /home/airflow/.local/lib/python3.8/site-packages/airflow/example_dags/example_params_trigger_ui.py took 0.081 seconds
[2023-09-19T13:59:01.535+0000] {processor.py:157} INFO - Started process (PID=8191) to work on /home/airflow/.local/lib/python3.8/site-packages/airflow/example_dags/example_params_trigger_ui.py
[2023-09-19T13:59:01.536+0000] {processor.py:829} INFO - Processing file /home/airflow/.local/lib/python3.8/site-packages/airflow/example_dags/example_params_trigger_ui.py for tasks to queue
[2023-09-19T13:59:01.536+0000] {logging_mixin.py:151} INFO - [2023-09-19T13:59:01.536+0000] {dagbag.py:539} INFO - Filling up the DagBag from /home/airflow/.local/lib/python3.8/site-packages/airflow/example_dags/example_params_trigger_ui.py
[2023-09-19T13:59:01.547+0000] {processor.py:839} INFO - DAG(s) dict_keys(['example_params_trigger_ui']) retrieved from /home/airflow/.local/lib/python3.8/site-packages/airflow/example_dags/example_params_trigger_ui.py
[2023-09-19T13:59:01.586+0000] {logging_mixin.py:151} INFO - [2023-09-19T13:59:01.586+0000] {dag.py:2915} INFO - Sync 1 DAGs
[2023-09-19T13:59:01.595+0000] {logging_mixin.py:151} INFO - [2023-09-19T13:59:01.595+0000] {dag.py:3696} INFO - Setting next_dagrun for example_params_trigger_ui to None, run_after=None
[2023-09-19T13:59:01.615+0000] {processor.py:179} INFO - Processing /home/airflow/.local/lib/python3.8/site-packages/airflow/example_dags/example_params_trigger_ui.py took 0.082 seconds
[2023-09-19T13:59:32.637+0000] {processor.py:157} INFO - Started process (PID=8438) to work on /home/airflow/.local/lib/python3.8/site-packages/airflow/example_dags/example_params_trigger_ui.py
[2023-09-19T13:59:32.638+0000] {processor.py:829} INFO - Processing file /home/airflow/.local/lib/python3.8/site-packages/airflow/example_dags/example_params_trigger_ui.py for tasks to queue
[2023-09-19T13:59:32.639+0000] {logging_mixin.py:151} INFO - [2023-09-19T13:59:32.638+0000] {dagbag.py:539} INFO - Filling up the DagBag from /home/airflow/.local/lib/python3.8/site-packages/airflow/example_dags/example_params_trigger_ui.py
[2023-09-19T13:59:32.650+0000] {processor.py:839} INFO - DAG(s) dict_keys(['example_params_trigger_ui']) retrieved from /home/airflow/.local/lib/python3.8/site-packages/airflow/example_dags/example_params_trigger_ui.py
[2023-09-19T13:59:32.687+0000] {logging_mixin.py:151} INFO - [2023-09-19T13:59:32.687+0000] {dag.py:2915} INFO - Sync 1 DAGs
[2023-09-19T13:59:32.698+0000] {logging_mixin.py:151} INFO - [2023-09-19T13:59:32.698+0000] {dag.py:3696} INFO - Setting next_dagrun for example_params_trigger_ui to None, run_after=None
[2023-09-19T13:59:32.723+0000] {processor.py:179} INFO - Processing /home/airflow/.local/lib/python3.8/site-packages/airflow/example_dags/example_params_trigger_ui.py took 0.088 seconds
