[2023-09-19T13:42:07.593+0000] {processor.py:157} INFO - Started process (PID=215) to work on /home/airflow/.local/lib/python3.8/site-packages/airflow/example_dags/example_task_group_decorator.py
[2023-09-19T13:42:07.594+0000] {processor.py:829} INFO - Processing file /home/airflow/.local/lib/python3.8/site-packages/airflow/example_dags/example_task_group_decorator.py for tasks to queue
[2023-09-19T13:42:07.594+0000] {logging_mixin.py:151} INFO - [2023-09-19T13:42:07.594+0000] {dagbag.py:539} INFO - Filling up the DagBag from /home/airflow/.local/lib/python3.8/site-packages/airflow/example_dags/example_task_group_decorator.py
[2023-09-19T13:42:07.606+0000] {processor.py:839} INFO - DAG(s) dict_keys(['example_task_group_decorator']) retrieved from /home/airflow/.local/lib/python3.8/site-packages/airflow/example_dags/example_task_group_decorator.py
[2023-09-19T13:42:07.630+0000] {logging_mixin.py:151} INFO - [2023-09-19T13:42:07.629+0000] {dag.py:2915} INFO - Sync 1 DAGs
[2023-09-19T13:42:07.651+0000] {logging_mixin.py:151} INFO - [2023-09-19T13:42:07.650+0000] {dag.py:3696} INFO - Setting next_dagrun for example_task_group_decorator to 2023-09-18T13:42:07.650585+00:00, run_after=2023-09-19T13:42:07.650585+00:00
[2023-09-19T13:42:07.668+0000] {processor.py:179} INFO - Processing /home/airflow/.local/lib/python3.8/site-packages/airflow/example_dags/example_task_group_decorator.py took 0.078 seconds
[2023-09-19T13:42:45.558+0000] {processor.py:157} INFO - Started process (PID=453) to work on /home/airflow/.local/lib/python3.8/site-packages/airflow/example_dags/example_task_group_decorator.py
[2023-09-19T13:42:45.559+0000] {processor.py:829} INFO - Processing file /home/airflow/.local/lib/python3.8/site-packages/airflow/example_dags/example_task_group_decorator.py for tasks to queue
[2023-09-19T13:42:45.560+0000] {logging_mixin.py:151} INFO - [2023-09-19T13:42:45.560+0000] {dagbag.py:539} INFO - Filling up the DagBag from /home/airflow/.local/lib/python3.8/site-packages/airflow/example_dags/example_task_group_decorator.py
[2023-09-19T13:42:45.571+0000] {processor.py:839} INFO - DAG(s) dict_keys(['example_task_group_decorator']) retrieved from /home/airflow/.local/lib/python3.8/site-packages/airflow/example_dags/example_task_group_decorator.py
[2023-09-19T13:42:45.591+0000] {logging_mixin.py:151} INFO - [2023-09-19T13:42:45.591+0000] {dag.py:2915} INFO - Sync 1 DAGs
[2023-09-19T13:42:45.606+0000] {logging_mixin.py:151} INFO - [2023-09-19T13:42:45.606+0000] {dag.py:3696} INFO - Setting next_dagrun for example_task_group_decorator to 2023-09-18T13:42:45.606052+00:00, run_after=2023-09-19T13:42:45.606052+00:00
[2023-09-19T13:42:45.770+0000] {processor.py:179} INFO - Processing /home/airflow/.local/lib/python3.8/site-packages/airflow/example_dags/example_task_group_decorator.py took 0.214 seconds
[2023-09-19T13:43:16.433+0000] {processor.py:157} INFO - Started process (PID=691) to work on /home/airflow/.local/lib/python3.8/site-packages/airflow/example_dags/example_task_group_decorator.py
[2023-09-19T13:43:16.433+0000] {processor.py:829} INFO - Processing file /home/airflow/.local/lib/python3.8/site-packages/airflow/example_dags/example_task_group_decorator.py for tasks to queue
[2023-09-19T13:43:16.434+0000] {logging_mixin.py:151} INFO - [2023-09-19T13:43:16.434+0000] {dagbag.py:539} INFO - Filling up the DagBag from /home/airflow/.local/lib/python3.8/site-packages/airflow/example_dags/example_task_group_decorator.py
[2023-09-19T13:43:16.563+0000] {processor.py:839} INFO - DAG(s) dict_keys(['example_task_group_decorator']) retrieved from /home/airflow/.local/lib/python3.8/site-packages/airflow/example_dags/example_task_group_decorator.py
[2023-09-19T13:43:16.577+0000] {logging_mixin.py:151} INFO - [2023-09-19T13:43:16.577+0000] {dag.py:2915} INFO - Sync 1 DAGs
[2023-09-19T13:43:16.590+0000] {logging_mixin.py:151} INFO - [2023-09-19T13:43:16.590+0000] {dag.py:3696} INFO - Setting next_dagrun for example_task_group_decorator to 2023-09-18T13:43:16.590652+00:00, run_after=2023-09-19T13:43:16.590652+00:00
[2023-09-19T13:43:16.604+0000] {processor.py:179} INFO - Processing /home/airflow/.local/lib/python3.8/site-packages/airflow/example_dags/example_task_group_decorator.py took 0.173 seconds
[2023-09-19T13:43:47.134+0000] {processor.py:157} INFO - Started process (PID=929) to work on /home/airflow/.local/lib/python3.8/site-packages/airflow/example_dags/example_task_group_decorator.py
[2023-09-19T13:43:47.135+0000] {processor.py:829} INFO - Processing file /home/airflow/.local/lib/python3.8/site-packages/airflow/example_dags/example_task_group_decorator.py for tasks to queue
[2023-09-19T13:43:47.136+0000] {logging_mixin.py:151} INFO - [2023-09-19T13:43:47.135+0000] {dagbag.py:539} INFO - Filling up the DagBag from /home/airflow/.local/lib/python3.8/site-packages/airflow/example_dags/example_task_group_decorator.py
[2023-09-19T13:43:47.147+0000] {processor.py:839} INFO - DAG(s) dict_keys(['example_task_group_decorator']) retrieved from /home/airflow/.local/lib/python3.8/site-packages/airflow/example_dags/example_task_group_decorator.py
[2023-09-19T13:43:47.168+0000] {logging_mixin.py:151} INFO - [2023-09-19T13:43:47.168+0000] {dag.py:2915} INFO - Sync 1 DAGs
[2023-09-19T13:43:47.187+0000] {logging_mixin.py:151} INFO - [2023-09-19T13:43:47.186+0000] {dag.py:3696} INFO - Setting next_dagrun for example_task_group_decorator to 2023-09-18T13:43:47.186696+00:00, run_after=2023-09-19T13:43:47.186696+00:00
[2023-09-19T13:43:47.207+0000] {processor.py:179} INFO - Processing /home/airflow/.local/lib/python3.8/site-packages/airflow/example_dags/example_task_group_decorator.py took 0.075 seconds
[2023-09-19T13:44:17.428+0000] {processor.py:157} INFO - Started process (PID=1168) to work on /home/airflow/.local/lib/python3.8/site-packages/airflow/example_dags/example_task_group_decorator.py
[2023-09-19T13:44:17.429+0000] {processor.py:829} INFO - Processing file /home/airflow/.local/lib/python3.8/site-packages/airflow/example_dags/example_task_group_decorator.py for tasks to queue
[2023-09-19T13:44:17.429+0000] {logging_mixin.py:151} INFO - [2023-09-19T13:44:17.429+0000] {dagbag.py:539} INFO - Filling up the DagBag from /home/airflow/.local/lib/python3.8/site-packages/airflow/example_dags/example_task_group_decorator.py
[2023-09-19T13:44:17.440+0000] {processor.py:839} INFO - DAG(s) dict_keys(['example_task_group_decorator']) retrieved from /home/airflow/.local/lib/python3.8/site-packages/airflow/example_dags/example_task_group_decorator.py
[2023-09-19T13:44:17.457+0000] {logging_mixin.py:151} INFO - [2023-09-19T13:44:17.457+0000] {dag.py:2915} INFO - Sync 1 DAGs
[2023-09-19T13:44:17.475+0000] {logging_mixin.py:151} INFO - [2023-09-19T13:44:17.474+0000] {dag.py:3696} INFO - Setting next_dagrun for example_task_group_decorator to 2023-09-18T13:44:17.474598+00:00, run_after=2023-09-19T13:44:17.474598+00:00
[2023-09-19T13:44:17.492+0000] {processor.py:179} INFO - Processing /home/airflow/.local/lib/python3.8/site-packages/airflow/example_dags/example_task_group_decorator.py took 0.067 seconds
[2023-09-19T13:44:47.706+0000] {processor.py:157} INFO - Started process (PID=1405) to work on /home/airflow/.local/lib/python3.8/site-packages/airflow/example_dags/example_task_group_decorator.py
[2023-09-19T13:44:47.733+0000] {processor.py:829} INFO - Processing file /home/airflow/.local/lib/python3.8/site-packages/airflow/example_dags/example_task_group_decorator.py for tasks to queue
[2023-09-19T13:44:47.734+0000] {logging_mixin.py:151} INFO - [2023-09-19T13:44:47.733+0000] {dagbag.py:539} INFO - Filling up the DagBag from /home/airflow/.local/lib/python3.8/site-packages/airflow/example_dags/example_task_group_decorator.py
[2023-09-19T13:44:47.743+0000] {processor.py:839} INFO - DAG(s) dict_keys(['example_task_group_decorator']) retrieved from /home/airflow/.local/lib/python3.8/site-packages/airflow/example_dags/example_task_group_decorator.py
[2023-09-19T13:44:47.761+0000] {logging_mixin.py:151} INFO - [2023-09-19T13:44:47.761+0000] {dag.py:2915} INFO - Sync 1 DAGs
[2023-09-19T13:44:47.775+0000] {logging_mixin.py:151} INFO - [2023-09-19T13:44:47.775+0000] {dag.py:3696} INFO - Setting next_dagrun for example_task_group_decorator to 2023-09-18T13:44:47.775469+00:00, run_after=2023-09-19T13:44:47.775469+00:00
[2023-09-19T13:44:48.011+0000] {processor.py:179} INFO - Processing /home/airflow/.local/lib/python3.8/site-packages/airflow/example_dags/example_task_group_decorator.py took 0.306 seconds
[2023-09-19T13:45:18.268+0000] {processor.py:157} INFO - Started process (PID=1644) to work on /home/airflow/.local/lib/python3.8/site-packages/airflow/example_dags/example_task_group_decorator.py
[2023-09-19T13:45:18.269+0000] {processor.py:829} INFO - Processing file /home/airflow/.local/lib/python3.8/site-packages/airflow/example_dags/example_task_group_decorator.py for tasks to queue
[2023-09-19T13:45:18.270+0000] {logging_mixin.py:151} INFO - [2023-09-19T13:45:18.270+0000] {dagbag.py:539} INFO - Filling up the DagBag from /home/airflow/.local/lib/python3.8/site-packages/airflow/example_dags/example_task_group_decorator.py
[2023-09-19T13:45:18.285+0000] {processor.py:839} INFO - DAG(s) dict_keys(['example_task_group_decorator']) retrieved from /home/airflow/.local/lib/python3.8/site-packages/airflow/example_dags/example_task_group_decorator.py
[2023-09-19T13:45:18.297+0000] {logging_mixin.py:151} INFO - [2023-09-19T13:45:18.296+0000] {dag.py:2915} INFO - Sync 1 DAGs
[2023-09-19T13:45:18.325+0000] {logging_mixin.py:151} INFO - [2023-09-19T13:45:18.325+0000] {dag.py:3696} INFO - Setting next_dagrun for example_task_group_decorator to 2023-09-18T13:45:18.324822+00:00, run_after=2023-09-19T13:45:18.324822+00:00
[2023-09-19T13:45:18.358+0000] {processor.py:179} INFO - Processing /home/airflow/.local/lib/python3.8/site-packages/airflow/example_dags/example_task_group_decorator.py took 0.093 seconds
[2023-09-19T13:45:48.732+0000] {processor.py:157} INFO - Started process (PID=1884) to work on /home/airflow/.local/lib/python3.8/site-packages/airflow/example_dags/example_task_group_decorator.py
[2023-09-19T13:45:48.733+0000] {processor.py:829} INFO - Processing file /home/airflow/.local/lib/python3.8/site-packages/airflow/example_dags/example_task_group_decorator.py for tasks to queue
[2023-09-19T13:45:48.733+0000] {logging_mixin.py:151} INFO - [2023-09-19T13:45:48.733+0000] {dagbag.py:539} INFO - Filling up the DagBag from /home/airflow/.local/lib/python3.8/site-packages/airflow/example_dags/example_task_group_decorator.py
[2023-09-19T13:45:48.744+0000] {processor.py:839} INFO - DAG(s) dict_keys(['example_task_group_decorator']) retrieved from /home/airflow/.local/lib/python3.8/site-packages/airflow/example_dags/example_task_group_decorator.py
[2023-09-19T13:45:48.764+0000] {logging_mixin.py:151} INFO - [2023-09-19T13:45:48.764+0000] {dag.py:2915} INFO - Sync 1 DAGs
[2023-09-19T13:45:48.781+0000] {logging_mixin.py:151} INFO - [2023-09-19T13:45:48.781+0000] {dag.py:3696} INFO - Setting next_dagrun for example_task_group_decorator to 2023-09-18T13:45:48.781516+00:00, run_after=2023-09-19T13:45:48.781516+00:00
[2023-09-19T13:45:48.797+0000] {processor.py:179} INFO - Processing /home/airflow/.local/lib/python3.8/site-packages/airflow/example_dags/example_task_group_decorator.py took 0.067 seconds
[2023-09-19T13:46:19.192+0000] {processor.py:157} INFO - Started process (PID=2120) to work on /home/airflow/.local/lib/python3.8/site-packages/airflow/example_dags/example_task_group_decorator.py
[2023-09-19T13:46:19.193+0000] {processor.py:829} INFO - Processing file /home/airflow/.local/lib/python3.8/site-packages/airflow/example_dags/example_task_group_decorator.py for tasks to queue
[2023-09-19T13:46:19.194+0000] {logging_mixin.py:151} INFO - [2023-09-19T13:46:19.194+0000] {dagbag.py:539} INFO - Filling up the DagBag from /home/airflow/.local/lib/python3.8/site-packages/airflow/example_dags/example_task_group_decorator.py
[2023-09-19T13:46:19.208+0000] {processor.py:839} INFO - DAG(s) dict_keys(['example_task_group_decorator']) retrieved from /home/airflow/.local/lib/python3.8/site-packages/airflow/example_dags/example_task_group_decorator.py
[2023-09-19T13:46:19.227+0000] {logging_mixin.py:151} INFO - [2023-09-19T13:46:19.227+0000] {dag.py:2915} INFO - Sync 1 DAGs
[2023-09-19T13:46:19.243+0000] {logging_mixin.py:151} INFO - [2023-09-19T13:46:19.243+0000] {dag.py:3696} INFO - Setting next_dagrun for example_task_group_decorator to 2023-09-18T13:46:19.243243+00:00, run_after=2023-09-19T13:46:19.243243+00:00
[2023-09-19T13:46:19.266+0000] {processor.py:179} INFO - Processing /home/airflow/.local/lib/python3.8/site-packages/airflow/example_dags/example_task_group_decorator.py took 0.077 seconds
[2023-09-19T13:46:49.904+0000] {processor.py:157} INFO - Started process (PID=2360) to work on /home/airflow/.local/lib/python3.8/site-packages/airflow/example_dags/example_task_group_decorator.py
[2023-09-19T13:46:49.905+0000] {processor.py:829} INFO - Processing file /home/airflow/.local/lib/python3.8/site-packages/airflow/example_dags/example_task_group_decorator.py for tasks to queue
[2023-09-19T13:46:49.906+0000] {logging_mixin.py:151} INFO - [2023-09-19T13:46:49.906+0000] {dagbag.py:539} INFO - Filling up the DagBag from /home/airflow/.local/lib/python3.8/site-packages/airflow/example_dags/example_task_group_decorator.py
[2023-09-19T13:46:49.918+0000] {processor.py:839} INFO - DAG(s) dict_keys(['example_task_group_decorator']) retrieved from /home/airflow/.local/lib/python3.8/site-packages/airflow/example_dags/example_task_group_decorator.py
[2023-09-19T13:46:49.938+0000] {logging_mixin.py:151} INFO - [2023-09-19T13:46:49.937+0000] {dag.py:2915} INFO - Sync 1 DAGs
[2023-09-19T13:46:49.961+0000] {logging_mixin.py:151} INFO - [2023-09-19T13:46:49.961+0000] {dag.py:3696} INFO - Setting next_dagrun for example_task_group_decorator to 2023-09-18T13:46:49.961126+00:00, run_after=2023-09-19T13:46:49.961126+00:00
[2023-09-19T13:46:49.986+0000] {processor.py:179} INFO - Processing /home/airflow/.local/lib/python3.8/site-packages/airflow/example_dags/example_task_group_decorator.py took 0.084 seconds
[2023-09-19T13:47:20.524+0000] {processor.py:157} INFO - Started process (PID=2596) to work on /home/airflow/.local/lib/python3.8/site-packages/airflow/example_dags/example_task_group_decorator.py
[2023-09-19T13:47:20.527+0000] {processor.py:829} INFO - Processing file /home/airflow/.local/lib/python3.8/site-packages/airflow/example_dags/example_task_group_decorator.py for tasks to queue
[2023-09-19T13:47:20.528+0000] {logging_mixin.py:151} INFO - [2023-09-19T13:47:20.527+0000] {dagbag.py:539} INFO - Filling up the DagBag from /home/airflow/.local/lib/python3.8/site-packages/airflow/example_dags/example_task_group_decorator.py
[2023-09-19T13:47:20.544+0000] {processor.py:839} INFO - DAG(s) dict_keys(['example_task_group_decorator']) retrieved from /home/airflow/.local/lib/python3.8/site-packages/airflow/example_dags/example_task_group_decorator.py
[2023-09-19T13:47:20.576+0000] {logging_mixin.py:151} INFO - [2023-09-19T13:47:20.576+0000] {dag.py:2915} INFO - Sync 1 DAGs
[2023-09-19T13:47:20.607+0000] {logging_mixin.py:151} INFO - [2023-09-19T13:47:20.607+0000] {dag.py:3696} INFO - Setting next_dagrun for example_task_group_decorator to 2023-09-18T13:47:20.607184+00:00, run_after=2023-09-19T13:47:20.607184+00:00
[2023-09-19T13:47:20.651+0000] {processor.py:179} INFO - Processing /home/airflow/.local/lib/python3.8/site-packages/airflow/example_dags/example_task_group_decorator.py took 0.131 seconds
[2023-09-19T13:47:51.360+0000] {processor.py:157} INFO - Started process (PID=2834) to work on /home/airflow/.local/lib/python3.8/site-packages/airflow/example_dags/example_task_group_decorator.py
[2023-09-19T13:47:51.361+0000] {processor.py:829} INFO - Processing file /home/airflow/.local/lib/python3.8/site-packages/airflow/example_dags/example_task_group_decorator.py for tasks to queue
[2023-09-19T13:47:51.362+0000] {logging_mixin.py:151} INFO - [2023-09-19T13:47:51.362+0000] {dagbag.py:539} INFO - Filling up the DagBag from /home/airflow/.local/lib/python3.8/site-packages/airflow/example_dags/example_task_group_decorator.py
[2023-09-19T13:47:51.374+0000] {processor.py:839} INFO - DAG(s) dict_keys(['example_task_group_decorator']) retrieved from /home/airflow/.local/lib/python3.8/site-packages/airflow/example_dags/example_task_group_decorator.py
[2023-09-19T13:47:51.395+0000] {logging_mixin.py:151} INFO - [2023-09-19T13:47:51.395+0000] {dag.py:2915} INFO - Sync 1 DAGs
[2023-09-19T13:47:51.417+0000] {logging_mixin.py:151} INFO - [2023-09-19T13:47:51.417+0000] {dag.py:3696} INFO - Setting next_dagrun for example_task_group_decorator to 2023-09-18T13:47:51.417464+00:00, run_after=2023-09-19T13:47:51.417464+00:00
[2023-09-19T13:47:51.436+0000] {processor.py:179} INFO - Processing /home/airflow/.local/lib/python3.8/site-packages/airflow/example_dags/example_task_group_decorator.py took 0.078 seconds
[2023-09-19T13:48:21.793+0000] {processor.py:157} INFO - Started process (PID=3072) to work on /home/airflow/.local/lib/python3.8/site-packages/airflow/example_dags/example_task_group_decorator.py
[2023-09-19T13:48:21.794+0000] {processor.py:829} INFO - Processing file /home/airflow/.local/lib/python3.8/site-packages/airflow/example_dags/example_task_group_decorator.py for tasks to queue
[2023-09-19T13:48:21.795+0000] {logging_mixin.py:151} INFO - [2023-09-19T13:48:21.795+0000] {dagbag.py:539} INFO - Filling up the DagBag from /home/airflow/.local/lib/python3.8/site-packages/airflow/example_dags/example_task_group_decorator.py
[2023-09-19T13:48:21.807+0000] {processor.py:839} INFO - DAG(s) dict_keys(['example_task_group_decorator']) retrieved from /home/airflow/.local/lib/python3.8/site-packages/airflow/example_dags/example_task_group_decorator.py
[2023-09-19T13:48:21.832+0000] {logging_mixin.py:151} INFO - [2023-09-19T13:48:21.832+0000] {dag.py:2915} INFO - Sync 1 DAGs
[2023-09-19T13:48:21.854+0000] {logging_mixin.py:151} INFO - [2023-09-19T13:48:21.854+0000] {dag.py:3696} INFO - Setting next_dagrun for example_task_group_decorator to 2023-09-18T13:48:21.853818+00:00, run_after=2023-09-19T13:48:21.853818+00:00
[2023-09-19T13:48:21.872+0000] {processor.py:179} INFO - Processing /home/airflow/.local/lib/python3.8/site-packages/airflow/example_dags/example_task_group_decorator.py took 0.081 seconds
[2023-09-19T13:48:52.212+0000] {processor.py:157} INFO - Started process (PID=3312) to work on /home/airflow/.local/lib/python3.8/site-packages/airflow/example_dags/example_task_group_decorator.py
[2023-09-19T13:48:52.212+0000] {processor.py:829} INFO - Processing file /home/airflow/.local/lib/python3.8/site-packages/airflow/example_dags/example_task_group_decorator.py for tasks to queue
[2023-09-19T13:48:52.213+0000] {logging_mixin.py:151} INFO - [2023-09-19T13:48:52.213+0000] {dagbag.py:539} INFO - Filling up the DagBag from /home/airflow/.local/lib/python3.8/site-packages/airflow/example_dags/example_task_group_decorator.py
[2023-09-19T13:48:52.225+0000] {processor.py:839} INFO - DAG(s) dict_keys(['example_task_group_decorator']) retrieved from /home/airflow/.local/lib/python3.8/site-packages/airflow/example_dags/example_task_group_decorator.py
[2023-09-19T13:48:52.245+0000] {logging_mixin.py:151} INFO - [2023-09-19T13:48:52.245+0000] {dag.py:2915} INFO - Sync 1 DAGs
[2023-09-19T13:48:52.266+0000] {logging_mixin.py:151} INFO - [2023-09-19T13:48:52.266+0000] {dag.py:3696} INFO - Setting next_dagrun for example_task_group_decorator to 2023-09-18T13:48:52.265916+00:00, run_after=2023-09-19T13:48:52.265916+00:00
[2023-09-19T13:48:52.288+0000] {processor.py:179} INFO - Processing /home/airflow/.local/lib/python3.8/site-packages/airflow/example_dags/example_task_group_decorator.py took 0.078 seconds
[2023-09-19T13:49:22.746+0000] {processor.py:157} INFO - Started process (PID=3548) to work on /home/airflow/.local/lib/python3.8/site-packages/airflow/example_dags/example_task_group_decorator.py
[2023-09-19T13:49:22.747+0000] {processor.py:829} INFO - Processing file /home/airflow/.local/lib/python3.8/site-packages/airflow/example_dags/example_task_group_decorator.py for tasks to queue
[2023-09-19T13:49:22.748+0000] {logging_mixin.py:151} INFO - [2023-09-19T13:49:22.747+0000] {dagbag.py:539} INFO - Filling up the DagBag from /home/airflow/.local/lib/python3.8/site-packages/airflow/example_dags/example_task_group_decorator.py
[2023-09-19T13:49:22.762+0000] {processor.py:839} INFO - DAG(s) dict_keys(['example_task_group_decorator']) retrieved from /home/airflow/.local/lib/python3.8/site-packages/airflow/example_dags/example_task_group_decorator.py
[2023-09-19T13:49:22.790+0000] {logging_mixin.py:151} INFO - [2023-09-19T13:49:22.790+0000] {dag.py:2915} INFO - Sync 1 DAGs
[2023-09-19T13:49:22.811+0000] {logging_mixin.py:151} INFO - [2023-09-19T13:49:22.811+0000] {dag.py:3696} INFO - Setting next_dagrun for example_task_group_decorator to 2023-09-18T13:49:22.810968+00:00, run_after=2023-09-19T13:49:22.810968+00:00
[2023-09-19T13:49:22.838+0000] {processor.py:179} INFO - Processing /home/airflow/.local/lib/python3.8/site-packages/airflow/example_dags/example_task_group_decorator.py took 0.096 seconds
[2023-09-19T13:49:53.414+0000] {processor.py:157} INFO - Started process (PID=3788) to work on /home/airflow/.local/lib/python3.8/site-packages/airflow/example_dags/example_task_group_decorator.py
[2023-09-19T13:49:53.415+0000] {processor.py:829} INFO - Processing file /home/airflow/.local/lib/python3.8/site-packages/airflow/example_dags/example_task_group_decorator.py for tasks to queue
[2023-09-19T13:49:53.416+0000] {logging_mixin.py:151} INFO - [2023-09-19T13:49:53.416+0000] {dagbag.py:539} INFO - Filling up the DagBag from /home/airflow/.local/lib/python3.8/site-packages/airflow/example_dags/example_task_group_decorator.py
[2023-09-19T13:49:53.428+0000] {processor.py:839} INFO - DAG(s) dict_keys(['example_task_group_decorator']) retrieved from /home/airflow/.local/lib/python3.8/site-packages/airflow/example_dags/example_task_group_decorator.py
[2023-09-19T13:49:53.450+0000] {logging_mixin.py:151} INFO - [2023-09-19T13:49:53.449+0000] {dag.py:2915} INFO - Sync 1 DAGs
[2023-09-19T13:49:53.474+0000] {logging_mixin.py:151} INFO - [2023-09-19T13:49:53.474+0000] {dag.py:3696} INFO - Setting next_dagrun for example_task_group_decorator to 2023-09-18T13:49:53.474230+00:00, run_after=2023-09-19T13:49:53.474230+00:00
[2023-09-19T13:49:53.493+0000] {processor.py:179} INFO - Processing /home/airflow/.local/lib/python3.8/site-packages/airflow/example_dags/example_task_group_decorator.py took 0.083 seconds
[2023-09-19T13:50:24.009+0000] {processor.py:157} INFO - Started process (PID=4026) to work on /home/airflow/.local/lib/python3.8/site-packages/airflow/example_dags/example_task_group_decorator.py
[2023-09-19T13:50:24.010+0000] {processor.py:829} INFO - Processing file /home/airflow/.local/lib/python3.8/site-packages/airflow/example_dags/example_task_group_decorator.py for tasks to queue
[2023-09-19T13:50:24.011+0000] {logging_mixin.py:151} INFO - [2023-09-19T13:50:24.011+0000] {dagbag.py:539} INFO - Filling up the DagBag from /home/airflow/.local/lib/python3.8/site-packages/airflow/example_dags/example_task_group_decorator.py
[2023-09-19T13:50:24.023+0000] {processor.py:839} INFO - DAG(s) dict_keys(['example_task_group_decorator']) retrieved from /home/airflow/.local/lib/python3.8/site-packages/airflow/example_dags/example_task_group_decorator.py
[2023-09-19T13:50:24.042+0000] {logging_mixin.py:151} INFO - [2023-09-19T13:50:24.042+0000] {dag.py:2915} INFO - Sync 1 DAGs
[2023-09-19T13:50:24.062+0000] {logging_mixin.py:151} INFO - [2023-09-19T13:50:24.062+0000] {dag.py:3696} INFO - Setting next_dagrun for example_task_group_decorator to 2023-09-18T13:50:24.062251+00:00, run_after=2023-09-19T13:50:24.062251+00:00
[2023-09-19T13:50:24.080+0000] {processor.py:179} INFO - Processing /home/airflow/.local/lib/python3.8/site-packages/airflow/example_dags/example_task_group_decorator.py took 0.073 seconds
[2023-09-19T13:50:54.446+0000] {processor.py:157} INFO - Started process (PID=4261) to work on /home/airflow/.local/lib/python3.8/site-packages/airflow/example_dags/example_task_group_decorator.py
[2023-09-19T13:50:54.447+0000] {processor.py:829} INFO - Processing file /home/airflow/.local/lib/python3.8/site-packages/airflow/example_dags/example_task_group_decorator.py for tasks to queue
[2023-09-19T13:50:54.448+0000] {logging_mixin.py:151} INFO - [2023-09-19T13:50:54.447+0000] {dagbag.py:539} INFO - Filling up the DagBag from /home/airflow/.local/lib/python3.8/site-packages/airflow/example_dags/example_task_group_decorator.py
[2023-09-19T13:50:54.460+0000] {processor.py:839} INFO - DAG(s) dict_keys(['example_task_group_decorator']) retrieved from /home/airflow/.local/lib/python3.8/site-packages/airflow/example_dags/example_task_group_decorator.py
[2023-09-19T13:50:54.482+0000] {logging_mixin.py:151} INFO - [2023-09-19T13:50:54.482+0000] {dag.py:2915} INFO - Sync 1 DAGs
[2023-09-19T13:50:54.500+0000] {logging_mixin.py:151} INFO - [2023-09-19T13:50:54.500+0000] {dag.py:3696} INFO - Setting next_dagrun for example_task_group_decorator to 2023-09-18T13:50:54.499790+00:00, run_after=2023-09-19T13:50:54.499790+00:00
[2023-09-19T13:50:54.519+0000] {processor.py:179} INFO - Processing /home/airflow/.local/lib/python3.8/site-packages/airflow/example_dags/example_task_group_decorator.py took 0.075 seconds
[2023-09-19T13:51:24.884+0000] {processor.py:157} INFO - Started process (PID=4499) to work on /home/airflow/.local/lib/python3.8/site-packages/airflow/example_dags/example_task_group_decorator.py
[2023-09-19T13:51:24.885+0000] {processor.py:829} INFO - Processing file /home/airflow/.local/lib/python3.8/site-packages/airflow/example_dags/example_task_group_decorator.py for tasks to queue
[2023-09-19T13:51:24.885+0000] {logging_mixin.py:151} INFO - [2023-09-19T13:51:24.885+0000] {dagbag.py:539} INFO - Filling up the DagBag from /home/airflow/.local/lib/python3.8/site-packages/airflow/example_dags/example_task_group_decorator.py
[2023-09-19T13:51:24.897+0000] {processor.py:839} INFO - DAG(s) dict_keys(['example_task_group_decorator']) retrieved from /home/airflow/.local/lib/python3.8/site-packages/airflow/example_dags/example_task_group_decorator.py
[2023-09-19T13:51:24.918+0000] {logging_mixin.py:151} INFO - [2023-09-19T13:51:24.917+0000] {dag.py:2915} INFO - Sync 1 DAGs
[2023-09-19T13:51:24.943+0000] {logging_mixin.py:151} INFO - [2023-09-19T13:51:24.943+0000] {dag.py:3696} INFO - Setting next_dagrun for example_task_group_decorator to 2023-09-18T13:51:24.943578+00:00, run_after=2023-09-19T13:51:24.943578+00:00
[2023-09-19T13:51:24.965+0000] {processor.py:179} INFO - Processing /home/airflow/.local/lib/python3.8/site-packages/airflow/example_dags/example_task_group_decorator.py took 0.084 seconds
[2023-09-19T13:51:55.319+0000] {processor.py:157} INFO - Started process (PID=4739) to work on /home/airflow/.local/lib/python3.8/site-packages/airflow/example_dags/example_task_group_decorator.py
[2023-09-19T13:51:55.320+0000] {processor.py:829} INFO - Processing file /home/airflow/.local/lib/python3.8/site-packages/airflow/example_dags/example_task_group_decorator.py for tasks to queue
[2023-09-19T13:51:55.321+0000] {logging_mixin.py:151} INFO - [2023-09-19T13:51:55.321+0000] {dagbag.py:539} INFO - Filling up the DagBag from /home/airflow/.local/lib/python3.8/site-packages/airflow/example_dags/example_task_group_decorator.py
[2023-09-19T13:51:55.331+0000] {processor.py:839} INFO - DAG(s) dict_keys(['example_task_group_decorator']) retrieved from /home/airflow/.local/lib/python3.8/site-packages/airflow/example_dags/example_task_group_decorator.py
[2023-09-19T13:51:55.353+0000] {logging_mixin.py:151} INFO - [2023-09-19T13:51:55.353+0000] {dag.py:2915} INFO - Sync 1 DAGs
[2023-09-19T13:51:55.369+0000] {logging_mixin.py:151} INFO - [2023-09-19T13:51:55.369+0000] {dag.py:3696} INFO - Setting next_dagrun for example_task_group_decorator to 2023-09-18T13:51:55.369114+00:00, run_after=2023-09-19T13:51:55.369114+00:00
[2023-09-19T13:51:55.388+0000] {processor.py:179} INFO - Processing /home/airflow/.local/lib/python3.8/site-packages/airflow/example_dags/example_task_group_decorator.py took 0.073 seconds
[2023-09-19T13:52:25.527+0000] {processor.py:157} INFO - Started process (PID=4977) to work on /home/airflow/.local/lib/python3.8/site-packages/airflow/example_dags/example_task_group_decorator.py
[2023-09-19T13:52:25.528+0000] {processor.py:829} INFO - Processing file /home/airflow/.local/lib/python3.8/site-packages/airflow/example_dags/example_task_group_decorator.py for tasks to queue
[2023-09-19T13:52:25.529+0000] {logging_mixin.py:151} INFO - [2023-09-19T13:52:25.529+0000] {dagbag.py:539} INFO - Filling up the DagBag from /home/airflow/.local/lib/python3.8/site-packages/airflow/example_dags/example_task_group_decorator.py
[2023-09-19T13:52:25.540+0000] {processor.py:839} INFO - DAG(s) dict_keys(['example_task_group_decorator']) retrieved from /home/airflow/.local/lib/python3.8/site-packages/airflow/example_dags/example_task_group_decorator.py
[2023-09-19T13:52:25.561+0000] {logging_mixin.py:151} INFO - [2023-09-19T13:52:25.560+0000] {dag.py:2915} INFO - Sync 1 DAGs
[2023-09-19T13:52:25.580+0000] {logging_mixin.py:151} INFO - [2023-09-19T13:52:25.580+0000] {dag.py:3696} INFO - Setting next_dagrun for example_task_group_decorator to 2023-09-18T13:52:25.580059+00:00, run_after=2023-09-19T13:52:25.580059+00:00
[2023-09-19T13:52:25.598+0000] {processor.py:179} INFO - Processing /home/airflow/.local/lib/python3.8/site-packages/airflow/example_dags/example_task_group_decorator.py took 0.075 seconds
[2023-09-19T13:52:55.767+0000] {processor.py:157} INFO - Started process (PID=5216) to work on /home/airflow/.local/lib/python3.8/site-packages/airflow/example_dags/example_task_group_decorator.py
[2023-09-19T13:52:55.768+0000] {processor.py:829} INFO - Processing file /home/airflow/.local/lib/python3.8/site-packages/airflow/example_dags/example_task_group_decorator.py for tasks to queue
[2023-09-19T13:52:55.769+0000] {logging_mixin.py:151} INFO - [2023-09-19T13:52:55.769+0000] {dagbag.py:539} INFO - Filling up the DagBag from /home/airflow/.local/lib/python3.8/site-packages/airflow/example_dags/example_task_group_decorator.py
[2023-09-19T13:52:55.780+0000] {processor.py:839} INFO - DAG(s) dict_keys(['example_task_group_decorator']) retrieved from /home/airflow/.local/lib/python3.8/site-packages/airflow/example_dags/example_task_group_decorator.py
[2023-09-19T13:52:55.800+0000] {logging_mixin.py:151} INFO - [2023-09-19T13:52:55.799+0000] {dag.py:2915} INFO - Sync 1 DAGs
[2023-09-19T13:52:55.816+0000] {logging_mixin.py:151} INFO - [2023-09-19T13:52:55.816+0000] {dag.py:3696} INFO - Setting next_dagrun for example_task_group_decorator to 2023-09-18T13:52:55.815817+00:00, run_after=2023-09-19T13:52:55.815817+00:00
[2023-09-19T13:52:55.832+0000] {processor.py:179} INFO - Processing /home/airflow/.local/lib/python3.8/site-packages/airflow/example_dags/example_task_group_decorator.py took 0.067 seconds
[2023-09-19T13:53:26.034+0000] {processor.py:157} INFO - Started process (PID=5454) to work on /home/airflow/.local/lib/python3.8/site-packages/airflow/example_dags/example_task_group_decorator.py
[2023-09-19T13:53:26.035+0000] {processor.py:829} INFO - Processing file /home/airflow/.local/lib/python3.8/site-packages/airflow/example_dags/example_task_group_decorator.py for tasks to queue
[2023-09-19T13:53:26.036+0000] {logging_mixin.py:151} INFO - [2023-09-19T13:53:26.035+0000] {dagbag.py:539} INFO - Filling up the DagBag from /home/airflow/.local/lib/python3.8/site-packages/airflow/example_dags/example_task_group_decorator.py
[2023-09-19T13:53:26.048+0000] {processor.py:839} INFO - DAG(s) dict_keys(['example_task_group_decorator']) retrieved from /home/airflow/.local/lib/python3.8/site-packages/airflow/example_dags/example_task_group_decorator.py
[2023-09-19T13:53:26.068+0000] {logging_mixin.py:151} INFO - [2023-09-19T13:53:26.068+0000] {dag.py:2915} INFO - Sync 1 DAGs
[2023-09-19T13:53:26.084+0000] {logging_mixin.py:151} INFO - [2023-09-19T13:53:26.084+0000] {dag.py:3696} INFO - Setting next_dagrun for example_task_group_decorator to 2023-09-18T13:53:26.084181+00:00, run_after=2023-09-19T13:53:26.084181+00:00
[2023-09-19T13:53:26.100+0000] {processor.py:179} INFO - Processing /home/airflow/.local/lib/python3.8/site-packages/airflow/example_dags/example_task_group_decorator.py took 0.070 seconds
[2023-09-19T13:53:56.326+0000] {processor.py:157} INFO - Started process (PID=5692) to work on /home/airflow/.local/lib/python3.8/site-packages/airflow/example_dags/example_task_group_decorator.py
[2023-09-19T13:53:56.327+0000] {processor.py:829} INFO - Processing file /home/airflow/.local/lib/python3.8/site-packages/airflow/example_dags/example_task_group_decorator.py for tasks to queue
[2023-09-19T13:53:56.327+0000] {logging_mixin.py:151} INFO - [2023-09-19T13:53:56.327+0000] {dagbag.py:539} INFO - Filling up the DagBag from /home/airflow/.local/lib/python3.8/site-packages/airflow/example_dags/example_task_group_decorator.py
[2023-09-19T13:53:56.338+0000] {processor.py:839} INFO - DAG(s) dict_keys(['example_task_group_decorator']) retrieved from /home/airflow/.local/lib/python3.8/site-packages/airflow/example_dags/example_task_group_decorator.py
[2023-09-19T13:53:56.359+0000] {logging_mixin.py:151} INFO - [2023-09-19T13:53:56.359+0000] {dag.py:2915} INFO - Sync 1 DAGs
[2023-09-19T13:53:56.377+0000] {logging_mixin.py:151} INFO - [2023-09-19T13:53:56.377+0000] {dag.py:3696} INFO - Setting next_dagrun for example_task_group_decorator to 2023-09-18T13:53:56.376855+00:00, run_after=2023-09-19T13:53:56.376855+00:00
[2023-09-19T13:53:56.393+0000] {processor.py:179} INFO - Processing /home/airflow/.local/lib/python3.8/site-packages/airflow/example_dags/example_task_group_decorator.py took 0.071 seconds
[2023-09-19T13:54:26.700+0000] {processor.py:157} INFO - Started process (PID=5930) to work on /home/airflow/.local/lib/python3.8/site-packages/airflow/example_dags/example_task_group_decorator.py
[2023-09-19T13:54:26.701+0000] {processor.py:829} INFO - Processing file /home/airflow/.local/lib/python3.8/site-packages/airflow/example_dags/example_task_group_decorator.py for tasks to queue
[2023-09-19T13:54:26.701+0000] {logging_mixin.py:151} INFO - [2023-09-19T13:54:26.701+0000] {dagbag.py:539} INFO - Filling up the DagBag from /home/airflow/.local/lib/python3.8/site-packages/airflow/example_dags/example_task_group_decorator.py
[2023-09-19T13:54:26.712+0000] {processor.py:839} INFO - DAG(s) dict_keys(['example_task_group_decorator']) retrieved from /home/airflow/.local/lib/python3.8/site-packages/airflow/example_dags/example_task_group_decorator.py
[2023-09-19T13:54:26.731+0000] {logging_mixin.py:151} INFO - [2023-09-19T13:54:26.731+0000] {dag.py:2915} INFO - Sync 1 DAGs
[2023-09-19T13:54:26.749+0000] {logging_mixin.py:151} INFO - [2023-09-19T13:54:26.749+0000] {dag.py:3696} INFO - Setting next_dagrun for example_task_group_decorator to 2023-09-18T13:54:26.749260+00:00, run_after=2023-09-19T13:54:26.749260+00:00
[2023-09-19T13:54:26.767+0000] {processor.py:179} INFO - Processing /home/airflow/.local/lib/python3.8/site-packages/airflow/example_dags/example_task_group_decorator.py took 0.069 seconds
[2023-09-19T13:54:57.126+0000] {processor.py:157} INFO - Started process (PID=6166) to work on /home/airflow/.local/lib/python3.8/site-packages/airflow/example_dags/example_task_group_decorator.py
[2023-09-19T13:54:57.127+0000] {processor.py:829} INFO - Processing file /home/airflow/.local/lib/python3.8/site-packages/airflow/example_dags/example_task_group_decorator.py for tasks to queue
[2023-09-19T13:54:57.128+0000] {logging_mixin.py:151} INFO - [2023-09-19T13:54:57.128+0000] {dagbag.py:539} INFO - Filling up the DagBag from /home/airflow/.local/lib/python3.8/site-packages/airflow/example_dags/example_task_group_decorator.py
[2023-09-19T13:54:57.139+0000] {processor.py:839} INFO - DAG(s) dict_keys(['example_task_group_decorator']) retrieved from /home/airflow/.local/lib/python3.8/site-packages/airflow/example_dags/example_task_group_decorator.py
[2023-09-19T13:54:57.160+0000] {logging_mixin.py:151} INFO - [2023-09-19T13:54:57.160+0000] {dag.py:2915} INFO - Sync 1 DAGs
[2023-09-19T13:54:57.178+0000] {logging_mixin.py:151} INFO - [2023-09-19T13:54:57.178+0000] {dag.py:3696} INFO - Setting next_dagrun for example_task_group_decorator to 2023-09-18T13:54:57.177932+00:00, run_after=2023-09-19T13:54:57.177932+00:00
[2023-09-19T13:54:57.199+0000] {processor.py:179} INFO - Processing /home/airflow/.local/lib/python3.8/site-packages/airflow/example_dags/example_task_group_decorator.py took 0.075 seconds
[2023-09-19T13:55:27.399+0000] {processor.py:157} INFO - Started process (PID=6406) to work on /home/airflow/.local/lib/python3.8/site-packages/airflow/example_dags/example_task_group_decorator.py
[2023-09-19T13:55:27.400+0000] {processor.py:829} INFO - Processing file /home/airflow/.local/lib/python3.8/site-packages/airflow/example_dags/example_task_group_decorator.py for tasks to queue
[2023-09-19T13:55:27.400+0000] {logging_mixin.py:151} INFO - [2023-09-19T13:55:27.400+0000] {dagbag.py:539} INFO - Filling up the DagBag from /home/airflow/.local/lib/python3.8/site-packages/airflow/example_dags/example_task_group_decorator.py
[2023-09-19T13:55:27.412+0000] {processor.py:839} INFO - DAG(s) dict_keys(['example_task_group_decorator']) retrieved from /home/airflow/.local/lib/python3.8/site-packages/airflow/example_dags/example_task_group_decorator.py
[2023-09-19T13:55:27.432+0000] {logging_mixin.py:151} INFO - [2023-09-19T13:55:27.431+0000] {dag.py:2915} INFO - Sync 1 DAGs
[2023-09-19T13:55:27.447+0000] {logging_mixin.py:151} INFO - [2023-09-19T13:55:27.446+0000] {dag.py:3696} INFO - Setting next_dagrun for example_task_group_decorator to 2023-09-18T13:55:27.446664+00:00, run_after=2023-09-19T13:55:27.446664+00:00
[2023-09-19T13:55:27.462+0000] {processor.py:179} INFO - Processing /home/airflow/.local/lib/python3.8/site-packages/airflow/example_dags/example_task_group_decorator.py took 0.065 seconds
[2023-09-19T13:55:57.557+0000] {processor.py:157} INFO - Started process (PID=6644) to work on /home/airflow/.local/lib/python3.8/site-packages/airflow/example_dags/example_task_group_decorator.py
[2023-09-19T13:55:57.559+0000] {processor.py:829} INFO - Processing file /home/airflow/.local/lib/python3.8/site-packages/airflow/example_dags/example_task_group_decorator.py for tasks to queue
[2023-09-19T13:55:57.560+0000] {logging_mixin.py:151} INFO - [2023-09-19T13:55:57.559+0000] {dagbag.py:539} INFO - Filling up the DagBag from /home/airflow/.local/lib/python3.8/site-packages/airflow/example_dags/example_task_group_decorator.py
[2023-09-19T13:55:57.571+0000] {processor.py:839} INFO - DAG(s) dict_keys(['example_task_group_decorator']) retrieved from /home/airflow/.local/lib/python3.8/site-packages/airflow/example_dags/example_task_group_decorator.py
[2023-09-19T13:55:57.590+0000] {logging_mixin.py:151} INFO - [2023-09-19T13:55:57.590+0000] {dag.py:2915} INFO - Sync 1 DAGs
[2023-09-19T13:55:57.611+0000] {logging_mixin.py:151} INFO - [2023-09-19T13:55:57.610+0000] {dag.py:3696} INFO - Setting next_dagrun for example_task_group_decorator to 2023-09-18T13:55:57.610567+00:00, run_after=2023-09-19T13:55:57.610567+00:00
[2023-09-19T13:55:57.628+0000] {processor.py:179} INFO - Processing /home/airflow/.local/lib/python3.8/site-packages/airflow/example_dags/example_task_group_decorator.py took 0.073 seconds
[2023-09-19T13:56:27.716+0000] {processor.py:157} INFO - Started process (PID=6882) to work on /home/airflow/.local/lib/python3.8/site-packages/airflow/example_dags/example_task_group_decorator.py
[2023-09-19T13:56:27.717+0000] {processor.py:829} INFO - Processing file /home/airflow/.local/lib/python3.8/site-packages/airflow/example_dags/example_task_group_decorator.py for tasks to queue
[2023-09-19T13:56:27.718+0000] {logging_mixin.py:151} INFO - [2023-09-19T13:56:27.717+0000] {dagbag.py:539} INFO - Filling up the DagBag from /home/airflow/.local/lib/python3.8/site-packages/airflow/example_dags/example_task_group_decorator.py
[2023-09-19T13:56:27.728+0000] {processor.py:839} INFO - DAG(s) dict_keys(['example_task_group_decorator']) retrieved from /home/airflow/.local/lib/python3.8/site-packages/airflow/example_dags/example_task_group_decorator.py
[2023-09-19T13:56:27.746+0000] {logging_mixin.py:151} INFO - [2023-09-19T13:56:27.746+0000] {dag.py:2915} INFO - Sync 1 DAGs
[2023-09-19T13:56:27.764+0000] {logging_mixin.py:151} INFO - [2023-09-19T13:56:27.764+0000] {dag.py:3696} INFO - Setting next_dagrun for example_task_group_decorator to 2023-09-18T13:56:27.764456+00:00, run_after=2023-09-19T13:56:27.764456+00:00
[2023-09-19T13:56:27.782+0000] {processor.py:179} INFO - Processing /home/airflow/.local/lib/python3.8/site-packages/airflow/example_dags/example_task_group_decorator.py took 0.067 seconds
[2023-09-19T13:56:58.013+0000] {processor.py:157} INFO - Started process (PID=7119) to work on /home/airflow/.local/lib/python3.8/site-packages/airflow/example_dags/example_task_group_decorator.py
[2023-09-19T13:56:58.015+0000] {processor.py:829} INFO - Processing file /home/airflow/.local/lib/python3.8/site-packages/airflow/example_dags/example_task_group_decorator.py for tasks to queue
[2023-09-19T13:56:58.015+0000] {logging_mixin.py:151} INFO - [2023-09-19T13:56:58.015+0000] {dagbag.py:539} INFO - Filling up the DagBag from /home/airflow/.local/lib/python3.8/site-packages/airflow/example_dags/example_task_group_decorator.py
[2023-09-19T13:56:58.026+0000] {processor.py:839} INFO - DAG(s) dict_keys(['example_task_group_decorator']) retrieved from /home/airflow/.local/lib/python3.8/site-packages/airflow/example_dags/example_task_group_decorator.py
[2023-09-19T13:56:58.044+0000] {logging_mixin.py:151} INFO - [2023-09-19T13:56:58.044+0000] {dag.py:2915} INFO - Sync 1 DAGs
[2023-09-19T13:56:58.062+0000] {logging_mixin.py:151} INFO - [2023-09-19T13:56:58.062+0000] {dag.py:3696} INFO - Setting next_dagrun for example_task_group_decorator to 2023-09-18T13:56:58.062213+00:00, run_after=2023-09-19T13:56:58.062213+00:00
[2023-09-19T13:56:58.078+0000] {processor.py:179} INFO - Processing /home/airflow/.local/lib/python3.8/site-packages/airflow/example_dags/example_task_group_decorator.py took 0.067 seconds
[2023-09-19T13:57:28.475+0000] {processor.py:157} INFO - Started process (PID=7358) to work on /home/airflow/.local/lib/python3.8/site-packages/airflow/example_dags/example_task_group_decorator.py
[2023-09-19T13:57:28.486+0000] {processor.py:829} INFO - Processing file /home/airflow/.local/lib/python3.8/site-packages/airflow/example_dags/example_task_group_decorator.py for tasks to queue
[2023-09-19T13:57:28.487+0000] {logging_mixin.py:151} INFO - [2023-09-19T13:57:28.487+0000] {dagbag.py:539} INFO - Filling up the DagBag from /home/airflow/.local/lib/python3.8/site-packages/airflow/example_dags/example_task_group_decorator.py
[2023-09-19T13:57:28.500+0000] {processor.py:839} INFO - DAG(s) dict_keys(['example_task_group_decorator']) retrieved from /home/airflow/.local/lib/python3.8/site-packages/airflow/example_dags/example_task_group_decorator.py
[2023-09-19T13:57:28.527+0000] {logging_mixin.py:151} INFO - [2023-09-19T13:57:28.526+0000] {dag.py:2915} INFO - Sync 1 DAGs
[2023-09-19T13:57:28.547+0000] {logging_mixin.py:151} INFO - [2023-09-19T13:57:28.547+0000] {dag.py:3696} INFO - Setting next_dagrun for example_task_group_decorator to 2023-09-18T13:57:28.546824+00:00, run_after=2023-09-19T13:57:28.546824+00:00
[2023-09-19T13:57:28.577+0000] {processor.py:179} INFO - Processing /home/airflow/.local/lib/python3.8/site-packages/airflow/example_dags/example_task_group_decorator.py took 0.108 seconds
[2023-09-19T13:57:58.779+0000] {processor.py:157} INFO - Started process (PID=7597) to work on /home/airflow/.local/lib/python3.8/site-packages/airflow/example_dags/example_task_group_decorator.py
[2023-09-19T13:57:58.780+0000] {processor.py:829} INFO - Processing file /home/airflow/.local/lib/python3.8/site-packages/airflow/example_dags/example_task_group_decorator.py for tasks to queue
[2023-09-19T13:57:58.781+0000] {logging_mixin.py:151} INFO - [2023-09-19T13:57:58.780+0000] {dagbag.py:539} INFO - Filling up the DagBag from /home/airflow/.local/lib/python3.8/site-packages/airflow/example_dags/example_task_group_decorator.py
[2023-09-19T13:57:58.792+0000] {processor.py:839} INFO - DAG(s) dict_keys(['example_task_group_decorator']) retrieved from /home/airflow/.local/lib/python3.8/site-packages/airflow/example_dags/example_task_group_decorator.py
[2023-09-19T13:57:58.812+0000] {logging_mixin.py:151} INFO - [2023-09-19T13:57:58.812+0000] {dag.py:2915} INFO - Sync 1 DAGs
[2023-09-19T13:57:58.829+0000] {logging_mixin.py:151} INFO - [2023-09-19T13:57:58.829+0000] {dag.py:3696} INFO - Setting next_dagrun for example_task_group_decorator to 2023-09-18T13:57:58.829019+00:00, run_after=2023-09-19T13:57:58.829019+00:00
[2023-09-19T13:57:58.844+0000] {processor.py:179} INFO - Processing /home/airflow/.local/lib/python3.8/site-packages/airflow/example_dags/example_task_group_decorator.py took 0.067 seconds
[2023-09-19T13:58:29.139+0000] {processor.py:157} INFO - Started process (PID=7835) to work on /home/airflow/.local/lib/python3.8/site-packages/airflow/example_dags/example_task_group_decorator.py
[2023-09-19T13:58:29.140+0000] {processor.py:829} INFO - Processing file /home/airflow/.local/lib/python3.8/site-packages/airflow/example_dags/example_task_group_decorator.py for tasks to queue
[2023-09-19T13:58:29.141+0000] {logging_mixin.py:151} INFO - [2023-09-19T13:58:29.140+0000] {dagbag.py:539} INFO - Filling up the DagBag from /home/airflow/.local/lib/python3.8/site-packages/airflow/example_dags/example_task_group_decorator.py
[2023-09-19T13:58:29.153+0000] {processor.py:839} INFO - DAG(s) dict_keys(['example_task_group_decorator']) retrieved from /home/airflow/.local/lib/python3.8/site-packages/airflow/example_dags/example_task_group_decorator.py
[2023-09-19T13:58:29.174+0000] {logging_mixin.py:151} INFO - [2023-09-19T13:58:29.174+0000] {dag.py:2915} INFO - Sync 1 DAGs
[2023-09-19T13:58:29.190+0000] {logging_mixin.py:151} INFO - [2023-09-19T13:58:29.190+0000] {dag.py:3696} INFO - Setting next_dagrun for example_task_group_decorator to 2023-09-18T13:58:29.189987+00:00, run_after=2023-09-19T13:58:29.189987+00:00
[2023-09-19T13:58:29.208+0000] {processor.py:179} INFO - Processing /home/airflow/.local/lib/python3.8/site-packages/airflow/example_dags/example_task_group_decorator.py took 0.072 seconds
[2023-09-19T13:58:59.266+0000] {processor.py:157} INFO - Started process (PID=8071) to work on /home/airflow/.local/lib/python3.8/site-packages/airflow/example_dags/example_task_group_decorator.py
[2023-09-19T13:58:59.267+0000] {processor.py:829} INFO - Processing file /home/airflow/.local/lib/python3.8/site-packages/airflow/example_dags/example_task_group_decorator.py for tasks to queue
[2023-09-19T13:58:59.267+0000] {logging_mixin.py:151} INFO - [2023-09-19T13:58:59.267+0000] {dagbag.py:539} INFO - Filling up the DagBag from /home/airflow/.local/lib/python3.8/site-packages/airflow/example_dags/example_task_group_decorator.py
[2023-09-19T13:58:59.278+0000] {processor.py:839} INFO - DAG(s) dict_keys(['example_task_group_decorator']) retrieved from /home/airflow/.local/lib/python3.8/site-packages/airflow/example_dags/example_task_group_decorator.py
[2023-09-19T13:58:59.301+0000] {logging_mixin.py:151} INFO - [2023-09-19T13:58:59.301+0000] {dag.py:2915} INFO - Sync 1 DAGs
[2023-09-19T13:58:59.317+0000] {logging_mixin.py:151} INFO - [2023-09-19T13:58:59.317+0000] {dag.py:3696} INFO - Setting next_dagrun for example_task_group_decorator to 2023-09-18T13:58:59.317335+00:00, run_after=2023-09-19T13:58:59.317335+00:00
[2023-09-19T13:58:59.335+0000] {processor.py:179} INFO - Processing /home/airflow/.local/lib/python3.8/site-packages/airflow/example_dags/example_task_group_decorator.py took 0.073 seconds
[2023-09-19T13:59:29.494+0000] {processor.py:157} INFO - Started process (PID=8311) to work on /home/airflow/.local/lib/python3.8/site-packages/airflow/example_dags/example_task_group_decorator.py
[2023-09-19T13:59:29.495+0000] {processor.py:829} INFO - Processing file /home/airflow/.local/lib/python3.8/site-packages/airflow/example_dags/example_task_group_decorator.py for tasks to queue
[2023-09-19T13:59:29.496+0000] {logging_mixin.py:151} INFO - [2023-09-19T13:59:29.495+0000] {dagbag.py:539} INFO - Filling up the DagBag from /home/airflow/.local/lib/python3.8/site-packages/airflow/example_dags/example_task_group_decorator.py
[2023-09-19T13:59:29.507+0000] {processor.py:839} INFO - DAG(s) dict_keys(['example_task_group_decorator']) retrieved from /home/airflow/.local/lib/python3.8/site-packages/airflow/example_dags/example_task_group_decorator.py
[2023-09-19T13:59:29.526+0000] {logging_mixin.py:151} INFO - [2023-09-19T13:59:29.526+0000] {dag.py:2915} INFO - Sync 1 DAGs
[2023-09-19T13:59:29.548+0000] {logging_mixin.py:151} INFO - [2023-09-19T13:59:29.548+0000] {dag.py:3696} INFO - Setting next_dagrun for example_task_group_decorator to 2023-09-18T13:59:29.547916+00:00, run_after=2023-09-19T13:59:29.547916+00:00
[2023-09-19T13:59:29.567+0000] {processor.py:179} INFO - Processing /home/airflow/.local/lib/python3.8/site-packages/airflow/example_dags/example_task_group_decorator.py took 0.075 seconds
