[2023-09-19T13:42:08.562+0000] {processor.py:157} INFO - Started process (PID=244) to work on /home/airflow/.local/lib/python3.8/site-packages/airflow/example_dags/example_xcom.py
[2023-09-19T13:42:08.562+0000] {processor.py:829} INFO - Processing file /home/airflow/.local/lib/python3.8/site-packages/airflow/example_dags/example_xcom.py for tasks to queue
[2023-09-19T13:42:08.563+0000] {logging_mixin.py:151} INFO - [2023-09-19T13:42:08.563+0000] {dagbag.py:539} INFO - Filling up the DagBag from /home/airflow/.local/lib/python3.8/site-packages/airflow/example_dags/example_xcom.py
[2023-09-19T13:42:08.570+0000] {processor.py:839} INFO - DAG(s) dict_keys(['example_xcom']) retrieved from /home/airflow/.local/lib/python3.8/site-packages/airflow/example_dags/example_xcom.py
[2023-09-19T13:42:08.587+0000] {logging_mixin.py:151} INFO - [2023-09-19T13:42:08.586+0000] {dag.py:2915} INFO - Sync 1 DAGs
[2023-09-19T13:42:08.606+0000] {logging_mixin.py:151} INFO - [2023-09-19T13:42:08.606+0000] {dag.py:3696} INFO - Setting next_dagrun for example_xcom to 2021-01-01T00:00:00+00:00, run_after=2021-01-01T00:00:00+00:00
[2023-09-19T13:42:08.622+0000] {processor.py:179} INFO - Processing /home/airflow/.local/lib/python3.8/site-packages/airflow/example_dags/example_xcom.py took 0.063 seconds
[2023-09-19T13:42:46.125+0000] {processor.py:157} INFO - Started process (PID=483) to work on /home/airflow/.local/lib/python3.8/site-packages/airflow/example_dags/example_xcom.py
[2023-09-19T13:42:46.126+0000] {processor.py:829} INFO - Processing file /home/airflow/.local/lib/python3.8/site-packages/airflow/example_dags/example_xcom.py for tasks to queue
[2023-09-19T13:42:46.126+0000] {logging_mixin.py:151} INFO - [2023-09-19T13:42:46.126+0000] {dagbag.py:539} INFO - Filling up the DagBag from /home/airflow/.local/lib/python3.8/site-packages/airflow/example_dags/example_xcom.py
[2023-09-19T13:42:46.132+0000] {processor.py:839} INFO - DAG(s) dict_keys(['example_xcom']) retrieved from /home/airflow/.local/lib/python3.8/site-packages/airflow/example_dags/example_xcom.py
[2023-09-19T13:42:46.148+0000] {logging_mixin.py:151} INFO - [2023-09-19T13:42:46.148+0000] {dag.py:2915} INFO - Sync 1 DAGs
[2023-09-19T13:42:46.167+0000] {logging_mixin.py:151} INFO - [2023-09-19T13:42:46.167+0000] {dag.py:3696} INFO - Setting next_dagrun for example_xcom to 2021-01-01T00:00:00+00:00, run_after=2021-01-01T00:00:00+00:00
[2023-09-19T13:42:46.185+0000] {processor.py:179} INFO - Processing /home/airflow/.local/lib/python3.8/site-packages/airflow/example_dags/example_xcom.py took 0.063 seconds
[2023-09-19T13:43:16.991+0000] {processor.py:157} INFO - Started process (PID=721) to work on /home/airflow/.local/lib/python3.8/site-packages/airflow/example_dags/example_xcom.py
[2023-09-19T13:43:16.992+0000] {processor.py:829} INFO - Processing file /home/airflow/.local/lib/python3.8/site-packages/airflow/example_dags/example_xcom.py for tasks to queue
[2023-09-19T13:43:16.993+0000] {logging_mixin.py:151} INFO - [2023-09-19T13:43:16.992+0000] {dagbag.py:539} INFO - Filling up the DagBag from /home/airflow/.local/lib/python3.8/site-packages/airflow/example_dags/example_xcom.py
[2023-09-19T13:43:17.103+0000] {processor.py:839} INFO - DAG(s) dict_keys(['example_xcom']) retrieved from /home/airflow/.local/lib/python3.8/site-packages/airflow/example_dags/example_xcom.py
[2023-09-19T13:43:17.114+0000] {logging_mixin.py:151} INFO - [2023-09-19T13:43:17.114+0000] {dag.py:2915} INFO - Sync 1 DAGs
[2023-09-19T13:43:17.126+0000] {logging_mixin.py:151} INFO - [2023-09-19T13:43:17.126+0000] {dag.py:3696} INFO - Setting next_dagrun for example_xcom to 2021-01-01T00:00:00+00:00, run_after=2021-01-01T00:00:00+00:00
[2023-09-19T13:43:17.144+0000] {processor.py:179} INFO - Processing /home/airflow/.local/lib/python3.8/site-packages/airflow/example_dags/example_xcom.py took 0.155 seconds
[2023-09-19T13:43:47.458+0000] {processor.py:157} INFO - Started process (PID=959) to work on /home/airflow/.local/lib/python3.8/site-packages/airflow/example_dags/example_xcom.py
[2023-09-19T13:43:47.459+0000] {processor.py:829} INFO - Processing file /home/airflow/.local/lib/python3.8/site-packages/airflow/example_dags/example_xcom.py for tasks to queue
[2023-09-19T13:43:47.460+0000] {logging_mixin.py:151} INFO - [2023-09-19T13:43:47.459+0000] {dagbag.py:539} INFO - Filling up the DagBag from /home/airflow/.local/lib/python3.8/site-packages/airflow/example_dags/example_xcom.py
[2023-09-19T13:43:47.466+0000] {processor.py:839} INFO - DAG(s) dict_keys(['example_xcom']) retrieved from /home/airflow/.local/lib/python3.8/site-packages/airflow/example_dags/example_xcom.py
[2023-09-19T13:43:47.488+0000] {logging_mixin.py:151} INFO - [2023-09-19T13:43:47.487+0000] {dag.py:2915} INFO - Sync 1 DAGs
[2023-09-19T13:43:47.506+0000] {logging_mixin.py:151} INFO - [2023-09-19T13:43:47.506+0000] {dag.py:3696} INFO - Setting next_dagrun for example_xcom to 2021-01-01T00:00:00+00:00, run_after=2021-01-01T00:00:00+00:00
[2023-09-19T13:43:47.524+0000] {processor.py:179} INFO - Processing /home/airflow/.local/lib/python3.8/site-packages/airflow/example_dags/example_xcom.py took 0.069 seconds
[2023-09-19T13:44:17.844+0000] {processor.py:157} INFO - Started process (PID=1199) to work on /home/airflow/.local/lib/python3.8/site-packages/airflow/example_dags/example_xcom.py
[2023-09-19T13:44:17.845+0000] {processor.py:829} INFO - Processing file /home/airflow/.local/lib/python3.8/site-packages/airflow/example_dags/example_xcom.py for tasks to queue
[2023-09-19T13:44:17.846+0000] {logging_mixin.py:151} INFO - [2023-09-19T13:44:17.846+0000] {dagbag.py:539} INFO - Filling up the DagBag from /home/airflow/.local/lib/python3.8/site-packages/airflow/example_dags/example_xcom.py
[2023-09-19T13:44:17.853+0000] {processor.py:839} INFO - DAG(s) dict_keys(['example_xcom']) retrieved from /home/airflow/.local/lib/python3.8/site-packages/airflow/example_dags/example_xcom.py
[2023-09-19T13:44:17.868+0000] {logging_mixin.py:151} INFO - [2023-09-19T13:44:17.867+0000] {dag.py:2915} INFO - Sync 1 DAGs
[2023-09-19T13:44:17.882+0000] {logging_mixin.py:151} INFO - [2023-09-19T13:44:17.882+0000] {dag.py:3696} INFO - Setting next_dagrun for example_xcom to 2021-01-01T00:00:00+00:00, run_after=2021-01-01T00:00:00+00:00
[2023-09-19T13:44:17.902+0000] {processor.py:179} INFO - Processing /home/airflow/.local/lib/python3.8/site-packages/airflow/example_dags/example_xcom.py took 0.061 seconds
[2023-09-19T13:44:48.286+0000] {processor.py:157} INFO - Started process (PID=1435) to work on /home/airflow/.local/lib/python3.8/site-packages/airflow/example_dags/example_xcom.py
[2023-09-19T13:44:48.288+0000] {processor.py:829} INFO - Processing file /home/airflow/.local/lib/python3.8/site-packages/airflow/example_dags/example_xcom.py for tasks to queue
[2023-09-19T13:44:48.288+0000] {logging_mixin.py:151} INFO - [2023-09-19T13:44:48.288+0000] {dagbag.py:539} INFO - Filling up the DagBag from /home/airflow/.local/lib/python3.8/site-packages/airflow/example_dags/example_xcom.py
[2023-09-19T13:44:48.297+0000] {processor.py:839} INFO - DAG(s) dict_keys(['example_xcom']) retrieved from /home/airflow/.local/lib/python3.8/site-packages/airflow/example_dags/example_xcom.py
[2023-09-19T13:44:48.315+0000] {logging_mixin.py:151} INFO - [2023-09-19T13:44:48.315+0000] {dag.py:2915} INFO - Sync 1 DAGs
[2023-09-19T13:44:48.336+0000] {logging_mixin.py:151} INFO - [2023-09-19T13:44:48.336+0000] {dag.py:3696} INFO - Setting next_dagrun for example_xcom to 2021-01-01T00:00:00+00:00, run_after=2021-01-01T00:00:00+00:00
[2023-09-19T13:44:48.383+0000] {processor.py:179} INFO - Processing /home/airflow/.local/lib/python3.8/site-packages/airflow/example_dags/example_xcom.py took 0.101 seconds
[2023-09-19T13:45:18.827+0000] {processor.py:157} INFO - Started process (PID=1674) to work on /home/airflow/.local/lib/python3.8/site-packages/airflow/example_dags/example_xcom.py
[2023-09-19T13:45:18.828+0000] {processor.py:829} INFO - Processing file /home/airflow/.local/lib/python3.8/site-packages/airflow/example_dags/example_xcom.py for tasks to queue
[2023-09-19T13:45:18.828+0000] {logging_mixin.py:151} INFO - [2023-09-19T13:45:18.828+0000] {dagbag.py:539} INFO - Filling up the DagBag from /home/airflow/.local/lib/python3.8/site-packages/airflow/example_dags/example_xcom.py
[2023-09-19T13:45:18.833+0000] {processor.py:839} INFO - DAG(s) dict_keys(['example_xcom']) retrieved from /home/airflow/.local/lib/python3.8/site-packages/airflow/example_dags/example_xcom.py
[2023-09-19T13:45:18.841+0000] {logging_mixin.py:151} INFO - [2023-09-19T13:45:18.841+0000] {dag.py:2915} INFO - Sync 1 DAGs
[2023-09-19T13:45:18.860+0000] {logging_mixin.py:151} INFO - [2023-09-19T13:45:18.860+0000] {dag.py:3696} INFO - Setting next_dagrun for example_xcom to 2021-01-01T00:00:00+00:00, run_after=2021-01-01T00:00:00+00:00
[2023-09-19T13:45:18.877+0000] {processor.py:179} INFO - Processing /home/airflow/.local/lib/python3.8/site-packages/airflow/example_dags/example_xcom.py took 0.052 seconds
[2023-09-19T13:45:48.986+0000] {processor.py:157} INFO - Started process (PID=1912) to work on /home/airflow/.local/lib/python3.8/site-packages/airflow/example_dags/example_xcom.py
[2023-09-19T13:45:48.987+0000] {processor.py:829} INFO - Processing file /home/airflow/.local/lib/python3.8/site-packages/airflow/example_dags/example_xcom.py for tasks to queue
[2023-09-19T13:45:48.988+0000] {logging_mixin.py:151} INFO - [2023-09-19T13:45:48.987+0000] {dagbag.py:539} INFO - Filling up the DagBag from /home/airflow/.local/lib/python3.8/site-packages/airflow/example_dags/example_xcom.py
[2023-09-19T13:45:48.993+0000] {processor.py:839} INFO - DAG(s) dict_keys(['example_xcom']) retrieved from /home/airflow/.local/lib/python3.8/site-packages/airflow/example_dags/example_xcom.py
[2023-09-19T13:45:49.009+0000] {logging_mixin.py:151} INFO - [2023-09-19T13:45:49.009+0000] {dag.py:2915} INFO - Sync 1 DAGs
[2023-09-19T13:45:49.024+0000] {logging_mixin.py:151} INFO - [2023-09-19T13:45:49.023+0000] {dag.py:3696} INFO - Setting next_dagrun for example_xcom to 2021-01-01T00:00:00+00:00, run_after=2021-01-01T00:00:00+00:00
[2023-09-19T13:45:49.041+0000] {processor.py:179} INFO - Processing /home/airflow/.local/lib/python3.8/site-packages/airflow/example_dags/example_xcom.py took 0.058 seconds
[2023-09-19T13:46:19.573+0000] {processor.py:157} INFO - Started process (PID=2152) to work on /home/airflow/.local/lib/python3.8/site-packages/airflow/example_dags/example_xcom.py
[2023-09-19T13:46:19.574+0000] {processor.py:829} INFO - Processing file /home/airflow/.local/lib/python3.8/site-packages/airflow/example_dags/example_xcom.py for tasks to queue
[2023-09-19T13:46:19.575+0000] {logging_mixin.py:151} INFO - [2023-09-19T13:46:19.575+0000] {dagbag.py:539} INFO - Filling up the DagBag from /home/airflow/.local/lib/python3.8/site-packages/airflow/example_dags/example_xcom.py
[2023-09-19T13:46:19.582+0000] {processor.py:839} INFO - DAG(s) dict_keys(['example_xcom']) retrieved from /home/airflow/.local/lib/python3.8/site-packages/airflow/example_dags/example_xcom.py
[2023-09-19T13:46:19.601+0000] {logging_mixin.py:151} INFO - [2023-09-19T13:46:19.600+0000] {dag.py:2915} INFO - Sync 1 DAGs
[2023-09-19T13:46:19.618+0000] {logging_mixin.py:151} INFO - [2023-09-19T13:46:19.618+0000] {dag.py:3696} INFO - Setting next_dagrun for example_xcom to 2021-01-01T00:00:00+00:00, run_after=2021-01-01T00:00:00+00:00
[2023-09-19T13:46:19.638+0000] {processor.py:179} INFO - Processing /home/airflow/.local/lib/python3.8/site-packages/airflow/example_dags/example_xcom.py took 0.067 seconds
[2023-09-19T13:46:50.390+0000] {processor.py:157} INFO - Started process (PID=2388) to work on /home/airflow/.local/lib/python3.8/site-packages/airflow/example_dags/example_xcom.py
[2023-09-19T13:46:50.391+0000] {processor.py:829} INFO - Processing file /home/airflow/.local/lib/python3.8/site-packages/airflow/example_dags/example_xcom.py for tasks to queue
[2023-09-19T13:46:50.392+0000] {logging_mixin.py:151} INFO - [2023-09-19T13:46:50.391+0000] {dagbag.py:539} INFO - Filling up the DagBag from /home/airflow/.local/lib/python3.8/site-packages/airflow/example_dags/example_xcom.py
[2023-09-19T13:46:50.398+0000] {processor.py:839} INFO - DAG(s) dict_keys(['example_xcom']) retrieved from /home/airflow/.local/lib/python3.8/site-packages/airflow/example_dags/example_xcom.py
[2023-09-19T13:46:50.422+0000] {logging_mixin.py:151} INFO - [2023-09-19T13:46:50.421+0000] {dag.py:2915} INFO - Sync 1 DAGs
[2023-09-19T13:46:50.447+0000] {logging_mixin.py:151} INFO - [2023-09-19T13:46:50.447+0000] {dag.py:3696} INFO - Setting next_dagrun for example_xcom to 2021-01-01T00:00:00+00:00, run_after=2021-01-01T00:00:00+00:00
[2023-09-19T13:46:50.492+0000] {processor.py:179} INFO - Processing /home/airflow/.local/lib/python3.8/site-packages/airflow/example_dags/example_xcom.py took 0.106 seconds
[2023-09-19T13:47:21.601+0000] {processor.py:157} INFO - Started process (PID=2626) to work on /home/airflow/.local/lib/python3.8/site-packages/airflow/example_dags/example_xcom.py
[2023-09-19T13:47:21.603+0000] {processor.py:829} INFO - Processing file /home/airflow/.local/lib/python3.8/site-packages/airflow/example_dags/example_xcom.py for tasks to queue
[2023-09-19T13:47:21.604+0000] {logging_mixin.py:151} INFO - [2023-09-19T13:47:21.604+0000] {dagbag.py:539} INFO - Filling up the DagBag from /home/airflow/.local/lib/python3.8/site-packages/airflow/example_dags/example_xcom.py
[2023-09-19T13:47:21.618+0000] {processor.py:839} INFO - DAG(s) dict_keys(['example_xcom']) retrieved from /home/airflow/.local/lib/python3.8/site-packages/airflow/example_dags/example_xcom.py
[2023-09-19T13:47:21.696+0000] {logging_mixin.py:151} INFO - [2023-09-19T13:47:21.696+0000] {dag.py:2915} INFO - Sync 1 DAGs
[2023-09-19T13:47:21.740+0000] {logging_mixin.py:151} INFO - [2023-09-19T13:47:21.740+0000] {dag.py:3696} INFO - Setting next_dagrun for example_xcom to 2021-01-01T00:00:00+00:00, run_after=2021-01-01T00:00:00+00:00
[2023-09-19T13:47:21.784+0000] {processor.py:179} INFO - Processing /home/airflow/.local/lib/python3.8/site-packages/airflow/example_dags/example_xcom.py took 0.188 seconds
[2023-09-19T13:47:52.624+0000] {processor.py:157} INFO - Started process (PID=2864) to work on /home/airflow/.local/lib/python3.8/site-packages/airflow/example_dags/example_xcom.py
[2023-09-19T13:47:52.625+0000] {processor.py:829} INFO - Processing file /home/airflow/.local/lib/python3.8/site-packages/airflow/example_dags/example_xcom.py for tasks to queue
[2023-09-19T13:47:52.626+0000] {logging_mixin.py:151} INFO - [2023-09-19T13:47:52.625+0000] {dagbag.py:539} INFO - Filling up the DagBag from /home/airflow/.local/lib/python3.8/site-packages/airflow/example_dags/example_xcom.py
[2023-09-19T13:47:52.631+0000] {processor.py:839} INFO - DAG(s) dict_keys(['example_xcom']) retrieved from /home/airflow/.local/lib/python3.8/site-packages/airflow/example_dags/example_xcom.py
[2023-09-19T13:47:52.650+0000] {logging_mixin.py:151} INFO - [2023-09-19T13:47:52.650+0000] {dag.py:2915} INFO - Sync 1 DAGs
[2023-09-19T13:47:52.670+0000] {logging_mixin.py:151} INFO - [2023-09-19T13:47:52.670+0000] {dag.py:3696} INFO - Setting next_dagrun for example_xcom to 2021-01-01T00:00:00+00:00, run_after=2021-01-01T00:00:00+00:00
[2023-09-19T13:47:52.690+0000] {processor.py:179} INFO - Processing /home/airflow/.local/lib/python3.8/site-packages/airflow/example_dags/example_xcom.py took 0.068 seconds
[2023-09-19T13:48:23.061+0000] {processor.py:157} INFO - Started process (PID=3102) to work on /home/airflow/.local/lib/python3.8/site-packages/airflow/example_dags/example_xcom.py
[2023-09-19T13:48:23.062+0000] {processor.py:829} INFO - Processing file /home/airflow/.local/lib/python3.8/site-packages/airflow/example_dags/example_xcom.py for tasks to queue
[2023-09-19T13:48:23.062+0000] {logging_mixin.py:151} INFO - [2023-09-19T13:48:23.062+0000] {dagbag.py:539} INFO - Filling up the DagBag from /home/airflow/.local/lib/python3.8/site-packages/airflow/example_dags/example_xcom.py
[2023-09-19T13:48:23.068+0000] {processor.py:839} INFO - DAG(s) dict_keys(['example_xcom']) retrieved from /home/airflow/.local/lib/python3.8/site-packages/airflow/example_dags/example_xcom.py
[2023-09-19T13:48:23.088+0000] {logging_mixin.py:151} INFO - [2023-09-19T13:48:23.087+0000] {dag.py:2915} INFO - Sync 1 DAGs
[2023-09-19T13:48:23.110+0000] {logging_mixin.py:151} INFO - [2023-09-19T13:48:23.110+0000] {dag.py:3696} INFO - Setting next_dagrun for example_xcom to 2021-01-01T00:00:00+00:00, run_after=2021-01-01T00:00:00+00:00
[2023-09-19T13:48:23.127+0000] {processor.py:179} INFO - Processing /home/airflow/.local/lib/python3.8/site-packages/airflow/example_dags/example_xcom.py took 0.068 seconds
[2023-09-19T13:48:53.478+0000] {processor.py:157} INFO - Started process (PID=3340) to work on /home/airflow/.local/lib/python3.8/site-packages/airflow/example_dags/example_xcom.py
[2023-09-19T13:48:53.478+0000] {processor.py:829} INFO - Processing file /home/airflow/.local/lib/python3.8/site-packages/airflow/example_dags/example_xcom.py for tasks to queue
[2023-09-19T13:48:53.479+0000] {logging_mixin.py:151} INFO - [2023-09-19T13:48:53.479+0000] {dagbag.py:539} INFO - Filling up the DagBag from /home/airflow/.local/lib/python3.8/site-packages/airflow/example_dags/example_xcom.py
[2023-09-19T13:48:53.485+0000] {processor.py:839} INFO - DAG(s) dict_keys(['example_xcom']) retrieved from /home/airflow/.local/lib/python3.8/site-packages/airflow/example_dags/example_xcom.py
[2023-09-19T13:48:53.504+0000] {logging_mixin.py:151} INFO - [2023-09-19T13:48:53.504+0000] {dag.py:2915} INFO - Sync 1 DAGs
[2023-09-19T13:48:53.525+0000] {logging_mixin.py:151} INFO - [2023-09-19T13:48:53.525+0000] {dag.py:3696} INFO - Setting next_dagrun for example_xcom to 2021-01-01T00:00:00+00:00, run_after=2021-01-01T00:00:00+00:00
[2023-09-19T13:48:53.542+0000] {processor.py:179} INFO - Processing /home/airflow/.local/lib/python3.8/site-packages/airflow/example_dags/example_xcom.py took 0.066 seconds
[2023-09-19T13:49:24.061+0000] {processor.py:157} INFO - Started process (PID=3578) to work on /home/airflow/.local/lib/python3.8/site-packages/airflow/example_dags/example_xcom.py
[2023-09-19T13:49:24.062+0000] {processor.py:829} INFO - Processing file /home/airflow/.local/lib/python3.8/site-packages/airflow/example_dags/example_xcom.py for tasks to queue
[2023-09-19T13:49:24.062+0000] {logging_mixin.py:151} INFO - [2023-09-19T13:49:24.062+0000] {dagbag.py:539} INFO - Filling up the DagBag from /home/airflow/.local/lib/python3.8/site-packages/airflow/example_dags/example_xcom.py
[2023-09-19T13:49:24.070+0000] {processor.py:839} INFO - DAG(s) dict_keys(['example_xcom']) retrieved from /home/airflow/.local/lib/python3.8/site-packages/airflow/example_dags/example_xcom.py
[2023-09-19T13:49:24.093+0000] {logging_mixin.py:151} INFO - [2023-09-19T13:49:24.092+0000] {dag.py:2915} INFO - Sync 1 DAGs
[2023-09-19T13:49:24.110+0000] {logging_mixin.py:151} INFO - [2023-09-19T13:49:24.110+0000] {dag.py:3696} INFO - Setting next_dagrun for example_xcom to 2021-01-01T00:00:00+00:00, run_after=2021-01-01T00:00:00+00:00
[2023-09-19T13:49:24.130+0000] {processor.py:179} INFO - Processing /home/airflow/.local/lib/python3.8/site-packages/airflow/example_dags/example_xcom.py took 0.072 seconds
[2023-09-19T13:49:54.690+0000] {processor.py:157} INFO - Started process (PID=3816) to work on /home/airflow/.local/lib/python3.8/site-packages/airflow/example_dags/example_xcom.py
[2023-09-19T13:49:54.691+0000] {processor.py:829} INFO - Processing file /home/airflow/.local/lib/python3.8/site-packages/airflow/example_dags/example_xcom.py for tasks to queue
[2023-09-19T13:49:54.691+0000] {logging_mixin.py:151} INFO - [2023-09-19T13:49:54.691+0000] {dagbag.py:539} INFO - Filling up the DagBag from /home/airflow/.local/lib/python3.8/site-packages/airflow/example_dags/example_xcom.py
[2023-09-19T13:49:54.697+0000] {processor.py:839} INFO - DAG(s) dict_keys(['example_xcom']) retrieved from /home/airflow/.local/lib/python3.8/site-packages/airflow/example_dags/example_xcom.py
[2023-09-19T13:49:54.717+0000] {logging_mixin.py:151} INFO - [2023-09-19T13:49:54.717+0000] {dag.py:2915} INFO - Sync 1 DAGs
[2023-09-19T13:49:54.738+0000] {logging_mixin.py:151} INFO - [2023-09-19T13:49:54.738+0000] {dag.py:3696} INFO - Setting next_dagrun for example_xcom to 2021-01-01T00:00:00+00:00, run_after=2021-01-01T00:00:00+00:00
[2023-09-19T13:49:54.755+0000] {processor.py:179} INFO - Processing /home/airflow/.local/lib/python3.8/site-packages/airflow/example_dags/example_xcom.py took 0.067 seconds
[2023-09-19T13:50:25.287+0000] {processor.py:157} INFO - Started process (PID=4054) to work on /home/airflow/.local/lib/python3.8/site-packages/airflow/example_dags/example_xcom.py
[2023-09-19T13:50:25.289+0000] {processor.py:829} INFO - Processing file /home/airflow/.local/lib/python3.8/site-packages/airflow/example_dags/example_xcom.py for tasks to queue
[2023-09-19T13:50:25.289+0000] {logging_mixin.py:151} INFO - [2023-09-19T13:50:25.289+0000] {dagbag.py:539} INFO - Filling up the DagBag from /home/airflow/.local/lib/python3.8/site-packages/airflow/example_dags/example_xcom.py
[2023-09-19T13:50:25.295+0000] {processor.py:839} INFO - DAG(s) dict_keys(['example_xcom']) retrieved from /home/airflow/.local/lib/python3.8/site-packages/airflow/example_dags/example_xcom.py
[2023-09-19T13:50:25.321+0000] {logging_mixin.py:151} INFO - [2023-09-19T13:50:25.321+0000] {dag.py:2915} INFO - Sync 1 DAGs
[2023-09-19T13:50:25.339+0000] {logging_mixin.py:151} INFO - [2023-09-19T13:50:25.339+0000] {dag.py:3696} INFO - Setting next_dagrun for example_xcom to 2021-01-01T00:00:00+00:00, run_after=2021-01-01T00:00:00+00:00
[2023-09-19T13:50:25.361+0000] {processor.py:179} INFO - Processing /home/airflow/.local/lib/python3.8/site-packages/airflow/example_dags/example_xcom.py took 0.077 seconds
[2023-09-19T13:50:55.725+0000] {processor.py:157} INFO - Started process (PID=4291) to work on /home/airflow/.local/lib/python3.8/site-packages/airflow/example_dags/example_xcom.py
[2023-09-19T13:50:55.727+0000] {processor.py:829} INFO - Processing file /home/airflow/.local/lib/python3.8/site-packages/airflow/example_dags/example_xcom.py for tasks to queue
[2023-09-19T13:50:55.728+0000] {logging_mixin.py:151} INFO - [2023-09-19T13:50:55.728+0000] {dagbag.py:539} INFO - Filling up the DagBag from /home/airflow/.local/lib/python3.8/site-packages/airflow/example_dags/example_xcom.py
[2023-09-19T13:50:55.734+0000] {processor.py:839} INFO - DAG(s) dict_keys(['example_xcom']) retrieved from /home/airflow/.local/lib/python3.8/site-packages/airflow/example_dags/example_xcom.py
[2023-09-19T13:50:55.752+0000] {logging_mixin.py:151} INFO - [2023-09-19T13:50:55.752+0000] {dag.py:2915} INFO - Sync 1 DAGs
[2023-09-19T13:50:55.770+0000] {logging_mixin.py:151} INFO - [2023-09-19T13:50:55.770+0000] {dag.py:3696} INFO - Setting next_dagrun for example_xcom to 2021-01-01T00:00:00+00:00, run_after=2021-01-01T00:00:00+00:00
[2023-09-19T13:50:55.792+0000] {processor.py:179} INFO - Processing /home/airflow/.local/lib/python3.8/site-packages/airflow/example_dags/example_xcom.py took 0.072 seconds
[2023-09-19T13:51:26.160+0000] {processor.py:157} INFO - Started process (PID=4529) to work on /home/airflow/.local/lib/python3.8/site-packages/airflow/example_dags/example_xcom.py
[2023-09-19T13:51:26.161+0000] {processor.py:829} INFO - Processing file /home/airflow/.local/lib/python3.8/site-packages/airflow/example_dags/example_xcom.py for tasks to queue
[2023-09-19T13:51:26.162+0000] {logging_mixin.py:151} INFO - [2023-09-19T13:51:26.161+0000] {dagbag.py:539} INFO - Filling up the DagBag from /home/airflow/.local/lib/python3.8/site-packages/airflow/example_dags/example_xcom.py
[2023-09-19T13:51:26.167+0000] {processor.py:839} INFO - DAG(s) dict_keys(['example_xcom']) retrieved from /home/airflow/.local/lib/python3.8/site-packages/airflow/example_dags/example_xcom.py
[2023-09-19T13:51:26.191+0000] {logging_mixin.py:151} INFO - [2023-09-19T13:51:26.191+0000] {dag.py:2915} INFO - Sync 1 DAGs
[2023-09-19T13:51:26.210+0000] {logging_mixin.py:151} INFO - [2023-09-19T13:51:26.210+0000] {dag.py:3696} INFO - Setting next_dagrun for example_xcom to 2021-01-01T00:00:00+00:00, run_after=2021-01-01T00:00:00+00:00
[2023-09-19T13:51:26.228+0000] {processor.py:179} INFO - Processing /home/airflow/.local/lib/python3.8/site-packages/airflow/example_dags/example_xcom.py took 0.070 seconds
[2023-09-19T13:51:56.563+0000] {processor.py:157} INFO - Started process (PID=4767) to work on /home/airflow/.local/lib/python3.8/site-packages/airflow/example_dags/example_xcom.py
[2023-09-19T13:51:56.564+0000] {processor.py:829} INFO - Processing file /home/airflow/.local/lib/python3.8/site-packages/airflow/example_dags/example_xcom.py for tasks to queue
[2023-09-19T13:51:56.564+0000] {logging_mixin.py:151} INFO - [2023-09-19T13:51:56.564+0000] {dagbag.py:539} INFO - Filling up the DagBag from /home/airflow/.local/lib/python3.8/site-packages/airflow/example_dags/example_xcom.py
[2023-09-19T13:51:56.569+0000] {processor.py:839} INFO - DAG(s) dict_keys(['example_xcom']) retrieved from /home/airflow/.local/lib/python3.8/site-packages/airflow/example_dags/example_xcom.py
[2023-09-19T13:51:56.588+0000] {logging_mixin.py:151} INFO - [2023-09-19T13:51:56.587+0000] {dag.py:2915} INFO - Sync 1 DAGs
[2023-09-19T13:51:56.604+0000] {logging_mixin.py:151} INFO - [2023-09-19T13:51:56.603+0000] {dag.py:3696} INFO - Setting next_dagrun for example_xcom to 2021-01-01T00:00:00+00:00, run_after=2021-01-01T00:00:00+00:00
[2023-09-19T13:51:56.621+0000] {processor.py:179} INFO - Processing /home/airflow/.local/lib/python3.8/site-packages/airflow/example_dags/example_xcom.py took 0.060 seconds
[2023-09-19T13:52:26.708+0000] {processor.py:157} INFO - Started process (PID=5000) to work on /home/airflow/.local/lib/python3.8/site-packages/airflow/example_dags/example_xcom.py
[2023-09-19T13:52:26.709+0000] {processor.py:829} INFO - Processing file /home/airflow/.local/lib/python3.8/site-packages/airflow/example_dags/example_xcom.py for tasks to queue
[2023-09-19T13:52:26.710+0000] {logging_mixin.py:151} INFO - [2023-09-19T13:52:26.710+0000] {dagbag.py:539} INFO - Filling up the DagBag from /home/airflow/.local/lib/python3.8/site-packages/airflow/example_dags/example_xcom.py
[2023-09-19T13:52:26.716+0000] {processor.py:839} INFO - DAG(s) dict_keys(['example_xcom']) retrieved from /home/airflow/.local/lib/python3.8/site-packages/airflow/example_dags/example_xcom.py
[2023-09-19T13:52:26.735+0000] {logging_mixin.py:151} INFO - [2023-09-19T13:52:26.735+0000] {dag.py:2915} INFO - Sync 1 DAGs
[2023-09-19T13:52:26.750+0000] {logging_mixin.py:151} INFO - [2023-09-19T13:52:26.749+0000] {dag.py:3696} INFO - Setting next_dagrun for example_xcom to 2021-01-01T00:00:00+00:00, run_after=2021-01-01T00:00:00+00:00
[2023-09-19T13:52:26.767+0000] {processor.py:179} INFO - Processing /home/airflow/.local/lib/python3.8/site-packages/airflow/example_dags/example_xcom.py took 0.061 seconds
[2023-09-19T13:52:56.938+0000] {processor.py:157} INFO - Started process (PID=5239) to work on /home/airflow/.local/lib/python3.8/site-packages/airflow/example_dags/example_xcom.py
[2023-09-19T13:52:56.939+0000] {processor.py:829} INFO - Processing file /home/airflow/.local/lib/python3.8/site-packages/airflow/example_dags/example_xcom.py for tasks to queue
[2023-09-19T13:52:56.940+0000] {logging_mixin.py:151} INFO - [2023-09-19T13:52:56.939+0000] {dagbag.py:539} INFO - Filling up the DagBag from /home/airflow/.local/lib/python3.8/site-packages/airflow/example_dags/example_xcom.py
[2023-09-19T13:52:56.945+0000] {processor.py:839} INFO - DAG(s) dict_keys(['example_xcom']) retrieved from /home/airflow/.local/lib/python3.8/site-packages/airflow/example_dags/example_xcom.py
[2023-09-19T13:52:56.959+0000] {logging_mixin.py:151} INFO - [2023-09-19T13:52:56.959+0000] {dag.py:2915} INFO - Sync 1 DAGs
[2023-09-19T13:52:56.974+0000] {logging_mixin.py:151} INFO - [2023-09-19T13:52:56.974+0000] {dag.py:3696} INFO - Setting next_dagrun for example_xcom to 2021-01-01T00:00:00+00:00, run_after=2021-01-01T00:00:00+00:00
[2023-09-19T13:52:56.992+0000] {processor.py:179} INFO - Processing /home/airflow/.local/lib/python3.8/site-packages/airflow/example_dags/example_xcom.py took 0.056 seconds
[2023-09-19T13:53:27.204+0000] {processor.py:157} INFO - Started process (PID=5477) to work on /home/airflow/.local/lib/python3.8/site-packages/airflow/example_dags/example_xcom.py
[2023-09-19T13:53:27.206+0000] {processor.py:829} INFO - Processing file /home/airflow/.local/lib/python3.8/site-packages/airflow/example_dags/example_xcom.py for tasks to queue
[2023-09-19T13:53:27.207+0000] {logging_mixin.py:151} INFO - [2023-09-19T13:53:27.207+0000] {dagbag.py:539} INFO - Filling up the DagBag from /home/airflow/.local/lib/python3.8/site-packages/airflow/example_dags/example_xcom.py
[2023-09-19T13:53:27.213+0000] {processor.py:839} INFO - DAG(s) dict_keys(['example_xcom']) retrieved from /home/airflow/.local/lib/python3.8/site-packages/airflow/example_dags/example_xcom.py
[2023-09-19T13:53:27.230+0000] {logging_mixin.py:151} INFO - [2023-09-19T13:53:27.230+0000] {dag.py:2915} INFO - Sync 1 DAGs
[2023-09-19T13:53:27.245+0000] {logging_mixin.py:151} INFO - [2023-09-19T13:53:27.245+0000] {dag.py:3696} INFO - Setting next_dagrun for example_xcom to 2021-01-01T00:00:00+00:00, run_after=2021-01-01T00:00:00+00:00
[2023-09-19T13:53:27.265+0000] {processor.py:179} INFO - Processing /home/airflow/.local/lib/python3.8/site-packages/airflow/example_dags/example_xcom.py took 0.065 seconds
[2023-09-19T13:53:57.499+0000] {processor.py:157} INFO - Started process (PID=5715) to work on /home/airflow/.local/lib/python3.8/site-packages/airflow/example_dags/example_xcom.py
[2023-09-19T13:53:57.500+0000] {processor.py:829} INFO - Processing file /home/airflow/.local/lib/python3.8/site-packages/airflow/example_dags/example_xcom.py for tasks to queue
[2023-09-19T13:53:57.500+0000] {logging_mixin.py:151} INFO - [2023-09-19T13:53:57.500+0000] {dagbag.py:539} INFO - Filling up the DagBag from /home/airflow/.local/lib/python3.8/site-packages/airflow/example_dags/example_xcom.py
[2023-09-19T13:53:57.506+0000] {processor.py:839} INFO - DAG(s) dict_keys(['example_xcom']) retrieved from /home/airflow/.local/lib/python3.8/site-packages/airflow/example_dags/example_xcom.py
[2023-09-19T13:53:57.528+0000] {logging_mixin.py:151} INFO - [2023-09-19T13:53:57.528+0000] {dag.py:2915} INFO - Sync 1 DAGs
[2023-09-19T13:53:57.546+0000] {logging_mixin.py:151} INFO - [2023-09-19T13:53:57.546+0000] {dag.py:3696} INFO - Setting next_dagrun for example_xcom to 2021-01-01T00:00:00+00:00, run_after=2021-01-01T00:00:00+00:00
[2023-09-19T13:53:57.566+0000] {processor.py:179} INFO - Processing /home/airflow/.local/lib/python3.8/site-packages/airflow/example_dags/example_xcom.py took 0.069 seconds
[2023-09-19T13:54:27.871+0000] {processor.py:157} INFO - Started process (PID=5953) to work on /home/airflow/.local/lib/python3.8/site-packages/airflow/example_dags/example_xcom.py
[2023-09-19T13:54:27.872+0000] {processor.py:829} INFO - Processing file /home/airflow/.local/lib/python3.8/site-packages/airflow/example_dags/example_xcom.py for tasks to queue
[2023-09-19T13:54:27.872+0000] {logging_mixin.py:151} INFO - [2023-09-19T13:54:27.872+0000] {dagbag.py:539} INFO - Filling up the DagBag from /home/airflow/.local/lib/python3.8/site-packages/airflow/example_dags/example_xcom.py
[2023-09-19T13:54:27.877+0000] {processor.py:839} INFO - DAG(s) dict_keys(['example_xcom']) retrieved from /home/airflow/.local/lib/python3.8/site-packages/airflow/example_dags/example_xcom.py
[2023-09-19T13:54:27.898+0000] {logging_mixin.py:151} INFO - [2023-09-19T13:54:27.898+0000] {dag.py:2915} INFO - Sync 1 DAGs
[2023-09-19T13:54:27.913+0000] {logging_mixin.py:151} INFO - [2023-09-19T13:54:27.913+0000] {dag.py:3696} INFO - Setting next_dagrun for example_xcom to 2021-01-01T00:00:00+00:00, run_after=2021-01-01T00:00:00+00:00
[2023-09-19T13:54:27.931+0000] {processor.py:179} INFO - Processing /home/airflow/.local/lib/python3.8/site-packages/airflow/example_dags/example_xcom.py took 0.063 seconds
[2023-09-19T13:54:58.303+0000] {processor.py:157} INFO - Started process (PID=6191) to work on /home/airflow/.local/lib/python3.8/site-packages/airflow/example_dags/example_xcom.py
[2023-09-19T13:54:58.304+0000] {processor.py:829} INFO - Processing file /home/airflow/.local/lib/python3.8/site-packages/airflow/example_dags/example_xcom.py for tasks to queue
[2023-09-19T13:54:58.305+0000] {logging_mixin.py:151} INFO - [2023-09-19T13:54:58.305+0000] {dagbag.py:539} INFO - Filling up the DagBag from /home/airflow/.local/lib/python3.8/site-packages/airflow/example_dags/example_xcom.py
[2023-09-19T13:54:58.310+0000] {processor.py:839} INFO - DAG(s) dict_keys(['example_xcom']) retrieved from /home/airflow/.local/lib/python3.8/site-packages/airflow/example_dags/example_xcom.py
[2023-09-19T13:54:58.325+0000] {logging_mixin.py:151} INFO - [2023-09-19T13:54:58.325+0000] {dag.py:2915} INFO - Sync 1 DAGs
[2023-09-19T13:54:58.341+0000] {logging_mixin.py:151} INFO - [2023-09-19T13:54:58.341+0000] {dag.py:3696} INFO - Setting next_dagrun for example_xcom to 2021-01-01T00:00:00+00:00, run_after=2021-01-01T00:00:00+00:00
[2023-09-19T13:54:58.359+0000] {processor.py:179} INFO - Processing /home/airflow/.local/lib/python3.8/site-packages/airflow/example_dags/example_xcom.py took 0.059 seconds
[2023-09-19T13:55:28.559+0000] {processor.py:157} INFO - Started process (PID=6429) to work on /home/airflow/.local/lib/python3.8/site-packages/airflow/example_dags/example_xcom.py
[2023-09-19T13:55:28.560+0000] {processor.py:829} INFO - Processing file /home/airflow/.local/lib/python3.8/site-packages/airflow/example_dags/example_xcom.py for tasks to queue
[2023-09-19T13:55:28.561+0000] {logging_mixin.py:151} INFO - [2023-09-19T13:55:28.561+0000] {dagbag.py:539} INFO - Filling up the DagBag from /home/airflow/.local/lib/python3.8/site-packages/airflow/example_dags/example_xcom.py
[2023-09-19T13:55:28.566+0000] {processor.py:839} INFO - DAG(s) dict_keys(['example_xcom']) retrieved from /home/airflow/.local/lib/python3.8/site-packages/airflow/example_dags/example_xcom.py
[2023-09-19T13:55:28.584+0000] {logging_mixin.py:151} INFO - [2023-09-19T13:55:28.584+0000] {dag.py:2915} INFO - Sync 1 DAGs
[2023-09-19T13:55:28.598+0000] {logging_mixin.py:151} INFO - [2023-09-19T13:55:28.598+0000] {dag.py:3696} INFO - Setting next_dagrun for example_xcom to 2021-01-01T00:00:00+00:00, run_after=2021-01-01T00:00:00+00:00
[2023-09-19T13:55:28.615+0000] {processor.py:179} INFO - Processing /home/airflow/.local/lib/python3.8/site-packages/airflow/example_dags/example_xcom.py took 0.059 seconds
[2023-09-19T13:55:58.735+0000] {processor.py:157} INFO - Started process (PID=6667) to work on /home/airflow/.local/lib/python3.8/site-packages/airflow/example_dags/example_xcom.py
[2023-09-19T13:55:58.736+0000] {processor.py:829} INFO - Processing file /home/airflow/.local/lib/python3.8/site-packages/airflow/example_dags/example_xcom.py for tasks to queue
[2023-09-19T13:55:58.736+0000] {logging_mixin.py:151} INFO - [2023-09-19T13:55:58.736+0000] {dagbag.py:539} INFO - Filling up the DagBag from /home/airflow/.local/lib/python3.8/site-packages/airflow/example_dags/example_xcom.py
[2023-09-19T13:55:58.741+0000] {processor.py:839} INFO - DAG(s) dict_keys(['example_xcom']) retrieved from /home/airflow/.local/lib/python3.8/site-packages/airflow/example_dags/example_xcom.py
[2023-09-19T13:55:58.759+0000] {logging_mixin.py:151} INFO - [2023-09-19T13:55:58.759+0000] {dag.py:2915} INFO - Sync 1 DAGs
[2023-09-19T13:55:58.776+0000] {logging_mixin.py:151} INFO - [2023-09-19T13:55:58.775+0000] {dag.py:3696} INFO - Setting next_dagrun for example_xcom to 2021-01-01T00:00:00+00:00, run_after=2021-01-01T00:00:00+00:00
[2023-09-19T13:55:58.792+0000] {processor.py:179} INFO - Processing /home/airflow/.local/lib/python3.8/site-packages/airflow/example_dags/example_xcom.py took 0.060 seconds
[2023-09-19T13:56:28.910+0000] {processor.py:157} INFO - Started process (PID=6905) to work on /home/airflow/.local/lib/python3.8/site-packages/airflow/example_dags/example_xcom.py
[2023-09-19T13:56:28.911+0000] {processor.py:829} INFO - Processing file /home/airflow/.local/lib/python3.8/site-packages/airflow/example_dags/example_xcom.py for tasks to queue
[2023-09-19T13:56:28.912+0000] {logging_mixin.py:151} INFO - [2023-09-19T13:56:28.912+0000] {dagbag.py:539} INFO - Filling up the DagBag from /home/airflow/.local/lib/python3.8/site-packages/airflow/example_dags/example_xcom.py
[2023-09-19T13:56:28.918+0000] {processor.py:839} INFO - DAG(s) dict_keys(['example_xcom']) retrieved from /home/airflow/.local/lib/python3.8/site-packages/airflow/example_dags/example_xcom.py
[2023-09-19T13:56:28.933+0000] {logging_mixin.py:151} INFO - [2023-09-19T13:56:28.933+0000] {dag.py:2915} INFO - Sync 1 DAGs
[2023-09-19T13:56:28.949+0000] {logging_mixin.py:151} INFO - [2023-09-19T13:56:28.949+0000] {dag.py:3696} INFO - Setting next_dagrun for example_xcom to 2021-01-01T00:00:00+00:00, run_after=2021-01-01T00:00:00+00:00
[2023-09-19T13:56:28.969+0000] {processor.py:179} INFO - Processing /home/airflow/.local/lib/python3.8/site-packages/airflow/example_dags/example_xcom.py took 0.064 seconds
[2023-09-19T13:56:59.179+0000] {processor.py:157} INFO - Started process (PID=7143) to work on /home/airflow/.local/lib/python3.8/site-packages/airflow/example_dags/example_xcom.py
[2023-09-19T13:56:59.180+0000] {processor.py:829} INFO - Processing file /home/airflow/.local/lib/python3.8/site-packages/airflow/example_dags/example_xcom.py for tasks to queue
[2023-09-19T13:56:59.180+0000] {logging_mixin.py:151} INFO - [2023-09-19T13:56:59.180+0000] {dagbag.py:539} INFO - Filling up the DagBag from /home/airflow/.local/lib/python3.8/site-packages/airflow/example_dags/example_xcom.py
[2023-09-19T13:56:59.186+0000] {processor.py:839} INFO - DAG(s) dict_keys(['example_xcom']) retrieved from /home/airflow/.local/lib/python3.8/site-packages/airflow/example_dags/example_xcom.py
[2023-09-19T13:56:59.204+0000] {logging_mixin.py:151} INFO - [2023-09-19T13:56:59.203+0000] {dag.py:2915} INFO - Sync 1 DAGs
[2023-09-19T13:56:59.219+0000] {logging_mixin.py:151} INFO - [2023-09-19T13:56:59.219+0000] {dag.py:3696} INFO - Setting next_dagrun for example_xcom to 2021-01-01T00:00:00+00:00, run_after=2021-01-01T00:00:00+00:00
[2023-09-19T13:56:59.237+0000] {processor.py:179} INFO - Processing /home/airflow/.local/lib/python3.8/site-packages/airflow/example_dags/example_xcom.py took 0.060 seconds
[2023-09-19T13:57:29.737+0000] {processor.py:157} INFO - Started process (PID=7381) to work on /home/airflow/.local/lib/python3.8/site-packages/airflow/example_dags/example_xcom.py
[2023-09-19T13:57:29.738+0000] {processor.py:829} INFO - Processing file /home/airflow/.local/lib/python3.8/site-packages/airflow/example_dags/example_xcom.py for tasks to queue
[2023-09-19T13:57:29.738+0000] {logging_mixin.py:151} INFO - [2023-09-19T13:57:29.738+0000] {dagbag.py:539} INFO - Filling up the DagBag from /home/airflow/.local/lib/python3.8/site-packages/airflow/example_dags/example_xcom.py
[2023-09-19T13:57:29.745+0000] {processor.py:839} INFO - DAG(s) dict_keys(['example_xcom']) retrieved from /home/airflow/.local/lib/python3.8/site-packages/airflow/example_dags/example_xcom.py
[2023-09-19T13:57:29.765+0000] {logging_mixin.py:151} INFO - [2023-09-19T13:57:29.765+0000] {dag.py:2915} INFO - Sync 1 DAGs
[2023-09-19T13:57:29.782+0000] {logging_mixin.py:151} INFO - [2023-09-19T13:57:29.782+0000] {dag.py:3696} INFO - Setting next_dagrun for example_xcom to 2021-01-01T00:00:00+00:00, run_after=2021-01-01T00:00:00+00:00
[2023-09-19T13:57:29.800+0000] {processor.py:179} INFO - Processing /home/airflow/.local/lib/python3.8/site-packages/airflow/example_dags/example_xcom.py took 0.066 seconds
[2023-09-19T13:57:59.947+0000] {processor.py:157} INFO - Started process (PID=7620) to work on /home/airflow/.local/lib/python3.8/site-packages/airflow/example_dags/example_xcom.py
[2023-09-19T13:57:59.948+0000] {processor.py:829} INFO - Processing file /home/airflow/.local/lib/python3.8/site-packages/airflow/example_dags/example_xcom.py for tasks to queue
[2023-09-19T13:57:59.948+0000] {logging_mixin.py:151} INFO - [2023-09-19T13:57:59.948+0000] {dagbag.py:539} INFO - Filling up the DagBag from /home/airflow/.local/lib/python3.8/site-packages/airflow/example_dags/example_xcom.py
[2023-09-19T13:57:59.955+0000] {processor.py:839} INFO - DAG(s) dict_keys(['example_xcom']) retrieved from /home/airflow/.local/lib/python3.8/site-packages/airflow/example_dags/example_xcom.py
[2023-09-19T13:57:59.976+0000] {logging_mixin.py:151} INFO - [2023-09-19T13:57:59.976+0000] {dag.py:2915} INFO - Sync 1 DAGs
[2023-09-19T13:57:59.992+0000] {logging_mixin.py:151} INFO - [2023-09-19T13:57:59.992+0000] {dag.py:3696} INFO - Setting next_dagrun for example_xcom to 2021-01-01T00:00:00+00:00, run_after=2021-01-01T00:00:00+00:00
[2023-09-19T13:58:00.009+0000] {processor.py:179} INFO - Processing /home/airflow/.local/lib/python3.8/site-packages/airflow/example_dags/example_xcom.py took 0.064 seconds
[2023-09-19T13:58:30.315+0000] {processor.py:157} INFO - Started process (PID=7858) to work on /home/airflow/.local/lib/python3.8/site-packages/airflow/example_dags/example_xcom.py
[2023-09-19T13:58:30.316+0000] {processor.py:829} INFO - Processing file /home/airflow/.local/lib/python3.8/site-packages/airflow/example_dags/example_xcom.py for tasks to queue
[2023-09-19T13:58:30.317+0000] {logging_mixin.py:151} INFO - [2023-09-19T13:58:30.317+0000] {dagbag.py:539} INFO - Filling up the DagBag from /home/airflow/.local/lib/python3.8/site-packages/airflow/example_dags/example_xcom.py
[2023-09-19T13:58:30.325+0000] {processor.py:839} INFO - DAG(s) dict_keys(['example_xcom']) retrieved from /home/airflow/.local/lib/python3.8/site-packages/airflow/example_dags/example_xcom.py
[2023-09-19T13:58:30.341+0000] {logging_mixin.py:151} INFO - [2023-09-19T13:58:30.341+0000] {dag.py:2915} INFO - Sync 1 DAGs
[2023-09-19T13:58:30.356+0000] {logging_mixin.py:151} INFO - [2023-09-19T13:58:30.356+0000] {dag.py:3696} INFO - Setting next_dagrun for example_xcom to 2021-01-01T00:00:00+00:00, run_after=2021-01-01T00:00:00+00:00
[2023-09-19T13:58:30.375+0000] {processor.py:179} INFO - Processing /home/airflow/.local/lib/python3.8/site-packages/airflow/example_dags/example_xcom.py took 0.063 seconds
[2023-09-19T13:59:00.519+0000] {processor.py:157} INFO - Started process (PID=8096) to work on /home/airflow/.local/lib/python3.8/site-packages/airflow/example_dags/example_xcom.py
[2023-09-19T13:59:00.520+0000] {processor.py:829} INFO - Processing file /home/airflow/.local/lib/python3.8/site-packages/airflow/example_dags/example_xcom.py for tasks to queue
[2023-09-19T13:59:00.520+0000] {logging_mixin.py:151} INFO - [2023-09-19T13:59:00.520+0000] {dagbag.py:539} INFO - Filling up the DagBag from /home/airflow/.local/lib/python3.8/site-packages/airflow/example_dags/example_xcom.py
[2023-09-19T13:59:00.525+0000] {processor.py:839} INFO - DAG(s) dict_keys(['example_xcom']) retrieved from /home/airflow/.local/lib/python3.8/site-packages/airflow/example_dags/example_xcom.py
[2023-09-19T13:59:00.540+0000] {logging_mixin.py:151} INFO - [2023-09-19T13:59:00.540+0000] {dag.py:2915} INFO - Sync 1 DAGs
[2023-09-19T13:59:00.558+0000] {logging_mixin.py:151} INFO - [2023-09-19T13:59:00.558+0000] {dag.py:3696} INFO - Setting next_dagrun for example_xcom to 2021-01-01T00:00:00+00:00, run_after=2021-01-01T00:00:00+00:00
[2023-09-19T13:59:00.573+0000] {processor.py:179} INFO - Processing /home/airflow/.local/lib/python3.8/site-packages/airflow/example_dags/example_xcom.py took 0.058 seconds
[2023-09-19T13:59:30.672+0000] {processor.py:157} INFO - Started process (PID=8334) to work on /home/airflow/.local/lib/python3.8/site-packages/airflow/example_dags/example_xcom.py
[2023-09-19T13:59:30.673+0000] {processor.py:829} INFO - Processing file /home/airflow/.local/lib/python3.8/site-packages/airflow/example_dags/example_xcom.py for tasks to queue
[2023-09-19T13:59:30.673+0000] {logging_mixin.py:151} INFO - [2023-09-19T13:59:30.673+0000] {dagbag.py:539} INFO - Filling up the DagBag from /home/airflow/.local/lib/python3.8/site-packages/airflow/example_dags/example_xcom.py
[2023-09-19T13:59:30.678+0000] {processor.py:839} INFO - DAG(s) dict_keys(['example_xcom']) retrieved from /home/airflow/.local/lib/python3.8/site-packages/airflow/example_dags/example_xcom.py
[2023-09-19T13:59:30.697+0000] {logging_mixin.py:151} INFO - [2023-09-19T13:59:30.697+0000] {dag.py:2915} INFO - Sync 1 DAGs
[2023-09-19T13:59:30.713+0000] {logging_mixin.py:151} INFO - [2023-09-19T13:59:30.713+0000] {dag.py:3696} INFO - Setting next_dagrun for example_xcom to 2021-01-01T00:00:00+00:00, run_after=2021-01-01T00:00:00+00:00
[2023-09-19T13:59:30.727+0000] {processor.py:179} INFO - Processing /home/airflow/.local/lib/python3.8/site-packages/airflow/example_dags/example_xcom.py took 0.058 seconds
