[2023-09-19T13:42:09.771+0000] {processor.py:157} INFO - Started process (PID=330) to work on /home/airflow/.local/lib/python3.8/site-packages/airflow/example_dags/example_setup_teardown_taskflow.py
[2023-09-19T13:42:09.772+0000] {processor.py:829} INFO - Processing file /home/airflow/.local/lib/python3.8/site-packages/airflow/example_dags/example_setup_teardown_taskflow.py for tasks to queue
[2023-09-19T13:42:09.772+0000] {logging_mixin.py:151} INFO - [2023-09-19T13:42:09.772+0000] {dagbag.py:539} INFO - Filling up the DagBag from /home/airflow/.local/lib/python3.8/site-packages/airflow/example_dags/example_setup_teardown_taskflow.py
[2023-09-19T13:42:09.783+0000] {processor.py:839} INFO - DAG(s) dict_keys(['example_setup_teardown_taskflow']) retrieved from /home/airflow/.local/lib/python3.8/site-packages/airflow/example_dags/example_setup_teardown_taskflow.py
[2023-09-19T13:42:09.804+0000] {logging_mixin.py:151} INFO - [2023-09-19T13:42:09.804+0000] {dag.py:2915} INFO - Sync 1 DAGs
[2023-09-19T13:42:09.832+0000] {logging_mixin.py:151} INFO - [2023-09-19T13:42:09.832+0000] {dag.py:3696} INFO - Setting next_dagrun for example_setup_teardown_taskflow to 2023-09-18T13:42:09.831718+00:00, run_after=2023-09-19T13:42:09.831718+00:00
[2023-09-19T13:42:09.861+0000] {processor.py:179} INFO - Processing /home/airflow/.local/lib/python3.8/site-packages/airflow/example_dags/example_setup_teardown_taskflow.py took 0.092 seconds
[2023-09-19T13:42:47.878+0000] {processor.py:157} INFO - Started process (PID=568) to work on /home/airflow/.local/lib/python3.8/site-packages/airflow/example_dags/example_setup_teardown_taskflow.py
[2023-09-19T13:42:47.879+0000] {processor.py:829} INFO - Processing file /home/airflow/.local/lib/python3.8/site-packages/airflow/example_dags/example_setup_teardown_taskflow.py for tasks to queue
[2023-09-19T13:42:47.879+0000] {logging_mixin.py:151} INFO - [2023-09-19T13:42:47.879+0000] {dagbag.py:539} INFO - Filling up the DagBag from /home/airflow/.local/lib/python3.8/site-packages/airflow/example_dags/example_setup_teardown_taskflow.py
[2023-09-19T13:42:47.887+0000] {processor.py:839} INFO - DAG(s) dict_keys(['example_setup_teardown_taskflow']) retrieved from /home/airflow/.local/lib/python3.8/site-packages/airflow/example_dags/example_setup_teardown_taskflow.py
[2023-09-19T13:42:47.902+0000] {logging_mixin.py:151} INFO - [2023-09-19T13:42:47.901+0000] {dag.py:2915} INFO - Sync 1 DAGs
[2023-09-19T13:42:48.048+0000] {logging_mixin.py:151} INFO - [2023-09-19T13:42:48.048+0000] {dag.py:3696} INFO - Setting next_dagrun for example_setup_teardown_taskflow to 2023-09-18T13:42:48.048514+00:00, run_after=2023-09-19T13:42:48.048514+00:00
[2023-09-19T13:42:48.070+0000] {processor.py:179} INFO - Processing /home/airflow/.local/lib/python3.8/site-packages/airflow/example_dags/example_setup_teardown_taskflow.py took 0.194 seconds
[2023-09-19T13:43:18.928+0000] {processor.py:157} INFO - Started process (PID=806) to work on /home/airflow/.local/lib/python3.8/site-packages/airflow/example_dags/example_setup_teardown_taskflow.py
[2023-09-19T13:43:18.928+0000] {processor.py:829} INFO - Processing file /home/airflow/.local/lib/python3.8/site-packages/airflow/example_dags/example_setup_teardown_taskflow.py for tasks to queue
[2023-09-19T13:43:18.929+0000] {logging_mixin.py:151} INFO - [2023-09-19T13:43:18.929+0000] {dagbag.py:539} INFO - Filling up the DagBag from /home/airflow/.local/lib/python3.8/site-packages/airflow/example_dags/example_setup_teardown_taskflow.py
[2023-09-19T13:43:18.935+0000] {processor.py:839} INFO - DAG(s) dict_keys(['example_setup_teardown_taskflow']) retrieved from /home/airflow/.local/lib/python3.8/site-packages/airflow/example_dags/example_setup_teardown_taskflow.py
[2023-09-19T13:43:18.950+0000] {logging_mixin.py:151} INFO - [2023-09-19T13:43:18.950+0000] {dag.py:2915} INFO - Sync 1 DAGs
[2023-09-19T13:43:18.968+0000] {logging_mixin.py:151} INFO - [2023-09-19T13:43:18.967+0000] {dag.py:3696} INFO - Setting next_dagrun for example_setup_teardown_taskflow to 2023-09-18T13:43:18.967490+00:00, run_after=2023-09-19T13:43:18.967490+00:00
[2023-09-19T13:43:18.984+0000] {processor.py:179} INFO - Processing /home/airflow/.local/lib/python3.8/site-packages/airflow/example_dags/example_setup_teardown_taskflow.py took 0.059 seconds
[2023-09-19T13:43:49.210+0000] {processor.py:157} INFO - Started process (PID=1044) to work on /home/airflow/.local/lib/python3.8/site-packages/airflow/example_dags/example_setup_teardown_taskflow.py
[2023-09-19T13:43:49.210+0000] {processor.py:829} INFO - Processing file /home/airflow/.local/lib/python3.8/site-packages/airflow/example_dags/example_setup_teardown_taskflow.py for tasks to queue
[2023-09-19T13:43:49.211+0000] {logging_mixin.py:151} INFO - [2023-09-19T13:43:49.211+0000] {dagbag.py:539} INFO - Filling up the DagBag from /home/airflow/.local/lib/python3.8/site-packages/airflow/example_dags/example_setup_teardown_taskflow.py
[2023-09-19T13:43:49.217+0000] {processor.py:839} INFO - DAG(s) dict_keys(['example_setup_teardown_taskflow']) retrieved from /home/airflow/.local/lib/python3.8/site-packages/airflow/example_dags/example_setup_teardown_taskflow.py
[2023-09-19T13:43:49.231+0000] {logging_mixin.py:151} INFO - [2023-09-19T13:43:49.231+0000] {dag.py:2915} INFO - Sync 1 DAGs
[2023-09-19T13:43:49.245+0000] {logging_mixin.py:151} INFO - [2023-09-19T13:43:49.244+0000] {dag.py:3696} INFO - Setting next_dagrun for example_setup_teardown_taskflow to 2023-09-18T13:43:49.244724+00:00, run_after=2023-09-19T13:43:49.244724+00:00
[2023-09-19T13:43:49.261+0000] {processor.py:179} INFO - Processing /home/airflow/.local/lib/python3.8/site-packages/airflow/example_dags/example_setup_teardown_taskflow.py took 0.053 seconds
[2023-09-19T13:44:19.497+0000] {processor.py:157} INFO - Started process (PID=1282) to work on /home/airflow/.local/lib/python3.8/site-packages/airflow/example_dags/example_setup_teardown_taskflow.py
[2023-09-19T13:44:19.498+0000] {processor.py:829} INFO - Processing file /home/airflow/.local/lib/python3.8/site-packages/airflow/example_dags/example_setup_teardown_taskflow.py for tasks to queue
[2023-09-19T13:44:19.499+0000] {logging_mixin.py:151} INFO - [2023-09-19T13:44:19.499+0000] {dagbag.py:539} INFO - Filling up the DagBag from /home/airflow/.local/lib/python3.8/site-packages/airflow/example_dags/example_setup_teardown_taskflow.py
[2023-09-19T13:44:19.507+0000] {processor.py:839} INFO - DAG(s) dict_keys(['example_setup_teardown_taskflow']) retrieved from /home/airflow/.local/lib/python3.8/site-packages/airflow/example_dags/example_setup_teardown_taskflow.py
[2023-09-19T13:44:19.529+0000] {logging_mixin.py:151} INFO - [2023-09-19T13:44:19.528+0000] {dag.py:2915} INFO - Sync 1 DAGs
[2023-09-19T13:44:19.547+0000] {logging_mixin.py:151} INFO - [2023-09-19T13:44:19.547+0000] {dag.py:3696} INFO - Setting next_dagrun for example_setup_teardown_taskflow to 2023-09-18T13:44:19.547224+00:00, run_after=2023-09-19T13:44:19.547224+00:00
[2023-09-19T13:44:19.565+0000] {processor.py:179} INFO - Processing /home/airflow/.local/lib/python3.8/site-packages/airflow/example_dags/example_setup_teardown_taskflow.py took 0.071 seconds
[2023-09-19T13:44:50.024+0000] {processor.py:157} INFO - Started process (PID=1520) to work on /home/airflow/.local/lib/python3.8/site-packages/airflow/example_dags/example_setup_teardown_taskflow.py
[2023-09-19T13:44:50.025+0000] {processor.py:829} INFO - Processing file /home/airflow/.local/lib/python3.8/site-packages/airflow/example_dags/example_setup_teardown_taskflow.py for tasks to queue
[2023-09-19T13:44:50.026+0000] {logging_mixin.py:151} INFO - [2023-09-19T13:44:50.026+0000] {dagbag.py:539} INFO - Filling up the DagBag from /home/airflow/.local/lib/python3.8/site-packages/airflow/example_dags/example_setup_teardown_taskflow.py
[2023-09-19T13:44:50.033+0000] {processor.py:839} INFO - DAG(s) dict_keys(['example_setup_teardown_taskflow']) retrieved from /home/airflow/.local/lib/python3.8/site-packages/airflow/example_dags/example_setup_teardown_taskflow.py
[2023-09-19T13:44:50.047+0000] {logging_mixin.py:151} INFO - [2023-09-19T13:44:50.047+0000] {dag.py:2915} INFO - Sync 1 DAGs
[2023-09-19T13:44:50.064+0000] {logging_mixin.py:151} INFO - [2023-09-19T13:44:50.064+0000] {dag.py:3696} INFO - Setting next_dagrun for example_setup_teardown_taskflow to 2023-09-18T13:44:50.064152+00:00, run_after=2023-09-19T13:44:50.064152+00:00
[2023-09-19T13:44:50.077+0000] {processor.py:179} INFO - Processing /home/airflow/.local/lib/python3.8/site-packages/airflow/example_dags/example_setup_teardown_taskflow.py took 0.055 seconds
[2023-09-19T13:45:20.466+0000] {processor.py:157} INFO - Started process (PID=1759) to work on /home/airflow/.local/lib/python3.8/site-packages/airflow/example_dags/example_setup_teardown_taskflow.py
[2023-09-19T13:45:20.468+0000] {processor.py:829} INFO - Processing file /home/airflow/.local/lib/python3.8/site-packages/airflow/example_dags/example_setup_teardown_taskflow.py for tasks to queue
[2023-09-19T13:45:20.468+0000] {logging_mixin.py:151} INFO - [2023-09-19T13:45:20.468+0000] {dagbag.py:539} INFO - Filling up the DagBag from /home/airflow/.local/lib/python3.8/site-packages/airflow/example_dags/example_setup_teardown_taskflow.py
[2023-09-19T13:45:20.475+0000] {processor.py:839} INFO - DAG(s) dict_keys(['example_setup_teardown_taskflow']) retrieved from /home/airflow/.local/lib/python3.8/site-packages/airflow/example_dags/example_setup_teardown_taskflow.py
[2023-09-19T13:45:20.488+0000] {logging_mixin.py:151} INFO - [2023-09-19T13:45:20.488+0000] {dag.py:2915} INFO - Sync 1 DAGs
[2023-09-19T13:45:20.508+0000] {logging_mixin.py:151} INFO - [2023-09-19T13:45:20.508+0000] {dag.py:3696} INFO - Setting next_dagrun for example_setup_teardown_taskflow to 2023-09-18T13:45:20.507957+00:00, run_after=2023-09-19T13:45:20.507957+00:00
[2023-09-19T13:45:20.540+0000] {processor.py:179} INFO - Processing /home/airflow/.local/lib/python3.8/site-packages/airflow/example_dags/example_setup_teardown_taskflow.py took 0.077 seconds
[2023-09-19T13:45:50.848+0000] {processor.py:157} INFO - Started process (PID=1997) to work on /home/airflow/.local/lib/python3.8/site-packages/airflow/example_dags/example_setup_teardown_taskflow.py
[2023-09-19T13:45:50.848+0000] {processor.py:829} INFO - Processing file /home/airflow/.local/lib/python3.8/site-packages/airflow/example_dags/example_setup_teardown_taskflow.py for tasks to queue
[2023-09-19T13:45:50.849+0000] {logging_mixin.py:151} INFO - [2023-09-19T13:45:50.849+0000] {dagbag.py:539} INFO - Filling up the DagBag from /home/airflow/.local/lib/python3.8/site-packages/airflow/example_dags/example_setup_teardown_taskflow.py
[2023-09-19T13:45:50.855+0000] {processor.py:839} INFO - DAG(s) dict_keys(['example_setup_teardown_taskflow']) retrieved from /home/airflow/.local/lib/python3.8/site-packages/airflow/example_dags/example_setup_teardown_taskflow.py
[2023-09-19T13:45:50.871+0000] {logging_mixin.py:151} INFO - [2023-09-19T13:45:50.870+0000] {dag.py:2915} INFO - Sync 1 DAGs
[2023-09-19T13:45:50.893+0000] {logging_mixin.py:151} INFO - [2023-09-19T13:45:50.893+0000] {dag.py:3696} INFO - Setting next_dagrun for example_setup_teardown_taskflow to 2023-09-18T13:45:50.892852+00:00, run_after=2023-09-19T13:45:50.892852+00:00
[2023-09-19T13:45:50.908+0000] {processor.py:179} INFO - Processing /home/airflow/.local/lib/python3.8/site-packages/airflow/example_dags/example_setup_teardown_taskflow.py took 0.063 seconds
[2023-09-19T13:46:21.384+0000] {processor.py:157} INFO - Started process (PID=2235) to work on /home/airflow/.local/lib/python3.8/site-packages/airflow/example_dags/example_setup_teardown_taskflow.py
[2023-09-19T13:46:21.385+0000] {processor.py:829} INFO - Processing file /home/airflow/.local/lib/python3.8/site-packages/airflow/example_dags/example_setup_teardown_taskflow.py for tasks to queue
[2023-09-19T13:46:21.386+0000] {logging_mixin.py:151} INFO - [2023-09-19T13:46:21.386+0000] {dagbag.py:539} INFO - Filling up the DagBag from /home/airflow/.local/lib/python3.8/site-packages/airflow/example_dags/example_setup_teardown_taskflow.py
[2023-09-19T13:46:21.396+0000] {processor.py:839} INFO - DAG(s) dict_keys(['example_setup_teardown_taskflow']) retrieved from /home/airflow/.local/lib/python3.8/site-packages/airflow/example_dags/example_setup_teardown_taskflow.py
[2023-09-19T13:46:21.417+0000] {logging_mixin.py:151} INFO - [2023-09-19T13:46:21.417+0000] {dag.py:2915} INFO - Sync 1 DAGs
[2023-09-19T13:46:21.436+0000] {logging_mixin.py:151} INFO - [2023-09-19T13:46:21.436+0000] {dag.py:3696} INFO - Setting next_dagrun for example_setup_teardown_taskflow to 2023-09-18T13:46:21.436193+00:00, run_after=2023-09-19T13:46:21.436193+00:00
[2023-09-19T13:46:21.458+0000] {processor.py:179} INFO - Processing /home/airflow/.local/lib/python3.8/site-packages/airflow/example_dags/example_setup_teardown_taskflow.py took 0.077 seconds
[2023-09-19T13:46:52.411+0000] {processor.py:157} INFO - Started process (PID=2473) to work on /home/airflow/.local/lib/python3.8/site-packages/airflow/example_dags/example_setup_teardown_taskflow.py
[2023-09-19T13:46:52.412+0000] {processor.py:829} INFO - Processing file /home/airflow/.local/lib/python3.8/site-packages/airflow/example_dags/example_setup_teardown_taskflow.py for tasks to queue
[2023-09-19T13:46:52.414+0000] {logging_mixin.py:151} INFO - [2023-09-19T13:46:52.413+0000] {dagbag.py:539} INFO - Filling up the DagBag from /home/airflow/.local/lib/python3.8/site-packages/airflow/example_dags/example_setup_teardown_taskflow.py
[2023-09-19T13:46:52.427+0000] {processor.py:839} INFO - DAG(s) dict_keys(['example_setup_teardown_taskflow']) retrieved from /home/airflow/.local/lib/python3.8/site-packages/airflow/example_dags/example_setup_teardown_taskflow.py
[2023-09-19T13:46:52.453+0000] {logging_mixin.py:151} INFO - [2023-09-19T13:46:52.452+0000] {dag.py:2915} INFO - Sync 1 DAGs
[2023-09-19T13:46:52.475+0000] {logging_mixin.py:151} INFO - [2023-09-19T13:46:52.475+0000] {dag.py:3696} INFO - Setting next_dagrun for example_setup_teardown_taskflow to 2023-09-18T13:46:52.475336+00:00, run_after=2023-09-19T13:46:52.475336+00:00
[2023-09-19T13:46:52.497+0000] {processor.py:179} INFO - Processing /home/airflow/.local/lib/python3.8/site-packages/airflow/example_dags/example_setup_teardown_taskflow.py took 0.091 seconds
[2023-09-19T13:47:23.288+0000] {processor.py:157} INFO - Started process (PID=2711) to work on /home/airflow/.local/lib/python3.8/site-packages/airflow/example_dags/example_setup_teardown_taskflow.py
[2023-09-19T13:47:23.289+0000] {processor.py:829} INFO - Processing file /home/airflow/.local/lib/python3.8/site-packages/airflow/example_dags/example_setup_teardown_taskflow.py for tasks to queue
[2023-09-19T13:47:23.290+0000] {logging_mixin.py:151} INFO - [2023-09-19T13:47:23.290+0000] {dagbag.py:539} INFO - Filling up the DagBag from /home/airflow/.local/lib/python3.8/site-packages/airflow/example_dags/example_setup_teardown_taskflow.py
[2023-09-19T13:47:23.299+0000] {processor.py:839} INFO - DAG(s) dict_keys(['example_setup_teardown_taskflow']) retrieved from /home/airflow/.local/lib/python3.8/site-packages/airflow/example_dags/example_setup_teardown_taskflow.py
[2023-09-19T13:47:23.325+0000] {logging_mixin.py:151} INFO - [2023-09-19T13:47:23.325+0000] {dag.py:2915} INFO - Sync 1 DAGs
[2023-09-19T13:47:23.352+0000] {logging_mixin.py:151} INFO - [2023-09-19T13:47:23.352+0000] {dag.py:3696} INFO - Setting next_dagrun for example_setup_teardown_taskflow to 2023-09-18T13:47:23.351871+00:00, run_after=2023-09-19T13:47:23.351871+00:00
[2023-09-19T13:47:23.404+0000] {processor.py:179} INFO - Processing /home/airflow/.local/lib/python3.8/site-packages/airflow/example_dags/example_setup_teardown_taskflow.py took 0.120 seconds
[2023-09-19T13:47:53.496+0000] {processor.py:157} INFO - Started process (PID=2944) to work on /home/airflow/.local/lib/python3.8/site-packages/airflow/example_dags/example_setup_teardown_taskflow.py
[2023-09-19T13:47:53.497+0000] {processor.py:829} INFO - Processing file /home/airflow/.local/lib/python3.8/site-packages/airflow/example_dags/example_setup_teardown_taskflow.py for tasks to queue
[2023-09-19T13:47:53.498+0000] {logging_mixin.py:151} INFO - [2023-09-19T13:47:53.498+0000] {dagbag.py:539} INFO - Filling up the DagBag from /home/airflow/.local/lib/python3.8/site-packages/airflow/example_dags/example_setup_teardown_taskflow.py
[2023-09-19T13:47:53.511+0000] {processor.py:839} INFO - DAG(s) dict_keys(['example_setup_teardown_taskflow']) retrieved from /home/airflow/.local/lib/python3.8/site-packages/airflow/example_dags/example_setup_teardown_taskflow.py
[2023-09-19T13:47:53.531+0000] {logging_mixin.py:151} INFO - [2023-09-19T13:47:53.530+0000] {dag.py:2915} INFO - Sync 1 DAGs
[2023-09-19T13:47:53.550+0000] {logging_mixin.py:151} INFO - [2023-09-19T13:47:53.550+0000] {dag.py:3696} INFO - Setting next_dagrun for example_setup_teardown_taskflow to 2023-09-18T13:47:53.549963+00:00, run_after=2023-09-19T13:47:53.549963+00:00
[2023-09-19T13:47:53.571+0000] {processor.py:179} INFO - Processing /home/airflow/.local/lib/python3.8/site-packages/airflow/example_dags/example_setup_teardown_taskflow.py took 0.078 seconds
[2023-09-19T13:48:23.905+0000] {processor.py:157} INFO - Started process (PID=3182) to work on /home/airflow/.local/lib/python3.8/site-packages/airflow/example_dags/example_setup_teardown_taskflow.py
[2023-09-19T13:48:23.907+0000] {processor.py:829} INFO - Processing file /home/airflow/.local/lib/python3.8/site-packages/airflow/example_dags/example_setup_teardown_taskflow.py for tasks to queue
[2023-09-19T13:48:23.908+0000] {logging_mixin.py:151} INFO - [2023-09-19T13:48:23.908+0000] {dagbag.py:539} INFO - Filling up the DagBag from /home/airflow/.local/lib/python3.8/site-packages/airflow/example_dags/example_setup_teardown_taskflow.py
[2023-09-19T13:48:23.918+0000] {processor.py:839} INFO - DAG(s) dict_keys(['example_setup_teardown_taskflow']) retrieved from /home/airflow/.local/lib/python3.8/site-packages/airflow/example_dags/example_setup_teardown_taskflow.py
[2023-09-19T13:48:23.937+0000] {logging_mixin.py:151} INFO - [2023-09-19T13:48:23.936+0000] {dag.py:2915} INFO - Sync 1 DAGs
[2023-09-19T13:48:23.957+0000] {logging_mixin.py:151} INFO - [2023-09-19T13:48:23.957+0000] {dag.py:3696} INFO - Setting next_dagrun for example_setup_teardown_taskflow to 2023-09-18T13:48:23.956961+00:00, run_after=2023-09-19T13:48:23.956961+00:00
[2023-09-19T13:48:23.977+0000] {processor.py:179} INFO - Processing /home/airflow/.local/lib/python3.8/site-packages/airflow/example_dags/example_setup_teardown_taskflow.py took 0.076 seconds
[2023-09-19T13:48:54.332+0000] {processor.py:157} INFO - Started process (PID=3420) to work on /home/airflow/.local/lib/python3.8/site-packages/airflow/example_dags/example_setup_teardown_taskflow.py
[2023-09-19T13:48:54.333+0000] {processor.py:829} INFO - Processing file /home/airflow/.local/lib/python3.8/site-packages/airflow/example_dags/example_setup_teardown_taskflow.py for tasks to queue
[2023-09-19T13:48:54.334+0000] {logging_mixin.py:151} INFO - [2023-09-19T13:48:54.334+0000] {dagbag.py:539} INFO - Filling up the DagBag from /home/airflow/.local/lib/python3.8/site-packages/airflow/example_dags/example_setup_teardown_taskflow.py
[2023-09-19T13:48:54.343+0000] {processor.py:839} INFO - DAG(s) dict_keys(['example_setup_teardown_taskflow']) retrieved from /home/airflow/.local/lib/python3.8/site-packages/airflow/example_dags/example_setup_teardown_taskflow.py
[2023-09-19T13:48:54.366+0000] {logging_mixin.py:151} INFO - [2023-09-19T13:48:54.366+0000] {dag.py:2915} INFO - Sync 1 DAGs
[2023-09-19T13:48:54.388+0000] {logging_mixin.py:151} INFO - [2023-09-19T13:48:54.387+0000] {dag.py:3696} INFO - Setting next_dagrun for example_setup_teardown_taskflow to 2023-09-18T13:48:54.387564+00:00, run_after=2023-09-19T13:48:54.387564+00:00
[2023-09-19T13:48:54.409+0000] {processor.py:179} INFO - Processing /home/airflow/.local/lib/python3.8/site-packages/airflow/example_dags/example_setup_teardown_taskflow.py took 0.080 seconds
[2023-09-19T13:49:25.124+0000] {processor.py:157} INFO - Started process (PID=3663) to work on /home/airflow/.local/lib/python3.8/site-packages/airflow/example_dags/example_setup_teardown_taskflow.py
[2023-09-19T13:49:25.125+0000] {processor.py:829} INFO - Processing file /home/airflow/.local/lib/python3.8/site-packages/airflow/example_dags/example_setup_teardown_taskflow.py for tasks to queue
[2023-09-19T13:49:25.126+0000] {logging_mixin.py:151} INFO - [2023-09-19T13:49:25.126+0000] {dagbag.py:539} INFO - Filling up the DagBag from /home/airflow/.local/lib/python3.8/site-packages/airflow/example_dags/example_setup_teardown_taskflow.py
[2023-09-19T13:49:25.135+0000] {processor.py:839} INFO - DAG(s) dict_keys(['example_setup_teardown_taskflow']) retrieved from /home/airflow/.local/lib/python3.8/site-packages/airflow/example_dags/example_setup_teardown_taskflow.py
[2023-09-19T13:49:25.159+0000] {logging_mixin.py:151} INFO - [2023-09-19T13:49:25.159+0000] {dag.py:2915} INFO - Sync 1 DAGs
[2023-09-19T13:49:25.178+0000] {logging_mixin.py:151} INFO - [2023-09-19T13:49:25.178+0000] {dag.py:3696} INFO - Setting next_dagrun for example_setup_teardown_taskflow to 2023-09-18T13:49:25.178486+00:00, run_after=2023-09-19T13:49:25.178486+00:00
[2023-09-19T13:49:25.206+0000] {processor.py:179} INFO - Processing /home/airflow/.local/lib/python3.8/site-packages/airflow/example_dags/example_setup_teardown_taskflow.py took 0.085 seconds
[2023-09-19T13:49:55.673+0000] {processor.py:157} INFO - Started process (PID=3901) to work on /home/airflow/.local/lib/python3.8/site-packages/airflow/example_dags/example_setup_teardown_taskflow.py
[2023-09-19T13:49:55.674+0000] {processor.py:829} INFO - Processing file /home/airflow/.local/lib/python3.8/site-packages/airflow/example_dags/example_setup_teardown_taskflow.py for tasks to queue
[2023-09-19T13:49:55.675+0000] {logging_mixin.py:151} INFO - [2023-09-19T13:49:55.674+0000] {dagbag.py:539} INFO - Filling up the DagBag from /home/airflow/.local/lib/python3.8/site-packages/airflow/example_dags/example_setup_teardown_taskflow.py
[2023-09-19T13:49:55.683+0000] {processor.py:839} INFO - DAG(s) dict_keys(['example_setup_teardown_taskflow']) retrieved from /home/airflow/.local/lib/python3.8/site-packages/airflow/example_dags/example_setup_teardown_taskflow.py
[2023-09-19T13:49:55.703+0000] {logging_mixin.py:151} INFO - [2023-09-19T13:49:55.703+0000] {dag.py:2915} INFO - Sync 1 DAGs
[2023-09-19T13:49:55.722+0000] {logging_mixin.py:151} INFO - [2023-09-19T13:49:55.722+0000] {dag.py:3696} INFO - Setting next_dagrun for example_setup_teardown_taskflow to 2023-09-18T13:49:55.722354+00:00, run_after=2023-09-19T13:49:55.722354+00:00
[2023-09-19T13:49:55.744+0000] {processor.py:179} INFO - Processing /home/airflow/.local/lib/python3.8/site-packages/airflow/example_dags/example_setup_teardown_taskflow.py took 0.073 seconds
[2023-09-19T13:50:26.177+0000] {processor.py:157} INFO - Started process (PID=4139) to work on /home/airflow/.local/lib/python3.8/site-packages/airflow/example_dags/example_setup_teardown_taskflow.py
[2023-09-19T13:50:26.178+0000] {processor.py:829} INFO - Processing file /home/airflow/.local/lib/python3.8/site-packages/airflow/example_dags/example_setup_teardown_taskflow.py for tasks to queue
[2023-09-19T13:50:26.179+0000] {logging_mixin.py:151} INFO - [2023-09-19T13:50:26.179+0000] {dagbag.py:539} INFO - Filling up the DagBag from /home/airflow/.local/lib/python3.8/site-packages/airflow/example_dags/example_setup_teardown_taskflow.py
[2023-09-19T13:50:26.188+0000] {processor.py:839} INFO - DAG(s) dict_keys(['example_setup_teardown_taskflow']) retrieved from /home/airflow/.local/lib/python3.8/site-packages/airflow/example_dags/example_setup_teardown_taskflow.py
[2023-09-19T13:50:26.209+0000] {logging_mixin.py:151} INFO - [2023-09-19T13:50:26.209+0000] {dag.py:2915} INFO - Sync 1 DAGs
[2023-09-19T13:50:26.228+0000] {logging_mixin.py:151} INFO - [2023-09-19T13:50:26.228+0000] {dag.py:3696} INFO - Setting next_dagrun for example_setup_teardown_taskflow to 2023-09-18T13:50:26.228131+00:00, run_after=2023-09-19T13:50:26.228131+00:00
[2023-09-19T13:50:26.246+0000] {processor.py:179} INFO - Processing /home/airflow/.local/lib/python3.8/site-packages/airflow/example_dags/example_setup_teardown_taskflow.py took 0.071 seconds
[2023-09-19T13:50:56.639+0000] {processor.py:157} INFO - Started process (PID=4376) to work on /home/airflow/.local/lib/python3.8/site-packages/airflow/example_dags/example_setup_teardown_taskflow.py
[2023-09-19T13:50:56.640+0000] {processor.py:829} INFO - Processing file /home/airflow/.local/lib/python3.8/site-packages/airflow/example_dags/example_setup_teardown_taskflow.py for tasks to queue
[2023-09-19T13:50:56.640+0000] {logging_mixin.py:151} INFO - [2023-09-19T13:50:56.640+0000] {dagbag.py:539} INFO - Filling up the DagBag from /home/airflow/.local/lib/python3.8/site-packages/airflow/example_dags/example_setup_teardown_taskflow.py
[2023-09-19T13:50:56.649+0000] {processor.py:839} INFO - DAG(s) dict_keys(['example_setup_teardown_taskflow']) retrieved from /home/airflow/.local/lib/python3.8/site-packages/airflow/example_dags/example_setup_teardown_taskflow.py
[2023-09-19T13:50:56.668+0000] {logging_mixin.py:151} INFO - [2023-09-19T13:50:56.668+0000] {dag.py:2915} INFO - Sync 1 DAGs
[2023-09-19T13:50:56.689+0000] {logging_mixin.py:151} INFO - [2023-09-19T13:50:56.689+0000] {dag.py:3696} INFO - Setting next_dagrun for example_setup_teardown_taskflow to 2023-09-18T13:50:56.689619+00:00, run_after=2023-09-19T13:50:56.689619+00:00
[2023-09-19T13:50:56.711+0000] {processor.py:179} INFO - Processing /home/airflow/.local/lib/python3.8/site-packages/airflow/example_dags/example_setup_teardown_taskflow.py took 0.075 seconds
[2023-09-19T13:51:27.103+0000] {processor.py:157} INFO - Started process (PID=4614) to work on /home/airflow/.local/lib/python3.8/site-packages/airflow/example_dags/example_setup_teardown_taskflow.py
[2023-09-19T13:51:27.104+0000] {processor.py:829} INFO - Processing file /home/airflow/.local/lib/python3.8/site-packages/airflow/example_dags/example_setup_teardown_taskflow.py for tasks to queue
[2023-09-19T13:51:27.105+0000] {logging_mixin.py:151} INFO - [2023-09-19T13:51:27.104+0000] {dagbag.py:539} INFO - Filling up the DagBag from /home/airflow/.local/lib/python3.8/site-packages/airflow/example_dags/example_setup_teardown_taskflow.py
[2023-09-19T13:51:27.113+0000] {processor.py:839} INFO - DAG(s) dict_keys(['example_setup_teardown_taskflow']) retrieved from /home/airflow/.local/lib/python3.8/site-packages/airflow/example_dags/example_setup_teardown_taskflow.py
[2023-09-19T13:51:27.132+0000] {logging_mixin.py:151} INFO - [2023-09-19T13:51:27.132+0000] {dag.py:2915} INFO - Sync 1 DAGs
[2023-09-19T13:51:27.155+0000] {logging_mixin.py:151} INFO - [2023-09-19T13:51:27.155+0000] {dag.py:3696} INFO - Setting next_dagrun for example_setup_teardown_taskflow to 2023-09-18T13:51:27.154718+00:00, run_after=2023-09-19T13:51:27.154718+00:00
[2023-09-19T13:51:27.175+0000] {processor.py:179} INFO - Processing /home/airflow/.local/lib/python3.8/site-packages/airflow/example_dags/example_setup_teardown_taskflow.py took 0.074 seconds
[2023-09-19T13:51:57.310+0000] {processor.py:157} INFO - Started process (PID=4847) to work on /home/airflow/.local/lib/python3.8/site-packages/airflow/example_dags/example_setup_teardown_taskflow.py
[2023-09-19T13:51:57.311+0000] {processor.py:829} INFO - Processing file /home/airflow/.local/lib/python3.8/site-packages/airflow/example_dags/example_setup_teardown_taskflow.py for tasks to queue
[2023-09-19T13:51:57.311+0000] {logging_mixin.py:151} INFO - [2023-09-19T13:51:57.311+0000] {dagbag.py:539} INFO - Filling up the DagBag from /home/airflow/.local/lib/python3.8/site-packages/airflow/example_dags/example_setup_teardown_taskflow.py
[2023-09-19T13:51:57.318+0000] {processor.py:839} INFO - DAG(s) dict_keys(['example_setup_teardown_taskflow']) retrieved from /home/airflow/.local/lib/python3.8/site-packages/airflow/example_dags/example_setup_teardown_taskflow.py
[2023-09-19T13:51:57.339+0000] {logging_mixin.py:151} INFO - [2023-09-19T13:51:57.339+0000] {dag.py:2915} INFO - Sync 1 DAGs
[2023-09-19T13:51:57.356+0000] {logging_mixin.py:151} INFO - [2023-09-19T13:51:57.356+0000] {dag.py:3696} INFO - Setting next_dagrun for example_setup_teardown_taskflow to 2023-09-18T13:51:57.356174+00:00, run_after=2023-09-19T13:51:57.356174+00:00
[2023-09-19T13:51:57.374+0000] {processor.py:179} INFO - Processing /home/airflow/.local/lib/python3.8/site-packages/airflow/example_dags/example_setup_teardown_taskflow.py took 0.067 seconds
[2023-09-19T13:52:27.638+0000] {processor.py:157} INFO - Started process (PID=5090) to work on /home/airflow/.local/lib/python3.8/site-packages/airflow/example_dags/example_setup_teardown_taskflow.py
[2023-09-19T13:52:27.639+0000] {processor.py:829} INFO - Processing file /home/airflow/.local/lib/python3.8/site-packages/airflow/example_dags/example_setup_teardown_taskflow.py for tasks to queue
[2023-09-19T13:52:27.640+0000] {logging_mixin.py:151} INFO - [2023-09-19T13:52:27.640+0000] {dagbag.py:539} INFO - Filling up the DagBag from /home/airflow/.local/lib/python3.8/site-packages/airflow/example_dags/example_setup_teardown_taskflow.py
[2023-09-19T13:52:27.648+0000] {processor.py:839} INFO - DAG(s) dict_keys(['example_setup_teardown_taskflow']) retrieved from /home/airflow/.local/lib/python3.8/site-packages/airflow/example_dags/example_setup_teardown_taskflow.py
[2023-09-19T13:52:27.663+0000] {logging_mixin.py:151} INFO - [2023-09-19T13:52:27.663+0000] {dag.py:2915} INFO - Sync 1 DAGs
[2023-09-19T13:52:27.686+0000] {logging_mixin.py:151} INFO - [2023-09-19T13:52:27.686+0000] {dag.py:3696} INFO - Setting next_dagrun for example_setup_teardown_taskflow to 2023-09-18T13:52:27.686135+00:00, run_after=2023-09-19T13:52:27.686135+00:00
[2023-09-19T13:52:27.703+0000] {processor.py:179} INFO - Processing /home/airflow/.local/lib/python3.8/site-packages/airflow/example_dags/example_setup_teardown_taskflow.py took 0.067 seconds
[2023-09-19T13:52:57.833+0000] {processor.py:157} INFO - Started process (PID=5329) to work on /home/airflow/.local/lib/python3.8/site-packages/airflow/example_dags/example_setup_teardown_taskflow.py
[2023-09-19T13:52:57.835+0000] {processor.py:829} INFO - Processing file /home/airflow/.local/lib/python3.8/site-packages/airflow/example_dags/example_setup_teardown_taskflow.py for tasks to queue
[2023-09-19T13:52:57.836+0000] {logging_mixin.py:151} INFO - [2023-09-19T13:52:57.835+0000] {dagbag.py:539} INFO - Filling up the DagBag from /home/airflow/.local/lib/python3.8/site-packages/airflow/example_dags/example_setup_teardown_taskflow.py
[2023-09-19T13:52:57.843+0000] {processor.py:839} INFO - DAG(s) dict_keys(['example_setup_teardown_taskflow']) retrieved from /home/airflow/.local/lib/python3.8/site-packages/airflow/example_dags/example_setup_teardown_taskflow.py
[2023-09-19T13:52:57.860+0000] {logging_mixin.py:151} INFO - [2023-09-19T13:52:57.860+0000] {dag.py:2915} INFO - Sync 1 DAGs
[2023-09-19T13:52:57.876+0000] {logging_mixin.py:151} INFO - [2023-09-19T13:52:57.876+0000] {dag.py:3696} INFO - Setting next_dagrun for example_setup_teardown_taskflow to 2023-09-18T13:52:57.876531+00:00, run_after=2023-09-19T13:52:57.876531+00:00
[2023-09-19T13:52:57.899+0000] {processor.py:179} INFO - Processing /home/airflow/.local/lib/python3.8/site-packages/airflow/example_dags/example_setup_teardown_taskflow.py took 0.069 seconds
[2023-09-19T13:53:28.266+0000] {processor.py:157} INFO - Started process (PID=5567) to work on /home/airflow/.local/lib/python3.8/site-packages/airflow/example_dags/example_setup_teardown_taskflow.py
[2023-09-19T13:53:28.267+0000] {processor.py:829} INFO - Processing file /home/airflow/.local/lib/python3.8/site-packages/airflow/example_dags/example_setup_teardown_taskflow.py for tasks to queue
[2023-09-19T13:53:28.268+0000] {logging_mixin.py:151} INFO - [2023-09-19T13:53:28.268+0000] {dagbag.py:539} INFO - Filling up the DagBag from /home/airflow/.local/lib/python3.8/site-packages/airflow/example_dags/example_setup_teardown_taskflow.py
[2023-09-19T13:53:28.276+0000] {processor.py:839} INFO - DAG(s) dict_keys(['example_setup_teardown_taskflow']) retrieved from /home/airflow/.local/lib/python3.8/site-packages/airflow/example_dags/example_setup_teardown_taskflow.py
[2023-09-19T13:53:28.295+0000] {logging_mixin.py:151} INFO - [2023-09-19T13:53:28.295+0000] {dag.py:2915} INFO - Sync 1 DAGs
[2023-09-19T13:53:28.315+0000] {logging_mixin.py:151} INFO - [2023-09-19T13:53:28.315+0000] {dag.py:3696} INFO - Setting next_dagrun for example_setup_teardown_taskflow to 2023-09-18T13:53:28.315487+00:00, run_after=2023-09-19T13:53:28.315487+00:00
[2023-09-19T13:53:28.332+0000] {processor.py:179} INFO - Processing /home/airflow/.local/lib/python3.8/site-packages/airflow/example_dags/example_setup_teardown_taskflow.py took 0.069 seconds
[2023-09-19T13:53:58.365+0000] {processor.py:157} INFO - Started process (PID=5800) to work on /home/airflow/.local/lib/python3.8/site-packages/airflow/example_dags/example_setup_teardown_taskflow.py
[2023-09-19T13:53:58.366+0000] {processor.py:829} INFO - Processing file /home/airflow/.local/lib/python3.8/site-packages/airflow/example_dags/example_setup_teardown_taskflow.py for tasks to queue
[2023-09-19T13:53:58.367+0000] {logging_mixin.py:151} INFO - [2023-09-19T13:53:58.367+0000] {dagbag.py:539} INFO - Filling up the DagBag from /home/airflow/.local/lib/python3.8/site-packages/airflow/example_dags/example_setup_teardown_taskflow.py
[2023-09-19T13:53:58.376+0000] {processor.py:839} INFO - DAG(s) dict_keys(['example_setup_teardown_taskflow']) retrieved from /home/airflow/.local/lib/python3.8/site-packages/airflow/example_dags/example_setup_teardown_taskflow.py
[2023-09-19T13:53:58.393+0000] {logging_mixin.py:151} INFO - [2023-09-19T13:53:58.393+0000] {dag.py:2915} INFO - Sync 1 DAGs
[2023-09-19T13:53:58.409+0000] {logging_mixin.py:151} INFO - [2023-09-19T13:53:58.408+0000] {dag.py:3696} INFO - Setting next_dagrun for example_setup_teardown_taskflow to 2023-09-18T13:53:58.408766+00:00, run_after=2023-09-19T13:53:58.408766+00:00
[2023-09-19T13:53:58.427+0000] {processor.py:179} INFO - Processing /home/airflow/.local/lib/python3.8/site-packages/airflow/example_dags/example_setup_teardown_taskflow.py took 0.065 seconds
[2023-09-19T13:54:28.910+0000] {processor.py:157} INFO - Started process (PID=6043) to work on /home/airflow/.local/lib/python3.8/site-packages/airflow/example_dags/example_setup_teardown_taskflow.py
[2023-09-19T13:54:28.913+0000] {processor.py:829} INFO - Processing file /home/airflow/.local/lib/python3.8/site-packages/airflow/example_dags/example_setup_teardown_taskflow.py for tasks to queue
[2023-09-19T13:54:28.914+0000] {logging_mixin.py:151} INFO - [2023-09-19T13:54:28.914+0000] {dagbag.py:539} INFO - Filling up the DagBag from /home/airflow/.local/lib/python3.8/site-packages/airflow/example_dags/example_setup_teardown_taskflow.py
[2023-09-19T13:54:28.921+0000] {processor.py:839} INFO - DAG(s) dict_keys(['example_setup_teardown_taskflow']) retrieved from /home/airflow/.local/lib/python3.8/site-packages/airflow/example_dags/example_setup_teardown_taskflow.py
[2023-09-19T13:54:28.938+0000] {logging_mixin.py:151} INFO - [2023-09-19T13:54:28.937+0000] {dag.py:2915} INFO - Sync 1 DAGs
[2023-09-19T13:54:28.957+0000] {logging_mixin.py:151} INFO - [2023-09-19T13:54:28.957+0000] {dag.py:3696} INFO - Setting next_dagrun for example_setup_teardown_taskflow to 2023-09-18T13:54:28.957367+00:00, run_after=2023-09-19T13:54:28.957367+00:00
[2023-09-19T13:54:28.974+0000] {processor.py:179} INFO - Processing /home/airflow/.local/lib/python3.8/site-packages/airflow/example_dags/example_setup_teardown_taskflow.py took 0.066 seconds
[2023-09-19T13:54:59.172+0000] {processor.py:157} INFO - Started process (PID=6281) to work on /home/airflow/.local/lib/python3.8/site-packages/airflow/example_dags/example_setup_teardown_taskflow.py
[2023-09-19T13:54:59.173+0000] {processor.py:829} INFO - Processing file /home/airflow/.local/lib/python3.8/site-packages/airflow/example_dags/example_setup_teardown_taskflow.py for tasks to queue
[2023-09-19T13:54:59.173+0000] {logging_mixin.py:151} INFO - [2023-09-19T13:54:59.173+0000] {dagbag.py:539} INFO - Filling up the DagBag from /home/airflow/.local/lib/python3.8/site-packages/airflow/example_dags/example_setup_teardown_taskflow.py
[2023-09-19T13:54:59.183+0000] {processor.py:839} INFO - DAG(s) dict_keys(['example_setup_teardown_taskflow']) retrieved from /home/airflow/.local/lib/python3.8/site-packages/airflow/example_dags/example_setup_teardown_taskflow.py
[2023-09-19T13:54:59.200+0000] {logging_mixin.py:151} INFO - [2023-09-19T13:54:59.200+0000] {dag.py:2915} INFO - Sync 1 DAGs
[2023-09-19T13:54:59.217+0000] {logging_mixin.py:151} INFO - [2023-09-19T13:54:59.216+0000] {dag.py:3696} INFO - Setting next_dagrun for example_setup_teardown_taskflow to 2023-09-18T13:54:59.216617+00:00, run_after=2023-09-19T13:54:59.216617+00:00
[2023-09-19T13:54:59.241+0000] {processor.py:179} INFO - Processing /home/airflow/.local/lib/python3.8/site-packages/airflow/example_dags/example_setup_teardown_taskflow.py took 0.072 seconds
[2023-09-19T13:55:29.396+0000] {processor.py:157} INFO - Started process (PID=6519) to work on /home/airflow/.local/lib/python3.8/site-packages/airflow/example_dags/example_setup_teardown_taskflow.py
[2023-09-19T13:55:29.397+0000] {processor.py:829} INFO - Processing file /home/airflow/.local/lib/python3.8/site-packages/airflow/example_dags/example_setup_teardown_taskflow.py for tasks to queue
[2023-09-19T13:55:29.398+0000] {logging_mixin.py:151} INFO - [2023-09-19T13:55:29.398+0000] {dagbag.py:539} INFO - Filling up the DagBag from /home/airflow/.local/lib/python3.8/site-packages/airflow/example_dags/example_setup_teardown_taskflow.py
[2023-09-19T13:55:29.405+0000] {processor.py:839} INFO - DAG(s) dict_keys(['example_setup_teardown_taskflow']) retrieved from /home/airflow/.local/lib/python3.8/site-packages/airflow/example_dags/example_setup_teardown_taskflow.py
[2023-09-19T13:55:29.423+0000] {logging_mixin.py:151} INFO - [2023-09-19T13:55:29.423+0000] {dag.py:2915} INFO - Sync 1 DAGs
[2023-09-19T13:55:29.440+0000] {logging_mixin.py:151} INFO - [2023-09-19T13:55:29.439+0000] {dag.py:3696} INFO - Setting next_dagrun for example_setup_teardown_taskflow to 2023-09-18T13:55:29.439645+00:00, run_after=2023-09-19T13:55:29.439645+00:00
[2023-09-19T13:55:29.458+0000] {processor.py:179} INFO - Processing /home/airflow/.local/lib/python3.8/site-packages/airflow/example_dags/example_setup_teardown_taskflow.py took 0.064 seconds
[2023-09-19T13:55:59.593+0000] {processor.py:157} INFO - Started process (PID=6757) to work on /home/airflow/.local/lib/python3.8/site-packages/airflow/example_dags/example_setup_teardown_taskflow.py
[2023-09-19T13:55:59.594+0000] {processor.py:829} INFO - Processing file /home/airflow/.local/lib/python3.8/site-packages/airflow/example_dags/example_setup_teardown_taskflow.py for tasks to queue
[2023-09-19T13:55:59.595+0000] {logging_mixin.py:151} INFO - [2023-09-19T13:55:59.595+0000] {dagbag.py:539} INFO - Filling up the DagBag from /home/airflow/.local/lib/python3.8/site-packages/airflow/example_dags/example_setup_teardown_taskflow.py
[2023-09-19T13:55:59.603+0000] {processor.py:839} INFO - DAG(s) dict_keys(['example_setup_teardown_taskflow']) retrieved from /home/airflow/.local/lib/python3.8/site-packages/airflow/example_dags/example_setup_teardown_taskflow.py
[2023-09-19T13:55:59.621+0000] {logging_mixin.py:151} INFO - [2023-09-19T13:55:59.620+0000] {dag.py:2915} INFO - Sync 1 DAGs
[2023-09-19T13:55:59.636+0000] {logging_mixin.py:151} INFO - [2023-09-19T13:55:59.636+0000] {dag.py:3696} INFO - Setting next_dagrun for example_setup_teardown_taskflow to 2023-09-18T13:55:59.636147+00:00, run_after=2023-09-19T13:55:59.636147+00:00
[2023-09-19T13:55:59.652+0000] {processor.py:179} INFO - Processing /home/airflow/.local/lib/python3.8/site-packages/airflow/example_dags/example_setup_teardown_taskflow.py took 0.062 seconds
[2023-09-19T13:56:29.779+0000] {processor.py:157} INFO - Started process (PID=6992) to work on /home/airflow/.local/lib/python3.8/site-packages/airflow/example_dags/example_setup_teardown_taskflow.py
[2023-09-19T13:56:29.780+0000] {processor.py:829} INFO - Processing file /home/airflow/.local/lib/python3.8/site-packages/airflow/example_dags/example_setup_teardown_taskflow.py for tasks to queue
[2023-09-19T13:56:29.780+0000] {logging_mixin.py:151} INFO - [2023-09-19T13:56:29.780+0000] {dagbag.py:539} INFO - Filling up the DagBag from /home/airflow/.local/lib/python3.8/site-packages/airflow/example_dags/example_setup_teardown_taskflow.py
[2023-09-19T13:56:29.787+0000] {processor.py:839} INFO - DAG(s) dict_keys(['example_setup_teardown_taskflow']) retrieved from /home/airflow/.local/lib/python3.8/site-packages/airflow/example_dags/example_setup_teardown_taskflow.py
[2023-09-19T13:56:29.805+0000] {logging_mixin.py:151} INFO - [2023-09-19T13:56:29.805+0000] {dag.py:2915} INFO - Sync 1 DAGs
[2023-09-19T13:56:29.821+0000] {logging_mixin.py:151} INFO - [2023-09-19T13:56:29.821+0000] {dag.py:3696} INFO - Setting next_dagrun for example_setup_teardown_taskflow to 2023-09-18T13:56:29.821307+00:00, run_after=2023-09-19T13:56:29.821307+00:00
[2023-09-19T13:56:29.836+0000] {processor.py:179} INFO - Processing /home/airflow/.local/lib/python3.8/site-packages/airflow/example_dags/example_setup_teardown_taskflow.py took 0.060 seconds
[2023-09-19T13:57:00.079+0000] {processor.py:157} INFO - Started process (PID=7230) to work on /home/airflow/.local/lib/python3.8/site-packages/airflow/example_dags/example_setup_teardown_taskflow.py
[2023-09-19T13:57:00.080+0000] {processor.py:829} INFO - Processing file /home/airflow/.local/lib/python3.8/site-packages/airflow/example_dags/example_setup_teardown_taskflow.py for tasks to queue
[2023-09-19T13:57:00.081+0000] {logging_mixin.py:151} INFO - [2023-09-19T13:57:00.080+0000] {dagbag.py:539} INFO - Filling up the DagBag from /home/airflow/.local/lib/python3.8/site-packages/airflow/example_dags/example_setup_teardown_taskflow.py
[2023-09-19T13:57:00.091+0000] {processor.py:839} INFO - DAG(s) dict_keys(['example_setup_teardown_taskflow']) retrieved from /home/airflow/.local/lib/python3.8/site-packages/airflow/example_dags/example_setup_teardown_taskflow.py
[2023-09-19T13:57:00.107+0000] {logging_mixin.py:151} INFO - [2023-09-19T13:57:00.107+0000] {dag.py:2915} INFO - Sync 1 DAGs
[2023-09-19T13:57:00.122+0000] {logging_mixin.py:151} INFO - [2023-09-19T13:57:00.122+0000] {dag.py:3696} INFO - Setting next_dagrun for example_setup_teardown_taskflow to 2023-09-18T13:57:00.122225+00:00, run_after=2023-09-19T13:57:00.122225+00:00
[2023-09-19T13:57:00.143+0000] {processor.py:179} INFO - Processing /home/airflow/.local/lib/python3.8/site-packages/airflow/example_dags/example_setup_teardown_taskflow.py took 0.066 seconds
[2023-09-19T13:57:30.634+0000] {processor.py:157} INFO - Started process (PID=7466) to work on /home/airflow/.local/lib/python3.8/site-packages/airflow/example_dags/example_setup_teardown_taskflow.py
[2023-09-19T13:57:30.635+0000] {processor.py:829} INFO - Processing file /home/airflow/.local/lib/python3.8/site-packages/airflow/example_dags/example_setup_teardown_taskflow.py for tasks to queue
[2023-09-19T13:57:30.635+0000] {logging_mixin.py:151} INFO - [2023-09-19T13:57:30.635+0000] {dagbag.py:539} INFO - Filling up the DagBag from /home/airflow/.local/lib/python3.8/site-packages/airflow/example_dags/example_setup_teardown_taskflow.py
[2023-09-19T13:57:30.643+0000] {processor.py:839} INFO - DAG(s) dict_keys(['example_setup_teardown_taskflow']) retrieved from /home/airflow/.local/lib/python3.8/site-packages/airflow/example_dags/example_setup_teardown_taskflow.py
[2023-09-19T13:57:30.661+0000] {logging_mixin.py:151} INFO - [2023-09-19T13:57:30.661+0000] {dag.py:2915} INFO - Sync 1 DAGs
[2023-09-19T13:57:30.684+0000] {logging_mixin.py:151} INFO - [2023-09-19T13:57:30.683+0000] {dag.py:3696} INFO - Setting next_dagrun for example_setup_teardown_taskflow to 2023-09-18T13:57:30.683571+00:00, run_after=2023-09-19T13:57:30.683571+00:00
[2023-09-19T13:57:30.702+0000] {processor.py:179} INFO - Processing /home/airflow/.local/lib/python3.8/site-packages/airflow/example_dags/example_setup_teardown_taskflow.py took 0.071 seconds
[2023-09-19T13:58:00.842+0000] {processor.py:157} INFO - Started process (PID=7705) to work on /home/airflow/.local/lib/python3.8/site-packages/airflow/example_dags/example_setup_teardown_taskflow.py
[2023-09-19T13:58:00.843+0000] {processor.py:829} INFO - Processing file /home/airflow/.local/lib/python3.8/site-packages/airflow/example_dags/example_setup_teardown_taskflow.py for tasks to queue
[2023-09-19T13:58:00.843+0000] {logging_mixin.py:151} INFO - [2023-09-19T13:58:00.843+0000] {dagbag.py:539} INFO - Filling up the DagBag from /home/airflow/.local/lib/python3.8/site-packages/airflow/example_dags/example_setup_teardown_taskflow.py
[2023-09-19T13:58:00.850+0000] {processor.py:839} INFO - DAG(s) dict_keys(['example_setup_teardown_taskflow']) retrieved from /home/airflow/.local/lib/python3.8/site-packages/airflow/example_dags/example_setup_teardown_taskflow.py
[2023-09-19T13:58:00.869+0000] {logging_mixin.py:151} INFO - [2023-09-19T13:58:00.868+0000] {dag.py:2915} INFO - Sync 1 DAGs
[2023-09-19T13:58:00.884+0000] {logging_mixin.py:151} INFO - [2023-09-19T13:58:00.884+0000] {dag.py:3696} INFO - Setting next_dagrun for example_setup_teardown_taskflow to 2023-09-18T13:58:00.884157+00:00, run_after=2023-09-19T13:58:00.884157+00:00
[2023-09-19T13:58:00.902+0000] {processor.py:179} INFO - Processing /home/airflow/.local/lib/python3.8/site-packages/airflow/example_dags/example_setup_teardown_taskflow.py took 0.063 seconds
[2023-09-19T13:58:31.332+0000] {processor.py:157} INFO - Started process (PID=7950) to work on /home/airflow/.local/lib/python3.8/site-packages/airflow/example_dags/example_setup_teardown_taskflow.py
[2023-09-19T13:58:31.333+0000] {processor.py:829} INFO - Processing file /home/airflow/.local/lib/python3.8/site-packages/airflow/example_dags/example_setup_teardown_taskflow.py for tasks to queue
[2023-09-19T13:58:31.334+0000] {logging_mixin.py:151} INFO - [2023-09-19T13:58:31.333+0000] {dagbag.py:539} INFO - Filling up the DagBag from /home/airflow/.local/lib/python3.8/site-packages/airflow/example_dags/example_setup_teardown_taskflow.py
[2023-09-19T13:58:31.343+0000] {processor.py:839} INFO - DAG(s) dict_keys(['example_setup_teardown_taskflow']) retrieved from /home/airflow/.local/lib/python3.8/site-packages/airflow/example_dags/example_setup_teardown_taskflow.py
[2023-09-19T13:58:31.359+0000] {logging_mixin.py:151} INFO - [2023-09-19T13:58:31.359+0000] {dag.py:2915} INFO - Sync 1 DAGs
[2023-09-19T13:58:31.375+0000] {logging_mixin.py:151} INFO - [2023-09-19T13:58:31.375+0000] {dag.py:3696} INFO - Setting next_dagrun for example_setup_teardown_taskflow to 2023-09-18T13:58:31.375411+00:00, run_after=2023-09-19T13:58:31.375411+00:00
[2023-09-19T13:58:31.395+0000] {processor.py:179} INFO - Processing /home/airflow/.local/lib/python3.8/site-packages/airflow/example_dags/example_setup_teardown_taskflow.py took 0.067 seconds
[2023-09-19T13:59:01.448+0000] {processor.py:157} INFO - Started process (PID=8186) to work on /home/airflow/.local/lib/python3.8/site-packages/airflow/example_dags/example_setup_teardown_taskflow.py
[2023-09-19T13:59:01.451+0000] {processor.py:829} INFO - Processing file /home/airflow/.local/lib/python3.8/site-packages/airflow/example_dags/example_setup_teardown_taskflow.py for tasks to queue
[2023-09-19T13:59:01.452+0000] {logging_mixin.py:151} INFO - [2023-09-19T13:59:01.452+0000] {dagbag.py:539} INFO - Filling up the DagBag from /home/airflow/.local/lib/python3.8/site-packages/airflow/example_dags/example_setup_teardown_taskflow.py
[2023-09-19T13:59:01.461+0000] {processor.py:839} INFO - DAG(s) dict_keys(['example_setup_teardown_taskflow']) retrieved from /home/airflow/.local/lib/python3.8/site-packages/airflow/example_dags/example_setup_teardown_taskflow.py
[2023-09-19T13:59:01.477+0000] {logging_mixin.py:151} INFO - [2023-09-19T13:59:01.477+0000] {dag.py:2915} INFO - Sync 1 DAGs
[2023-09-19T13:59:01.494+0000] {logging_mixin.py:151} INFO - [2023-09-19T13:59:01.494+0000] {dag.py:3696} INFO - Setting next_dagrun for example_setup_teardown_taskflow to 2023-09-18T13:59:01.494257+00:00, run_after=2023-09-19T13:59:01.494257+00:00
[2023-09-19T13:59:01.517+0000] {processor.py:179} INFO - Processing /home/airflow/.local/lib/python3.8/site-packages/airflow/example_dags/example_setup_teardown_taskflow.py took 0.073 seconds
[2023-09-19T13:59:32.563+0000] {processor.py:157} INFO - Started process (PID=8431) to work on /home/airflow/.local/lib/python3.8/site-packages/airflow/example_dags/example_setup_teardown_taskflow.py
[2023-09-19T13:59:32.564+0000] {processor.py:829} INFO - Processing file /home/airflow/.local/lib/python3.8/site-packages/airflow/example_dags/example_setup_teardown_taskflow.py for tasks to queue
[2023-09-19T13:59:32.565+0000] {logging_mixin.py:151} INFO - [2023-09-19T13:59:32.565+0000] {dagbag.py:539} INFO - Filling up the DagBag from /home/airflow/.local/lib/python3.8/site-packages/airflow/example_dags/example_setup_teardown_taskflow.py
[2023-09-19T13:59:32.574+0000] {processor.py:839} INFO - DAG(s) dict_keys(['example_setup_teardown_taskflow']) retrieved from /home/airflow/.local/lib/python3.8/site-packages/airflow/example_dags/example_setup_teardown_taskflow.py
[2023-09-19T13:59:32.592+0000] {logging_mixin.py:151} INFO - [2023-09-19T13:59:32.591+0000] {dag.py:2915} INFO - Sync 1 DAGs
[2023-09-19T13:59:32.607+0000] {logging_mixin.py:151} INFO - [2023-09-19T13:59:32.607+0000] {dag.py:3696} INFO - Setting next_dagrun for example_setup_teardown_taskflow to 2023-09-18T13:59:32.606908+00:00, run_after=2023-09-19T13:59:32.606908+00:00
[2023-09-19T13:59:32.622+0000] {processor.py:179} INFO - Processing /home/airflow/.local/lib/python3.8/site-packages/airflow/example_dags/example_setup_teardown_taskflow.py took 0.062 seconds
