[2023-09-19T13:42:09.171+0000] {processor.py:157} INFO - Started process (PID=295) to work on /home/airflow/.local/lib/python3.8/site-packages/airflow/example_dags/example_short_circuit_decorator.py
[2023-09-19T13:42:09.172+0000] {processor.py:829} INFO - Processing file /home/airflow/.local/lib/python3.8/site-packages/airflow/example_dags/example_short_circuit_decorator.py for tasks to queue
[2023-09-19T13:42:09.173+0000] {logging_mixin.py:151} INFO - [2023-09-19T13:42:09.173+0000] {dagbag.py:539} INFO - Filling up the DagBag from /home/airflow/.local/lib/python3.8/site-packages/airflow/example_dags/example_short_circuit_decorator.py
[2023-09-19T13:42:09.186+0000] {processor.py:839} INFO - DAG(s) dict_keys(['example_short_circuit_decorator']) retrieved from /home/airflow/.local/lib/python3.8/site-packages/airflow/example_dags/example_short_circuit_decorator.py
[2023-09-19T13:42:09.208+0000] {logging_mixin.py:151} INFO - [2023-09-19T13:42:09.207+0000] {dag.py:2915} INFO - Sync 1 DAGs
[2023-09-19T13:42:09.232+0000] {logging_mixin.py:151} INFO - [2023-09-19T13:42:09.232+0000] {dag.py:3696} INFO - Setting next_dagrun for example_short_circuit_decorator to 2023-09-18T13:42:09.231518+00:00, run_after=2023-09-19T13:42:09.231518+00:00
[2023-09-19T13:42:09.257+0000] {processor.py:179} INFO - Processing /home/airflow/.local/lib/python3.8/site-packages/airflow/example_dags/example_short_circuit_decorator.py took 0.089 seconds
[2023-09-19T13:42:47.044+0000] {processor.py:157} INFO - Started process (PID=533) to work on /home/airflow/.local/lib/python3.8/site-packages/airflow/example_dags/example_short_circuit_decorator.py
[2023-09-19T13:42:47.045+0000] {processor.py:829} INFO - Processing file /home/airflow/.local/lib/python3.8/site-packages/airflow/example_dags/example_short_circuit_decorator.py for tasks to queue
[2023-09-19T13:42:47.046+0000] {logging_mixin.py:151} INFO - [2023-09-19T13:42:47.046+0000] {dagbag.py:539} INFO - Filling up the DagBag from /home/airflow/.local/lib/python3.8/site-packages/airflow/example_dags/example_short_circuit_decorator.py
[2023-09-19T13:42:47.054+0000] {processor.py:839} INFO - DAG(s) dict_keys(['example_short_circuit_decorator']) retrieved from /home/airflow/.local/lib/python3.8/site-packages/airflow/example_dags/example_short_circuit_decorator.py
[2023-09-19T13:42:47.072+0000] {logging_mixin.py:151} INFO - [2023-09-19T13:42:47.072+0000] {dag.py:2915} INFO - Sync 1 DAGs
[2023-09-19T13:42:47.096+0000] {logging_mixin.py:151} INFO - [2023-09-19T13:42:47.096+0000] {dag.py:3696} INFO - Setting next_dagrun for example_short_circuit_decorator to 2023-09-18T13:42:47.096170+00:00, run_after=2023-09-19T13:42:47.096170+00:00
[2023-09-19T13:42:47.248+0000] {processor.py:179} INFO - Processing /home/airflow/.local/lib/python3.8/site-packages/airflow/example_dags/example_short_circuit_decorator.py took 0.206 seconds
[2023-09-19T13:43:17.685+0000] {processor.py:157} INFO - Started process (PID=771) to work on /home/airflow/.local/lib/python3.8/site-packages/airflow/example_dags/example_short_circuit_decorator.py
[2023-09-19T13:43:17.686+0000] {processor.py:829} INFO - Processing file /home/airflow/.local/lib/python3.8/site-packages/airflow/example_dags/example_short_circuit_decorator.py for tasks to queue
[2023-09-19T13:43:17.687+0000] {logging_mixin.py:151} INFO - [2023-09-19T13:43:17.686+0000] {dagbag.py:539} INFO - Filling up the DagBag from /home/airflow/.local/lib/python3.8/site-packages/airflow/example_dags/example_short_circuit_decorator.py
[2023-09-19T13:43:17.693+0000] {processor.py:839} INFO - DAG(s) dict_keys(['example_short_circuit_decorator']) retrieved from /home/airflow/.local/lib/python3.8/site-packages/airflow/example_dags/example_short_circuit_decorator.py
[2023-09-19T13:43:17.708+0000] {logging_mixin.py:151} INFO - [2023-09-19T13:43:17.708+0000] {dag.py:2915} INFO - Sync 1 DAGs
[2023-09-19T13:43:17.724+0000] {logging_mixin.py:151} INFO - [2023-09-19T13:43:17.724+0000] {dag.py:3696} INFO - Setting next_dagrun for example_short_circuit_decorator to 2023-09-18T13:43:17.724461+00:00, run_after=2023-09-19T13:43:17.724461+00:00
[2023-09-19T13:43:17.739+0000] {processor.py:179} INFO - Processing /home/airflow/.local/lib/python3.8/site-packages/airflow/example_dags/example_short_circuit_decorator.py took 0.056 seconds
[2023-09-19T13:43:47.874+0000] {processor.py:157} INFO - Started process (PID=1011) to work on /home/airflow/.local/lib/python3.8/site-packages/airflow/example_dags/example_short_circuit_decorator.py
[2023-09-19T13:43:47.875+0000] {processor.py:829} INFO - Processing file /home/airflow/.local/lib/python3.8/site-packages/airflow/example_dags/example_short_circuit_decorator.py for tasks to queue
[2023-09-19T13:43:47.875+0000] {logging_mixin.py:151} INFO - [2023-09-19T13:43:47.875+0000] {dagbag.py:539} INFO - Filling up the DagBag from /home/airflow/.local/lib/python3.8/site-packages/airflow/example_dags/example_short_circuit_decorator.py
[2023-09-19T13:43:47.881+0000] {processor.py:839} INFO - DAG(s) dict_keys(['example_short_circuit_decorator']) retrieved from /home/airflow/.local/lib/python3.8/site-packages/airflow/example_dags/example_short_circuit_decorator.py
[2023-09-19T13:43:47.896+0000] {logging_mixin.py:151} INFO - [2023-09-19T13:43:47.896+0000] {dag.py:2915} INFO - Sync 1 DAGs
[2023-09-19T13:43:47.912+0000] {logging_mixin.py:151} INFO - [2023-09-19T13:43:47.912+0000] {dag.py:3696} INFO - Setting next_dagrun for example_short_circuit_decorator to 2023-09-18T13:43:47.912193+00:00, run_after=2023-09-19T13:43:47.912193+00:00
[2023-09-19T13:43:47.926+0000] {processor.py:179} INFO - Processing /home/airflow/.local/lib/python3.8/site-packages/airflow/example_dags/example_short_circuit_decorator.py took 0.054 seconds
[2023-09-19T13:44:18.257+0000] {processor.py:157} INFO - Started process (PID=1247) to work on /home/airflow/.local/lib/python3.8/site-packages/airflow/example_dags/example_short_circuit_decorator.py
[2023-09-19T13:44:18.259+0000] {processor.py:829} INFO - Processing file /home/airflow/.local/lib/python3.8/site-packages/airflow/example_dags/example_short_circuit_decorator.py for tasks to queue
[2023-09-19T13:44:18.259+0000] {logging_mixin.py:151} INFO - [2023-09-19T13:44:18.259+0000] {dagbag.py:539} INFO - Filling up the DagBag from /home/airflow/.local/lib/python3.8/site-packages/airflow/example_dags/example_short_circuit_decorator.py
[2023-09-19T13:44:18.267+0000] {processor.py:839} INFO - DAG(s) dict_keys(['example_short_circuit_decorator']) retrieved from /home/airflow/.local/lib/python3.8/site-packages/airflow/example_dags/example_short_circuit_decorator.py
[2023-09-19T13:44:18.282+0000] {logging_mixin.py:151} INFO - [2023-09-19T13:44:18.282+0000] {dag.py:2915} INFO - Sync 1 DAGs
[2023-09-19T13:44:18.296+0000] {logging_mixin.py:151} INFO - [2023-09-19T13:44:18.296+0000] {dag.py:3696} INFO - Setting next_dagrun for example_short_circuit_decorator to 2023-09-18T13:44:18.296137+00:00, run_after=2023-09-19T13:44:18.296137+00:00
[2023-09-19T13:44:18.313+0000] {processor.py:179} INFO - Processing /home/airflow/.local/lib/python3.8/site-packages/airflow/example_dags/example_short_circuit_decorator.py took 0.059 seconds
[2023-09-19T13:44:48.740+0000] {processor.py:157} INFO - Started process (PID=1485) to work on /home/airflow/.local/lib/python3.8/site-packages/airflow/example_dags/example_short_circuit_decorator.py
[2023-09-19T13:44:48.741+0000] {processor.py:829} INFO - Processing file /home/airflow/.local/lib/python3.8/site-packages/airflow/example_dags/example_short_circuit_decorator.py for tasks to queue
[2023-09-19T13:44:48.742+0000] {logging_mixin.py:151} INFO - [2023-09-19T13:44:48.742+0000] {dagbag.py:539} INFO - Filling up the DagBag from /home/airflow/.local/lib/python3.8/site-packages/airflow/example_dags/example_short_circuit_decorator.py
[2023-09-19T13:44:48.750+0000] {processor.py:839} INFO - DAG(s) dict_keys(['example_short_circuit_decorator']) retrieved from /home/airflow/.local/lib/python3.8/site-packages/airflow/example_dags/example_short_circuit_decorator.py
[2023-09-19T13:44:48.770+0000] {logging_mixin.py:151} INFO - [2023-09-19T13:44:48.770+0000] {dag.py:2915} INFO - Sync 1 DAGs
[2023-09-19T13:44:48.787+0000] {logging_mixin.py:151} INFO - [2023-09-19T13:44:48.787+0000] {dag.py:3696} INFO - Setting next_dagrun for example_short_circuit_decorator to 2023-09-18T13:44:48.787183+00:00, run_after=2023-09-19T13:44:48.787183+00:00
[2023-09-19T13:44:48.807+0000] {processor.py:179} INFO - Processing /home/airflow/.local/lib/python3.8/site-packages/airflow/example_dags/example_short_circuit_decorator.py took 0.069 seconds
[2023-09-19T13:45:19.191+0000] {processor.py:157} INFO - Started process (PID=1724) to work on /home/airflow/.local/lib/python3.8/site-packages/airflow/example_dags/example_short_circuit_decorator.py
[2023-09-19T13:45:19.192+0000] {processor.py:829} INFO - Processing file /home/airflow/.local/lib/python3.8/site-packages/airflow/example_dags/example_short_circuit_decorator.py for tasks to queue
[2023-09-19T13:45:19.192+0000] {logging_mixin.py:151} INFO - [2023-09-19T13:45:19.192+0000] {dagbag.py:539} INFO - Filling up the DagBag from /home/airflow/.local/lib/python3.8/site-packages/airflow/example_dags/example_short_circuit_decorator.py
[2023-09-19T13:45:19.199+0000] {processor.py:839} INFO - DAG(s) dict_keys(['example_short_circuit_decorator']) retrieved from /home/airflow/.local/lib/python3.8/site-packages/airflow/example_dags/example_short_circuit_decorator.py
[2023-09-19T13:45:19.208+0000] {logging_mixin.py:151} INFO - [2023-09-19T13:45:19.207+0000] {dag.py:2915} INFO - Sync 1 DAGs
[2023-09-19T13:45:19.230+0000] {logging_mixin.py:151} INFO - [2023-09-19T13:45:19.229+0000] {dag.py:3696} INFO - Setting next_dagrun for example_short_circuit_decorator to 2023-09-18T13:45:19.229174+00:00, run_after=2023-09-19T13:45:19.229174+00:00
[2023-09-19T13:45:19.249+0000] {processor.py:179} INFO - Processing /home/airflow/.local/lib/python3.8/site-packages/airflow/example_dags/example_short_circuit_decorator.py took 0.061 seconds
[2023-09-19T13:45:49.539+0000] {processor.py:157} INFO - Started process (PID=1962) to work on /home/airflow/.local/lib/python3.8/site-packages/airflow/example_dags/example_short_circuit_decorator.py
[2023-09-19T13:45:49.539+0000] {processor.py:829} INFO - Processing file /home/airflow/.local/lib/python3.8/site-packages/airflow/example_dags/example_short_circuit_decorator.py for tasks to queue
[2023-09-19T13:45:49.540+0000] {logging_mixin.py:151} INFO - [2023-09-19T13:45:49.540+0000] {dagbag.py:539} INFO - Filling up the DagBag from /home/airflow/.local/lib/python3.8/site-packages/airflow/example_dags/example_short_circuit_decorator.py
[2023-09-19T13:45:49.548+0000] {processor.py:839} INFO - DAG(s) dict_keys(['example_short_circuit_decorator']) retrieved from /home/airflow/.local/lib/python3.8/site-packages/airflow/example_dags/example_short_circuit_decorator.py
[2023-09-19T13:45:49.573+0000] {logging_mixin.py:151} INFO - [2023-09-19T13:45:49.572+0000] {dag.py:2915} INFO - Sync 1 DAGs
[2023-09-19T13:45:49.588+0000] {logging_mixin.py:151} INFO - [2023-09-19T13:45:49.588+0000] {dag.py:3696} INFO - Setting next_dagrun for example_short_circuit_decorator to 2023-09-18T13:45:49.588537+00:00, run_after=2023-09-19T13:45:49.588537+00:00
[2023-09-19T13:45:49.604+0000] {processor.py:179} INFO - Processing /home/airflow/.local/lib/python3.8/site-packages/airflow/example_dags/example_short_circuit_decorator.py took 0.068 seconds
[2023-09-19T13:46:20.063+0000] {processor.py:157} INFO - Started process (PID=2202) to work on /home/airflow/.local/lib/python3.8/site-packages/airflow/example_dags/example_short_circuit_decorator.py
[2023-09-19T13:46:20.064+0000] {processor.py:829} INFO - Processing file /home/airflow/.local/lib/python3.8/site-packages/airflow/example_dags/example_short_circuit_decorator.py for tasks to queue
[2023-09-19T13:46:20.065+0000] {logging_mixin.py:151} INFO - [2023-09-19T13:46:20.065+0000] {dagbag.py:539} INFO - Filling up the DagBag from /home/airflow/.local/lib/python3.8/site-packages/airflow/example_dags/example_short_circuit_decorator.py
[2023-09-19T13:46:20.074+0000] {processor.py:839} INFO - DAG(s) dict_keys(['example_short_circuit_decorator']) retrieved from /home/airflow/.local/lib/python3.8/site-packages/airflow/example_dags/example_short_circuit_decorator.py
[2023-09-19T13:46:20.096+0000] {logging_mixin.py:151} INFO - [2023-09-19T13:46:20.096+0000] {dag.py:2915} INFO - Sync 1 DAGs
[2023-09-19T13:46:20.116+0000] {logging_mixin.py:151} INFO - [2023-09-19T13:46:20.116+0000] {dag.py:3696} INFO - Setting next_dagrun for example_short_circuit_decorator to 2023-09-18T13:46:20.116076+00:00, run_after=2023-09-19T13:46:20.116076+00:00
[2023-09-19T13:46:20.135+0000] {processor.py:179} INFO - Processing /home/airflow/.local/lib/python3.8/site-packages/airflow/example_dags/example_short_circuit_decorator.py took 0.075 seconds
[2023-09-19T13:46:50.989+0000] {processor.py:157} INFO - Started process (PID=2438) to work on /home/airflow/.local/lib/python3.8/site-packages/airflow/example_dags/example_short_circuit_decorator.py
[2023-09-19T13:46:50.991+0000] {processor.py:829} INFO - Processing file /home/airflow/.local/lib/python3.8/site-packages/airflow/example_dags/example_short_circuit_decorator.py for tasks to queue
[2023-09-19T13:46:50.992+0000] {logging_mixin.py:151} INFO - [2023-09-19T13:46:50.992+0000] {dagbag.py:539} INFO - Filling up the DagBag from /home/airflow/.local/lib/python3.8/site-packages/airflow/example_dags/example_short_circuit_decorator.py
[2023-09-19T13:46:51.012+0000] {processor.py:839} INFO - DAG(s) dict_keys(['example_short_circuit_decorator']) retrieved from /home/airflow/.local/lib/python3.8/site-packages/airflow/example_dags/example_short_circuit_decorator.py
[2023-09-19T13:46:51.040+0000] {logging_mixin.py:151} INFO - [2023-09-19T13:46:51.040+0000] {dag.py:2915} INFO - Sync 1 DAGs
[2023-09-19T13:46:51.066+0000] {logging_mixin.py:151} INFO - [2023-09-19T13:46:51.066+0000] {dag.py:3696} INFO - Setting next_dagrun for example_short_circuit_decorator to 2023-09-18T13:46:51.065810+00:00, run_after=2023-09-19T13:46:51.065810+00:00
[2023-09-19T13:46:51.089+0000] {processor.py:179} INFO - Processing /home/airflow/.local/lib/python3.8/site-packages/airflow/example_dags/example_short_circuit_decorator.py took 0.105 seconds
[2023-09-19T13:47:22.498+0000] {processor.py:157} INFO - Started process (PID=2676) to work on /home/airflow/.local/lib/python3.8/site-packages/airflow/example_dags/example_short_circuit_decorator.py
[2023-09-19T13:47:22.499+0000] {processor.py:829} INFO - Processing file /home/airflow/.local/lib/python3.8/site-packages/airflow/example_dags/example_short_circuit_decorator.py for tasks to queue
[2023-09-19T13:47:22.500+0000] {logging_mixin.py:151} INFO - [2023-09-19T13:47:22.500+0000] {dagbag.py:539} INFO - Filling up the DagBag from /home/airflow/.local/lib/python3.8/site-packages/airflow/example_dags/example_short_circuit_decorator.py
[2023-09-19T13:47:22.514+0000] {processor.py:839} INFO - DAG(s) dict_keys(['example_short_circuit_decorator']) retrieved from /home/airflow/.local/lib/python3.8/site-packages/airflow/example_dags/example_short_circuit_decorator.py
[2023-09-19T13:47:22.551+0000] {logging_mixin.py:151} INFO - [2023-09-19T13:47:22.551+0000] {dag.py:2915} INFO - Sync 1 DAGs
[2023-09-19T13:47:22.601+0000] {logging_mixin.py:151} INFO - [2023-09-19T13:47:22.601+0000] {dag.py:3696} INFO - Setting next_dagrun for example_short_circuit_decorator to 2023-09-18T13:47:22.601132+00:00, run_after=2023-09-19T13:47:22.601132+00:00
[2023-09-19T13:47:22.715+0000] {processor.py:179} INFO - Processing /home/airflow/.local/lib/python3.8/site-packages/airflow/example_dags/example_short_circuit_decorator.py took 0.222 seconds
[2023-09-19T13:47:53.177+0000] {processor.py:157} INFO - Started process (PID=2914) to work on /home/airflow/.local/lib/python3.8/site-packages/airflow/example_dags/example_short_circuit_decorator.py
[2023-09-19T13:47:53.178+0000] {processor.py:829} INFO - Processing file /home/airflow/.local/lib/python3.8/site-packages/airflow/example_dags/example_short_circuit_decorator.py for tasks to queue
[2023-09-19T13:47:53.179+0000] {logging_mixin.py:151} INFO - [2023-09-19T13:47:53.179+0000] {dagbag.py:539} INFO - Filling up the DagBag from /home/airflow/.local/lib/python3.8/site-packages/airflow/example_dags/example_short_circuit_decorator.py
[2023-09-19T13:47:53.193+0000] {processor.py:839} INFO - DAG(s) dict_keys(['example_short_circuit_decorator']) retrieved from /home/airflow/.local/lib/python3.8/site-packages/airflow/example_dags/example_short_circuit_decorator.py
[2023-09-19T13:47:53.214+0000] {logging_mixin.py:151} INFO - [2023-09-19T13:47:53.214+0000] {dag.py:2915} INFO - Sync 1 DAGs
[2023-09-19T13:47:53.236+0000] {logging_mixin.py:151} INFO - [2023-09-19T13:47:53.236+0000] {dag.py:3696} INFO - Setting next_dagrun for example_short_circuit_decorator to 2023-09-18T13:47:53.235439+00:00, run_after=2023-09-19T13:47:53.235439+00:00
[2023-09-19T13:47:53.261+0000] {processor.py:179} INFO - Processing /home/airflow/.local/lib/python3.8/site-packages/airflow/example_dags/example_short_circuit_decorator.py took 0.086 seconds
[2023-09-19T13:48:23.611+0000] {processor.py:157} INFO - Started process (PID=3153) to work on /home/airflow/.local/lib/python3.8/site-packages/airflow/example_dags/example_short_circuit_decorator.py
[2023-09-19T13:48:23.612+0000] {processor.py:829} INFO - Processing file /home/airflow/.local/lib/python3.8/site-packages/airflow/example_dags/example_short_circuit_decorator.py for tasks to queue
[2023-09-19T13:48:23.613+0000] {logging_mixin.py:151} INFO - [2023-09-19T13:48:23.612+0000] {dagbag.py:539} INFO - Filling up the DagBag from /home/airflow/.local/lib/python3.8/site-packages/airflow/example_dags/example_short_circuit_decorator.py
[2023-09-19T13:48:23.621+0000] {processor.py:839} INFO - DAG(s) dict_keys(['example_short_circuit_decorator']) retrieved from /home/airflow/.local/lib/python3.8/site-packages/airflow/example_dags/example_short_circuit_decorator.py
[2023-09-19T13:48:23.645+0000] {logging_mixin.py:151} INFO - [2023-09-19T13:48:23.645+0000] {dag.py:2915} INFO - Sync 1 DAGs
[2023-09-19T13:48:23.663+0000] {logging_mixin.py:151} INFO - [2023-09-19T13:48:23.663+0000] {dag.py:3696} INFO - Setting next_dagrun for example_short_circuit_decorator to 2023-09-18T13:48:23.663514+00:00, run_after=2023-09-19T13:48:23.663514+00:00
[2023-09-19T13:48:23.683+0000] {processor.py:179} INFO - Processing /home/airflow/.local/lib/python3.8/site-packages/airflow/example_dags/example_short_circuit_decorator.py took 0.074 seconds
[2023-09-19T13:48:54.037+0000] {processor.py:157} INFO - Started process (PID=3390) to work on /home/airflow/.local/lib/python3.8/site-packages/airflow/example_dags/example_short_circuit_decorator.py
[2023-09-19T13:48:54.038+0000] {processor.py:829} INFO - Processing file /home/airflow/.local/lib/python3.8/site-packages/airflow/example_dags/example_short_circuit_decorator.py for tasks to queue
[2023-09-19T13:48:54.039+0000] {logging_mixin.py:151} INFO - [2023-09-19T13:48:54.039+0000] {dagbag.py:539} INFO - Filling up the DagBag from /home/airflow/.local/lib/python3.8/site-packages/airflow/example_dags/example_short_circuit_decorator.py
[2023-09-19T13:48:54.047+0000] {processor.py:839} INFO - DAG(s) dict_keys(['example_short_circuit_decorator']) retrieved from /home/airflow/.local/lib/python3.8/site-packages/airflow/example_dags/example_short_circuit_decorator.py
[2023-09-19T13:48:54.069+0000] {logging_mixin.py:151} INFO - [2023-09-19T13:48:54.068+0000] {dag.py:2915} INFO - Sync 1 DAGs
[2023-09-19T13:48:54.090+0000] {logging_mixin.py:151} INFO - [2023-09-19T13:48:54.089+0000] {dag.py:3696} INFO - Setting next_dagrun for example_short_circuit_decorator to 2023-09-18T13:48:54.089581+00:00, run_after=2023-09-19T13:48:54.089581+00:00
[2023-09-19T13:48:54.108+0000] {processor.py:179} INFO - Processing /home/airflow/.local/lib/python3.8/site-packages/airflow/example_dags/example_short_circuit_decorator.py took 0.076 seconds
[2023-09-19T13:49:24.731+0000] {processor.py:157} INFO - Started process (PID=3628) to work on /home/airflow/.local/lib/python3.8/site-packages/airflow/example_dags/example_short_circuit_decorator.py
[2023-09-19T13:49:24.733+0000] {processor.py:829} INFO - Processing file /home/airflow/.local/lib/python3.8/site-packages/airflow/example_dags/example_short_circuit_decorator.py for tasks to queue
[2023-09-19T13:49:24.734+0000] {logging_mixin.py:151} INFO - [2023-09-19T13:49:24.734+0000] {dagbag.py:539} INFO - Filling up the DagBag from /home/airflow/.local/lib/python3.8/site-packages/airflow/example_dags/example_short_circuit_decorator.py
[2023-09-19T13:49:24.745+0000] {processor.py:839} INFO - DAG(s) dict_keys(['example_short_circuit_decorator']) retrieved from /home/airflow/.local/lib/python3.8/site-packages/airflow/example_dags/example_short_circuit_decorator.py
[2023-09-19T13:49:24.771+0000] {logging_mixin.py:151} INFO - [2023-09-19T13:49:24.770+0000] {dag.py:2915} INFO - Sync 1 DAGs
[2023-09-19T13:49:24.796+0000] {logging_mixin.py:151} INFO - [2023-09-19T13:49:24.796+0000] {dag.py:3696} INFO - Setting next_dagrun for example_short_circuit_decorator to 2023-09-18T13:49:24.796290+00:00, run_after=2023-09-19T13:49:24.796290+00:00
[2023-09-19T13:49:24.821+0000] {processor.py:179} INFO - Processing /home/airflow/.local/lib/python3.8/site-packages/airflow/example_dags/example_short_circuit_decorator.py took 0.093 seconds
[2023-09-19T13:49:55.243+0000] {processor.py:157} INFO - Started process (PID=3868) to work on /home/airflow/.local/lib/python3.8/site-packages/airflow/example_dags/example_short_circuit_decorator.py
[2023-09-19T13:49:55.244+0000] {processor.py:829} INFO - Processing file /home/airflow/.local/lib/python3.8/site-packages/airflow/example_dags/example_short_circuit_decorator.py for tasks to queue
[2023-09-19T13:49:55.245+0000] {logging_mixin.py:151} INFO - [2023-09-19T13:49:55.244+0000] {dagbag.py:539} INFO - Filling up the DagBag from /home/airflow/.local/lib/python3.8/site-packages/airflow/example_dags/example_short_circuit_decorator.py
[2023-09-19T13:49:55.253+0000] {processor.py:839} INFO - DAG(s) dict_keys(['example_short_circuit_decorator']) retrieved from /home/airflow/.local/lib/python3.8/site-packages/airflow/example_dags/example_short_circuit_decorator.py
[2023-09-19T13:49:55.276+0000] {logging_mixin.py:151} INFO - [2023-09-19T13:49:55.276+0000] {dag.py:2915} INFO - Sync 1 DAGs
[2023-09-19T13:49:55.295+0000] {logging_mixin.py:151} INFO - [2023-09-19T13:49:55.295+0000] {dag.py:3696} INFO - Setting next_dagrun for example_short_circuit_decorator to 2023-09-18T13:49:55.294935+00:00, run_after=2023-09-19T13:49:55.294935+00:00
[2023-09-19T13:49:55.323+0000] {processor.py:179} INFO - Processing /home/airflow/.local/lib/python3.8/site-packages/airflow/example_dags/example_short_circuit_decorator.py took 0.082 seconds
[2023-09-19T13:50:25.831+0000] {processor.py:157} INFO - Started process (PID=4106) to work on /home/airflow/.local/lib/python3.8/site-packages/airflow/example_dags/example_short_circuit_decorator.py
[2023-09-19T13:50:25.833+0000] {processor.py:829} INFO - Processing file /home/airflow/.local/lib/python3.8/site-packages/airflow/example_dags/example_short_circuit_decorator.py for tasks to queue
[2023-09-19T13:50:25.834+0000] {logging_mixin.py:151} INFO - [2023-09-19T13:50:25.833+0000] {dagbag.py:539} INFO - Filling up the DagBag from /home/airflow/.local/lib/python3.8/site-packages/airflow/example_dags/example_short_circuit_decorator.py
[2023-09-19T13:50:25.844+0000] {processor.py:839} INFO - DAG(s) dict_keys(['example_short_circuit_decorator']) retrieved from /home/airflow/.local/lib/python3.8/site-packages/airflow/example_dags/example_short_circuit_decorator.py
[2023-09-19T13:50:25.867+0000] {logging_mixin.py:151} INFO - [2023-09-19T13:50:25.866+0000] {dag.py:2915} INFO - Sync 1 DAGs
[2023-09-19T13:50:25.892+0000] {logging_mixin.py:151} INFO - [2023-09-19T13:50:25.892+0000] {dag.py:3696} INFO - Setting next_dagrun for example_short_circuit_decorator to 2023-09-18T13:50:25.891916+00:00, run_after=2023-09-19T13:50:25.891916+00:00
[2023-09-19T13:50:25.914+0000] {processor.py:179} INFO - Processing /home/airflow/.local/lib/python3.8/site-packages/airflow/example_dags/example_short_circuit_decorator.py took 0.088 seconds
[2023-09-19T13:50:56.274+0000] {processor.py:157} INFO - Started process (PID=4341) to work on /home/airflow/.local/lib/python3.8/site-packages/airflow/example_dags/example_short_circuit_decorator.py
[2023-09-19T13:50:56.276+0000] {processor.py:829} INFO - Processing file /home/airflow/.local/lib/python3.8/site-packages/airflow/example_dags/example_short_circuit_decorator.py for tasks to queue
[2023-09-19T13:50:56.276+0000] {logging_mixin.py:151} INFO - [2023-09-19T13:50:56.276+0000] {dagbag.py:539} INFO - Filling up the DagBag from /home/airflow/.local/lib/python3.8/site-packages/airflow/example_dags/example_short_circuit_decorator.py
[2023-09-19T13:50:56.283+0000] {processor.py:839} INFO - DAG(s) dict_keys(['example_short_circuit_decorator']) retrieved from /home/airflow/.local/lib/python3.8/site-packages/airflow/example_dags/example_short_circuit_decorator.py
[2023-09-19T13:50:56.305+0000] {logging_mixin.py:151} INFO - [2023-09-19T13:50:56.305+0000] {dag.py:2915} INFO - Sync 1 DAGs
[2023-09-19T13:50:56.330+0000] {logging_mixin.py:151} INFO - [2023-09-19T13:50:56.330+0000] {dag.py:3696} INFO - Setting next_dagrun for example_short_circuit_decorator to 2023-09-18T13:50:56.330030+00:00, run_after=2023-09-19T13:50:56.330030+00:00
[2023-09-19T13:50:56.349+0000] {processor.py:179} INFO - Processing /home/airflow/.local/lib/python3.8/site-packages/airflow/example_dags/example_short_circuit_decorator.py took 0.078 seconds
[2023-09-19T13:51:26.736+0000] {processor.py:157} INFO - Started process (PID=4579) to work on /home/airflow/.local/lib/python3.8/site-packages/airflow/example_dags/example_short_circuit_decorator.py
[2023-09-19T13:51:26.736+0000] {processor.py:829} INFO - Processing file /home/airflow/.local/lib/python3.8/site-packages/airflow/example_dags/example_short_circuit_decorator.py for tasks to queue
[2023-09-19T13:51:26.737+0000] {logging_mixin.py:151} INFO - [2023-09-19T13:51:26.737+0000] {dagbag.py:539} INFO - Filling up the DagBag from /home/airflow/.local/lib/python3.8/site-packages/airflow/example_dags/example_short_circuit_decorator.py
[2023-09-19T13:51:26.747+0000] {processor.py:839} INFO - DAG(s) dict_keys(['example_short_circuit_decorator']) retrieved from /home/airflow/.local/lib/python3.8/site-packages/airflow/example_dags/example_short_circuit_decorator.py
[2023-09-19T13:51:26.770+0000] {logging_mixin.py:151} INFO - [2023-09-19T13:51:26.769+0000] {dag.py:2915} INFO - Sync 1 DAGs
[2023-09-19T13:51:26.795+0000] {logging_mixin.py:151} INFO - [2023-09-19T13:51:26.794+0000] {dag.py:3696} INFO - Setting next_dagrun for example_short_circuit_decorator to 2023-09-18T13:51:26.794574+00:00, run_after=2023-09-19T13:51:26.794574+00:00
[2023-09-19T13:51:26.814+0000] {processor.py:179} INFO - Processing /home/airflow/.local/lib/python3.8/site-packages/airflow/example_dags/example_short_circuit_decorator.py took 0.082 seconds
[2023-09-19T13:51:57.044+0000] {processor.py:157} INFO - Started process (PID=4817) to work on /home/airflow/.local/lib/python3.8/site-packages/airflow/example_dags/example_short_circuit_decorator.py
[2023-09-19T13:51:57.045+0000] {processor.py:829} INFO - Processing file /home/airflow/.local/lib/python3.8/site-packages/airflow/example_dags/example_short_circuit_decorator.py for tasks to queue
[2023-09-19T13:51:57.045+0000] {logging_mixin.py:151} INFO - [2023-09-19T13:51:57.045+0000] {dagbag.py:539} INFO - Filling up the DagBag from /home/airflow/.local/lib/python3.8/site-packages/airflow/example_dags/example_short_circuit_decorator.py
[2023-09-19T13:51:57.053+0000] {processor.py:839} INFO - DAG(s) dict_keys(['example_short_circuit_decorator']) retrieved from /home/airflow/.local/lib/python3.8/site-packages/airflow/example_dags/example_short_circuit_decorator.py
[2023-09-19T13:51:57.074+0000] {logging_mixin.py:151} INFO - [2023-09-19T13:51:57.074+0000] {dag.py:2915} INFO - Sync 1 DAGs
[2023-09-19T13:51:57.091+0000] {logging_mixin.py:151} INFO - [2023-09-19T13:51:57.091+0000] {dag.py:3696} INFO - Setting next_dagrun for example_short_circuit_decorator to 2023-09-18T13:51:57.091523+00:00, run_after=2023-09-19T13:51:57.091523+00:00
[2023-09-19T13:51:57.107+0000] {processor.py:179} INFO - Processing /home/airflow/.local/lib/python3.8/site-packages/airflow/example_dags/example_short_circuit_decorator.py took 0.065 seconds
[2023-09-19T13:52:27.282+0000] {processor.py:157} INFO - Started process (PID=5055) to work on /home/airflow/.local/lib/python3.8/site-packages/airflow/example_dags/example_short_circuit_decorator.py
[2023-09-19T13:52:27.283+0000] {processor.py:829} INFO - Processing file /home/airflow/.local/lib/python3.8/site-packages/airflow/example_dags/example_short_circuit_decorator.py for tasks to queue
[2023-09-19T13:52:27.284+0000] {logging_mixin.py:151} INFO - [2023-09-19T13:52:27.284+0000] {dagbag.py:539} INFO - Filling up the DagBag from /home/airflow/.local/lib/python3.8/site-packages/airflow/example_dags/example_short_circuit_decorator.py
[2023-09-19T13:52:27.292+0000] {processor.py:839} INFO - DAG(s) dict_keys(['example_short_circuit_decorator']) retrieved from /home/airflow/.local/lib/python3.8/site-packages/airflow/example_dags/example_short_circuit_decorator.py
[2023-09-19T13:52:27.310+0000] {logging_mixin.py:151} INFO - [2023-09-19T13:52:27.310+0000] {dag.py:2915} INFO - Sync 1 DAGs
[2023-09-19T13:52:27.327+0000] {logging_mixin.py:151} INFO - [2023-09-19T13:52:27.327+0000] {dag.py:3696} INFO - Setting next_dagrun for example_short_circuit_decorator to 2023-09-18T13:52:27.327391+00:00, run_after=2023-09-19T13:52:27.327391+00:00
[2023-09-19T13:52:27.345+0000] {processor.py:179} INFO - Processing /home/airflow/.local/lib/python3.8/site-packages/airflow/example_dags/example_short_circuit_decorator.py took 0.065 seconds
[2023-09-19T13:52:57.492+0000] {processor.py:157} INFO - Started process (PID=5294) to work on /home/airflow/.local/lib/python3.8/site-packages/airflow/example_dags/example_short_circuit_decorator.py
[2023-09-19T13:52:57.493+0000] {processor.py:829} INFO - Processing file /home/airflow/.local/lib/python3.8/site-packages/airflow/example_dags/example_short_circuit_decorator.py for tasks to queue
[2023-09-19T13:52:57.494+0000] {logging_mixin.py:151} INFO - [2023-09-19T13:52:57.494+0000] {dagbag.py:539} INFO - Filling up the DagBag from /home/airflow/.local/lib/python3.8/site-packages/airflow/example_dags/example_short_circuit_decorator.py
[2023-09-19T13:52:57.501+0000] {processor.py:839} INFO - DAG(s) dict_keys(['example_short_circuit_decorator']) retrieved from /home/airflow/.local/lib/python3.8/site-packages/airflow/example_dags/example_short_circuit_decorator.py
[2023-09-19T13:52:57.520+0000] {logging_mixin.py:151} INFO - [2023-09-19T13:52:57.520+0000] {dag.py:2915} INFO - Sync 1 DAGs
[2023-09-19T13:52:57.536+0000] {logging_mixin.py:151} INFO - [2023-09-19T13:52:57.536+0000] {dag.py:3696} INFO - Setting next_dagrun for example_short_circuit_decorator to 2023-09-18T13:52:57.536212+00:00, run_after=2023-09-19T13:52:57.536212+00:00
[2023-09-19T13:52:57.553+0000] {processor.py:179} INFO - Processing /home/airflow/.local/lib/python3.8/site-packages/airflow/example_dags/example_short_circuit_decorator.py took 0.063 seconds
[2023-09-19T13:53:27.830+0000] {processor.py:157} INFO - Started process (PID=5534) to work on /home/airflow/.local/lib/python3.8/site-packages/airflow/example_dags/example_short_circuit_decorator.py
[2023-09-19T13:53:27.831+0000] {processor.py:829} INFO - Processing file /home/airflow/.local/lib/python3.8/site-packages/airflow/example_dags/example_short_circuit_decorator.py for tasks to queue
[2023-09-19T13:53:27.832+0000] {logging_mixin.py:151} INFO - [2023-09-19T13:53:27.832+0000] {dagbag.py:539} INFO - Filling up the DagBag from /home/airflow/.local/lib/python3.8/site-packages/airflow/example_dags/example_short_circuit_decorator.py
[2023-09-19T13:53:27.839+0000] {processor.py:839} INFO - DAG(s) dict_keys(['example_short_circuit_decorator']) retrieved from /home/airflow/.local/lib/python3.8/site-packages/airflow/example_dags/example_short_circuit_decorator.py
[2023-09-19T13:53:27.857+0000] {logging_mixin.py:151} INFO - [2023-09-19T13:53:27.857+0000] {dag.py:2915} INFO - Sync 1 DAGs
[2023-09-19T13:53:27.874+0000] {logging_mixin.py:151} INFO - [2023-09-19T13:53:27.874+0000] {dag.py:3696} INFO - Setting next_dagrun for example_short_circuit_decorator to 2023-09-18T13:53:27.874004+00:00, run_after=2023-09-19T13:53:27.874004+00:00
[2023-09-19T13:53:27.896+0000] {processor.py:179} INFO - Processing /home/airflow/.local/lib/python3.8/site-packages/airflow/example_dags/example_short_circuit_decorator.py took 0.072 seconds
[2023-09-19T13:53:58.092+0000] {processor.py:157} INFO - Started process (PID=5770) to work on /home/airflow/.local/lib/python3.8/site-packages/airflow/example_dags/example_short_circuit_decorator.py
[2023-09-19T13:53:58.093+0000] {processor.py:829} INFO - Processing file /home/airflow/.local/lib/python3.8/site-packages/airflow/example_dags/example_short_circuit_decorator.py for tasks to queue
[2023-09-19T13:53:58.095+0000] {logging_mixin.py:151} INFO - [2023-09-19T13:53:58.094+0000] {dagbag.py:539} INFO - Filling up the DagBag from /home/airflow/.local/lib/python3.8/site-packages/airflow/example_dags/example_short_circuit_decorator.py
[2023-09-19T13:53:58.105+0000] {processor.py:839} INFO - DAG(s) dict_keys(['example_short_circuit_decorator']) retrieved from /home/airflow/.local/lib/python3.8/site-packages/airflow/example_dags/example_short_circuit_decorator.py
[2023-09-19T13:53:58.123+0000] {logging_mixin.py:151} INFO - [2023-09-19T13:53:58.123+0000] {dag.py:2915} INFO - Sync 1 DAGs
[2023-09-19T13:53:58.141+0000] {logging_mixin.py:151} INFO - [2023-09-19T13:53:58.141+0000] {dag.py:3696} INFO - Setting next_dagrun for example_short_circuit_decorator to 2023-09-18T13:53:58.140815+00:00, run_after=2023-09-19T13:53:58.140815+00:00
[2023-09-19T13:53:58.160+0000] {processor.py:179} INFO - Processing /home/airflow/.local/lib/python3.8/site-packages/airflow/example_dags/example_short_circuit_decorator.py took 0.072 seconds
[2023-09-19T13:54:28.453+0000] {processor.py:157} INFO - Started process (PID=6010) to work on /home/airflow/.local/lib/python3.8/site-packages/airflow/example_dags/example_short_circuit_decorator.py
[2023-09-19T13:54:28.454+0000] {processor.py:829} INFO - Processing file /home/airflow/.local/lib/python3.8/site-packages/airflow/example_dags/example_short_circuit_decorator.py for tasks to queue
[2023-09-19T13:54:28.454+0000] {logging_mixin.py:151} INFO - [2023-09-19T13:54:28.454+0000] {dagbag.py:539} INFO - Filling up the DagBag from /home/airflow/.local/lib/python3.8/site-packages/airflow/example_dags/example_short_circuit_decorator.py
[2023-09-19T13:54:28.462+0000] {processor.py:839} INFO - DAG(s) dict_keys(['example_short_circuit_decorator']) retrieved from /home/airflow/.local/lib/python3.8/site-packages/airflow/example_dags/example_short_circuit_decorator.py
[2023-09-19T13:54:28.482+0000] {logging_mixin.py:151} INFO - [2023-09-19T13:54:28.482+0000] {dag.py:2915} INFO - Sync 1 DAGs
[2023-09-19T13:54:28.499+0000] {logging_mixin.py:151} INFO - [2023-09-19T13:54:28.499+0000] {dag.py:3696} INFO - Setting next_dagrun for example_short_circuit_decorator to 2023-09-18T13:54:28.498858+00:00, run_after=2023-09-19T13:54:28.498858+00:00
[2023-09-19T13:54:28.514+0000] {processor.py:179} INFO - Processing /home/airflow/.local/lib/python3.8/site-packages/airflow/example_dags/example_short_circuit_decorator.py took 0.064 seconds
[2023-09-19T13:54:58.856+0000] {processor.py:157} INFO - Started process (PID=6246) to work on /home/airflow/.local/lib/python3.8/site-packages/airflow/example_dags/example_short_circuit_decorator.py
[2023-09-19T13:54:58.857+0000] {processor.py:829} INFO - Processing file /home/airflow/.local/lib/python3.8/site-packages/airflow/example_dags/example_short_circuit_decorator.py for tasks to queue
[2023-09-19T13:54:58.858+0000] {logging_mixin.py:151} INFO - [2023-09-19T13:54:58.858+0000] {dagbag.py:539} INFO - Filling up the DagBag from /home/airflow/.local/lib/python3.8/site-packages/airflow/example_dags/example_short_circuit_decorator.py
[2023-09-19T13:54:58.869+0000] {processor.py:839} INFO - DAG(s) dict_keys(['example_short_circuit_decorator']) retrieved from /home/airflow/.local/lib/python3.8/site-packages/airflow/example_dags/example_short_circuit_decorator.py
[2023-09-19T13:54:58.888+0000] {logging_mixin.py:151} INFO - [2023-09-19T13:54:58.888+0000] {dag.py:2915} INFO - Sync 1 DAGs
[2023-09-19T13:54:58.905+0000] {logging_mixin.py:151} INFO - [2023-09-19T13:54:58.905+0000] {dag.py:3696} INFO - Setting next_dagrun for example_short_circuit_decorator to 2023-09-18T13:54:58.905463+00:00, run_after=2023-09-19T13:54:58.905463+00:00
[2023-09-19T13:54:58.924+0000] {processor.py:179} INFO - Processing /home/airflow/.local/lib/python3.8/site-packages/airflow/example_dags/example_short_circuit_decorator.py took 0.070 seconds
[2023-09-19T13:55:29.075+0000] {processor.py:157} INFO - Started process (PID=6484) to work on /home/airflow/.local/lib/python3.8/site-packages/airflow/example_dags/example_short_circuit_decorator.py
[2023-09-19T13:55:29.076+0000] {processor.py:829} INFO - Processing file /home/airflow/.local/lib/python3.8/site-packages/airflow/example_dags/example_short_circuit_decorator.py for tasks to queue
[2023-09-19T13:55:29.076+0000] {logging_mixin.py:151} INFO - [2023-09-19T13:55:29.076+0000] {dagbag.py:539} INFO - Filling up the DagBag from /home/airflow/.local/lib/python3.8/site-packages/airflow/example_dags/example_short_circuit_decorator.py
[2023-09-19T13:55:29.084+0000] {processor.py:839} INFO - DAG(s) dict_keys(['example_short_circuit_decorator']) retrieved from /home/airflow/.local/lib/python3.8/site-packages/airflow/example_dags/example_short_circuit_decorator.py
[2023-09-19T13:55:29.103+0000] {logging_mixin.py:151} INFO - [2023-09-19T13:55:29.103+0000] {dag.py:2915} INFO - Sync 1 DAGs
[2023-09-19T13:55:29.120+0000] {logging_mixin.py:151} INFO - [2023-09-19T13:55:29.120+0000] {dag.py:3696} INFO - Setting next_dagrun for example_short_circuit_decorator to 2023-09-18T13:55:29.119935+00:00, run_after=2023-09-19T13:55:29.119935+00:00
[2023-09-19T13:55:29.138+0000] {processor.py:179} INFO - Processing /home/airflow/.local/lib/python3.8/site-packages/airflow/example_dags/example_short_circuit_decorator.py took 0.066 seconds
[2023-09-19T13:55:59.186+0000] {processor.py:157} INFO - Started process (PID=6722) to work on /home/airflow/.local/lib/python3.8/site-packages/airflow/example_dags/example_short_circuit_decorator.py
[2023-09-19T13:55:59.187+0000] {processor.py:829} INFO - Processing file /home/airflow/.local/lib/python3.8/site-packages/airflow/example_dags/example_short_circuit_decorator.py for tasks to queue
[2023-09-19T13:55:59.188+0000] {logging_mixin.py:151} INFO - [2023-09-19T13:55:59.187+0000] {dagbag.py:539} INFO - Filling up the DagBag from /home/airflow/.local/lib/python3.8/site-packages/airflow/example_dags/example_short_circuit_decorator.py
[2023-09-19T13:55:59.194+0000] {processor.py:839} INFO - DAG(s) dict_keys(['example_short_circuit_decorator']) retrieved from /home/airflow/.local/lib/python3.8/site-packages/airflow/example_dags/example_short_circuit_decorator.py
[2023-09-19T13:55:59.211+0000] {logging_mixin.py:151} INFO - [2023-09-19T13:55:59.211+0000] {dag.py:2915} INFO - Sync 1 DAGs
[2023-09-19T13:55:59.227+0000] {logging_mixin.py:151} INFO - [2023-09-19T13:55:59.227+0000] {dag.py:3696} INFO - Setting next_dagrun for example_short_circuit_decorator to 2023-09-18T13:55:59.227181+00:00, run_after=2023-09-19T13:55:59.227181+00:00
[2023-09-19T13:55:59.249+0000] {processor.py:179} INFO - Processing /home/airflow/.local/lib/python3.8/site-packages/airflow/example_dags/example_short_circuit_decorator.py took 0.066 seconds
[2023-09-19T13:56:29.328+0000] {processor.py:157} INFO - Started process (PID=6955) to work on /home/airflow/.local/lib/python3.8/site-packages/airflow/example_dags/example_short_circuit_decorator.py
[2023-09-19T13:56:29.329+0000] {processor.py:829} INFO - Processing file /home/airflow/.local/lib/python3.8/site-packages/airflow/example_dags/example_short_circuit_decorator.py for tasks to queue
[2023-09-19T13:56:29.330+0000] {logging_mixin.py:151} INFO - [2023-09-19T13:56:29.330+0000] {dagbag.py:539} INFO - Filling up the DagBag from /home/airflow/.local/lib/python3.8/site-packages/airflow/example_dags/example_short_circuit_decorator.py
[2023-09-19T13:56:29.338+0000] {processor.py:839} INFO - DAG(s) dict_keys(['example_short_circuit_decorator']) retrieved from /home/airflow/.local/lib/python3.8/site-packages/airflow/example_dags/example_short_circuit_decorator.py
[2023-09-19T13:56:29.356+0000] {logging_mixin.py:151} INFO - [2023-09-19T13:56:29.356+0000] {dag.py:2915} INFO - Sync 1 DAGs
[2023-09-19T13:56:29.376+0000] {logging_mixin.py:151} INFO - [2023-09-19T13:56:29.376+0000] {dag.py:3696} INFO - Setting next_dagrun for example_short_circuit_decorator to 2023-09-18T13:56:29.375926+00:00, run_after=2023-09-19T13:56:29.375926+00:00
[2023-09-19T13:56:29.396+0000] {processor.py:179} INFO - Processing /home/airflow/.local/lib/python3.8/site-packages/airflow/example_dags/example_short_circuit_decorator.py took 0.072 seconds
[2023-09-19T13:56:59.610+0000] {processor.py:157} INFO - Started process (PID=7193) to work on /home/airflow/.local/lib/python3.8/site-packages/airflow/example_dags/example_short_circuit_decorator.py
[2023-09-19T13:56:59.612+0000] {processor.py:829} INFO - Processing file /home/airflow/.local/lib/python3.8/site-packages/airflow/example_dags/example_short_circuit_decorator.py for tasks to queue
[2023-09-19T13:56:59.613+0000] {logging_mixin.py:151} INFO - [2023-09-19T13:56:59.613+0000] {dagbag.py:539} INFO - Filling up the DagBag from /home/airflow/.local/lib/python3.8/site-packages/airflow/example_dags/example_short_circuit_decorator.py
[2023-09-19T13:56:59.621+0000] {processor.py:839} INFO - DAG(s) dict_keys(['example_short_circuit_decorator']) retrieved from /home/airflow/.local/lib/python3.8/site-packages/airflow/example_dags/example_short_circuit_decorator.py
[2023-09-19T13:56:59.639+0000] {logging_mixin.py:151} INFO - [2023-09-19T13:56:59.639+0000] {dag.py:2915} INFO - Sync 1 DAGs
[2023-09-19T13:56:59.657+0000] {logging_mixin.py:151} INFO - [2023-09-19T13:56:59.656+0000] {dag.py:3696} INFO - Setting next_dagrun for example_short_circuit_decorator to 2023-09-18T13:56:59.656781+00:00, run_after=2023-09-19T13:56:59.656781+00:00
[2023-09-19T13:56:59.680+0000] {processor.py:179} INFO - Processing /home/airflow/.local/lib/python3.8/site-packages/airflow/example_dags/example_short_circuit_decorator.py took 0.075 seconds
[2023-09-19T13:57:30.154+0000] {processor.py:157} INFO - Started process (PID=7431) to work on /home/airflow/.local/lib/python3.8/site-packages/airflow/example_dags/example_short_circuit_decorator.py
[2023-09-19T13:57:30.155+0000] {processor.py:829} INFO - Processing file /home/airflow/.local/lib/python3.8/site-packages/airflow/example_dags/example_short_circuit_decorator.py for tasks to queue
[2023-09-19T13:57:30.156+0000] {logging_mixin.py:151} INFO - [2023-09-19T13:57:30.155+0000] {dagbag.py:539} INFO - Filling up the DagBag from /home/airflow/.local/lib/python3.8/site-packages/airflow/example_dags/example_short_circuit_decorator.py
[2023-09-19T13:57:30.163+0000] {processor.py:839} INFO - DAG(s) dict_keys(['example_short_circuit_decorator']) retrieved from /home/airflow/.local/lib/python3.8/site-packages/airflow/example_dags/example_short_circuit_decorator.py
[2023-09-19T13:57:30.185+0000] {logging_mixin.py:151} INFO - [2023-09-19T13:57:30.184+0000] {dag.py:2915} INFO - Sync 1 DAGs
[2023-09-19T13:57:30.206+0000] {logging_mixin.py:151} INFO - [2023-09-19T13:57:30.206+0000] {dag.py:3696} INFO - Setting next_dagrun for example_short_circuit_decorator to 2023-09-18T13:57:30.206168+00:00, run_after=2023-09-19T13:57:30.206168+00:00
[2023-09-19T13:57:30.227+0000] {processor.py:179} INFO - Processing /home/airflow/.local/lib/python3.8/site-packages/airflow/example_dags/example_short_circuit_decorator.py took 0.076 seconds
[2023-09-19T13:58:00.438+0000] {processor.py:157} INFO - Started process (PID=7670) to work on /home/airflow/.local/lib/python3.8/site-packages/airflow/example_dags/example_short_circuit_decorator.py
[2023-09-19T13:58:00.439+0000] {processor.py:829} INFO - Processing file /home/airflow/.local/lib/python3.8/site-packages/airflow/example_dags/example_short_circuit_decorator.py for tasks to queue
[2023-09-19T13:58:00.440+0000] {logging_mixin.py:151} INFO - [2023-09-19T13:58:00.439+0000] {dagbag.py:539} INFO - Filling up the DagBag from /home/airflow/.local/lib/python3.8/site-packages/airflow/example_dags/example_short_circuit_decorator.py
[2023-09-19T13:58:00.447+0000] {processor.py:839} INFO - DAG(s) dict_keys(['example_short_circuit_decorator']) retrieved from /home/airflow/.local/lib/python3.8/site-packages/airflow/example_dags/example_short_circuit_decorator.py
[2023-09-19T13:58:00.465+0000] {logging_mixin.py:151} INFO - [2023-09-19T13:58:00.465+0000] {dag.py:2915} INFO - Sync 1 DAGs
[2023-09-19T13:58:00.482+0000] {logging_mixin.py:151} INFO - [2023-09-19T13:58:00.481+0000] {dag.py:3696} INFO - Setting next_dagrun for example_short_circuit_decorator to 2023-09-18T13:58:00.481328+00:00, run_after=2023-09-19T13:58:00.481328+00:00
[2023-09-19T13:58:00.502+0000] {processor.py:179} INFO - Processing /home/airflow/.local/lib/python3.8/site-packages/airflow/example_dags/example_short_circuit_decorator.py took 0.069 seconds
[2023-09-19T13:58:30.729+0000] {processor.py:157} INFO - Started process (PID=7908) to work on /home/airflow/.local/lib/python3.8/site-packages/airflow/example_dags/example_short_circuit_decorator.py
[2023-09-19T13:58:30.730+0000] {processor.py:829} INFO - Processing file /home/airflow/.local/lib/python3.8/site-packages/airflow/example_dags/example_short_circuit_decorator.py for tasks to queue
[2023-09-19T13:58:30.730+0000] {logging_mixin.py:151} INFO - [2023-09-19T13:58:30.730+0000] {dagbag.py:539} INFO - Filling up the DagBag from /home/airflow/.local/lib/python3.8/site-packages/airflow/example_dags/example_short_circuit_decorator.py
[2023-09-19T13:58:30.739+0000] {processor.py:839} INFO - DAG(s) dict_keys(['example_short_circuit_decorator']) retrieved from /home/airflow/.local/lib/python3.8/site-packages/airflow/example_dags/example_short_circuit_decorator.py
[2023-09-19T13:58:30.760+0000] {logging_mixin.py:151} INFO - [2023-09-19T13:58:30.759+0000] {dag.py:2915} INFO - Sync 1 DAGs
[2023-09-19T13:58:30.780+0000] {logging_mixin.py:151} INFO - [2023-09-19T13:58:30.780+0000] {dag.py:3696} INFO - Setting next_dagrun for example_short_circuit_decorator to 2023-09-18T13:58:30.779993+00:00, run_after=2023-09-19T13:58:30.779993+00:00
[2023-09-19T13:58:30.800+0000] {processor.py:179} INFO - Processing /home/airflow/.local/lib/python3.8/site-packages/airflow/example_dags/example_short_circuit_decorator.py took 0.073 seconds
[2023-09-19T13:59:00.930+0000] {processor.py:157} INFO - Started process (PID=8146) to work on /home/airflow/.local/lib/python3.8/site-packages/airflow/example_dags/example_short_circuit_decorator.py
[2023-09-19T13:59:00.931+0000] {processor.py:829} INFO - Processing file /home/airflow/.local/lib/python3.8/site-packages/airflow/example_dags/example_short_circuit_decorator.py for tasks to queue
[2023-09-19T13:59:00.932+0000] {logging_mixin.py:151} INFO - [2023-09-19T13:59:00.932+0000] {dagbag.py:539} INFO - Filling up the DagBag from /home/airflow/.local/lib/python3.8/site-packages/airflow/example_dags/example_short_circuit_decorator.py
[2023-09-19T13:59:00.939+0000] {processor.py:839} INFO - DAG(s) dict_keys(['example_short_circuit_decorator']) retrieved from /home/airflow/.local/lib/python3.8/site-packages/airflow/example_dags/example_short_circuit_decorator.py
[2023-09-19T13:59:00.956+0000] {logging_mixin.py:151} INFO - [2023-09-19T13:59:00.956+0000] {dag.py:2915} INFO - Sync 1 DAGs
[2023-09-19T13:59:00.975+0000] {logging_mixin.py:151} INFO - [2023-09-19T13:59:00.975+0000] {dag.py:3696} INFO - Setting next_dagrun for example_short_circuit_decorator to 2023-09-18T13:59:00.975164+00:00, run_after=2023-09-19T13:59:00.975164+00:00
[2023-09-19T13:59:00.994+0000] {processor.py:179} INFO - Processing /home/airflow/.local/lib/python3.8/site-packages/airflow/example_dags/example_short_circuit_decorator.py took 0.066 seconds
[2023-09-19T13:59:31.077+0000] {processor.py:157} INFO - Started process (PID=8384) to work on /home/airflow/.local/lib/python3.8/site-packages/airflow/example_dags/example_short_circuit_decorator.py
[2023-09-19T13:59:31.078+0000] {processor.py:829} INFO - Processing file /home/airflow/.local/lib/python3.8/site-packages/airflow/example_dags/example_short_circuit_decorator.py for tasks to queue
[2023-09-19T13:59:31.079+0000] {logging_mixin.py:151} INFO - [2023-09-19T13:59:31.079+0000] {dagbag.py:539} INFO - Filling up the DagBag from /home/airflow/.local/lib/python3.8/site-packages/airflow/example_dags/example_short_circuit_decorator.py
[2023-09-19T13:59:31.086+0000] {processor.py:839} INFO - DAG(s) dict_keys(['example_short_circuit_decorator']) retrieved from /home/airflow/.local/lib/python3.8/site-packages/airflow/example_dags/example_short_circuit_decorator.py
[2023-09-19T13:59:31.103+0000] {logging_mixin.py:151} INFO - [2023-09-19T13:59:31.103+0000] {dag.py:2915} INFO - Sync 1 DAGs
[2023-09-19T13:59:31.126+0000] {logging_mixin.py:151} INFO - [2023-09-19T13:59:31.126+0000] {dag.py:3696} INFO - Setting next_dagrun for example_short_circuit_decorator to 2023-09-18T13:59:31.125763+00:00, run_after=2023-09-19T13:59:31.125763+00:00
[2023-09-19T13:59:31.142+0000] {processor.py:179} INFO - Processing /home/airflow/.local/lib/python3.8/site-packages/airflow/example_dags/example_short_circuit_decorator.py took 0.068 seconds
