[2023-09-19T13:42:09.144+0000] {processor.py:157} INFO - Started process (PID=290) to work on /home/airflow/.local/lib/python3.8/site-packages/airflow/example_dags/example_sensor_decorator.py
[2023-09-19T13:42:09.144+0000] {processor.py:829} INFO - Processing file /home/airflow/.local/lib/python3.8/site-packages/airflow/example_dags/example_sensor_decorator.py for tasks to queue
[2023-09-19T13:42:09.145+0000] {logging_mixin.py:151} INFO - [2023-09-19T13:42:09.145+0000] {dagbag.py:539} INFO - Filling up the DagBag from /home/airflow/.local/lib/python3.8/site-packages/airflow/example_dags/example_sensor_decorator.py
[2023-09-19T13:42:09.151+0000] {processor.py:839} INFO - DAG(s) dict_keys(['example_sensor_decorator']) retrieved from /home/airflow/.local/lib/python3.8/site-packages/airflow/example_dags/example_sensor_decorator.py
[2023-09-19T13:42:09.170+0000] {logging_mixin.py:151} INFO - [2023-09-19T13:42:09.170+0000] {dag.py:2915} INFO - Sync 1 DAGs
[2023-09-19T13:42:09.187+0000] {logging_mixin.py:151} INFO - [2023-09-19T13:42:09.187+0000] {dag.py:3696} INFO - Setting next_dagrun for example_sensor_decorator to None, run_after=None
[2023-09-19T13:42:09.208+0000] {processor.py:179} INFO - Processing /home/airflow/.local/lib/python3.8/site-packages/airflow/example_dags/example_sensor_decorator.py took 0.067 seconds
[2023-09-19T13:42:46.972+0000] {processor.py:157} INFO - Started process (PID=528) to work on /home/airflow/.local/lib/python3.8/site-packages/airflow/example_dags/example_sensor_decorator.py
[2023-09-19T13:42:46.974+0000] {processor.py:829} INFO - Processing file /home/airflow/.local/lib/python3.8/site-packages/airflow/example_dags/example_sensor_decorator.py for tasks to queue
[2023-09-19T13:42:46.975+0000] {logging_mixin.py:151} INFO - [2023-09-19T13:42:46.974+0000] {dagbag.py:539} INFO - Filling up the DagBag from /home/airflow/.local/lib/python3.8/site-packages/airflow/example_dags/example_sensor_decorator.py
[2023-09-19T13:42:46.979+0000] {processor.py:839} INFO - DAG(s) dict_keys(['example_sensor_decorator']) retrieved from /home/airflow/.local/lib/python3.8/site-packages/airflow/example_dags/example_sensor_decorator.py
[2023-09-19T13:42:46.995+0000] {logging_mixin.py:151} INFO - [2023-09-19T13:42:46.995+0000] {dag.py:2915} INFO - Sync 1 DAGs
[2023-09-19T13:42:47.003+0000] {logging_mixin.py:151} INFO - [2023-09-19T13:42:47.003+0000] {dag.py:3696} INFO - Setting next_dagrun for example_sensor_decorator to None, run_after=None
[2023-09-19T13:42:47.022+0000] {processor.py:179} INFO - Processing /home/airflow/.local/lib/python3.8/site-packages/airflow/example_dags/example_sensor_decorator.py took 0.054 seconds
[2023-09-19T13:43:17.676+0000] {processor.py:157} INFO - Started process (PID=768) to work on /home/airflow/.local/lib/python3.8/site-packages/airflow/example_dags/example_sensor_decorator.py
[2023-09-19T13:43:17.677+0000] {processor.py:829} INFO - Processing file /home/airflow/.local/lib/python3.8/site-packages/airflow/example_dags/example_sensor_decorator.py for tasks to queue
[2023-09-19T13:43:17.677+0000] {logging_mixin.py:151} INFO - [2023-09-19T13:43:17.677+0000] {dagbag.py:539} INFO - Filling up the DagBag from /home/airflow/.local/lib/python3.8/site-packages/airflow/example_dags/example_sensor_decorator.py
[2023-09-19T13:43:17.681+0000] {processor.py:839} INFO - DAG(s) dict_keys(['example_sensor_decorator']) retrieved from /home/airflow/.local/lib/python3.8/site-packages/airflow/example_dags/example_sensor_decorator.py
[2023-09-19T13:43:17.695+0000] {logging_mixin.py:151} INFO - [2023-09-19T13:43:17.694+0000] {dag.py:2915} INFO - Sync 1 DAGs
[2023-09-19T13:43:17.703+0000] {logging_mixin.py:151} INFO - [2023-09-19T13:43:17.703+0000] {dag.py:3696} INFO - Setting next_dagrun for example_sensor_decorator to None, run_after=None
[2023-09-19T13:43:17.719+0000] {processor.py:179} INFO - Processing /home/airflow/.local/lib/python3.8/site-packages/airflow/example_dags/example_sensor_decorator.py took 0.045 seconds
[2023-09-19T13:43:47.816+0000] {processor.py:157} INFO - Started process (PID=1004) to work on /home/airflow/.local/lib/python3.8/site-packages/airflow/example_dags/example_sensor_decorator.py
[2023-09-19T13:43:47.817+0000] {processor.py:829} INFO - Processing file /home/airflow/.local/lib/python3.8/site-packages/airflow/example_dags/example_sensor_decorator.py for tasks to queue
[2023-09-19T13:43:47.818+0000] {logging_mixin.py:151} INFO - [2023-09-19T13:43:47.817+0000] {dagbag.py:539} INFO - Filling up the DagBag from /home/airflow/.local/lib/python3.8/site-packages/airflow/example_dags/example_sensor_decorator.py
[2023-09-19T13:43:47.822+0000] {processor.py:839} INFO - DAG(s) dict_keys(['example_sensor_decorator']) retrieved from /home/airflow/.local/lib/python3.8/site-packages/airflow/example_dags/example_sensor_decorator.py
[2023-09-19T13:43:47.835+0000] {logging_mixin.py:151} INFO - [2023-09-19T13:43:47.835+0000] {dag.py:2915} INFO - Sync 1 DAGs
[2023-09-19T13:43:47.845+0000] {logging_mixin.py:151} INFO - [2023-09-19T13:43:47.845+0000] {dag.py:3696} INFO - Setting next_dagrun for example_sensor_decorator to None, run_after=None
[2023-09-19T13:43:47.859+0000] {processor.py:179} INFO - Processing /home/airflow/.local/lib/python3.8/site-packages/airflow/example_dags/example_sensor_decorator.py took 0.045 seconds
[2023-09-19T13:44:18.253+0000] {processor.py:157} INFO - Started process (PID=1244) to work on /home/airflow/.local/lib/python3.8/site-packages/airflow/example_dags/example_sensor_decorator.py
[2023-09-19T13:44:18.254+0000] {processor.py:829} INFO - Processing file /home/airflow/.local/lib/python3.8/site-packages/airflow/example_dags/example_sensor_decorator.py for tasks to queue
[2023-09-19T13:44:18.254+0000] {logging_mixin.py:151} INFO - [2023-09-19T13:44:18.254+0000] {dagbag.py:539} INFO - Filling up the DagBag from /home/airflow/.local/lib/python3.8/site-packages/airflow/example_dags/example_sensor_decorator.py
[2023-09-19T13:44:18.260+0000] {processor.py:839} INFO - DAG(s) dict_keys(['example_sensor_decorator']) retrieved from /home/airflow/.local/lib/python3.8/site-packages/airflow/example_dags/example_sensor_decorator.py
[2023-09-19T13:44:18.275+0000] {logging_mixin.py:151} INFO - [2023-09-19T13:44:18.275+0000] {dag.py:2915} INFO - Sync 1 DAGs
[2023-09-19T13:44:18.284+0000] {logging_mixin.py:151} INFO - [2023-09-19T13:44:18.283+0000] {dag.py:3696} INFO - Setting next_dagrun for example_sensor_decorator to None, run_after=None
[2023-09-19T13:44:18.298+0000] {processor.py:179} INFO - Processing /home/airflow/.local/lib/python3.8/site-packages/airflow/example_dags/example_sensor_decorator.py took 0.048 seconds
[2023-09-19T13:44:48.678+0000] {processor.py:157} INFO - Started process (PID=1480) to work on /home/airflow/.local/lib/python3.8/site-packages/airflow/example_dags/example_sensor_decorator.py
[2023-09-19T13:44:48.679+0000] {processor.py:829} INFO - Processing file /home/airflow/.local/lib/python3.8/site-packages/airflow/example_dags/example_sensor_decorator.py for tasks to queue
[2023-09-19T13:44:48.680+0000] {logging_mixin.py:151} INFO - [2023-09-19T13:44:48.680+0000] {dagbag.py:539} INFO - Filling up the DagBag from /home/airflow/.local/lib/python3.8/site-packages/airflow/example_dags/example_sensor_decorator.py
[2023-09-19T13:44:48.684+0000] {processor.py:839} INFO - DAG(s) dict_keys(['example_sensor_decorator']) retrieved from /home/airflow/.local/lib/python3.8/site-packages/airflow/example_dags/example_sensor_decorator.py
[2023-09-19T13:44:48.706+0000] {logging_mixin.py:151} INFO - [2023-09-19T13:44:48.706+0000] {dag.py:2915} INFO - Sync 1 DAGs
[2023-09-19T13:44:48.716+0000] {logging_mixin.py:151} INFO - [2023-09-19T13:44:48.716+0000] {dag.py:3696} INFO - Setting next_dagrun for example_sensor_decorator to None, run_after=None
[2023-09-19T13:44:48.735+0000] {processor.py:179} INFO - Processing /home/airflow/.local/lib/python3.8/site-packages/airflow/example_dags/example_sensor_decorator.py took 0.059 seconds
[2023-09-19T13:45:19.170+0000] {processor.py:157} INFO - Started process (PID=1719) to work on /home/airflow/.local/lib/python3.8/site-packages/airflow/example_dags/example_sensor_decorator.py
[2023-09-19T13:45:19.173+0000] {processor.py:829} INFO - Processing file /home/airflow/.local/lib/python3.8/site-packages/airflow/example_dags/example_sensor_decorator.py for tasks to queue
[2023-09-19T13:45:19.174+0000] {logging_mixin.py:151} INFO - [2023-09-19T13:45:19.174+0000] {dagbag.py:539} INFO - Filling up the DagBag from /home/airflow/.local/lib/python3.8/site-packages/airflow/example_dags/example_sensor_decorator.py
[2023-09-19T13:45:19.180+0000] {processor.py:839} INFO - DAG(s) dict_keys(['example_sensor_decorator']) retrieved from /home/airflow/.local/lib/python3.8/site-packages/airflow/example_dags/example_sensor_decorator.py
[2023-09-19T13:45:19.189+0000] {logging_mixin.py:151} INFO - [2023-09-19T13:45:19.189+0000] {dag.py:2915} INFO - Sync 1 DAGs
[2023-09-19T13:45:19.200+0000] {logging_mixin.py:151} INFO - [2023-09-19T13:45:19.200+0000] {dag.py:3696} INFO - Setting next_dagrun for example_sensor_decorator to None, run_after=None
[2023-09-19T13:45:19.221+0000] {processor.py:179} INFO - Processing /home/airflow/.local/lib/python3.8/site-packages/airflow/example_dags/example_sensor_decorator.py took 0.053 seconds
[2023-09-19T13:45:49.535+0000] {processor.py:157} INFO - Started process (PID=1959) to work on /home/airflow/.local/lib/python3.8/site-packages/airflow/example_dags/example_sensor_decorator.py
[2023-09-19T13:45:49.536+0000] {processor.py:829} INFO - Processing file /home/airflow/.local/lib/python3.8/site-packages/airflow/example_dags/example_sensor_decorator.py for tasks to queue
[2023-09-19T13:45:49.536+0000] {logging_mixin.py:151} INFO - [2023-09-19T13:45:49.536+0000] {dagbag.py:539} INFO - Filling up the DagBag from /home/airflow/.local/lib/python3.8/site-packages/airflow/example_dags/example_sensor_decorator.py
[2023-09-19T13:45:49.541+0000] {processor.py:839} INFO - DAG(s) dict_keys(['example_sensor_decorator']) retrieved from /home/airflow/.local/lib/python3.8/site-packages/airflow/example_dags/example_sensor_decorator.py
[2023-09-19T13:45:49.564+0000] {logging_mixin.py:151} INFO - [2023-09-19T13:45:49.564+0000] {dag.py:2915} INFO - Sync 1 DAGs
[2023-09-19T13:45:49.576+0000] {logging_mixin.py:151} INFO - [2023-09-19T13:45:49.575+0000] {dag.py:3696} INFO - Setting next_dagrun for example_sensor_decorator to None, run_after=None
[2023-09-19T13:45:49.591+0000] {processor.py:179} INFO - Processing /home/airflow/.local/lib/python3.8/site-packages/airflow/example_dags/example_sensor_decorator.py took 0.059 seconds
[2023-09-19T13:46:19.983+0000] {processor.py:157} INFO - Started process (PID=2195) to work on /home/airflow/.local/lib/python3.8/site-packages/airflow/example_dags/example_sensor_decorator.py
[2023-09-19T13:46:19.987+0000] {processor.py:829} INFO - Processing file /home/airflow/.local/lib/python3.8/site-packages/airflow/example_dags/example_sensor_decorator.py for tasks to queue
[2023-09-19T13:46:19.990+0000] {logging_mixin.py:151} INFO - [2023-09-19T13:46:19.989+0000] {dagbag.py:539} INFO - Filling up the DagBag from /home/airflow/.local/lib/python3.8/site-packages/airflow/example_dags/example_sensor_decorator.py
[2023-09-19T13:46:19.997+0000] {processor.py:839} INFO - DAG(s) dict_keys(['example_sensor_decorator']) retrieved from /home/airflow/.local/lib/python3.8/site-packages/airflow/example_dags/example_sensor_decorator.py
[2023-09-19T13:46:20.020+0000] {logging_mixin.py:151} INFO - [2023-09-19T13:46:20.020+0000] {dag.py:2915} INFO - Sync 1 DAGs
[2023-09-19T13:46:20.029+0000] {logging_mixin.py:151} INFO - [2023-09-19T13:46:20.029+0000] {dag.py:3696} INFO - Setting next_dagrun for example_sensor_decorator to None, run_after=None
[2023-09-19T13:46:20.052+0000] {processor.py:179} INFO - Processing /home/airflow/.local/lib/python3.8/site-packages/airflow/example_dags/example_sensor_decorator.py took 0.073 seconds
[2023-09-19T13:46:50.918+0000] {processor.py:157} INFO - Started process (PID=2433) to work on /home/airflow/.local/lib/python3.8/site-packages/airflow/example_dags/example_sensor_decorator.py
[2023-09-19T13:46:50.921+0000] {processor.py:829} INFO - Processing file /home/airflow/.local/lib/python3.8/site-packages/airflow/example_dags/example_sensor_decorator.py for tasks to queue
[2023-09-19T13:46:50.923+0000] {logging_mixin.py:151} INFO - [2023-09-19T13:46:50.922+0000] {dagbag.py:539} INFO - Filling up the DagBag from /home/airflow/.local/lib/python3.8/site-packages/airflow/example_dags/example_sensor_decorator.py
[2023-09-19T13:46:50.936+0000] {processor.py:839} INFO - DAG(s) dict_keys(['example_sensor_decorator']) retrieved from /home/airflow/.local/lib/python3.8/site-packages/airflow/example_dags/example_sensor_decorator.py
[2023-09-19T13:46:50.993+0000] {logging_mixin.py:151} INFO - [2023-09-19T13:46:50.992+0000] {dag.py:2915} INFO - Sync 1 DAGs
[2023-09-19T13:46:51.017+0000] {logging_mixin.py:151} INFO - [2023-09-19T13:46:51.016+0000] {dag.py:3696} INFO - Setting next_dagrun for example_sensor_decorator to None, run_after=None
[2023-09-19T13:46:51.045+0000] {processor.py:179} INFO - Processing /home/airflow/.local/lib/python3.8/site-packages/airflow/example_dags/example_sensor_decorator.py took 0.131 seconds
[2023-09-19T13:47:22.436+0000] {processor.py:157} INFO - Started process (PID=2671) to work on /home/airflow/.local/lib/python3.8/site-packages/airflow/example_dags/example_sensor_decorator.py
[2023-09-19T13:47:22.437+0000] {processor.py:829} INFO - Processing file /home/airflow/.local/lib/python3.8/site-packages/airflow/example_dags/example_sensor_decorator.py for tasks to queue
[2023-09-19T13:47:22.438+0000] {logging_mixin.py:151} INFO - [2023-09-19T13:47:22.438+0000] {dagbag.py:539} INFO - Filling up the DagBag from /home/airflow/.local/lib/python3.8/site-packages/airflow/example_dags/example_sensor_decorator.py
[2023-09-19T13:47:22.445+0000] {processor.py:839} INFO - DAG(s) dict_keys(['example_sensor_decorator']) retrieved from /home/airflow/.local/lib/python3.8/site-packages/airflow/example_dags/example_sensor_decorator.py
[2023-09-19T13:47:22.492+0000] {logging_mixin.py:151} INFO - [2023-09-19T13:47:22.491+0000] {dag.py:2915} INFO - Sync 1 DAGs
[2023-09-19T13:47:22.512+0000] {logging_mixin.py:151} INFO - [2023-09-19T13:47:22.511+0000] {dag.py:3696} INFO - Setting next_dagrun for example_sensor_decorator to None, run_after=None
[2023-09-19T13:47:22.556+0000] {processor.py:179} INFO - Processing /home/airflow/.local/lib/python3.8/site-packages/airflow/example_dags/example_sensor_decorator.py took 0.124 seconds
[2023-09-19T13:47:53.109+0000] {processor.py:157} INFO - Started process (PID=2909) to work on /home/airflow/.local/lib/python3.8/site-packages/airflow/example_dags/example_sensor_decorator.py
[2023-09-19T13:47:53.110+0000] {processor.py:829} INFO - Processing file /home/airflow/.local/lib/python3.8/site-packages/airflow/example_dags/example_sensor_decorator.py for tasks to queue
[2023-09-19T13:47:53.111+0000] {logging_mixin.py:151} INFO - [2023-09-19T13:47:53.110+0000] {dagbag.py:539} INFO - Filling up the DagBag from /home/airflow/.local/lib/python3.8/site-packages/airflow/example_dags/example_sensor_decorator.py
[2023-09-19T13:47:53.115+0000] {processor.py:839} INFO - DAG(s) dict_keys(['example_sensor_decorator']) retrieved from /home/airflow/.local/lib/python3.8/site-packages/airflow/example_dags/example_sensor_decorator.py
[2023-09-19T13:47:53.140+0000] {logging_mixin.py:151} INFO - [2023-09-19T13:47:53.140+0000] {dag.py:2915} INFO - Sync 1 DAGs
[2023-09-19T13:47:53.151+0000] {logging_mixin.py:151} INFO - [2023-09-19T13:47:53.150+0000] {dag.py:3696} INFO - Setting next_dagrun for example_sensor_decorator to None, run_after=None
[2023-09-19T13:47:53.172+0000] {processor.py:179} INFO - Processing /home/airflow/.local/lib/python3.8/site-packages/airflow/example_dags/example_sensor_decorator.py took 0.065 seconds
[2023-09-19T13:48:23.545+0000] {processor.py:157} INFO - Started process (PID=3147) to work on /home/airflow/.local/lib/python3.8/site-packages/airflow/example_dags/example_sensor_decorator.py
[2023-09-19T13:48:23.546+0000] {processor.py:829} INFO - Processing file /home/airflow/.local/lib/python3.8/site-packages/airflow/example_dags/example_sensor_decorator.py for tasks to queue
[2023-09-19T13:48:23.546+0000] {logging_mixin.py:151} INFO - [2023-09-19T13:48:23.546+0000] {dagbag.py:539} INFO - Filling up the DagBag from /home/airflow/.local/lib/python3.8/site-packages/airflow/example_dags/example_sensor_decorator.py
[2023-09-19T13:48:23.552+0000] {processor.py:839} INFO - DAG(s) dict_keys(['example_sensor_decorator']) retrieved from /home/airflow/.local/lib/python3.8/site-packages/airflow/example_dags/example_sensor_decorator.py
[2023-09-19T13:48:23.569+0000] {logging_mixin.py:151} INFO - [2023-09-19T13:48:23.569+0000] {dag.py:2915} INFO - Sync 1 DAGs
[2023-09-19T13:48:23.578+0000] {logging_mixin.py:151} INFO - [2023-09-19T13:48:23.578+0000] {dag.py:3696} INFO - Setting next_dagrun for example_sensor_decorator to None, run_after=None
[2023-09-19T13:48:23.601+0000] {processor.py:179} INFO - Processing /home/airflow/.local/lib/python3.8/site-packages/airflow/example_dags/example_sensor_decorator.py took 0.058 seconds
[2023-09-19T13:48:53.967+0000] {processor.py:157} INFO - Started process (PID=3385) to work on /home/airflow/.local/lib/python3.8/site-packages/airflow/example_dags/example_sensor_decorator.py
[2023-09-19T13:48:53.968+0000] {processor.py:829} INFO - Processing file /home/airflow/.local/lib/python3.8/site-packages/airflow/example_dags/example_sensor_decorator.py for tasks to queue
[2023-09-19T13:48:53.969+0000] {logging_mixin.py:151} INFO - [2023-09-19T13:48:53.969+0000] {dagbag.py:539} INFO - Filling up the DagBag from /home/airflow/.local/lib/python3.8/site-packages/airflow/example_dags/example_sensor_decorator.py
[2023-09-19T13:48:53.974+0000] {processor.py:839} INFO - DAG(s) dict_keys(['example_sensor_decorator']) retrieved from /home/airflow/.local/lib/python3.8/site-packages/airflow/example_dags/example_sensor_decorator.py
[2023-09-19T13:48:53.995+0000] {logging_mixin.py:151} INFO - [2023-09-19T13:48:53.995+0000] {dag.py:2915} INFO - Sync 1 DAGs
[2023-09-19T13:48:54.007+0000] {logging_mixin.py:151} INFO - [2023-09-19T13:48:54.006+0000] {dag.py:3696} INFO - Setting next_dagrun for example_sensor_decorator to None, run_after=None
[2023-09-19T13:48:54.027+0000] {processor.py:179} INFO - Processing /home/airflow/.local/lib/python3.8/site-packages/airflow/example_dags/example_sensor_decorator.py took 0.063 seconds
[2023-09-19T13:49:24.683+0000] {processor.py:157} INFO - Started process (PID=3623) to work on /home/airflow/.local/lib/python3.8/site-packages/airflow/example_dags/example_sensor_decorator.py
[2023-09-19T13:49:24.685+0000] {processor.py:829} INFO - Processing file /home/airflow/.local/lib/python3.8/site-packages/airflow/example_dags/example_sensor_decorator.py for tasks to queue
[2023-09-19T13:49:24.687+0000] {logging_mixin.py:151} INFO - [2023-09-19T13:49:24.686+0000] {dagbag.py:539} INFO - Filling up the DagBag from /home/airflow/.local/lib/python3.8/site-packages/airflow/example_dags/example_sensor_decorator.py
[2023-09-19T13:49:24.691+0000] {processor.py:839} INFO - DAG(s) dict_keys(['example_sensor_decorator']) retrieved from /home/airflow/.local/lib/python3.8/site-packages/airflow/example_dags/example_sensor_decorator.py
[2023-09-19T13:49:24.713+0000] {logging_mixin.py:151} INFO - [2023-09-19T13:49:24.712+0000] {dag.py:2915} INFO - Sync 1 DAGs
[2023-09-19T13:49:24.730+0000] {logging_mixin.py:151} INFO - [2023-09-19T13:49:24.729+0000] {dag.py:3696} INFO - Setting next_dagrun for example_sensor_decorator to None, run_after=None
[2023-09-19T13:49:24.759+0000] {processor.py:179} INFO - Processing /home/airflow/.local/lib/python3.8/site-packages/airflow/example_dags/example_sensor_decorator.py took 0.079 seconds
[2023-09-19T13:49:55.165+0000] {processor.py:157} INFO - Started process (PID=3861) to work on /home/airflow/.local/lib/python3.8/site-packages/airflow/example_dags/example_sensor_decorator.py
[2023-09-19T13:49:55.166+0000] {processor.py:829} INFO - Processing file /home/airflow/.local/lib/python3.8/site-packages/airflow/example_dags/example_sensor_decorator.py for tasks to queue
[2023-09-19T13:49:55.167+0000] {logging_mixin.py:151} INFO - [2023-09-19T13:49:55.167+0000] {dagbag.py:539} INFO - Filling up the DagBag from /home/airflow/.local/lib/python3.8/site-packages/airflow/example_dags/example_sensor_decorator.py
[2023-09-19T13:49:55.174+0000] {processor.py:839} INFO - DAG(s) dict_keys(['example_sensor_decorator']) retrieved from /home/airflow/.local/lib/python3.8/site-packages/airflow/example_dags/example_sensor_decorator.py
[2023-09-19T13:49:55.191+0000] {logging_mixin.py:151} INFO - [2023-09-19T13:49:55.191+0000] {dag.py:2915} INFO - Sync 1 DAGs
[2023-09-19T13:49:55.201+0000] {logging_mixin.py:151} INFO - [2023-09-19T13:49:55.201+0000] {dag.py:3696} INFO - Setting next_dagrun for example_sensor_decorator to None, run_after=None
[2023-09-19T13:49:55.227+0000] {processor.py:179} INFO - Processing /home/airflow/.local/lib/python3.8/site-packages/airflow/example_dags/example_sensor_decorator.py took 0.065 seconds
[2023-09-19T13:50:25.764+0000] {processor.py:157} INFO - Started process (PID=4099) to work on /home/airflow/.local/lib/python3.8/site-packages/airflow/example_dags/example_sensor_decorator.py
[2023-09-19T13:50:25.765+0000] {processor.py:829} INFO - Processing file /home/airflow/.local/lib/python3.8/site-packages/airflow/example_dags/example_sensor_decorator.py for tasks to queue
[2023-09-19T13:50:25.765+0000] {logging_mixin.py:151} INFO - [2023-09-19T13:50:25.765+0000] {dagbag.py:539} INFO - Filling up the DagBag from /home/airflow/.local/lib/python3.8/site-packages/airflow/example_dags/example_sensor_decorator.py
[2023-09-19T13:50:25.771+0000] {processor.py:839} INFO - DAG(s) dict_keys(['example_sensor_decorator']) retrieved from /home/airflow/.local/lib/python3.8/site-packages/airflow/example_dags/example_sensor_decorator.py
[2023-09-19T13:50:25.791+0000] {logging_mixin.py:151} INFO - [2023-09-19T13:50:25.791+0000] {dag.py:2915} INFO - Sync 1 DAGs
[2023-09-19T13:50:25.802+0000] {logging_mixin.py:151} INFO - [2023-09-19T13:50:25.801+0000] {dag.py:3696} INFO - Setting next_dagrun for example_sensor_decorator to None, run_after=None
[2023-09-19T13:50:25.820+0000] {processor.py:179} INFO - Processing /home/airflow/.local/lib/python3.8/site-packages/airflow/example_dags/example_sensor_decorator.py took 0.060 seconds
[2023-09-19T13:50:56.225+0000] {processor.py:157} INFO - Started process (PID=4336) to work on /home/airflow/.local/lib/python3.8/site-packages/airflow/example_dags/example_sensor_decorator.py
[2023-09-19T13:50:56.226+0000] {processor.py:829} INFO - Processing file /home/airflow/.local/lib/python3.8/site-packages/airflow/example_dags/example_sensor_decorator.py for tasks to queue
[2023-09-19T13:50:56.227+0000] {logging_mixin.py:151} INFO - [2023-09-19T13:50:56.227+0000] {dagbag.py:539} INFO - Filling up the DagBag from /home/airflow/.local/lib/python3.8/site-packages/airflow/example_dags/example_sensor_decorator.py
[2023-09-19T13:50:56.232+0000] {processor.py:839} INFO - DAG(s) dict_keys(['example_sensor_decorator']) retrieved from /home/airflow/.local/lib/python3.8/site-packages/airflow/example_dags/example_sensor_decorator.py
[2023-09-19T13:50:56.251+0000] {logging_mixin.py:151} INFO - [2023-09-19T13:50:56.251+0000] {dag.py:2915} INFO - Sync 1 DAGs
[2023-09-19T13:50:56.264+0000] {logging_mixin.py:151} INFO - [2023-09-19T13:50:56.264+0000] {dag.py:3696} INFO - Setting next_dagrun for example_sensor_decorator to None, run_after=None
[2023-09-19T13:50:56.282+0000] {processor.py:179} INFO - Processing /home/airflow/.local/lib/python3.8/site-packages/airflow/example_dags/example_sensor_decorator.py took 0.061 seconds
[2023-09-19T13:51:26.677+0000] {processor.py:157} INFO - Started process (PID=4574) to work on /home/airflow/.local/lib/python3.8/site-packages/airflow/example_dags/example_sensor_decorator.py
[2023-09-19T13:51:26.678+0000] {processor.py:829} INFO - Processing file /home/airflow/.local/lib/python3.8/site-packages/airflow/example_dags/example_sensor_decorator.py for tasks to queue
[2023-09-19T13:51:26.679+0000] {logging_mixin.py:151} INFO - [2023-09-19T13:51:26.678+0000] {dagbag.py:539} INFO - Filling up the DagBag from /home/airflow/.local/lib/python3.8/site-packages/airflow/example_dags/example_sensor_decorator.py
[2023-09-19T13:51:26.683+0000] {processor.py:839} INFO - DAG(s) dict_keys(['example_sensor_decorator']) retrieved from /home/airflow/.local/lib/python3.8/site-packages/airflow/example_dags/example_sensor_decorator.py
[2023-09-19T13:51:26.702+0000] {logging_mixin.py:151} INFO - [2023-09-19T13:51:26.702+0000] {dag.py:2915} INFO - Sync 1 DAGs
[2023-09-19T13:51:26.717+0000] {logging_mixin.py:151} INFO - [2023-09-19T13:51:26.717+0000] {dag.py:3696} INFO - Setting next_dagrun for example_sensor_decorator to None, run_after=None
[2023-09-19T13:51:26.738+0000] {processor.py:179} INFO - Processing /home/airflow/.local/lib/python3.8/site-packages/airflow/example_dags/example_sensor_decorator.py took 0.065 seconds
[2023-09-19T13:51:56.994+0000] {processor.py:157} INFO - Started process (PID=4812) to work on /home/airflow/.local/lib/python3.8/site-packages/airflow/example_dags/example_sensor_decorator.py
[2023-09-19T13:51:56.995+0000] {processor.py:829} INFO - Processing file /home/airflow/.local/lib/python3.8/site-packages/airflow/example_dags/example_sensor_decorator.py for tasks to queue
[2023-09-19T13:51:56.996+0000] {logging_mixin.py:151} INFO - [2023-09-19T13:51:56.996+0000] {dagbag.py:539} INFO - Filling up the DagBag from /home/airflow/.local/lib/python3.8/site-packages/airflow/example_dags/example_sensor_decorator.py
[2023-09-19T13:51:57.001+0000] {processor.py:839} INFO - DAG(s) dict_keys(['example_sensor_decorator']) retrieved from /home/airflow/.local/lib/python3.8/site-packages/airflow/example_dags/example_sensor_decorator.py
[2023-09-19T13:51:57.019+0000] {logging_mixin.py:151} INFO - [2023-09-19T13:51:57.019+0000] {dag.py:2915} INFO - Sync 1 DAGs
[2023-09-19T13:51:57.028+0000] {logging_mixin.py:151} INFO - [2023-09-19T13:51:57.028+0000] {dag.py:3696} INFO - Setting next_dagrun for example_sensor_decorator to None, run_after=None
[2023-09-19T13:51:57.045+0000] {processor.py:179} INFO - Processing /home/airflow/.local/lib/python3.8/site-packages/airflow/example_dags/example_sensor_decorator.py took 0.053 seconds
[2023-09-19T13:52:27.278+0000] {processor.py:157} INFO - Started process (PID=5052) to work on /home/airflow/.local/lib/python3.8/site-packages/airflow/example_dags/example_sensor_decorator.py
[2023-09-19T13:52:27.279+0000] {processor.py:829} INFO - Processing file /home/airflow/.local/lib/python3.8/site-packages/airflow/example_dags/example_sensor_decorator.py for tasks to queue
[2023-09-19T13:52:27.279+0000] {logging_mixin.py:151} INFO - [2023-09-19T13:52:27.279+0000] {dagbag.py:539} INFO - Filling up the DagBag from /home/airflow/.local/lib/python3.8/site-packages/airflow/example_dags/example_sensor_decorator.py
[2023-09-19T13:52:27.284+0000] {processor.py:839} INFO - DAG(s) dict_keys(['example_sensor_decorator']) retrieved from /home/airflow/.local/lib/python3.8/site-packages/airflow/example_dags/example_sensor_decorator.py
[2023-09-19T13:52:27.300+0000] {logging_mixin.py:151} INFO - [2023-09-19T13:52:27.300+0000] {dag.py:2915} INFO - Sync 1 DAGs
[2023-09-19T13:52:27.312+0000] {logging_mixin.py:151} INFO - [2023-09-19T13:52:27.312+0000] {dag.py:3696} INFO - Setting next_dagrun for example_sensor_decorator to None, run_after=None
[2023-09-19T13:52:27.330+0000] {processor.py:179} INFO - Processing /home/airflow/.local/lib/python3.8/site-packages/airflow/example_dags/example_sensor_decorator.py took 0.054 seconds
[2023-09-19T13:52:57.482+0000] {processor.py:157} INFO - Started process (PID=5291) to work on /home/airflow/.local/lib/python3.8/site-packages/airflow/example_dags/example_sensor_decorator.py
[2023-09-19T13:52:57.483+0000] {processor.py:829} INFO - Processing file /home/airflow/.local/lib/python3.8/site-packages/airflow/example_dags/example_sensor_decorator.py for tasks to queue
[2023-09-19T13:52:57.484+0000] {logging_mixin.py:151} INFO - [2023-09-19T13:52:57.484+0000] {dagbag.py:539} INFO - Filling up the DagBag from /home/airflow/.local/lib/python3.8/site-packages/airflow/example_dags/example_sensor_decorator.py
[2023-09-19T13:52:57.488+0000] {processor.py:839} INFO - DAG(s) dict_keys(['example_sensor_decorator']) retrieved from /home/airflow/.local/lib/python3.8/site-packages/airflow/example_dags/example_sensor_decorator.py
[2023-09-19T13:52:57.504+0000] {logging_mixin.py:151} INFO - [2023-09-19T13:52:57.504+0000] {dag.py:2915} INFO - Sync 1 DAGs
[2023-09-19T13:52:57.517+0000] {logging_mixin.py:151} INFO - [2023-09-19T13:52:57.516+0000] {dag.py:3696} INFO - Setting next_dagrun for example_sensor_decorator to None, run_after=None
[2023-09-19T13:52:57.534+0000] {processor.py:179} INFO - Processing /home/airflow/.local/lib/python3.8/site-packages/airflow/example_dags/example_sensor_decorator.py took 0.054 seconds
[2023-09-19T13:53:27.732+0000] {processor.py:157} INFO - Started process (PID=5527) to work on /home/airflow/.local/lib/python3.8/site-packages/airflow/example_dags/example_sensor_decorator.py
[2023-09-19T13:53:27.733+0000] {processor.py:829} INFO - Processing file /home/airflow/.local/lib/python3.8/site-packages/airflow/example_dags/example_sensor_decorator.py for tasks to queue
[2023-09-19T13:53:27.734+0000] {logging_mixin.py:151} INFO - [2023-09-19T13:53:27.734+0000] {dagbag.py:539} INFO - Filling up the DagBag from /home/airflow/.local/lib/python3.8/site-packages/airflow/example_dags/example_sensor_decorator.py
[2023-09-19T13:53:27.738+0000] {processor.py:839} INFO - DAG(s) dict_keys(['example_sensor_decorator']) retrieved from /home/airflow/.local/lib/python3.8/site-packages/airflow/example_dags/example_sensor_decorator.py
[2023-09-19T13:53:27.758+0000] {logging_mixin.py:151} INFO - [2023-09-19T13:53:27.757+0000] {dag.py:2915} INFO - Sync 1 DAGs
[2023-09-19T13:53:27.774+0000] {logging_mixin.py:151} INFO - [2023-09-19T13:53:27.774+0000] {dag.py:3696} INFO - Setting next_dagrun for example_sensor_decorator to None, run_after=None
[2023-09-19T13:53:27.804+0000] {processor.py:179} INFO - Processing /home/airflow/.local/lib/python3.8/site-packages/airflow/example_dags/example_sensor_decorator.py took 0.074 seconds
[2023-09-19T13:53:58.036+0000] {processor.py:157} INFO - Started process (PID=5765) to work on /home/airflow/.local/lib/python3.8/site-packages/airflow/example_dags/example_sensor_decorator.py
[2023-09-19T13:53:58.037+0000] {processor.py:829} INFO - Processing file /home/airflow/.local/lib/python3.8/site-packages/airflow/example_dags/example_sensor_decorator.py for tasks to queue
[2023-09-19T13:53:58.038+0000] {logging_mixin.py:151} INFO - [2023-09-19T13:53:58.038+0000] {dagbag.py:539} INFO - Filling up the DagBag from /home/airflow/.local/lib/python3.8/site-packages/airflow/example_dags/example_sensor_decorator.py
[2023-09-19T13:53:58.044+0000] {processor.py:839} INFO - DAG(s) dict_keys(['example_sensor_decorator']) retrieved from /home/airflow/.local/lib/python3.8/site-packages/airflow/example_dags/example_sensor_decorator.py
[2023-09-19T13:53:58.061+0000] {logging_mixin.py:151} INFO - [2023-09-19T13:53:58.060+0000] {dag.py:2915} INFO - Sync 1 DAGs
[2023-09-19T13:53:58.070+0000] {logging_mixin.py:151} INFO - [2023-09-19T13:53:58.070+0000] {dag.py:3696} INFO - Setting next_dagrun for example_sensor_decorator to None, run_after=None
[2023-09-19T13:53:58.088+0000] {processor.py:179} INFO - Processing /home/airflow/.local/lib/python3.8/site-packages/airflow/example_dags/example_sensor_decorator.py took 0.055 seconds
[2023-09-19T13:54:28.385+0000] {processor.py:157} INFO - Started process (PID=6003) to work on /home/airflow/.local/lib/python3.8/site-packages/airflow/example_dags/example_sensor_decorator.py
[2023-09-19T13:54:28.386+0000] {processor.py:829} INFO - Processing file /home/airflow/.local/lib/python3.8/site-packages/airflow/example_dags/example_sensor_decorator.py for tasks to queue
[2023-09-19T13:54:28.387+0000] {logging_mixin.py:151} INFO - [2023-09-19T13:54:28.386+0000] {dagbag.py:539} INFO - Filling up the DagBag from /home/airflow/.local/lib/python3.8/site-packages/airflow/example_dags/example_sensor_decorator.py
[2023-09-19T13:54:28.393+0000] {processor.py:839} INFO - DAG(s) dict_keys(['example_sensor_decorator']) retrieved from /home/airflow/.local/lib/python3.8/site-packages/airflow/example_dags/example_sensor_decorator.py
[2023-09-19T13:54:28.409+0000] {logging_mixin.py:151} INFO - [2023-09-19T13:54:28.408+0000] {dag.py:2915} INFO - Sync 1 DAGs
[2023-09-19T13:54:28.419+0000] {logging_mixin.py:151} INFO - [2023-09-19T13:54:28.419+0000] {dag.py:3696} INFO - Setting next_dagrun for example_sensor_decorator to None, run_after=None
[2023-09-19T13:54:28.440+0000] {processor.py:179} INFO - Processing /home/airflow/.local/lib/python3.8/site-packages/airflow/example_dags/example_sensor_decorator.py took 0.058 seconds
[2023-09-19T13:54:58.805+0000] {processor.py:157} INFO - Started process (PID=6241) to work on /home/airflow/.local/lib/python3.8/site-packages/airflow/example_dags/example_sensor_decorator.py
[2023-09-19T13:54:58.806+0000] {processor.py:829} INFO - Processing file /home/airflow/.local/lib/python3.8/site-packages/airflow/example_dags/example_sensor_decorator.py for tasks to queue
[2023-09-19T13:54:58.807+0000] {logging_mixin.py:151} INFO - [2023-09-19T13:54:58.807+0000] {dagbag.py:539} INFO - Filling up the DagBag from /home/airflow/.local/lib/python3.8/site-packages/airflow/example_dags/example_sensor_decorator.py
[2023-09-19T13:54:58.815+0000] {processor.py:839} INFO - DAG(s) dict_keys(['example_sensor_decorator']) retrieved from /home/airflow/.local/lib/python3.8/site-packages/airflow/example_dags/example_sensor_decorator.py
[2023-09-19T13:54:58.831+0000] {logging_mixin.py:151} INFO - [2023-09-19T13:54:58.831+0000] {dag.py:2915} INFO - Sync 1 DAGs
[2023-09-19T13:54:58.840+0000] {logging_mixin.py:151} INFO - [2023-09-19T13:54:58.840+0000] {dag.py:3696} INFO - Setting next_dagrun for example_sensor_decorator to None, run_after=None
[2023-09-19T13:54:58.858+0000] {processor.py:179} INFO - Processing /home/airflow/.local/lib/python3.8/site-packages/airflow/example_dags/example_sensor_decorator.py took 0.055 seconds
[2023-09-19T13:55:28.996+0000] {processor.py:157} INFO - Started process (PID=6479) to work on /home/airflow/.local/lib/python3.8/site-packages/airflow/example_dags/example_sensor_decorator.py
[2023-09-19T13:55:28.998+0000] {processor.py:829} INFO - Processing file /home/airflow/.local/lib/python3.8/site-packages/airflow/example_dags/example_sensor_decorator.py for tasks to queue
[2023-09-19T13:55:28.999+0000] {logging_mixin.py:151} INFO - [2023-09-19T13:55:28.999+0000] {dagbag.py:539} INFO - Filling up the DagBag from /home/airflow/.local/lib/python3.8/site-packages/airflow/example_dags/example_sensor_decorator.py
[2023-09-19T13:55:29.005+0000] {processor.py:839} INFO - DAG(s) dict_keys(['example_sensor_decorator']) retrieved from /home/airflow/.local/lib/python3.8/site-packages/airflow/example_dags/example_sensor_decorator.py
[2023-09-19T13:55:29.021+0000] {logging_mixin.py:151} INFO - [2023-09-19T13:55:29.021+0000] {dag.py:2915} INFO - Sync 1 DAGs
[2023-09-19T13:55:29.031+0000] {logging_mixin.py:151} INFO - [2023-09-19T13:55:29.030+0000] {dag.py:3696} INFO - Setting next_dagrun for example_sensor_decorator to None, run_after=None
[2023-09-19T13:55:29.054+0000] {processor.py:179} INFO - Processing /home/airflow/.local/lib/python3.8/site-packages/airflow/example_dags/example_sensor_decorator.py took 0.061 seconds
[2023-09-19T13:55:59.109+0000] {processor.py:157} INFO - Started process (PID=6712) to work on /home/airflow/.local/lib/python3.8/site-packages/airflow/example_dags/example_sensor_decorator.py
[2023-09-19T13:55:59.111+0000] {processor.py:829} INFO - Processing file /home/airflow/.local/lib/python3.8/site-packages/airflow/example_dags/example_sensor_decorator.py for tasks to queue
[2023-09-19T13:55:59.112+0000] {logging_mixin.py:151} INFO - [2023-09-19T13:55:59.112+0000] {dagbag.py:539} INFO - Filling up the DagBag from /home/airflow/.local/lib/python3.8/site-packages/airflow/example_dags/example_sensor_decorator.py
[2023-09-19T13:55:59.117+0000] {processor.py:839} INFO - DAG(s) dict_keys(['example_sensor_decorator']) retrieved from /home/airflow/.local/lib/python3.8/site-packages/airflow/example_dags/example_sensor_decorator.py
[2023-09-19T13:55:59.136+0000] {logging_mixin.py:151} INFO - [2023-09-19T13:55:59.136+0000] {dag.py:2915} INFO - Sync 1 DAGs
[2023-09-19T13:55:59.146+0000] {logging_mixin.py:151} INFO - [2023-09-19T13:55:59.146+0000] {dag.py:3696} INFO - Setting next_dagrun for example_sensor_decorator to None, run_after=None
[2023-09-19T13:55:59.163+0000] {processor.py:179} INFO - Processing /home/airflow/.local/lib/python3.8/site-packages/airflow/example_dags/example_sensor_decorator.py took 0.056 seconds
[2023-09-19T13:56:29.296+0000] {processor.py:157} INFO - Started process (PID=6950) to work on /home/airflow/.local/lib/python3.8/site-packages/airflow/example_dags/example_sensor_decorator.py
[2023-09-19T13:56:29.297+0000] {processor.py:829} INFO - Processing file /home/airflow/.local/lib/python3.8/site-packages/airflow/example_dags/example_sensor_decorator.py for tasks to queue
[2023-09-19T13:56:29.298+0000] {logging_mixin.py:151} INFO - [2023-09-19T13:56:29.298+0000] {dagbag.py:539} INFO - Filling up the DagBag from /home/airflow/.local/lib/python3.8/site-packages/airflow/example_dags/example_sensor_decorator.py
[2023-09-19T13:56:29.303+0000] {processor.py:839} INFO - DAG(s) dict_keys(['example_sensor_decorator']) retrieved from /home/airflow/.local/lib/python3.8/site-packages/airflow/example_dags/example_sensor_decorator.py
[2023-09-19T13:56:29.321+0000] {logging_mixin.py:151} INFO - [2023-09-19T13:56:29.320+0000] {dag.py:2915} INFO - Sync 1 DAGs
[2023-09-19T13:56:29.334+0000] {logging_mixin.py:151} INFO - [2023-09-19T13:56:29.334+0000] {dag.py:3696} INFO - Setting next_dagrun for example_sensor_decorator to None, run_after=None
[2023-09-19T13:56:29.353+0000] {processor.py:179} INFO - Processing /home/airflow/.local/lib/python3.8/site-packages/airflow/example_dags/example_sensor_decorator.py took 0.059 seconds
[2023-09-19T13:56:59.585+0000] {processor.py:157} INFO - Started process (PID=7188) to work on /home/airflow/.local/lib/python3.8/site-packages/airflow/example_dags/example_sensor_decorator.py
[2023-09-19T13:56:59.585+0000] {processor.py:829} INFO - Processing file /home/airflow/.local/lib/python3.8/site-packages/airflow/example_dags/example_sensor_decorator.py for tasks to queue
[2023-09-19T13:56:59.586+0000] {logging_mixin.py:151} INFO - [2023-09-19T13:56:59.586+0000] {dagbag.py:539} INFO - Filling up the DagBag from /home/airflow/.local/lib/python3.8/site-packages/airflow/example_dags/example_sensor_decorator.py
[2023-09-19T13:56:59.591+0000] {processor.py:839} INFO - DAG(s) dict_keys(['example_sensor_decorator']) retrieved from /home/airflow/.local/lib/python3.8/site-packages/airflow/example_dags/example_sensor_decorator.py
[2023-09-19T13:56:59.611+0000] {logging_mixin.py:151} INFO - [2023-09-19T13:56:59.610+0000] {dag.py:2915} INFO - Sync 1 DAGs
[2023-09-19T13:56:59.623+0000] {logging_mixin.py:151} INFO - [2023-09-19T13:56:59.622+0000] {dag.py:3696} INFO - Setting next_dagrun for example_sensor_decorator to None, run_after=None
[2023-09-19T13:56:59.640+0000] {processor.py:179} INFO - Processing /home/airflow/.local/lib/python3.8/site-packages/airflow/example_dags/example_sensor_decorator.py took 0.058 seconds
[2023-09-19T13:57:30.125+0000] {processor.py:157} INFO - Started process (PID=7426) to work on /home/airflow/.local/lib/python3.8/site-packages/airflow/example_dags/example_sensor_decorator.py
[2023-09-19T13:57:30.126+0000] {processor.py:829} INFO - Processing file /home/airflow/.local/lib/python3.8/site-packages/airflow/example_dags/example_sensor_decorator.py for tasks to queue
[2023-09-19T13:57:30.127+0000] {logging_mixin.py:151} INFO - [2023-09-19T13:57:30.127+0000] {dagbag.py:539} INFO - Filling up the DagBag from /home/airflow/.local/lib/python3.8/site-packages/airflow/example_dags/example_sensor_decorator.py
[2023-09-19T13:57:30.134+0000] {processor.py:839} INFO - DAG(s) dict_keys(['example_sensor_decorator']) retrieved from /home/airflow/.local/lib/python3.8/site-packages/airflow/example_dags/example_sensor_decorator.py
[2023-09-19T13:57:30.151+0000] {logging_mixin.py:151} INFO - [2023-09-19T13:57:30.151+0000] {dag.py:2915} INFO - Sync 1 DAGs
[2023-09-19T13:57:30.162+0000] {logging_mixin.py:151} INFO - [2023-09-19T13:57:30.162+0000] {dag.py:3696} INFO - Setting next_dagrun for example_sensor_decorator to None, run_after=None
[2023-09-19T13:57:30.185+0000] {processor.py:179} INFO - Processing /home/airflow/.local/lib/python3.8/site-packages/airflow/example_dags/example_sensor_decorator.py took 0.062 seconds
[2023-09-19T13:58:00.423+0000] {processor.py:157} INFO - Started process (PID=7667) to work on /home/airflow/.local/lib/python3.8/site-packages/airflow/example_dags/example_sensor_decorator.py
[2023-09-19T13:58:00.424+0000] {processor.py:829} INFO - Processing file /home/airflow/.local/lib/python3.8/site-packages/airflow/example_dags/example_sensor_decorator.py for tasks to queue
[2023-09-19T13:58:00.425+0000] {logging_mixin.py:151} INFO - [2023-09-19T13:58:00.425+0000] {dagbag.py:539} INFO - Filling up the DagBag from /home/airflow/.local/lib/python3.8/site-packages/airflow/example_dags/example_sensor_decorator.py
[2023-09-19T13:58:00.429+0000] {processor.py:839} INFO - DAG(s) dict_keys(['example_sensor_decorator']) retrieved from /home/airflow/.local/lib/python3.8/site-packages/airflow/example_dags/example_sensor_decorator.py
[2023-09-19T13:58:00.449+0000] {logging_mixin.py:151} INFO - [2023-09-19T13:58:00.449+0000] {dag.py:2915} INFO - Sync 1 DAGs
[2023-09-19T13:58:00.459+0000] {logging_mixin.py:151} INFO - [2023-09-19T13:58:00.459+0000] {dag.py:3696} INFO - Setting next_dagrun for example_sensor_decorator to None, run_after=None
[2023-09-19T13:58:00.476+0000] {processor.py:179} INFO - Processing /home/airflow/.local/lib/python3.8/site-packages/airflow/example_dags/example_sensor_decorator.py took 0.055 seconds
[2023-09-19T13:58:30.703+0000] {processor.py:157} INFO - Started process (PID=7903) to work on /home/airflow/.local/lib/python3.8/site-packages/airflow/example_dags/example_sensor_decorator.py
[2023-09-19T13:58:30.704+0000] {processor.py:829} INFO - Processing file /home/airflow/.local/lib/python3.8/site-packages/airflow/example_dags/example_sensor_decorator.py for tasks to queue
[2023-09-19T13:58:30.705+0000] {logging_mixin.py:151} INFO - [2023-09-19T13:58:30.705+0000] {dagbag.py:539} INFO - Filling up the DagBag from /home/airflow/.local/lib/python3.8/site-packages/airflow/example_dags/example_sensor_decorator.py
[2023-09-19T13:58:30.709+0000] {processor.py:839} INFO - DAG(s) dict_keys(['example_sensor_decorator']) retrieved from /home/airflow/.local/lib/python3.8/site-packages/airflow/example_dags/example_sensor_decorator.py
[2023-09-19T13:58:30.726+0000] {logging_mixin.py:151} INFO - [2023-09-19T13:58:30.726+0000] {dag.py:2915} INFO - Sync 1 DAGs
[2023-09-19T13:58:30.737+0000] {logging_mixin.py:151} INFO - [2023-09-19T13:58:30.736+0000] {dag.py:3696} INFO - Setting next_dagrun for example_sensor_decorator to None, run_after=None
[2023-09-19T13:58:30.760+0000] {processor.py:179} INFO - Processing /home/airflow/.local/lib/python3.8/site-packages/airflow/example_dags/example_sensor_decorator.py took 0.061 seconds
[2023-09-19T13:59:00.911+0000] {processor.py:157} INFO - Started process (PID=8141) to work on /home/airflow/.local/lib/python3.8/site-packages/airflow/example_dags/example_sensor_decorator.py
[2023-09-19T13:59:00.912+0000] {processor.py:829} INFO - Processing file /home/airflow/.local/lib/python3.8/site-packages/airflow/example_dags/example_sensor_decorator.py for tasks to queue
[2023-09-19T13:59:00.912+0000] {logging_mixin.py:151} INFO - [2023-09-19T13:59:00.912+0000] {dagbag.py:539} INFO - Filling up the DagBag from /home/airflow/.local/lib/python3.8/site-packages/airflow/example_dags/example_sensor_decorator.py
[2023-09-19T13:59:00.919+0000] {processor.py:839} INFO - DAG(s) dict_keys(['example_sensor_decorator']) retrieved from /home/airflow/.local/lib/python3.8/site-packages/airflow/example_dags/example_sensor_decorator.py
[2023-09-19T13:59:00.937+0000] {logging_mixin.py:151} INFO - [2023-09-19T13:59:00.937+0000] {dag.py:2915} INFO - Sync 1 DAGs
[2023-09-19T13:59:00.947+0000] {logging_mixin.py:151} INFO - [2023-09-19T13:59:00.946+0000] {dag.py:3696} INFO - Setting next_dagrun for example_sensor_decorator to None, run_after=None
[2023-09-19T13:59:00.962+0000] {processor.py:179} INFO - Processing /home/airflow/.local/lib/python3.8/site-packages/airflow/example_dags/example_sensor_decorator.py took 0.053 seconds
[2023-09-19T13:59:31.051+0000] {processor.py:157} INFO - Started process (PID=8379) to work on /home/airflow/.local/lib/python3.8/site-packages/airflow/example_dags/example_sensor_decorator.py
[2023-09-19T13:59:31.052+0000] {processor.py:829} INFO - Processing file /home/airflow/.local/lib/python3.8/site-packages/airflow/example_dags/example_sensor_decorator.py for tasks to queue
[2023-09-19T13:59:31.053+0000] {logging_mixin.py:151} INFO - [2023-09-19T13:59:31.052+0000] {dagbag.py:539} INFO - Filling up the DagBag from /home/airflow/.local/lib/python3.8/site-packages/airflow/example_dags/example_sensor_decorator.py
[2023-09-19T13:59:31.059+0000] {processor.py:839} INFO - DAG(s) dict_keys(['example_sensor_decorator']) retrieved from /home/airflow/.local/lib/python3.8/site-packages/airflow/example_dags/example_sensor_decorator.py
[2023-09-19T13:59:31.079+0000] {logging_mixin.py:151} INFO - [2023-09-19T13:59:31.079+0000] {dag.py:2915} INFO - Sync 1 DAGs
[2023-09-19T13:59:31.088+0000] {logging_mixin.py:151} INFO - [2023-09-19T13:59:31.088+0000] {dag.py:3696} INFO - Setting next_dagrun for example_sensor_decorator to None, run_after=None
[2023-09-19T13:59:31.103+0000] {processor.py:179} INFO - Processing /home/airflow/.local/lib/python3.8/site-packages/airflow/example_dags/example_sensor_decorator.py took 0.054 seconds
