[2023-09-19T13:42:07.216+0000] {processor.py:157} INFO - Started process (PID=180) to work on /home/airflow/.local/lib/python3.8/site-packages/airflow/example_dags/tutorial_taskflow_api.py
[2023-09-19T13:42:07.218+0000] {processor.py:829} INFO - Processing file /home/airflow/.local/lib/python3.8/site-packages/airflow/example_dags/tutorial_taskflow_api.py for tasks to queue
[2023-09-19T13:42:07.219+0000] {logging_mixin.py:151} INFO - [2023-09-19T13:42:07.218+0000] {dagbag.py:539} INFO - Filling up the DagBag from /home/airflow/.local/lib/python3.8/site-packages/airflow/example_dags/tutorial_taskflow_api.py
[2023-09-19T13:42:07.232+0000] {processor.py:839} INFO - DAG(s) dict_keys(['tutorial_taskflow_api']) retrieved from /home/airflow/.local/lib/python3.8/site-packages/airflow/example_dags/tutorial_taskflow_api.py
[2023-09-19T13:42:07.258+0000] {logging_mixin.py:151} INFO - [2023-09-19T13:42:07.257+0000] {dag.py:2915} INFO - Sync 1 DAGs
[2023-09-19T13:42:07.268+0000] {logging_mixin.py:151} INFO - [2023-09-19T13:42:07.268+0000] {dag.py:3696} INFO - Setting next_dagrun for tutorial_taskflow_api to None, run_after=None
[2023-09-19T13:42:07.291+0000] {processor.py:179} INFO - Processing /home/airflow/.local/lib/python3.8/site-packages/airflow/example_dags/tutorial_taskflow_api.py took 0.080 seconds
[2023-09-19T13:42:45.167+0000] {processor.py:157} INFO - Started process (PID=418) to work on /home/airflow/.local/lib/python3.8/site-packages/airflow/example_dags/tutorial_taskflow_api.py
[2023-09-19T13:42:45.168+0000] {processor.py:829} INFO - Processing file /home/airflow/.local/lib/python3.8/site-packages/airflow/example_dags/tutorial_taskflow_api.py for tasks to queue
[2023-09-19T13:42:45.168+0000] {logging_mixin.py:151} INFO - [2023-09-19T13:42:45.168+0000] {dagbag.py:539} INFO - Filling up the DagBag from /home/airflow/.local/lib/python3.8/site-packages/airflow/example_dags/tutorial_taskflow_api.py
[2023-09-19T13:42:45.173+0000] {processor.py:839} INFO - DAG(s) dict_keys(['tutorial_taskflow_api']) retrieved from /home/airflow/.local/lib/python3.8/site-packages/airflow/example_dags/tutorial_taskflow_api.py
[2023-09-19T13:42:45.239+0000] {logging_mixin.py:151} INFO - [2023-09-19T13:42:45.238+0000] {dag.py:2915} INFO - Sync 1 DAGs
[2023-09-19T13:42:45.249+0000] {logging_mixin.py:151} INFO - [2023-09-19T13:42:45.249+0000] {dag.py:3696} INFO - Setting next_dagrun for tutorial_taskflow_api to None, run_after=None
[2023-09-19T13:42:45.272+0000] {processor.py:179} INFO - Processing /home/airflow/.local/lib/python3.8/site-packages/airflow/example_dags/tutorial_taskflow_api.py took 0.107 seconds
[2023-09-19T13:43:15.596+0000] {processor.py:157} INFO - Started process (PID=656) to work on /home/airflow/.local/lib/python3.8/site-packages/airflow/example_dags/tutorial_taskflow_api.py
[2023-09-19T13:43:15.597+0000] {processor.py:829} INFO - Processing file /home/airflow/.local/lib/python3.8/site-packages/airflow/example_dags/tutorial_taskflow_api.py for tasks to queue
[2023-09-19T13:43:15.597+0000] {logging_mixin.py:151} INFO - [2023-09-19T13:43:15.597+0000] {dagbag.py:539} INFO - Filling up the DagBag from /home/airflow/.local/lib/python3.8/site-packages/airflow/example_dags/tutorial_taskflow_api.py
[2023-09-19T13:43:15.602+0000] {processor.py:839} INFO - DAG(s) dict_keys(['tutorial_taskflow_api']) retrieved from /home/airflow/.local/lib/python3.8/site-packages/airflow/example_dags/tutorial_taskflow_api.py
[2023-09-19T13:43:15.727+0000] {logging_mixin.py:151} INFO - [2023-09-19T13:43:15.727+0000] {dag.py:2915} INFO - Sync 1 DAGs
[2023-09-19T13:43:15.735+0000] {logging_mixin.py:151} INFO - [2023-09-19T13:43:15.735+0000] {dag.py:3696} INFO - Setting next_dagrun for tutorial_taskflow_api to None, run_after=None
[2023-09-19T13:43:15.800+0000] {processor.py:179} INFO - Processing /home/airflow/.local/lib/python3.8/site-packages/airflow/example_dags/tutorial_taskflow_api.py took 0.207 seconds
[2023-09-19T13:43:46.763+0000] {processor.py:157} INFO - Started process (PID=894) to work on /home/airflow/.local/lib/python3.8/site-packages/airflow/example_dags/tutorial_taskflow_api.py
[2023-09-19T13:43:46.763+0000] {processor.py:829} INFO - Processing file /home/airflow/.local/lib/python3.8/site-packages/airflow/example_dags/tutorial_taskflow_api.py for tasks to queue
[2023-09-19T13:43:46.764+0000] {logging_mixin.py:151} INFO - [2023-09-19T13:43:46.764+0000] {dagbag.py:539} INFO - Filling up the DagBag from /home/airflow/.local/lib/python3.8/site-packages/airflow/example_dags/tutorial_taskflow_api.py
[2023-09-19T13:43:46.768+0000] {processor.py:839} INFO - DAG(s) dict_keys(['tutorial_taskflow_api']) retrieved from /home/airflow/.local/lib/python3.8/site-packages/airflow/example_dags/tutorial_taskflow_api.py
[2023-09-19T13:43:46.784+0000] {logging_mixin.py:151} INFO - [2023-09-19T13:43:46.784+0000] {dag.py:2915} INFO - Sync 1 DAGs
[2023-09-19T13:43:46.792+0000] {logging_mixin.py:151} INFO - [2023-09-19T13:43:46.792+0000] {dag.py:3696} INFO - Setting next_dagrun for tutorial_taskflow_api to None, run_after=None
[2023-09-19T13:43:46.807+0000] {processor.py:179} INFO - Processing /home/airflow/.local/lib/python3.8/site-packages/airflow/example_dags/tutorial_taskflow_api.py took 0.046 seconds
[2023-09-19T13:44:17.067+0000] {processor.py:157} INFO - Started process (PID=1132) to work on /home/airflow/.local/lib/python3.8/site-packages/airflow/example_dags/tutorial_taskflow_api.py
[2023-09-19T13:44:17.069+0000] {processor.py:829} INFO - Processing file /home/airflow/.local/lib/python3.8/site-packages/airflow/example_dags/tutorial_taskflow_api.py for tasks to queue
[2023-09-19T13:44:17.070+0000] {logging_mixin.py:151} INFO - [2023-09-19T13:44:17.070+0000] {dagbag.py:539} INFO - Filling up the DagBag from /home/airflow/.local/lib/python3.8/site-packages/airflow/example_dags/tutorial_taskflow_api.py
[2023-09-19T13:44:17.074+0000] {processor.py:839} INFO - DAG(s) dict_keys(['tutorial_taskflow_api']) retrieved from /home/airflow/.local/lib/python3.8/site-packages/airflow/example_dags/tutorial_taskflow_api.py
[2023-09-19T13:44:17.086+0000] {logging_mixin.py:151} INFO - [2023-09-19T13:44:17.086+0000] {dag.py:2915} INFO - Sync 1 DAGs
[2023-09-19T13:44:17.094+0000] {logging_mixin.py:151} INFO - [2023-09-19T13:44:17.094+0000] {dag.py:3696} INFO - Setting next_dagrun for tutorial_taskflow_api to None, run_after=None
[2023-09-19T13:44:17.111+0000] {processor.py:179} INFO - Processing /home/airflow/.local/lib/python3.8/site-packages/airflow/example_dags/tutorial_taskflow_api.py took 0.046 seconds
[2023-09-19T13:44:47.273+0000] {processor.py:157} INFO - Started process (PID=1370) to work on /home/airflow/.local/lib/python3.8/site-packages/airflow/example_dags/tutorial_taskflow_api.py
[2023-09-19T13:44:47.275+0000] {processor.py:829} INFO - Processing file /home/airflow/.local/lib/python3.8/site-packages/airflow/example_dags/tutorial_taskflow_api.py for tasks to queue
[2023-09-19T13:44:47.276+0000] {logging_mixin.py:151} INFO - [2023-09-19T13:44:47.276+0000] {dagbag.py:539} INFO - Filling up the DagBag from /home/airflow/.local/lib/python3.8/site-packages/airflow/example_dags/tutorial_taskflow_api.py
[2023-09-19T13:44:47.282+0000] {processor.py:839} INFO - DAG(s) dict_keys(['tutorial_taskflow_api']) retrieved from /home/airflow/.local/lib/python3.8/site-packages/airflow/example_dags/tutorial_taskflow_api.py
[2023-09-19T13:44:47.300+0000] {logging_mixin.py:151} INFO - [2023-09-19T13:44:47.299+0000] {dag.py:2915} INFO - Sync 1 DAGs
[2023-09-19T13:44:47.308+0000] {logging_mixin.py:151} INFO - [2023-09-19T13:44:47.308+0000] {dag.py:3696} INFO - Setting next_dagrun for tutorial_taskflow_api to None, run_after=None
[2023-09-19T13:44:47.325+0000] {processor.py:179} INFO - Processing /home/airflow/.local/lib/python3.8/site-packages/airflow/example_dags/tutorial_taskflow_api.py took 0.055 seconds
[2023-09-19T13:45:17.859+0000] {processor.py:157} INFO - Started process (PID=1609) to work on /home/airflow/.local/lib/python3.8/site-packages/airflow/example_dags/tutorial_taskflow_api.py
[2023-09-19T13:45:17.860+0000] {processor.py:829} INFO - Processing file /home/airflow/.local/lib/python3.8/site-packages/airflow/example_dags/tutorial_taskflow_api.py for tasks to queue
[2023-09-19T13:45:17.861+0000] {logging_mixin.py:151} INFO - [2023-09-19T13:45:17.861+0000] {dagbag.py:539} INFO - Filling up the DagBag from /home/airflow/.local/lib/python3.8/site-packages/airflow/example_dags/tutorial_taskflow_api.py
[2023-09-19T13:45:17.866+0000] {processor.py:839} INFO - DAG(s) dict_keys(['tutorial_taskflow_api']) retrieved from /home/airflow/.local/lib/python3.8/site-packages/airflow/example_dags/tutorial_taskflow_api.py
[2023-09-19T13:45:17.874+0000] {logging_mixin.py:151} INFO - [2023-09-19T13:45:17.874+0000] {dag.py:2915} INFO - Sync 1 DAGs
[2023-09-19T13:45:17.885+0000] {logging_mixin.py:151} INFO - [2023-09-19T13:45:17.885+0000] {dag.py:3696} INFO - Setting next_dagrun for tutorial_taskflow_api to None, run_after=None
[2023-09-19T13:45:17.905+0000] {processor.py:179} INFO - Processing /home/airflow/.local/lib/python3.8/site-packages/airflow/example_dags/tutorial_taskflow_api.py took 0.048 seconds
[2023-09-19T13:45:48.383+0000] {processor.py:157} INFO - Started process (PID=1847) to work on /home/airflow/.local/lib/python3.8/site-packages/airflow/example_dags/tutorial_taskflow_api.py
[2023-09-19T13:45:48.384+0000] {processor.py:829} INFO - Processing file /home/airflow/.local/lib/python3.8/site-packages/airflow/example_dags/tutorial_taskflow_api.py for tasks to queue
[2023-09-19T13:45:48.384+0000] {logging_mixin.py:151} INFO - [2023-09-19T13:45:48.384+0000] {dagbag.py:539} INFO - Filling up the DagBag from /home/airflow/.local/lib/python3.8/site-packages/airflow/example_dags/tutorial_taskflow_api.py
[2023-09-19T13:45:48.389+0000] {processor.py:839} INFO - DAG(s) dict_keys(['tutorial_taskflow_api']) retrieved from /home/airflow/.local/lib/python3.8/site-packages/airflow/example_dags/tutorial_taskflow_api.py
[2023-09-19T13:45:48.406+0000] {logging_mixin.py:151} INFO - [2023-09-19T13:45:48.406+0000] {dag.py:2915} INFO - Sync 1 DAGs
[2023-09-19T13:45:48.414+0000] {logging_mixin.py:151} INFO - [2023-09-19T13:45:48.414+0000] {dag.py:3696} INFO - Setting next_dagrun for tutorial_taskflow_api to None, run_after=None
[2023-09-19T13:45:48.429+0000] {processor.py:179} INFO - Processing /home/airflow/.local/lib/python3.8/site-packages/airflow/example_dags/tutorial_taskflow_api.py took 0.048 seconds
[2023-09-19T13:46:18.788+0000] {processor.py:157} INFO - Started process (PID=2085) to work on /home/airflow/.local/lib/python3.8/site-packages/airflow/example_dags/tutorial_taskflow_api.py
[2023-09-19T13:46:18.789+0000] {processor.py:829} INFO - Processing file /home/airflow/.local/lib/python3.8/site-packages/airflow/example_dags/tutorial_taskflow_api.py for tasks to queue
[2023-09-19T13:46:18.790+0000] {logging_mixin.py:151} INFO - [2023-09-19T13:46:18.790+0000] {dagbag.py:539} INFO - Filling up the DagBag from /home/airflow/.local/lib/python3.8/site-packages/airflow/example_dags/tutorial_taskflow_api.py
[2023-09-19T13:46:18.796+0000] {processor.py:839} INFO - DAG(s) dict_keys(['tutorial_taskflow_api']) retrieved from /home/airflow/.local/lib/python3.8/site-packages/airflow/example_dags/tutorial_taskflow_api.py
[2023-09-19T13:46:18.810+0000] {logging_mixin.py:151} INFO - [2023-09-19T13:46:18.810+0000] {dag.py:2915} INFO - Sync 1 DAGs
[2023-09-19T13:46:18.820+0000] {logging_mixin.py:151} INFO - [2023-09-19T13:46:18.820+0000] {dag.py:3696} INFO - Setting next_dagrun for tutorial_taskflow_api to None, run_after=None
[2023-09-19T13:46:18.839+0000] {processor.py:179} INFO - Processing /home/airflow/.local/lib/python3.8/site-packages/airflow/example_dags/tutorial_taskflow_api.py took 0.054 seconds
[2023-09-19T13:46:49.358+0000] {processor.py:157} INFO - Started process (PID=2323) to work on /home/airflow/.local/lib/python3.8/site-packages/airflow/example_dags/tutorial_taskflow_api.py
[2023-09-19T13:46:49.360+0000] {processor.py:829} INFO - Processing file /home/airflow/.local/lib/python3.8/site-packages/airflow/example_dags/tutorial_taskflow_api.py for tasks to queue
[2023-09-19T13:46:49.361+0000] {logging_mixin.py:151} INFO - [2023-09-19T13:46:49.361+0000] {dagbag.py:539} INFO - Filling up the DagBag from /home/airflow/.local/lib/python3.8/site-packages/airflow/example_dags/tutorial_taskflow_api.py
[2023-09-19T13:46:49.371+0000] {processor.py:839} INFO - DAG(s) dict_keys(['tutorial_taskflow_api']) retrieved from /home/airflow/.local/lib/python3.8/site-packages/airflow/example_dags/tutorial_taskflow_api.py
[2023-09-19T13:46:49.399+0000] {logging_mixin.py:151} INFO - [2023-09-19T13:46:49.399+0000] {dag.py:2915} INFO - Sync 1 DAGs
[2023-09-19T13:46:49.417+0000] {logging_mixin.py:151} INFO - [2023-09-19T13:46:49.416+0000] {dag.py:3696} INFO - Setting next_dagrun for tutorial_taskflow_api to None, run_after=None
[2023-09-19T13:46:49.446+0000] {processor.py:179} INFO - Processing /home/airflow/.local/lib/python3.8/site-packages/airflow/example_dags/tutorial_taskflow_api.py took 0.097 seconds
[2023-09-19T13:47:19.643+0000] {processor.py:157} INFO - Started process (PID=2561) to work on /home/airflow/.local/lib/python3.8/site-packages/airflow/example_dags/tutorial_taskflow_api.py
[2023-09-19T13:47:19.645+0000] {processor.py:829} INFO - Processing file /home/airflow/.local/lib/python3.8/site-packages/airflow/example_dags/tutorial_taskflow_api.py for tasks to queue
[2023-09-19T13:47:19.646+0000] {logging_mixin.py:151} INFO - [2023-09-19T13:47:19.646+0000] {dagbag.py:539} INFO - Filling up the DagBag from /home/airflow/.local/lib/python3.8/site-packages/airflow/example_dags/tutorial_taskflow_api.py
[2023-09-19T13:47:19.655+0000] {processor.py:839} INFO - DAG(s) dict_keys(['tutorial_taskflow_api']) retrieved from /home/airflow/.local/lib/python3.8/site-packages/airflow/example_dags/tutorial_taskflow_api.py
[2023-09-19T13:47:19.691+0000] {logging_mixin.py:151} INFO - [2023-09-19T13:47:19.691+0000] {dag.py:2915} INFO - Sync 1 DAGs
[2023-09-19T13:47:19.711+0000] {logging_mixin.py:151} INFO - [2023-09-19T13:47:19.711+0000] {dag.py:3696} INFO - Setting next_dagrun for tutorial_taskflow_api to None, run_after=None
[2023-09-19T13:47:19.769+0000] {processor.py:179} INFO - Processing /home/airflow/.local/lib/python3.8/site-packages/airflow/example_dags/tutorial_taskflow_api.py took 0.131 seconds
[2023-09-19T13:47:50.004+0000] {processor.py:157} INFO - Started process (PID=2799) to work on /home/airflow/.local/lib/python3.8/site-packages/airflow/example_dags/tutorial_taskflow_api.py
[2023-09-19T13:47:50.005+0000] {processor.py:829} INFO - Processing file /home/airflow/.local/lib/python3.8/site-packages/airflow/example_dags/tutorial_taskflow_api.py for tasks to queue
[2023-09-19T13:47:50.005+0000] {logging_mixin.py:151} INFO - [2023-09-19T13:47:50.005+0000] {dagbag.py:539} INFO - Filling up the DagBag from /home/airflow/.local/lib/python3.8/site-packages/airflow/example_dags/tutorial_taskflow_api.py
[2023-09-19T13:47:50.010+0000] {processor.py:839} INFO - DAG(s) dict_keys(['tutorial_taskflow_api']) retrieved from /home/airflow/.local/lib/python3.8/site-packages/airflow/example_dags/tutorial_taskflow_api.py
[2023-09-19T13:47:50.027+0000] {logging_mixin.py:151} INFO - [2023-09-19T13:47:50.027+0000] {dag.py:2915} INFO - Sync 1 DAGs
[2023-09-19T13:47:50.038+0000] {logging_mixin.py:151} INFO - [2023-09-19T13:47:50.038+0000] {dag.py:3696} INFO - Setting next_dagrun for tutorial_taskflow_api to None, run_after=None
[2023-09-19T13:47:50.058+0000] {processor.py:179} INFO - Processing /home/airflow/.local/lib/python3.8/site-packages/airflow/example_dags/tutorial_taskflow_api.py took 0.057 seconds
[2023-09-19T13:48:20.448+0000] {processor.py:157} INFO - Started process (PID=3037) to work on /home/airflow/.local/lib/python3.8/site-packages/airflow/example_dags/tutorial_taskflow_api.py
[2023-09-19T13:48:20.448+0000] {processor.py:829} INFO - Processing file /home/airflow/.local/lib/python3.8/site-packages/airflow/example_dags/tutorial_taskflow_api.py for tasks to queue
[2023-09-19T13:48:20.449+0000] {logging_mixin.py:151} INFO - [2023-09-19T13:48:20.449+0000] {dagbag.py:539} INFO - Filling up the DagBag from /home/airflow/.local/lib/python3.8/site-packages/airflow/example_dags/tutorial_taskflow_api.py
[2023-09-19T13:48:20.455+0000] {processor.py:839} INFO - DAG(s) dict_keys(['tutorial_taskflow_api']) retrieved from /home/airflow/.local/lib/python3.8/site-packages/airflow/example_dags/tutorial_taskflow_api.py
[2023-09-19T13:48:20.476+0000] {logging_mixin.py:151} INFO - [2023-09-19T13:48:20.476+0000] {dag.py:2915} INFO - Sync 1 DAGs
[2023-09-19T13:48:20.486+0000] {logging_mixin.py:151} INFO - [2023-09-19T13:48:20.486+0000] {dag.py:3696} INFO - Setting next_dagrun for tutorial_taskflow_api to None, run_after=None
[2023-09-19T13:48:20.503+0000] {processor.py:179} INFO - Processing /home/airflow/.local/lib/python3.8/site-packages/airflow/example_dags/tutorial_taskflow_api.py took 0.058 seconds
[2023-09-19T13:48:50.862+0000] {processor.py:157} INFO - Started process (PID=3275) to work on /home/airflow/.local/lib/python3.8/site-packages/airflow/example_dags/tutorial_taskflow_api.py
[2023-09-19T13:48:50.863+0000] {processor.py:829} INFO - Processing file /home/airflow/.local/lib/python3.8/site-packages/airflow/example_dags/tutorial_taskflow_api.py for tasks to queue
[2023-09-19T13:48:50.864+0000] {logging_mixin.py:151} INFO - [2023-09-19T13:48:50.864+0000] {dagbag.py:539} INFO - Filling up the DagBag from /home/airflow/.local/lib/python3.8/site-packages/airflow/example_dags/tutorial_taskflow_api.py
[2023-09-19T13:48:50.870+0000] {processor.py:839} INFO - DAG(s) dict_keys(['tutorial_taskflow_api']) retrieved from /home/airflow/.local/lib/python3.8/site-packages/airflow/example_dags/tutorial_taskflow_api.py
[2023-09-19T13:48:50.888+0000] {logging_mixin.py:151} INFO - [2023-09-19T13:48:50.887+0000] {dag.py:2915} INFO - Sync 1 DAGs
[2023-09-19T13:48:50.899+0000] {logging_mixin.py:151} INFO - [2023-09-19T13:48:50.899+0000] {dag.py:3696} INFO - Setting next_dagrun for tutorial_taskflow_api to None, run_after=None
[2023-09-19T13:48:50.919+0000] {processor.py:179} INFO - Processing /home/airflow/.local/lib/python3.8/site-packages/airflow/example_dags/tutorial_taskflow_api.py took 0.059 seconds
[2023-09-19T13:49:21.363+0000] {processor.py:157} INFO - Started process (PID=3513) to work on /home/airflow/.local/lib/python3.8/site-packages/airflow/example_dags/tutorial_taskflow_api.py
[2023-09-19T13:49:21.368+0000] {processor.py:829} INFO - Processing file /home/airflow/.local/lib/python3.8/site-packages/airflow/example_dags/tutorial_taskflow_api.py for tasks to queue
[2023-09-19T13:49:21.369+0000] {logging_mixin.py:151} INFO - [2023-09-19T13:49:21.369+0000] {dagbag.py:539} INFO - Filling up the DagBag from /home/airflow/.local/lib/python3.8/site-packages/airflow/example_dags/tutorial_taskflow_api.py
[2023-09-19T13:49:21.378+0000] {processor.py:839} INFO - DAG(s) dict_keys(['tutorial_taskflow_api']) retrieved from /home/airflow/.local/lib/python3.8/site-packages/airflow/example_dags/tutorial_taskflow_api.py
[2023-09-19T13:49:21.396+0000] {logging_mixin.py:151} INFO - [2023-09-19T13:49:21.396+0000] {dag.py:2915} INFO - Sync 1 DAGs
[2023-09-19T13:49:21.412+0000] {logging_mixin.py:151} INFO - [2023-09-19T13:49:21.412+0000] {dag.py:3696} INFO - Setting next_dagrun for tutorial_taskflow_api to None, run_after=None
[2023-09-19T13:49:21.441+0000] {processor.py:179} INFO - Processing /home/airflow/.local/lib/python3.8/site-packages/airflow/example_dags/tutorial_taskflow_api.py took 0.082 seconds
[2023-09-19T13:49:52.051+0000] {processor.py:157} INFO - Started process (PID=3751) to work on /home/airflow/.local/lib/python3.8/site-packages/airflow/example_dags/tutorial_taskflow_api.py
[2023-09-19T13:49:52.053+0000] {processor.py:829} INFO - Processing file /home/airflow/.local/lib/python3.8/site-packages/airflow/example_dags/tutorial_taskflow_api.py for tasks to queue
[2023-09-19T13:49:52.054+0000] {logging_mixin.py:151} INFO - [2023-09-19T13:49:52.054+0000] {dagbag.py:539} INFO - Filling up the DagBag from /home/airflow/.local/lib/python3.8/site-packages/airflow/example_dags/tutorial_taskflow_api.py
[2023-09-19T13:49:52.062+0000] {processor.py:839} INFO - DAG(s) dict_keys(['tutorial_taskflow_api']) retrieved from /home/airflow/.local/lib/python3.8/site-packages/airflow/example_dags/tutorial_taskflow_api.py
[2023-09-19T13:49:52.079+0000] {logging_mixin.py:151} INFO - [2023-09-19T13:49:52.079+0000] {dag.py:2915} INFO - Sync 1 DAGs
[2023-09-19T13:49:52.090+0000] {logging_mixin.py:151} INFO - [2023-09-19T13:49:52.090+0000] {dag.py:3696} INFO - Setting next_dagrun for tutorial_taskflow_api to None, run_after=None
[2023-09-19T13:49:52.114+0000] {processor.py:179} INFO - Processing /home/airflow/.local/lib/python3.8/site-packages/airflow/example_dags/tutorial_taskflow_api.py took 0.067 seconds
[2023-09-19T13:50:22.611+0000] {processor.py:157} INFO - Started process (PID=3989) to work on /home/airflow/.local/lib/python3.8/site-packages/airflow/example_dags/tutorial_taskflow_api.py
[2023-09-19T13:50:22.612+0000] {processor.py:829} INFO - Processing file /home/airflow/.local/lib/python3.8/site-packages/airflow/example_dags/tutorial_taskflow_api.py for tasks to queue
[2023-09-19T13:50:22.612+0000] {logging_mixin.py:151} INFO - [2023-09-19T13:50:22.612+0000] {dagbag.py:539} INFO - Filling up the DagBag from /home/airflow/.local/lib/python3.8/site-packages/airflow/example_dags/tutorial_taskflow_api.py
[2023-09-19T13:50:22.617+0000] {processor.py:839} INFO - DAG(s) dict_keys(['tutorial_taskflow_api']) retrieved from /home/airflow/.local/lib/python3.8/site-packages/airflow/example_dags/tutorial_taskflow_api.py
[2023-09-19T13:50:22.638+0000] {logging_mixin.py:151} INFO - [2023-09-19T13:50:22.638+0000] {dag.py:2915} INFO - Sync 1 DAGs
[2023-09-19T13:50:22.648+0000] {logging_mixin.py:151} INFO - [2023-09-19T13:50:22.648+0000] {dag.py:3696} INFO - Setting next_dagrun for tutorial_taskflow_api to None, run_after=None
[2023-09-19T13:50:22.666+0000] {processor.py:179} INFO - Processing /home/airflow/.local/lib/python3.8/site-packages/airflow/example_dags/tutorial_taskflow_api.py took 0.059 seconds
[2023-09-19T13:50:53.084+0000] {processor.py:157} INFO - Started process (PID=4226) to work on /home/airflow/.local/lib/python3.8/site-packages/airflow/example_dags/tutorial_taskflow_api.py
[2023-09-19T13:50:53.085+0000] {processor.py:829} INFO - Processing file /home/airflow/.local/lib/python3.8/site-packages/airflow/example_dags/tutorial_taskflow_api.py for tasks to queue
[2023-09-19T13:50:53.086+0000] {logging_mixin.py:151} INFO - [2023-09-19T13:50:53.085+0000] {dagbag.py:539} INFO - Filling up the DagBag from /home/airflow/.local/lib/python3.8/site-packages/airflow/example_dags/tutorial_taskflow_api.py
[2023-09-19T13:50:53.095+0000] {processor.py:839} INFO - DAG(s) dict_keys(['tutorial_taskflow_api']) retrieved from /home/airflow/.local/lib/python3.8/site-packages/airflow/example_dags/tutorial_taskflow_api.py
[2023-09-19T13:50:53.112+0000] {logging_mixin.py:151} INFO - [2023-09-19T13:50:53.112+0000] {dag.py:2915} INFO - Sync 1 DAGs
[2023-09-19T13:50:53.123+0000] {logging_mixin.py:151} INFO - [2023-09-19T13:50:53.123+0000] {dag.py:3696} INFO - Setting next_dagrun for tutorial_taskflow_api to None, run_after=None
[2023-09-19T13:50:53.142+0000] {processor.py:179} INFO - Processing /home/airflow/.local/lib/python3.8/site-packages/airflow/example_dags/tutorial_taskflow_api.py took 0.062 seconds
[2023-09-19T13:51:23.523+0000] {processor.py:157} INFO - Started process (PID=4464) to work on /home/airflow/.local/lib/python3.8/site-packages/airflow/example_dags/tutorial_taskflow_api.py
[2023-09-19T13:51:23.525+0000] {processor.py:829} INFO - Processing file /home/airflow/.local/lib/python3.8/site-packages/airflow/example_dags/tutorial_taskflow_api.py for tasks to queue
[2023-09-19T13:51:23.526+0000] {logging_mixin.py:151} INFO - [2023-09-19T13:51:23.526+0000] {dagbag.py:539} INFO - Filling up the DagBag from /home/airflow/.local/lib/python3.8/site-packages/airflow/example_dags/tutorial_taskflow_api.py
[2023-09-19T13:51:23.530+0000] {processor.py:839} INFO - DAG(s) dict_keys(['tutorial_taskflow_api']) retrieved from /home/airflow/.local/lib/python3.8/site-packages/airflow/example_dags/tutorial_taskflow_api.py
[2023-09-19T13:51:23.549+0000] {logging_mixin.py:151} INFO - [2023-09-19T13:51:23.549+0000] {dag.py:2915} INFO - Sync 1 DAGs
[2023-09-19T13:51:23.563+0000] {logging_mixin.py:151} INFO - [2023-09-19T13:51:23.563+0000] {dag.py:3696} INFO - Setting next_dagrun for tutorial_taskflow_api to None, run_after=None
[2023-09-19T13:51:23.580+0000] {processor.py:179} INFO - Processing /home/airflow/.local/lib/python3.8/site-packages/airflow/example_dags/tutorial_taskflow_api.py took 0.060 seconds
[2023-09-19T13:51:54.010+0000] {processor.py:157} INFO - Started process (PID=4702) to work on /home/airflow/.local/lib/python3.8/site-packages/airflow/example_dags/tutorial_taskflow_api.py
[2023-09-19T13:51:54.011+0000] {processor.py:829} INFO - Processing file /home/airflow/.local/lib/python3.8/site-packages/airflow/example_dags/tutorial_taskflow_api.py for tasks to queue
[2023-09-19T13:51:54.011+0000] {logging_mixin.py:151} INFO - [2023-09-19T13:51:54.011+0000] {dagbag.py:539} INFO - Filling up the DagBag from /home/airflow/.local/lib/python3.8/site-packages/airflow/example_dags/tutorial_taskflow_api.py
[2023-09-19T13:51:54.017+0000] {processor.py:839} INFO - DAG(s) dict_keys(['tutorial_taskflow_api']) retrieved from /home/airflow/.local/lib/python3.8/site-packages/airflow/example_dags/tutorial_taskflow_api.py
[2023-09-19T13:51:54.035+0000] {logging_mixin.py:151} INFO - [2023-09-19T13:51:54.035+0000] {dag.py:2915} INFO - Sync 1 DAGs
[2023-09-19T13:51:54.043+0000] {logging_mixin.py:151} INFO - [2023-09-19T13:51:54.043+0000] {dag.py:3696} INFO - Setting next_dagrun for tutorial_taskflow_api to None, run_after=None
[2023-09-19T13:51:54.059+0000] {processor.py:179} INFO - Processing /home/airflow/.local/lib/python3.8/site-packages/airflow/example_dags/tutorial_taskflow_api.py took 0.052 seconds
[2023-09-19T13:52:24.178+0000] {processor.py:157} INFO - Started process (PID=4940) to work on /home/airflow/.local/lib/python3.8/site-packages/airflow/example_dags/tutorial_taskflow_api.py
[2023-09-19T13:52:24.179+0000] {processor.py:829} INFO - Processing file /home/airflow/.local/lib/python3.8/site-packages/airflow/example_dags/tutorial_taskflow_api.py for tasks to queue
[2023-09-19T13:52:24.180+0000] {logging_mixin.py:151} INFO - [2023-09-19T13:52:24.180+0000] {dagbag.py:539} INFO - Filling up the DagBag from /home/airflow/.local/lib/python3.8/site-packages/airflow/example_dags/tutorial_taskflow_api.py
[2023-09-19T13:52:24.186+0000] {processor.py:839} INFO - DAG(s) dict_keys(['tutorial_taskflow_api']) retrieved from /home/airflow/.local/lib/python3.8/site-packages/airflow/example_dags/tutorial_taskflow_api.py
[2023-09-19T13:52:24.200+0000] {logging_mixin.py:151} INFO - [2023-09-19T13:52:24.200+0000] {dag.py:2915} INFO - Sync 1 DAGs
[2023-09-19T13:52:24.210+0000] {logging_mixin.py:151} INFO - [2023-09-19T13:52:24.210+0000] {dag.py:3696} INFO - Setting next_dagrun for tutorial_taskflow_api to None, run_after=None
[2023-09-19T13:52:24.230+0000] {processor.py:179} INFO - Processing /home/airflow/.local/lib/python3.8/site-packages/airflow/example_dags/tutorial_taskflow_api.py took 0.055 seconds
[2023-09-19T13:52:54.459+0000] {processor.py:157} INFO - Started process (PID=5179) to work on /home/airflow/.local/lib/python3.8/site-packages/airflow/example_dags/tutorial_taskflow_api.py
[2023-09-19T13:52:54.460+0000] {processor.py:829} INFO - Processing file /home/airflow/.local/lib/python3.8/site-packages/airflow/example_dags/tutorial_taskflow_api.py for tasks to queue
[2023-09-19T13:52:54.461+0000] {logging_mixin.py:151} INFO - [2023-09-19T13:52:54.461+0000] {dagbag.py:539} INFO - Filling up the DagBag from /home/airflow/.local/lib/python3.8/site-packages/airflow/example_dags/tutorial_taskflow_api.py
[2023-09-19T13:52:54.466+0000] {processor.py:839} INFO - DAG(s) dict_keys(['tutorial_taskflow_api']) retrieved from /home/airflow/.local/lib/python3.8/site-packages/airflow/example_dags/tutorial_taskflow_api.py
[2023-09-19T13:52:54.485+0000] {logging_mixin.py:151} INFO - [2023-09-19T13:52:54.485+0000] {dag.py:2915} INFO - Sync 1 DAGs
[2023-09-19T13:52:54.495+0000] {logging_mixin.py:151} INFO - [2023-09-19T13:52:54.495+0000] {dag.py:3696} INFO - Setting next_dagrun for tutorial_taskflow_api to None, run_after=None
[2023-09-19T13:52:54.511+0000] {processor.py:179} INFO - Processing /home/airflow/.local/lib/python3.8/site-packages/airflow/example_dags/tutorial_taskflow_api.py took 0.055 seconds
[2023-09-19T13:53:24.720+0000] {processor.py:157} INFO - Started process (PID=5417) to work on /home/airflow/.local/lib/python3.8/site-packages/airflow/example_dags/tutorial_taskflow_api.py
[2023-09-19T13:53:24.720+0000] {processor.py:829} INFO - Processing file /home/airflow/.local/lib/python3.8/site-packages/airflow/example_dags/tutorial_taskflow_api.py for tasks to queue
[2023-09-19T13:53:24.721+0000] {logging_mixin.py:151} INFO - [2023-09-19T13:53:24.721+0000] {dagbag.py:539} INFO - Filling up the DagBag from /home/airflow/.local/lib/python3.8/site-packages/airflow/example_dags/tutorial_taskflow_api.py
[2023-09-19T13:53:24.727+0000] {processor.py:839} INFO - DAG(s) dict_keys(['tutorial_taskflow_api']) retrieved from /home/airflow/.local/lib/python3.8/site-packages/airflow/example_dags/tutorial_taskflow_api.py
[2023-09-19T13:53:24.745+0000] {logging_mixin.py:151} INFO - [2023-09-19T13:53:24.745+0000] {dag.py:2915} INFO - Sync 1 DAGs
[2023-09-19T13:53:24.753+0000] {logging_mixin.py:151} INFO - [2023-09-19T13:53:24.753+0000] {dag.py:3696} INFO - Setting next_dagrun for tutorial_taskflow_api to None, run_after=None
[2023-09-19T13:53:24.769+0000] {processor.py:179} INFO - Processing /home/airflow/.local/lib/python3.8/site-packages/airflow/example_dags/tutorial_taskflow_api.py took 0.052 seconds
[2023-09-19T13:53:54.997+0000] {processor.py:157} INFO - Started process (PID=5655) to work on /home/airflow/.local/lib/python3.8/site-packages/airflow/example_dags/tutorial_taskflow_api.py
[2023-09-19T13:53:55.000+0000] {processor.py:829} INFO - Processing file /home/airflow/.local/lib/python3.8/site-packages/airflow/example_dags/tutorial_taskflow_api.py for tasks to queue
[2023-09-19T13:53:55.001+0000] {logging_mixin.py:151} INFO - [2023-09-19T13:53:55.000+0000] {dagbag.py:539} INFO - Filling up the DagBag from /home/airflow/.local/lib/python3.8/site-packages/airflow/example_dags/tutorial_taskflow_api.py
[2023-09-19T13:53:55.007+0000] {processor.py:839} INFO - DAG(s) dict_keys(['tutorial_taskflow_api']) retrieved from /home/airflow/.local/lib/python3.8/site-packages/airflow/example_dags/tutorial_taskflow_api.py
[2023-09-19T13:53:55.022+0000] {logging_mixin.py:151} INFO - [2023-09-19T13:53:55.022+0000] {dag.py:2915} INFO - Sync 1 DAGs
[2023-09-19T13:53:55.030+0000] {logging_mixin.py:151} INFO - [2023-09-19T13:53:55.030+0000] {dag.py:3696} INFO - Setting next_dagrun for tutorial_taskflow_api to None, run_after=None
[2023-09-19T13:53:55.047+0000] {processor.py:179} INFO - Processing /home/airflow/.local/lib/python3.8/site-packages/airflow/example_dags/tutorial_taskflow_api.py took 0.052 seconds
[2023-09-19T13:54:25.383+0000] {processor.py:157} INFO - Started process (PID=5893) to work on /home/airflow/.local/lib/python3.8/site-packages/airflow/example_dags/tutorial_taskflow_api.py
[2023-09-19T13:54:25.384+0000] {processor.py:829} INFO - Processing file /home/airflow/.local/lib/python3.8/site-packages/airflow/example_dags/tutorial_taskflow_api.py for tasks to queue
[2023-09-19T13:54:25.385+0000] {logging_mixin.py:151} INFO - [2023-09-19T13:54:25.385+0000] {dagbag.py:539} INFO - Filling up the DagBag from /home/airflow/.local/lib/python3.8/site-packages/airflow/example_dags/tutorial_taskflow_api.py
[2023-09-19T13:54:25.391+0000] {processor.py:839} INFO - DAG(s) dict_keys(['tutorial_taskflow_api']) retrieved from /home/airflow/.local/lib/python3.8/site-packages/airflow/example_dags/tutorial_taskflow_api.py
[2023-09-19T13:54:25.405+0000] {logging_mixin.py:151} INFO - [2023-09-19T13:54:25.405+0000] {dag.py:2915} INFO - Sync 1 DAGs
[2023-09-19T13:54:25.413+0000] {logging_mixin.py:151} INFO - [2023-09-19T13:54:25.413+0000] {dag.py:3696} INFO - Setting next_dagrun for tutorial_taskflow_api to None, run_after=None
[2023-09-19T13:54:25.432+0000] {processor.py:179} INFO - Processing /home/airflow/.local/lib/python3.8/site-packages/airflow/example_dags/tutorial_taskflow_api.py took 0.051 seconds
[2023-09-19T13:54:55.807+0000] {processor.py:157} INFO - Started process (PID=6131) to work on /home/airflow/.local/lib/python3.8/site-packages/airflow/example_dags/tutorial_taskflow_api.py
[2023-09-19T13:54:55.808+0000] {processor.py:829} INFO - Processing file /home/airflow/.local/lib/python3.8/site-packages/airflow/example_dags/tutorial_taskflow_api.py for tasks to queue
[2023-09-19T13:54:55.809+0000] {logging_mixin.py:151} INFO - [2023-09-19T13:54:55.808+0000] {dagbag.py:539} INFO - Filling up the DagBag from /home/airflow/.local/lib/python3.8/site-packages/airflow/example_dags/tutorial_taskflow_api.py
[2023-09-19T13:54:55.815+0000] {processor.py:839} INFO - DAG(s) dict_keys(['tutorial_taskflow_api']) retrieved from /home/airflow/.local/lib/python3.8/site-packages/airflow/example_dags/tutorial_taskflow_api.py
[2023-09-19T13:54:55.832+0000] {logging_mixin.py:151} INFO - [2023-09-19T13:54:55.832+0000] {dag.py:2915} INFO - Sync 1 DAGs
[2023-09-19T13:54:55.843+0000] {logging_mixin.py:151} INFO - [2023-09-19T13:54:55.843+0000] {dag.py:3696} INFO - Setting next_dagrun for tutorial_taskflow_api to None, run_after=None
[2023-09-19T13:54:55.860+0000] {processor.py:179} INFO - Processing /home/airflow/.local/lib/python3.8/site-packages/airflow/example_dags/tutorial_taskflow_api.py took 0.055 seconds
[2023-09-19T13:55:26.095+0000] {processor.py:157} INFO - Started process (PID=6369) to work on /home/airflow/.local/lib/python3.8/site-packages/airflow/example_dags/tutorial_taskflow_api.py
[2023-09-19T13:55:26.096+0000] {processor.py:829} INFO - Processing file /home/airflow/.local/lib/python3.8/site-packages/airflow/example_dags/tutorial_taskflow_api.py for tasks to queue
[2023-09-19T13:55:26.096+0000] {logging_mixin.py:151} INFO - [2023-09-19T13:55:26.096+0000] {dagbag.py:539} INFO - Filling up the DagBag from /home/airflow/.local/lib/python3.8/site-packages/airflow/example_dags/tutorial_taskflow_api.py
[2023-09-19T13:55:26.102+0000] {processor.py:839} INFO - DAG(s) dict_keys(['tutorial_taskflow_api']) retrieved from /home/airflow/.local/lib/python3.8/site-packages/airflow/example_dags/tutorial_taskflow_api.py
[2023-09-19T13:55:26.120+0000] {logging_mixin.py:151} INFO - [2023-09-19T13:55:26.120+0000] {dag.py:2915} INFO - Sync 1 DAGs
[2023-09-19T13:55:26.129+0000] {logging_mixin.py:151} INFO - [2023-09-19T13:55:26.129+0000] {dag.py:3696} INFO - Setting next_dagrun for tutorial_taskflow_api to None, run_after=None
[2023-09-19T13:55:26.147+0000] {processor.py:179} INFO - Processing /home/airflow/.local/lib/python3.8/site-packages/airflow/example_dags/tutorial_taskflow_api.py took 0.055 seconds
[2023-09-19T13:55:56.228+0000] {processor.py:157} INFO - Started process (PID=6607) to work on /home/airflow/.local/lib/python3.8/site-packages/airflow/example_dags/tutorial_taskflow_api.py
[2023-09-19T13:55:56.229+0000] {processor.py:829} INFO - Processing file /home/airflow/.local/lib/python3.8/site-packages/airflow/example_dags/tutorial_taskflow_api.py for tasks to queue
[2023-09-19T13:55:56.229+0000] {logging_mixin.py:151} INFO - [2023-09-19T13:55:56.229+0000] {dagbag.py:539} INFO - Filling up the DagBag from /home/airflow/.local/lib/python3.8/site-packages/airflow/example_dags/tutorial_taskflow_api.py
[2023-09-19T13:55:56.233+0000] {processor.py:839} INFO - DAG(s) dict_keys(['tutorial_taskflow_api']) retrieved from /home/airflow/.local/lib/python3.8/site-packages/airflow/example_dags/tutorial_taskflow_api.py
[2023-09-19T13:55:56.251+0000] {logging_mixin.py:151} INFO - [2023-09-19T13:55:56.250+0000] {dag.py:2915} INFO - Sync 1 DAGs
[2023-09-19T13:55:56.260+0000] {logging_mixin.py:151} INFO - [2023-09-19T13:55:56.260+0000] {dag.py:3696} INFO - Setting next_dagrun for tutorial_taskflow_api to None, run_after=None
[2023-09-19T13:55:56.277+0000] {processor.py:179} INFO - Processing /home/airflow/.local/lib/python3.8/site-packages/airflow/example_dags/tutorial_taskflow_api.py took 0.051 seconds
[2023-09-19T13:56:26.411+0000] {processor.py:157} INFO - Started process (PID=6845) to work on /home/airflow/.local/lib/python3.8/site-packages/airflow/example_dags/tutorial_taskflow_api.py
[2023-09-19T13:56:26.412+0000] {processor.py:829} INFO - Processing file /home/airflow/.local/lib/python3.8/site-packages/airflow/example_dags/tutorial_taskflow_api.py for tasks to queue
[2023-09-19T13:56:26.413+0000] {logging_mixin.py:151} INFO - [2023-09-19T13:56:26.412+0000] {dagbag.py:539} INFO - Filling up the DagBag from /home/airflow/.local/lib/python3.8/site-packages/airflow/example_dags/tutorial_taskflow_api.py
[2023-09-19T13:56:26.417+0000] {processor.py:839} INFO - DAG(s) dict_keys(['tutorial_taskflow_api']) retrieved from /home/airflow/.local/lib/python3.8/site-packages/airflow/example_dags/tutorial_taskflow_api.py
[2023-09-19T13:56:26.430+0000] {logging_mixin.py:151} INFO - [2023-09-19T13:56:26.430+0000] {dag.py:2915} INFO - Sync 1 DAGs
[2023-09-19T13:56:26.439+0000] {logging_mixin.py:151} INFO - [2023-09-19T13:56:26.438+0000] {dag.py:3696} INFO - Setting next_dagrun for tutorial_taskflow_api to None, run_after=None
[2023-09-19T13:56:26.456+0000] {processor.py:179} INFO - Processing /home/airflow/.local/lib/python3.8/site-packages/airflow/example_dags/tutorial_taskflow_api.py took 0.047 seconds
[2023-09-19T13:56:56.701+0000] {processor.py:157} INFO - Started process (PID=7083) to work on /home/airflow/.local/lib/python3.8/site-packages/airflow/example_dags/tutorial_taskflow_api.py
[2023-09-19T13:56:56.701+0000] {processor.py:829} INFO - Processing file /home/airflow/.local/lib/python3.8/site-packages/airflow/example_dags/tutorial_taskflow_api.py for tasks to queue
[2023-09-19T13:56:56.702+0000] {logging_mixin.py:151} INFO - [2023-09-19T13:56:56.702+0000] {dagbag.py:539} INFO - Filling up the DagBag from /home/airflow/.local/lib/python3.8/site-packages/airflow/example_dags/tutorial_taskflow_api.py
[2023-09-19T13:56:56.706+0000] {processor.py:839} INFO - DAG(s) dict_keys(['tutorial_taskflow_api']) retrieved from /home/airflow/.local/lib/python3.8/site-packages/airflow/example_dags/tutorial_taskflow_api.py
[2023-09-19T13:56:56.721+0000] {logging_mixin.py:151} INFO - [2023-09-19T13:56:56.721+0000] {dag.py:2915} INFO - Sync 1 DAGs
[2023-09-19T13:56:56.731+0000] {logging_mixin.py:151} INFO - [2023-09-19T13:56:56.731+0000] {dag.py:3696} INFO - Setting next_dagrun for tutorial_taskflow_api to None, run_after=None
[2023-09-19T13:56:56.751+0000] {processor.py:179} INFO - Processing /home/airflow/.local/lib/python3.8/site-packages/airflow/example_dags/tutorial_taskflow_api.py took 0.053 seconds
[2023-09-19T13:57:27.067+0000] {processor.py:157} INFO - Started process (PID=7321) to work on /home/airflow/.local/lib/python3.8/site-packages/airflow/example_dags/tutorial_taskflow_api.py
[2023-09-19T13:57:27.069+0000] {processor.py:829} INFO - Processing file /home/airflow/.local/lib/python3.8/site-packages/airflow/example_dags/tutorial_taskflow_api.py for tasks to queue
[2023-09-19T13:57:27.070+0000] {logging_mixin.py:151} INFO - [2023-09-19T13:57:27.069+0000] {dagbag.py:539} INFO - Filling up the DagBag from /home/airflow/.local/lib/python3.8/site-packages/airflow/example_dags/tutorial_taskflow_api.py
[2023-09-19T13:57:27.076+0000] {processor.py:839} INFO - DAG(s) dict_keys(['tutorial_taskflow_api']) retrieved from /home/airflow/.local/lib/python3.8/site-packages/airflow/example_dags/tutorial_taskflow_api.py
[2023-09-19T13:57:27.096+0000] {logging_mixin.py:151} INFO - [2023-09-19T13:57:27.096+0000] {dag.py:2915} INFO - Sync 1 DAGs
[2023-09-19T13:57:27.115+0000] {logging_mixin.py:151} INFO - [2023-09-19T13:57:27.115+0000] {dag.py:3696} INFO - Setting next_dagrun for tutorial_taskflow_api to None, run_after=None
[2023-09-19T13:57:27.138+0000] {processor.py:179} INFO - Processing /home/airflow/.local/lib/python3.8/site-packages/airflow/example_dags/tutorial_taskflow_api.py took 0.074 seconds
[2023-09-19T13:57:57.428+0000] {processor.py:157} INFO - Started process (PID=7560) to work on /home/airflow/.local/lib/python3.8/site-packages/airflow/example_dags/tutorial_taskflow_api.py
[2023-09-19T13:57:57.429+0000] {processor.py:829} INFO - Processing file /home/airflow/.local/lib/python3.8/site-packages/airflow/example_dags/tutorial_taskflow_api.py for tasks to queue
[2023-09-19T13:57:57.430+0000] {logging_mixin.py:151} INFO - [2023-09-19T13:57:57.429+0000] {dagbag.py:539} INFO - Filling up the DagBag from /home/airflow/.local/lib/python3.8/site-packages/airflow/example_dags/tutorial_taskflow_api.py
[2023-09-19T13:57:57.436+0000] {processor.py:839} INFO - DAG(s) dict_keys(['tutorial_taskflow_api']) retrieved from /home/airflow/.local/lib/python3.8/site-packages/airflow/example_dags/tutorial_taskflow_api.py
[2023-09-19T13:57:57.452+0000] {logging_mixin.py:151} INFO - [2023-09-19T13:57:57.451+0000] {dag.py:2915} INFO - Sync 1 DAGs
[2023-09-19T13:57:57.462+0000] {logging_mixin.py:151} INFO - [2023-09-19T13:57:57.462+0000] {dag.py:3696} INFO - Setting next_dagrun for tutorial_taskflow_api to None, run_after=None
[2023-09-19T13:57:57.479+0000] {processor.py:179} INFO - Processing /home/airflow/.local/lib/python3.8/site-packages/airflow/example_dags/tutorial_taskflow_api.py took 0.053 seconds
[2023-09-19T13:58:27.824+0000] {processor.py:157} INFO - Started process (PID=7798) to work on /home/airflow/.local/lib/python3.8/site-packages/airflow/example_dags/tutorial_taskflow_api.py
[2023-09-19T13:58:27.825+0000] {processor.py:829} INFO - Processing file /home/airflow/.local/lib/python3.8/site-packages/airflow/example_dags/tutorial_taskflow_api.py for tasks to queue
[2023-09-19T13:58:27.825+0000] {logging_mixin.py:151} INFO - [2023-09-19T13:58:27.825+0000] {dagbag.py:539} INFO - Filling up the DagBag from /home/airflow/.local/lib/python3.8/site-packages/airflow/example_dags/tutorial_taskflow_api.py
[2023-09-19T13:58:27.830+0000] {processor.py:839} INFO - DAG(s) dict_keys(['tutorial_taskflow_api']) retrieved from /home/airflow/.local/lib/python3.8/site-packages/airflow/example_dags/tutorial_taskflow_api.py
[2023-09-19T13:58:27.845+0000] {logging_mixin.py:151} INFO - [2023-09-19T13:58:27.844+0000] {dag.py:2915} INFO - Sync 1 DAGs
[2023-09-19T13:58:27.853+0000] {logging_mixin.py:151} INFO - [2023-09-19T13:58:27.853+0000] {dag.py:3696} INFO - Setting next_dagrun for tutorial_taskflow_api to None, run_after=None
[2023-09-19T13:58:27.872+0000] {processor.py:179} INFO - Processing /home/airflow/.local/lib/python3.8/site-packages/airflow/example_dags/tutorial_taskflow_api.py took 0.050 seconds
[2023-09-19T13:58:57.940+0000] {processor.py:157} INFO - Started process (PID=8036) to work on /home/airflow/.local/lib/python3.8/site-packages/airflow/example_dags/tutorial_taskflow_api.py
[2023-09-19T13:58:57.941+0000] {processor.py:829} INFO - Processing file /home/airflow/.local/lib/python3.8/site-packages/airflow/example_dags/tutorial_taskflow_api.py for tasks to queue
[2023-09-19T13:58:57.942+0000] {logging_mixin.py:151} INFO - [2023-09-19T13:58:57.941+0000] {dagbag.py:539} INFO - Filling up the DagBag from /home/airflow/.local/lib/python3.8/site-packages/airflow/example_dags/tutorial_taskflow_api.py
[2023-09-19T13:58:57.947+0000] {processor.py:839} INFO - DAG(s) dict_keys(['tutorial_taskflow_api']) retrieved from /home/airflow/.local/lib/python3.8/site-packages/airflow/example_dags/tutorial_taskflow_api.py
[2023-09-19T13:58:57.962+0000] {logging_mixin.py:151} INFO - [2023-09-19T13:58:57.962+0000] {dag.py:2915} INFO - Sync 1 DAGs
[2023-09-19T13:58:57.970+0000] {logging_mixin.py:151} INFO - [2023-09-19T13:58:57.970+0000] {dag.py:3696} INFO - Setting next_dagrun for tutorial_taskflow_api to None, run_after=None
[2023-09-19T13:58:57.989+0000] {processor.py:179} INFO - Processing /home/airflow/.local/lib/python3.8/site-packages/airflow/example_dags/tutorial_taskflow_api.py took 0.052 seconds
[2023-09-19T13:59:28.171+0000] {processor.py:157} INFO - Started process (PID=8274) to work on /home/airflow/.local/lib/python3.8/site-packages/airflow/example_dags/tutorial_taskflow_api.py
[2023-09-19T13:59:28.171+0000] {processor.py:829} INFO - Processing file /home/airflow/.local/lib/python3.8/site-packages/airflow/example_dags/tutorial_taskflow_api.py for tasks to queue
[2023-09-19T13:59:28.172+0000] {logging_mixin.py:151} INFO - [2023-09-19T13:59:28.172+0000] {dagbag.py:539} INFO - Filling up the DagBag from /home/airflow/.local/lib/python3.8/site-packages/airflow/example_dags/tutorial_taskflow_api.py
[2023-09-19T13:59:28.178+0000] {processor.py:839} INFO - DAG(s) dict_keys(['tutorial_taskflow_api']) retrieved from /home/airflow/.local/lib/python3.8/site-packages/airflow/example_dags/tutorial_taskflow_api.py
[2023-09-19T13:59:28.195+0000] {logging_mixin.py:151} INFO - [2023-09-19T13:59:28.194+0000] {dag.py:2915} INFO - Sync 1 DAGs
[2023-09-19T13:59:28.204+0000] {logging_mixin.py:151} INFO - [2023-09-19T13:59:28.203+0000] {dag.py:3696} INFO - Setting next_dagrun for tutorial_taskflow_api to None, run_after=None
[2023-09-19T13:59:28.219+0000] {processor.py:179} INFO - Processing /home/airflow/.local/lib/python3.8/site-packages/airflow/example_dags/tutorial_taskflow_api.py took 0.050 seconds
